2020-12-14 18:05:05:833  磁钢信号预处理完成，位置标记：1
2020-12-14 18:05:05:849  温度分轮成功，分轮数尺度为：48
2020-12-14 18:05:05:911  轴承端盖温度特征值计算完成, 位置标记：1
2020-12-14 18:05:05:974  电机温度计算完成, 位置标记：1
2020-12-14 18:05:05:989  电机温度计算完成, 位置标记：1
2020-12-14 18:05:05:989  电机温度计算完成, 位置标记：1
2020-12-14 18:05:05:989  电机温度计算完成, 位置标记：1
2020-12-14 18:05:05:989  电机温度计算完成, 位置标记：1
2020-12-14 18:05:05:989  电机温度计算完成, 位置标记：1
2020-12-14 18:05:05:989  电机温度计算完成, 位置标记：1
2020-12-14 18:05:06:005  电机温度计算完成, 位置标记：1
2020-12-14 18:05:06:005  车速为：36.7673位置标记为：1
2020-12-14 18:05:06:021  振动分轮计算完成, 位置标记：1
2020-12-14 18:05:06:318  振动特征值计算完成, 位置标记：1
2020-12-14 18:05:06:364  磁钢信号预处理完成，位置标记：0
2020-12-14 18:05:06:380  温度分轮成功，分轮数尺度为：48
2020-12-14 18:05:06:443  轴承端盖温度特征值计算完成, 位置标记：0
2020-12-14 18:05:06:505  电机温度计算完成, 位置标记：0
2020-12-14 18:05:06:505  电机温度计算完成, 位置标记：0
2020-12-14 18:05:06:521  电机温度计算完成, 位置标记：0
2020-12-14 18:05:06:521  电机温度计算完成, 位置标记：0
2020-12-14 18:05:06:521  电机温度计算完成, 位置标记：0
2020-12-14 18:05:06:521  电机温度计算完成, 位置标记：0
2020-12-14 18:05:06:521  电机温度计算完成, 位置标记：0
2020-12-14 18:05:06:521  电机温度计算完成, 位置标记：0
2020-12-14 18:05:06:536  车速为：36.7673位置标记为：0
2020-12-14 18:05:06:552  振动分轮计算完成, 位置标记：0
2020-12-14 18:05:06:833  振动特征值计算完成, 位置标记：0
2020-12-14 18:14:41:958  磁钢信号预处理完成，位置标记：1
2020-12-14 18:14:41:958  温度分轮成功，分轮数尺度为：48
2020-12-14 18:14:42:021  轴承端盖温度特征值计算完成, 位置标记：1
2020-12-14 18:14:42:083  电机温度计算完成, 位置标记：1
2020-12-14 18:14:42:099  电机温度计算完成, 位置标记：1
2020-12-14 18:14:42:099  电机温度计算完成, 位置标记：1
2020-12-14 18:14:42:099  电机温度计算完成, 位置标记：1
2020-12-14 18:14:42:099  电机温度计算完成, 位置标记：1
2020-12-14 18:14:42:099  电机温度计算完成, 位置标记：1
2020-12-14 18:14:42:099  电机温度计算完成, 位置标记：1
2020-12-14 18:14:42:115  电机温度计算完成, 位置标记：1
2020-12-14 18:14:42:115  车速为：36.9313位置标记为：1
2020-12-14 18:14:42:130  振动分轮计算完成, 位置标记：1
2020-12-14 18:14:42:396  振动特征值计算完成, 位置标记：1
2020-12-14 18:14:42:443  磁钢信号预处理完成，位置标记：0
2020-12-14 18:14:42:443  温度分轮成功，分轮数尺度为：48
2020-12-14 18:14:42:505  轴承端盖温度特征值计算完成, 位置标记：0
2020-12-14 18:14:42:568  电机温度计算完成, 位置标记：0
2020-12-14 18:14:42:568  电机温度计算完成, 位置标记：0
2020-12-14 18:14:42:568  电机温度计算完成, 位置标记：0
2020-12-14 18:14:42:568  电机温度计算完成, 位置标记：0
2020-12-14 18:14:42:568  电机温度计算完成, 位置标记：0
2020-12-14 18:14:42:568  电机温度计算完成, 位置标记：0
2020-12-14 18:14:42:583  电机温度计算完成, 位置标记：0
2020-12-14 18:14:42:583  电机温度计算完成, 位置标记：0
2020-12-14 18:14:42:583  车速为：36.9313位置标记为：0
2020-12-14 18:14:42:599  振动分轮计算完成, 位置标记：0
2020-12-14 18:14:42:865  振动特征值计算完成, 位置标记：0
2020-12-14 18:25:04:432  磁钢信号预处理完成，位置标记：1
2020-12-14 18:25:04:432  温度分轮成功，分轮数尺度为：48
2020-12-14 18:25:04:511  轴承端盖温度特征值计算完成, 位置标记：1
2020-12-14 18:25:04:573  电机温度计算完成, 位置标记：1
2020-12-14 18:25:04:573  电机温度计算完成, 位置标记：1
2020-12-14 18:25:04:573  电机温度计算完成, 位置标记：1
2020-12-14 18:25:04:573  电机温度计算完成, 位置标记：1
2020-12-14 18:25:04:573  电机温度计算完成, 位置标记：1
2020-12-14 18:25:04:589  电机温度计算完成, 位置标记：1
2020-12-14 18:25:04:589  电机温度计算完成, 位置标记：1
2020-12-14 18:25:04:589  电机温度计算完成, 位置标记：1
2020-12-14 18:25:04:589  车速为：36.6696位置标记为：1
2020-12-14 18:25:04:604  振动分轮计算完成, 位置标记：1
2020-12-14 18:25:04:901  振动特征值计算完成, 位置标记：1
2020-12-14 18:25:04:948  磁钢信号预处理完成，位置标记：0
2020-12-14 18:25:04:964  温度分轮成功，分轮数尺度为：48
2020-12-14 18:25:05:026  轴承端盖温度特征值计算完成, 位置标记：0
2020-12-14 18:25:05:089  电机温度计算完成, 位置标记：0
2020-12-14 18:25:05:089  电机温度计算完成, 位置标记：0
2020-12-14 18:25:05:089  电机温度计算完成, 位置标记：0
2020-12-14 18:25:05:089  电机温度计算完成, 位置标记：0
2020-12-14 18:25:05:104  电机温度计算完成, 位置标记：0
2020-12-14 18:25:05:104  电机温度计算完成, 位置标记：0
2020-12-14 18:25:05:104  电机温度计算完成, 位置标记：0
2020-12-14 18:25:05:104  电机温度计算完成, 位置标记：0
2020-12-14 18:25:05:104  车速为：36.6696位置标记为：0
2020-12-14 18:25:05:120  振动分轮计算完成, 位置标记：0
2020-12-14 18:25:05:354  振动特征值计算完成, 位置标记：0
2020-12-14 18:35:19:967  磁钢信号预处理完成，位置标记：1
2020-12-14 18:35:19:983  温度分轮成功，分轮数尺度为：48
2020-12-14 18:35:20:061  轴承端盖温度特征值计算完成, 位置标记：1
2020-12-14 18:35:20:124  电机温度计算完成, 位置标记：1
2020-12-14 18:35:20:124  电机温度计算完成, 位置标记：1
2020-12-14 18:35:20:124  电机温度计算完成, 位置标记：1
2020-12-14 18:35:20:124  电机温度计算完成, 位置标记：1
2020-12-14 18:35:20:139  电机温度计算完成, 位置标记：1
2020-12-14 18:35:20:139  电机温度计算完成, 位置标记：1
2020-12-14 18:35:20:139  电机温度计算完成, 位置标记：1
2020-12-14 18:35:20:139  电机温度计算完成, 位置标记：1
2020-12-14 18:35:20:139  车速为：36.3796位置标记为：1
2020-12-14 18:35:20:171  振动分轮计算完成, 位置标记：1
2020-12-14 18:35:20:436  振动特征值计算完成, 位置标记：1
2020-12-14 18:35:20:499  磁钢信号预处理完成，位置标记：0
2020-12-14 18:35:20:499  温度分轮成功，分轮数尺度为：48
2020-12-14 18:35:20:577  轴承端盖温度特征值计算完成, 位置标记：0
2020-12-14 18:35:20:639  电机温度计算完成, 位置标记：0
2020-12-14 18:35:20:639  电机温度计算完成, 位置标记：0
2020-12-14 18:35:20:639  电机温度计算完成, 位置标记：0
2020-12-14 18:35:20:639  电机温度计算完成, 位置标记：0
2020-12-14 18:35:20:655  电机温度计算完成, 位置标记：0
2020-12-14 18:35:20:655  电机温度计算完成, 位置标记：0
2020-12-14 18:35:20:655  电机温度计算完成, 位置标记：0
2020-12-14 18:35:20:655  电机温度计算完成, 位置标记：0
2020-12-14 18:35:20:655  车速为：36.3796位置标记为：0
2020-12-14 18:35:20:686  振动分轮计算完成, 位置标记：0
2020-12-14 18:35:20:967  振动特征值计算完成, 位置标记：0
2020-12-14 18:44:57:690  磁钢信号预处理完成，位置标记：1
2020-12-14 18:44:57:705  温度分轮成功，分轮数尺度为：48
2020-12-14 18:44:57:768  轴承端盖温度特征值计算完成, 位置标记：1
2020-12-14 18:44:57:830  电机温度计算完成, 位置标记：1
2020-12-14 18:44:57:830  电机温度计算完成, 位置标记：1
2020-12-14 18:44:57:830  电机温度计算完成, 位置标记：1
2020-12-14 18:44:57:830  电机温度计算完成, 位置标记：1
2020-12-14 18:44:57:846  电机温度计算完成, 位置标记：1
2020-12-14 18:44:57:846  电机温度计算完成, 位置标记：1
2020-12-14 18:44:57:846  电机温度计算完成, 位置标记：1
2020-12-14 18:44:57:846  电机温度计算完成, 位置标记：1
2020-12-14 18:44:57:846  车速为：36.6696位置标记为：1
2020-12-14 18:44:57:877  振动有效标记位计算异常，位置标记为：1
2020-12-14 18:44:57:924  磁钢信号预处理完成，位置标记：0
2020-12-14 18:44:57:940  温度分轮成功，分轮数尺度为：48
2020-12-14 18:44:58:002  轴承端盖温度特征值计算完成, 位置标记：0
2020-12-14 18:44:58:065  电机温度计算完成, 位置标记：0
2020-12-14 18:44:58:065  电机温度计算完成, 位置标记：0
2020-12-14 18:44:58:065  电机温度计算完成, 位置标记：0
2020-12-14 18:44:58:080  电机温度计算完成, 位置标记：0
2020-12-14 18:44:58:080  电机温度计算完成, 位置标记：0
2020-12-14 18:44:58:080  电机温度计算完成, 位置标记：0
2020-12-14 18:44:58:080  电机温度计算完成, 位置标记：0
2020-12-14 18:44:58:080  电机温度计算完成, 位置标记：0
2020-12-14 18:44:58:080  车速为：36.6696位置标记为：0
2020-12-14 18:44:58:111  振动有效标记位计算异常，位置标记为：0
2020-12-14 18:54:55:683  磁钢信号预处理完成，位置标记：1
2020-12-14 18:54:55:698  温度分轮成功，分轮数尺度为：48
2020-12-14 18:54:55:761  轴承端盖温度特征值计算完成, 位置标记：1
2020-12-14 18:54:55:823  电机温度计算完成, 位置标记：1
2020-12-14 18:54:55:823  电机温度计算完成, 位置标记：1
2020-12-14 18:54:55:839  电机温度计算完成, 位置标记：1
2020-12-14 18:54:55:839  电机温度计算完成, 位置标记：1
2020-12-14 18:54:55:839  电机温度计算完成, 位置标记：1
2020-12-14 18:54:55:839  电机温度计算完成, 位置标记：1
2020-12-14 18:54:55:839  电机温度计算完成, 位置标记：1
2020-12-14 18:54:55:855  电机温度计算完成, 位置标记：1
2020-12-14 18:54:55:855  车速为：36.4437位置标记为：1
2020-12-14 18:54:55:870  振动分轮计算完成, 位置标记：1
2020-12-14 18:54:56:151  振动特征值计算完成, 位置标记：1
2020-12-14 18:54:56:198  磁钢信号预处理完成，位置标记：0
2020-12-14 18:54:56:214  温度分轮成功，分轮数尺度为：48
2020-12-14 18:54:56:276  轴承端盖温度特征值计算完成, 位置标记：0
2020-12-14 18:54:56:355  电机温度计算完成, 位置标记：0
2020-12-14 18:54:56:355  电机温度计算完成, 位置标记：0
2020-12-14 18:54:56:355  电机温度计算完成, 位置标记：0
2020-12-14 18:54:56:355  电机温度计算完成, 位置标记：0
2020-12-14 18:54:56:355  电机温度计算完成, 位置标记：0
2020-12-14 18:54:56:370  电机温度计算完成, 位置标记：0
2020-12-14 18:54:56:370  电机温度计算完成, 位置标记：0
2020-12-14 18:54:56:370  电机温度计算完成, 位置标记：0
2020-12-14 18:54:56:370  车速为：36.4437位置标记为：0
2020-12-14 18:54:56:386  振动分轮计算完成, 位置标记：0
2020-12-14 18:54:56:667  振动特征值计算完成, 位置标记：0
