2020-12-23 17:04:29:505  磁钢信号预处理完成，位置标记：1
2020-12-23 17:04:29:518  温度分轮成功，分轮数尺度为：48
2020-12-23 17:04:29:584  轴承端盖温度特征值计算完成, 位置标记：1
2020-12-23 17:04:29:645  电机温度计算完成, 位置标记：1
2020-12-23 17:04:29:648  电机温度计算完成, 位置标记：1
2020-12-23 17:04:29:651  电机温度计算完成, 位置标记：1
2020-12-23 17:04:29:654  电机温度计算完成, 位置标记：1
2020-12-23 17:04:29:657  电机温度计算完成, 位置标记：1
2020-12-23 17:04:29:659  电机温度计算完成, 位置标记：1
2020-12-23 17:04:29:662  电机温度计算完成, 位置标记：1
2020-12-23 17:04:29:664  电机温度计算完成, 位置标记：1
2020-12-23 17:04:29:666  车速为：36.751位置标记为：1
2020-12-23 17:04:29:688  振动分轮计算完成, 位置标记：1
2020-12-23 17:04:29:976  振动特征值计算完成, 位置标记：1
2020-12-23 17:04:30:031  磁钢信号预处理完成，位置标记：0
2020-12-23 17:04:30:043  温度分轮成功，分轮数尺度为：48
2020-12-23 17:04:30:109  轴承端盖温度特征值计算完成, 位置标记：0
2020-12-23 17:04:30:178  电机温度计算完成, 位置标记：0
2020-12-23 17:04:30:181  电机温度计算完成, 位置标记：0
2020-12-23 17:04:30:184  电机温度计算完成, 位置标记：0
2020-12-23 17:04:30:188  电机温度计算完成, 位置标记：0
2020-12-23 17:04:30:191  电机温度计算完成, 位置标记：0
2020-12-23 17:04:30:194  电机温度计算完成, 位置标记：0
2020-12-23 17:04:30:196  电机温度计算完成, 位置标记：0
2020-12-23 17:04:30:199  电机温度计算完成, 位置标记：0
2020-12-23 17:04:30:201  车速为：36.751位置标记为：0
2020-12-23 17:04:30:224  振动分轮计算完成, 位置标记：0
2020-12-23 17:04:30:511  振动特征值计算完成, 位置标记：0
2020-12-23 17:15:11:701  磁钢信号预处理完成，位置标记：1
2020-12-23 17:15:11:714  温度分轮成功，分轮数尺度为：48
2020-12-23 17:15:11:781  轴承端盖温度特征值计算完成, 位置标记：1
2020-12-23 17:15:11:847  电机温度计算完成, 位置标记：1
2020-12-23 17:15:11:851  电机温度计算完成, 位置标记：1
2020-12-23 17:15:11:854  电机温度计算完成, 位置标记：1
2020-12-23 17:15:11:857  电机温度计算完成, 位置标记：1
2020-12-23 17:15:11:860  电机温度计算完成, 位置标记：1
2020-12-23 17:15:11:863  电机温度计算完成, 位置标记：1
2020-12-23 17:15:11:867  电机温度计算完成, 位置标记：1
2020-12-23 17:15:11:869  电机温度计算完成, 位置标记：1
2020-12-23 17:15:11:871  车速为：36.4918位置标记为：1
2020-12-23 17:15:11:895  振动分轮计算完成, 位置标记：1
2020-12-23 17:15:12:186  振动特征值计算完成, 位置标记：1
2020-12-23 17:15:12:241  磁钢信号预处理完成，位置标记：0
2020-12-23 17:15:12:254  温度分轮成功，分轮数尺度为：48
2020-12-23 17:15:12:320  轴承端盖温度特征值计算完成, 位置标记：0
2020-12-23 17:15:12:385  电机温度计算完成, 位置标记：0
2020-12-23 17:15:12:389  电机温度计算完成, 位置标记：0
2020-12-23 17:15:12:393  电机温度计算完成, 位置标记：0
2020-12-23 17:15:12:396  电机温度计算完成, 位置标记：0
2020-12-23 17:15:12:399  电机温度计算完成, 位置标记：0
2020-12-23 17:15:12:401  电机温度计算完成, 位置标记：0
2020-12-23 17:15:12:404  电机温度计算完成, 位置标记：0
2020-12-23 17:15:12:407  电机温度计算完成, 位置标记：0
2020-12-23 17:15:12:409  车速为：36.4918位置标记为：0
2020-12-23 17:15:12:432  振动分轮计算完成, 位置标记：0
2020-12-23 17:15:12:723  振动特征值计算完成, 位置标记：0
2020-12-23 17:25:09:319  磁钢信号预处理完成，位置标记：1
2020-12-23 17:25:09:331  温度分轮成功，分轮数尺度为：48
2020-12-23 17:25:09:396  轴承端盖温度特征值计算完成, 位置标记：1
2020-12-23 17:25:09:469  电机温度计算完成, 位置标记：1
2020-12-23 17:25:09:486  电机温度计算完成, 位置标记：1
2020-12-23 17:25:09:498  电机温度计算完成, 位置标记：1
2020-12-23 17:25:09:512  电机温度计算完成, 位置标记：1
2020-12-23 17:25:09:519  电机温度计算完成, 位置标记：1
2020-12-23 17:25:09:538  电机温度计算完成, 位置标记：1
2020-12-23 17:25:09:559  电机温度计算完成, 位置标记：1
2020-12-23 17:25:09:565  电机温度计算完成, 位置标记：1
2020-12-23 17:25:09:567  车速为：36.7021位置标记为：1
2020-12-23 17:25:09:588  振动分轮计算完成, 位置标记：1
2020-12-23 17:25:09:862  振动特征值计算完成, 位置标记：1
2020-12-23 17:25:09:916  磁钢信号预处理完成，位置标记：0
2020-12-23 17:25:09:929  温度分轮成功，分轮数尺度为：48
2020-12-23 17:25:09:991  轴承端盖温度特征值计算完成, 位置标记：0
2020-12-23 17:25:10:055  电机温度计算完成, 位置标记：0
2020-12-23 17:25:10:059  电机温度计算完成, 位置标记：0
2020-12-23 17:25:10:062  电机温度计算完成, 位置标记：0
2020-12-23 17:25:10:065  电机温度计算完成, 位置标记：0
2020-12-23 17:25:10:068  电机温度计算完成, 位置标记：0
2020-12-23 17:25:10:071  电机温度计算完成, 位置标记：0
2020-12-23 17:25:10:074  电机温度计算完成, 位置标记：0
2020-12-23 17:25:10:076  电机温度计算完成, 位置标记：0
2020-12-23 17:25:10:078  车速为：36.7021位置标记为：0
2020-12-23 17:25:10:101  振动分轮计算完成, 位置标记：0
2020-12-23 17:25:10:391  振动特征值计算完成, 位置标记：0
2020-12-23 17:34:52:545  磁钢信号预处理完成，位置标记：1
2020-12-23 17:34:52:558  温度分轮成功，分轮数尺度为：48
2020-12-23 17:34:52:625  轴承端盖温度特征值计算完成, 位置标记：1
2020-12-23 17:34:52:689  电机温度计算完成, 位置标记：1
2020-12-23 17:34:52:693  电机温度计算完成, 位置标记：1
2020-12-23 17:34:52:696  电机温度计算完成, 位置标记：1
2020-12-23 17:34:52:699  电机温度计算完成, 位置标记：1
2020-12-23 17:34:52:702  电机温度计算完成, 位置标记：1
2020-12-23 17:34:52:705  电机温度计算完成, 位置标记：1
2020-12-23 17:34:52:708  电机温度计算完成, 位置标记：1
2020-12-23 17:34:52:710  电机温度计算完成, 位置标记：1
2020-12-23 17:34:52:712  车速为：36.4116位置标记为：1
2020-12-23 17:34:52:735  振动分轮计算完成, 位置标记：1
2020-12-23 17:34:53:034  振动特征值计算完成, 位置标记：1
2020-12-23 17:34:53:089  磁钢信号预处理完成，位置标记：0
2020-12-23 17:34:53:101  温度分轮成功，分轮数尺度为：48
2020-12-23 17:34:53:164  轴承端盖温度特征值计算完成, 位置标记：0
2020-12-23 17:34:53:221  电机温度计算完成, 位置标记：0
2020-12-23 17:34:53:224  电机温度计算完成, 位置标记：0
2020-12-23 17:34:53:228  电机温度计算完成, 位置标记：0
2020-12-23 17:34:53:231  电机温度计算完成, 位置标记：0
2020-12-23 17:34:53:234  电机温度计算完成, 位置标记：0
2020-12-23 17:34:53:237  电机温度计算完成, 位置标记：0
2020-12-23 17:34:53:240  电机温度计算完成, 位置标记：0
2020-12-23 17:34:53:242  电机温度计算完成, 位置标记：0
2020-12-23 17:34:53:244  车速为：36.4116位置标记为：0
2020-12-23 17:34:53:267  振动分轮计算完成, 位置标记：0
2020-12-23 17:34:53:547  振动特征值计算完成, 位置标记：0
2020-12-23 17:44:44:131  磁钢信号预处理完成，位置标记：1
2020-12-23 17:44:44:142  温度分轮成功，分轮数尺度为：48
2020-12-23 17:44:44:195  轴承端盖温度特征值计算完成, 位置标记：1
2020-12-23 17:44:44:246  电机温度计算完成, 位置标记：1
2020-12-23 17:44:44:249  电机温度计算完成, 位置标记：1
2020-12-23 17:44:44:251  电机温度计算完成, 位置标记：1
2020-12-23 17:44:44:254  电机温度计算完成, 位置标记：1
2020-12-23 17:44:44:256  电机温度计算完成, 位置标记：1
2020-12-23 17:44:44:258  电机温度计算完成, 位置标记：1
2020-12-23 17:44:44:260  电机温度计算完成, 位置标记：1
2020-12-23 17:44:44:263  电机温度计算完成, 位置标记：1
2020-12-23 17:44:44:264  车速为：36.6534位置标记为：1
2020-12-23 17:44:44:287  振动分轮计算完成, 位置标记：1
2020-12-23 17:44:44:564  振动特征值计算完成, 位置标记：1
2020-12-23 17:44:44:616  磁钢信号预处理完成，位置标记：0
2020-12-23 17:44:44:627  温度分轮成功，分轮数尺度为：48
2020-12-23 17:44:44:689  轴承端盖温度特征值计算完成, 位置标记：0
2020-12-23 17:44:44:745  电机温度计算完成, 位置标记：0
2020-12-23 17:44:44:748  电机温度计算完成, 位置标记：0
2020-12-23 17:44:44:751  电机温度计算完成, 位置标记：0
2020-12-23 17:44:44:753  电机温度计算完成, 位置标记：0
2020-12-23 17:44:44:756  电机温度计算完成, 位置标记：0
2020-12-23 17:44:44:758  电机温度计算完成, 位置标记：0
2020-12-23 17:44:44:760  电机温度计算完成, 位置标记：0
2020-12-23 17:44:44:763  电机温度计算完成, 位置标记：0
2020-12-23 17:44:44:764  车速为：36.6534位置标记为：0
2020-12-23 17:44:44:787  振动分轮计算完成, 位置标记：0
2020-12-23 17:44:45:075  振动特征值计算完成, 位置标记：0
2020-12-23 17:55:01:862  磁钢信号预处理完成，位置标记：1
2020-12-23 17:55:01:873  温度分轮成功，分轮数尺度为：48
2020-12-23 17:55:01:940  轴承端盖温度特征值计算完成, 位置标记：1
2020-12-23 17:55:02:006  电机温度计算完成, 位置标记：1
2020-12-23 17:55:02:009  电机温度计算完成, 位置标记：1
2020-12-23 17:55:02:012  电机温度计算完成, 位置标记：1
2020-12-23 17:55:02:015  电机温度计算完成, 位置标记：1
2020-12-23 17:55:02:018  电机温度计算完成, 位置标记：1
2020-12-23 17:55:02:021  电机温度计算完成, 位置标记：1
2020-12-23 17:55:02:024  电机温度计算完成, 位置标记：1
2020-12-23 17:55:02:026  电机温度计算完成, 位置标记：1
2020-12-23 17:55:02:028  车速为：36.7347位置标记为：1
2020-12-23 17:55:02:048  振动分轮计算完成, 位置标记：1
2020-12-23 17:55:02:283  振动特征值计算完成, 位置标记：1
2020-12-23 17:55:02:329  磁钢信号预处理完成，位置标记：0
2020-12-23 17:55:02:338  温度分轮成功，分轮数尺度为：48
2020-12-23 17:55:02:391  轴承端盖温度特征值计算完成, 位置标记：0
2020-12-23 17:55:02:456  电机温度计算完成, 位置标记：0
2020-12-23 17:55:02:459  电机温度计算完成, 位置标记：0
2020-12-23 17:55:02:462  电机温度计算完成, 位置标记：0
2020-12-23 17:55:02:465  电机温度计算完成, 位置标记：0
2020-12-23 17:55:02:468  电机温度计算完成, 位置标记：0
2020-12-23 17:55:02:471  电机温度计算完成, 位置标记：0
2020-12-23 17:55:02:474  电机温度计算完成, 位置标记：0
2020-12-23 17:55:02:476  电机温度计算完成, 位置标记：0
2020-12-23 17:55:02:478  车速为：36.7347位置标记为：0
2020-12-23 17:55:02:501  振动分轮计算完成, 位置标记：0
2020-12-23 17:55:02:787  振动特征值计算完成, 位置标记：0
