2020-12-29 17:04:34:251  磁钢信号预处理完成，位置标记：1
2020-12-29 17:04:34:264  温度分轮成功，分轮数尺度为：48
2020-12-29 17:04:34:331  轴承端盖温度特征值计算完成, 位置标记：1
2020-12-29 17:04:34:396  电机温度计算完成, 位置标记：1
2020-12-29 17:04:34:399  电机温度计算完成, 位置标记：1
2020-12-29 17:04:34:402  电机温度计算完成, 位置标记：1
2020-12-29 17:04:34:405  电机温度计算完成, 位置标记：1
2020-12-29 17:04:34:408  电机温度计算完成, 位置标记：1
2020-12-29 17:04:34:411  电机温度计算完成, 位置标记：1
2020-12-29 17:04:34:414  电机温度计算完成, 位置标记：1
2020-12-29 17:04:34:416  电机温度计算完成, 位置标记：1
2020-12-29 17:04:34:418  车速为：36.5886位置标记为：1
2020-12-29 17:04:34:441  振动分轮计算完成, 位置标记：1
2020-12-29 17:04:34:722  振动特征值计算完成, 位置标记：1
2020-12-29 17:04:34:778  磁钢信号预处理完成，位置标记：0
2020-12-29 17:04:34:791  温度分轮成功，分轮数尺度为：48
2020-12-29 17:04:34:858  轴承端盖温度特征值计算完成, 位置标记：0
2020-12-29 17:04:34:922  电机温度计算完成, 位置标记：0
2020-12-29 17:04:34:926  电机温度计算完成, 位置标记：0
2020-12-29 17:04:34:929  电机温度计算完成, 位置标记：0
2020-12-29 17:04:34:932  电机温度计算完成, 位置标记：0
2020-12-29 17:04:34:935  电机温度计算完成, 位置标记：0
2020-12-29 17:04:34:938  电机温度计算完成, 位置标记：0
2020-12-29 17:04:34:940  电机温度计算完成, 位置标记：0
2020-12-29 17:04:34:943  电机温度计算完成, 位置标记：0
2020-12-29 17:04:34:945  车速为：36.5886位置标记为：0
2020-12-29 17:04:34:968  振动分轮计算完成, 位置标记：0
2020-12-29 17:04:35:234  振动特征值计算完成, 位置标记：0
2020-12-29 17:14:58:042  磁钢信号预处理完成，位置标记：1
2020-12-29 17:14:58:051  温度分轮成功，分轮数尺度为：48
2020-12-29 17:14:58:107  轴承端盖温度特征值计算完成, 位置标记：1
2020-12-29 17:14:58:172  电机温度计算完成, 位置标记：1
2020-12-29 17:14:58:175  电机温度计算完成, 位置标记：1
2020-12-29 17:14:58:178  电机温度计算完成, 位置标记：1
2020-12-29 17:14:58:182  电机温度计算完成, 位置标记：1
2020-12-29 17:14:58:185  电机温度计算完成, 位置标记：1
2020-12-29 17:14:58:187  电机温度计算完成, 位置标记：1
2020-12-29 17:14:58:190  电机温度计算完成, 位置标记：1
2020-12-29 17:14:58:193  电机温度计算完成, 位置标记：1
2020-12-29 17:14:58:194  车速为：36.5886位置标记为：1
2020-12-29 17:14:58:211  振动分轮计算完成, 位置标记：1
2020-12-29 17:14:58:419  振动特征值计算完成, 位置标记：1
2020-12-29 17:14:58:460  磁钢信号预处理完成，位置标记：0
2020-12-29 17:14:58:472  温度分轮成功，分轮数尺度为：48
2020-12-29 17:14:58:525  轴承端盖温度特征值计算完成, 位置标记：0
2020-12-29 17:14:58:573  电机温度计算完成, 位置标记：0
2020-12-29 17:14:58:575  电机温度计算完成, 位置标记：0
2020-12-29 17:14:58:578  电机温度计算完成, 位置标记：0
2020-12-29 17:14:58:580  电机温度计算完成, 位置标记：0
2020-12-29 17:14:58:582  电机温度计算完成, 位置标记：0
2020-12-29 17:14:58:584  电机温度计算完成, 位置标记：0
2020-12-29 17:14:58:586  电机温度计算完成, 位置标记：0
2020-12-29 17:14:58:587  电机温度计算完成, 位置标记：0
2020-12-29 17:14:58:589  车速为：36.5886位置标记为：0
2020-12-29 17:14:58:605  振动分轮计算完成, 位置标记：0
2020-12-29 17:14:58:808  振动特征值计算完成, 位置标记：0
2020-12-29 17:24:54:021  磁钢信号预处理完成，位置标记：1
2020-12-29 17:24:54:030  温度分轮成功，分轮数尺度为：48
2020-12-29 17:24:54:079  轴承端盖温度特征值计算完成, 位置标记：1
2020-12-29 17:24:54:124  电机温度计算完成, 位置标记：1
2020-12-29 17:24:54:127  电机温度计算完成, 位置标记：1
2020-12-29 17:24:54:129  电机温度计算完成, 位置标记：1
2020-12-29 17:24:54:131  电机温度计算完成, 位置标记：1
2020-12-29 17:24:54:133  电机温度计算完成, 位置标记：1
2020-12-29 17:24:54:135  电机温度计算完成, 位置标记：1
2020-12-29 17:24:54:138  电机温度计算完成, 位置标记：1
2020-12-29 17:24:54:140  电机温度计算完成, 位置标记：1
2020-12-29 17:24:54:142  车速为：36.7021位置标记为：1
2020-12-29 17:24:54:165  振动分轮计算完成, 位置标记：1
2020-12-29 17:24:54:386  振动特征值计算完成, 位置标记：1
2020-12-29 17:24:54:427  磁钢信号预处理完成，位置标记：0
2020-12-29 17:24:54:436  温度分轮成功，分轮数尺度为：48
2020-12-29 17:24:54:487  轴承端盖温度特征值计算完成, 位置标记：0
2020-12-29 17:24:54:537  电机温度计算完成, 位置标记：0
2020-12-29 17:24:54:540  电机温度计算完成, 位置标记：0
2020-12-29 17:24:54:543  电机温度计算完成, 位置标记：0
2020-12-29 17:24:54:546  电机温度计算完成, 位置标记：0
2020-12-29 17:24:54:548  电机温度计算完成, 位置标记：0
2020-12-29 17:24:54:550  电机温度计算完成, 位置标记：0
2020-12-29 17:24:54:553  电机温度计算完成, 位置标记：0
2020-12-29 17:24:54:555  电机温度计算完成, 位置标记：0
2020-12-29 17:24:54:557  车速为：36.7021位置标记为：0
2020-12-29 17:24:54:580  振动分轮计算完成, 位置标记：0
2020-12-29 17:24:54:866  振动特征值计算完成, 位置标记：0
2020-12-29 17:35:08:975  磁钢信号预处理完成，位置标记：1
2020-12-29 17:35:08:984  温度分轮成功，分轮数尺度为：48
2020-12-29 17:35:09:030  轴承端盖温度特征值计算完成, 位置标记：1
2020-12-29 17:35:09:075  电机温度计算完成, 位置标记：1
2020-12-29 17:35:09:078  电机温度计算完成, 位置标记：1
2020-12-29 17:35:09:080  电机温度计算完成, 位置标记：1
2020-12-29 17:35:09:082  电机温度计算完成, 位置标记：1
2020-12-29 17:35:09:084  电机温度计算完成, 位置标记：1
2020-12-29 17:35:09:086  电机温度计算完成, 位置标记：1
2020-12-29 17:35:09:089  电机温度计算完成, 位置标记：1
2020-12-29 17:35:09:091  电机温度计算完成, 位置标记：1
2020-12-29 17:35:09:093  车速为：36.7021位置标记为：1
2020-12-29 17:35:09:116  振动分轮计算完成, 位置标记：1
2020-12-29 17:35:09:396  振动特征值计算完成, 位置标记：1
2020-12-29 17:35:09:447  磁钢信号预处理完成，位置标记：0
2020-12-29 17:35:09:457  温度分轮成功，分轮数尺度为：48
2020-12-29 17:35:09:514  轴承端盖温度特征值计算完成, 位置标记：0
2020-12-29 17:35:09:568  电机温度计算完成, 位置标记：0
2020-12-29 17:35:09:571  电机温度计算完成, 位置标记：0
2020-12-29 17:35:09:575  电机温度计算完成, 位置标记：0
2020-12-29 17:35:09:577  电机温度计算完成, 位置标记：0
2020-12-29 17:35:09:580  电机温度计算完成, 位置标记：0
2020-12-29 17:35:09:584  电机温度计算完成, 位置标记：0
2020-12-29 17:35:09:587  电机温度计算完成, 位置标记：0
2020-12-29 17:35:09:589  电机温度计算完成, 位置标记：0
2020-12-29 17:35:09:591  车速为：36.7021位置标记为：0
2020-12-29 17:35:09:614  振动分轮计算完成, 位置标记：0
2020-12-29 17:35:09:878  振动特征值计算完成, 位置标记：0
2020-12-29 17:45:09:681  磁钢信号预处理完成，位置标记：1
2020-12-29 17:45:09:691  温度分轮成功，分轮数尺度为：48
2020-12-29 17:45:09:743  轴承端盖温度特征值计算完成, 位置标记：1
2020-12-29 17:45:09:804  电机温度计算完成, 位置标记：1
2020-12-29 17:45:09:808  电机温度计算完成, 位置标记：1
2020-12-29 17:45:09:811  电机温度计算完成, 位置标记：1
2020-12-29 17:45:09:814  电机温度计算完成, 位置标记：1
2020-12-29 17:45:09:817  电机温度计算完成, 位置标记：1
2020-12-29 17:45:09:819  电机温度计算完成, 位置标记：1
2020-12-29 17:45:09:821  电机温度计算完成, 位置标记：1
2020-12-29 17:45:09:823  电机温度计算完成, 位置标记：1
2020-12-29 17:45:09:825  车速为：36.751位置标记为：1
2020-12-29 17:45:09:841  振动分轮计算完成, 位置标记：1
2020-12-29 17:45:10:043  振动特征值计算完成, 位置标记：1
2020-12-29 17:45:10:085  磁钢信号预处理完成，位置标记：0
2020-12-29 17:45:10:094  温度分轮成功，分轮数尺度为：48
2020-12-29 17:45:10:155  轴承端盖温度特征值计算完成, 位置标记：0
2020-12-29 17:45:10:215  电机温度计算完成, 位置标记：0
2020-12-29 17:45:10:218  电机温度计算完成, 位置标记：0
2020-12-29 17:45:10:221  电机温度计算完成, 位置标记：0
2020-12-29 17:45:10:223  电机温度计算完成, 位置标记：0
2020-12-29 17:45:10:226  电机温度计算完成, 位置标记：0
2020-12-29 17:45:10:228  电机温度计算完成, 位置标记：0
2020-12-29 17:45:10:230  电机温度计算完成, 位置标记：0
2020-12-29 17:45:10:233  电机温度计算完成, 位置标记：0
2020-12-29 17:45:10:234  车速为：36.751位置标记为：0
2020-12-29 17:45:10:254  振动分轮计算完成, 位置标记：0
2020-12-29 17:45:10:499  振动特征值计算完成, 位置标记：0
2020-12-29 17:54:56:400  磁钢信号预处理完成，位置标记：1
2020-12-29 17:54:56:409  温度分轮成功，分轮数尺度为：48
2020-12-29 17:54:56:459  轴承端盖温度特征值计算完成, 位置标记：1
2020-12-29 17:54:56:507  电机温度计算完成, 位置标记：1
2020-12-29 17:54:56:510  电机温度计算完成, 位置标记：1
2020-12-29 17:54:56:512  电机温度计算完成, 位置标记：1
2020-12-29 17:54:56:514  电机温度计算完成, 位置标记：1
2020-12-29 17:54:56:516  电机温度计算完成, 位置标记：1
2020-12-29 17:54:56:518  电机温度计算完成, 位置标记：1
2020-12-29 17:54:56:520  电机温度计算完成, 位置标记：1
2020-12-29 17:54:56:522  电机温度计算完成, 位置标记：1
2020-12-29 17:54:56:524  车速为：36.6696位置标记为：1
2020-12-29 17:54:56:547  振动分轮计算完成, 位置标记：1
2020-12-29 17:54:56:774  振动特征值计算完成, 位置标记：1
2020-12-29 17:54:56:815  磁钢信号预处理完成，位置标记：0
2020-12-29 17:54:56:823  温度分轮成功，分轮数尺度为：48
2020-12-29 17:54:56:869  轴承端盖温度特征值计算完成, 位置标记：0
2020-12-29 17:54:56:914  电机温度计算完成, 位置标记：0
2020-12-29 17:54:56:916  电机温度计算完成, 位置标记：0
2020-12-29 17:54:56:919  电机温度计算完成, 位置标记：0
2020-12-29 17:54:56:921  电机温度计算完成, 位置标记：0
2020-12-29 17:54:56:923  电机温度计算完成, 位置标记：0
2020-12-29 17:54:56:925  电机温度计算完成, 位置标记：0
2020-12-29 17:54:56:927  电机温度计算完成, 位置标记：0
2020-12-29 17:54:56:928  电机温度计算完成, 位置标记：0
2020-12-29 17:54:56:930  车速为：36.6696位置标记为：0
2020-12-29 17:54:56:946  振动分轮计算完成, 位置标记：0
2020-12-29 17:54:57:147  振动特征值计算完成, 位置标记：0
