2020-12-25 22:27:35:646  磁钢信号预处理完成，位置标记：1
2020-12-25 22:27:35:652  温度分轮成功，分轮数尺度为：48
2020-12-25 22:27:35:674  轴承端盖温度特征值计算完成, 位置标记：1
2020-12-25 22:27:35:694  电机温度计算完成, 位置标记：1
2020-12-25 22:27:35:698  电机温度计算完成, 位置标记：1
2020-12-25 22:27:35:700  电机温度计算完成, 位置标记：1
2020-12-25 22:27:35:704  电机温度计算完成, 位置标记：1
2020-12-25 22:27:35:706  电机温度计算完成, 位置标记：1
2020-12-25 22:27:35:710  电机温度计算完成, 位置标记：1
2020-12-25 22:27:35:712  电机温度计算完成, 位置标记：1
2020-12-25 22:27:35:714  电机温度计算完成, 位置标记：1
2020-12-25 22:27:35:716  车速为：36.8327位置标记为：1
2020-12-25 22:27:35:728  振动分轮计算完成, 位置标记：1
2020-12-25 22:27:35:968  振动特征值计算完成, 位置标记：1
2020-12-25 22:27:35:994  磁钢信号预处理完成，位置标记：0
2020-12-25 22:27:36:002  温度分轮成功，分轮数尺度为：48
2020-12-25 22:27:36:022  轴承端盖温度特征值计算完成, 位置标记：0
2020-12-25 22:27:36:044  电机温度计算完成, 位置标记：0
2020-12-25 22:27:36:046  电机温度计算完成, 位置标记：0
2020-12-25 22:27:36:048  电机温度计算完成, 位置标记：0
2020-12-25 22:27:36:052  电机温度计算完成, 位置标记：0
2020-12-25 22:27:36:054  电机温度计算完成, 位置标记：0
2020-12-25 22:27:36:058  电机温度计算完成, 位置标记：0
2020-12-25 22:27:36:060  电机温度计算完成, 位置标记：0
2020-12-25 22:27:36:064  电机温度计算完成, 位置标记：0
2020-12-25 22:27:36:064  车速为：36.8327位置标记为：0
2020-12-25 22:27:36:076  振动分轮计算完成, 位置标记：0
2020-12-25 22:27:36:310  振动特征值计算完成, 位置标记：0
2020-12-25 22:37:15:719  磁钢信号预处理完成，位置标记：1
2020-12-25 22:37:15:741  温度分轮成功，分轮数尺度为：48
2020-12-25 22:37:15:757  轴承端盖温度特征值计算完成, 位置标记：1
2020-12-25 22:37:15:771  电机温度计算完成, 位置标记：1
2020-12-25 22:37:15:773  电机温度计算完成, 位置标记：1
2020-12-25 22:37:15:775  电机温度计算完成, 位置标记：1
2020-12-25 22:37:15:777  电机温度计算完成, 位置标记：1
2020-12-25 22:37:15:779  电机温度计算完成, 位置标记：1
2020-12-25 22:37:15:781  电机温度计算完成, 位置标记：1
2020-12-25 22:37:15:783  电机温度计算完成, 位置标记：1
2020-12-25 22:37:15:785  电机温度计算完成, 位置标记：1
2020-12-25 22:37:15:787  车速为：43.8792位置标记为：1
2020-12-25 22:37:15:815  振动分轮计算完成, 位置标记：1
2020-12-25 22:37:15:967  振动特征值计算完成, 位置标记：1
2020-12-25 22:37:16:037  磁钢信号预处理完成，位置标记：0
2020-12-25 22:37:16:053  温度分轮成功，分轮数尺度为：48
2020-12-25 22:37:16:065  轴承端盖温度特征值计算完成, 位置标记：0
2020-12-25 22:37:16:077  电机温度计算完成, 位置标记：0
2020-12-25 22:37:16:079  电机温度计算完成, 位置标记：0
2020-12-25 22:37:16:081  电机温度计算完成, 位置标记：0
2020-12-25 22:37:16:083  电机温度计算完成, 位置标记：0
2020-12-25 22:37:16:085  电机温度计算完成, 位置标记：0
2020-12-25 22:37:16:087  电机温度计算完成, 位置标记：0
2020-12-25 22:37:16:089  电机温度计算完成, 位置标记：0
2020-12-25 22:37:16:089  电机温度计算完成, 位置标记：0
2020-12-25 22:37:16:091  车速为：43.8792位置标记为：0
2020-12-25 22:37:16:117  振动分轮计算完成, 位置标记：0
2020-12-25 22:37:16:263  振动特征值计算完成, 位置标记：0
2020-12-25 22:45:34:757  磁钢信号预处理完成，位置标记：1
2020-12-25 22:45:34:777  温度分轮成功，分轮数尺度为：48
2020-12-25 22:45:34:779  轴承端盖温度特征值计算完成, 位置标记：1
2020-12-25 22:45:34:783  电机温度计算完成, 位置标记：1
2020-12-25 22:45:34:785  电机温度计算完成, 位置标记：1
2020-12-25 22:45:34:789  电机温度计算完成, 位置标记：1
2020-12-25 22:45:34:791  电机温度计算完成, 位置标记：1
2020-12-25 22:45:34:793  电机温度计算完成, 位置标记：1
2020-12-25 22:45:34:795  电机温度计算完成, 位置标记：1
2020-12-25 22:45:34:799  电机温度计算完成, 位置标记：1
2020-12-25 22:45:34:801  电机温度计算完成, 位置标记：1
2020-12-25 22:45:34:801  车速为：44.1129位置标记为：1
2020-12-25 22:45:34:839  振动分轮计算完成, 位置标记：1
2020-12-25 22:45:35:043  振动特征值计算完成, 位置标记：1
2020-12-25 22:45:35:123  磁钢信号预处理完成，位置标记：0
2020-12-25 22:45:35:143  温度分轮成功，分轮数尺度为：48
2020-12-25 22:45:35:147  轴承端盖温度特征值计算完成, 位置标记：0
2020-12-25 22:45:35:149  电机温度计算完成, 位置标记：0
2020-12-25 22:45:35:153  电机温度计算完成, 位置标记：0
2020-12-25 22:45:35:155  电机温度计算完成, 位置标记：0
2020-12-25 22:45:35:157  电机温度计算完成, 位置标记：0
2020-12-25 22:45:35:159  电机温度计算完成, 位置标记：0
2020-12-25 22:45:35:163  电机温度计算完成, 位置标记：0
2020-12-25 22:45:35:165  电机温度计算完成, 位置标记：0
2020-12-25 22:45:35:167  电机温度计算完成, 位置标记：0
2020-12-25 22:45:35:167  车速为：44.1129位置标记为：0
2020-12-25 22:45:35:205  振动分轮计算完成, 位置标记：0
2020-12-25 22:45:35:407  振动特征值计算完成, 位置标记：0
2020-12-25 22:54:00:629  磁钢信号预处理完成，位置标记：1
2020-12-25 22:54:00:651  温度分轮成功，分轮数尺度为：48
2020-12-25 22:54:00:667  轴承端盖温度特征值计算完成, 位置标记：1
2020-12-25 22:54:00:685  电机温度计算完成, 位置标记：1
2020-12-25 22:54:00:687  电机温度计算完成, 位置标记：1
2020-12-25 22:54:00:689  电机温度计算完成, 位置标记：1
2020-12-25 22:54:00:693  电机温度计算完成, 位置标记：1
2020-12-25 22:54:00:695  电机温度计算完成, 位置标记：1
2020-12-25 22:54:00:697  电机温度计算完成, 位置标记：1
2020-12-25 22:54:00:699  电机温度计算完成, 位置标记：1
2020-12-25 22:54:00:703  电机温度计算完成, 位置标记：1
2020-12-25 22:54:00:703  车速为：43.9024位置标记为：1
2020-12-25 22:54:00:741  振动分轮计算完成, 位置标记：1
2020-12-25 22:54:00:945  振动特征值计算完成, 位置标记：1
2020-12-25 22:54:01:005  磁钢信号预处理完成，位置标记：0
2020-12-25 22:54:01:019  温度分轮成功，分轮数尺度为：48
2020-12-25 22:54:01:031  轴承端盖温度特征值计算完成, 位置标记：0
2020-12-25 22:54:01:043  电机温度计算完成, 位置标记：0
2020-12-25 22:54:01:045  电机温度计算完成, 位置标记：0
2020-12-25 22:54:01:047  电机温度计算完成, 位置标记：0
2020-12-25 22:54:01:049  电机温度计算完成, 位置标记：0
2020-12-25 22:54:01:051  电机温度计算完成, 位置标记：0
2020-12-25 22:54:01:053  电机温度计算完成, 位置标记：0
2020-12-25 22:54:01:055  电机温度计算完成, 位置标记：0
2020-12-25 22:54:01:057  电机温度计算完成, 位置标记：0
2020-12-25 22:54:01:057  车速为：43.9024位置标记为：0
2020-12-25 22:54:01:083  振动分轮计算完成, 位置标记：0
2020-12-25 22:54:01:227  振动特征值计算完成, 位置标记：0
