2020-12-28 05:43:37:876  磁钢信号预处理完成，位置标记：1
2020-12-28 05:43:37:887  温度分轮成功，分轮数尺度为：48
2020-12-28 05:43:37:899  轴承端盖温度特征值计算完成, 位置标记：1
2020-12-28 05:43:37:908  电机温度计算完成, 位置标记：1
2020-12-28 05:43:37:911  电机温度计算完成, 位置标记：1
2020-12-28 05:43:37:914  电机温度计算完成, 位置标记：1
2020-12-28 05:43:37:918  电机温度计算完成, 位置标记：1
2020-12-28 05:43:37:921  电机温度计算完成, 位置标记：1
2020-12-28 05:43:37:924  电机温度计算完成, 位置标记：1
2020-12-28 05:43:37:928  电机温度计算完成, 位置标记：1
2020-12-28 05:43:37:931  电机温度计算完成, 位置标记：1
2020-12-28 05:43:37:932  车速为：83.0491位置标记为：1
2020-12-28 05:43:37:953  振动分轮计算完成, 位置标记：1
2020-12-28 05:43:38:261  振动特征值计算完成, 位置标记：1
2020-12-28 05:43:38:305  磁钢信号预处理完成，位置标记：0
2020-12-28 05:43:38:316  温度分轮成功，分轮数尺度为：48
2020-12-28 05:43:38:328  轴承端盖温度特征值计算完成, 位置标记：0
2020-12-28 05:43:38:337  电机温度计算完成, 位置标记：0
2020-12-28 05:43:38:341  电机温度计算完成, 位置标记：0
2020-12-28 05:43:38:344  电机温度计算完成, 位置标记：0
2020-12-28 05:43:38:347  电机温度计算完成, 位置标记：0
2020-12-28 05:43:38:350  电机温度计算完成, 位置标记：0
2020-12-28 05:43:38:354  电机温度计算完成, 位置标记：0
2020-12-28 05:43:38:357  电机温度计算完成, 位置标记：0
2020-12-28 05:43:38:360  电机温度计算完成, 位置标记：0
2020-12-28 05:43:38:361  车速为：83.0491位置标记为：0
2020-12-28 05:43:38:381  振动分轮计算完成, 位置标记：0
2020-12-28 05:43:38:693  振动特征值计算完成, 位置标记：0
2020-12-28 05:52:44:981  磁钢信号预处理完成，位置标记：1
2020-12-28 05:52:44:992  温度分轮成功，分轮数尺度为：48
2020-12-28 05:52:45:005  轴承端盖温度特征值计算完成, 位置标记：1
2020-12-28 05:52:45:015  电机温度计算完成, 位置标记：1
2020-12-28 05:52:45:018  电机温度计算完成, 位置标记：1
2020-12-28 05:52:45:022  电机温度计算完成, 位置标记：1
2020-12-28 05:52:45:025  电机温度计算完成, 位置标记：1
2020-12-28 05:52:45:029  电机温度计算完成, 位置标记：1
2020-12-28 05:52:45:033  电机温度计算完成, 位置标记：1
2020-12-28 05:52:45:036  电机温度计算完成, 位置标记：1
2020-12-28 05:52:45:040  电机温度计算完成, 位置标记：1
2020-12-28 05:52:45:040  车速为：79.0831位置标记为：1
2020-12-28 05:52:45:061  振动分轮计算完成, 位置标记：1
2020-12-28 05:52:45:401  振动特征值计算完成, 位置标记：1
2020-12-28 05:52:45:446  磁钢信号预处理完成，位置标记：0
2020-12-28 05:52:45:457  温度分轮成功，分轮数尺度为：48
2020-12-28 05:52:45:471  轴承端盖温度特征值计算完成, 位置标记：0
2020-12-28 05:52:45:480  电机温度计算完成, 位置标记：0
2020-12-28 05:52:45:483  电机温度计算完成, 位置标记：0
2020-12-28 05:52:45:487  电机温度计算完成, 位置标记：0
2020-12-28 05:52:45:490  电机温度计算完成, 位置标记：0
2020-12-28 05:52:45:494  电机温度计算完成, 位置标记：0
2020-12-28 05:52:45:497  电机温度计算完成, 位置标记：0
2020-12-28 05:52:45:501  电机温度计算完成, 位置标记：0
2020-12-28 05:52:45:504  电机温度计算完成, 位置标记：0
2020-12-28 05:52:45:505  车速为：79.0831位置标记为：0
2020-12-28 05:52:45:525  振动分轮计算完成, 位置标记：0
2020-12-28 05:52:45:818  振动特征值计算完成, 位置标记：0
