2021-03-03 16:17:18:807  本地IP：127.0.0.1
2021-03-03 16:17:18:825  本地端口号：4500
2021-03-03 16:17:18:844  通讯模块设置成功
2021-03-03 16:17:18:863  综合数据盒连接IP：192.168.1.198
2021-03-03 16:17:18:864  正在打开设备...
2021-03-03 16:17:22:373  正在读取检测数据...
2021-03-03 16:17:29:633  开始处理数据
2021-03-03 16:17:29:945  右侧计算完成
2021-03-03 16:17:30:148  左侧计算完成
2021-03-03 16:17:30:149  检查结果数据
2021-03-03 16:17:30:161  通知桌面显示数据
2021-03-03 16:17:30:228  开始写入数据库
2021-03-03 16:17:32:621  数据库打开失败
2021-03-03 16:17:39:890  创建连接出现异常，错误代码为：-6
2021-03-03 16:17:39:894  同步采集仪设置异常
2021-03-03 16:17:39:898  采集仪增益设置异常
2021-03-03 16:27:30:791  正在读取检测数据...
2021-03-03 16:27:37:788  开始处理数据
2021-03-03 16:27:38:110  右侧计算完成
2021-03-03 16:27:38:298  左侧计算完成
2021-03-03 16:27:38:299  检查结果数据
2021-03-03 16:27:38:301  通知桌面显示数据
2021-03-03 16:27:38:314  开始写入数据库
2021-03-03 16:27:40:324  数据库打开失败
2021-03-03 16:28:02:780  本地IP：127.0.0.1
2021-03-03 16:28:02:791  本地端口号：4500
2021-03-03 16:28:02:807  通讯模块设置成功
2021-03-03 16:28:02:820  综合数据盒连接IP：192.168.1.198
2021-03-03 16:28:02:824  正在打开设备...
2021-03-03 16:28:06:148  正在读取检测数据...
2021-03-03 16:28:13:365  开始处理数据
2021-03-03 16:28:13:677  右侧计算完成
2021-03-03 16:28:13:878  左侧计算完成
2021-03-03 16:28:13:879  检查结果数据
2021-03-03 16:28:13:891  通知桌面显示数据
2021-03-03 16:28:13:971  开始写入数据库
2021-03-03 16:28:16:097  数据库打开失败
2021-03-03 16:28:24:372  创建连接出现异常，错误代码为：-6
2021-03-03 16:28:24:427  同步采集仪设置异常
2021-03-03 16:28:24:436  采集仪增益设置异常
2021-03-03 16:35:07:504  本地IP：127.0.0.1
2021-03-03 16:35:07:514  本地端口号：4500
2021-03-03 16:35:07:528  通讯模块设置成功
2021-03-03 16:35:07:538  综合数据盒连接IP：192.168.1.198
2021-03-03 16:35:07:541  正在打开设备...
2021-03-03 16:35:10:301  正在读取检测数据...
2021-03-03 16:35:17:681  开始处理数据
2021-03-03 16:35:17:991  右侧计算完成
2021-03-03 16:35:18:194  左侧计算完成
2021-03-03 16:35:18:195  检查结果数据
2021-03-03 16:35:18:208  通知桌面显示数据
2021-03-03 16:35:18:285  开始写入数据库
2021-03-03 16:35:20:392  数据库打开失败
2021-03-03 16:35:28:565  创建连接出现异常，错误代码为：-6
2021-03-03 16:35:28:568  同步采集仪设置异常
2021-03-03 16:35:28:573  采集仪增益设置异常
2021-03-03 16:47:21:885  本地IP：127.0.0.1
2021-03-03 16:47:21:897  本地端口号：4500
2021-03-03 16:47:21:915  通讯模块设置成功
2021-03-03 16:47:21:926  综合数据盒连接IP：192.168.1.198
2021-03-03 16:47:21:930  正在打开设备...
2021-03-03 16:47:26:367  正在读取检测数据...
2021-03-03 16:47:34:422  开始处理数据
2021-03-03 16:47:34:742  右侧计算完成
2021-03-03 16:49:17:144  本地IP：127.0.0.1
2021-03-03 16:49:17:158  本地端口号：4500
2021-03-03 16:49:17:176  通讯模块设置成功
2021-03-03 16:49:17:189  综合数据盒连接IP：192.168.1.198
2021-03-03 16:49:17:191  正在打开设备...
2021-03-03 16:49:19:989  正在读取检测数据...
2021-03-03 16:49:27:185  开始处理数据
2021-03-03 16:49:27:505  右侧计算完成
2021-03-03 16:50:04:408  创建连接出现异常，错误代码为：-6
2021-03-03 16:50:04:413  同步采集仪设置异常
2021-03-03 16:51:35:267  本地IP：127.0.0.1
2021-03-03 16:51:35:279  本地端口号：4500
2021-03-03 16:51:35:293  通讯模块设置成功
2021-03-03 16:51:35:308  综合数据盒连接IP：192.168.1.198
2021-03-03 16:51:35:311  正在打开设备...
2021-03-03 16:51:46:056  正在读取检测数据...
2021-03-03 16:51:53:192  开始处理数据
2021-03-03 16:51:53:504  右侧计算完成
2021-03-03 16:52:06:627  创建连接出现异常，错误代码为：-6
2021-03-03 16:52:06:632  同步采集仪设置异常
