2020-12-24 21:00:00:455  magnetic4完成落盘
2020-12-24 21:00:03:806  temperate1完成落盘
2020-12-24 21:00:06:776  temperate2完成落盘
2020-12-24 21:00:10:232  temperate3完成落盘
2020-12-24 21:00:13:492  temperate4完成落盘
2020-12-24 21:00:13:501  开始处理数据
2020-12-24 21:00:14:047  右侧计算完成
2020-12-24 21:00:14:503  左侧计算完成
2020-12-24 21:00:14:505  检查结果数据
2020-12-24 21:00:14:507  通知桌面显示数据
2020-12-24 21:00:14:523  开始写入数据库
2020-12-24 21:00:14:541  预警及报警参数加载完成
2020-12-24 21:00:14:543  数据库打开成功
2020-12-24 21:00:14:545  train_info数据表写入成功
2020-12-24 21:00:14:671  train_onlyid读取成功
2020-12-24 21:00:14:675  train_data数据表写入成功
2020-12-24 21:00:14:678  vt_info数据表，第0次写入成功
2020-12-24 21:00:14:682  vt_info数据表，第1次写入成功
2020-12-24 21:00:14:686  vt_info数据表，第2次写入成功
2020-12-24 21:00:14:689  vt_info数据表，第3次写入成功
2020-12-24 21:00:14:693  vt_info数据表，第4次写入成功
2020-12-24 21:00:14:696  vt_info数据表，第5次写入成功
2020-12-24 21:00:14:700  vt_info数据表，第6次写入成功
2020-12-24 21:00:14:703  vt_info数据表，第7次写入成功
2020-12-24 21:00:14:707  vt_info数据表，第8次写入成功
2020-12-24 21:00:14:710  vt_info数据表，第9次写入成功
2020-12-24 21:00:14:714  vt_info数据表，第10次写入成功
2020-12-24 21:00:14:718  vt_info数据表，第11次写入成功
2020-12-24 21:00:14:721  vt_info数据表，第12次写入成功
2020-12-24 21:00:14:725  vt_info数据表，第13次写入成功
2020-12-24 21:00:14:729  vt_info数据表，第14次写入成功
2020-12-24 21:00:14:732  vt_info数据表，第15次写入成功
2020-12-24 21:00:14:736  vt_info数据表，第16次写入成功
2020-12-24 21:00:14:740  vt_info数据表，第17次写入成功
2020-12-24 21:00:14:743  vt_info数据表，第18次写入成功
2020-12-24 21:00:14:747  vt_info数据表，第19次写入成功
2020-12-24 21:00:14:751  vt_info数据表，第20次写入成功
2020-12-24 21:00:14:755  vt_info数据表，第21次写入成功
2020-12-24 21:00:14:759  vt_info数据表，第22次写入成功
2020-12-24 21:00:14:762  vt_info数据表，第23次写入成功
2020-12-24 21:00:14:766  vt_info数据表，第24次写入成功
2020-12-24 21:00:14:770  vt_info数据表，第25次写入成功
2020-12-24 21:00:14:774  vt_info数据表，第26次写入成功
2020-12-24 21:00:14:778  vt_info数据表，第27次写入成功
2020-12-24 21:00:14:782  vt_info数据表，第28次写入成功
2020-12-24 21:00:14:785  vt_info数据表，第29次写入成功
2020-12-24 21:00:14:788  vt_info数据表，第30次写入成功
2020-12-24 21:00:14:792  vt_info数据表，第31次写入成功
2020-12-24 21:00:14:796  vt_info数据表，第32次写入成功
2020-12-24 21:00:14:799  vt_info数据表，第33次写入成功
2020-12-24 21:00:14:803  vt_info数据表，第34次写入成功
2020-12-24 21:00:14:807  vt_info数据表，第35次写入成功
2020-12-24 21:00:14:810  vt_info数据表，第36次写入成功
2020-12-24 21:00:14:814  vt_info数据表，第37次写入成功
2020-12-24 21:00:14:819  vt_info数据表，第38次写入成功
2020-12-24 21:00:14:822  vt_info数据表，第39次写入成功
2020-12-24 21:00:14:826  vt_info数据表，第40次写入成功
2020-12-24 21:00:14:830  vt_info数据表，第41次写入成功
2020-12-24 21:00:14:833  vt_info数据表，第42次写入成功
2020-12-24 21:00:14:837  vt_info数据表，第43次写入成功
2020-12-24 21:00:14:841  vt_info数据表，第44次写入成功
2020-12-24 21:00:14:845  vt_info数据表，第45次写入成功
2020-12-24 21:00:14:848  vt_info数据表，第46次写入成功
2020-12-24 21:00:14:852  vt_info数据表，第47次写入成功
2020-12-24 21:00:14:855  motor_info数据表，第0次写入成功
2020-12-24 21:00:14:857  motor_info数据表，第1次写入成功
2020-12-24 21:00:14:860  motor_info数据表，第2次写入成功
2020-12-24 21:00:14:863  motor_info数据表，第3次写入成功
2020-12-24 21:00:14:866  motor_info数据表，第4次写入成功
2020-12-24 21:00:14:868  motor_info数据表，第5次写入成功
2020-12-24 21:00:14:871  motor_info数据表，第6次写入成功
2020-12-24 21:00:14:874  motor_info数据表，第7次写入成功
2020-12-24 21:00:14:877  motor_info数据表，第8次写入成功
2020-12-24 21:00:14:879  motor_info数据表，第9次写入成功
2020-12-24 21:00:14:882  motor_info数据表，第10次写入成功
2020-12-24 21:00:14:885  motor_info数据表，第11次写入成功
2020-12-24 21:00:14:887  motor_info数据表，第12次写入成功
2020-12-24 21:00:14:890  motor_info数据表，第13次写入成功
2020-12-24 21:00:14:893  motor_info数据表，第14次写入成功
2020-12-24 21:00:14:904  motor_info数据表，第15次写入成功
2020-12-24 21:00:14:906  数据库关闭！
2020-12-24 21:08:19:985  收到来车信号，流水号：20201224210819，所有设备开始采集
2020-12-24 21:08:20:032  开启A/D采集
2020-12-24 21:08:41:474  收到离车信号，流水号：20201224210819，线号：14，车号：043044，主控端：1，所有设备停止采集
2020-12-24 21:08:41:476  收到停止采集命令，开始停止采集
2020-12-24 21:08:41:480  停止采集数据
2020-12-24 21:08:41:482  采集连接已断开
2020-12-24 21:08:41:484  开始数据分析和落盘
2020-12-24 21:08:45:935  vibration1完成落盘
2020-12-24 21:08:49:710  vibration2完成落盘
2020-12-24 21:08:52:870  vibration3完成落盘
2020-12-24 21:08:55:960  vibration4完成落盘
2020-12-24 21:08:59:270  vibration5完成落盘
2020-12-24 21:09:02:727  vibration6完成落盘
2020-12-24 21:09:06:199  vibration7完成落盘
2020-12-24 21:09:09:953  vibration8完成落盘
2020-12-24 21:09:13:261  magnetic1完成落盘
2020-12-24 21:09:16:498  magnetic2完成落盘
2020-12-24 21:09:19:542  magnetic3完成落盘
2020-12-24 21:09:22:523  magnetic4完成落盘
2020-12-24 21:09:25:404  temperate1完成落盘
2020-12-24 21:09:28:598  temperate2完成落盘
2020-12-24 21:09:31:761  temperate3完成落盘
2020-12-24 21:09:34:815  temperate4完成落盘
2020-12-24 21:09:34:823  开始处理数据
2020-12-24 21:09:35:361  右侧计算完成
2020-12-24 21:09:35:823  左侧计算完成
2020-12-24 21:09:35:824  检查结果数据
2020-12-24 21:09:35:826  通知桌面显示数据
2020-12-24 21:09:35:843  开始写入数据库
2020-12-24 21:09:35:864  预警及报警参数加载完成
2020-12-24 21:09:35:866  数据库打开成功
2020-12-24 21:09:35:868  train_info数据表写入成功
2020-12-24 21:09:35:995  train_onlyid读取成功
2020-12-24 21:09:36:000  train_data数据表写入成功
2020-12-24 21:09:36:004  vt_info数据表，第0次写入成功
2020-12-24 21:09:36:007  vt_info数据表，第1次写入成功
2020-12-24 21:09:36:011  vt_info数据表，第2次写入成功
2020-12-24 21:09:36:015  vt_info数据表，第3次写入成功
2020-12-24 21:09:36:018  vt_info数据表，第4次写入成功
2020-12-24 21:09:36:022  vt_info数据表，第5次写入成功
2020-12-24 21:09:36:026  vt_info数据表，第6次写入成功
2020-12-24 21:09:36:029  vt_info数据表，第7次写入成功
2020-12-24 21:09:36:033  vt_info数据表，第8次写入成功
2020-12-24 21:09:36:037  vt_info数据表，第9次写入成功
2020-12-24 21:09:36:040  vt_info数据表，第10次写入成功
2020-12-24 21:09:36:044  vt_info数据表，第11次写入成功
2020-12-24 21:09:36:048  vt_info数据表，第12次写入成功
2020-12-24 21:09:36:051  vt_info数据表，第13次写入成功
2020-12-24 21:09:36:055  vt_info数据表，第14次写入成功
2020-12-24 21:09:36:058  vt_info数据表，第15次写入成功
2020-12-24 21:09:36:062  vt_info数据表，第16次写入成功
2020-12-24 21:09:36:066  vt_info数据表，第17次写入成功
2020-12-24 21:09:36:069  vt_info数据表，第18次写入成功
2020-12-24 21:09:36:073  vt_info数据表，第19次写入成功
2020-12-24 21:09:36:077  vt_info数据表，第20次写入成功
2020-12-24 21:09:36:080  vt_info数据表，第21次写入成功
2020-12-24 21:09:36:084  vt_info数据表，第22次写入成功
2020-12-24 21:09:36:088  vt_info数据表，第23次写入成功
2020-12-24 21:09:36:091  vt_info数据表，第24次写入成功
2020-12-24 21:09:36:095  vt_info数据表，第25次写入成功
2020-12-24 21:09:36:099  vt_info数据表，第26次写入成功
2020-12-24 21:09:36:102  vt_info数据表，第27次写入成功
2020-12-24 21:09:36:106  vt_info数据表，第28次写入成功
2020-12-24 21:09:36:110  vt_info数据表，第29次写入成功
2020-12-24 21:09:36:114  vt_info数据表，第30次写入成功
2020-12-24 21:09:36:117  vt_info数据表，第31次写入成功
2020-12-24 21:09:36:121  vt_info数据表，第32次写入成功
2020-12-24 21:09:36:124  vt_info数据表，第33次写入成功
2020-12-24 21:09:36:128  vt_info数据表，第34次写入成功
2020-12-24 21:09:36:132  vt_info数据表，第35次写入成功
2020-12-24 21:09:36:135  vt_info数据表，第36次写入成功
2020-12-24 21:09:36:139  vt_info数据表，第37次写入成功
2020-12-24 21:09:36:143  vt_info数据表，第38次写入成功
2020-12-24 21:09:36:146  vt_info数据表，第39次写入成功
2020-12-24 21:09:36:150  vt_info数据表，第40次写入成功
2020-12-24 21:09:36:154  vt_info数据表，第41次写入成功
2020-12-24 21:09:36:157  vt_info数据表，第42次写入成功
2020-12-24 21:09:36:161  vt_info数据表，第43次写入成功
2020-12-24 21:09:36:165  vt_info数据表，第44次写入成功
2020-12-24 21:09:36:168  vt_info数据表，第45次写入成功
2020-12-24 21:09:36:172  vt_info数据表，第46次写入成功
2020-12-24 21:09:36:176  vt_info数据表，第47次写入成功
2020-12-24 21:09:36:179  motor_info数据表，第0次写入成功
2020-12-24 21:09:36:181  motor_info数据表，第1次写入成功
2020-12-24 21:09:36:184  motor_info数据表，第2次写入成功
2020-12-24 21:09:36:187  motor_info数据表，第3次写入成功
2020-12-24 21:09:36:189  motor_info数据表，第4次写入成功
2020-12-24 21:09:36:192  motor_info数据表，第5次写入成功
2020-12-24 21:09:36:195  motor_info数据表，第6次写入成功
2020-12-24 21:09:36:198  motor_info数据表，第7次写入成功
2020-12-24 21:09:36:201  motor_info数据表，第8次写入成功
2020-12-24 21:09:36:203  motor_info数据表，第9次写入成功
2020-12-24 21:09:36:206  motor_info数据表，第10次写入成功
2020-12-24 21:09:36:209  motor_info数据表，第11次写入成功
2020-12-24 21:09:36:212  motor_info数据表，第12次写入成功
2020-12-24 21:09:36:214  motor_info数据表，第13次写入成功
2020-12-24 21:09:36:217  motor_info数据表，第14次写入成功
2020-12-24 21:09:36:229  motor_info数据表，第15次写入成功
2020-12-24 21:09:36:231  数据库关闭！
2020-12-24 21:17:56:185  收到来车信号，流水号：20201224211756，所有设备开始采集
2020-12-24 21:17:56:232  开启A/D采集
2020-12-24 21:18:17:686  收到离车信号，流水号：20201224211756，线号：14，车号：035036，主控端：1，所有设备停止采集
2020-12-24 21:18:17:688  收到停止采集命令，开始停止采集
2020-12-24 21:18:17:694  停止采集数据
2020-12-24 21:18:17:696  采集连接已断开
2020-12-24 21:18:17:698  开始数据分析和落盘
2020-12-24 21:18:21:914  vibration1完成落盘
2020-12-24 21:18:25:497  vibration2完成落盘
2020-12-24 21:18:28:794  vibration3完成落盘
2020-12-24 21:18:32:099  vibration4完成落盘
2020-12-24 21:18:35:485  vibration5完成落盘
2020-12-24 21:18:38:978  vibration6完成落盘
2020-12-24 21:18:41:728  vibration7完成落盘
2020-12-24 21:18:44:748  vibration8完成落盘
2020-12-24 21:18:48:245  magnetic1完成落盘
2020-12-24 21:18:51:498  magnetic2完成落盘
2020-12-24 21:18:54:383  magnetic3完成落盘
2020-12-24 21:18:57:743  magnetic4完成落盘
2020-12-24 21:19:00:976  temperate1完成落盘
2020-12-24 21:19:03:876  temperate2完成落盘
2020-12-24 21:19:07:239  temperate3完成落盘
2020-12-24 21:19:10:217  temperate4完成落盘
2020-12-24 21:19:10:226  开始处理数据
2020-12-24 21:19:10:744  右侧计算完成
2020-12-24 21:19:11:090  左侧计算完成
2020-12-24 21:19:11:091  检查结果数据
2020-12-24 21:19:11:093  通知桌面显示数据
2020-12-24 21:19:11:109  开始写入数据库
2020-12-24 21:19:11:131  预警及报警参数加载完成
2020-12-24 21:19:11:133  数据库打开成功
2020-12-24 21:19:11:135  train_info数据表写入成功
2020-12-24 21:19:11:264  train_onlyid读取成功
2020-12-24 21:19:11:268  train_data数据表写入成功
2020-12-24 21:19:11:272  vt_info数据表，第0次写入成功
2020-12-24 21:19:11:276  vt_info数据表，第1次写入成功
2020-12-24 21:19:11:279  vt_info数据表，第2次写入成功
2020-12-24 21:19:11:283  vt_info数据表，第3次写入成功
2020-12-24 21:19:11:286  vt_info数据表，第4次写入成功
2020-12-24 21:19:11:290  vt_info数据表，第5次写入成功
2020-12-24 21:19:11:293  vt_info数据表，第6次写入成功
2020-12-24 21:19:11:297  vt_info数据表，第7次写入成功
2020-12-24 21:19:11:300  vt_info数据表，第8次写入成功
2020-12-24 21:19:11:304  vt_info数据表，第9次写入成功
2020-12-24 21:19:11:307  vt_info数据表，第10次写入成功
2020-12-24 21:19:11:311  vt_info数据表，第11次写入成功
2020-12-24 21:19:11:315  vt_info数据表，第12次写入成功
2020-12-24 21:19:11:318  vt_info数据表，第13次写入成功
2020-12-24 21:19:11:322  vt_info数据表，第14次写入成功
2020-12-24 21:19:11:326  vt_info数据表，第15次写入成功
2020-12-24 21:19:11:329  vt_info数据表，第16次写入成功
2020-12-24 21:19:11:333  vt_info数据表，第17次写入成功
2020-12-24 21:19:11:337  vt_info数据表，第18次写入成功
2020-12-24 21:19:11:340  vt_info数据表，第19次写入成功
2020-12-24 21:19:11:344  vt_info数据表，第20次写入成功
2020-12-24 21:19:11:348  vt_info数据表，第21次写入成功
2020-12-24 21:19:11:351  vt_info数据表，第22次写入成功
2020-12-24 21:19:11:355  vt_info数据表，第23次写入成功
2020-12-24 21:19:11:359  vt_info数据表，第24次写入成功
2020-12-24 21:19:11:362  vt_info数据表，第25次写入成功
2020-12-24 21:19:11:366  vt_info数据表，第26次写入成功
2020-12-24 21:19:11:370  vt_info数据表，第27次写入成功
2020-12-24 21:19:11:373  vt_info数据表，第28次写入成功
2020-12-24 21:19:11:377  vt_info数据表，第29次写入成功
2020-12-24 21:19:11:381  vt_info数据表，第30次写入成功
2020-12-24 21:19:11:385  vt_info数据表，第31次写入成功
2020-12-24 21:19:11:388  vt_info数据表，第32次写入成功
2020-12-24 21:19:11:392  vt_info数据表，第33次写入成功
2020-12-24 21:19:11:396  vt_info数据表，第34次写入成功
2020-12-24 21:19:11:399  vt_info数据表，第35次写入成功
2020-12-24 21:19:11:403  vt_info数据表，第36次写入成功
2020-12-24 21:19:11:406  vt_info数据表，第37次写入成功
2020-12-24 21:19:11:410  vt_info数据表，第38次写入成功
2020-12-24 21:19:11:414  vt_info数据表，第39次写入成功
2020-12-24 21:19:11:418  vt_info数据表，第40次写入成功
2020-12-24 21:19:11:421  vt_info数据表，第41次写入成功
2020-12-24 21:19:11:425  vt_info数据表，第42次写入成功
2020-12-24 21:19:11:429  vt_info数据表，第43次写入成功
2020-12-24 21:19:11:432  vt_info数据表，第44次写入成功
2020-12-24 21:19:11:436  vt_info数据表，第45次写入成功
2020-12-24 21:19:11:440  vt_info数据表，第46次写入成功
2020-12-24 21:19:11:443  vt_info数据表，第47次写入成功
2020-12-24 21:19:11:446  motor_info数据表，第0次写入成功
2020-12-24 21:19:11:449  motor_info数据表，第1次写入成功
2020-12-24 21:19:11:452  motor_info数据表，第2次写入成功
2020-12-24 21:19:11:454  motor_info数据表，第3次写入成功
2020-12-24 21:19:11:457  motor_info数据表，第4次写入成功
2020-12-24 21:19:11:460  motor_info数据表，第5次写入成功
2020-12-24 21:19:11:462  motor_info数据表，第6次写入成功
2020-12-24 21:19:11:465  motor_info数据表，第7次写入成功
2020-12-24 21:19:11:468  motor_info数据表，第8次写入成功
2020-12-24 21:19:11:471  motor_info数据表，第9次写入成功
2020-12-24 21:19:11:474  motor_info数据表，第10次写入成功
2020-12-24 21:19:11:476  motor_info数据表，第11次写入成功
2020-12-24 21:19:11:479  motor_info数据表，第12次写入成功
2020-12-24 21:19:11:482  motor_info数据表，第13次写入成功
2020-12-24 21:19:11:484  motor_info数据表，第14次写入成功
2020-12-24 21:19:11:497  motor_info数据表，第15次写入成功
2020-12-24 21:19:11:498  数据库关闭！
2020-12-24 21:27:51:583  收到来车信号，流水号：20201224212751，所有设备开始采集
2020-12-24 21:27:51:630  开启A/D采集
2020-12-24 21:28:12:978  收到离车信号，流水号：20201224212751，线号：14，车号：013014，主控端：0，所有设备停止采集
2020-12-24 21:28:12:980  收到停止采集命令，开始停止采集
2020-12-24 21:28:12:984  停止采集数据
2020-12-24 21:28:12:986  采集连接已断开
2020-12-24 21:28:12:988  开始数据分析和落盘
2020-12-24 21:28:16:957  vibration1完成落盘
2020-12-24 21:28:20:301  vibration2完成落盘
2020-12-24 21:28:23:800  vibration3完成落盘
2020-12-24 21:28:27:195  vibration4完成落盘
2020-12-24 21:28:30:546  vibration5完成落盘
2020-12-24 21:28:34:094  vibration6完成落盘
2020-12-24 21:28:37:732  vibration7完成落盘
2020-12-24 21:28:41:520  vibration8完成落盘
2020-12-24 21:28:45:229  magnetic1完成落盘
2020-12-24 21:28:48:528  magnetic2完成落盘
2020-12-24 21:28:51:932  magnetic3完成落盘
2020-12-24 21:28:55:399  magnetic4完成落盘
2020-12-24 21:28:58:791  temperate1完成落盘
2020-12-24 21:29:02:031  temperate2完成落盘
2020-12-24 21:29:05:308  temperate3完成落盘
2020-12-24 21:29:08:898  temperate4完成落盘
2020-12-24 21:29:08:907  开始处理数据
2020-12-24 21:29:09:463  右侧计算完成
2020-12-24 21:29:09:902  左侧计算完成
2020-12-24 21:29:09:904  检查结果数据
2020-12-24 21:29:09:906  通知桌面显示数据
2020-12-24 21:29:09:923  开始写入数据库
2020-12-24 21:29:09:940  预警及报警参数加载完成
2020-12-24 21:29:09:942  数据库打开成功
2020-12-24 21:29:09:944  train_info数据表写入成功
2020-12-24 21:29:10:077  train_onlyid读取成功
2020-12-24 21:29:10:082  train_data数据表写入成功
2020-12-24 21:29:10:085  vt_info数据表，第0次写入成功
2020-12-24 21:29:10:089  vt_info数据表，第1次写入成功
2020-12-24 21:29:10:093  vt_info数据表，第2次写入成功
2020-12-24 21:29:10:096  vt_info数据表，第3次写入成功
2020-12-24 21:29:10:100  vt_info数据表，第4次写入成功
2020-12-24 21:29:10:103  vt_info数据表，第5次写入成功
2020-12-24 21:29:10:107  vt_info数据表，第6次写入成功
2020-12-24 21:29:10:110  vt_info数据表，第7次写入成功
2020-12-24 21:29:10:114  vt_info数据表，第8次写入成功
2020-12-24 21:29:10:117  vt_info数据表，第9次写入成功
2020-12-24 21:29:10:121  vt_info数据表，第10次写入成功
2020-12-24 21:29:10:124  vt_info数据表，第11次写入成功
2020-12-24 21:29:10:128  vt_info数据表，第12次写入成功
2020-12-24 21:29:10:132  vt_info数据表，第13次写入成功
2020-12-24 21:29:10:136  vt_info数据表，第14次写入成功
2020-12-24 21:29:10:139  vt_info数据表，第15次写入成功
2020-12-24 21:29:10:143  vt_info数据表，第16次写入成功
2020-12-24 21:29:10:147  vt_info数据表，第17次写入成功
2020-12-24 21:29:10:151  vt_info数据表，第18次写入成功
2020-12-24 21:29:10:154  vt_info数据表，第19次写入成功
2020-12-24 21:29:10:158  vt_info数据表，第20次写入成功
2020-12-24 21:29:10:162  vt_info数据表，第21次写入成功
2020-12-24 21:29:10:165  vt_info数据表，第22次写入成功
2020-12-24 21:29:10:169  vt_info数据表，第23次写入成功
2020-12-24 21:29:10:173  vt_info数据表，第24次写入成功
2020-12-24 21:29:10:176  vt_info数据表，第25次写入成功
2020-12-24 21:29:10:180  vt_info数据表，第26次写入成功
2020-12-24 21:29:10:184  vt_info数据表，第27次写入成功
2020-12-24 21:29:10:188  vt_info数据表，第28次写入成功
2020-12-24 21:29:10:192  vt_info数据表，第29次写入成功
2020-12-24 21:29:10:195  vt_info数据表，第30次写入成功
2020-12-24 21:29:10:199  vt_info数据表，第31次写入成功
2020-12-24 21:29:10:203  vt_info数据表，第32次写入成功
2020-12-24 21:29:10:206  vt_info数据表，第33次写入成功
2020-12-24 21:29:10:210  vt_info数据表，第34次写入成功
2020-12-24 21:29:10:214  vt_info数据表，第35次写入成功
2020-12-24 21:29:10:217  vt_info数据表，第36次写入成功
2020-12-24 21:29:10:221  vt_info数据表，第37次写入成功
2020-12-24 21:29:10:225  vt_info数据表，第38次写入成功
2020-12-24 21:29:10:229  vt_info数据表，第39次写入成功
2020-12-24 21:29:10:232  vt_info数据表，第40次写入成功
2020-12-24 21:29:10:236  vt_info数据表，第41次写入成功
2020-12-24 21:29:10:240  vt_info数据表，第42次写入成功
2020-12-24 21:29:10:243  vt_info数据表，第43次写入成功
2020-12-24 21:29:10:247  vt_info数据表，第44次写入成功
2020-12-24 21:29:10:251  vt_info数据表，第45次写入成功
2020-12-24 21:29:10:255  vt_info数据表，第46次写入成功
2020-12-24 21:29:10:259  vt_info数据表，第47次写入成功
2020-12-24 21:29:10:261  motor_info数据表，第0次写入成功
2020-12-24 21:29:10:264  motor_info数据表，第1次写入成功
2020-12-24 21:29:10:267  motor_info数据表，第2次写入成功
2020-12-24 21:29:10:270  motor_info数据表，第3次写入成功
2020-12-24 21:29:10:272  motor_info数据表，第4次写入成功
2020-12-24 21:29:10:275  motor_info数据表，第5次写入成功
2020-12-24 21:29:10:278  motor_info数据表，第6次写入成功
2020-12-24 21:29:10:281  motor_info数据表，第7次写入成功
2020-12-24 21:29:10:283  motor_info数据表，第8次写入成功
2020-12-24 21:29:10:286  motor_info数据表，第9次写入成功
2020-12-24 21:29:10:289  motor_info数据表，第10次写入成功
2020-12-24 21:29:10:292  motor_info数据表，第11次写入成功
2020-12-24 21:29:10:294  motor_info数据表，第12次写入成功
2020-12-24 21:29:10:297  motor_info数据表，第13次写入成功
2020-12-24 21:29:10:300  motor_info数据表，第14次写入成功
2020-12-24 21:29:10:311  motor_info数据表，第15次写入成功
2020-12-24 21:29:10:313  数据库关闭！
2020-12-24 21:34:06:376  收到来车信号，流水号：20201224213406，所有设备开始采集
2020-12-24 21:34:06:423  开启A/D采集
2020-12-24 21:34:27:477  收到离车信号，流水号：20201224213406，线号：14，车号：019020，主控端：1，所有设备停止采集
2020-12-24 21:34:27:480  收到停止采集命令，开始停止采集
2020-12-24 21:34:27:485  停止采集数据
2020-12-24 21:34:27:487  采集连接已断开
2020-12-24 21:34:27:489  开始数据分析和落盘
2020-12-24 21:34:30:984  vibration1完成落盘
2020-12-24 21:34:34:723  vibration2完成落盘
2020-12-24 21:34:38:136  vibration3完成落盘
2020-12-24 21:34:41:326  vibration4完成落盘
2020-12-24 21:34:44:834  vibration5完成落盘
2020-12-24 21:34:48:435  vibration6完成落盘
2020-12-24 21:34:51:927  vibration7完成落盘
2020-12-24 21:34:55:309  vibration8完成落盘
2020-12-24 21:34:58:702  magnetic1完成落盘
2020-12-24 21:35:01:894  magnetic2完成落盘
2020-12-24 21:35:04:876  magnetic3完成落盘
2020-12-24 21:35:08:025  magnetic4完成落盘
2020-12-24 21:35:10:567  temperate1完成落盘
2020-12-24 21:35:13:264  temperate2完成落盘
2020-12-24 21:35:16:364  temperate3完成落盘
2020-12-24 21:35:19:302  temperate4完成落盘
2020-12-24 21:35:19:312  开始处理数据
2020-12-24 21:35:19:842  右侧计算完成
2020-12-24 21:35:20:169  左侧计算完成
2020-12-24 21:35:20:171  检查结果数据
2020-12-24 21:35:20:173  通知桌面显示数据
2020-12-24 21:35:20:185  开始写入数据库
2020-12-24 21:35:20:209  预警及报警参数加载完成
2020-12-24 21:35:20:211  数据库打开成功
2020-12-24 21:35:20:213  train_info数据表写入成功
2020-12-24 21:35:20:340  train_onlyid读取成功
2020-12-24 21:35:20:345  train_data数据表写入成功
2020-12-24 21:35:20:348  vt_info数据表，第0次写入成功
2020-12-24 21:35:20:352  vt_info数据表，第1次写入成功
2020-12-24 21:35:20:356  vt_info数据表，第2次写入成功
2020-12-24 21:35:20:359  vt_info数据表，第3次写入成功
2020-12-24 21:35:20:363  vt_info数据表，第4次写入成功
2020-12-24 21:35:20:366  vt_info数据表，第5次写入成功
2020-12-24 21:35:20:370  vt_info数据表，第6次写入成功
2020-12-24 21:35:20:373  vt_info数据表，第7次写入成功
2020-12-24 21:35:20:377  vt_info数据表，第8次写入成功
2020-12-24 21:35:20:380  vt_info数据表，第9次写入成功
2020-12-24 21:35:20:384  vt_info数据表，第10次写入成功
2020-12-24 21:35:20:388  vt_info数据表，第11次写入成功
2020-12-24 21:35:20:391  vt_info数据表，第12次写入成功
2020-12-24 21:35:20:395  vt_info数据表，第13次写入成功
2020-12-24 21:35:20:398  vt_info数据表，第14次写入成功
2020-12-24 21:35:20:402  vt_info数据表，第15次写入成功
2020-12-24 21:35:20:405  vt_info数据表，第16次写入成功
2020-12-24 21:35:20:409  vt_info数据表，第17次写入成功
2020-12-24 21:35:20:412  vt_info数据表，第18次写入成功
2020-12-24 21:35:20:416  vt_info数据表，第19次写入成功
2020-12-24 21:35:20:420  vt_info数据表，第20次写入成功
2020-12-24 21:35:20:423  vt_info数据表，第21次写入成功
2020-12-24 21:35:20:427  vt_info数据表，第22次写入成功
2020-12-24 21:35:20:430  vt_info数据表，第23次写入成功
2020-12-24 21:35:20:434  vt_info数据表，第24次写入成功
2020-12-24 21:35:20:437  vt_info数据表，第25次写入成功
2020-12-24 21:35:20:441  vt_info数据表，第26次写入成功
2020-12-24 21:35:20:444  vt_info数据表，第27次写入成功
2020-12-24 21:35:20:448  vt_info数据表，第28次写入成功
2020-12-24 21:35:20:452  vt_info数据表，第29次写入成功
2020-12-24 21:35:20:455  vt_info数据表，第30次写入成功
2020-12-24 21:35:20:459  vt_info数据表，第31次写入成功
2020-12-24 21:35:20:462  vt_info数据表，第32次写入成功
2020-12-24 21:35:20:466  vt_info数据表，第33次写入成功
2020-12-24 21:35:20:469  vt_info数据表，第34次写入成功
2020-12-24 21:35:20:473  vt_info数据表，第35次写入成功
2020-12-24 21:35:20:477  vt_info数据表，第36次写入成功
2020-12-24 21:35:20:480  vt_info数据表，第37次写入成功
2020-12-24 21:35:20:484  vt_info数据表，第38次写入成功
2020-12-24 21:35:20:487  vt_info数据表，第39次写入成功
2020-12-24 21:35:20:491  vt_info数据表，第40次写入成功
2020-12-24 21:35:20:494  vt_info数据表，第41次写入成功
2020-12-24 21:35:20:498  vt_info数据表，第42次写入成功
2020-12-24 21:35:20:501  vt_info数据表，第43次写入成功
2020-12-24 21:35:20:505  vt_info数据表，第44次写入成功
2020-12-24 21:35:20:509  vt_info数据表，第45次写入成功
2020-12-24 21:35:20:512  vt_info数据表，第46次写入成功
2020-12-24 21:35:20:516  vt_info数据表，第47次写入成功
2020-12-24 21:35:20:519  motor_info数据表，第0次写入成功
2020-12-24 21:35:20:521  motor_info数据表，第1次写入成功
2020-12-24 21:35:20:524  motor_info数据表，第2次写入成功
2020-12-24 21:35:20:527  motor_info数据表，第3次写入成功
2020-12-24 21:35:20:529  motor_info数据表，第4次写入成功
2020-12-24 21:35:20:532  motor_info数据表，第5次写入成功
2020-12-24 21:35:20:535  motor_info数据表，第6次写入成功
2020-12-24 21:35:20:538  motor_info数据表，第7次写入成功
2020-12-24 21:35:20:540  motor_info数据表，第8次写入成功
2020-12-24 21:35:20:543  motor_info数据表，第9次写入成功
2020-12-24 21:35:20:546  motor_info数据表，第10次写入成功
2020-12-24 21:35:20:548  motor_info数据表，第11次写入成功
2020-12-24 21:35:20:551  motor_info数据表，第12次写入成功
2020-12-24 21:35:20:554  motor_info数据表，第13次写入成功
2020-12-24 21:35:20:557  motor_info数据表，第14次写入成功
2020-12-24 21:35:20:569  motor_info数据表，第15次写入成功
2020-12-24 21:35:20:571  数据库关闭！
2020-12-24 21:38:11:182  收到来车信号，流水号：20201224213811，所有设备开始采集
2020-12-24 21:38:11:228  开启A/D采集
2020-12-24 21:38:32:578  收到离车信号，流水号：20201224213811，线号：14，车号：011012，主控端：1，所有设备停止采集
2020-12-24 21:38:32:580  收到停止采集命令，开始停止采集
2020-12-24 21:38:32:583  停止采集数据
2020-12-24 21:38:32:585  采集连接已断开
2020-12-24 21:38:32:587  开始数据分析和落盘
2020-12-24 21:38:36:362  vibration1完成落盘
2020-12-24 21:38:39:970  vibration2完成落盘
2020-12-24 21:38:43:422  vibration3完成落盘
2020-12-24 21:38:46:749  vibration4完成落盘
2020-12-24 21:38:50:165  vibration5完成落盘
2020-12-24 21:38:53:428  vibration6完成落盘
2020-12-24 21:38:56:616  vibration7完成落盘
2020-12-24 21:39:00:141  vibration8完成落盘
2020-12-24 21:39:03:621  magnetic1完成落盘
2020-12-24 21:39:07:237  magnetic2完成落盘
2020-12-24 21:39:10:704  magnetic3完成落盘
2020-12-24 21:39:14:190  magnetic4完成落盘
2020-12-24 21:39:17:064  temperate1完成落盘
2020-12-24 21:39:20:210  temperate2完成落盘
2020-12-24 21:39:23:288  temperate3完成落盘
2020-12-24 21:39:26:456  temperate4完成落盘
2020-12-24 21:39:26:466  开始处理数据
2020-12-24 21:39:27:006  右侧计算完成
2020-12-24 21:39:27:390  左侧计算完成
2020-12-24 21:39:27:392  检查结果数据
2020-12-24 21:39:27:394  通知桌面显示数据
2020-12-24 21:39:27:410  开始写入数据库
2020-12-24 21:39:27:426  预警及报警参数加载完成
2020-12-24 21:39:27:428  数据库打开成功
2020-12-24 21:39:27:430  train_info数据表写入成功
2020-12-24 21:39:27:557  train_onlyid读取成功
2020-12-24 21:39:27:561  train_data数据表写入成功
2020-12-24 21:39:27:565  vt_info数据表，第0次写入成功
2020-12-24 21:39:27:569  vt_info数据表，第1次写入成功
2020-12-24 21:39:27:572  vt_info数据表，第2次写入成功
2020-12-24 21:39:27:577  vt_info数据表，第3次写入成功
2020-12-24 21:39:27:580  vt_info数据表，第4次写入成功
2020-12-24 21:39:27:584  vt_info数据表，第5次写入成功
2020-12-24 21:39:27:588  vt_info数据表，第6次写入成功
2020-12-24 21:39:27:592  vt_info数据表，第7次写入成功
2020-12-24 21:39:27:595  vt_info数据表，第8次写入成功
2020-12-24 21:39:27:599  vt_info数据表，第9次写入成功
2020-12-24 21:39:27:603  vt_info数据表，第10次写入成功
2020-12-24 21:39:27:606  vt_info数据表，第11次写入成功
2020-12-24 21:39:27:610  vt_info数据表，第12次写入成功
2020-12-24 21:39:27:614  vt_info数据表，第13次写入成功
2020-12-24 21:39:27:617  vt_info数据表，第14次写入成功
2020-12-24 21:39:27:621  vt_info数据表，第15次写入成功
2020-12-24 21:39:27:625  vt_info数据表，第16次写入成功
2020-12-24 21:39:27:628  vt_info数据表，第17次写入成功
2020-12-24 21:39:27:632  vt_info数据表，第18次写入成功
2020-12-24 21:39:27:636  vt_info数据表，第19次写入成功
2020-12-24 21:39:27:639  vt_info数据表，第20次写入成功
2020-12-24 21:39:27:643  vt_info数据表，第21次写入成功
2020-12-24 21:39:27:647  vt_info数据表，第22次写入成功
2020-12-24 21:39:27:650  vt_info数据表，第23次写入成功
2020-12-24 21:39:27:654  vt_info数据表，第24次写入成功
2020-12-24 21:39:27:658  vt_info数据表，第25次写入成功
2020-12-24 21:39:27:661  vt_info数据表，第26次写入成功
2020-12-24 21:39:27:665  vt_info数据表，第27次写入成功
2020-12-24 21:39:27:669  vt_info数据表，第28次写入成功
2020-12-24 21:39:27:672  vt_info数据表，第29次写入成功
2020-12-24 21:39:27:676  vt_info数据表，第30次写入成功
2020-12-24 21:39:27:680  vt_info数据表，第31次写入成功
2020-12-24 21:39:27:683  vt_info数据表，第32次写入成功
2020-12-24 21:39:27:687  vt_info数据表，第33次写入成功
2020-12-24 21:39:27:690  vt_info数据表，第34次写入成功
2020-12-24 21:39:27:694  vt_info数据表，第35次写入成功
2020-12-24 21:39:27:698  vt_info数据表，第36次写入成功
2020-12-24 21:39:27:701  vt_info数据表，第37次写入成功
2020-12-24 21:39:27:705  vt_info数据表，第38次写入成功
2020-12-24 21:39:27:709  vt_info数据表，第39次写入成功
2020-12-24 21:39:27:712  vt_info数据表，第40次写入成功
2020-12-24 21:39:27:716  vt_info数据表，第41次写入成功
2020-12-24 21:39:27:719  vt_info数据表，第42次写入成功
2020-12-24 21:39:27:723  vt_info数据表，第43次写入成功
2020-12-24 21:39:27:727  vt_info数据表，第44次写入成功
2020-12-24 21:39:27:730  vt_info数据表，第45次写入成功
2020-12-24 21:39:27:734  vt_info数据表，第46次写入成功
2020-12-24 21:39:27:738  vt_info数据表，第47次写入成功
2020-12-24 21:39:27:741  motor_info数据表，第0次写入成功
2020-12-24 21:39:27:743  motor_info数据表，第1次写入成功
2020-12-24 21:39:27:746  motor_info数据表，第2次写入成功
2020-12-24 21:39:27:749  motor_info数据表，第3次写入成功
2020-12-24 21:39:27:751  motor_info数据表，第4次写入成功
2020-12-24 21:39:27:754  motor_info数据表，第5次写入成功
2020-12-24 21:39:27:756  motor_info数据表，第6次写入成功
2020-12-24 21:39:27:759  motor_info数据表，第7次写入成功
2020-12-24 21:39:27:762  motor_info数据表，第8次写入成功
2020-12-24 21:39:27:764  motor_info数据表，第9次写入成功
2020-12-24 21:39:27:767  motor_info数据表，第10次写入成功
2020-12-24 21:39:27:770  motor_info数据表，第11次写入成功
2020-12-24 21:39:27:772  motor_info数据表，第12次写入成功
2020-12-24 21:39:27:775  motor_info数据表，第13次写入成功
2020-12-24 21:39:27:777  motor_info数据表，第14次写入成功
2020-12-24 21:39:27:789  motor_info数据表，第15次写入成功
2020-12-24 21:39:27:791  数据库关闭！
2020-12-24 21:47:25:177  收到来车信号，流水号：20201224214725，所有设备开始采集
2020-12-24 21:47:25:224  开启A/D采集
2020-12-24 21:47:46:576  收到离车信号，流水号：20201224214725，线号：14，车号：045046，主控端：0，所有设备停止采集
2020-12-24 21:47:46:578  收到停止采集命令，开始停止采集
2020-12-24 21:47:46:582  停止采集数据
2020-12-24 21:47:46:584  采集连接已断开
2020-12-24 21:47:46:586  开始数据分析和落盘
2020-12-24 21:47:50:864  vibration1完成落盘
2020-12-24 21:47:54:590  vibration2完成落盘
2020-12-24 21:47:58:082  vibration3完成落盘
2020-12-24 21:48:01:560  vibration4完成落盘
2020-12-24 21:48:04:688  vibration5完成落盘
2020-12-24 21:48:08:055  vibration6完成落盘
2020-12-24 21:48:11:310  vibration7完成落盘
2020-12-24 21:48:14:866  vibration8完成落盘
2020-12-24 21:48:18:376  magnetic1完成落盘
2020-12-24 21:48:21:771  magnetic2完成落盘
2020-12-24 21:48:25:118  magnetic3完成落盘
2020-12-24 21:48:28:714  magnetic4完成落盘
2020-12-24 21:48:32:183  temperate1完成落盘
2020-12-24 21:48:35:603  temperate2完成落盘
2020-12-24 21:48:38:823  temperate3完成落盘
2020-12-24 21:48:42:286  temperate4完成落盘
2020-12-24 21:48:42:294  开始处理数据
2020-12-24 21:48:42:827  右侧计算完成
2020-12-24 21:48:43:284  左侧计算完成
2020-12-24 21:48:43:286  检查结果数据
2020-12-24 21:48:43:288  通知桌面显示数据
2020-12-24 21:48:43:304  开始写入数据库
2020-12-24 21:48:43:325  预警及报警参数加载完成
2020-12-24 21:48:43:327  数据库打开成功
2020-12-24 21:48:43:329  train_info数据表写入成功
2020-12-24 21:48:43:460  train_onlyid读取成功
2020-12-24 21:48:43:465  train_data数据表写入成功
2020-12-24 21:48:43:469  vt_info数据表，第0次写入成功
2020-12-24 21:48:43:472  vt_info数据表，第1次写入成功
2020-12-24 21:48:43:476  vt_info数据表，第2次写入成功
2020-12-24 21:48:43:480  vt_info数据表，第3次写入成功
2020-12-24 21:48:43:483  vt_info数据表，第4次写入成功
2020-12-24 21:48:43:487  vt_info数据表，第5次写入成功
2020-12-24 21:48:43:490  vt_info数据表，第6次写入成功
2020-12-24 21:48:43:494  vt_info数据表，第7次写入成功
2020-12-24 21:48:43:498  vt_info数据表，第8次写入成功
2020-12-24 21:48:43:501  vt_info数据表，第9次写入成功
2020-12-24 21:48:43:505  vt_info数据表，第10次写入成功
2020-12-24 21:48:43:509  vt_info数据表，第11次写入成功
2020-12-24 21:48:43:512  vt_info数据表，第12次写入成功
2020-12-24 21:48:43:516  vt_info数据表，第13次写入成功
2020-12-24 21:48:43:520  vt_info数据表，第14次写入成功
2020-12-24 21:48:43:523  vt_info数据表，第15次写入成功
2020-12-24 21:48:43:527  vt_info数据表，第16次写入成功
2020-12-24 21:48:43:531  vt_info数据表，第17次写入成功
2020-12-24 21:48:43:535  vt_info数据表，第18次写入成功
2020-12-24 21:48:43:538  vt_info数据表，第19次写入成功
2020-12-24 21:48:43:542  vt_info数据表，第20次写入成功
2020-12-24 21:48:43:546  vt_info数据表，第21次写入成功
2020-12-24 21:48:43:550  vt_info数据表，第22次写入成功
2020-12-24 21:48:43:553  vt_info数据表，第23次写入成功
2020-12-24 21:48:43:557  vt_info数据表，第24次写入成功
2020-12-24 21:48:43:561  vt_info数据表，第25次写入成功
2020-12-24 21:48:43:564  vt_info数据表，第26次写入成功
2020-12-24 21:48:43:568  vt_info数据表，第27次写入成功
2020-12-24 21:48:43:572  vt_info数据表，第28次写入成功
2020-12-24 21:48:43:576  vt_info数据表，第29次写入成功
2020-12-24 21:48:43:579  vt_info数据表，第30次写入成功
2020-12-24 21:48:43:583  vt_info数据表，第31次写入成功
2020-12-24 21:48:43:587  vt_info数据表，第32次写入成功
2020-12-24 21:48:43:590  vt_info数据表，第33次写入成功
2020-12-24 21:48:43:594  vt_info数据表，第34次写入成功
2020-12-24 21:48:43:598  vt_info数据表，第35次写入成功
2020-12-24 21:48:43:602  vt_info数据表，第36次写入成功
2020-12-24 21:48:43:606  vt_info数据表，第37次写入成功
2020-12-24 21:48:43:609  vt_info数据表，第38次写入成功
2020-12-24 21:48:43:615  vt_info数据表，第39次写入成功
2020-12-24 21:48:43:618  vt_info数据表，第40次写入成功
2020-12-24 21:48:43:622  vt_info数据表，第41次写入成功
2020-12-24 21:48:43:626  vt_info数据表，第42次写入成功
2020-12-24 21:48:43:629  vt_info数据表，第43次写入成功
2020-12-24 21:48:43:633  vt_info数据表，第44次写入成功
2020-12-24 21:48:43:637  vt_info数据表，第45次写入成功
2020-12-24 21:48:43:641  vt_info数据表，第46次写入成功
2020-12-24 21:48:43:644  vt_info数据表，第47次写入成功
2020-12-24 21:48:43:647  motor_info数据表，第0次写入成功
2020-12-24 21:48:43:650  motor_info数据表，第1次写入成功
2020-12-24 21:48:43:653  motor_info数据表，第2次写入成功
2020-12-24 21:48:43:656  motor_info数据表，第3次写入成功
2020-12-24 21:48:43:658  motor_info数据表，第4次写入成功
2020-12-24 21:48:43:661  motor_info数据表，第5次写入成功
2020-12-24 21:48:43:664  motor_info数据表，第6次写入成功
2020-12-24 21:48:43:667  motor_info数据表，第7次写入成功
2020-12-24 21:48:43:669  motor_info数据表，第8次写入成功
2020-12-24 21:48:43:672  motor_info数据表，第9次写入成功
2020-12-24 21:48:43:675  motor_info数据表，第10次写入成功
2020-12-24 21:48:43:678  motor_info数据表，第11次写入成功
2020-12-24 21:48:43:680  motor_info数据表，第12次写入成功
2020-12-24 21:48:43:683  motor_info数据表，第13次写入成功
2020-12-24 21:48:43:686  motor_info数据表，第14次写入成功
2020-12-24 21:48:43:698  motor_info数据表，第15次写入成功
2020-12-24 21:48:43:700  数据库关闭！
2020-12-24 21:57:14:880  收到来车信号，流水号：20201224215714，所有设备开始采集
2020-12-24 21:57:14:928  开启A/D采集
2020-12-24 21:57:36:375  收到离车信号，流水号：20201224215714，线号：14，车号：037038，主控端：0，所有设备停止采集
2020-12-24 21:57:36:377  收到停止采集命令，开始停止采集
2020-12-24 21:57:36:380  停止采集数据
2020-12-24 21:57:36:382  采集连接已断开
2020-12-24 21:57:36:385  开始数据分析和落盘
2020-12-24 21:57:40:431  vibration1完成落盘
2020-12-24 21:57:43:837  vibration2完成落盘
2020-12-24 21:57:47:290  vibration3完成落盘
2020-12-24 21:57:50:996  vibration4完成落盘
2020-12-24 21:57:54:143  vibration5完成落盘
2020-12-24 21:57:57:264  vibration6完成落盘
2020-12-24 21:58:00:339  vibration7完成落盘
2020-12-24 21:58:03:457  vibration8完成落盘
2020-12-24 21:58:06:716  magnetic1完成落盘
2020-12-24 21:58:09:439  magnetic2完成落盘
2020-12-24 21:58:12:398  magnetic3完成落盘
2020-12-24 21:58:15:676  magnetic4完成落盘
2020-12-24 21:58:18:730  temperate1完成落盘
2020-12-24 21:58:21:369  temperate2完成落盘
2020-12-24 21:58:24:639  temperate3完成落盘
2020-12-24 21:58:27:800  temperate4完成落盘
2020-12-24 21:58:27:810  开始处理数据
2020-12-24 21:58:28:362  右侧计算完成
2020-12-24 21:58:28:814  左侧计算完成
2020-12-24 21:58:28:816  检查结果数据
2020-12-24 21:58:28:818  通知桌面显示数据
2020-12-24 21:58:28:834  开始写入数据库
2020-12-24 21:58:28:856  预警及报警参数加载完成
2020-12-24 21:58:28:858  数据库打开成功
2020-12-24 21:58:28:860  train_info数据表写入成功
2020-12-24 21:58:28:986  train_onlyid读取成功
2020-12-24 21:58:28:991  train_data数据表写入成功
2020-12-24 21:58:28:994  vt_info数据表，第0次写入成功
2020-12-24 21:58:28:998  vt_info数据表，第1次写入成功
2020-12-24 21:58:29:001  vt_info数据表，第2次写入成功
2020-12-24 21:58:29:005  vt_info数据表，第3次写入成功
2020-12-24 21:58:29:008  vt_info数据表，第4次写入成功
2020-12-24 21:58:29:012  vt_info数据表，第5次写入成功
2020-12-24 21:58:29:015  vt_info数据表，第6次写入成功
2020-12-24 21:58:29:019  vt_info数据表，第7次写入成功
2020-12-24 21:58:29:022  vt_info数据表，第8次写入成功
2020-12-24 21:58:29:026  vt_info数据表，第9次写入成功
2020-12-24 21:58:29:029  vt_info数据表，第10次写入成功
2020-12-24 21:58:29:033  vt_info数据表，第11次写入成功
2020-12-24 21:58:29:036  vt_info数据表，第12次写入成功
2020-12-24 21:58:29:040  vt_info数据表，第13次写入成功
2020-12-24 21:58:29:044  vt_info数据表，第14次写入成功
2020-12-24 21:58:29:047  vt_info数据表，第15次写入成功
2020-12-24 21:58:29:051  vt_info数据表，第16次写入成功
2020-12-24 21:58:29:055  vt_info数据表，第17次写入成功
2020-12-24 21:58:29:058  vt_info数据表，第18次写入成功
2020-12-24 21:58:29:062  vt_info数据表，第19次写入成功
2020-12-24 21:58:29:065  vt_info数据表，第20次写入成功
2020-12-24 21:58:29:069  vt_info数据表，第21次写入成功
2020-12-24 21:58:29:073  vt_info数据表，第22次写入成功
2020-12-24 21:58:29:076  vt_info数据表，第23次写入成功
2020-12-24 21:58:29:080  vt_info数据表，第24次写入成功
2020-12-24 21:58:29:084  vt_info数据表，第25次写入成功
2020-12-24 21:58:29:087  vt_info数据表，第26次写入成功
2020-12-24 21:58:29:091  vt_info数据表，第27次写入成功
2020-12-24 21:58:29:095  vt_info数据表，第28次写入成功
2020-12-24 21:58:29:098  vt_info数据表，第29次写入成功
2020-12-24 21:58:29:102  vt_info数据表，第30次写入成功
2020-12-24 21:58:29:105  vt_info数据表，第31次写入成功
2020-12-24 21:58:29:109  vt_info数据表，第32次写入成功
2020-12-24 21:58:29:113  vt_info数据表，第33次写入成功
2020-12-24 21:58:29:116  vt_info数据表，第34次写入成功
2020-12-24 21:58:29:120  vt_info数据表，第35次写入成功
2020-12-24 21:58:29:124  vt_info数据表，第36次写入成功
2020-12-24 21:58:29:127  vt_info数据表，第37次写入成功
2020-12-24 21:58:29:131  vt_info数据表，第38次写入成功
2020-12-24 21:58:29:134  vt_info数据表，第39次写入成功
2020-12-24 21:58:29:138  vt_info数据表，第40次写入成功
2020-12-24 21:58:29:141  vt_info数据表，第41次写入成功
2020-12-24 21:58:29:145  vt_info数据表，第42次写入成功
2020-12-24 21:58:29:149  vt_info数据表，第43次写入成功
2020-12-24 21:58:29:152  vt_info数据表，第44次写入成功
2020-12-24 21:58:29:156  vt_info数据表，第45次写入成功
2020-12-24 21:58:29:160  vt_info数据表，第46次写入成功
2020-12-24 21:58:29:163  vt_info数据表，第47次写入成功
2020-12-24 21:58:29:166  motor_info数据表，第0次写入成功
2020-12-24 21:58:29:169  motor_info数据表，第1次写入成功
2020-12-24 21:58:29:171  motor_info数据表，第2次写入成功
2020-12-24 21:58:29:174  motor_info数据表，第3次写入成功
2020-12-24 21:58:29:177  motor_info数据表，第4次写入成功
2020-12-24 21:58:29:180  motor_info数据表，第5次写入成功
2020-12-24 21:58:29:182  motor_info数据表，第6次写入成功
2020-12-24 21:58:29:185  motor_info数据表，第7次写入成功
2020-12-24 21:58:29:188  motor_info数据表，第8次写入成功
2020-12-24 21:58:29:190  motor_info数据表，第9次写入成功
2020-12-24 21:58:29:193  motor_info数据表，第10次写入成功
2020-12-24 21:58:29:196  motor_info数据表，第11次写入成功
2020-12-24 21:58:29:199  motor_info数据表，第12次写入成功
2020-12-24 21:58:29:203  motor_info数据表，第13次写入成功
2020-12-24 21:58:29:206  motor_info数据表，第14次写入成功
2020-12-24 21:58:29:218  motor_info数据表，第15次写入成功
2020-12-24 21:58:29:220  数据库关闭！
