2022-07-17 12:18:00:145  正在读取检测数据...
2022-07-17 12:18:05:386  开始处理数据
2022-07-17 12:18:05:524  正在读取检测数据...
2022-07-17 12:18:05:781  存在数据为空，请检查数据源
2022-07-17 12:18:05:863  右侧计算完成
2022-07-17 12:18:06:144  左侧计算完成
2022-07-17 12:18:06:147  检查结果数据
2022-07-17 12:18:06:149  通知桌面显示数据
2022-07-17 12:18:06:166  开始写入数据库
2022-07-17 12:18:06:587  预警及报警参数加载完成
2022-07-17 12:18:06:588  数据库打开成功
2022-07-17 12:18:07:040  train_info数据表写入成功
2022-07-17 12:18:07:042  train_onlyid读取成功
2022-07-17 12:18:07:043  train_data数据表写入成功
2022-07-17 12:18:07:045  train_fault数据表写入1、1成功
2022-07-17 12:18:07:046  vt_info数据表，第0次写入成功
2022-07-17 12:18:07:048  vt_info数据表，第1次写入成功
2022-07-17 12:18:07:052  vt_info数据表，第2次写入成功
2022-07-17 12:18:07:054  vt_info数据表，第3次写入成功
2022-07-17 12:18:07:056  vt_info数据表，第4次写入成功
2022-07-17 12:18:07:058  vt_info数据表，第5次写入成功
2022-07-17 12:18:07:059  vt_info数据表，第6次写入成功
2022-07-17 12:18:07:061  vt_info数据表，第7次写入成功
2022-07-17 12:18:07:062  vt_info数据表，第8次写入成功
2022-07-17 12:18:07:064  vt_info数据表，第9次写入成功
2022-07-17 12:18:07:065  vt_info数据表，第10次写入成功
2022-07-17 12:18:07:067  vt_info数据表，第11次写入成功
2022-07-17 12:18:07:069  vt_info数据表，第12次写入成功
2022-07-17 12:18:07:070  vt_info数据表，第13次写入成功
2022-07-17 12:18:07:072  vt_info数据表，第14次写入成功
2022-07-17 12:18:07:074  vt_info数据表，第15次写入成功
2022-07-17 12:18:07:076  vt_info数据表，第16次写入成功
2022-07-17 12:18:07:077  vt_info数据表，第17次写入成功
2022-07-17 12:18:07:079  vt_info数据表，第18次写入成功
2022-07-17 12:18:07:081  vt_info数据表，第19次写入成功
2022-07-17 12:18:07:082  vt_info数据表，第20次写入成功
2022-07-17 12:18:07:084  vt_info数据表，第21次写入成功
2022-07-17 12:18:07:085  vt_info数据表，第22次写入成功
2022-07-17 12:18:07:086  vt_info数据表，第23次写入成功
2022-07-17 12:18:07:088  vt_info数据表，第24次写入成功
2022-07-17 12:18:07:090  vt_info数据表，第25次写入成功
2022-07-17 12:18:07:091  vt_info数据表，第26次写入成功
2022-07-17 12:18:07:093  vt_info数据表，第27次写入成功
2022-07-17 12:18:07:095  vt_info数据表，第28次写入成功
2022-07-17 12:18:07:096  vt_info数据表，第29次写入成功
2022-07-17 12:18:07:097  vt_info数据表，第30次写入成功
2022-07-17 12:18:07:098  vt_info数据表，第31次写入成功
2022-07-17 12:18:07:100  vt_info数据表，第32次写入成功
2022-07-17 12:18:07:102  vt_info数据表，第33次写入成功
2022-07-17 12:18:07:103  vt_info数据表，第34次写入成功
2022-07-17 12:18:07:124  vt_info数据表，第35次写入成功
2022-07-17 12:18:07:163  vt_info数据表，第36次写入成功
2022-07-17 12:18:07:168  vt_info数据表，第37次写入成功
2022-07-17 12:18:07:170  vt_info数据表，第38次写入成功
2022-07-17 12:18:07:175  vt_info数据表，第39次写入成功
2022-07-17 12:18:07:178  vt_info数据表，第40次写入成功
2022-07-17 12:18:07:180  vt_info数据表，第41次写入成功
2022-07-17 12:18:07:182  vt_info数据表，第42次写入成功
2022-07-17 12:18:07:183  vt_info数据表，第43次写入成功
2022-07-17 12:18:07:184  vt_info数据表，第44次写入成功
2022-07-17 12:18:07:186  vt_info数据表，第45次写入成功
2022-07-17 12:18:07:187  vt_info数据表，第46次写入成功
2022-07-17 12:18:07:208  vt_info数据表，第47次写入成功
2022-07-17 12:18:07:230  motor_info数据表，第0次写入成功
2022-07-17 12:18:07:239  motor_info数据表，第1次写入成功
2022-07-17 12:18:07:254  motor_info数据表，第2次写入成功
2022-07-17 12:18:07:256  motor_info数据表，第3次写入成功
2022-07-17 12:18:07:259  motor_info数据表，第4次写入成功
2022-07-17 12:18:07:275  motor_info数据表，第5次写入成功
2022-07-17 12:18:07:276  motor_info数据表，第6次写入成功
2022-07-17 12:18:07:278  motor_info数据表，第7次写入成功
2022-07-17 12:18:07:294  motor_info数据表，第8次写入成功
2022-07-17 12:18:07:295  motor_info数据表，第9次写入成功
2022-07-17 12:18:07:297  motor_info数据表，第10次写入成功
2022-07-17 12:18:07:299  motor_info数据表，第11次写入成功
2022-07-17 12:18:07:314  motor_info数据表，第12次写入成功
2022-07-17 12:18:07:316  motor_info数据表，第13次写入成功
2022-07-17 12:18:07:349  motor_info数据表，第14次写入成功
2022-07-17 12:18:07:373  motor_info数据表，第15次写入成功
2022-07-17 12:18:07:375  数据库关闭！
2022-07-17 12:20:22:064  正在读取检测数据...
2022-07-17 12:20:22:123  存在数据为空，请检查数据源
2022-07-17 12:23:33:115  正在读取检测数据...
2022-07-17 12:23:33:183  存在数据为空，请检查数据源
2022-07-17 12:23:34:387  正在读取检测数据...
2022-07-17 12:23:43:334  开始处理数据
2022-07-17 12:23:43:435  正在读取检测数据...
2022-07-17 12:23:43:457  正在读取检测数据...
2022-07-17 12:23:43:496  正在读取检测数据...
2022-07-17 12:23:43:519  正在读取检测数据...
2022-07-17 12:23:43:524  右侧计算完成
2022-07-17 12:23:43:556  正在读取检测数据...
2022-07-17 12:23:43:598  正在读取检测数据...
2022-07-17 12:23:43:624  正在读取检测数据...
2022-07-17 12:23:48:866  开始处理数据
2022-07-17 12:23:48:868  左侧计算完成
2022-07-17 12:23:48:869  检查结果数据
2022-07-17 12:23:48:871  通知桌面显示数据
2022-07-17 12:24:45:665  本地IP：127.0.0.1
2022-07-17 12:24:45:676  本地端口号：4500
2022-07-17 12:24:45:719  通讯模块设置成功
2022-07-17 12:24:45:741  综合数据盒连接IP：192.168.1.198
2022-07-17 12:24:45:744  正在打开设备...
2022-07-17 12:24:57:039  正在读取检测数据...
2022-07-17 12:25:03:140  开始处理数据
2022-07-17 12:25:03:463  右侧计算完成
2022-07-17 12:25:03:653  左侧计算完成
2022-07-17 12:25:03:654  检查结果数据
2022-07-17 12:25:03:658  通知桌面显示数据
2022-07-17 12:25:03:673  开始写入数据库
2022-07-17 12:25:03:855  预警及报警参数加载完成
2022-07-17 12:25:03:857  数据库打开成功
2022-07-17 12:25:03:859  train_info数据表写入成功
2022-07-17 12:25:03:861  train_onlyid读取成功
2022-07-17 12:25:03:862  train_data数据表写入成功
2022-07-17 12:25:03:864  train_fault数据表写入1、1成功
2022-07-17 12:25:03:866  train_fault数据表写入3、1成功
2022-07-17 12:25:03:867  vt_info数据表，第0次写入成功
2022-07-17 12:25:03:869  vt_info数据表，第1次写入成功
2022-07-17 12:25:03:872  vt_info数据表，第2次写入成功
2022-07-17 12:25:03:875  vt_info数据表，第3次写入成功
2022-07-17 12:25:03:881  vt_info数据表，第4次写入成功
2022-07-17 12:25:03:966  vt_info数据表，第5次写入成功
2022-07-17 12:25:03:968  vt_info数据表，第6次写入成功
2022-07-17 12:25:03:970  vt_info数据表，第7次写入成功
2022-07-17 12:25:03:973  vt_info数据表，第8次写入成功
2022-07-17 12:25:03:975  vt_info数据表，第9次写入成功
2022-07-17 12:25:03:976  vt_info数据表，第10次写入成功
2022-07-17 12:25:03:978  vt_info数据表，第11次写入成功
2022-07-17 12:25:03:980  vt_info数据表，第12次写入成功
2022-07-17 12:25:03:982  vt_info数据表，第13次写入成功
2022-07-17 12:25:03:984  vt_info数据表，第14次写入成功
2022-07-17 12:25:03:986  vt_info数据表，第15次写入成功
2022-07-17 12:25:03:994  vt_info数据表，第16次写入成功
2022-07-17 12:25:04:000  vt_info数据表，第17次写入成功
2022-07-17 12:25:04:005  vt_info数据表，第18次写入成功
2022-07-17 12:25:04:010  vt_info数据表，第19次写入成功
2022-07-17 12:25:04:014  vt_info数据表，第20次写入成功
2022-07-17 12:25:04:017  vt_info数据表，第21次写入成功
2022-07-17 12:25:04:019  vt_info数据表，第22次写入成功
2022-07-17 12:25:04:025  vt_info数据表，第23次写入成功
2022-07-17 12:25:04:028  vt_info数据表，第24次写入成功
2022-07-17 12:25:04:030  vt_info数据表，第25次写入成功
2022-07-17 12:25:04:045  vt_info数据表，第26次写入成功
2022-07-17 12:25:04:047  vt_info数据表，第27次写入成功
2022-07-17 12:25:04:049  vt_info数据表，第28次写入成功
2022-07-17 12:25:04:051  vt_info数据表，第29次写入成功
2022-07-17 12:25:04:053  vt_info数据表，第30次写入成功
2022-07-17 12:25:04:055  vt_info数据表，第31次写入成功
2022-07-17 12:25:04:058  vt_info数据表，第32次写入成功
2022-07-17 12:25:04:059  vt_info数据表，第33次写入成功
2022-07-17 12:25:04:061  vt_info数据表，第34次写入成功
2022-07-17 12:25:04:063  vt_info数据表，第35次写入成功
2022-07-17 12:25:04:065  vt_info数据表，第36次写入成功
2022-07-17 12:25:04:089  vt_info数据表，第37次写入成功
2022-07-17 12:25:04:091  vt_info数据表，第38次写入成功
2022-07-17 12:25:04:093  vt_info数据表，第39次写入成功
2022-07-17 12:25:04:095  vt_info数据表，第40次写入成功
2022-07-17 12:25:04:098  vt_info数据表，第41次写入成功
2022-07-17 12:25:04:099  vt_info数据表，第42次写入成功
2022-07-17 12:25:04:101  vt_info数据表，第43次写入成功
2022-07-17 12:25:04:116  vt_info数据表，第44次写入成功
2022-07-17 12:25:04:118  vt_info数据表，第45次写入成功
2022-07-17 12:25:04:120  vt_info数据表，第46次写入成功
2022-07-17 12:25:04:122  vt_info数据表，第47次写入成功
2022-07-17 12:25:04:126  motor_info数据表，第0次写入成功
2022-07-17 12:25:04:158  motor_info数据表，第1次写入成功
2022-07-17 12:25:04:163  motor_info数据表，第2次写入成功
2022-07-17 12:25:04:166  motor_info数据表，第3次写入成功
2022-07-17 12:25:04:168  motor_info数据表，第4次写入成功
2022-07-17 12:25:04:170  motor_info数据表，第5次写入成功
2022-07-17 12:25:04:172  motor_info数据表，第6次写入成功
2022-07-17 12:25:04:174  motor_info数据表，第7次写入成功
2022-07-17 12:25:04:199  motor_info数据表，第8次写入成功
2022-07-17 12:25:04:202  motor_info数据表，第9次写入成功
2022-07-17 12:25:04:205  motor_info数据表，第10次写入成功
2022-07-17 12:25:04:207  motor_info数据表，第11次写入成功
2022-07-17 12:25:04:209  motor_info数据表，第12次写入成功
2022-07-17 12:25:04:211  motor_info数据表，第13次写入成功
2022-07-17 12:25:04:212  motor_info数据表，第14次写入成功
2022-07-17 12:25:04:214  motor_info数据表，第15次写入成功
2022-07-17 12:25:04:216  数据库关闭！
2022-07-17 12:25:06:768  创建连接出现异常，错误代码为：-6
2022-07-17 12:25:06:780  同步采集仪设置异常
2022-07-17 12:25:06:791  采集仪增益设置异常
