2020-12-23 10:01:09:043  磁钢信号预处理完成，位置标记：1
2020-12-23 10:01:09:055  温度分轮成功，分轮数尺度为：48
2020-12-23 10:01:09:067  轴承端盖温度特征值计算完成, 位置标记：1
2020-12-23 10:01:09:078  电机温度计算完成, 位置标记：1
2020-12-23 10:01:09:087  电机温度计算完成, 位置标记：1
2020-12-23 10:01:09:091  电机温度计算完成, 位置标记：1
2020-12-23 10:01:09:094  电机温度计算完成, 位置标记：1
2020-12-23 10:01:09:098  电机温度计算完成, 位置标记：1
2020-12-23 10:01:09:101  电机温度计算完成, 位置标记：1
2020-12-23 10:01:09:105  电机温度计算完成, 位置标记：1
2020-12-23 10:01:09:108  电机温度计算完成, 位置标记：1
2020-12-23 10:01:09:109  车速为：79.0076位置标记为：1
2020-12-23 10:01:09:129  振动分轮计算完成, 位置标记：1
2020-12-23 10:01:09:417  振动特征值计算完成, 位置标记：1
2020-12-23 10:01:09:452  磁钢信号预处理完成，位置标记：0
2020-12-23 10:01:09:461  温度分轮成功，分轮数尺度为：48
2020-12-23 10:01:09:470  轴承端盖温度特征值计算完成, 位置标记：0
2020-12-23 10:01:09:477  电机温度计算完成, 位置标记：0
2020-12-23 10:01:09:479  电机温度计算完成, 位置标记：0
2020-12-23 10:01:09:482  电机温度计算完成, 位置标记：0
2020-12-23 10:01:09:484  电机温度计算完成, 位置标记：0
2020-12-23 10:01:09:487  电机温度计算完成, 位置标记：0
2020-12-23 10:01:09:490  电机温度计算完成, 位置标记：0
2020-12-23 10:01:09:492  电机温度计算完成, 位置标记：0
2020-12-23 10:01:09:495  电机温度计算完成, 位置标记：0
2020-12-23 10:01:09:496  车速为：79.0076位置标记为：0
2020-12-23 10:01:09:522  振动分轮计算完成, 位置标记：0
2020-12-23 10:01:09:861  振动特征值计算完成, 位置标记：0
2020-12-23 10:11:17:018  磁钢信号预处理完成，位置标记：1
2020-12-23 10:11:17:030  温度分轮成功，分轮数尺度为：48
2020-12-23 10:11:17:043  轴承端盖温度特征值计算完成, 位置标记：1
2020-12-23 10:11:17:052  电机温度计算完成, 位置标记：1
2020-12-23 10:11:17:056  电机温度计算完成, 位置标记：1
2020-12-23 10:11:17:059  电机温度计算完成, 位置标记：1
2020-12-23 10:11:17:063  电机温度计算完成, 位置标记：1
2020-12-23 10:11:17:066  电机温度计算完成, 位置标记：1
2020-12-23 10:11:17:070  电机温度计算完成, 位置标记：1
2020-12-23 10:11:17:073  电机温度计算完成, 位置标记：1
2020-12-23 10:11:17:076  电机温度计算完成, 位置标记：1
2020-12-23 10:11:17:077  车速为：79.0831位置标记为：1
2020-12-23 10:11:17:098  振动分轮计算完成, 位置标记：1
2020-12-23 10:11:17:446  振动特征值计算完成, 位置标记：1
2020-12-23 10:11:17:492  磁钢信号预处理完成，位置标记：0
2020-12-23 10:11:17:504  温度分轮成功，分轮数尺度为：48
2020-12-23 10:11:17:517  轴承端盖温度特征值计算完成, 位置标记：0
2020-12-23 10:11:17:526  电机温度计算完成, 位置标记：0
2020-12-23 10:11:17:530  电机温度计算完成, 位置标记：0
2020-12-23 10:11:17:533  电机温度计算完成, 位置标记：0
2020-12-23 10:11:17:536  电机温度计算完成, 位置标记：0
2020-12-23 10:11:17:540  电机温度计算完成, 位置标记：0
2020-12-23 10:11:17:543  电机温度计算完成, 位置标记：0
2020-12-23 10:11:17:547  电机温度计算完成, 位置标记：0
2020-12-23 10:11:17:550  电机温度计算完成, 位置标记：0
2020-12-23 10:11:17:551  车速为：79.0831位置标记为：0
2020-12-23 10:11:17:573  振动分轮计算完成, 位置标记：0
2020-12-23 10:11:17:891  振动特征值计算完成, 位置标记：0
2020-12-23 10:21:05:628  磁钢信号预处理完成，位置标记：1
2020-12-23 10:21:05:639  温度分轮成功，分轮数尺度为：48
2020-12-23 10:21:05:652  轴承端盖温度特征值计算完成, 位置标记：1
2020-12-23 10:21:05:661  电机温度计算完成, 位置标记：1
2020-12-23 10:21:05:664  电机温度计算完成, 位置标记：1
2020-12-23 10:21:05:667  电机温度计算完成, 位置标记：1
2020-12-23 10:21:05:671  电机温度计算完成, 位置标记：1
2020-12-23 10:21:05:674  电机温度计算完成, 位置标记：1
2020-12-23 10:21:05:677  电机温度计算完成, 位置标记：1
2020-12-23 10:21:05:681  电机温度计算完成, 位置标记：1
2020-12-23 10:21:05:684  电机温度计算完成, 位置标记：1
2020-12-23 10:21:05:685  车速为：78.8571位置标记为：1
2020-12-23 10:21:05:705  振动分轮计算完成, 位置标记：1
2020-12-23 10:21:06:037  振动特征值计算完成, 位置标记：1
2020-12-23 10:21:06:083  磁钢信号预处理完成，位置标记：0
2020-12-23 10:21:06:094  温度分轮成功，分轮数尺度为：48
2020-12-23 10:21:06:107  轴承端盖温度特征值计算完成, 位置标记：0
2020-12-23 10:21:06:116  电机温度计算完成, 位置标记：0
2020-12-23 10:21:06:120  电机温度计算完成, 位置标记：0
2020-12-23 10:21:06:123  电机温度计算完成, 位置标记：0
2020-12-23 10:21:06:126  电机温度计算完成, 位置标记：0
2020-12-23 10:21:06:130  电机温度计算完成, 位置标记：0
2020-12-23 10:21:06:133  电机温度计算完成, 位置标记：0
2020-12-23 10:21:06:137  电机温度计算完成, 位置标记：0
2020-12-23 10:21:06:140  电机温度计算完成, 位置标记：0
2020-12-23 10:21:06:141  车速为：78.8571位置标记为：0
2020-12-23 10:21:06:162  振动分轮计算完成, 位置标记：0
2020-12-23 10:21:06:496  振动特征值计算完成, 位置标记：0
2020-12-23 10:27:22:917  磁钢信号预处理完成，位置标记：1
2020-12-23 10:27:22:928  温度分轮成功，分轮数尺度为：48
2020-12-23 10:27:22:943  轴承端盖温度特征值计算完成, 位置标记：1
2020-12-23 10:27:22:954  电机温度计算完成, 位置标记：1
2020-12-23 10:27:22:958  电机温度计算完成, 位置标记：1
2020-12-23 10:27:22:961  电机温度计算完成, 位置标记：1
2020-12-23 10:27:22:964  电机温度计算完成, 位置标记：1
2020-12-23 10:27:22:967  电机温度计算完成, 位置标记：1
2020-12-23 10:27:22:971  电机温度计算完成, 位置标记：1
2020-12-23 10:27:22:974  电机温度计算完成, 位置标记：1
2020-12-23 10:27:22:977  电机温度计算完成, 位置标记：1
2020-12-23 10:27:22:978  车速为：66.8281位置标记为：1
2020-12-23 10:27:22:999  振动分轮计算完成, 位置标记：1
2020-12-23 10:27:23:333  振动特征值计算完成, 位置标记：1
2020-12-23 10:27:23:389  磁钢信号预处理完成，位置标记：0
2020-12-23 10:27:23:401  温度分轮成功，分轮数尺度为：48
2020-12-23 10:27:23:416  轴承端盖温度特征值计算完成, 位置标记：0
2020-12-23 10:27:23:427  电机温度计算完成, 位置标记：0
2020-12-23 10:27:23:430  电机温度计算完成, 位置标记：0
2020-12-23 10:27:23:434  电机温度计算完成, 位置标记：0
2020-12-23 10:27:23:437  电机温度计算完成, 位置标记：0
2020-12-23 10:27:23:440  电机温度计算完成, 位置标记：0
2020-12-23 10:27:23:443  电机温度计算完成, 位置标记：0
2020-12-23 10:27:23:447  电机温度计算完成, 位置标记：0
2020-12-23 10:27:23:450  电机温度计算完成, 位置标记：0
2020-12-23 10:27:23:451  车速为：66.8281位置标记为：0
2020-12-23 10:27:23:471  振动分轮计算完成, 位置标记：0
2020-12-23 10:27:23:805  振动特征值计算完成, 位置标记：0
2020-12-23 10:31:09:250  磁钢信号预处理完成，位置标记：1
2020-12-23 10:31:09:261  温度分轮成功，分轮数尺度为：48
2020-12-23 10:31:09:274  轴承端盖温度特征值计算完成, 位置标记：1
2020-12-23 10:31:09:283  电机温度计算完成, 位置标记：1
2020-12-23 10:31:09:297  电机温度计算完成, 位置标记：1
2020-12-23 10:31:09:301  电机温度计算完成, 位置标记：1
2020-12-23 10:31:09:304  电机温度计算完成, 位置标记：1
2020-12-23 10:31:09:307  电机温度计算完成, 位置标记：1
2020-12-23 10:31:09:311  电机温度计算完成, 位置标记：1
2020-12-23 10:31:09:314  电机温度计算完成, 位置标记：1
2020-12-23 10:31:09:318  电机温度计算完成, 位置标记：1
2020-12-23 10:31:09:319  车速为：79.0831位置标记为：1
2020-12-23 10:31:09:339  振动分轮计算完成, 位置标记：1
2020-12-23 10:31:09:675  振动特征值计算完成, 位置标记：1
2020-12-23 10:31:09:735  磁钢信号预处理完成，位置标记：0
2020-12-23 10:31:09:746  温度分轮成功，分轮数尺度为：48
2020-12-23 10:31:09:760  轴承端盖温度特征值计算完成, 位置标记：0
2020-12-23 10:31:09:768  电机温度计算完成, 位置标记：0
2020-12-23 10:31:09:772  电机温度计算完成, 位置标记：0
2020-12-23 10:31:09:776  电机温度计算完成, 位置标记：0
2020-12-23 10:31:09:782  电机温度计算完成, 位置标记：0
2020-12-23 10:31:09:794  电机温度计算完成, 位置标记：0
2020-12-23 10:31:09:797  电机温度计算完成, 位置标记：0
2020-12-23 10:31:09:801  电机温度计算完成, 位置标记：0
2020-12-23 10:31:09:804  电机温度计算完成, 位置标记：0
2020-12-23 10:31:09:805  车速为：79.0831位置标记为：0
2020-12-23 10:31:09:825  振动分轮计算完成, 位置标记：0
2020-12-23 10:31:10:159  振动特征值计算完成, 位置标记：0
2020-12-23 10:40:42:630  磁钢信号预处理完成，位置标记：1
2020-12-23 10:40:42:641  温度分轮成功，分轮数尺度为：48
2020-12-23 10:40:42:655  轴承端盖温度特征值计算完成, 位置标记：1
2020-12-23 10:40:42:669  电机温度计算完成, 位置标记：1
2020-12-23 10:40:42:674  电机温度计算完成, 位置标记：1
2020-12-23 10:40:42:678  电机温度计算完成, 位置标记：1
2020-12-23 10:40:42:681  电机温度计算完成, 位置标记：1
2020-12-23 10:40:42:684  电机温度计算完成, 位置标记：1
2020-12-23 10:40:42:688  电机温度计算完成, 位置标记：1
2020-12-23 10:40:42:691  电机温度计算完成, 位置标记：1
2020-12-23 10:40:42:695  电机温度计算完成, 位置标记：1
2020-12-23 10:40:42:695  车速为：79.4626位置标记为：1
2020-12-23 10:40:42:716  振动分轮计算完成, 位置标记：1
2020-12-23 10:40:43:054  振动特征值计算完成, 位置标记：1
2020-12-23 10:40:43:100  磁钢信号预处理完成，位置标记：0
2020-12-23 10:40:43:112  温度分轮成功，分轮数尺度为：48
2020-12-23 10:40:43:125  轴承端盖温度特征值计算完成, 位置标记：0
2020-12-23 10:40:43:134  电机温度计算完成, 位置标记：0
2020-12-23 10:40:43:137  电机温度计算完成, 位置标记：0
2020-12-23 10:40:43:142  电机温度计算完成, 位置标记：0
2020-12-23 10:40:43:153  电机温度计算完成, 位置标记：0
2020-12-23 10:40:43:156  电机温度计算完成, 位置标记：0
2020-12-23 10:40:43:160  电机温度计算完成, 位置标记：0
2020-12-23 10:40:43:163  电机温度计算完成, 位置标记：0
2020-12-23 10:40:43:167  电机温度计算完成, 位置标记：0
2020-12-23 10:40:43:167  车速为：79.4626位置标记为：0
2020-12-23 10:40:43:188  振动分轮计算完成, 位置标记：0
2020-12-23 10:40:43:524  振动特征值计算完成, 位置标记：0
2020-12-23 10:50:25:628  磁钢信号预处理完成，位置标记：1
2020-12-23 10:50:25:639  温度分轮成功，分轮数尺度为：48
2020-12-23 10:50:25:653  轴承端盖温度特征值计算完成, 位置标记：1
2020-12-23 10:50:25:662  电机温度计算完成, 位置标记：1
2020-12-23 10:50:25:668  电机温度计算完成, 位置标记：1
2020-12-23 10:50:25:679  电机温度计算完成, 位置标记：1
2020-12-23 10:50:25:683  电机温度计算完成, 位置标记：1
2020-12-23 10:50:25:686  电机温度计算完成, 位置标记：1
2020-12-23 10:50:25:689  电机温度计算完成, 位置标记：1
2020-12-23 10:50:25:693  电机温度计算完成, 位置标记：1
2020-12-23 10:50:25:696  电机温度计算完成, 位置标记：1
2020-12-23 10:50:25:697  车速为：79.3103位置标记为：1
2020-12-23 10:50:25:717  振动分轮计算完成, 位置标记：1
2020-12-23 10:50:26:057  振动特征值计算完成, 位置标记：1
2020-12-23 10:50:26:103  磁钢信号预处理完成，位置标记：0
2020-12-23 10:50:26:114  温度分轮成功，分轮数尺度为：48
2020-12-23 10:50:26:128  轴承端盖温度特征值计算完成, 位置标记：0
2020-12-23 10:50:26:138  电机温度计算完成, 位置标记：0
2020-12-23 10:50:26:141  电机温度计算完成, 位置标记：0
2020-12-23 10:50:26:146  电机温度计算完成, 位置标记：0
2020-12-23 10:50:26:159  电机温度计算完成, 位置标记：0
2020-12-23 10:50:26:163  电机温度计算完成, 位置标记：0
2020-12-23 10:50:26:166  电机温度计算完成, 位置标记：0
2020-12-23 10:50:26:170  电机温度计算完成, 位置标记：0
2020-12-23 10:50:26:173  电机温度计算完成, 位置标记：0
2020-12-23 10:50:26:174  车速为：79.3103位置标记为：0
2020-12-23 10:50:26:194  振动分轮计算完成, 位置标记：0
2020-12-23 10:50:26:531  振动特征值计算完成, 位置标记：0
2020-12-23 10:59:35:098  磁钢信号预处理完成，位置标记：1
2020-12-23 10:59:35:109  温度分轮成功，分轮数尺度为：48
2020-12-23 10:59:35:124  轴承端盖温度特征值计算完成, 位置标记：1
2020-12-23 10:59:35:140  电机温度计算完成, 位置标记：1
2020-12-23 10:59:35:144  电机温度计算完成, 位置标记：1
2020-12-23 10:59:35:147  电机温度计算完成, 位置标记：1
2020-12-23 10:59:35:150  电机温度计算完成, 位置标记：1
2020-12-23 10:59:35:154  电机温度计算完成, 位置标记：1
2020-12-23 10:59:35:157  电机温度计算完成, 位置标记：1
2020-12-23 10:59:35:160  电机温度计算完成, 位置标记：1
2020-12-23 10:59:35:164  电机温度计算完成, 位置标记：1
2020-12-23 10:59:35:165  车速为：79.4626位置标记为：1
2020-12-23 10:59:35:185  振动分轮计算完成, 位置标记：1
2020-12-23 10:59:35:491  振动特征值计算完成, 位置标记：1
2020-12-23 10:59:35:536  磁钢信号预处理完成，位置标记：0
2020-12-23 10:59:35:547  温度分轮成功，分轮数尺度为：48
2020-12-23 10:59:35:560  轴承端盖温度特征值计算完成, 位置标记：0
2020-12-23 10:59:35:569  电机温度计算完成, 位置标记：0
2020-12-23 10:59:35:572  电机温度计算完成, 位置标记：0
2020-12-23 10:59:35:576  电机温度计算完成, 位置标记：0
2020-12-23 10:59:35:579  电机温度计算完成, 位置标记：0
2020-12-23 10:59:35:582  电机温度计算完成, 位置标记：0
2020-12-23 10:59:35:589  电机温度计算完成, 位置标记：0
2020-12-23 10:59:35:600  电机温度计算完成, 位置标记：0
2020-12-23 10:59:35:603  电机温度计算完成, 位置标记：0
2020-12-23 10:59:35:604  车速为：79.4626位置标记为：0
2020-12-23 10:59:35:625  振动分轮计算完成, 位置标记：0
2020-12-23 10:59:35:959  振动特征值计算完成, 位置标记：0
