2020-12-20 18:00:04:156  magnetic4完成落盘
2020-12-20 18:00:08:184  temperate1完成落盘
2020-12-20 18:00:12:227  temperate2完成落盘
2020-12-20 18:00:16:247  temperate3完成落盘
2020-12-20 18:00:20:215  temperate4完成落盘
2020-12-20 18:00:20:222  开始处理数据
2020-12-20 18:00:20:787  右侧计算完成
2020-12-20 18:00:21:245  左侧计算完成
2020-12-20 18:00:21:247  检查结果数据
2020-12-20 18:00:21:248  通知桌面显示数据
2020-12-20 18:00:21:265  开始写入数据库
2020-12-20 18:00:21:294  预警及报警参数加载完成
2020-12-20 18:00:21:296  数据库打开成功
2020-12-20 18:00:21:297  train_info数据表写入成功
2020-12-20 18:00:21:480  train_onlyid读取成功
2020-12-20 18:00:21:481  train_data数据表写入成功
2020-12-20 18:00:21:483  vt_info数据表，第0次写入成功
2020-12-20 18:00:21:484  vt_info数据表，第1次写入成功
2020-12-20 18:00:21:486  vt_info数据表，第2次写入成功
2020-12-20 18:00:21:487  vt_info数据表，第3次写入成功
2020-12-20 18:00:21:489  vt_info数据表，第4次写入成功
2020-12-20 18:00:21:491  vt_info数据表，第5次写入成功
2020-12-20 18:00:21:492  vt_info数据表，第6次写入成功
2020-12-20 18:00:21:494  vt_info数据表，第7次写入成功
2020-12-20 18:00:21:495  vt_info数据表，第8次写入成功
2020-12-20 18:00:21:497  vt_info数据表，第9次写入成功
2020-12-20 18:00:21:498  vt_info数据表，第10次写入成功
2020-12-20 18:00:21:500  vt_info数据表，第11次写入成功
2020-12-20 18:00:21:501  vt_info数据表，第12次写入成功
2020-12-20 18:00:21:503  vt_info数据表，第13次写入成功
2020-12-20 18:00:21:505  vt_info数据表，第14次写入成功
2020-12-20 18:00:21:506  vt_info数据表，第15次写入成功
2020-12-20 18:00:21:508  vt_info数据表，第16次写入成功
2020-12-20 18:00:21:540  vt_info数据表，第17次写入成功
2020-12-20 18:00:21:542  vt_info数据表，第18次写入成功
2020-12-20 18:00:21:543  vt_info数据表，第19次写入成功
2020-12-20 18:00:21:545  vt_info数据表，第20次写入成功
2020-12-20 18:00:21:547  vt_info数据表，第21次写入成功
2020-12-20 18:00:21:548  vt_info数据表，第22次写入成功
2020-12-20 18:00:21:550  vt_info数据表，第23次写入成功
2020-12-20 18:00:21:551  vt_info数据表，第24次写入成功
2020-12-20 18:00:21:553  vt_info数据表，第25次写入成功
2020-12-20 18:00:21:554  vt_info数据表，第26次写入成功
2020-12-20 18:00:21:556  vt_info数据表，第27次写入成功
2020-12-20 18:00:21:558  vt_info数据表，第28次写入成功
2020-12-20 18:00:21:559  vt_info数据表，第29次写入成功
2020-12-20 18:00:21:561  vt_info数据表，第30次写入成功
2020-12-20 18:00:21:563  vt_info数据表，第31次写入成功
2020-12-20 18:00:21:565  vt_info数据表，第32次写入成功
2020-12-20 18:00:21:566  vt_info数据表，第33次写入成功
2020-12-20 18:00:21:599  vt_info数据表，第34次写入成功
2020-12-20 18:00:21:601  vt_info数据表，第35次写入成功
2020-12-20 18:00:21:603  vt_info数据表，第36次写入成功
2020-12-20 18:00:21:604  vt_info数据表，第37次写入成功
2020-12-20 18:00:21:606  vt_info数据表，第38次写入成功
2020-12-20 18:00:21:607  vt_info数据表，第39次写入成功
2020-12-20 18:00:21:609  vt_info数据表，第40次写入成功
2020-12-20 18:00:21:610  vt_info数据表，第41次写入成功
2020-12-20 18:00:21:612  vt_info数据表，第42次写入成功
2020-12-20 18:00:21:614  vt_info数据表，第43次写入成功
2020-12-20 18:00:21:615  vt_info数据表，第44次写入成功
2020-12-20 18:00:21:617  vt_info数据表，第45次写入成功
2020-12-20 18:00:21:618  vt_info数据表，第46次写入成功
2020-12-20 18:00:21:620  vt_info数据表，第47次写入成功
2020-12-20 18:00:21:622  motor_info数据表，第0次写入成功
2020-12-20 18:00:21:623  motor_info数据表，第1次写入成功
2020-12-20 18:00:21:625  motor_info数据表，第2次写入成功
2020-12-20 18:00:21:667  motor_info数据表，第3次写入成功
2020-12-20 18:00:21:668  motor_info数据表，第4次写入成功
2020-12-20 18:00:21:670  motor_info数据表，第5次写入成功
2020-12-20 18:00:21:671  motor_info数据表，第6次写入成功
2020-12-20 18:00:21:673  motor_info数据表，第7次写入成功
2020-12-20 18:00:21:674  motor_info数据表，第8次写入成功
2020-12-20 18:00:21:676  motor_info数据表，第9次写入成功
2020-12-20 18:00:21:677  motor_info数据表，第10次写入成功
2020-12-20 18:00:21:679  motor_info数据表，第11次写入成功
2020-12-20 18:00:21:680  motor_info数据表，第12次写入成功
2020-12-20 18:00:21:682  motor_info数据表，第13次写入成功
2020-12-20 18:00:21:684  motor_info数据表，第14次写入成功
2020-12-20 18:00:21:685  motor_info数据表，第15次写入成功
2020-12-20 18:00:21:687  数据库关闭！
2020-12-20 18:04:30:742  收到来车信号，流水号：20201220180430，所有设备开始采集
2020-12-20 18:04:30:810  开启A/D采集
2020-12-20 18:04:52:120  收到离车信号，流水号：20201220180430，线号：14，车号：037038，主控端：0，所有设备停止采集
2020-12-20 18:04:52:154  收到停止采集命令，开始停止采集
2020-12-20 18:04:52:192  停止采集数据
2020-12-20 18:04:52:193  采集连接已断开
2020-12-20 18:04:52:195  开始数据分析和落盘
2020-12-20 18:04:57:003  vibration1完成落盘
2020-12-20 18:05:01:042  vibration2完成落盘
2020-12-20 18:05:05:216  vibration3完成落盘
2020-12-20 18:05:09:426  vibration4完成落盘
2020-12-20 18:05:13:615  vibration5完成落盘
2020-12-20 18:05:17:682  vibration6完成落盘
2020-12-20 18:05:21:888  vibration7完成落盘
2020-12-20 18:05:26:087  vibration8完成落盘
2020-12-20 18:05:30:327  magnetic1完成落盘
2020-12-20 18:05:34:520  magnetic2完成落盘
2020-12-20 18:05:38:717  magnetic3完成落盘
2020-12-20 18:05:42:911  magnetic4完成落盘
2020-12-20 18:05:46:903  temperate1完成落盘
2020-12-20 18:05:50:873  temperate2完成落盘
2020-12-20 18:05:54:858  temperate3完成落盘
2020-12-20 18:05:58:846  temperate4完成落盘
2020-12-20 18:05:58:852  开始处理数据
2020-12-20 18:05:59:396  右侧计算完成
2020-12-20 18:05:59:755  左侧计算完成
2020-12-20 18:05:59:757  检查结果数据
2020-12-20 18:05:59:758  通知桌面显示数据
2020-12-20 18:05:59:772  开始写入数据库
2020-12-20 18:05:59:939  预警及报警参数加载完成
2020-12-20 18:05:59:941  数据库打开成功
2020-12-20 18:05:59:942  train_info数据表写入成功
2020-12-20 18:05:59:943  train_onlyid读取成功
2020-12-20 18:05:59:945  train_data数据表写入成功
2020-12-20 18:05:59:946  vt_info数据表，第0次写入成功
2020-12-20 18:05:59:947  vt_info数据表，第1次写入成功
2020-12-20 18:05:59:949  vt_info数据表，第2次写入成功
2020-12-20 18:05:59:950  vt_info数据表，第3次写入成功
2020-12-20 18:05:59:951  vt_info数据表，第4次写入成功
2020-12-20 18:05:59:953  vt_info数据表，第5次写入成功
2020-12-20 18:05:59:979  vt_info数据表，第6次写入成功
2020-12-20 18:05:59:980  vt_info数据表，第7次写入成功
2020-12-20 18:05:59:982  vt_info数据表，第8次写入成功
2020-12-20 18:05:59:983  vt_info数据表，第9次写入成功
2020-12-20 18:05:59:984  vt_info数据表，第10次写入成功
2020-12-20 18:05:59:985  vt_info数据表，第11次写入成功
2020-12-20 18:05:59:987  vt_info数据表，第12次写入成功
2020-12-20 18:05:59:988  vt_info数据表，第13次写入成功
2020-12-20 18:05:59:989  vt_info数据表，第14次写入成功
2020-12-20 18:05:59:991  vt_info数据表，第15次写入成功
2020-12-20 18:05:59:992  vt_info数据表，第16次写入成功
2020-12-20 18:06:00:018  vt_info数据表，第17次写入成功
2020-12-20 18:06:00:019  vt_info数据表，第18次写入成功
2020-12-20 18:06:00:020  vt_info数据表，第19次写入成功
2020-12-20 18:06:00:022  vt_info数据表，第20次写入成功
2020-12-20 18:06:00:023  vt_info数据表，第21次写入成功
2020-12-20 18:06:00:024  vt_info数据表，第22次写入成功
2020-12-20 18:06:00:025  vt_info数据表，第23次写入成功
2020-12-20 18:06:00:027  vt_info数据表，第24次写入成功
2020-12-20 18:06:00:028  vt_info数据表，第25次写入成功
2020-12-20 18:06:00:029  vt_info数据表，第26次写入成功
2020-12-20 18:06:00:055  vt_info数据表，第27次写入成功
2020-12-20 18:06:00:056  vt_info数据表，第28次写入成功
2020-12-20 18:06:00:058  vt_info数据表，第29次写入成功
2020-12-20 18:06:00:059  vt_info数据表，第30次写入成功
2020-12-20 18:06:00:060  vt_info数据表，第31次写入成功
2020-12-20 18:06:00:061  vt_info数据表，第32次写入成功
2020-12-20 18:06:00:063  vt_info数据表，第33次写入成功
2020-12-20 18:06:00:064  vt_info数据表，第34次写入成功
2020-12-20 18:06:00:066  vt_info数据表，第35次写入成功
2020-12-20 18:06:00:067  vt_info数据表，第36次写入成功
2020-12-20 18:06:00:093  vt_info数据表，第37次写入成功
2020-12-20 18:06:00:094  vt_info数据表，第38次写入成功
2020-12-20 18:06:00:095  vt_info数据表，第39次写入成功
2020-12-20 18:06:00:097  vt_info数据表，第40次写入成功
2020-12-20 18:06:00:098  vt_info数据表，第41次写入成功
2020-12-20 18:06:00:099  vt_info数据表，第42次写入成功
2020-12-20 18:06:00:100  vt_info数据表，第43次写入成功
2020-12-20 18:06:00:102  vt_info数据表，第44次写入成功
2020-12-20 18:06:00:103  vt_info数据表，第45次写入成功
2020-12-20 18:06:00:104  vt_info数据表，第46次写入成功
2020-12-20 18:06:00:105  vt_info数据表，第47次写入成功
2020-12-20 18:06:00:132  motor_info数据表，第0次写入成功
2020-12-20 18:06:00:133  motor_info数据表，第1次写入成功
2020-12-20 18:06:00:144  motor_info数据表，第2次写入成功
2020-12-20 18:06:00:145  motor_info数据表，第3次写入成功
2020-12-20 18:06:00:146  motor_info数据表，第4次写入成功
2020-12-20 18:06:00:147  motor_info数据表，第5次写入成功
2020-12-20 18:06:00:149  motor_info数据表，第6次写入成功
2020-12-20 18:06:00:150  motor_info数据表，第7次写入成功
2020-12-20 18:06:00:151  motor_info数据表，第8次写入成功
2020-12-20 18:06:00:152  motor_info数据表，第9次写入成功
2020-12-20 18:06:00:153  motor_info数据表，第10次写入成功
2020-12-20 18:06:00:155  motor_info数据表，第11次写入成功
2020-12-20 18:06:00:156  motor_info数据表，第12次写入成功
2020-12-20 18:06:00:157  motor_info数据表，第13次写入成功
2020-12-20 18:06:00:158  motor_info数据表，第14次写入成功
2020-12-20 18:06:00:184  motor_info数据表，第15次写入成功
2020-12-20 18:06:00:186  数据库关闭！
2020-12-20 18:10:21:127  收到来车信号，流水号：20201220181021，所有设备开始采集
2020-12-20 18:10:21:195  开启A/D采集
2020-12-20 18:10:42:520  收到离车信号，流水号：20201220181021，线号：14，车号：055056，主控端：1，所有设备停止采集
2020-12-20 18:10:42:555  收到停止采集命令，开始停止采集
2020-12-20 18:10:42:594  停止采集数据
2020-12-20 18:10:42:596  采集连接已断开
2020-12-20 18:10:42:598  开始数据分析和落盘
2020-12-20 18:10:46:878  vibration1完成落盘
2020-12-20 18:10:50:219  vibration2完成落盘
2020-12-20 18:10:53:478  vibration3完成落盘
2020-12-20 18:10:56:988  vibration4完成落盘
2020-12-20 18:11:00:932  vibration5完成落盘
2020-12-20 18:11:04:333  vibration6完成落盘
2020-12-20 18:11:07:573  vibration7完成落盘
2020-12-20 18:11:11:431  vibration8完成落盘
2020-12-20 18:11:14:629  magnetic1完成落盘
2020-12-20 18:11:18:189  magnetic2完成落盘
2020-12-20 18:11:21:716  magnetic3完成落盘
2020-12-20 18:11:25:353  magnetic4完成落盘
2020-12-20 18:11:29:025  temperate1完成落盘
2020-12-20 18:11:32:498  temperate2完成落盘
2020-12-20 18:11:35:320  temperate3完成落盘
2020-12-20 18:11:38:443  temperate4完成落盘
2020-12-20 18:11:38:452  开始处理数据
2020-12-20 18:11:39:011  右侧计算完成
2020-12-20 18:11:39:468  左侧计算完成
2020-12-20 18:11:39:470  检查结果数据
2020-12-20 18:11:39:471  通知桌面显示数据
2020-12-20 18:11:39:487  开始写入数据库
2020-12-20 18:11:39:513  预警及报警参数加载完成
2020-12-20 18:11:39:515  数据库打开成功
2020-12-20 18:11:39:516  train_info数据表写入成功
2020-12-20 18:11:39:691  train_onlyid读取成功
2020-12-20 18:11:39:693  train_data数据表写入成功
2020-12-20 18:11:39:694  vt_info数据表，第0次写入成功
2020-12-20 18:11:39:696  vt_info数据表，第1次写入成功
2020-12-20 18:11:39:697  vt_info数据表，第2次写入成功
2020-12-20 18:11:39:699  vt_info数据表，第3次写入成功
2020-12-20 18:11:39:701  vt_info数据表，第4次写入成功
2020-12-20 18:11:39:702  vt_info数据表，第5次写入成功
2020-12-20 18:11:39:704  vt_info数据表，第6次写入成功
2020-12-20 18:11:39:705  vt_info数据表，第7次写入成功
2020-12-20 18:11:39:707  vt_info数据表，第8次写入成功
2020-12-20 18:11:39:708  vt_info数据表，第9次写入成功
2020-12-20 18:11:39:710  vt_info数据表，第10次写入成功
2020-12-20 18:11:39:712  vt_info数据表，第11次写入成功
2020-12-20 18:11:39:713  vt_info数据表，第12次写入成功
2020-12-20 18:11:39:746  vt_info数据表，第13次写入成功
2020-12-20 18:11:39:747  vt_info数据表，第14次写入成功
2020-12-20 18:11:39:749  vt_info数据表，第15次写入成功
2020-12-20 18:11:39:750  vt_info数据表，第16次写入成功
2020-12-20 18:11:39:752  vt_info数据表，第17次写入成功
2020-12-20 18:11:39:753  vt_info数据表，第18次写入成功
2020-12-20 18:11:39:755  vt_info数据表，第19次写入成功
2020-12-20 18:11:39:756  vt_info数据表，第20次写入成功
2020-12-20 18:11:39:758  vt_info数据表，第21次写入成功
2020-12-20 18:11:39:759  vt_info数据表，第22次写入成功
2020-12-20 18:11:39:761  vt_info数据表，第23次写入成功
2020-12-20 18:11:39:763  vt_info数据表，第24次写入成功
2020-12-20 18:11:39:764  vt_info数据表，第25次写入成功
2020-12-20 18:11:39:766  vt_info数据表，第26次写入成功
2020-12-20 18:11:39:768  vt_info数据表，第27次写入成功
2020-12-20 18:11:39:801  vt_info数据表，第28次写入成功
2020-12-20 18:11:39:802  vt_info数据表，第29次写入成功
2020-12-20 18:11:39:804  vt_info数据表，第30次写入成功
2020-12-20 18:11:39:806  vt_info数据表，第31次写入成功
2020-12-20 18:11:39:807  vt_info数据表，第32次写入成功
2020-12-20 18:11:39:809  vt_info数据表，第33次写入成功
2020-12-20 18:11:39:810  vt_info数据表，第34次写入成功
2020-12-20 18:11:39:812  vt_info数据表，第35次写入成功
2020-12-20 18:11:39:813  vt_info数据表，第36次写入成功
2020-12-20 18:11:39:815  vt_info数据表，第37次写入成功
2020-12-20 18:11:39:817  vt_info数据表，第38次写入成功
2020-12-20 18:11:39:818  vt_info数据表，第39次写入成功
2020-12-20 18:11:39:820  vt_info数据表，第40次写入成功
2020-12-20 18:11:39:821  vt_info数据表，第41次写入成功
2020-12-20 18:11:39:823  vt_info数据表，第42次写入成功
2020-12-20 18:11:39:856  vt_info数据表，第43次写入成功
2020-12-20 18:11:39:857  vt_info数据表，第44次写入成功
2020-12-20 18:11:39:859  vt_info数据表，第45次写入成功
2020-12-20 18:11:39:861  vt_info数据表，第46次写入成功
2020-12-20 18:11:39:872  vt_info数据表，第47次写入成功
2020-12-20 18:11:39:873  motor_info数据表，第0次写入成功
2020-12-20 18:11:39:875  motor_info数据表，第1次写入成功
2020-12-20 18:11:39:876  motor_info数据表，第2次写入成功
2020-12-20 18:11:39:878  motor_info数据表，第3次写入成功
2020-12-20 18:11:39:879  motor_info数据表，第4次写入成功
2020-12-20 18:11:39:881  motor_info数据表，第5次写入成功
2020-12-20 18:11:39:882  motor_info数据表，第6次写入成功
2020-12-20 18:11:39:884  motor_info数据表，第7次写入成功
2020-12-20 18:11:39:885  motor_info数据表，第8次写入成功
2020-12-20 18:11:39:887  motor_info数据表，第9次写入成功
2020-12-20 18:11:39:888  motor_info数据表，第10次写入成功
2020-12-20 18:11:39:890  motor_info数据表，第11次写入成功
2020-12-20 18:11:39:892  motor_info数据表，第12次写入成功
2020-12-20 18:11:39:893  motor_info数据表，第13次写入成功
2020-12-20 18:11:39:926  motor_info数据表，第14次写入成功
2020-12-20 18:11:39:928  motor_info数据表，第15次写入成功
2020-12-20 18:11:39:929  数据库关闭！
2020-12-20 18:15:54:841  收到来车信号，流水号：20201220181554，所有设备开始采集
2020-12-20 18:15:54:908  开启A/D采集
2020-12-20 18:16:16:325  收到离车信号，流水号：20201220181554，线号：14，车号：049050，主控端：0，所有设备停止采集
2020-12-20 18:16:16:359  收到停止采集命令，开始停止采集
2020-12-20 18:16:16:397  停止采集数据
2020-12-20 18:16:16:399  采集连接已断开
2020-12-20 18:16:16:401  开始数据分析和落盘
2020-12-20 18:16:21:247  vibration1完成落盘
2020-12-20 18:16:25:504  vibration2完成落盘
2020-12-20 18:16:29:774  vibration3完成落盘
2020-12-20 18:16:33:958  vibration4完成落盘
2020-12-20 18:16:38:161  vibration5完成落盘
2020-12-20 18:16:42:411  vibration6完成落盘
2020-12-20 18:16:46:581  vibration7完成落盘
2020-12-20 18:16:50:777  vibration8完成落盘
2020-12-20 18:16:54:961  magnetic1完成落盘
2020-12-20 18:16:59:201  magnetic2完成落盘
2020-12-20 18:17:03:372  magnetic3完成落盘
2020-12-20 18:17:07:582  magnetic4完成落盘
2020-12-20 18:17:11:542  temperate1完成落盘
2020-12-20 18:17:15:545  temperate2完成落盘
2020-12-20 18:17:19:559  temperate3完成落盘
2020-12-20 18:17:23:570  temperate4完成落盘
2020-12-20 18:17:23:579  开始处理数据
2020-12-20 18:17:24:140  右侧计算完成
2020-12-20 18:17:24:600  左侧计算完成
2020-12-20 18:17:24:601  检查结果数据
2020-12-20 18:17:24:603  通知桌面显示数据
2020-12-20 18:17:24:619  开始写入数据库
2020-12-20 18:17:24:648  预警及报警参数加载完成
2020-12-20 18:17:24:650  数据库打开成功
2020-12-20 18:17:24:651  train_info数据表写入成功
2020-12-20 18:17:24:832  train_onlyid读取成功
2020-12-20 18:17:24:834  train_data数据表写入成功
2020-12-20 18:17:24:835  vt_info数据表，第0次写入成功
2020-12-20 18:17:24:838  vt_info数据表，第1次写入成功
2020-12-20 18:17:24:840  vt_info数据表，第2次写入成功
2020-12-20 18:17:24:841  vt_info数据表，第3次写入成功
2020-12-20 18:17:24:843  vt_info数据表，第4次写入成功
2020-12-20 18:17:24:844  vt_info数据表，第5次写入成功
2020-12-20 18:17:24:846  vt_info数据表，第6次写入成功
2020-12-20 18:17:24:848  vt_info数据表，第7次写入成功
2020-12-20 18:17:24:849  vt_info数据表，第8次写入成功
2020-12-20 18:17:24:851  vt_info数据表，第9次写入成功
2020-12-20 18:17:24:852  vt_info数据表，第10次写入成功
2020-12-20 18:17:24:854  vt_info数据表，第11次写入成功
2020-12-20 18:17:24:854  vt_info数据表，第12次写入成功
2020-12-20 18:17:24:857  vt_info数据表，第13次写入成功
2020-12-20 18:17:24:858  vt_info数据表，第14次写入成功
2020-12-20 18:17:24:891  vt_info数据表，第15次写入成功
2020-12-20 18:17:24:893  vt_info数据表，第16次写入成功
2020-12-20 18:17:24:894  vt_info数据表，第17次写入成功
2020-12-20 18:17:24:896  vt_info数据表，第18次写入成功
2020-12-20 18:17:24:897  vt_info数据表，第19次写入成功
2020-12-20 18:17:24:899  vt_info数据表，第20次写入成功
2020-12-20 18:17:24:901  vt_info数据表，第21次写入成功
2020-12-20 18:17:24:902  vt_info数据表，第22次写入成功
2020-12-20 18:17:24:904  vt_info数据表，第23次写入成功
2020-12-20 18:17:24:905  vt_info数据表，第24次写入成功
2020-12-20 18:17:24:907  vt_info数据表，第25次写入成功
2020-12-20 18:17:24:908  vt_info数据表，第26次写入成功
2020-12-20 18:17:24:910  vt_info数据表，第27次写入成功
2020-12-20 18:17:24:912  vt_info数据表，第28次写入成功
2020-12-20 18:17:24:913  vt_info数据表，第29次写入成功
2020-12-20 18:17:24:915  vt_info数据表，第30次写入成功
2020-12-20 18:17:24:947  vt_info数据表，第31次写入成功
2020-12-20 18:17:24:949  vt_info数据表，第32次写入成功
2020-12-20 18:17:24:951  vt_info数据表，第33次写入成功
2020-12-20 18:17:24:952  vt_info数据表，第34次写入成功
2020-12-20 18:17:24:954  vt_info数据表，第35次写入成功
2020-12-20 18:17:24:955  vt_info数据表，第36次写入成功
2020-12-20 18:17:24:957  vt_info数据表，第37次写入成功
2020-12-20 18:17:24:959  vt_info数据表，第38次写入成功
2020-12-20 18:17:24:960  vt_info数据表，第39次写入成功
2020-12-20 18:17:24:962  vt_info数据表，第40次写入成功
2020-12-20 18:17:24:963  vt_info数据表，第41次写入成功
2020-12-20 18:17:24:965  vt_info数据表，第42次写入成功
2020-12-20 18:17:24:966  vt_info数据表，第43次写入成功
2020-12-20 18:17:24:968  vt_info数据表，第44次写入成功
2020-12-20 18:17:24:969  vt_info数据表，第45次写入成功
2020-12-20 18:17:25:012  vt_info数据表，第46次写入成功
2020-12-20 18:17:25:013  vt_info数据表，第47次写入成功
2020-12-20 18:17:25:015  motor_info数据表，第0次写入成功
2020-12-20 18:17:25:016  motor_info数据表，第1次写入成功
2020-12-20 18:17:25:018  motor_info数据表，第2次写入成功
2020-12-20 18:17:25:019  motor_info数据表，第3次写入成功
2020-12-20 18:17:25:021  motor_info数据表，第4次写入成功
2020-12-20 18:17:25:023  motor_info数据表，第5次写入成功
2020-12-20 18:17:25:024  motor_info数据表，第6次写入成功
2020-12-20 18:17:25:026  motor_info数据表，第7次写入成功
2020-12-20 18:17:25:027  motor_info数据表，第8次写入成功
2020-12-20 18:17:25:029  motor_info数据表，第9次写入成功
2020-12-20 18:17:25:030  motor_info数据表，第10次写入成功
2020-12-20 18:17:25:032  motor_info数据表，第11次写入成功
2020-12-20 18:17:25:033  motor_info数据表，第12次写入成功
2020-12-20 18:17:25:035  motor_info数据表，第13次写入成功
2020-12-20 18:17:25:036  motor_info数据表，第14次写入成功
2020-12-20 18:17:25:038  motor_info数据表，第15次写入成功
2020-12-20 18:17:25:039  数据库关闭！
2020-12-20 18:21:47:523  收到来车信号，流水号：20201220182147，所有设备开始采集
2020-12-20 18:21:47:591  开启A/D采集
2020-12-20 18:22:09:121  收到离车信号，流水号：20201220182147，线号：14，车号：007008，主控端：0，所有设备停止采集
2020-12-20 18:22:09:154  收到停止采集命令，开始停止采集
2020-12-20 18:22:09:192  停止采集数据
2020-12-20 18:22:09:194  采集连接已断开
2020-12-20 18:22:09:195  开始数据分析和落盘
2020-12-20 18:22:13:473  vibration1完成落盘
2020-12-20 18:22:16:972  vibration2完成落盘
2020-12-20 18:22:20:336  vibration3完成落盘
2020-12-20 18:22:24:271  vibration4完成落盘
2020-12-20 18:22:27:855  vibration5完成落盘
2020-12-20 18:22:31:344  vibration6完成落盘
2020-12-20 18:22:35:034  vibration7完成落盘
2020-12-20 18:22:39:098  vibration8完成落盘
2020-12-20 18:22:43:208  magnetic1完成落盘
2020-12-20 18:22:46:868  magnetic2完成落盘
2020-12-20 18:22:49:900  magnetic3完成落盘
2020-12-20 18:22:53:621  magnetic4完成落盘
2020-12-20 18:22:57:198  temperate1完成落盘
2020-12-20 18:23:00:452  temperate2完成落盘
2020-12-20 18:23:03:844  temperate3完成落盘
2020-12-20 18:23:07:142  temperate4完成落盘
2020-12-20 18:23:07:150  开始处理数据
2020-12-20 18:23:07:710  右侧计算完成
2020-12-20 18:23:08:171  左侧计算完成
2020-12-20 18:23:08:173  检查结果数据
2020-12-20 18:23:08:174  通知桌面显示数据
2020-12-20 18:23:08:191  开始写入数据库
2020-12-20 18:23:08:219  预警及报警参数加载完成
2020-12-20 18:23:08:221  数据库打开成功
2020-12-20 18:23:08:223  train_info数据表写入成功
2020-12-20 18:23:08:406  train_onlyid读取成功
2020-12-20 18:23:08:407  train_data数据表写入成功
2020-12-20 18:23:08:409  vt_info数据表，第0次写入成功
2020-12-20 18:23:08:411  vt_info数据表，第1次写入成功
2020-12-20 18:23:08:412  vt_info数据表，第2次写入成功
2020-12-20 18:23:08:414  vt_info数据表，第3次写入成功
2020-12-20 18:23:08:415  vt_info数据表，第4次写入成功
2020-12-20 18:23:08:417  vt_info数据表，第5次写入成功
2020-12-20 18:23:08:418  vt_info数据表，第6次写入成功
2020-12-20 18:23:08:420  vt_info数据表，第7次写入成功
2020-12-20 18:23:08:422  vt_info数据表，第8次写入成功
2020-12-20 18:23:08:423  vt_info数据表，第9次写入成功
2020-12-20 18:23:08:425  vt_info数据表，第10次写入成功
2020-12-20 18:23:08:426  vt_info数据表，第11次写入成功
2020-12-20 18:23:08:428  vt_info数据表，第12次写入成功
2020-12-20 18:23:08:430  vt_info数据表，第13次写入成功
2020-12-20 18:23:08:431  vt_info数据表，第14次写入成功
2020-12-20 18:23:08:433  vt_info数据表，第15次写入成功
2020-12-20 18:23:08:434  vt_info数据表，第16次写入成功
2020-12-20 18:23:08:467  vt_info数据表，第17次写入成功
2020-12-20 18:23:08:469  vt_info数据表，第18次写入成功
2020-12-20 18:23:08:470  vt_info数据表，第19次写入成功
2020-12-20 18:23:08:472  vt_info数据表，第20次写入成功
2020-12-20 18:23:08:474  vt_info数据表，第21次写入成功
2020-12-20 18:23:08:475  vt_info数据表，第22次写入成功
2020-12-20 18:23:08:477  vt_info数据表，第23次写入成功
2020-12-20 18:23:08:479  vt_info数据表，第24次写入成功
2020-12-20 18:23:08:480  vt_info数据表，第25次写入成功
2020-12-20 18:23:08:482  vt_info数据表，第26次写入成功
2020-12-20 18:23:08:484  vt_info数据表，第27次写入成功
2020-12-20 18:23:08:485  vt_info数据表，第28次写入成功
2020-12-20 18:23:08:487  vt_info数据表，第29次写入成功
2020-12-20 18:23:08:488  vt_info数据表，第30次写入成功
2020-12-20 18:23:08:490  vt_info数据表，第31次写入成功
2020-12-20 18:23:08:491  vt_info数据表，第32次写入成功
2020-12-20 18:23:08:524  vt_info数据表，第33次写入成功
2020-12-20 18:23:08:526  vt_info数据表，第34次写入成功
2020-12-20 18:23:08:527  vt_info数据表，第35次写入成功
2020-12-20 18:23:08:529  vt_info数据表，第36次写入成功
2020-12-20 18:23:08:530  vt_info数据表，第37次写入成功
2020-12-20 18:23:08:532  vt_info数据表，第38次写入成功
2020-12-20 18:23:08:534  vt_info数据表，第39次写入成功
2020-12-20 18:23:08:535  vt_info数据表，第40次写入成功
2020-12-20 18:23:08:537  vt_info数据表，第41次写入成功
2020-12-20 18:23:08:539  vt_info数据表，第42次写入成功
2020-12-20 18:23:08:540  vt_info数据表，第43次写入成功
2020-12-20 18:23:08:542  vt_info数据表，第44次写入成功
2020-12-20 18:23:08:544  vt_info数据表，第45次写入成功
2020-12-20 18:23:08:545  vt_info数据表，第46次写入成功
2020-12-20 18:23:08:547  vt_info数据表，第47次写入成功
2020-12-20 18:23:08:548  motor_info数据表，第0次写入成功
2020-12-20 18:23:08:591  motor_info数据表，第1次写入成功
2020-12-20 18:23:08:592  motor_info数据表，第2次写入成功
2020-12-20 18:23:08:594  motor_info数据表，第3次写入成功
2020-12-20 18:23:08:595  motor_info数据表，第4次写入成功
2020-12-20 18:23:08:597  motor_info数据表，第5次写入成功
2020-12-20 18:23:08:599  motor_info数据表，第6次写入成功
2020-12-20 18:23:08:600  motor_info数据表，第7次写入成功
2020-12-20 18:23:08:602  motor_info数据表，第8次写入成功
2020-12-20 18:23:08:603  motor_info数据表，第9次写入成功
2020-12-20 18:23:08:605  motor_info数据表，第10次写入成功
2020-12-20 18:23:08:606  motor_info数据表，第11次写入成功
2020-12-20 18:23:08:608  motor_info数据表，第12次写入成功
2020-12-20 18:23:08:609  motor_info数据表，第13次写入成功
2020-12-20 18:23:08:611  motor_info数据表，第14次写入成功
2020-12-20 18:23:08:612  motor_info数据表，第15次写入成功
2020-12-20 18:23:08:614  数据库关闭！
2020-12-20 18:27:26:844  收到来车信号，流水号：20201220182726，所有设备开始采集
2020-12-20 18:27:26:912  开启A/D采集
2020-12-20 18:27:48:326  收到离车信号，流水号：20201220182726，线号：14，车号：005006，主控端：0，所有设备停止采集
2020-12-20 18:27:48:360  收到停止采集命令，开始停止采集
2020-12-20 18:27:48:398  停止采集数据
2020-12-20 18:27:48:399  采集连接已断开
2020-12-20 18:27:48:401  开始数据分析和落盘
2020-12-20 18:27:53:059  vibration1完成落盘
2020-12-20 18:27:57:278  vibration2完成落盘
2020-12-20 18:28:01:535  vibration3完成落盘
2020-12-20 18:28:05:782  vibration4完成落盘
2020-12-20 18:28:09:920  vibration5完成落盘
2020-12-20 18:28:14:181  vibration6完成落盘
2020-12-20 18:28:18:421  vibration7完成落盘
2020-12-20 18:28:22:578  vibration8完成落盘
2020-12-20 18:28:26:864  magnetic1完成落盘
2020-12-20 18:28:31:095  magnetic2完成落盘
2020-12-20 18:28:35:313  magnetic3完成落盘
2020-12-20 18:28:39:480  magnetic4完成落盘
2020-12-20 18:28:43:446  temperate1完成落盘
2020-12-20 18:28:47:441  temperate2完成落盘
2020-12-20 18:28:51:445  temperate3完成落盘
2020-12-20 18:28:55:501  temperate4完成落盘
2020-12-20 18:28:55:508  开始处理数据
2020-12-20 18:28:56:071  右侧计算完成
2020-12-20 18:28:56:529  左侧计算完成
2020-12-20 18:28:56:530  检查结果数据
2020-12-20 18:28:56:532  通知桌面显示数据
2020-12-20 18:28:56:549  开始写入数据库
2020-12-20 18:28:56:577  预警及报警参数加载完成
2020-12-20 18:28:56:579  数据库打开成功
2020-12-20 18:28:56:580  train_info数据表写入成功
2020-12-20 18:28:56:762  train_onlyid读取成功
2020-12-20 18:28:56:764  train_data数据表写入成功
2020-12-20 18:28:56:766  vt_info数据表，第0次写入成功
2020-12-20 18:28:56:767  vt_info数据表，第1次写入成功
2020-12-20 18:28:56:769  vt_info数据表，第2次写入成功
2020-12-20 18:28:56:770  vt_info数据表，第3次写入成功
2020-12-20 18:28:56:772  vt_info数据表，第4次写入成功
2020-12-20 18:28:56:774  vt_info数据表，第5次写入成功
2020-12-20 18:28:56:775  vt_info数据表，第6次写入成功
2020-12-20 18:28:56:777  vt_info数据表，第7次写入成功
2020-12-20 18:28:56:778  vt_info数据表，第8次写入成功
2020-12-20 18:28:56:780  vt_info数据表，第9次写入成功
2020-12-20 18:28:56:782  vt_info数据表，第10次写入成功
2020-12-20 18:28:56:783  vt_info数据表，第11次写入成功
2020-12-20 18:28:56:785  vt_info数据表，第12次写入成功
2020-12-20 18:28:56:786  vt_info数据表，第13次写入成功
2020-12-20 18:28:56:788  vt_info数据表，第14次写入成功
2020-12-20 18:28:56:790  vt_info数据表，第15次写入成功
2020-12-20 18:28:56:822  vt_info数据表，第16次写入成功
2020-12-20 18:28:56:823  vt_info数据表，第17次写入成功
2020-12-20 18:28:56:825  vt_info数据表，第18次写入成功
2020-12-20 18:28:56:827  vt_info数据表，第19次写入成功
2020-12-20 18:28:56:828  vt_info数据表，第20次写入成功
2020-12-20 18:28:56:830  vt_info数据表，第21次写入成功
2020-12-20 18:28:56:831  vt_info数据表，第22次写入成功
2020-12-20 18:28:56:833  vt_info数据表，第23次写入成功
2020-12-20 18:28:56:835  vt_info数据表，第24次写入成功
2020-12-20 18:28:56:836  vt_info数据表，第25次写入成功
2020-12-20 18:28:56:838  vt_info数据表，第26次写入成功
2020-12-20 18:28:56:840  vt_info数据表，第27次写入成功
2020-12-20 18:28:56:841  vt_info数据表，第28次写入成功
2020-12-20 18:28:56:843  vt_info数据表，第29次写入成功
2020-12-20 18:28:56:844  vt_info数据表，第30次写入成功
2020-12-20 18:28:56:846  vt_info数据表，第31次写入成功
2020-12-20 18:28:56:878  vt_info数据表，第32次写入成功
2020-12-20 18:28:56:880  vt_info数据表，第33次写入成功
2020-12-20 18:28:56:882  vt_info数据表，第34次写入成功
2020-12-20 18:28:56:883  vt_info数据表，第35次写入成功
2020-12-20 18:28:56:885  vt_info数据表，第36次写入成功
2020-12-20 18:28:56:886  vt_info数据表，第37次写入成功
2020-12-20 18:28:56:888  vt_info数据表，第38次写入成功
2020-12-20 18:28:56:889  vt_info数据表，第39次写入成功
2020-12-20 18:28:56:891  vt_info数据表，第40次写入成功
2020-12-20 18:28:56:892  vt_info数据表，第41次写入成功
2020-12-20 18:28:56:894  vt_info数据表，第42次写入成功
2020-12-20 18:28:56:896  vt_info数据表，第43次写入成功
2020-12-20 18:28:56:897  vt_info数据表，第44次写入成功
2020-12-20 18:28:56:899  vt_info数据表，第45次写入成功
2020-12-20 18:28:56:901  vt_info数据表，第46次写入成功
2020-12-20 18:28:56:903  vt_info数据表，第47次写入成功
2020-12-20 18:28:56:904  motor_info数据表，第0次写入成功
2020-12-20 18:28:56:946  motor_info数据表，第1次写入成功
2020-12-20 18:28:56:948  motor_info数据表，第2次写入成功
2020-12-20 18:28:56:950  motor_info数据表，第3次写入成功
2020-12-20 18:28:56:951  motor_info数据表，第4次写入成功
2020-12-20 18:28:56:953  motor_info数据表，第5次写入成功
2020-12-20 18:28:56:954  motor_info数据表，第6次写入成功
2020-12-20 18:28:56:956  motor_info数据表，第7次写入成功
2020-12-20 18:28:56:957  motor_info数据表，第8次写入成功
2020-12-20 18:28:56:959  motor_info数据表，第9次写入成功
2020-12-20 18:28:56:961  motor_info数据表，第10次写入成功
2020-12-20 18:28:56:962  motor_info数据表，第11次写入成功
2020-12-20 18:28:56:964  motor_info数据表，第12次写入成功
2020-12-20 18:28:56:965  motor_info数据表，第13次写入成功
2020-12-20 18:28:56:966  motor_info数据表，第14次写入成功
2020-12-20 18:28:56:968  motor_info数据表，第15次写入成功
2020-12-20 18:28:56:970  数据库关闭！
2020-12-20 18:33:23:345  收到来车信号，流水号：20201220183323，所有设备开始采集
2020-12-20 18:33:23:413  开启A/D采集
2020-12-20 18:33:44:829  收到离车信号，流水号：20201220183323，线号：14，车号：027028，主控端：0，所有设备停止采集
2020-12-20 18:33:44:863  收到停止采集命令，开始停止采集
2020-12-20 18:33:44:903  停止采集数据
2020-12-20 18:33:44:904  采集连接已断开
2020-12-20 18:33:44:906  开始数据分析和落盘
2020-12-20 18:33:49:726  vibration1完成落盘
2020-12-20 18:33:53:954  vibration2完成落盘
2020-12-20 18:33:58:183  vibration3完成落盘
2020-12-20 18:34:02:411  vibration4完成落盘
2020-12-20 18:34:06:628  vibration5完成落盘
2020-12-20 18:34:10:646  vibration6完成落盘
2020-12-20 18:34:14:818  vibration7完成落盘
2020-12-20 18:34:19:045  vibration8完成落盘
2020-12-20 18:34:23:278  magnetic1完成落盘
2020-12-20 18:34:27:361  magnetic2完成落盘
2020-12-20 18:34:31:501  magnetic3完成落盘
2020-12-20 18:34:35:620  magnetic4完成落盘
2020-12-20 18:34:39:661  temperate1完成落盘
2020-12-20 18:34:43:717  temperate2完成落盘
2020-12-20 18:34:47:752  temperate3完成落盘
2020-12-20 18:34:51:549  temperate4完成落盘
2020-12-20 18:34:51:556  开始处理数据
2020-12-20 18:34:52:098  右侧计算完成
2020-12-20 18:34:52:561  左侧计算完成
2020-12-20 18:34:52:563  检查结果数据
2020-12-20 18:34:52:564  通知桌面显示数据
2020-12-20 18:34:52:581  开始写入数据库
2020-12-20 18:34:52:609  预警及报警参数加载完成
2020-12-20 18:34:52:611  数据库打开成功
2020-12-20 18:34:52:612  train_info数据表写入成功
2020-12-20 18:34:52:796  train_onlyid读取成功
2020-12-20 18:34:52:798  train_data数据表写入成功
2020-12-20 18:34:52:799  vt_info数据表，第0次写入成功
2020-12-20 18:34:52:801  vt_info数据表，第1次写入成功
2020-12-20 18:34:52:802  vt_info数据表，第2次写入成功
2020-12-20 18:34:52:804  vt_info数据表，第3次写入成功
2020-12-20 18:34:52:805  vt_info数据表，第4次写入成功
2020-12-20 18:34:52:807  vt_info数据表，第5次写入成功
2020-12-20 18:34:52:808  vt_info数据表，第6次写入成功
2020-12-20 18:34:52:810  vt_info数据表，第7次写入成功
2020-12-20 18:34:52:811  vt_info数据表，第8次写入成功
2020-12-20 18:34:52:813  vt_info数据表，第9次写入成功
2020-12-20 18:34:52:814  vt_info数据表，第10次写入成功
2020-12-20 18:34:52:816  vt_info数据表，第11次写入成功
2020-12-20 18:34:52:817  vt_info数据表，第12次写入成功
2020-12-20 18:34:52:819  vt_info数据表，第13次写入成功
2020-12-20 18:34:52:821  vt_info数据表，第14次写入成功
2020-12-20 18:34:52:822  vt_info数据表，第15次写入成功
2020-12-20 18:34:52:824  vt_info数据表，第16次写入成功
2020-12-20 18:34:52:856  vt_info数据表，第17次写入成功
2020-12-20 18:34:52:858  vt_info数据表，第18次写入成功
2020-12-20 18:34:52:859  vt_info数据表，第19次写入成功
2020-12-20 18:34:52:861  vt_info数据表，第20次写入成功
2020-12-20 18:34:52:862  vt_info数据表，第21次写入成功
2020-12-20 18:34:52:864  vt_info数据表，第22次写入成功
2020-12-20 18:34:52:865  vt_info数据表，第23次写入成功
2020-12-20 18:34:52:867  vt_info数据表，第24次写入成功
2020-12-20 18:34:52:868  vt_info数据表，第25次写入成功
2020-12-20 18:34:52:870  vt_info数据表，第26次写入成功
2020-12-20 18:34:52:871  vt_info数据表，第27次写入成功
2020-12-20 18:34:52:873  vt_info数据表，第28次写入成功
2020-12-20 18:34:52:875  vt_info数据表，第29次写入成功
2020-12-20 18:34:52:876  vt_info数据表，第30次写入成功
2020-12-20 18:34:52:878  vt_info数据表，第31次写入成功
2020-12-20 18:34:52:880  vt_info数据表，第32次写入成功
2020-12-20 18:34:52:882  vt_info数据表，第33次写入成功
2020-12-20 18:34:52:914  vt_info数据表，第34次写入成功
2020-12-20 18:34:52:916  vt_info数据表，第35次写入成功
2020-12-20 18:34:52:918  vt_info数据表，第36次写入成功
2020-12-20 18:34:52:920  vt_info数据表，第37次写入成功
2020-12-20 18:34:52:921  vt_info数据表，第38次写入成功
2020-12-20 18:34:52:923  vt_info数据表，第39次写入成功
2020-12-20 18:34:52:925  vt_info数据表，第40次写入成功
2020-12-20 18:34:52:926  vt_info数据表，第41次写入成功
2020-12-20 18:34:52:928  vt_info数据表，第42次写入成功
2020-12-20 18:34:52:929  vt_info数据表，第43次写入成功
2020-12-20 18:34:52:931  vt_info数据表，第44次写入成功
2020-12-20 18:34:52:933  vt_info数据表，第45次写入成功
2020-12-20 18:34:52:934  vt_info数据表，第46次写入成功
2020-12-20 18:34:52:936  vt_info数据表，第47次写入成功
2020-12-20 18:34:52:937  motor_info数据表，第0次写入成功
2020-12-20 18:34:52:939  motor_info数据表，第1次写入成功
2020-12-20 18:34:52:981  motor_info数据表，第2次写入成功
2020-12-20 18:34:52:982  motor_info数据表，第3次写入成功
2020-12-20 18:34:52:984  motor_info数据表，第4次写入成功
2020-12-20 18:34:52:986  motor_info数据表，第5次写入成功
2020-12-20 18:34:52:987  motor_info数据表，第6次写入成功
2020-12-20 18:34:52:988  motor_info数据表，第7次写入成功
2020-12-20 18:34:52:990  motor_info数据表，第8次写入成功
2020-12-20 18:34:52:992  motor_info数据表，第9次写入成功
2020-12-20 18:34:52:993  motor_info数据表，第10次写入成功
2020-12-20 18:34:52:995  motor_info数据表，第11次写入成功
2020-12-20 18:34:52:996  motor_info数据表，第12次写入成功
2020-12-20 18:34:52:998  motor_info数据表，第13次写入成功
2020-12-20 18:34:52:999  motor_info数据表，第14次写入成功
2020-12-20 18:34:53:001  motor_info数据表，第15次写入成功
2020-12-20 18:34:53:002  数据库关闭！
2020-12-20 18:39:00:629  收到来车信号，流水号：20201220183900，所有设备开始采集
2020-12-20 18:39:00:696  开启A/D采集
2020-12-20 18:39:22:020  收到离车信号，流水号：20201220183900，线号：14，车号：045046，主控端：0，所有设备停止采集
2020-12-20 18:39:22:054  收到停止采集命令，开始停止采集
2020-12-20 18:39:22:091  停止采集数据
2020-12-20 18:39:22:092  采集连接已断开
2020-12-20 18:39:22:094  开始数据分析和落盘
2020-12-20 18:39:26:168  vibration1完成落盘
2020-12-20 18:39:29:530  vibration2完成落盘
2020-12-20 18:39:33:445  vibration3完成落盘
2020-12-20 18:39:37:588  vibration4完成落盘
2020-12-20 18:39:41:201  vibration5完成落盘
2020-12-20 18:39:44:735  vibration6完成落盘
2020-12-20 18:39:48:291  vibration7完成落盘
2020-12-20 18:39:51:664  vibration8完成落盘
2020-12-20 18:39:55:626  magnetic1完成落盘
2020-12-20 18:39:59:434  magnetic2完成落盘
2020-12-20 18:40:02:991  magnetic3完成落盘
2020-12-20 18:40:06:181  magnetic4完成落盘
2020-12-20 18:40:09:370  temperate1完成落盘
2020-12-20 18:40:12:571  temperate2完成落盘
2020-12-20 18:40:16:073  temperate3完成落盘
2020-12-20 18:40:19:372  temperate4完成落盘
2020-12-20 18:40:19:381  开始处理数据
2020-12-20 18:40:19:937  右侧计算完成
2020-12-20 18:40:20:371  左侧计算完成
2020-12-20 18:40:20:373  检查结果数据
2020-12-20 18:40:20:374  通知桌面显示数据
2020-12-20 18:40:20:389  开始写入数据库
2020-12-20 18:40:20:417  预警及报警参数加载完成
2020-12-20 18:40:20:419  数据库打开成功
2020-12-20 18:40:20:421  train_info数据表写入成功
2020-12-20 18:40:20:593  train_onlyid读取成功
2020-12-20 18:40:20:595  train_data数据表写入成功
2020-12-20 18:40:20:596  vt_info数据表，第0次写入成功
2020-12-20 18:40:20:597  vt_info数据表，第1次写入成功
2020-12-20 18:40:20:599  vt_info数据表，第2次写入成功
2020-12-20 18:40:20:600  vt_info数据表，第3次写入成功
2020-12-20 18:40:20:602  vt_info数据表，第4次写入成功
2020-12-20 18:40:20:603  vt_info数据表，第5次写入成功
2020-12-20 18:40:20:604  vt_info数据表，第6次写入成功
2020-12-20 18:40:20:605  vt_info数据表，第7次写入成功
2020-12-20 18:40:20:607  vt_info数据表，第8次写入成功
2020-12-20 18:40:20:608  vt_info数据表，第9次写入成功
2020-12-20 18:40:20:610  vt_info数据表，第10次写入成功
2020-12-20 18:40:20:611  vt_info数据表，第11次写入成功
2020-12-20 18:40:20:612  vt_info数据表，第12次写入成功
2020-12-20 18:40:20:640  vt_info数据表，第13次写入成功
2020-12-20 18:40:20:641  vt_info数据表，第14次写入成功
2020-12-20 18:40:20:643  vt_info数据表，第15次写入成功
2020-12-20 18:40:20:644  vt_info数据表，第16次写入成功
2020-12-20 18:40:20:645  vt_info数据表，第17次写入成功
2020-12-20 18:40:20:647  vt_info数据表，第18次写入成功
2020-12-20 18:40:20:648  vt_info数据表，第19次写入成功
2020-12-20 18:40:20:650  vt_info数据表，第20次写入成功
2020-12-20 18:40:20:651  vt_info数据表，第21次写入成功
2020-12-20 18:40:20:652  vt_info数据表，第22次写入成功
2020-12-20 18:40:20:654  vt_info数据表，第23次写入成功
2020-12-20 18:40:20:655  vt_info数据表，第24次写入成功
2020-12-20 18:40:20:682  vt_info数据表，第25次写入成功
2020-12-20 18:40:20:683  vt_info数据表，第26次写入成功
2020-12-20 18:40:20:684  vt_info数据表，第27次写入成功
2020-12-20 18:40:20:685  vt_info数据表，第28次写入成功
2020-12-20 18:40:20:687  vt_info数据表，第29次写入成功
2020-12-20 18:40:20:688  vt_info数据表，第30次写入成功
2020-12-20 18:40:20:689  vt_info数据表，第31次写入成功
2020-12-20 18:40:20:691  vt_info数据表，第32次写入成功
2020-12-20 18:40:20:692  vt_info数据表，第33次写入成功
2020-12-20 18:40:20:693  vt_info数据表，第34次写入成功
2020-12-20 18:40:20:694  vt_info数据表，第35次写入成功
2020-12-20 18:40:20:696  vt_info数据表，第36次写入成功
2020-12-20 18:40:20:722  vt_info数据表，第37次写入成功
2020-12-20 18:40:20:723  vt_info数据表，第38次写入成功
2020-12-20 18:40:20:724  vt_info数据表，第39次写入成功
2020-12-20 18:40:20:726  vt_info数据表，第40次写入成功
2020-12-20 18:40:20:727  vt_info数据表，第41次写入成功
2020-12-20 18:40:20:728  vt_info数据表，第42次写入成功
2020-12-20 18:40:20:730  vt_info数据表，第43次写入成功
2020-12-20 18:40:20:731  vt_info数据表，第44次写入成功
2020-12-20 18:40:20:732  vt_info数据表，第45次写入成功
2020-12-20 18:40:20:733  vt_info数据表，第46次写入成功
2020-12-20 18:40:20:735  vt_info数据表，第47次写入成功
2020-12-20 18:40:20:775  motor_info数据表，第0次写入成功
2020-12-20 18:40:20:776  motor_info数据表，第1次写入成功
2020-12-20 18:40:20:778  motor_info数据表，第2次写入成功
2020-12-20 18:40:20:779  motor_info数据表，第3次写入成功
2020-12-20 18:40:20:781  motor_info数据表，第4次写入成功
2020-12-20 18:40:20:782  motor_info数据表，第5次写入成功
2020-12-20 18:40:20:784  motor_info数据表，第6次写入成功
2020-12-20 18:40:20:785  motor_info数据表，第7次写入成功
2020-12-20 18:40:20:787  motor_info数据表，第8次写入成功
2020-12-20 18:40:20:788  motor_info数据表，第9次写入成功
2020-12-20 18:40:20:790  motor_info数据表，第10次写入成功
2020-12-20 18:40:20:791  motor_info数据表，第11次写入成功
2020-12-20 18:40:20:793  motor_info数据表，第12次写入成功
2020-12-20 18:40:20:794  motor_info数据表，第13次写入成功
2020-12-20 18:40:20:796  motor_info数据表，第14次写入成功
2020-12-20 18:40:20:797  motor_info数据表，第15次写入成功
2020-12-20 18:40:20:799  数据库关闭！
2020-12-20 18:44:45:827  收到来车信号，流水号：20201220184445，所有设备开始采集
2020-12-20 18:44:45:895  开启A/D采集
2020-12-20 18:45:07:326  收到离车信号，流水号：20201220184445，线号：14，车号：033034，主控端：1，所有设备停止采集
2020-12-20 18:45:07:360  收到停止采集命令，开始停止采集
2020-12-20 18:45:07:398  停止采集数据
2020-12-20 18:45:07:400  采集连接已断开
2020-12-20 18:45:07:402  开始数据分析和落盘
2020-12-20 18:45:12:178  vibration1完成落盘
2020-12-20 18:45:16:326  vibration2完成落盘
2020-12-20 18:45:20:540  vibration3完成落盘
2020-12-20 18:45:24:477  vibration4完成落盘
2020-12-20 18:45:28:690  vibration5完成落盘
2020-12-20 18:45:32:913  vibration6完成落盘
2020-12-20 18:45:37:150  vibration7完成落盘
2020-12-20 18:45:41:382  vibration8完成落盘
2020-12-20 18:45:45:662  magnetic1完成落盘
2020-12-20 18:45:49:888  magnetic2完成落盘
2020-12-20 18:45:54:090  magnetic3完成落盘
2020-12-20 18:45:58:268  magnetic4完成落盘
2020-12-20 18:46:02:302  temperate1完成落盘
2020-12-20 18:46:06:315  temperate2完成落盘
2020-12-20 18:46:10:318  temperate3完成落盘
2020-12-20 18:46:14:354  temperate4完成落盘
2020-12-20 18:46:14:362  开始处理数据
2020-12-20 18:46:14:926  右侧计算完成
2020-12-20 18:46:15:384  左侧计算完成
2020-12-20 18:46:15:386  检查结果数据
2020-12-20 18:46:15:387  通知桌面显示数据
2020-12-20 18:46:15:404  开始写入数据库
2020-12-20 18:46:15:432  预警及报警参数加载完成
2020-12-20 18:46:15:434  数据库打开成功
2020-12-20 18:46:15:435  train_info数据表写入成功
2020-12-20 18:46:15:616  train_onlyid读取成功
2020-12-20 18:46:15:618  train_data数据表写入成功
2020-12-20 18:46:15:619  vt_info数据表，第0次写入成功
2020-12-20 18:46:15:621  vt_info数据表，第1次写入成功
2020-12-20 18:46:15:623  vt_info数据表，第2次写入成功
2020-12-20 18:46:15:624  vt_info数据表，第3次写入成功
2020-12-20 18:46:15:626  vt_info数据表，第4次写入成功
2020-12-20 18:46:15:627  vt_info数据表，第5次写入成功
2020-12-20 18:46:15:629  vt_info数据表，第6次写入成功
2020-12-20 18:46:15:630  vt_info数据表，第7次写入成功
2020-12-20 18:46:15:632  vt_info数据表，第8次写入成功
2020-12-20 18:46:15:633  vt_info数据表，第9次写入成功
2020-12-20 18:46:15:635  vt_info数据表，第10次写入成功
2020-12-20 18:46:15:636  vt_info数据表，第11次写入成功
2020-12-20 18:46:15:638  vt_info数据表，第12次写入成功
2020-12-20 18:46:15:639  vt_info数据表，第13次写入成功
2020-12-20 18:46:15:641  vt_info数据表，第14次写入成功
2020-12-20 18:46:15:674  vt_info数据表，第15次写入成功
2020-12-20 18:46:15:675  vt_info数据表，第16次写入成功
2020-12-20 18:46:15:677  vt_info数据表，第17次写入成功
2020-12-20 18:46:15:679  vt_info数据表，第18次写入成功
2020-12-20 18:46:15:680  vt_info数据表，第19次写入成功
2020-12-20 18:46:15:682  vt_info数据表，第20次写入成功
2020-12-20 18:46:15:683  vt_info数据表，第21次写入成功
2020-12-20 18:46:15:685  vt_info数据表，第22次写入成功
2020-12-20 18:46:15:687  vt_info数据表，第23次写入成功
2020-12-20 18:46:15:688  vt_info数据表，第24次写入成功
2020-12-20 18:46:15:690  vt_info数据表，第25次写入成功
2020-12-20 18:46:15:691  vt_info数据表，第26次写入成功
2020-12-20 18:46:15:693  vt_info数据表，第27次写入成功
2020-12-20 18:46:15:695  vt_info数据表，第28次写入成功
2020-12-20 18:46:15:696  vt_info数据表，第29次写入成功
2020-12-20 18:46:15:698  vt_info数据表，第30次写入成功
2020-12-20 18:46:15:731  vt_info数据表，第31次写入成功
2020-12-20 18:46:15:732  vt_info数据表，第32次写入成功
2020-12-20 18:46:15:734  vt_info数据表，第33次写入成功
2020-12-20 18:46:15:735  vt_info数据表，第34次写入成功
2020-12-20 18:46:15:737  vt_info数据表，第35次写入成功
2020-12-20 18:46:15:739  vt_info数据表，第36次写入成功
2020-12-20 18:46:15:741  vt_info数据表，第37次写入成功
2020-12-20 18:46:15:742  vt_info数据表，第38次写入成功
2020-12-20 18:46:15:744  vt_info数据表，第39次写入成功
2020-12-20 18:46:15:745  vt_info数据表，第40次写入成功
2020-12-20 18:46:15:747  vt_info数据表，第41次写入成功
2020-12-20 18:46:15:749  vt_info数据表，第42次写入成功
2020-12-20 18:46:15:750  vt_info数据表，第43次写入成功
2020-12-20 18:46:15:752  vt_info数据表，第44次写入成功
2020-12-20 18:46:15:753  vt_info数据表，第45次写入成功
2020-12-20 18:46:15:795  vt_info数据表，第46次写入成功
2020-12-20 18:46:15:797  vt_info数据表，第47次写入成功
2020-12-20 18:46:15:798  motor_info数据表，第0次写入成功
2020-12-20 18:46:15:800  motor_info数据表，第1次写入成功
2020-12-20 18:46:15:802  motor_info数据表，第2次写入成功
2020-12-20 18:46:15:803  motor_info数据表，第3次写入成功
2020-12-20 18:46:15:805  motor_info数据表，第4次写入成功
2020-12-20 18:46:15:806  motor_info数据表，第5次写入成功
2020-12-20 18:46:15:808  motor_info数据表，第6次写入成功
2020-12-20 18:46:15:809  motor_info数据表，第7次写入成功
2020-12-20 18:46:15:811  motor_info数据表，第8次写入成功
2020-12-20 18:46:15:813  motor_info数据表，第9次写入成功
2020-12-20 18:46:15:814  motor_info数据表，第10次写入成功
2020-12-20 18:46:15:816  motor_info数据表，第11次写入成功
2020-12-20 18:46:15:817  motor_info数据表，第12次写入成功
2020-12-20 18:46:15:819  motor_info数据表，第13次写入成功
2020-12-20 18:46:15:820  motor_info数据表，第14次写入成功
2020-12-20 18:46:15:822  motor_info数据表，第15次写入成功
2020-12-20 18:46:15:823  数据库关闭！
2020-12-20 18:50:33:382  收到来车信号，流水号：20201220185033，所有设备开始采集
2020-12-20 18:50:33:451  开启A/D采集
2020-12-20 18:50:54:821  收到离车信号，流水号：20201220185033，线号：14，车号：025026，主控端：0，所有设备停止采集
2020-12-20 18:50:54:856  收到停止采集命令，开始停止采集
2020-12-20 18:50:54:894  停止采集数据
2020-12-20 18:50:54:896  采集连接已断开
2020-12-20 18:50:54:898  开始数据分析和落盘
2020-12-20 18:50:58:858  vibration1完成落盘
2020-12-20 18:51:01:953  vibration2完成落盘
2020-12-20 18:51:05:611  vibration3完成落盘
2020-12-20 18:51:09:115  vibration4完成落盘
2020-12-20 18:51:12:645  vibration5完成落盘
2020-12-20 18:51:16:531  vibration6完成落盘
2020-12-20 18:51:20:264  vibration7完成落盘
2020-12-20 18:51:23:635  vibration8完成落盘
2020-12-20 18:51:26:692  magnetic1完成落盘
2020-12-20 18:51:30:542  magnetic2完成落盘
2020-12-20 18:51:34:298  magnetic3完成落盘
2020-12-20 18:51:37:407  magnetic4完成落盘
2020-12-20 18:51:40:444  temperate1完成落盘
2020-12-20 18:51:43:696  temperate2完成落盘
2020-12-20 18:51:46:872  temperate3完成落盘
2020-12-20 18:51:50:414  temperate4完成落盘
2020-12-20 18:51:50:421  开始处理数据
2020-12-20 18:51:50:973  右侧计算完成
2020-12-20 18:51:51:400  左侧计算完成
2020-12-20 18:51:51:401  检查结果数据
2020-12-20 18:51:51:403  通知桌面显示数据
2020-12-20 18:51:51:417  开始写入数据库
2020-12-20 18:51:51:560  预警及报警参数加载完成
2020-12-20 18:51:51:562  数据库打开成功
2020-12-20 18:51:51:563  train_info数据表写入成功
2020-12-20 18:51:51:584  train_onlyid读取成功
2020-12-20 18:51:51:585  train_data数据表写入成功
2020-12-20 18:51:51:587  vt_info数据表，第0次写入成功
2020-12-20 18:51:51:588  vt_info数据表，第1次写入成功
2020-12-20 18:51:51:589  vt_info数据表，第2次写入成功
2020-12-20 18:51:51:611  vt_info数据表，第3次写入成功
2020-12-20 18:51:51:612  vt_info数据表，第4次写入成功
2020-12-20 18:51:51:613  vt_info数据表，第5次写入成功
2020-12-20 18:51:51:615  vt_info数据表，第6次写入成功
2020-12-20 18:51:51:616  vt_info数据表，第7次写入成功
2020-12-20 18:51:51:617  vt_info数据表，第8次写入成功
2020-12-20 18:51:51:618  vt_info数据表，第9次写入成功
2020-12-20 18:51:51:641  vt_info数据表，第10次写入成功
2020-12-20 18:51:51:642  vt_info数据表，第11次写入成功
2020-12-20 18:51:51:643  vt_info数据表，第12次写入成功
2020-12-20 18:51:51:644  vt_info数据表，第13次写入成功
2020-12-20 18:51:51:645  vt_info数据表，第14次写入成功
2020-12-20 18:51:51:646  vt_info数据表，第15次写入成功
2020-12-20 18:51:51:647  vt_info数据表，第16次写入成功
2020-12-20 18:51:51:648  vt_info数据表，第17次写入成功
2020-12-20 18:51:51:650  vt_info数据表，第18次写入成功
2020-12-20 18:51:51:672  vt_info数据表，第19次写入成功
2020-12-20 18:51:51:674  vt_info数据表，第20次写入成功
2020-12-20 18:51:51:675  vt_info数据表，第21次写入成功
2020-12-20 18:51:51:676  vt_info数据表，第22次写入成功
2020-12-20 18:51:51:677  vt_info数据表，第23次写入成功
2020-12-20 18:51:51:678  vt_info数据表，第24次写入成功
2020-12-20 18:51:51:679  vt_info数据表，第25次写入成功
2020-12-20 18:51:51:681  vt_info数据表，第26次写入成功
2020-12-20 18:51:51:682  vt_info数据表，第27次写入成功
2020-12-20 18:51:51:712  vt_info数据表，第28次写入成功
2020-12-20 18:51:51:713  vt_info数据表，第29次写入成功
2020-12-20 18:51:51:715  vt_info数据表，第30次写入成功
2020-12-20 18:51:51:717  vt_info数据表，第31次写入成功
2020-12-20 18:51:51:718  vt_info数据表，第32次写入成功
2020-12-20 18:51:51:720  vt_info数据表，第33次写入成功
2020-12-20 18:51:51:721  vt_info数据表，第34次写入成功
2020-12-20 18:51:51:723  vt_info数据表，第35次写入成功
2020-12-20 18:51:51:724  vt_info数据表，第36次写入成功
2020-12-20 18:51:51:726  vt_info数据表，第37次写入成功
2020-12-20 18:51:51:728  vt_info数据表，第38次写入成功
2020-12-20 18:51:51:760  vt_info数据表，第39次写入成功
2020-12-20 18:51:51:762  vt_info数据表，第40次写入成功
2020-12-20 18:51:51:763  vt_info数据表，第41次写入成功
2020-12-20 18:51:51:765  vt_info数据表，第42次写入成功
2020-12-20 18:51:51:767  vt_info数据表，第43次写入成功
2020-12-20 18:51:51:768  vt_info数据表，第44次写入成功
2020-12-20 18:51:51:770  vt_info数据表，第45次写入成功
2020-12-20 18:51:51:772  vt_info数据表，第46次写入成功
2020-12-20 18:51:51:773  vt_info数据表，第47次写入成功
2020-12-20 18:51:51:775  motor_info数据表，第0次写入成功
2020-12-20 18:51:51:777  motor_info数据表，第1次写入成功
2020-12-20 18:51:51:778  motor_info数据表，第2次写入成功
2020-12-20 18:51:51:780  motor_info数据表，第3次写入成功
2020-12-20 18:51:51:781  motor_info数据表，第4次写入成功
2020-12-20 18:51:51:783  motor_info数据表，第5次写入成功
2020-12-20 18:51:51:825  motor_info数据表，第6次写入成功
2020-12-20 18:51:51:827  motor_info数据表，第7次写入成功
2020-12-20 18:51:51:828  motor_info数据表，第8次写入成功
2020-12-20 18:51:51:830  motor_info数据表，第9次写入成功
2020-12-20 18:51:51:832  motor_info数据表，第10次写入成功
2020-12-20 18:51:51:833  motor_info数据表，第11次写入成功
2020-12-20 18:51:51:835  motor_info数据表，第12次写入成功
2020-12-20 18:51:51:836  motor_info数据表，第13次写入成功
2020-12-20 18:51:51:838  motor_info数据表，第14次写入成功
2020-12-20 18:51:51:840  motor_info数据表，第15次写入成功
2020-12-20 18:51:51:841  数据库关闭！
2020-12-20 18:56:14:830  收到来车信号，流水号：20201220185614，所有设备开始采集
2020-12-20 18:56:14:898  开启A/D采集
2020-12-20 18:56:36:223  收到离车信号，流水号：20201220185614，线号：14，车号：023024，主控端：0，所有设备停止采集
2020-12-20 18:56:36:257  收到停止采集命令，开始停止采集
2020-12-20 18:56:36:293  停止采集数据
2020-12-20 18:56:36:294  采集连接已断开
2020-12-20 18:56:36:296  开始数据分析和落盘
2020-12-20 18:56:41:089  vibration1完成落盘
2020-12-20 18:56:45:268  vibration2完成落盘
2020-12-20 18:56:49:421  vibration3完成落盘
2020-12-20 18:56:53:515  vibration4完成落盘
2020-12-20 18:56:57:651  vibration5完成落盘
2020-12-20 18:57:01:823  vibration6完成落盘
2020-12-20 18:57:06:003  vibration7完成落盘
2020-12-20 18:57:10:201  vibration8完成落盘
2020-12-20 18:57:14:442  magnetic1完成落盘
2020-12-20 18:57:18:560  magnetic2完成落盘
2020-12-20 18:57:22:703  magnetic3完成落盘
2020-12-20 18:57:26:899  magnetic4完成落盘
2020-12-20 18:57:30:870  temperate1完成落盘
2020-12-20 18:57:34:824  temperate2完成落盘
2020-12-20 18:57:38:709  temperate3完成落盘
2020-12-20 18:57:42:660  temperate4完成落盘
2020-12-20 18:57:42:673  开始处理数据
2020-12-20 18:57:43:238  右侧计算完成
2020-12-20 18:57:43:696  左侧计算完成
2020-12-20 18:57:43:697  检查结果数据
2020-12-20 18:57:43:699  通知桌面显示数据
2020-12-20 18:57:43:716  开始写入数据库
2020-12-20 18:57:43:745  预警及报警参数加载完成
2020-12-20 18:57:43:746  数据库打开成功
2020-12-20 18:57:43:748  train_info数据表写入成功
2020-12-20 18:57:43:930  train_onlyid读取成功
2020-12-20 18:57:43:932  train_data数据表写入成功
2020-12-20 18:57:43:933  vt_info数据表，第0次写入成功
2020-12-20 18:57:43:935  vt_info数据表，第1次写入成功
2020-12-20 18:57:43:936  vt_info数据表，第2次写入成功
2020-12-20 18:57:43:938  vt_info数据表，第3次写入成功
2020-12-20 18:57:43:940  vt_info数据表，第4次写入成功
2020-12-20 18:57:43:941  vt_info数据表，第5次写入成功
2020-12-20 18:57:43:943  vt_info数据表，第6次写入成功
2020-12-20 18:57:43:944  vt_info数据表，第7次写入成功
2020-12-20 18:57:43:946  vt_info数据表，第8次写入成功
2020-12-20 18:57:43:947  vt_info数据表，第9次写入成功
2020-12-20 18:57:43:949  vt_info数据表，第10次写入成功
2020-12-20 18:57:43:951  vt_info数据表，第11次写入成功
2020-12-20 18:57:43:952  vt_info数据表，第12次写入成功
2020-12-20 18:57:43:954  vt_info数据表，第13次写入成功
2020-12-20 18:57:43:955  vt_info数据表，第14次写入成功
2020-12-20 18:57:43:988  vt_info数据表，第15次写入成功
2020-12-20 18:57:43:989  vt_info数据表，第16次写入成功
2020-12-20 18:57:43:991  vt_info数据表，第17次写入成功
2020-12-20 18:57:43:993  vt_info数据表，第18次写入成功
2020-12-20 18:57:43:994  vt_info数据表，第19次写入成功
2020-12-20 18:57:43:996  vt_info数据表，第20次写入成功
2020-12-20 18:57:43:998  vt_info数据表，第21次写入成功
2020-12-20 18:57:43:999  vt_info数据表，第22次写入成功
2020-12-20 18:57:44:001  vt_info数据表，第23次写入成功
2020-12-20 18:57:44:002  vt_info数据表，第24次写入成功
2020-12-20 18:57:44:004  vt_info数据表，第25次写入成功
2020-12-20 18:57:44:006  vt_info数据表，第26次写入成功
2020-12-20 18:57:44:007  vt_info数据表，第27次写入成功
2020-12-20 18:57:44:009  vt_info数据表，第28次写入成功
2020-12-20 18:57:44:010  vt_info数据表，第29次写入成功
2020-12-20 18:57:44:012  vt_info数据表，第30次写入成功
2020-12-20 18:57:44:044  vt_info数据表，第31次写入成功
2020-12-20 18:57:44:045  vt_info数据表，第32次写入成功
2020-12-20 18:57:44:047  vt_info数据表，第33次写入成功
2020-12-20 18:57:44:048  vt_info数据表，第34次写入成功
2020-12-20 18:57:44:050  vt_info数据表，第35次写入成功
2020-12-20 18:57:44:051  vt_info数据表，第36次写入成功
2020-12-20 18:57:44:053  vt_info数据表，第37次写入成功
2020-12-20 18:57:44:054  vt_info数据表，第38次写入成功
2020-12-20 18:57:44:055  vt_info数据表，第39次写入成功
2020-12-20 18:57:44:057  vt_info数据表，第40次写入成功
2020-12-20 18:57:44:058  vt_info数据表，第41次写入成功
2020-12-20 18:57:44:060  vt_info数据表，第42次写入成功
2020-12-20 18:57:44:061  vt_info数据表，第43次写入成功
2020-12-20 18:57:44:063  vt_info数据表，第44次写入成功
2020-12-20 18:57:44:093  vt_info数据表，第45次写入成功
2020-12-20 18:57:44:094  vt_info数据表，第46次写入成功
2020-12-20 18:57:44:096  vt_info数据表，第47次写入成功
2020-12-20 18:57:44:097  motor_info数据表，第0次写入成功
2020-12-20 18:57:44:108  motor_info数据表，第1次写入成功
2020-12-20 18:57:44:109  motor_info数据表，第2次写入成功
2020-12-20 18:57:44:111  motor_info数据表，第3次写入成功
2020-12-20 18:57:44:112  motor_info数据表，第4次写入成功
2020-12-20 18:57:44:113  motor_info数据表，第5次写入成功
2020-12-20 18:57:44:115  motor_info数据表，第6次写入成功
2020-12-20 18:57:44:116  motor_info数据表，第7次写入成功
2020-12-20 18:57:44:118  motor_info数据表，第8次写入成功
2020-12-20 18:57:44:119  motor_info数据表，第9次写入成功
2020-12-20 18:57:44:121  motor_info数据表，第10次写入成功
2020-12-20 18:57:44:122  motor_info数据表，第11次写入成功
2020-12-20 18:57:44:124  motor_info数据表，第12次写入成功
2020-12-20 18:57:44:125  motor_info数据表，第13次写入成功
2020-12-20 18:57:44:159  motor_info数据表，第14次写入成功
2020-12-20 18:57:44:160  motor_info数据表，第15次写入成功
2020-12-20 18:57:44:162  数据库关闭！
