2020-12-29 08:04:17:661  磁钢信号预处理完成，位置标记：1
2020-12-29 08:04:17:681  温度分轮成功，分轮数尺度为：48
2020-12-29 08:04:17:697  轴承端盖温度特征值计算完成, 位置标记：1
2020-12-29 08:04:17:711  电机温度计算完成, 位置标记：1
2020-12-29 08:04:17:715  电机温度计算完成, 位置标记：1
2020-12-29 08:04:17:717  电机温度计算完成, 位置标记：1
2020-12-29 08:04:17:719  电机温度计算完成, 位置标记：1
2020-12-29 08:04:17:723  电机温度计算完成, 位置标记：1
2020-12-29 08:04:17:725  电机温度计算完成, 位置标记：1
2020-12-29 08:04:17:727  电机温度计算完成, 位置标记：1
2020-12-29 08:04:17:729  电机温度计算完成, 位置标记：1
2020-12-29 08:04:17:731  车速为：43.9024位置标记为：1
2020-12-29 08:04:17:767  振动分轮计算完成, 位置标记：1
2020-12-29 08:04:17:973  振动特征值计算完成, 位置标记：1
2020-12-29 08:04:18:055  磁钢信号预处理完成，位置标记：0
2020-12-29 08:04:18:075  温度分轮成功，分轮数尺度为：48
2020-12-29 08:04:18:091  轴承端盖温度特征值计算完成, 位置标记：0
2020-12-29 08:04:18:105  电机温度计算完成, 位置标记：0
2020-12-29 08:04:18:107  电机温度计算完成, 位置标记：0
2020-12-29 08:04:18:111  电机温度计算完成, 位置标记：0
2020-12-29 08:04:18:113  电机温度计算完成, 位置标记：0
2020-12-29 08:04:18:115  电机温度计算完成, 位置标记：0
2020-12-29 08:04:18:117  电机温度计算完成, 位置标记：0
2020-12-29 08:04:18:119  电机温度计算完成, 位置标记：0
2020-12-29 08:04:18:121  电机温度计算完成, 位置标记：0
2020-12-29 08:04:18:123  车速为：43.9024位置标记为：0
2020-12-29 08:04:18:157  振动分轮计算完成, 位置标记：0
2020-12-29 08:04:18:331  振动特征值计算完成, 位置标记：0
2020-12-29 08:11:04:954  磁钢信号预处理完成，位置标记：1
2020-12-29 08:11:04:974  温度分轮成功，分轮数尺度为：48
2020-12-29 08:11:04:988  轴承端盖温度特征值计算完成, 位置标记：1
2020-12-29 08:11:05:002  电机温度计算完成, 位置标记：1
2020-12-29 08:11:05:003  电机温度计算完成, 位置标记：1
2020-12-29 08:11:05:006  电机温度计算完成, 位置标记：1
2020-12-29 08:11:05:007  电机温度计算完成, 位置标记：1
2020-12-29 08:11:05:010  电机温度计算完成, 位置标记：1
2020-12-29 08:11:05:013  电机温度计算完成, 位置标记：1
2020-12-29 08:11:05:015  电机温度计算完成, 位置标记：1
2020-12-29 08:11:05:018  电机温度计算完成, 位置标记：1
2020-12-29 08:11:05:018  车速为：43.8095位置标记为：1
2020-12-29 08:11:05:052  振动分轮计算完成, 位置标记：1
2020-12-29 08:11:05:228  振动特征值计算完成, 位置标记：1
2020-12-29 08:11:05:310  磁钢信号预处理完成，位置标记：0
2020-12-29 08:11:05:326  温度分轮成功，分轮数尺度为：48
2020-12-29 08:11:05:336  轴承端盖温度特征值计算完成, 位置标记：0
2020-12-29 08:11:05:348  电机温度计算完成, 位置标记：0
2020-12-29 08:11:05:350  电机温度计算完成, 位置标记：0
2020-12-29 08:11:05:352  电机温度计算完成, 位置标记：0
2020-12-29 08:11:05:352  电机温度计算完成, 位置标记：0
2020-12-29 08:11:05:354  电机温度计算完成, 位置标记：0
2020-12-29 08:11:05:356  电机温度计算完成, 位置标记：0
2020-12-29 08:11:05:358  电机温度计算完成, 位置标记：0
2020-12-29 08:11:05:360  电机温度计算完成, 位置标记：0
2020-12-29 08:11:05:360  车速为：43.8095位置标记为：0
2020-12-29 08:11:05:386  振动分轮计算完成, 位置标记：0
2020-12-29 08:11:05:530  振动特征值计算完成, 位置标记：0
2020-12-29 08:17:40:493  磁钢信号预处理完成，位置标记：1
2020-12-29 08:17:40:513  温度分轮成功，分轮数尺度为：48
2020-12-29 08:17:40:529  轴承端盖温度特征值计算完成, 位置标记：1
2020-12-29 08:17:40:545  电机温度计算完成, 位置标记：1
2020-12-29 08:17:40:549  电机温度计算完成, 位置标记：1
2020-12-29 08:17:40:551  电机温度计算完成, 位置标记：1
2020-12-29 08:17:40:555  电机温度计算完成, 位置标记：1
2020-12-29 08:17:40:557  电机温度计算完成, 位置标记：1
2020-12-29 08:17:40:559  电机温度计算完成, 位置标记：1
2020-12-29 08:17:40:561  电机温度计算完成, 位置标记：1
2020-12-29 08:17:40:565  电机温度计算完成, 位置标记：1
2020-12-29 08:17:40:565  车速为：43.6709位置标记为：1
2020-12-29 08:17:40:603  振动分轮计算完成, 位置标记：1
2020-12-29 08:17:40:807  振动特征值计算完成, 位置标记：1
2020-12-29 08:17:40:883  磁钢信号预处理完成，位置标记：0
2020-12-29 08:17:40:901  温度分轮成功，分轮数尺度为：48
2020-12-29 08:17:40:915  轴承端盖温度特征值计算完成, 位置标记：0
2020-12-29 08:17:40:929  电机温度计算完成, 位置标记：0
2020-12-29 08:17:40:931  电机温度计算完成, 位置标记：0
2020-12-29 08:17:40:933  电机温度计算完成, 位置标记：0
2020-12-29 08:17:40:935  电机温度计算完成, 位置标记：0
2020-12-29 08:17:40:937  电机温度计算完成, 位置标记：0
2020-12-29 08:17:40:939  电机温度计算完成, 位置标记：0
2020-12-29 08:17:40:941  电机温度计算完成, 位置标记：0
2020-12-29 08:17:40:943  电机温度计算完成, 位置标记：0
2020-12-29 08:17:40:945  车速为：43.6709位置标记为：0
2020-12-29 08:17:40:973  振动分轮计算完成, 位置标记：0
2020-12-29 08:17:41:129  振动特征值计算完成, 位置标记：0
2020-12-29 08:22:37:164  磁钢信号预处理完成，位置标记：1
2020-12-29 08:22:37:184  温度分轮成功，分轮数尺度为：48
2020-12-29 08:22:37:200  轴承端盖温度特征值计算完成, 位置标记：1
2020-12-29 08:22:37:216  电机温度计算完成, 位置标记：1
2020-12-29 08:22:37:218  电机温度计算完成, 位置标记：1
2020-12-29 08:22:37:220  电机温度计算完成, 位置标记：1
2020-12-29 08:22:37:222  电机温度计算完成, 位置标记：1
2020-12-29 08:22:37:226  电机温度计算完成, 位置标记：1
2020-12-29 08:22:37:228  电机温度计算完成, 位置标记：1
2020-12-29 08:22:37:230  电机温度计算完成, 位置标记：1
2020-12-29 08:22:37:232  电机温度计算完成, 位置标记：1
2020-12-29 08:22:37:234  车速为：43.8095位置标记为：1
2020-12-29 08:22:37:272  振动分轮计算完成, 位置标记：1
2020-12-29 08:22:37:476  振动特征值计算完成, 位置标记：1
2020-12-29 08:22:37:554  磁钢信号预处理完成，位置标记：0
2020-12-29 08:22:37:574  温度分轮成功，分轮数尺度为：48
2020-12-29 08:22:37:592  轴承端盖温度特征值计算完成, 位置标记：0
2020-12-29 08:22:37:608  电机温度计算完成, 位置标记：0
2020-12-29 08:22:37:610  电机温度计算完成, 位置标记：0
2020-12-29 08:22:37:612  电机温度计算完成, 位置标记：0
2020-12-29 08:22:37:616  电机温度计算完成, 位置标记：0
2020-12-29 08:22:37:618  电机温度计算完成, 位置标记：0
2020-12-29 08:22:37:620  电机温度计算完成, 位置标记：0
2020-12-29 08:22:37:624  电机温度计算完成, 位置标记：0
2020-12-29 08:22:37:626  电机温度计算完成, 位置标记：0
2020-12-29 08:22:37:626  车速为：43.8095位置标记为：0
2020-12-29 08:22:37:664  振动分轮计算完成, 位置标记：0
2020-12-29 08:22:37:868  振动特征值计算完成, 位置标记：0
2020-12-29 08:32:42:279  磁钢信号预处理完成，位置标记：1
2020-12-29 08:32:42:301  温度分轮成功，分轮数尺度为：48
2020-12-29 08:32:42:321  轴承端盖温度特征值计算完成, 位置标记：1
2020-12-29 08:32:42:341  电机温度计算完成, 位置标记：1
2020-12-29 08:32:42:343  电机温度计算完成, 位置标记：1
2020-12-29 08:32:42:347  电机温度计算完成, 位置标记：1
2020-12-29 08:32:42:349  电机温度计算完成, 位置标记：1
2020-12-29 08:32:42:353  电机温度计算完成, 位置标记：1
2020-12-29 08:32:42:355  电机温度计算完成, 位置标记：1
2020-12-29 08:32:42:357  电机温度计算完成, 位置标记：1
2020-12-29 08:32:42:361  电机温度计算完成, 位置标记：1
2020-12-29 08:32:42:361  车速为：36.8164位置标记为：1
2020-12-29 08:32:42:399  振动分轮计算完成, 位置标记：1
2020-12-29 08:32:42:631  振动特征值计算完成, 位置标记：1
2020-12-29 08:32:42:711  磁钢信号预处理完成，位置标记：0
2020-12-29 08:32:42:733  温度分轮成功，分轮数尺度为：48
2020-12-29 08:32:42:753  轴承端盖温度特征值计算完成, 位置标记：0
2020-12-29 08:32:42:771  电机温度计算完成, 位置标记：0
2020-12-29 08:32:42:775  电机温度计算完成, 位置标记：0
2020-12-29 08:32:42:777  电机温度计算完成, 位置标记：0
2020-12-29 08:32:42:781  电机温度计算完成, 位置标记：0
2020-12-29 08:32:42:783  电机温度计算完成, 位置标记：0
2020-12-29 08:32:42:787  电机温度计算完成, 位置标记：0
2020-12-29 08:32:42:789  电机温度计算完成, 位置标记：0
2020-12-29 08:32:42:791  电机温度计算完成, 位置标记：0
2020-12-29 08:32:42:793  车速为：36.8164位置标记为：0
2020-12-29 08:32:42:831  振动分轮计算完成, 位置标记：0
2020-12-29 08:32:43:069  振动特征值计算完成, 位置标记：0
2020-12-29 08:47:35:353  磁钢信号预处理完成，位置标记：1
2020-12-29 08:47:35:371  温度分轮成功，分轮数尺度为：48
2020-12-29 08:47:35:389  轴承端盖温度特征值计算完成, 位置标记：1
2020-12-29 08:47:35:405  电机温度计算完成, 位置标记：1
2020-12-29 08:47:35:409  电机温度计算完成, 位置标记：1
2020-12-29 08:47:35:411  电机温度计算完成, 位置标记：1
2020-12-29 08:47:35:413  电机温度计算完成, 位置标记：1
2020-12-29 08:47:35:415  电机温度计算完成, 位置标记：1
2020-12-29 08:47:35:417  电机温度计算完成, 位置标记：1
2020-12-29 08:47:35:421  电机温度计算完成, 位置标记：1
2020-12-29 08:47:35:423  电机温度计算完成, 位置标记：1
2020-12-29 08:47:35:423  车速为：36.3636位置标记为：1
2020-12-29 08:47:35:453  振动分轮计算完成, 位置标记：1
2020-12-29 08:47:35:641  振动特征值计算完成, 位置标记：1
2020-12-29 08:47:35:709  磁钢信号预处理完成，位置标记：0
2020-12-29 08:47:35:723  温度分轮成功，分轮数尺度为：48
2020-12-29 08:47:35:737  轴承端盖温度特征值计算完成, 位置标记：0
2020-12-29 08:47:35:751  电机温度计算完成, 位置标记：0
2020-12-29 08:47:35:753  电机温度计算完成, 位置标记：0
2020-12-29 08:47:35:755  电机温度计算完成, 位置标记：0
2020-12-29 08:47:35:757  电机温度计算完成, 位置标记：0
2020-12-29 08:47:35:759  电机温度计算完成, 位置标记：0
2020-12-29 08:47:35:761  电机温度计算完成, 位置标记：0
2020-12-29 08:47:35:763  电机温度计算完成, 位置标记：0
2020-12-29 08:47:35:765  电机温度计算完成, 位置标记：0
2020-12-29 08:47:35:765  车速为：36.3636位置标记为：0
2020-12-29 08:47:35:793  振动分轮计算完成, 位置标记：0
2020-12-29 08:47:36:027  振动特征值计算完成, 位置标记：0
2020-12-29 08:54:18:702  磁钢信号预处理完成，位置标记：1
2020-12-29 08:54:18:722  温度分轮成功，分轮数尺度为：48
2020-12-29 08:54:18:738  轴承端盖温度特征值计算完成, 位置标记：1
2020-12-29 08:54:18:754  电机温度计算完成, 位置标记：1
2020-12-29 08:54:18:758  电机温度计算完成, 位置标记：1
2020-12-29 08:54:18:760  电机温度计算完成, 位置标记：1
2020-12-29 08:54:18:762  电机温度计算完成, 位置标记：1
2020-12-29 08:54:18:766  电机温度计算完成, 位置标记：1
2020-12-29 08:54:18:768  电机温度计算完成, 位置标记：1
2020-12-29 08:54:18:770  电机温度计算完成, 位置标记：1
2020-12-29 08:54:18:772  电机温度计算完成, 位置标记：1
2020-12-29 08:54:18:774  车速为：43.9724位置标记为：1
2020-12-29 08:54:18:808  振动分轮计算完成, 位置标记：1
2020-12-29 08:54:19:012  振动特征值计算完成, 位置标记：1
2020-12-29 08:54:19:096  磁钢信号预处理完成，位置标记：0
2020-12-29 08:54:19:116  温度分轮成功，分轮数尺度为：48
2020-12-29 08:54:19:132  轴承端盖温度特征值计算完成, 位置标记：0
2020-12-29 08:54:19:148  电机温度计算完成, 位置标记：0
2020-12-29 08:54:19:150  电机温度计算完成, 位置标记：0
2020-12-29 08:54:19:152  电机温度计算完成, 位置标记：0
2020-12-29 08:54:19:154  电机温度计算完成, 位置标记：0
2020-12-29 08:54:19:156  电机温度计算完成, 位置标记：0
2020-12-29 08:54:19:158  电机温度计算完成, 位置标记：0
2020-12-29 08:54:19:160  电机温度计算完成, 位置标记：0
2020-12-29 08:54:19:164  电机温度计算完成, 位置标记：0
2020-12-29 08:54:19:164  车速为：43.9724位置标记为：0
2020-12-29 08:54:19:200  振动分轮计算完成, 位置标记：0
2020-12-29 08:54:19:380  振动特征值计算完成, 位置标记：0
