2021-10-18 17:32:57:017  本地IP：127.0.0.1
2021-10-18 17:32:57:033  本地端口号：4500
2021-10-18 17:32:57:083  通讯模块设置成功
2021-10-18 17:32:57:099  综合数据盒连接IP：192.168.1.198
2021-10-18 17:32:57:107  正在打开设备...
2021-10-18 17:33:18:183  创建连接出现异常，错误代码为：-6
2021-10-18 17:33:18:186  同步采集仪设置异常
2021-10-18 17:33:18:189  采集仪增益设置异常
2021-10-18 17:34:17:072  正在读取检测数据...
2021-10-18 17:34:19:738  开始处理数据
2021-10-18 17:34:19:924  右侧计算完成
2021-10-18 17:34:20:033  左侧计算完成
2021-10-18 17:34:20:034  检查结果数据
2021-10-18 17:34:20:036  通知桌面显示数据
2021-10-18 17:34:20:106  开始写入数据库
2021-10-18 17:34:20:489  预警及报警参数加载完成
2021-10-18 17:34:20:490  数据库打开成功
2021-10-18 17:34:20:493  train_info数据表写入成功
2021-10-18 17:34:20:495  train_onlyid读取成功
2021-10-18 17:34:20:606  train_data数据表写入成功
2021-10-18 17:34:20:608  train_fault数据表写入1、1成功
2021-10-18 17:34:20:609  vt_info数据表，第0次写入成功
2021-10-18 17:34:20:611  vt_info数据表，第1次写入成功
2021-10-18 17:34:20:613  vt_info数据表，第2次写入成功
2021-10-18 17:34:20:615  vt_info数据表，第3次写入成功
2021-10-18 17:34:20:617  vt_info数据表，第4次写入成功
2021-10-18 17:34:20:618  vt_info数据表，第5次写入成功
2021-10-18 17:34:20:621  vt_info数据表，第6次写入成功
2021-10-18 17:34:20:623  vt_info数据表，第7次写入成功
2021-10-18 17:34:20:625  vt_info数据表，第8次写入成功
2021-10-18 17:34:20:627  vt_info数据表，第9次写入成功
2021-10-18 17:34:20:630  vt_info数据表，第10次写入成功
2021-10-18 17:34:20:633  vt_info数据表，第11次写入成功
2021-10-18 17:34:20:635  vt_info数据表，第12次写入成功
2021-10-18 17:34:20:637  vt_info数据表，第13次写入成功
2021-10-18 17:34:20:675  vt_info数据表，第14次写入成功
2021-10-18 17:34:20:678  vt_info数据表，第15次写入成功
2021-10-18 17:34:20:681  vt_info数据表，第16次写入成功
2021-10-18 17:34:20:683  vt_info数据表，第17次写入成功
2021-10-18 17:34:20:686  vt_info数据表，第18次写入成功
2021-10-18 17:34:20:689  vt_info数据表，第19次写入成功
2021-10-18 17:34:20:692  vt_info数据表，第20次写入成功
2021-10-18 17:34:20:694  vt_info数据表，第21次写入成功
2021-10-18 17:34:20:725  vt_info数据表，第22次写入成功
2021-10-18 17:34:20:729  vt_info数据表，第23次写入成功
2021-10-18 17:34:20:732  vt_info数据表，第24次写入成功
2021-10-18 17:34:20:735  vt_info数据表，第25次写入成功
2021-10-18 17:34:20:741  vt_info数据表，第26次写入成功
2021-10-18 17:34:20:771  vt_info数据表，第27次写入成功
2021-10-18 17:34:20:773  vt_info数据表，第28次写入成功
2021-10-18 17:34:20:777  vt_info数据表，第29次写入成功
2021-10-18 17:34:20:783  vt_info数据表，第30次写入成功
2021-10-18 17:34:20:785  vt_info数据表，第31次写入成功
2021-10-18 17:34:20:807  vt_info数据表，第32次写入成功
2021-10-18 17:34:20:815  vt_info数据表，第33次写入成功
2021-10-18 17:34:20:820  vt_info数据表，第34次写入成功
2021-10-18 17:34:20:822  vt_info数据表，第35次写入成功
2021-10-18 17:34:20:852  vt_info数据表，第36次写入成功
2021-10-18 17:34:20:860  vt_info数据表，第37次写入成功
2021-10-18 17:34:20:863  vt_info数据表，第38次写入成功
2021-10-18 17:34:20:869  vt_info数据表，第39次写入成功
2021-10-18 17:34:20:875  vt_info数据表，第40次写入成功
2021-10-18 17:34:20:897  vt_info数据表，第41次写入成功
2021-10-18 17:34:20:900  vt_info数据表，第42次写入成功
2021-10-18 17:34:20:902  vt_info数据表，第43次写入成功
2021-10-18 17:34:20:907  vt_info数据表，第44次写入成功
2021-10-18 17:34:20:931  vt_info数据表，第45次写入成功
2021-10-18 17:34:20:933  vt_info数据表，第46次写入成功
2021-10-18 17:34:20:935  vt_info数据表，第47次写入成功
2021-10-18 17:34:20:951  motor_info数据表，第0次写入成功
2021-10-18 17:34:20:953  motor_info数据表，第1次写入成功
2021-10-18 17:34:20:956  motor_info数据表，第2次写入成功
2021-10-18 17:34:20:974  motor_info数据表，第3次写入成功
2021-10-18 17:34:20:976  motor_info数据表，第4次写入成功
2021-10-18 17:34:20:979  motor_info数据表，第5次写入成功
2021-10-18 17:34:20:982  motor_info数据表，第6次写入成功
2021-10-18 17:34:20:998  motor_info数据表，第7次写入成功
2021-10-18 17:34:21:000  motor_info数据表，第8次写入成功
2021-10-18 17:34:21:003  motor_info数据表，第9次写入成功
2021-10-18 17:34:21:021  motor_info数据表，第10次写入成功
2021-10-18 17:34:21:023  motor_info数据表，第11次写入成功
2021-10-18 17:34:21:025  motor_info数据表，第12次写入成功
2021-10-18 17:34:21:027  motor_info数据表，第13次写入成功
2021-10-18 17:34:21:045  motor_info数据表，第14次写入成功
2021-10-18 17:34:21:048  motor_info数据表，第15次写入成功
2021-10-18 17:34:21:050  数据库关闭！
2021-10-18 17:39:22:743  本地IP：127.0.0.1
2021-10-18 17:39:22:801  本地端口号：4500
2021-10-18 17:39:22:850  通讯模块设置成功
2021-10-18 17:39:22:870  综合数据盒连接IP：192.168.1.198
2021-10-18 17:39:22:872  正在打开设备...
2021-10-18 17:39:49:390  本地IP：127.0.0.1
2021-10-18 17:39:49:401  本地端口号：4500
2021-10-18 17:39:49:430  通讯模块设置成功
2021-10-18 17:39:49:441  综合数据盒连接IP：192.168.1.198
2021-10-18 17:39:49:443  正在打开设备...
2021-10-18 17:39:52:918  正在读取检测数据...
2021-10-18 17:40:03:491  开始处理数据
2021-10-18 17:40:03:665  右侧计算完成
2021-10-18 17:40:52:452  左侧计算完成
2021-10-18 17:40:52:458  检查结果数据
2021-10-18 17:40:52:467  通知桌面显示数据
2021-10-18 17:40:52:584  开始写入数据库
2021-10-18 17:40:52:629  创建连接出现异常，错误代码为：-6
2021-10-18 17:40:52:664  同步采集仪设置异常
2021-10-18 17:40:52:676  采集仪增益设置异常
2021-10-18 17:49:43:299  预警及报警参数加载完成
2021-10-18 17:49:43:305  数据库打开成功
2021-10-18 17:49:43:309  train_info数据表写入成功
2021-10-18 17:49:43:325  train_onlyid读取成功
2021-10-18 17:49:43:538  train_data数据表写入成功
2021-10-18 17:49:43:550  train_fault数据表写入1、1成功
2021-10-18 17:49:43:553  vt_info数据表，第0次写入成功
2021-10-18 17:49:43:556  vt_info数据表，第1次写入成功
2021-10-18 17:49:43:559  vt_info数据表，第2次写入成功
2021-10-18 17:49:43:562  vt_info数据表，第3次写入成功
2021-10-18 17:49:43:564  vt_info数据表，第4次写入成功
2021-10-18 17:49:43:566  vt_info数据表，第5次写入成功
2021-10-18 17:49:43:569  vt_info数据表，第6次写入成功
2021-10-18 17:49:43:571  vt_info数据表，第7次写入成功
2021-10-18 17:49:43:573  vt_info数据表，第8次写入成功
2021-10-18 17:49:43:575  vt_info数据表，第9次写入成功
2021-10-18 17:49:43:577  vt_info数据表，第10次写入成功
2021-10-18 17:49:43:579  vt_info数据表，第11次写入成功
2021-10-18 17:49:43:582  vt_info数据表，第12次写入成功
2021-10-18 17:49:43:585  vt_info数据表，第13次写入成功
2021-10-18 17:49:43:587  vt_info数据表，第14次写入成功
2021-10-18 17:49:43:591  vt_info数据表，第15次写入成功
2021-10-18 17:49:43:593  vt_info数据表，第16次写入成功
2021-10-18 17:49:43:595  vt_info数据表，第17次写入成功
2021-10-18 17:49:43:597  vt_info数据表，第18次写入成功
2021-10-18 17:49:43:600  vt_info数据表，第19次写入成功
2021-10-18 17:49:43:602  vt_info数据表，第20次写入成功
2021-10-18 17:49:43:605  vt_info数据表，第21次写入成功
2021-10-18 17:49:43:607  vt_info数据表，第22次写入成功
2021-10-18 17:49:43:610  vt_info数据表，第23次写入成功
2021-10-18 17:49:43:613  vt_info数据表，第24次写入成功
2021-10-18 17:49:43:615  vt_info数据表，第25次写入成功
2021-10-18 17:49:43:618  vt_info数据表，第26次写入成功
2021-10-18 17:49:43:619  vt_info数据表，第27次写入成功
2021-10-18 17:49:43:621  vt_info数据表，第28次写入成功
2021-10-18 17:49:43:623  vt_info数据表，第29次写入成功
2021-10-18 17:49:43:625  vt_info数据表，第30次写入成功
2021-10-18 17:49:43:627  vt_info数据表，第31次写入成功
2021-10-18 17:49:43:630  vt_info数据表，第32次写入成功
2021-10-18 17:49:43:634  vt_info数据表，第33次写入成功
2021-10-18 17:49:43:640  vt_info数据表，第34次写入成功
2021-10-18 17:49:43:645  vt_info数据表，第35次写入成功
2021-10-18 17:49:43:754  vt_info数据表，第36次写入成功
2021-10-18 17:49:43:758  vt_info数据表，第37次写入成功
2021-10-18 17:49:43:762  vt_info数据表，第38次写入成功
2021-10-18 17:49:43:764  vt_info数据表，第39次写入成功
2021-10-18 17:49:43:766  vt_info数据表，第40次写入成功
2021-10-18 17:49:43:769  vt_info数据表，第41次写入成功
2021-10-18 17:49:43:771  vt_info数据表，第42次写入成功
2021-10-18 17:49:43:773  vt_info数据表，第43次写入成功
2021-10-18 17:49:43:775  vt_info数据表，第44次写入成功
2021-10-18 17:49:43:779  vt_info数据表，第45次写入成功
2021-10-18 17:49:43:782  vt_info数据表，第46次写入成功
2021-10-18 17:49:43:785  vt_info数据表，第47次写入成功
2021-10-18 17:49:43:787  motor_info数据表，第0次写入成功
2021-10-18 17:49:43:789  motor_info数据表，第1次写入成功
2021-10-18 17:49:43:792  motor_info数据表，第2次写入成功
2021-10-18 17:49:43:795  motor_info数据表，第3次写入成功
2021-10-18 17:49:43:797  motor_info数据表，第4次写入成功
2021-10-18 17:49:43:799  motor_info数据表，第5次写入成功
2021-10-18 17:49:43:801  motor_info数据表，第6次写入成功
2021-10-18 17:49:43:804  motor_info数据表，第7次写入成功
2021-10-18 17:49:43:806  motor_info数据表，第8次写入成功
2021-10-18 17:49:43:808  motor_info数据表，第9次写入成功
2021-10-18 17:49:43:810  motor_info数据表，第10次写入成功
2021-10-18 17:49:43:812  motor_info数据表，第11次写入成功
2021-10-18 17:49:43:814  motor_info数据表，第12次写入成功
2021-10-18 17:49:43:815  motor_info数据表，第13次写入成功
2021-10-18 17:49:43:817  motor_info数据表，第14次写入成功
2021-10-18 17:49:43:820  motor_info数据表，第15次写入成功
2021-10-18 17:49:43:821  数据库关闭！
2021-10-18 17:51:31:601  本地IP：127.0.0.1
2021-10-18 17:51:31:618  本地端口号：4500
2021-10-18 17:51:31:651  通讯模块设置成功
2021-10-18 17:51:31:665  综合数据盒连接IP：192.168.1.198
2021-10-18 17:51:31:667  正在打开设备...
2021-10-18 17:51:34:982  正在读取检测数据...
2021-10-18 17:51:37:705  开始处理数据
2021-10-18 17:51:37:873  右侧计算完成
2021-10-18 17:51:37:993  左侧计算完成
2021-10-18 17:51:37:995  检查结果数据
2021-10-18 17:51:38:000  通知桌面显示数据
2021-10-18 17:51:38:104  开始写入数据库
2021-10-18 17:51:38:347  预警及报警参数加载完成
2021-10-18 17:51:38:349  数据库打开成功
2021-10-18 17:51:38:350  train_info数据表写入成功
2021-10-18 17:51:38:352  train_onlyid读取成功
2021-10-18 17:51:38:354  train_data数据表写入成功
2021-10-18 17:51:38:357  train_fault数据表写入1、1成功
2021-10-18 17:51:38:358  vt_info数据表，第0次写入成功
2021-10-18 17:51:38:361  vt_info数据表，第1次写入成功
2021-10-18 17:51:38:364  vt_info数据表，第2次写入成功
2021-10-18 17:51:38:366  vt_info数据表，第3次写入成功
2021-10-18 17:51:38:368  vt_info数据表，第4次写入成功
2021-10-18 17:51:38:370  vt_info数据表，第5次写入成功
2021-10-18 17:51:38:372  vt_info数据表，第6次写入成功
2021-10-18 17:51:38:374  vt_info数据表，第7次写入成功
2021-10-18 17:51:38:474  vt_info数据表，第8次写入成功
2021-10-18 17:51:38:477  vt_info数据表，第9次写入成功
2021-10-18 17:51:38:480  vt_info数据表，第10次写入成功
2021-10-18 17:51:38:482  vt_info数据表，第11次写入成功
2021-10-18 17:51:38:484  vt_info数据表，第12次写入成功
2021-10-18 17:51:38:486  vt_info数据表，第13次写入成功
2021-10-18 17:51:38:487  vt_info数据表，第14次写入成功
2021-10-18 17:51:38:490  vt_info数据表，第15次写入成功
2021-10-18 17:51:38:492  vt_info数据表，第16次写入成功
2021-10-18 17:51:38:496  vt_info数据表，第17次写入成功
2021-10-18 17:51:38:498  vt_info数据表，第18次写入成功
2021-10-18 17:51:38:505  vt_info数据表，第19次写入成功
2021-10-18 17:51:38:507  vt_info数据表，第20次写入成功
2021-10-18 17:51:38:511  vt_info数据表，第21次写入成功
2021-10-18 17:51:38:515  vt_info数据表，第22次写入成功
2021-10-18 17:51:38:518  vt_info数据表，第23次写入成功
2021-10-18 17:51:38:520  vt_info数据表，第24次写入成功
2021-10-18 17:51:38:530  vt_info数据表，第25次写入成功
2021-10-18 17:51:38:533  vt_info数据表，第26次写入成功
2021-10-18 17:51:38:535  vt_info数据表，第27次写入成功
2021-10-18 17:51:38:569  vt_info数据表，第28次写入成功
2021-10-18 17:51:38:575  vt_info数据表，第29次写入成功
2021-10-18 17:51:38:580  vt_info数据表，第30次写入成功
2021-10-18 17:51:38:583  vt_info数据表，第31次写入成功
2021-10-18 17:51:38:585  vt_info数据表，第32次写入成功
2021-10-18 17:51:38:590  vt_info数据表，第33次写入成功
2021-10-18 17:51:38:592  vt_info数据表，第34次写入成功
2021-10-18 17:51:38:597  vt_info数据表，第35次写入成功
2021-10-18 17:51:38:635  vt_info数据表，第36次写入成功
2021-10-18 17:51:38:638  vt_info数据表，第37次写入成功
2021-10-18 17:51:38:640  vt_info数据表，第38次写入成功
2021-10-18 17:51:38:646  vt_info数据表，第39次写入成功
2021-10-18 17:51:38:652  vt_info数据表，第40次写入成功
2021-10-18 17:51:38:685  vt_info数据表，第41次写入成功
2021-10-18 17:51:38:688  vt_info数据表，第42次写入成功
2021-10-18 17:51:38:690  vt_info数据表，第43次写入成功
2021-10-18 17:51:38:693  vt_info数据表，第44次写入成功
2021-10-18 17:51:38:696  vt_info数据表，第45次写入成功
2021-10-18 17:51:38:717  vt_info数据表，第46次写入成功
2021-10-18 17:51:38:720  vt_info数据表，第47次写入成功
2021-10-18 17:51:38:722  motor_info数据表，第0次写入成功
2021-10-18 17:51:38:724  motor_info数据表，第1次写入成功
2021-10-18 17:51:38:729  motor_info数据表，第2次写入成功
2021-10-18 17:51:38:767  motor_info数据表，第3次写入成功
2021-10-18 17:51:38:770  motor_info数据表，第4次写入成功
2021-10-18 17:51:38:772  motor_info数据表，第5次写入成功
2021-10-18 17:51:38:774  motor_info数据表，第6次写入成功
2021-10-18 17:51:38:777  motor_info数据表，第7次写入成功
2021-10-18 17:51:38:779  motor_info数据表，第8次写入成功
2021-10-18 17:51:38:807  motor_info数据表，第9次写入成功
2021-10-18 17:51:38:810  motor_info数据表，第10次写入成功
2021-10-18 17:51:38:812  motor_info数据表，第11次写入成功
2021-10-18 17:51:38:816  motor_info数据表，第12次写入成功
2021-10-18 17:51:38:819  motor_info数据表，第13次写入成功
2021-10-18 17:51:38:842  motor_info数据表，第14次写入成功
2021-10-18 17:51:38:845  motor_info数据表，第15次写入成功
2021-10-18 17:51:38:847  数据库关闭！
2021-10-18 17:51:52:721  创建连接出现异常，错误代码为：-6
2021-10-18 17:51:52:733  同步采集仪设置异常
2021-10-18 17:51:52:745  采集仪增益设置异常
2021-10-18 17:59:54:889  本地IP：127.0.0.1
2021-10-18 17:59:54:899  本地端口号：4500
2021-10-18 17:59:54:970  通讯模块设置成功
2021-10-18 17:59:55:001  综合数据盒连接IP：192.168.1.198
2021-10-18 17:59:55:004  正在打开设备...
