2020-12-29 15:02:45:158  磁钢信号预处理完成，位置标记：1
2020-12-29 15:02:45:170  温度分轮成功，分轮数尺度为：48
2020-12-29 15:02:45:237  轴承端盖温度特征值计算完成, 位置标记：1
2020-12-29 15:02:45:302  电机温度计算完成, 位置标记：1
2020-12-29 15:02:45:305  电机温度计算完成, 位置标记：1
2020-12-29 15:02:45:309  电机温度计算完成, 位置标记：1
2020-12-29 15:02:45:312  电机温度计算完成, 位置标记：1
2020-12-29 15:02:45:315  电机温度计算完成, 位置标记：1
2020-12-29 15:02:45:317  电机温度计算完成, 位置标记：1
2020-12-29 15:02:45:320  电机温度计算完成, 位置标记：1
2020-12-29 15:02:45:323  电机温度计算完成, 位置标记：1
2020-12-29 15:02:45:325  车速为：36.6859位置标记为：1
2020-12-29 15:02:45:348  振动分轮计算完成, 位置标记：1
2020-12-29 15:02:45:631  振动特征值计算完成, 位置标记：1
2020-12-29 15:02:45:683  磁钢信号预处理完成，位置标记：0
2020-12-29 15:02:45:695  温度分轮成功，分轮数尺度为：48
2020-12-29 15:02:45:763  轴承端盖温度特征值计算完成, 位置标记：0
2020-12-29 15:02:45:827  电机温度计算完成, 位置标记：0
2020-12-29 15:02:45:830  电机温度计算完成, 位置标记：0
2020-12-29 15:02:45:834  电机温度计算完成, 位置标记：0
2020-12-29 15:02:45:837  电机温度计算完成, 位置标记：0
2020-12-29 15:02:45:839  电机温度计算完成, 位置标记：0
2020-12-29 15:02:45:842  电机温度计算完成, 位置标记：0
2020-12-29 15:02:45:845  电机温度计算完成, 位置标记：0
2020-12-29 15:02:45:848  电机温度计算完成, 位置标记：0
2020-12-29 15:02:45:849  车速为：36.6859位置标记为：0
2020-12-29 15:02:45:873  振动分轮计算完成, 位置标记：0
2020-12-29 15:02:46:159  振动特征值计算完成, 位置标记：0
2020-12-29 15:13:11:881  磁钢信号预处理完成，位置标记：1
2020-12-29 15:13:11:893  温度分轮成功，分轮数尺度为：48
2020-12-29 15:13:11:959  轴承端盖温度特征值计算完成, 位置标记：1
2020-12-29 15:13:12:020  电机温度计算完成, 位置标记：1
2020-12-29 15:13:12:023  电机温度计算完成, 位置标记：1
2020-12-29 15:13:12:026  电机温度计算完成, 位置标记：1
2020-12-29 15:13:12:029  电机温度计算完成, 位置标记：1
2020-12-29 15:13:12:032  电机温度计算完成, 位置标记：1
2020-12-29 15:13:12:035  电机温度计算完成, 位置标记：1
2020-12-29 15:13:12:037  电机温度计算完成, 位置标记：1
2020-12-29 15:13:12:040  电机温度计算完成, 位置标记：1
2020-12-29 15:13:12:042  车速为：36.621位置标记为：1
2020-12-29 15:13:12:065  振动分轮计算完成, 位置标记：1
2020-12-29 15:13:12:350  振动特征值计算完成, 位置标记：1
2020-12-29 15:13:12:402  磁钢信号预处理完成，位置标记：0
2020-12-29 15:13:12:413  温度分轮成功，分轮数尺度为：48
2020-12-29 15:13:12:477  轴承端盖温度特征值计算完成, 位置标记：0
2020-12-29 15:13:12:540  电机温度计算完成, 位置标记：0
2020-12-29 15:13:12:544  电机温度计算完成, 位置标记：0
2020-12-29 15:13:12:547  电机温度计算完成, 位置标记：0
2020-12-29 15:13:12:550  电机温度计算完成, 位置标记：0
2020-12-29 15:13:12:553  电机温度计算完成, 位置标记：0
2020-12-29 15:13:12:556  电机温度计算完成, 位置标记：0
2020-12-29 15:13:12:559  电机温度计算完成, 位置标记：0
2020-12-29 15:13:12:561  电机温度计算完成, 位置标记：0
2020-12-29 15:13:12:563  车速为：36.621位置标记为：0
2020-12-29 15:13:12:586  振动分轮计算完成, 位置标记：0
2020-12-29 15:13:12:876  振动特征值计算完成, 位置标记：0
2020-12-29 15:23:16:673  磁钢信号预处理完成，位置标记：1
2020-12-29 15:23:16:686  温度分轮成功，分轮数尺度为：48
2020-12-29 15:23:16:753  轴承端盖温度特征值计算完成, 位置标记：1
2020-12-29 15:23:16:818  电机温度计算完成, 位置标记：1
2020-12-29 15:23:16:822  电机温度计算完成, 位置标记：1
2020-12-29 15:23:16:825  电机温度计算完成, 位置标记：1
2020-12-29 15:23:16:828  电机温度计算完成, 位置标记：1
2020-12-29 15:23:16:831  电机温度计算完成, 位置标记：1
2020-12-29 15:23:16:834  电机温度计算完成, 位置标记：1
2020-12-29 15:23:16:837  电机温度计算完成, 位置标记：1
2020-12-29 15:23:16:839  电机温度计算完成, 位置标记：1
2020-12-29 15:23:16:841  车速为：36.6696位置标记为：1
2020-12-29 15:23:16:864  振动分轮计算完成, 位置标记：1
2020-12-29 15:23:17:135  振动特征值计算完成, 位置标记：1
2020-12-29 15:23:17:185  磁钢信号预处理完成，位置标记：0
2020-12-29 15:23:17:195  温度分轮成功，分轮数尺度为：48
2020-12-29 15:23:17:251  轴承端盖温度特征值计算完成, 位置标记：0
2020-12-29 15:23:17:304  电机温度计算完成, 位置标记：0
2020-12-29 15:23:17:306  电机温度计算完成, 位置标记：0
2020-12-29 15:23:17:309  电机温度计算完成, 位置标记：0
2020-12-29 15:23:17:311  电机温度计算完成, 位置标记：0
2020-12-29 15:23:17:313  电机温度计算完成, 位置标记：0
2020-12-29 15:23:17:316  电机温度计算完成, 位置标记：0
2020-12-29 15:23:17:318  电机温度计算完成, 位置标记：0
2020-12-29 15:23:17:320  电机温度计算完成, 位置标记：0
2020-12-29 15:23:17:321  车速为：36.6696位置标记为：0
2020-12-29 15:23:17:339  振动分轮计算完成, 位置标记：0
2020-12-29 15:23:17:544  振动特征值计算完成, 位置标记：0
2020-12-29 15:33:07:304  磁钢信号预处理完成，位置标记：1
2020-12-29 15:33:07:314  温度分轮成功，分轮数尺度为：48
2020-12-29 15:33:07:361  轴承端盖温度特征值计算完成, 位置标记：1
2020-12-29 15:33:07:407  电机温度计算完成, 位置标记：1
2020-12-29 15:33:07:409  电机温度计算完成, 位置标记：1
2020-12-29 15:33:07:411  电机温度计算完成, 位置标记：1
2020-12-29 15:33:07:413  电机温度计算完成, 位置标记：1
2020-12-29 15:33:07:415  电机温度计算完成, 位置标记：1
2020-12-29 15:33:07:417  电机温度计算完成, 位置标记：1
2020-12-29 15:33:07:419  电机温度计算完成, 位置标记：1
2020-12-29 15:33:07:421  电机温度计算完成, 位置标记：1
2020-12-29 15:33:07:422  车速为：36.8327位置标记为：1
2020-12-29 15:33:07:444  振动分轮计算完成, 位置标记：1
2020-12-29 15:33:07:665  振动特征值计算完成, 位置标记：1
2020-12-29 15:33:07:704  磁钢信号预处理完成，位置标记：0
2020-12-29 15:33:07:713  温度分轮成功，分轮数尺度为：48
2020-12-29 15:33:07:780  轴承端盖温度特征值计算完成, 位置标记：0
2020-12-29 15:33:07:844  电机温度计算完成, 位置标记：0
2020-12-29 15:33:07:847  电机温度计算完成, 位置标记：0
2020-12-29 15:33:07:851  电机温度计算完成, 位置标记：0
2020-12-29 15:33:07:854  电机温度计算完成, 位置标记：0
2020-12-29 15:33:07:857  电机温度计算完成, 位置标记：0
2020-12-29 15:33:07:859  电机温度计算完成, 位置标记：0
2020-12-29 15:33:07:862  电机温度计算完成, 位置标记：0
2020-12-29 15:33:07:865  电机温度计算完成, 位置标记：0
2020-12-29 15:33:07:867  车速为：36.8327位置标记为：0
2020-12-29 15:33:07:889  振动分轮计算完成, 位置标记：0
2020-12-29 15:33:08:177  振动特征值计算完成, 位置标记：0
2020-12-29 15:43:09:420  磁钢信号预处理完成，位置标记：1
2020-12-29 15:43:09:433  温度分轮成功，分轮数尺度为：48
2020-12-29 15:43:09:500  轴承端盖温度特征值计算完成, 位置标记：1
2020-12-29 15:43:09:564  电机温度计算完成, 位置标记：1
2020-12-29 15:43:09:568  电机温度计算完成, 位置标记：1
2020-12-29 15:43:09:571  电机温度计算完成, 位置标记：1
2020-12-29 15:43:09:574  电机温度计算完成, 位置标记：1
2020-12-29 15:43:09:577  电机温度计算完成, 位置标记：1
2020-12-29 15:43:09:579  电机温度计算完成, 位置标记：1
2020-12-29 15:43:09:582  电机温度计算完成, 位置标记：1
2020-12-29 15:43:09:585  电机温度计算完成, 位置标记：1
2020-12-29 15:43:09:587  车速为：36.7347位置标记为：1
2020-12-29 15:43:09:610  振动有效标记位计算异常，位置标记为：1
2020-12-29 15:43:09:663  磁钢信号预处理完成，位置标记：0
2020-12-29 15:43:09:676  温度分轮成功，分轮数尺度为：48
2020-12-29 15:43:09:739  轴承端盖温度特征值计算完成, 位置标记：0
2020-12-29 15:43:09:798  电机温度计算完成, 位置标记：0
2020-12-29 15:43:09:801  电机温度计算完成, 位置标记：0
2020-12-29 15:43:09:803  电机温度计算完成, 位置标记：0
2020-12-29 15:43:09:806  电机温度计算完成, 位置标记：0
2020-12-29 15:43:09:809  电机温度计算完成, 位置标记：0
2020-12-29 15:43:09:810  电机温度计算完成, 位置标记：0
2020-12-29 15:43:09:813  电机温度计算完成, 位置标记：0
2020-12-29 15:43:09:816  电机温度计算完成, 位置标记：0
2020-12-29 15:43:09:817  车速为：36.7347位置标记为：0
2020-12-29 15:43:09:836  振动有效标记位计算异常，位置标记为：0
2020-12-29 15:53:22:677  磁钢信号预处理完成，位置标记：1
2020-12-29 15:53:22:688  温度分轮成功，分轮数尺度为：48
2020-12-29 15:53:22:754  轴承端盖温度特征值计算完成, 位置标记：1
2020-12-29 15:53:22:818  电机温度计算完成, 位置标记：1
2020-12-29 15:53:22:822  电机温度计算完成, 位置标记：1
2020-12-29 15:53:22:825  电机温度计算完成, 位置标记：1
2020-12-29 15:53:22:828  电机温度计算完成, 位置标记：1
2020-12-29 15:53:22:831  电机温度计算完成, 位置标记：1
2020-12-29 15:53:22:834  电机温度计算完成, 位置标记：1
2020-12-29 15:53:22:836  电机温度计算完成, 位置标记：1
2020-12-29 15:53:22:839  电机温度计算完成, 位置标记：1
2020-12-29 15:53:22:841  车速为：36.6696位置标记为：1
2020-12-29 15:53:22:864  振动分轮计算完成, 位置标记：1
2020-12-29 15:53:23:143  振动特征值计算完成, 位置标记：1
2020-12-29 15:53:23:198  磁钢信号预处理完成，位置标记：0
2020-12-29 15:53:23:211  温度分轮成功，分轮数尺度为：48
2020-12-29 15:53:23:277  轴承端盖温度特征值计算完成, 位置标记：0
2020-12-29 15:53:23:342  电机温度计算完成, 位置标记：0
2020-12-29 15:53:23:345  电机温度计算完成, 位置标记：0
2020-12-29 15:53:23:348  电机温度计算完成, 位置标记：0
2020-12-29 15:53:23:351  电机温度计算完成, 位置标记：0
2020-12-29 15:53:23:354  电机温度计算完成, 位置标记：0
2020-12-29 15:53:23:357  电机温度计算完成, 位置标记：0
2020-12-29 15:53:23:360  电机温度计算完成, 位置标记：0
2020-12-29 15:53:23:362  电机温度计算完成, 位置标记：0
2020-12-29 15:53:23:364  车速为：36.6696位置标记为：0
2020-12-29 15:53:23:387  振动分轮计算完成, 位置标记：0
2020-12-29 15:53:23:671  振动特征值计算完成, 位置标记：0
