2020-12-29 15:01:16:383  收到来车信号，流水号：20201229150116，所有设备开始采集
2020-12-29 15:01:16:438  开启A/D采集
2020-12-29 15:01:42:185  收到离车信号，流水号：20201229150116，线号：14，车号：015016，主控端：1，所有设备停止采集
2020-12-29 15:01:42:187  收到停止采集命令，开始停止采集
2020-12-29 15:01:42:194  停止采集数据
2020-12-29 15:01:42:196  采集连接已断开
2020-12-29 15:01:42:198  开始数据分析和落盘
2020-12-29 15:01:47:045  vibration1完成落盘
2020-12-29 15:01:51:421  vibration2完成落盘
2020-12-29 15:01:54:851  vibration3完成落盘
2020-12-29 15:01:59:100  vibration4完成落盘
2020-12-29 15:02:03:083  vibration5完成落盘
2020-12-29 15:02:07:190  vibration6完成落盘
2020-12-29 15:02:11:105  vibration7完成落盘
2020-12-29 15:02:14:390  vibration8完成落盘
2020-12-29 15:02:18:260  magnetic1完成落盘
2020-12-29 15:02:22:416  magnetic2完成落盘
2020-12-29 15:02:26:271  magnetic3完成落盘
2020-12-29 15:02:29:963  magnetic4完成落盘
2020-12-29 15:02:33:659  temperate1完成落盘
2020-12-29 15:02:37:543  temperate2完成落盘
2020-12-29 15:02:41:197  temperate3完成落盘
2020-12-29 15:02:44:990  temperate4完成落盘
2020-12-29 15:02:44:999  开始处理数据
2020-12-29 15:02:45:641  右侧计算完成
2020-12-29 15:02:46:163  左侧计算完成
2020-12-29 15:02:46:165  检查结果数据
2020-12-29 15:02:46:167  通知桌面显示数据
2020-12-29 15:02:46:184  开始写入数据库
2020-12-29 15:02:46:201  预警及报警参数加载完成
2020-12-29 15:02:46:203  数据库打开成功
2020-12-29 15:02:46:205  train_info数据表写入成功
2020-12-29 15:02:46:269  train_onlyid读取成功
2020-12-29 15:02:46:273  train_data数据表写入成功
2020-12-29 15:02:46:276  vt_info数据表，第0次写入成功
2020-12-29 15:02:46:280  vt_info数据表，第1次写入成功
2020-12-29 15:02:46:283  vt_info数据表，第2次写入成功
2020-12-29 15:02:46:287  vt_info数据表，第3次写入成功
2020-12-29 15:02:46:290  vt_info数据表，第4次写入成功
2020-12-29 15:02:46:294  vt_info数据表，第5次写入成功
2020-12-29 15:02:46:297  vt_info数据表，第6次写入成功
2020-12-29 15:02:46:301  vt_info数据表，第7次写入成功
2020-12-29 15:02:46:304  vt_info数据表，第8次写入成功
2020-12-29 15:02:46:308  vt_info数据表，第9次写入成功
2020-12-29 15:02:46:311  vt_info数据表，第10次写入成功
2020-12-29 15:02:46:315  vt_info数据表，第11次写入成功
2020-12-29 15:02:46:318  vt_info数据表，第12次写入成功
2020-12-29 15:02:46:322  vt_info数据表，第13次写入成功
2020-12-29 15:02:46:325  vt_info数据表，第14次写入成功
2020-12-29 15:02:46:329  vt_info数据表，第15次写入成功
2020-12-29 15:02:46:332  vt_info数据表，第16次写入成功
2020-12-29 15:02:46:336  vt_info数据表，第17次写入成功
2020-12-29 15:02:46:339  vt_info数据表，第18次写入成功
2020-12-29 15:02:46:343  vt_info数据表，第19次写入成功
2020-12-29 15:02:46:347  vt_info数据表，第20次写入成功
2020-12-29 15:02:46:350  vt_info数据表，第21次写入成功
2020-12-29 15:02:46:354  vt_info数据表，第22次写入成功
2020-12-29 15:02:46:357  vt_info数据表，第23次写入成功
2020-12-29 15:02:46:361  vt_info数据表，第24次写入成功
2020-12-29 15:02:46:365  vt_info数据表，第25次写入成功
2020-12-29 15:02:46:368  vt_info数据表，第26次写入成功
2020-12-29 15:02:46:372  vt_info数据表，第27次写入成功
2020-12-29 15:02:46:375  vt_info数据表，第28次写入成功
2020-12-29 15:02:46:379  vt_info数据表，第29次写入成功
2020-12-29 15:02:46:382  vt_info数据表，第30次写入成功
2020-12-29 15:02:46:386  vt_info数据表，第31次写入成功
2020-12-29 15:02:46:389  vt_info数据表，第32次写入成功
2020-12-29 15:02:46:393  vt_info数据表，第33次写入成功
2020-12-29 15:02:46:397  vt_info数据表，第34次写入成功
2020-12-29 15:02:46:400  vt_info数据表，第35次写入成功
2020-12-29 15:02:46:404  vt_info数据表，第36次写入成功
2020-12-29 15:02:46:408  vt_info数据表，第37次写入成功
2020-12-29 15:02:46:411  vt_info数据表，第38次写入成功
2020-12-29 15:02:46:415  vt_info数据表，第39次写入成功
2020-12-29 15:02:46:418  vt_info数据表，第40次写入成功
2020-12-29 15:02:46:422  vt_info数据表，第41次写入成功
2020-12-29 15:02:46:426  vt_info数据表，第42次写入成功
2020-12-29 15:02:46:429  vt_info数据表，第43次写入成功
2020-12-29 15:02:46:433  vt_info数据表，第44次写入成功
2020-12-29 15:02:46:436  vt_info数据表，第45次写入成功
2020-12-29 15:02:46:440  vt_info数据表，第46次写入成功
2020-12-29 15:02:46:444  vt_info数据表，第47次写入成功
2020-12-29 15:02:46:446  motor_info数据表，第0次写入成功
2020-12-29 15:02:46:449  motor_info数据表，第1次写入成功
2020-12-29 15:02:46:452  motor_info数据表，第2次写入成功
2020-12-29 15:02:46:454  motor_info数据表，第3次写入成功
2020-12-29 15:02:46:457  motor_info数据表，第4次写入成功
2020-12-29 15:02:46:460  motor_info数据表，第5次写入成功
2020-12-29 15:02:46:462  motor_info数据表，第6次写入成功
2020-12-29 15:02:46:465  motor_info数据表，第7次写入成功
2020-12-29 15:02:46:467  motor_info数据表，第8次写入成功
2020-12-29 15:02:46:470  motor_info数据表，第9次写入成功
2020-12-29 15:02:46:473  motor_info数据表，第10次写入成功
2020-12-29 15:02:46:475  motor_info数据表，第11次写入成功
2020-12-29 15:02:46:478  motor_info数据表，第12次写入成功
2020-12-29 15:02:46:481  motor_info数据表，第13次写入成功
2020-12-29 15:02:46:484  motor_info数据表，第14次写入成功
2020-12-29 15:02:46:498  motor_info数据表，第15次写入成功
2020-12-29 15:02:46:500  数据库关闭！
2020-12-29 15:11:41:086  收到来车信号，流水号：20201229151141，所有设备开始采集
2020-12-29 15:11:41:121  开启A/D采集
2020-12-29 15:12:06:879  收到离车信号，流水号：20201229151141，线号：14，车号：043044，主控端：1，所有设备停止采集
2020-12-29 15:12:06:881  收到停止采集命令，开始停止采集
2020-12-29 15:12:06:885  停止采集数据
2020-12-29 15:12:06:887  采集连接已断开
2020-12-29 15:12:06:889  开始数据分析和落盘
2020-12-29 15:12:11:519  vibration1完成落盘
2020-12-29 15:12:15:327  vibration2完成落盘
2020-12-29 15:12:19:586  vibration3完成落盘
2020-12-29 15:12:23:957  vibration4完成落盘
2020-12-29 15:12:28:032  vibration5完成落盘
2020-12-29 15:12:32:020  vibration6完成落盘
2020-12-29 15:12:35:892  vibration7完成落盘
2020-12-29 15:12:40:067  vibration8完成落盘
2020-12-29 15:12:44:274  magnetic1完成落盘
2020-12-29 15:12:48:019  magnetic2完成落盘
2020-12-29 15:12:52:291  magnetic3完成落盘
2020-12-29 15:12:56:274  magnetic4完成落盘
2020-12-29 15:13:00:366  temperate1完成落盘
2020-12-29 15:13:04:518  temperate2完成落盘
2020-12-29 15:13:08:320  temperate3完成落盘
2020-12-29 15:13:11:713  temperate4完成落盘
2020-12-29 15:13:11:721  开始处理数据
2020-12-29 15:13:12:359  右侧计算完成
2020-12-29 15:13:12:879  左侧计算完成
2020-12-29 15:13:12:882  检查结果数据
2020-12-29 15:13:12:884  通知桌面显示数据
2020-12-29 15:13:12:900  开始写入数据库
2020-12-29 15:13:12:921  预警及报警参数加载完成
2020-12-29 15:13:12:923  数据库打开成功
2020-12-29 15:13:12:925  train_info数据表写入成功
2020-12-29 15:13:12:989  train_onlyid读取成功
2020-12-29 15:13:12:993  train_data数据表写入成功
2020-12-29 15:13:12:997  vt_info数据表，第0次写入成功
2020-12-29 15:13:13:001  vt_info数据表，第1次写入成功
2020-12-29 15:13:13:006  vt_info数据表，第2次写入成功
2020-12-29 15:13:13:009  vt_info数据表，第3次写入成功
2020-12-29 15:13:13:013  vt_info数据表，第4次写入成功
2020-12-29 15:13:13:017  vt_info数据表，第5次写入成功
2020-12-29 15:13:13:020  vt_info数据表，第6次写入成功
2020-12-29 15:13:13:024  vt_info数据表，第7次写入成功
2020-12-29 15:13:13:028  vt_info数据表，第8次写入成功
2020-12-29 15:13:13:031  vt_info数据表，第9次写入成功
2020-12-29 15:13:13:035  vt_info数据表，第10次写入成功
2020-12-29 15:13:13:039  vt_info数据表，第11次写入成功
2020-12-29 15:13:13:043  vt_info数据表，第12次写入成功
2020-12-29 15:13:13:046  vt_info数据表，第13次写入成功
2020-12-29 15:13:13:050  vt_info数据表，第14次写入成功
2020-12-29 15:13:13:053  vt_info数据表，第15次写入成功
2020-12-29 15:13:13:057  vt_info数据表，第16次写入成功
2020-12-29 15:13:13:062  vt_info数据表，第17次写入成功
2020-12-29 15:13:13:065  vt_info数据表，第18次写入成功
2020-12-29 15:13:13:069  vt_info数据表，第19次写入成功
2020-12-29 15:13:13:073  vt_info数据表，第20次写入成功
2020-12-29 15:13:13:076  vt_info数据表，第21次写入成功
2020-12-29 15:13:13:080  vt_info数据表，第22次写入成功
2020-12-29 15:13:13:084  vt_info数据表，第23次写入成功
2020-12-29 15:13:13:087  vt_info数据表，第24次写入成功
2020-12-29 15:13:13:091  vt_info数据表，第25次写入成功
2020-12-29 15:13:13:095  vt_info数据表，第26次写入成功
2020-12-29 15:13:13:098  vt_info数据表，第27次写入成功
2020-12-29 15:13:13:102  vt_info数据表，第28次写入成功
2020-12-29 15:13:13:106  vt_info数据表，第29次写入成功
2020-12-29 15:13:13:109  vt_info数据表，第30次写入成功
2020-12-29 15:13:13:113  vt_info数据表，第31次写入成功
2020-12-29 15:13:13:117  vt_info数据表，第32次写入成功
2020-12-29 15:13:13:120  vt_info数据表，第33次写入成功
2020-12-29 15:13:13:125  vt_info数据表，第34次写入成功
2020-12-29 15:13:13:128  vt_info数据表，第35次写入成功
2020-12-29 15:13:13:132  vt_info数据表，第36次写入成功
2020-12-29 15:13:13:136  vt_info数据表，第37次写入成功
2020-12-29 15:13:13:139  vt_info数据表，第38次写入成功
2020-12-29 15:13:13:143  vt_info数据表，第39次写入成功
2020-12-29 15:13:13:147  vt_info数据表，第40次写入成功
2020-12-29 15:13:13:150  vt_info数据表，第41次写入成功
2020-12-29 15:13:13:154  vt_info数据表，第42次写入成功
2020-12-29 15:13:13:158  vt_info数据表，第43次写入成功
2020-12-29 15:13:13:161  vt_info数据表，第44次写入成功
2020-12-29 15:13:13:165  vt_info数据表，第45次写入成功
2020-12-29 15:13:13:169  vt_info数据表，第46次写入成功
2020-12-29 15:13:13:172  vt_info数据表，第47次写入成功
2020-12-29 15:13:13:175  motor_info数据表，第0次写入成功
2020-12-29 15:13:13:178  motor_info数据表，第1次写入成功
2020-12-29 15:13:13:181  motor_info数据表，第2次写入成功
2020-12-29 15:13:13:184  motor_info数据表，第3次写入成功
2020-12-29 15:13:13:186  motor_info数据表，第4次写入成功
2020-12-29 15:13:13:189  motor_info数据表，第5次写入成功
2020-12-29 15:13:13:192  motor_info数据表，第6次写入成功
2020-12-29 15:13:13:194  motor_info数据表，第7次写入成功
2020-12-29 15:13:13:197  motor_info数据表，第8次写入成功
2020-12-29 15:13:13:200  motor_info数据表，第9次写入成功
2020-12-29 15:13:13:203  motor_info数据表，第10次写入成功
2020-12-29 15:13:13:205  motor_info数据表，第11次写入成功
2020-12-29 15:13:13:208  motor_info数据表，第12次写入成功
2020-12-29 15:13:13:211  motor_info数据表，第13次写入成功
2020-12-29 15:13:13:214  motor_info数据表，第14次写入成功
2020-12-29 15:13:13:227  motor_info数据表，第15次写入成功
2020-12-29 15:13:13:229  数据库关闭！
2020-12-29 15:21:47:213  收到来车信号，流水号：20201229152147，所有设备开始采集
2020-12-29 15:21:47:248  开启A/D采集
2020-12-29 15:22:12:980  收到离车信号，流水号：20201229152147，线号：14，车号：001002，主控端：1，所有设备停止采集
2020-12-29 15:22:12:983  收到停止采集命令，开始停止采集
2020-12-29 15:22:12:989  停止采集数据
2020-12-29 15:22:12:991  采集连接已断开
2020-12-29 15:22:12:993  开始数据分析和落盘
2020-12-29 15:22:17:439  vibration1完成落盘
2020-12-29 15:22:21:550  vibration2完成落盘
2020-12-29 15:22:25:626  vibration3完成落盘
2020-12-29 15:22:29:198  vibration4完成落盘
2020-12-29 15:22:33:437  vibration5完成落盘
2020-12-29 15:22:37:448  vibration6完成落盘
2020-12-29 15:22:41:610  vibration7完成落盘
2020-12-29 15:22:45:386  vibration8完成落盘
2020-12-29 15:22:49:118  magnetic1完成落盘
2020-12-29 15:22:53:184  magnetic2完成落盘
2020-12-29 15:22:57:568  magnetic3完成落盘
2020-12-29 15:23:01:287  magnetic4完成落盘
2020-12-29 15:23:05:093  temperate1完成落盘
2020-12-29 15:23:08:822  temperate2完成落盘
2020-12-29 15:23:12:541  temperate3完成落盘
2020-12-29 15:23:16:513  temperate4完成落盘
2020-12-29 15:23:16:523  开始处理数据
2020-12-29 15:23:17:145  右侧计算完成
2020-12-29 15:23:17:547  左侧计算完成
2020-12-29 15:23:17:549  检查结果数据
2020-12-29 15:23:17:551  通知桌面显示数据
2020-12-29 15:23:17:568  开始写入数据库
2020-12-29 15:23:17:586  预警及报警参数加载完成
2020-12-29 15:23:17:588  数据库打开成功
2020-12-29 15:23:17:590  train_info数据表写入成功
2020-12-29 15:23:17:654  train_onlyid读取成功
2020-12-29 15:23:17:658  train_data数据表写入成功
2020-12-29 15:23:17:662  vt_info数据表，第0次写入成功
2020-12-29 15:23:17:666  vt_info数据表，第1次写入成功
2020-12-29 15:23:17:669  vt_info数据表，第2次写入成功
2020-12-29 15:23:17:673  vt_info数据表，第3次写入成功
2020-12-29 15:23:17:677  vt_info数据表，第4次写入成功
2020-12-29 15:23:17:680  vt_info数据表，第5次写入成功
2020-12-29 15:23:17:684  vt_info数据表，第6次写入成功
2020-12-29 15:23:17:688  vt_info数据表，第7次写入成功
2020-12-29 15:23:17:691  vt_info数据表，第8次写入成功
2020-12-29 15:23:17:695  vt_info数据表，第9次写入成功
2020-12-29 15:23:17:699  vt_info数据表，第10次写入成功
2020-12-29 15:23:17:702  vt_info数据表，第11次写入成功
2020-12-29 15:23:17:706  vt_info数据表，第12次写入成功
2020-12-29 15:23:17:710  vt_info数据表，第13次写入成功
2020-12-29 15:23:17:713  vt_info数据表，第14次写入成功
2020-12-29 15:23:17:717  vt_info数据表，第15次写入成功
2020-12-29 15:23:17:720  vt_info数据表，第16次写入成功
2020-12-29 15:23:17:724  vt_info数据表，第17次写入成功
2020-12-29 15:23:17:728  vt_info数据表，第18次写入成功
2020-12-29 15:23:17:732  vt_info数据表，第19次写入成功
2020-12-29 15:23:17:735  vt_info数据表，第20次写入成功
2020-12-29 15:23:17:739  vt_info数据表，第21次写入成功
2020-12-29 15:23:17:743  vt_info数据表，第22次写入成功
2020-12-29 15:23:17:746  vt_info数据表，第23次写入成功
2020-12-29 15:23:17:750  vt_info数据表，第24次写入成功
2020-12-29 15:23:17:754  vt_info数据表，第25次写入成功
2020-12-29 15:23:17:757  vt_info数据表，第26次写入成功
2020-12-29 15:23:17:761  vt_info数据表，第27次写入成功
2020-12-29 15:23:17:765  vt_info数据表，第28次写入成功
2020-12-29 15:23:17:768  vt_info数据表，第29次写入成功
2020-12-29 15:23:17:772  vt_info数据表，第30次写入成功
2020-12-29 15:23:17:776  vt_info数据表，第31次写入成功
2020-12-29 15:23:17:779  vt_info数据表，第32次写入成功
2020-12-29 15:23:17:783  vt_info数据表，第33次写入成功
2020-12-29 15:23:17:787  vt_info数据表，第34次写入成功
2020-12-29 15:23:17:790  vt_info数据表，第35次写入成功
2020-12-29 15:23:17:794  vt_info数据表，第36次写入成功
2020-12-29 15:23:17:797  vt_info数据表，第37次写入成功
2020-12-29 15:23:17:801  vt_info数据表，第38次写入成功
2020-12-29 15:23:17:805  vt_info数据表，第39次写入成功
2020-12-29 15:23:17:809  vt_info数据表，第40次写入成功
2020-12-29 15:23:17:812  vt_info数据表，第41次写入成功
2020-12-29 15:23:17:816  vt_info数据表，第42次写入成功
2020-12-29 15:23:17:819  vt_info数据表，第43次写入成功
2020-12-29 15:23:17:823  vt_info数据表，第44次写入成功
2020-12-29 15:23:17:827  vt_info数据表，第45次写入成功
2020-12-29 15:23:17:830  vt_info数据表，第46次写入成功
2020-12-29 15:23:17:834  vt_info数据表，第47次写入成功
2020-12-29 15:23:17:837  motor_info数据表，第0次写入成功
2020-12-29 15:23:17:839  motor_info数据表，第1次写入成功
2020-12-29 15:23:17:842  motor_info数据表，第2次写入成功
2020-12-29 15:23:17:844  motor_info数据表，第3次写入成功
2020-12-29 15:23:17:847  motor_info数据表，第4次写入成功
2020-12-29 15:23:17:850  motor_info数据表，第5次写入成功
2020-12-29 15:23:17:852  motor_info数据表，第6次写入成功
2020-12-29 15:23:17:855  motor_info数据表，第7次写入成功
2020-12-29 15:23:17:858  motor_info数据表，第8次写入成功
2020-12-29 15:23:17:860  motor_info数据表，第9次写入成功
2020-12-29 15:23:17:863  motor_info数据表，第10次写入成功
2020-12-29 15:23:17:866  motor_info数据表，第11次写入成功
2020-12-29 15:23:17:869  motor_info数据表，第12次写入成功
2020-12-29 15:23:17:871  motor_info数据表，第13次写入成功
2020-12-29 15:23:17:874  motor_info数据表，第14次写入成功
2020-12-29 15:23:17:888  motor_info数据表，第15次写入成功
2020-12-29 15:23:17:890  数据库关闭！
2020-12-29 15:31:42:755  收到来车信号，流水号：20201229153142，所有设备开始采集
2020-12-29 15:31:42:790  开启A/D采集
2020-12-29 15:32:08:483  收到离车信号，流水号：20201229153142，线号：14，车号：021022，主控端：0，所有设备停止采集
2020-12-29 15:32:08:485  收到停止采集命令，开始停止采集
2020-12-29 15:32:08:491  停止采集数据
2020-12-29 15:32:08:493  采集连接已断开
2020-12-29 15:32:08:495  开始数据分析和落盘
2020-12-29 15:32:12:962  vibration1完成落盘
2020-12-29 15:32:16:574  vibration2完成落盘
2020-12-29 15:32:20:608  vibration3完成落盘
2020-12-29 15:32:24:066  vibration4完成落盘
2020-12-29 15:32:27:553  vibration5完成落盘
2020-12-29 15:32:31:222  vibration6完成落盘
2020-12-29 15:32:35:142  vibration7完成落盘
2020-12-29 15:32:38:461  vibration8完成落盘
2020-12-29 15:32:42:144  magnetic1完成落盘
2020-12-29 15:32:45:886  magnetic2完成落盘
2020-12-29 15:32:49:568  magnetic3完成落盘
2020-12-29 15:32:53:001  magnetic4完成落盘
2020-12-29 15:32:56:382  temperate1完成落盘
2020-12-29 15:33:00:026  temperate2完成落盘
2020-12-29 15:33:03:579  temperate3完成落盘
2020-12-29 15:33:07:168  temperate4完成落盘
2020-12-29 15:33:07:177  开始处理数据
2020-12-29 15:33:07:672  右侧计算完成
2020-12-29 15:33:08:181  左侧计算完成
2020-12-29 15:33:08:183  检查结果数据
2020-12-29 15:33:08:185  通知桌面显示数据
2020-12-29 15:33:08:201  开始写入数据库
2020-12-29 15:33:08:223  预警及报警参数加载完成
2020-12-29 15:33:08:225  数据库打开成功
2020-12-29 15:33:08:227  train_info数据表写入成功
2020-12-29 15:33:08:290  train_onlyid读取成功
2020-12-29 15:33:08:294  train_data数据表写入成功
2020-12-29 15:33:08:298  vt_info数据表，第0次写入成功
2020-12-29 15:33:08:301  vt_info数据表，第1次写入成功
2020-12-29 15:33:08:305  vt_info数据表，第2次写入成功
2020-12-29 15:33:08:308  vt_info数据表，第3次写入成功
2020-12-29 15:33:08:312  vt_info数据表，第4次写入成功
2020-12-29 15:33:08:315  vt_info数据表，第5次写入成功
2020-12-29 15:33:08:319  vt_info数据表，第6次写入成功
2020-12-29 15:33:08:322  vt_info数据表，第7次写入成功
2020-12-29 15:33:08:326  vt_info数据表，第8次写入成功
2020-12-29 15:33:08:330  vt_info数据表，第9次写入成功
2020-12-29 15:33:08:333  vt_info数据表，第10次写入成功
2020-12-29 15:33:08:337  vt_info数据表，第11次写入成功
2020-12-29 15:33:08:340  vt_info数据表，第12次写入成功
2020-12-29 15:33:08:344  vt_info数据表，第13次写入成功
2020-12-29 15:33:08:347  vt_info数据表，第14次写入成功
2020-12-29 15:33:08:351  vt_info数据表，第15次写入成功
2020-12-29 15:33:08:355  vt_info数据表，第16次写入成功
2020-12-29 15:33:08:358  vt_info数据表，第17次写入成功
2020-12-29 15:33:08:362  vt_info数据表，第18次写入成功
2020-12-29 15:33:08:365  vt_info数据表，第19次写入成功
2020-12-29 15:33:08:369  vt_info数据表，第20次写入成功
2020-12-29 15:33:08:373  vt_info数据表，第21次写入成功
2020-12-29 15:33:08:376  vt_info数据表，第22次写入成功
2020-12-29 15:33:08:380  vt_info数据表，第23次写入成功
2020-12-29 15:33:08:384  vt_info数据表，第24次写入成功
2020-12-29 15:33:08:387  vt_info数据表，第25次写入成功
2020-12-29 15:33:08:391  vt_info数据表，第26次写入成功
2020-12-29 15:33:08:394  vt_info数据表，第27次写入成功
2020-12-29 15:33:08:398  vt_info数据表，第28次写入成功
2020-12-29 15:33:08:402  vt_info数据表，第29次写入成功
2020-12-29 15:33:08:405  vt_info数据表，第30次写入成功
2020-12-29 15:33:08:409  vt_info数据表，第31次写入成功
2020-12-29 15:33:08:413  vt_info数据表，第32次写入成功
2020-12-29 15:33:08:416  vt_info数据表，第33次写入成功
2020-12-29 15:33:08:420  vt_info数据表，第34次写入成功
2020-12-29 15:33:08:424  vt_info数据表，第35次写入成功
2020-12-29 15:33:08:427  vt_info数据表，第36次写入成功
2020-12-29 15:33:08:431  vt_info数据表，第37次写入成功
2020-12-29 15:33:08:434  vt_info数据表，第38次写入成功
2020-12-29 15:33:08:438  vt_info数据表，第39次写入成功
2020-12-29 15:33:08:442  vt_info数据表，第40次写入成功
2020-12-29 15:33:08:446  vt_info数据表，第41次写入成功
2020-12-29 15:33:08:449  vt_info数据表，第42次写入成功
2020-12-29 15:33:08:453  vt_info数据表，第43次写入成功
2020-12-29 15:33:08:456  vt_info数据表，第44次写入成功
2020-12-29 15:33:08:460  vt_info数据表，第45次写入成功
2020-12-29 15:33:08:464  vt_info数据表，第46次写入成功
2020-12-29 15:33:08:467  vt_info数据表，第47次写入成功
2020-12-29 15:33:08:470  motor_info数据表，第0次写入成功
2020-12-29 15:33:08:473  motor_info数据表，第1次写入成功
2020-12-29 15:33:08:476  motor_info数据表，第2次写入成功
2020-12-29 15:33:08:478  motor_info数据表，第3次写入成功
2020-12-29 15:33:08:481  motor_info数据表，第4次写入成功
2020-12-29 15:33:08:483  motor_info数据表，第5次写入成功
2020-12-29 15:33:08:486  motor_info数据表，第6次写入成功
2020-12-29 15:33:08:489  motor_info数据表，第7次写入成功
2020-12-29 15:33:08:491  motor_info数据表，第8次写入成功
2020-12-29 15:33:08:494  motor_info数据表，第9次写入成功
2020-12-29 15:33:08:496  motor_info数据表，第10次写入成功
2020-12-29 15:33:08:499  motor_info数据表，第11次写入成功
2020-12-29 15:33:08:502  motor_info数据表，第12次写入成功
2020-12-29 15:33:08:504  motor_info数据表，第13次写入成功
2020-12-29 15:33:08:507  motor_info数据表，第14次写入成功
2020-12-29 15:33:08:521  motor_info数据表，第15次写入成功
2020-12-29 15:33:08:523  数据库关闭！
2020-12-29 15:41:43:881  收到来车信号，流水号：20201229154143，所有设备开始采集
2020-12-29 15:41:43:916  开启A/D采集
2020-12-29 15:42:09:585  收到离车信号，流水号：20201229154143，线号：14，车号：033034，主控端：1，所有设备停止采集
2020-12-29 15:42:09:588  收到停止采集命令，开始停止采集
2020-12-29 15:42:09:594  停止采集数据
2020-12-29 15:42:09:596  采集连接已断开
2020-12-29 15:42:09:598  开始数据分析和落盘
2020-12-29 15:42:13:669  vibration1完成落盘
2020-12-29 15:42:17:545  vibration2完成落盘
2020-12-29 15:42:21:333  vibration3完成落盘
2020-12-29 15:42:24:830  vibration4完成落盘
2020-12-29 15:42:28:642  vibration5完成落盘
2020-12-29 15:42:32:507  vibration6完成落盘
2020-12-29 15:42:36:218  vibration7完成落盘
2020-12-29 15:42:39:762  vibration8完成落盘
2020-12-29 15:42:43:652  magnetic1完成落盘
2020-12-29 15:42:47:173  magnetic2完成落盘
2020-12-29 15:42:51:063  magnetic3完成落盘
2020-12-29 15:42:55:107  magnetic4完成落盘
2020-12-29 15:42:59:039  temperate1完成落盘
2020-12-29 15:43:02:751  temperate2完成落盘
2020-12-29 15:43:05:870  temperate3完成落盘
2020-12-29 15:43:09:277  temperate4完成落盘
2020-12-29 15:43:09:286  开始处理数据
2020-12-29 15:43:09:618  右侧计算完成
2020-12-29 15:43:09:839  左侧计算完成
2020-12-29 15:43:09:840  检查结果数据
2020-12-29 15:43:09:842  通知桌面显示数据
2020-12-29 15:43:09:860  开始写入数据库
2020-12-29 15:43:09:878  预警及报警参数加载完成
2020-12-29 15:43:09:881  数据库打开成功
2020-12-29 15:43:09:883  train_info数据表写入成功
2020-12-29 15:43:09:946  train_onlyid读取成功
2020-12-29 15:43:09:950  train_data数据表写入成功
2020-12-29 15:43:09:954  vt_info数据表，第0次写入成功
2020-12-29 15:43:09:958  vt_info数据表，第1次写入成功
2020-12-29 15:43:09:962  vt_info数据表，第2次写入成功
2020-12-29 15:43:09:965  vt_info数据表，第3次写入成功
2020-12-29 15:43:09:969  vt_info数据表，第4次写入成功
2020-12-29 15:43:09:973  vt_info数据表，第5次写入成功
2020-12-29 15:43:09:977  vt_info数据表，第6次写入成功
2020-12-29 15:43:09:980  vt_info数据表，第7次写入成功
2020-12-29 15:43:09:984  vt_info数据表，第8次写入成功
2020-12-29 15:43:09:988  vt_info数据表，第9次写入成功
2020-12-29 15:43:09:991  vt_info数据表，第10次写入成功
2020-12-29 15:43:09:995  vt_info数据表，第11次写入成功
2020-12-29 15:43:09:998  vt_info数据表，第12次写入成功
2020-12-29 15:43:10:002  vt_info数据表，第13次写入成功
2020-12-29 15:43:10:006  vt_info数据表，第14次写入成功
2020-12-29 15:43:10:009  vt_info数据表，第15次写入成功
2020-12-29 15:43:10:013  vt_info数据表，第16次写入成功
2020-12-29 15:43:10:017  vt_info数据表，第17次写入成功
2020-12-29 15:43:10:020  vt_info数据表，第18次写入成功
2020-12-29 15:43:10:024  vt_info数据表，第19次写入成功
2020-12-29 15:43:10:028  vt_info数据表，第20次写入成功
2020-12-29 15:43:10:031  vt_info数据表，第21次写入成功
2020-12-29 15:43:10:035  vt_info数据表，第22次写入成功
2020-12-29 15:43:10:039  vt_info数据表，第23次写入成功
2020-12-29 15:43:10:043  vt_info数据表，第24次写入成功
2020-12-29 15:43:10:046  vt_info数据表，第25次写入成功
2020-12-29 15:43:10:050  vt_info数据表，第26次写入成功
2020-12-29 15:43:10:054  vt_info数据表，第27次写入成功
2020-12-29 15:43:10:058  vt_info数据表，第28次写入成功
2020-12-29 15:43:10:061  vt_info数据表，第29次写入成功
2020-12-29 15:43:10:065  vt_info数据表，第30次写入成功
2020-12-29 15:43:10:069  vt_info数据表，第31次写入成功
2020-12-29 15:43:10:073  vt_info数据表，第32次写入成功
2020-12-29 15:43:10:076  vt_info数据表，第33次写入成功
2020-12-29 15:43:10:080  vt_info数据表，第34次写入成功
2020-12-29 15:43:10:084  vt_info数据表，第35次写入成功
2020-12-29 15:43:10:087  vt_info数据表，第36次写入成功
2020-12-29 15:43:10:091  vt_info数据表，第37次写入成功
2020-12-29 15:43:10:095  vt_info数据表，第38次写入成功
2020-12-29 15:43:10:099  vt_info数据表，第39次写入成功
2020-12-29 15:43:10:102  vt_info数据表，第40次写入成功
2020-12-29 15:43:10:106  vt_info数据表，第41次写入成功
2020-12-29 15:43:10:110  vt_info数据表，第42次写入成功
2020-12-29 15:43:10:113  vt_info数据表，第43次写入成功
2020-12-29 15:43:10:117  vt_info数据表，第44次写入成功
2020-12-29 15:43:10:121  vt_info数据表，第45次写入成功
2020-12-29 15:43:10:125  vt_info数据表，第46次写入成功
2020-12-29 15:43:10:128  vt_info数据表，第47次写入成功
2020-12-29 15:43:10:131  motor_info数据表，第0次写入成功
2020-12-29 15:43:10:134  motor_info数据表，第1次写入成功
2020-12-29 15:43:10:136  motor_info数据表，第2次写入成功
2020-12-29 15:43:10:139  motor_info数据表，第3次写入成功
2020-12-29 15:43:10:142  motor_info数据表，第4次写入成功
2020-12-29 15:43:10:144  motor_info数据表，第5次写入成功
2020-12-29 15:43:10:147  motor_info数据表，第6次写入成功
2020-12-29 15:43:10:150  motor_info数据表，第7次写入成功
2020-12-29 15:43:10:152  motor_info数据表，第8次写入成功
2020-12-29 15:43:10:155  motor_info数据表，第9次写入成功
2020-12-29 15:43:10:158  motor_info数据表，第10次写入成功
2020-12-29 15:43:10:160  motor_info数据表，第11次写入成功
2020-12-29 15:43:10:163  motor_info数据表，第12次写入成功
2020-12-29 15:43:10:166  motor_info数据表，第13次写入成功
2020-12-29 15:43:10:168  motor_info数据表，第14次写入成功
2020-12-29 15:43:10:182  motor_info数据表，第15次写入成功
2020-12-29 15:43:10:184  数据库关闭！
2020-12-29 15:51:55:881  收到来车信号，流水号：20201229155155，所有设备开始采集
2020-12-29 15:51:55:915  开启A/D采集
2020-12-29 15:52:21:582  收到离车信号，流水号：20201229155155，线号：14，车号：011012，主控端：1，所有设备停止采集
2020-12-29 15:52:21:584  收到停止采集命令，开始停止采集
2020-12-29 15:52:21:589  停止采集数据
2020-12-29 15:52:21:591  采集连接已断开
2020-12-29 15:52:21:593  开始数据分析和落盘
2020-12-29 15:52:25:908  vibration1完成落盘
2020-12-29 15:52:29:871  vibration2完成落盘
2020-12-29 15:52:33:752  vibration3完成落盘
2020-12-29 15:52:37:796  vibration4完成落盘
2020-12-29 15:52:41:691  vibration5完成落盘
2020-12-29 15:52:45:722  vibration6完成落盘
2020-12-29 15:52:48:953  vibration7完成落盘
2020-12-29 15:52:52:929  vibration8完成落盘
2020-12-29 15:52:56:350  magnetic1完成落盘
2020-12-29 15:53:00:282  magnetic2完成落盘
2020-12-29 15:53:04:011  magnetic3完成落盘
2020-12-29 15:53:08:232  magnetic4完成落盘
2020-12-29 15:53:12:122  temperate1完成落盘
2020-12-29 15:53:15:441  temperate2完成落盘
2020-12-29 15:53:19:150  temperate3完成落盘
2020-12-29 15:53:22:530  temperate4完成落盘
2020-12-29 15:53:22:539  开始处理数据
2020-12-29 15:53:23:153  右侧计算完成
2020-12-29 15:53:23:675  左侧计算完成
2020-12-29 15:53:23:677  检查结果数据
2020-12-29 15:53:23:679  通知桌面显示数据
2020-12-29 15:53:23:696  开始写入数据库
2020-12-29 15:53:23:717  预警及报警参数加载完成
2020-12-29 15:53:23:719  数据库打开成功
2020-12-29 15:53:23:721  train_info数据表写入成功
2020-12-29 15:53:23:784  train_onlyid读取成功
2020-12-29 15:53:23:788  train_data数据表写入成功
2020-12-29 15:53:23:792  vt_info数据表，第0次写入成功
2020-12-29 15:53:23:795  vt_info数据表，第1次写入成功
2020-12-29 15:53:23:799  vt_info数据表，第2次写入成功
2020-12-29 15:53:23:803  vt_info数据表，第3次写入成功
2020-12-29 15:53:23:806  vt_info数据表，第4次写入成功
2020-12-29 15:53:23:810  vt_info数据表，第5次写入成功
2020-12-29 15:53:23:814  vt_info数据表，第6次写入成功
2020-12-29 15:53:23:817  vt_info数据表，第7次写入成功
2020-12-29 15:53:23:821  vt_info数据表，第8次写入成功
2020-12-29 15:53:23:825  vt_info数据表，第9次写入成功
2020-12-29 15:53:23:828  vt_info数据表，第10次写入成功
2020-12-29 15:53:23:832  vt_info数据表，第11次写入成功
2020-12-29 15:53:23:836  vt_info数据表，第12次写入成功
2020-12-29 15:53:23:839  vt_info数据表，第13次写入成功
2020-12-29 15:53:23:843  vt_info数据表，第14次写入成功
2020-12-29 15:53:23:846  vt_info数据表，第15次写入成功
2020-12-29 15:53:23:850  vt_info数据表，第16次写入成功
2020-12-29 15:53:23:854  vt_info数据表，第17次写入成功
2020-12-29 15:53:23:857  vt_info数据表，第18次写入成功
2020-12-29 15:53:23:861  vt_info数据表，第19次写入成功
2020-12-29 15:53:23:865  vt_info数据表，第20次写入成功
2020-12-29 15:53:23:868  vt_info数据表，第21次写入成功
2020-12-29 15:53:23:872  vt_info数据表，第22次写入成功
2020-12-29 15:53:23:876  vt_info数据表，第23次写入成功
2020-12-29 15:53:23:879  vt_info数据表，第24次写入成功
2020-12-29 15:53:23:883  vt_info数据表，第25次写入成功
2020-12-29 15:53:23:887  vt_info数据表，第26次写入成功
2020-12-29 15:53:23:890  vt_info数据表，第27次写入成功
2020-12-29 15:53:23:894  vt_info数据表，第28次写入成功
2020-12-29 15:53:23:898  vt_info数据表，第29次写入成功
2020-12-29 15:53:23:901  vt_info数据表，第30次写入成功
2020-12-29 15:53:23:905  vt_info数据表，第31次写入成功
2020-12-29 15:53:23:909  vt_info数据表，第32次写入成功
2020-12-29 15:53:23:912  vt_info数据表，第33次写入成功
2020-12-29 15:53:23:916  vt_info数据表，第34次写入成功
2020-12-29 15:53:23:920  vt_info数据表，第35次写入成功
2020-12-29 15:53:23:923  vt_info数据表，第36次写入成功
2020-12-29 15:53:23:927  vt_info数据表，第37次写入成功
2020-12-29 15:53:23:931  vt_info数据表，第38次写入成功
2020-12-29 15:53:23:935  vt_info数据表，第39次写入成功
2020-12-29 15:53:23:938  vt_info数据表，第40次写入成功
2020-12-29 15:53:23:942  vt_info数据表，第41次写入成功
2020-12-29 15:53:23:946  vt_info数据表，第42次写入成功
2020-12-29 15:53:23:949  vt_info数据表，第43次写入成功
2020-12-29 15:53:23:953  vt_info数据表，第44次写入成功
2020-12-29 15:53:23:957  vt_info数据表，第45次写入成功
2020-12-29 15:53:23:960  vt_info数据表，第46次写入成功
2020-12-29 15:53:23:964  vt_info数据表，第47次写入成功
2020-12-29 15:53:23:967  motor_info数据表，第0次写入成功
2020-12-29 15:53:23:969  motor_info数据表，第1次写入成功
2020-12-29 15:53:23:972  motor_info数据表，第2次写入成功
2020-12-29 15:53:23:975  motor_info数据表，第3次写入成功
2020-12-29 15:53:23:977  motor_info数据表，第4次写入成功
2020-12-29 15:53:23:980  motor_info数据表，第5次写入成功
2020-12-29 15:53:23:983  motor_info数据表，第6次写入成功
2020-12-29 15:53:23:986  motor_info数据表，第7次写入成功
2020-12-29 15:53:23:988  motor_info数据表，第8次写入成功
2020-12-29 15:53:23:991  motor_info数据表，第9次写入成功
2020-12-29 15:53:23:993  motor_info数据表，第10次写入成功
2020-12-29 15:53:23:996  motor_info数据表，第11次写入成功
2020-12-29 15:53:23:999  motor_info数据表，第12次写入成功
2020-12-29 15:53:24:001  motor_info数据表，第13次写入成功
2020-12-29 15:53:24:004  motor_info数据表，第14次写入成功
2020-12-29 15:53:24:018  motor_info数据表，第15次写入成功
2020-12-29 15:53:24:020  数据库关闭！
