2020-12-25 23:05:45:303  磁钢信号预处理完成，位置标记：1
2020-12-25 23:05:45:314  温度分轮成功，分轮数尺度为：48
2020-12-25 23:05:45:326  轴承端盖温度特征值计算完成, 位置标记：1
2020-12-25 23:05:45:334  电机温度计算完成, 位置标记：1
2020-12-25 23:05:45:337  电机温度计算完成, 位置标记：1
2020-12-25 23:05:45:340  电机温度计算完成, 位置标记：1
2020-12-25 23:05:45:344  电机温度计算完成, 位置标记：1
2020-12-25 23:05:45:347  电机温度计算完成, 位置标记：1
2020-12-25 23:05:45:350  电机温度计算完成, 位置标记：1
2020-12-25 23:05:45:354  电机温度计算完成, 位置标记：1
2020-12-25 23:05:45:358  电机温度计算完成, 位置标记：1
2020-12-25 23:05:45:358  车速为：79.0076位置标记为：1
2020-12-25 23:05:45:378  振动分轮计算完成, 位置标记：1
2020-12-25 23:05:45:693  振动特征值计算完成, 位置标记：1
2020-12-25 23:05:45:730  磁钢信号预处理完成，位置标记：0
2020-12-25 23:05:45:739  温度分轮成功，分轮数尺度为：48
2020-12-25 23:05:45:750  轴承端盖温度特征值计算完成, 位置标记：0
2020-12-25 23:05:45:758  电机温度计算完成, 位置标记：0
2020-12-25 23:05:45:760  电机温度计算完成, 位置标记：0
2020-12-25 23:05:45:763  电机温度计算完成, 位置标记：0
2020-12-25 23:05:45:766  电机温度计算完成, 位置标记：0
2020-12-25 23:05:45:769  电机温度计算完成, 位置标记：0
2020-12-25 23:05:45:772  电机温度计算完成, 位置标记：0
2020-12-25 23:05:45:775  电机温度计算完成, 位置标记：0
2020-12-25 23:05:45:778  电机温度计算完成, 位置标记：0
2020-12-25 23:05:45:779  车速为：79.0076位置标记为：0
2020-12-25 23:05:45:797  振动分轮计算完成, 位置标记：0
2020-12-25 23:05:46:080  振动特征值计算完成, 位置标记：0
2020-12-25 23:17:36:913  磁钢信号预处理完成，位置标记：1
2020-12-25 23:17:36:924  温度分轮成功，分轮数尺度为：48
2020-12-25 23:17:36:937  轴承端盖温度特征值计算完成, 位置标记：1
2020-12-25 23:17:36:946  电机温度计算完成, 位置标记：1
2020-12-25 23:17:36:949  电机温度计算完成, 位置标记：1
2020-12-25 23:17:36:953  电机温度计算完成, 位置标记：1
2020-12-25 23:17:36:956  电机温度计算完成, 位置标记：1
2020-12-25 23:17:36:959  电机温度计算完成, 位置标记：1
2020-12-25 23:17:36:963  电机温度计算完成, 位置标记：1
2020-12-25 23:17:36:966  电机温度计算完成, 位置标记：1
2020-12-25 23:17:36:970  电机温度计算完成, 位置标记：1
2020-12-25 23:17:36:970  车速为：79.4626位置标记为：1
2020-12-25 23:17:36:991  振动分轮计算完成, 位置标记：1
2020-12-25 23:17:37:327  振动特征值计算完成, 位置标记：1
2020-12-25 23:17:37:374  磁钢信号预处理完成，位置标记：0
2020-12-25 23:17:37:386  温度分轮成功，分轮数尺度为：48
2020-12-25 23:17:37:399  轴承端盖温度特征值计算完成, 位置标记：0
2020-12-25 23:17:37:407  电机温度计算完成, 位置标记：0
2020-12-25 23:17:37:411  电机温度计算完成, 位置标记：0
2020-12-25 23:17:37:414  电机温度计算完成, 位置标记：0
2020-12-25 23:17:37:418  电机温度计算完成, 位置标记：0
2020-12-25 23:17:37:421  电机温度计算完成, 位置标记：0
2020-12-25 23:17:37:425  电机温度计算完成, 位置标记：0
2020-12-25 23:17:37:429  电机温度计算完成, 位置标记：0
2020-12-25 23:17:37:432  电机温度计算完成, 位置标记：0
2020-12-25 23:17:37:433  车速为：79.4626位置标记为：0
2020-12-25 23:17:37:453  振动分轮计算完成, 位置标记：0
2020-12-25 23:17:37:745  振动特征值计算完成, 位置标记：0
