2020-12-16 12:03:42:366  磁钢信号预处理完成，位置标记：1
2020-12-16 12:03:42:382  温度分轮成功，分轮数尺度为：48
2020-12-16 12:03:42:445  轴承端盖温度特征值计算完成, 位置标记：1
2020-12-16 12:03:42:507  电机温度计算完成, 位置标记：1
2020-12-16 12:03:42:507  电机温度计算完成, 位置标记：1
2020-12-16 12:03:42:523  电机温度计算完成, 位置标记：1
2020-12-16 12:03:42:523  电机温度计算完成, 位置标记：1
2020-12-16 12:03:42:523  电机温度计算完成, 位置标记：1
2020-12-16 12:03:42:523  电机温度计算完成, 位置标记：1
2020-12-16 12:03:42:523  电机温度计算完成, 位置标记：1
2020-12-16 12:03:42:523  电机温度计算完成, 位置标记：1
2020-12-16 12:03:42:538  车速为：36.7837位置标记为：1
2020-12-16 12:03:42:554  振动有效标记位计算异常，位置标记为：1
2020-12-16 12:03:42:601  磁钢信号预处理完成，位置标记：0
2020-12-16 12:03:42:617  温度分轮成功，分轮数尺度为：48
2020-12-16 12:03:42:679  轴承端盖温度特征值计算完成, 位置标记：0
2020-12-16 12:03:42:741  电机温度计算完成, 位置标记：0
2020-12-16 12:03:42:741  电机温度计算完成, 位置标记：0
2020-12-16 12:03:42:757  电机温度计算完成, 位置标记：0
2020-12-16 12:03:42:757  电机温度计算完成, 位置标记：0
2020-12-16 12:03:42:757  电机温度计算完成, 位置标记：0
2020-12-16 12:03:42:757  电机温度计算完成, 位置标记：0
2020-12-16 12:03:42:757  电机温度计算完成, 位置标记：0
2020-12-16 12:03:42:773  电机温度计算完成, 位置标记：0
2020-12-16 12:03:42:773  车速为：36.7837位置标记为：0
2020-12-16 12:03:42:788  振动有效标记位计算异常，位置标记为：0
2020-12-16 12:13:46:002  磁钢信号预处理完成，位置标记：1
2020-12-16 12:13:46:002  温度分轮成功，分轮数尺度为：48
2020-12-16 12:13:46:064  轴承端盖温度特征值计算完成, 位置标记：1
2020-12-16 12:13:46:127  电机温度计算完成, 位置标记：1
2020-12-16 12:13:46:142  电机温度计算完成, 位置标记：1
2020-12-16 12:13:46:142  电机温度计算完成, 位置标记：1
2020-12-16 12:13:46:142  电机温度计算完成, 位置标记：1
2020-12-16 12:13:46:142  电机温度计算完成, 位置标记：1
2020-12-16 12:13:46:142  电机温度计算完成, 位置标记：1
2020-12-16 12:13:46:158  电机温度计算完成, 位置标记：1
2020-12-16 12:13:46:158  电机温度计算完成, 位置标记：1
2020-12-16 12:13:46:158  车速为：36.7673位置标记为：1
2020-12-16 12:13:46:174  振动分轮计算完成, 位置标记：1
2020-12-16 12:13:46:439  振动特征值计算完成, 位置标记：1
2020-12-16 12:13:46:470  磁钢信号预处理完成，位置标记：0
2020-12-16 12:13:46:486  温度分轮成功，分轮数尺度为：48
2020-12-16 12:13:46:533  轴承端盖温度特征值计算完成, 位置标记：0
2020-12-16 12:13:46:580  电机温度计算完成, 位置标记：0
2020-12-16 12:13:46:580  电机温度计算完成, 位置标记：0
2020-12-16 12:13:46:580  电机温度计算完成, 位置标记：0
2020-12-16 12:13:46:595  电机温度计算完成, 位置标记：0
2020-12-16 12:13:46:595  电机温度计算完成, 位置标记：0
2020-12-16 12:13:46:595  电机温度计算完成, 位置标记：0
2020-12-16 12:13:46:595  电机温度计算完成, 位置标记：0
2020-12-16 12:13:46:595  电机温度计算完成, 位置标记：0
2020-12-16 12:13:46:595  车速为：36.7673位置标记为：0
2020-12-16 12:13:46:611  振动分轮计算完成, 位置标记：0
2020-12-16 12:13:46:861  振动特征值计算完成, 位置标记：0
2020-12-16 12:23:56:602  磁钢信号预处理完成，位置标记：1
2020-12-16 12:23:56:618  温度分轮成功，分轮数尺度为：48
2020-12-16 12:23:56:680  轴承端盖温度特征值计算完成, 位置标记：1
2020-12-16 12:23:56:743  电机温度计算完成, 位置标记：1
2020-12-16 12:23:56:743  电机温度计算完成, 位置标记：1
2020-12-16 12:23:56:743  电机温度计算完成, 位置标记：1
2020-12-16 12:23:56:758  电机温度计算完成, 位置标记：1
2020-12-16 12:23:56:758  电机温度计算完成, 位置标记：1
2020-12-16 12:23:56:758  电机温度计算完成, 位置标记：1
2020-12-16 12:23:56:758  电机温度计算完成, 位置标记：1
2020-12-16 12:23:56:758  电机温度计算完成, 位置标记：1
2020-12-16 12:23:56:758  车速为：36.7673位置标记为：1
2020-12-16 12:23:56:774  振动有效标记位计算异常，位置标记为：1
2020-12-16 12:23:56:821  磁钢信号预处理完成，位置标记：0
2020-12-16 12:23:56:837  温度分轮成功，分轮数尺度为：48
2020-12-16 12:23:56:899  轴承端盖温度特征值计算完成, 位置标记：0
2020-12-16 12:23:56:962  电机温度计算完成, 位置标记：0
2020-12-16 12:23:56:962  电机温度计算完成, 位置标记：0
2020-12-16 12:23:56:962  电机温度计算完成, 位置标记：0
2020-12-16 12:23:56:977  电机温度计算完成, 位置标记：0
2020-12-16 12:23:56:977  电机温度计算完成, 位置标记：0
2020-12-16 12:23:56:977  电机温度计算完成, 位置标记：0
2020-12-16 12:23:56:977  电机温度计算完成, 位置标记：0
2020-12-16 12:23:56:977  电机温度计算完成, 位置标记：0
2020-12-16 12:23:56:993  车速为：36.7673位置标记为：0
2020-12-16 12:23:56:993  振动有效标记位计算异常，位置标记为：0
2020-12-16 12:33:39:981  磁钢信号预处理完成，位置标记：1
2020-12-16 12:33:39:996  温度分轮成功，分轮数尺度为：48
2020-12-16 12:33:40:059  轴承端盖温度特征值计算完成, 位置标记：1
2020-12-16 12:33:40:121  电机温度计算完成, 位置标记：1
2020-12-16 12:33:40:137  电机温度计算完成, 位置标记：1
2020-12-16 12:33:40:137  电机温度计算完成, 位置标记：1
2020-12-16 12:33:40:137  电机温度计算完成, 位置标记：1
2020-12-16 12:33:40:137  电机温度计算完成, 位置标记：1
2020-12-16 12:33:40:137  电机温度计算完成, 位置标记：1
2020-12-16 12:33:40:153  电机温度计算完成, 位置标记：1
2020-12-16 12:33:40:153  电机温度计算完成, 位置标记：1
2020-12-16 12:33:40:153  车速为：36.7347位置标记为：1
2020-12-16 12:33:40:168  振动分轮计算完成, 位置标记：1
2020-12-16 12:33:40:465  振动特征值计算完成, 位置标记：1
2020-12-16 12:33:40:512  磁钢信号预处理完成，位置标记：0
2020-12-16 12:33:40:528  温度分轮成功，分轮数尺度为：48
2020-12-16 12:33:40:590  轴承端盖温度特征值计算完成, 位置标记：0
2020-12-16 12:33:40:653  电机温度计算完成, 位置标记：0
2020-12-16 12:33:40:668  电机温度计算完成, 位置标记：0
2020-12-16 12:33:40:668  电机温度计算完成, 位置标记：0
2020-12-16 12:33:40:668  电机温度计算完成, 位置标记：0
2020-12-16 12:33:40:668  电机温度计算完成, 位置标记：0
2020-12-16 12:33:40:668  电机温度计算完成, 位置标记：0
2020-12-16 12:33:40:684  电机温度计算完成, 位置标记：0
2020-12-16 12:33:40:684  电机温度计算完成, 位置标记：0
2020-12-16 12:33:40:684  车速为：36.7347位置标记为：0
2020-12-16 12:33:40:700  振动分轮计算完成, 位置标记：0
2020-12-16 12:33:40:996  振动特征值计算完成, 位置标记：0
2020-12-16 12:43:40:323  磁钢信号预处理完成，位置标记：1
2020-12-16 12:43:40:339  温度分轮成功，分轮数尺度为：48
2020-12-16 12:43:40:401  轴承端盖温度特征值计算完成, 位置标记：1
2020-12-16 12:43:40:464  电机温度计算完成, 位置标记：1
2020-12-16 12:43:40:464  电机温度计算完成, 位置标记：1
2020-12-16 12:43:40:464  电机温度计算完成, 位置标记：1
2020-12-16 12:43:40:464  电机温度计算完成, 位置标记：1
2020-12-16 12:43:40:479  电机温度计算完成, 位置标记：1
2020-12-16 12:43:40:479  电机温度计算完成, 位置标记：1
2020-12-16 12:43:40:479  电机温度计算完成, 位置标记：1
2020-12-16 12:43:40:479  电机温度计算完成, 位置标记：1
2020-12-16 12:43:40:479  车速为：36.7021位置标记为：1
2020-12-16 12:43:40:510  振动分轮计算完成, 位置标记：1
2020-12-16 12:43:40:792  振动特征值计算完成, 位置标记：1
2020-12-16 12:43:40:839  磁钢信号预处理完成，位置标记：0
2020-12-16 12:43:40:854  温度分轮成功，分轮数尺度为：48
2020-12-16 12:43:40:917  轴承端盖温度特征值计算完成, 位置标记：0
2020-12-16 12:43:40:979  电机温度计算完成, 位置标记：0
2020-12-16 12:43:40:979  电机温度计算完成, 位置标记：0
2020-12-16 12:43:40:995  电机温度计算完成, 位置标记：0
2020-12-16 12:43:40:995  电机温度计算完成, 位置标记：0
2020-12-16 12:43:40:995  电机温度计算完成, 位置标记：0
2020-12-16 12:43:40:995  电机温度计算完成, 位置标记：0
2020-12-16 12:43:40:995  电机温度计算完成, 位置标记：0
2020-12-16 12:43:40:995  电机温度计算完成, 位置标记：0
2020-12-16 12:43:41:010  车速为：36.7021位置标记为：0
2020-12-16 12:43:41:026  振动分轮计算完成, 位置标记：0
2020-12-16 12:43:41:307  振动特征值计算完成, 位置标记：0
2020-12-16 12:53:32:099  磁钢信号预处理完成，位置标记：1
2020-12-16 12:53:32:115  温度分轮成功，分轮数尺度为：48
2020-12-16 12:53:32:178  轴承端盖温度特征值计算完成, 位置标记：1
2020-12-16 12:53:32:224  电机温度计算完成, 位置标记：1
2020-12-16 12:53:32:240  电机温度计算完成, 位置标记：1
2020-12-16 12:53:32:240  电机温度计算完成, 位置标记：1
2020-12-16 12:53:32:240  电机温度计算完成, 位置标记：1
2020-12-16 12:53:32:240  电机温度计算完成, 位置标记：1
2020-12-16 12:53:32:240  电机温度计算完成, 位置标记：1
2020-12-16 12:53:32:256  电机温度计算完成, 位置标记：1
2020-12-16 12:53:32:256  电机温度计算完成, 位置标记：1
2020-12-16 12:53:32:256  车速为：36.751位置标记为：1
2020-12-16 12:53:32:271  振动分轮计算完成, 位置标记：1
2020-12-16 12:53:32:568  振动特征值计算完成, 位置标记：1
2020-12-16 12:53:32:615  磁钢信号预处理完成，位置标记：0
2020-12-16 12:53:32:631  温度分轮成功，分轮数尺度为：48
2020-12-16 12:53:32:693  轴承端盖温度特征值计算完成, 位置标记：0
2020-12-16 12:53:32:756  电机温度计算完成, 位置标记：0
2020-12-16 12:53:32:756  电机温度计算完成, 位置标记：0
2020-12-16 12:53:32:756  电机温度计算完成, 位置标记：0
2020-12-16 12:53:32:756  电机温度计算完成, 位置标记：0
2020-12-16 12:53:32:771  电机温度计算完成, 位置标记：0
2020-12-16 12:53:32:771  电机温度计算完成, 位置标记：0
2020-12-16 12:53:32:771  电机温度计算完成, 位置标记：0
2020-12-16 12:53:32:771  电机温度计算完成, 位置标记：0
2020-12-16 12:53:32:771  车速为：36.751位置标记为：0
2020-12-16 12:53:32:803  振动分轮计算完成, 位置标记：0
2020-12-16 12:53:33:084  振动特征值计算完成, 位置标记：0
