2020-12-18 14:08:51:006  磁钢信号预处理完成，位置标记：1
2020-12-18 14:08:51:078  温度分轮成功，分轮数尺度为：0
2020-12-18 14:08:51:079  m_nAxleMarkG2数据异常，位置标记：1
2020-12-18 14:08:51:079  m_nAxleMarkG2数据不是48个，数据异常，位置标记：1
2020-12-18 14:08:51:100  车速为：inf位置标记为：1
2020-12-18 14:08:51:163  振动有效标记位计算异常，位置标记为：1
2020-12-18 14:08:51:479  磁钢信号预处理完成，位置标记：0
2020-12-18 14:08:51:545  温度分轮成功，分轮数尺度为：0
2020-12-18 14:08:51:545  m_nAxleMarkG2数据异常，位置标记：0
2020-12-18 14:08:51:546  m_nAxleMarkG2数据不是48个，数据异常，位置标记：0
2020-12-18 14:08:51:566  车速为：inf位置标记为：0
2020-12-18 14:08:51:624  振动有效标记位计算异常，位置标记为：0
2020-12-18 14:17:50:412  磁钢信号预处理完成，位置标记：1
2020-12-18 14:17:50:472  温度分轮成功，分轮数尺度为：0
2020-12-18 14:17:50:473  m_nAxleMarkG2数据异常，位置标记：1
2020-12-18 14:17:50:474  m_nAxleMarkG2数据不是48个，数据异常，位置标记：1
2020-12-18 14:17:50:493  车速为：inf位置标记为：1
2020-12-18 14:17:50:550  振动有效标记位计算异常，位置标记为：1
2020-12-18 14:17:50:840  磁钢信号预处理完成，位置标记：0
2020-12-18 14:17:50:901  温度分轮成功，分轮数尺度为：0
2020-12-18 14:17:50:902  m_nAxleMarkG2数据异常，位置标记：0
2020-12-18 14:17:50:902  m_nAxleMarkG2数据不是48个，数据异常，位置标记：0
2020-12-18 14:17:50:921  车速为：inf位置标记为：0
2020-12-18 14:17:50:977  振动有效标记位计算异常，位置标记为：0
2020-12-18 14:27:29:286  磁钢信号预处理完成，位置标记：1
2020-12-18 14:27:29:345  温度分轮成功，分轮数尺度为：0
2020-12-18 14:27:29:345  m_nAxleMarkG2数据异常，位置标记：1
2020-12-18 14:27:29:346  m_nAxleMarkG2数据不是48个，数据异常，位置标记：1
2020-12-18 14:27:29:364  车速为：inf位置标记为：1
2020-12-18 14:27:29:417  振动有效标记位计算异常，位置标记为：1
2020-12-18 14:27:29:697  磁钢信号预处理完成，位置标记：0
2020-12-18 14:27:29:756  温度分轮成功，分轮数尺度为：0
2020-12-18 14:27:29:757  m_nAxleMarkG2数据异常，位置标记：0
2020-12-18 14:27:29:757  m_nAxleMarkG2数据不是48个，数据异常，位置标记：0
2020-12-18 14:27:29:775  车速为：inf位置标记为：0
2020-12-18 14:27:29:831  振动有效标记位计算异常，位置标记为：0
2020-12-18 14:38:56:598  磁钢信号预处理完成，位置标记：1
2020-12-18 14:38:56:667  温度分轮成功，分轮数尺度为：0
2020-12-18 14:38:56:668  m_nAxleMarkG2数据异常，位置标记：1
2020-12-18 14:38:56:668  m_nAxleMarkG2数据不是48个，数据异常，位置标记：1
2020-12-18 14:38:56:690  车速为：inf位置标记为：1
2020-12-18 14:38:56:754  振动有效标记位计算异常，位置标记为：1
2020-12-18 14:38:57:077  磁钢信号预处理完成，位置标记：0
2020-12-18 14:38:57:145  温度分轮成功，分轮数尺度为：0
2020-12-18 14:38:57:146  m_nAxleMarkG2数据异常，位置标记：0
2020-12-18 14:38:57:147  m_nAxleMarkG2数据不是48个，数据异常，位置标记：0
2020-12-18 14:38:57:168  车速为：inf位置标记为：0
2020-12-18 14:38:57:234  振动有效标记位计算异常，位置标记为：0
2020-12-18 14:47:51:382  磁钢信号预处理完成，位置标记：1
2020-12-18 14:47:51:442  温度分轮成功，分轮数尺度为：0
2020-12-18 14:47:51:443  m_nAxleMarkG2数据异常，位置标记：1
2020-12-18 14:47:51:443  m_nAxleMarkG2数据不是48个，数据异常，位置标记：1
2020-12-18 14:47:51:462  车速为：inf位置标记为：1
2020-12-18 14:47:51:518  振动有效标记位计算异常，位置标记为：1
2020-12-18 14:47:51:800  磁钢信号预处理完成，位置标记：0
2020-12-18 14:47:51:860  温度分轮成功，分轮数尺度为：0
2020-12-18 14:47:51:861  m_nAxleMarkG2数据异常，位置标记：0
2020-12-18 14:47:51:861  m_nAxleMarkG2数据不是48个，数据异常，位置标记：0
2020-12-18 14:47:51:880  车速为：inf位置标记为：0
2020-12-18 14:47:51:937  振动有效标记位计算异常，位置标记为：0
2020-12-18 14:58:01:083  磁钢信号预处理完成，位置标记：1
2020-12-18 14:58:01:142  温度分轮成功，分轮数尺度为：0
2020-12-18 14:58:01:143  m_nAxleMarkG2数据异常，位置标记：1
2020-12-18 14:58:01:144  m_nAxleMarkG2数据不是48个，数据异常，位置标记：1
2020-12-18 14:58:01:162  车速为：inf位置标记为：1
2020-12-18 14:58:01:219  振动有效标记位计算异常，位置标记为：1
2020-12-18 14:58:01:501  磁钢信号预处理完成，位置标记：0
2020-12-18 14:58:01:560  温度分轮成功，分轮数尺度为：0
2020-12-18 14:58:01:561  m_nAxleMarkG2数据异常，位置标记：0
2020-12-18 14:58:01:561  m_nAxleMarkG2数据不是48个，数据异常，位置标记：0
2020-12-18 14:58:01:580  车速为：inf位置标记为：0
2020-12-18 14:58:01:636  振动有效标记位计算异常，位置标记为：0
