2020-12-28 14:04:50:317  磁钢信号预处理完成，位置标记：1
2020-12-28 14:04:50:328  温度分轮成功，分轮数尺度为：48
2020-12-28 14:04:50:341  轴承端盖温度特征值计算完成, 位置标记：1
2020-12-28 14:04:50:349  电机温度计算完成, 位置标记：1
2020-12-28 14:04:50:353  电机温度计算完成, 位置标记：1
2020-12-28 14:04:50:356  电机温度计算完成, 位置标记：1
2020-12-28 14:04:50:360  电机温度计算完成, 位置标记：1
2020-12-28 14:04:50:363  电机温度计算完成, 位置标记：1
2020-12-28 14:04:50:366  电机温度计算完成, 位置标记：1
2020-12-28 14:04:50:370  电机温度计算完成, 位置标记：1
2020-12-28 14:04:50:373  电机温度计算完成, 位置标记：1
2020-12-28 14:04:50:374  车速为：79.6154位置标记为：1
2020-12-28 14:04:50:394  振动分轮计算完成, 位置标记：1
2020-12-28 14:04:50:701  振动特征值计算完成, 位置标记：1
2020-12-28 14:04:50:747  磁钢信号预处理完成，位置标记：0
2020-12-28 14:04:50:759  温度分轮成功，分轮数尺度为：48
2020-12-28 14:04:50:772  轴承端盖温度特征值计算完成, 位置标记：0
2020-12-28 14:04:50:781  电机温度计算完成, 位置标记：0
2020-12-28 14:04:50:784  电机温度计算完成, 位置标记：0
2020-12-28 14:04:50:788  电机温度计算完成, 位置标记：0
2020-12-28 14:04:50:791  电机温度计算完成, 位置标记：0
2020-12-28 14:04:50:795  电机温度计算完成, 位置标记：0
2020-12-28 14:04:50:799  电机温度计算完成, 位置标记：0
2020-12-28 14:04:50:802  电机温度计算完成, 位置标记：0
2020-12-28 14:04:50:806  电机温度计算完成, 位置标记：0
2020-12-28 14:04:50:807  车速为：79.6154位置标记为：0
2020-12-28 14:04:50:826  振动分轮计算完成, 位置标记：0
2020-12-28 14:04:51:141  振动特征值计算完成, 位置标记：0
2020-12-28 14:14:33:907  磁钢信号预处理完成，位置标记：1
2020-12-28 14:14:33:918  温度分轮成功，分轮数尺度为：48
2020-12-28 14:14:33:931  轴承端盖温度特征值计算完成, 位置标记：1
2020-12-28 14:14:33:940  电机温度计算完成, 位置标记：1
2020-12-28 14:14:33:943  电机温度计算完成, 位置标记：1
2020-12-28 14:14:33:947  电机温度计算完成, 位置标记：1
2020-12-28 14:14:33:951  电机温度计算完成, 位置标记：1
2020-12-28 14:14:33:954  电机温度计算完成, 位置标记：1
2020-12-28 14:14:33:957  电机温度计算完成, 位置标记：1
2020-12-28 14:14:33:961  电机温度计算完成, 位置标记：1
2020-12-28 14:14:33:964  电机温度计算完成, 位置标记：1
2020-12-28 14:14:33:965  车速为：79.0831位置标记为：1
2020-12-28 14:14:33:986  振动分轮计算完成, 位置标记：1
2020-12-28 14:14:34:322  振动特征值计算完成, 位置标记：1
2020-12-28 14:14:34:367  磁钢信号预处理完成，位置标记：0
2020-12-28 14:14:34:378  温度分轮成功，分轮数尺度为：48
2020-12-28 14:14:34:389  轴承端盖温度特征值计算完成, 位置标记：0
2020-12-28 14:14:34:397  电机温度计算完成, 位置标记：0
2020-12-28 14:14:34:401  电机温度计算完成, 位置标记：0
2020-12-28 14:14:34:404  电机温度计算完成, 位置标记：0
2020-12-28 14:14:34:407  电机温度计算完成, 位置标记：0
2020-12-28 14:14:34:410  电机温度计算完成, 位置标记：0
2020-12-28 14:14:34:414  电机温度计算完成, 位置标记：0
2020-12-28 14:14:34:417  电机温度计算完成, 位置标记：0
2020-12-28 14:14:34:421  电机温度计算完成, 位置标记：0
2020-12-28 14:14:34:421  车速为：79.0831位置标记为：0
2020-12-28 14:14:34:442  振动分轮计算完成, 位置标记：0
2020-12-28 14:14:34:779  振动特征值计算完成, 位置标记：0
2020-12-28 14:21:09:407  磁钢信号预处理完成，位置标记：1
2020-12-28 14:21:09:418  温度分轮成功，分轮数尺度为：48
2020-12-28 14:21:09:433  轴承端盖温度特征值计算完成, 位置标记：1
2020-12-28 14:21:09:444  电机温度计算完成, 位置标记：1
2020-12-28 14:21:09:447  电机温度计算完成, 位置标记：1
2020-12-28 14:21:09:450  电机温度计算完成, 位置标记：1
2020-12-28 14:21:09:454  电机温度计算完成, 位置标记：1
2020-12-28 14:21:09:457  电机温度计算完成, 位置标记：1
2020-12-28 14:21:09:460  电机温度计算完成, 位置标记：1
2020-12-28 14:21:09:463  电机温度计算完成, 位置标记：1
2020-12-28 14:21:09:467  电机温度计算完成, 位置标记：1
2020-12-28 14:21:09:468  车速为：68.8279位置标记为：1
2020-12-28 14:21:09:488  振动分轮计算完成, 位置标记：1
2020-12-28 14:21:09:789  振动特征值计算完成, 位置标记：1
2020-12-28 14:21:09:830  磁钢信号预处理完成，位置标记：0
2020-12-28 14:21:09:840  温度分轮成功，分轮数尺度为：48
2020-12-28 14:21:09:854  轴承端盖温度特征值计算完成, 位置标记：0
2020-12-28 14:21:09:865  电机温度计算完成, 位置标记：0
2020-12-28 14:21:09:868  电机温度计算完成, 位置标记：0
2020-12-28 14:21:09:872  电机温度计算完成, 位置标记：0
2020-12-28 14:21:09:875  电机温度计算完成, 位置标记：0
2020-12-28 14:21:09:878  电机温度计算完成, 位置标记：0
2020-12-28 14:21:09:881  电机温度计算完成, 位置标记：0
2020-12-28 14:21:09:885  电机温度计算完成, 位置标记：0
2020-12-28 14:21:09:888  电机温度计算完成, 位置标记：0
2020-12-28 14:21:09:889  车速为：68.8279位置标记为：0
2020-12-28 14:21:09:909  振动分轮计算完成, 位置标记：0
2020-12-28 14:21:10:238  振动特征值计算完成, 位置标记：0
2020-12-28 14:25:09:139  磁钢信号预处理完成，位置标记：1
2020-12-28 14:25:09:148  温度分轮成功，分轮数尺度为：48
2020-12-28 14:25:09:157  轴承端盖温度特征值计算完成, 位置标记：1
2020-12-28 14:25:09:164  电机温度计算完成, 位置标记：1
2020-12-28 14:25:09:167  电机温度计算完成, 位置标记：1
2020-12-28 14:25:09:169  电机温度计算完成, 位置标记：1
2020-12-28 14:25:09:172  电机温度计算完成, 位置标记：1
2020-12-28 14:25:09:175  电机温度计算完成, 位置标记：1
2020-12-28 14:25:09:179  电机温度计算完成, 位置标记：1
2020-12-28 14:25:09:182  电机温度计算完成, 位置标记：1
2020-12-28 14:25:09:186  电机温度计算完成, 位置标记：1
2020-12-28 14:25:09:186  车速为：79.4626位置标记为：1
2020-12-28 14:25:09:207  振动分轮计算完成, 位置标记：1
2020-12-28 14:25:09:540  振动特征值计算完成, 位置标记：1
2020-12-28 14:25:09:587  磁钢信号预处理完成，位置标记：0
2020-12-28 14:25:09:598  温度分轮成功，分轮数尺度为：48
2020-12-28 14:25:09:611  轴承端盖温度特征值计算完成, 位置标记：0
2020-12-28 14:25:09:620  电机温度计算完成, 位置标记：0
2020-12-28 14:25:09:623  电机温度计算完成, 位置标记：0
2020-12-28 14:25:09:627  电机温度计算完成, 位置标记：0
2020-12-28 14:25:09:630  电机温度计算完成, 位置标记：0
2020-12-28 14:25:09:634  电机温度计算完成, 位置标记：0
2020-12-28 14:25:09:637  电机温度计算完成, 位置标记：0
2020-12-28 14:25:09:641  电机温度计算完成, 位置标记：0
2020-12-28 14:25:09:644  电机温度计算完成, 位置标记：0
2020-12-28 14:25:09:645  车速为：79.4626位置标记为：0
2020-12-28 14:25:09:666  振动分轮计算完成, 位置标记：0
2020-12-28 14:25:09:922  振动特征值计算完成, 位置标记：0
2020-12-28 14:34:12:809  磁钢信号预处理完成，位置标记：1
2020-12-28 14:34:12:820  温度分轮成功，分轮数尺度为：48
2020-12-28 14:34:12:833  轴承端盖温度特征值计算完成, 位置标记：1
2020-12-28 14:34:12:841  电机温度计算完成, 位置标记：1
2020-12-28 14:34:12:845  电机温度计算完成, 位置标记：1
2020-12-28 14:34:12:848  电机温度计算完成, 位置标记：1
2020-12-28 14:34:12:852  电机温度计算完成, 位置标记：1
2020-12-28 14:34:12:855  电机温度计算完成, 位置标记：1
2020-12-28 14:34:12:858  电机温度计算完成, 位置标记：1
2020-12-28 14:34:12:862  电机温度计算完成, 位置标记：1
2020-12-28 14:34:12:865  电机温度计算完成, 位置标记：1
2020-12-28 14:34:12:866  车速为：79.1587位置标记为：1
2020-12-28 14:34:12:886  振动分轮计算完成, 位置标记：1
2020-12-28 14:34:13:213  振动特征值计算完成, 位置标记：1
2020-12-28 14:34:13:260  磁钢信号预处理完成，位置标记：0
2020-12-28 14:34:13:272  温度分轮成功，分轮数尺度为：48
2020-12-28 14:34:13:284  轴承端盖温度特征值计算完成, 位置标记：0
2020-12-28 14:34:13:292  电机温度计算完成, 位置标记：0
2020-12-28 14:34:13:295  电机温度计算完成, 位置标记：0
2020-12-28 14:34:13:298  电机温度计算完成, 位置标记：0
2020-12-28 14:34:13:301  电机温度计算完成, 位置标记：0
2020-12-28 14:34:13:304  电机温度计算完成, 位置标记：0
2020-12-28 14:34:13:308  电机温度计算完成, 位置标记：0
2020-12-28 14:34:13:311  电机温度计算完成, 位置标记：0
2020-12-28 14:34:13:314  电机温度计算完成, 位置标记：0
2020-12-28 14:34:13:315  车速为：79.1587位置标记为：0
2020-12-28 14:34:13:336  振动分轮计算完成, 位置标记：0
2020-12-28 14:34:13:674  振动特征值计算完成, 位置标记：0
2020-12-28 14:44:11:266  磁钢信号预处理完成，位置标记：1
2020-12-28 14:44:11:277  温度分轮成功，分轮数尺度为：48
2020-12-28 14:44:11:290  轴承端盖温度特征值计算完成, 位置标记：1
2020-12-28 14:44:11:300  电机温度计算完成, 位置标记：1
2020-12-28 14:44:11:303  电机温度计算完成, 位置标记：1
2020-12-28 14:44:11:307  电机温度计算完成, 位置标记：1
2020-12-28 14:44:11:310  电机温度计算完成, 位置标记：1
2020-12-28 14:44:11:314  电机温度计算完成, 位置标记：1
2020-12-28 14:44:11:318  电机温度计算完成, 位置标记：1
2020-12-28 14:44:11:321  电机温度计算完成, 位置标记：1
2020-12-28 14:44:11:325  电机温度计算完成, 位置标记：1
2020-12-28 14:44:11:325  车速为：79.5389位置标记为：1
2020-12-28 14:44:11:346  振动分轮计算完成, 位置标记：1
2020-12-28 14:44:11:679  振动特征值计算完成, 位置标记：1
2020-12-28 14:44:11:725  磁钢信号预处理完成，位置标记：0
2020-12-28 14:44:11:736  温度分轮成功，分轮数尺度为：48
2020-12-28 14:44:11:746  轴承端盖温度特征值计算完成, 位置标记：0
2020-12-28 14:44:11:753  电机温度计算完成, 位置标记：0
2020-12-28 14:44:11:756  电机温度计算完成, 位置标记：0
2020-12-28 14:44:11:759  电机温度计算完成, 位置标记：0
2020-12-28 14:44:11:762  电机温度计算完成, 位置标记：0
2020-12-28 14:44:11:764  电机温度计算完成, 位置标记：0
2020-12-28 14:44:11:767  电机温度计算完成, 位置标记：0
2020-12-28 14:44:11:770  电机温度计算完成, 位置标记：0
2020-12-28 14:44:11:773  电机温度计算完成, 位置标记：0
2020-12-28 14:44:11:774  车速为：79.5389位置标记为：0
2020-12-28 14:44:11:790  振动分轮计算完成, 位置标记：0
2020-12-28 14:44:12:042  振动特征值计算完成, 位置标记：0
2020-12-28 14:53:37:891  磁钢信号预处理完成，位置标记：1
2020-12-28 14:53:37:902  温度分轮成功，分轮数尺度为：48
2020-12-28 14:53:37:916  轴承端盖温度特征值计算完成, 位置标记：1
2020-12-28 14:53:37:925  电机温度计算完成, 位置标记：1
2020-12-28 14:53:37:929  电机温度计算完成, 位置标记：1
2020-12-28 14:53:37:932  电机温度计算完成, 位置标记：1
2020-12-28 14:53:37:936  电机温度计算完成, 位置标记：1
2020-12-28 14:53:37:939  电机温度计算完成, 位置标记：1
2020-12-28 14:53:37:943  电机温度计算完成, 位置标记：1
2020-12-28 14:53:37:946  电机温度计算完成, 位置标记：1
2020-12-28 14:53:37:950  电机温度计算完成, 位置标记：1
2020-12-28 14:53:37:950  车速为：79.3864位置标记为：1
2020-12-28 14:53:37:972  振动分轮计算完成, 位置标记：1
2020-12-28 14:53:38:311  振动特征值计算完成, 位置标记：1
2020-12-28 14:53:38:359  磁钢信号预处理完成，位置标记：0
2020-12-28 14:53:38:370  温度分轮成功，分轮数尺度为：48
2020-12-28 14:53:38:383  轴承端盖温度特征值计算完成, 位置标记：0
2020-12-28 14:53:38:393  电机温度计算完成, 位置标记：0
2020-12-28 14:53:38:396  电机温度计算完成, 位置标记：0
2020-12-28 14:53:38:400  电机温度计算完成, 位置标记：0
2020-12-28 14:53:38:403  电机温度计算完成, 位置标记：0
2020-12-28 14:53:38:407  电机温度计算完成, 位置标记：0
2020-12-28 14:53:38:410  电机温度计算完成, 位置标记：0
2020-12-28 14:53:38:414  电机温度计算完成, 位置标记：0
2020-12-28 14:53:38:417  电机温度计算完成, 位置标记：0
2020-12-28 14:53:38:418  车速为：79.3864位置标记为：0
2020-12-28 14:53:38:438  振动分轮计算完成, 位置标记：0
2020-12-28 14:53:38:779  振动特征值计算完成, 位置标记：0
