2020-12-21 06:03:38:541  磁钢信号预处理完成，位置标记：1
2020-12-21 06:03:38:569  温度分轮成功，分轮数尺度为：48
2020-12-21 06:03:38:582  轴承端盖温度特征值计算完成, 位置标记：1
2020-12-21 06:03:38:591  电机温度计算完成, 位置标记：1
2020-12-21 06:03:38:595  电机温度计算完成, 位置标记：1
2020-12-21 06:03:38:598  电机温度计算完成, 位置标记：1
2020-12-21 06:03:38:602  电机温度计算完成, 位置标记：1
2020-12-21 06:03:38:605  电机温度计算完成, 位置标记：1
2020-12-21 06:03:38:609  电机温度计算完成, 位置标记：1
2020-12-21 06:03:38:612  电机温度计算完成, 位置标记：1
2020-12-21 06:03:38:616  电机温度计算完成, 位置标记：1
2020-12-21 06:03:38:617  车速为：78.8571位置标记为：1
2020-12-21 06:03:38:638  振动分轮计算完成, 位置标记：1
2020-12-21 06:03:38:977  振动特征值计算完成, 位置标记：1
2020-12-21 06:03:39:025  磁钢信号预处理完成，位置标记：0
2020-12-21 06:03:39:036  温度分轮成功，分轮数尺度为：48
2020-12-21 06:03:39:050  轴承端盖温度特征值计算完成, 位置标记：0
2020-12-21 06:03:39:058  电机温度计算完成, 位置标记：0
2020-12-21 06:03:39:062  电机温度计算完成, 位置标记：0
2020-12-21 06:03:39:065  电机温度计算完成, 位置标记：0
2020-12-21 06:03:39:069  电机温度计算完成, 位置标记：0
2020-12-21 06:03:39:073  电机温度计算完成, 位置标记：0
2020-12-21 06:03:39:076  电机温度计算完成, 位置标记：0
2020-12-21 06:03:39:080  电机温度计算完成, 位置标记：0
2020-12-21 06:03:39:084  电机温度计算完成, 位置标记：0
2020-12-21 06:03:39:084  车速为：78.8571位置标记为：0
2020-12-21 06:03:39:105  振动分轮计算完成, 位置标记：0
2020-12-21 06:03:39:437  振动特征值计算完成, 位置标记：0
2020-12-21 06:12:04:023  磁钢信号预处理完成，位置标记：1
2020-12-21 06:12:04:035  温度分轮成功，分轮数尺度为：48
2020-12-21 06:12:04:048  轴承端盖温度特征值计算完成, 位置标记：1
2020-12-21 06:12:04:057  电机温度计算完成, 位置标记：1
2020-12-21 06:12:04:060  电机温度计算完成, 位置标记：1
2020-12-21 06:12:04:064  电机温度计算完成, 位置标记：1
2020-12-21 06:12:04:068  电机温度计算完成, 位置标记：1
2020-12-21 06:12:04:071  电机温度计算完成, 位置标记：1
2020-12-21 06:12:04:075  电机温度计算完成, 位置标记：1
2020-12-21 06:12:04:079  电机温度计算完成, 位置标记：1
2020-12-21 06:12:04:082  电机温度计算完成, 位置标记：1
2020-12-21 06:12:04:083  车速为：78.7072位置标记为：1
2020-12-21 06:12:04:104  振动分轮计算完成, 位置标记：1
2020-12-21 06:12:04:404  振动特征值计算完成, 位置标记：1
2020-12-21 06:12:04:448  磁钢信号预处理完成，位置标记：0
2020-12-21 06:12:04:458  温度分轮成功，分轮数尺度为：48
2020-12-21 06:12:04:469  轴承端盖温度特征值计算完成, 位置标记：0
2020-12-21 06:12:04:477  电机温度计算完成, 位置标记：0
2020-12-21 06:12:04:480  电机温度计算完成, 位置标记：0
2020-12-21 06:12:04:483  电机温度计算完成, 位置标记：0
2020-12-21 06:12:04:485  电机温度计算完成, 位置标记：0
2020-12-21 06:12:04:488  电机温度计算完成, 位置标记：0
2020-12-21 06:12:04:492  电机温度计算完成, 位置标记：0
2020-12-21 06:12:04:495  电机温度计算完成, 位置标记：0
2020-12-21 06:12:04:498  电机温度计算完成, 位置标记：0
2020-12-21 06:12:04:498  车速为：78.7072位置标记为：0
2020-12-21 06:12:04:516  振动分轮计算完成, 位置标记：0
2020-12-21 06:12:04:798  振动特征值计算完成, 位置标记：0
2020-12-21 06:21:05:384  磁钢信号预处理完成，位置标记：1
2020-12-21 06:21:05:396  温度分轮成功，分轮数尺度为：48
2020-12-21 06:21:05:409  轴承端盖温度特征值计算完成, 位置标记：1
2020-12-21 06:21:05:418  电机温度计算完成, 位置标记：1
2020-12-21 06:21:05:422  电机温度计算完成, 位置标记：1
2020-12-21 06:21:05:425  电机温度计算完成, 位置标记：1
2020-12-21 06:21:05:429  电机温度计算完成, 位置标记：1
2020-12-21 06:21:05:433  电机温度计算完成, 位置标记：1
2020-12-21 06:21:05:436  电机温度计算完成, 位置标记：1
2020-12-21 06:21:05:440  电机温度计算完成, 位置标记：1
2020-12-21 06:21:05:444  电机温度计算完成, 位置标记：1
2020-12-21 06:21:05:444  车速为：78.7072位置标记为：1
2020-12-21 06:21:05:465  振动分轮计算完成, 位置标记：1
2020-12-21 06:21:05:805  振动特征值计算完成, 位置标记：1
2020-12-21 06:21:05:852  磁钢信号预处理完成，位置标记：0
2020-12-21 06:21:05:863  温度分轮成功，分轮数尺度为：48
2020-12-21 06:21:05:877  轴承端盖温度特征值计算完成, 位置标记：0
2020-12-21 06:21:05:886  电机温度计算完成, 位置标记：0
2020-12-21 06:21:05:889  电机温度计算完成, 位置标记：0
2020-12-21 06:21:05:893  电机温度计算完成, 位置标记：0
2020-12-21 06:21:05:896  电机温度计算完成, 位置标记：0
2020-12-21 06:21:05:900  电机温度计算完成, 位置标记：0
2020-12-21 06:21:05:903  电机温度计算完成, 位置标记：0
2020-12-21 06:21:05:907  电机温度计算完成, 位置标记：0
2020-12-21 06:21:05:911  电机温度计算完成, 位置标记：0
2020-12-21 06:21:05:911  车速为：78.7072位置标记为：0
2020-12-21 06:21:05:932  振动分轮计算完成, 位置标记：0
2020-12-21 06:21:06:274  振动特征值计算完成, 位置标记：0
2020-12-21 06:31:21:114  磁钢信号预处理完成，位置标记：1
2020-12-21 06:31:21:125  温度分轮成功，分轮数尺度为：48
2020-12-21 06:31:21:138  轴承端盖温度特征值计算完成, 位置标记：1
2020-12-21 06:31:21:146  电机温度计算完成, 位置标记：1
2020-12-21 06:31:21:149  电机温度计算完成, 位置标记：1
2020-12-21 06:31:21:153  电机温度计算完成, 位置标记：1
2020-12-21 06:31:21:156  电机温度计算完成, 位置标记：1
2020-12-21 06:31:21:160  电机温度计算完成, 位置标记：1
2020-12-21 06:31:21:163  电机温度计算完成, 位置标记：1
2020-12-21 06:31:21:167  电机温度计算完成, 位置标记：1
2020-12-21 06:31:21:170  电机温度计算完成, 位置标记：1
2020-12-21 06:31:21:171  车速为：79.3103位置标记为：1
2020-12-21 06:31:21:191  振动分轮计算完成, 位置标记：1
2020-12-21 06:31:21:527  振动特征值计算完成, 位置标记：1
2020-12-21 06:31:21:573  磁钢信号预处理完成，位置标记：0
2020-12-21 06:31:21:584  温度分轮成功，分轮数尺度为：48
2020-12-21 06:31:21:597  轴承端盖温度特征值计算完成, 位置标记：0
2020-12-21 06:31:21:605  电机温度计算完成, 位置标记：0
2020-12-21 06:31:21:609  电机温度计算完成, 位置标记：0
2020-12-21 06:31:21:612  电机温度计算完成, 位置标记：0
2020-12-21 06:31:21:616  电机温度计算完成, 位置标记：0
2020-12-21 06:31:21:619  电机温度计算完成, 位置标记：0
2020-12-21 06:31:21:623  电机温度计算完成, 位置标记：0
2020-12-21 06:31:21:626  电机温度计算完成, 位置标记：0
2020-12-21 06:31:21:630  电机温度计算完成, 位置标记：0
2020-12-21 06:31:21:630  车速为：79.3103位置标记为：0
2020-12-21 06:31:21:651  振动分轮计算完成, 位置标记：0
2020-12-21 06:31:21:990  振动特征值计算完成, 位置标记：0
2020-12-21 06:39:44:396  磁钢信号预处理完成，位置标记：1
2020-12-21 06:39:44:407  温度分轮成功，分轮数尺度为：48
2020-12-21 06:39:44:420  轴承端盖温度特征值计算完成, 位置标记：1
2020-12-21 06:39:44:429  电机温度计算完成, 位置标记：1
2020-12-21 06:39:44:433  电机温度计算完成, 位置标记：1
2020-12-21 06:39:44:436  电机温度计算完成, 位置标记：1
2020-12-21 06:39:44:440  电机温度计算完成, 位置标记：1
2020-12-21 06:39:44:443  电机温度计算完成, 位置标记：1
2020-12-21 06:39:44:448  电机温度计算完成, 位置标记：1
2020-12-21 06:39:44:452  电机温度计算完成, 位置标记：1
2020-12-21 06:39:44:456  电机温度计算完成, 位置标记：1
2020-12-21 06:39:44:456  车速为：79.2344位置标记为：1
2020-12-21 06:39:44:477  振动分轮计算完成, 位置标记：1
2020-12-21 06:39:44:785  振动特征值计算完成, 位置标记：1
2020-12-21 06:39:44:830  磁钢信号预处理完成，位置标记：0
2020-12-21 06:39:44:841  温度分轮成功，分轮数尺度为：48
2020-12-21 06:39:44:853  轴承端盖温度特征值计算完成, 位置标记：0
2020-12-21 06:39:44:861  电机温度计算完成, 位置标记：0
2020-12-21 06:39:44:865  电机温度计算完成, 位置标记：0
2020-12-21 06:39:44:868  电机温度计算完成, 位置标记：0
2020-12-21 06:39:44:871  电机温度计算完成, 位置标记：0
2020-12-21 06:39:44:874  电机温度计算完成, 位置标记：0
2020-12-21 06:39:44:877  电机温度计算完成, 位置标记：0
2020-12-21 06:39:44:880  电机温度计算完成, 位置标记：0
2020-12-21 06:39:44:883  电机温度计算完成, 位置标记：0
2020-12-21 06:39:44:884  车速为：79.2344位置标记为：0
2020-12-21 06:39:44:902  振动分轮计算完成, 位置标记：0
2020-12-21 06:39:45:168  振动特征值计算完成, 位置标记：0
2020-12-21 06:46:10:469  磁钢信号预处理完成，位置标记：1
2020-12-21 06:46:10:480  温度分轮成功，分轮数尺度为：48
2020-12-21 06:46:10:495  轴承端盖温度特征值计算完成, 位置标记：1
2020-12-21 06:46:10:505  电机温度计算完成, 位置标记：1
2020-12-21 06:46:10:508  电机温度计算完成, 位置标记：1
2020-12-21 06:46:10:511  电机温度计算完成, 位置标记：1
2020-12-21 06:46:10:515  电机温度计算完成, 位置标记：1
2020-12-21 06:46:10:518  电机温度计算完成, 位置标记：1
2020-12-21 06:46:10:522  电机温度计算完成, 位置标记：1
2020-12-21 06:46:10:525  电机温度计算完成, 位置标记：1
2020-12-21 06:46:10:529  电机温度计算完成, 位置标记：1
2020-12-21 06:46:10:529  车速为：69.1729位置标记为：1
2020-12-21 06:46:10:550  振动分轮计算完成, 位置标记：1
2020-12-21 06:46:10:878  振动特征值计算完成, 位置标记：1
2020-12-21 06:46:10:925  磁钢信号预处理完成，位置标记：0
2020-12-21 06:46:10:936  温度分轮成功，分轮数尺度为：48
2020-12-21 06:46:10:951  轴承端盖温度特征值计算完成, 位置标记：0
2020-12-21 06:46:10:961  电机温度计算完成, 位置标记：0
2020-12-21 06:46:10:964  电机温度计算完成, 位置标记：0
2020-12-21 06:46:10:967  电机温度计算完成, 位置标记：0
2020-12-21 06:46:10:971  电机温度计算完成, 位置标记：0
2020-12-21 06:46:10:974  电机温度计算完成, 位置标记：0
2020-12-21 06:46:10:977  电机温度计算完成, 位置标记：0
2020-12-21 06:46:10:981  电机温度计算完成, 位置标记：0
2020-12-21 06:46:10:984  电机温度计算完成, 位置标记：0
2020-12-21 06:46:10:985  车速为：69.1729位置标记为：0
2020-12-21 06:46:11:006  振动分轮计算完成, 位置标记：0
2020-12-21 06:46:11:335  振动特征值计算完成, 位置标记：0
2020-12-21 06:50:00:464  磁钢信号预处理完成，位置标记：1
2020-12-21 06:50:00:475  温度分轮成功，分轮数尺度为：48
2020-12-21 06:50:00:488  轴承端盖温度特征值计算完成, 位置标记：1
2020-12-21 06:50:00:496  电机温度计算完成, 位置标记：1
2020-12-21 06:50:00:500  电机温度计算完成, 位置标记：1
2020-12-21 06:50:00:504  电机温度计算完成, 位置标记：1
2020-12-21 06:50:00:507  电机温度计算完成, 位置标记：1
2020-12-21 06:50:00:511  电机温度计算完成, 位置标记：1
2020-12-21 06:50:00:514  电机温度计算完成, 位置标记：1
2020-12-21 06:50:00:518  电机温度计算完成, 位置标记：1
2020-12-21 06:50:00:521  电机温度计算完成, 位置标记：1
2020-12-21 06:50:00:522  车速为：78.6325位置标记为：1
2020-12-21 06:50:00:543  振动分轮计算完成, 位置标记：1
2020-12-21 06:50:00:883  振动特征值计算完成, 位置标记：1
2020-12-21 06:50:00:930  磁钢信号预处理完成，位置标记：0
2020-12-21 06:50:00:941  温度分轮成功，分轮数尺度为：48
2020-12-21 06:50:00:954  轴承端盖温度特征值计算完成, 位置标记：0
2020-12-21 06:50:00:962  电机温度计算完成, 位置标记：0
2020-12-21 06:50:00:966  电机温度计算完成, 位置标记：0
2020-12-21 06:50:00:969  电机温度计算完成, 位置标记：0
2020-12-21 06:50:00:972  电机温度计算完成, 位置标记：0
2020-12-21 06:50:00:976  电机温度计算完成, 位置标记：0
2020-12-21 06:50:00:980  电机温度计算完成, 位置标记：0
2020-12-21 06:50:00:983  电机温度计算完成, 位置标记：0
2020-12-21 06:50:00:987  电机温度计算完成, 位置标记：0
2020-12-21 06:50:00:988  车速为：78.6325位置标记为：0
2020-12-21 06:50:01:008  振动分轮计算完成, 位置标记：0
2020-12-21 06:50:01:347  振动特征值计算完成, 位置标记：0
2020-12-21 06:57:16:542  磁钢信号预处理完成，位置标记：1
2020-12-21 06:57:16:553  温度分轮成功，分轮数尺度为：48
2020-12-21 06:57:16:566  轴承端盖温度特征值计算完成, 位置标记：1
2020-12-21 06:57:16:575  电机温度计算完成, 位置标记：1
2020-12-21 06:57:16:578  电机温度计算完成, 位置标记：1
2020-12-21 06:57:16:582  电机温度计算完成, 位置标记：1
2020-12-21 06:57:16:586  电机温度计算完成, 位置标记：1
2020-12-21 06:57:16:589  电机温度计算完成, 位置标记：1
2020-12-21 06:57:16:593  电机温度计算完成, 位置标记：1
2020-12-21 06:57:16:596  电机温度计算完成, 位置标记：1
2020-12-21 06:57:16:602  电机温度计算完成, 位置标记：1
2020-12-21 06:57:16:603  车速为：79.2344位置标记为：1
2020-12-21 06:57:16:623  振动分轮计算完成, 位置标记：1
2020-12-21 06:57:16:959  振动特征值计算完成, 位置标记：1
2020-12-21 06:57:17:004  磁钢信号预处理完成，位置标记：0
2020-12-21 06:57:17:015  温度分轮成功，分轮数尺度为：48
2020-12-21 06:57:17:027  轴承端盖温度特征值计算完成, 位置标记：0
2020-12-21 06:57:17:036  电机温度计算完成, 位置标记：0
2020-12-21 06:57:17:040  电机温度计算完成, 位置标记：0
2020-12-21 06:57:17:043  电机温度计算完成, 位置标记：0
2020-12-21 06:57:17:047  电机温度计算完成, 位置标记：0
2020-12-21 06:57:17:050  电机温度计算完成, 位置标记：0
2020-12-21 06:57:17:054  电机温度计算完成, 位置标记：0
2020-12-21 06:57:17:057  电机温度计算完成, 位置标记：0
2020-12-21 06:57:17:061  电机温度计算完成, 位置标记：0
2020-12-21 06:57:17:062  车速为：79.2344位置标记为：0
2020-12-21 06:57:17:082  振动分轮计算完成, 位置标记：0
2020-12-21 06:57:17:413  振动特征值计算完成, 位置标记：0
