2020-12-18 07:03:58:062  磁钢信号预处理完成，位置标记：1
2020-12-18 07:03:58:075  温度分轮成功，分轮数尺度为：48
2020-12-18 07:03:58:089  轴承端盖温度特征值计算完成, 位置标记：1
2020-12-18 07:03:58:099  电机温度计算完成, 位置标记：1
2020-12-18 07:03:58:103  电机温度计算完成, 位置标记：1
2020-12-18 07:03:58:107  电机温度计算完成, 位置标记：1
2020-12-18 07:03:58:110  电机温度计算完成, 位置标记：1
2020-12-18 07:03:58:113  电机温度计算完成, 位置标记：1
2020-12-18 07:03:58:117  电机温度计算完成, 位置标记：1
2020-12-18 07:03:58:120  电机温度计算完成, 位置标记：1
2020-12-18 07:03:58:123  电机温度计算完成, 位置标记：1
2020-12-18 07:03:58:124  车速为：68.0921位置标记为：1
2020-12-18 07:03:58:145  振动分轮计算完成, 位置标记：1
2020-12-18 07:03:58:484  振动特征值计算完成, 位置标记：1
2020-12-18 07:03:58:531  磁钢信号预处理完成，位置标记：0
2020-12-18 07:03:58:542  温度分轮成功，分轮数尺度为：48
2020-12-18 07:03:58:557  轴承端盖温度特征值计算完成, 位置标记：0
2020-12-18 07:03:58:567  电机温度计算完成, 位置标记：0
2020-12-18 07:03:58:570  电机温度计算完成, 位置标记：0
2020-12-18 07:03:58:574  电机温度计算完成, 位置标记：0
2020-12-18 07:03:58:577  电机温度计算完成, 位置标记：0
2020-12-18 07:03:58:581  电机温度计算完成, 位置标记：0
2020-12-18 07:03:58:584  电机温度计算完成, 位置标记：0
2020-12-18 07:03:58:588  电机温度计算完成, 位置标记：0
2020-12-18 07:03:58:591  电机温度计算完成, 位置标记：0
2020-12-18 07:03:58:592  车速为：68.0921位置标记为：0
2020-12-18 07:03:58:613  振动分轮计算完成, 位置标记：0
2020-12-18 07:03:58:950  振动特征值计算完成, 位置标记：0
2020-12-18 07:07:43:101  磁钢信号预处理完成，位置标记：1
2020-12-18 07:07:43:112  温度分轮成功，分轮数尺度为：48
2020-12-18 07:07:43:125  轴承端盖温度特征值计算完成, 位置标记：1
2020-12-18 07:07:43:133  电机温度计算完成, 位置标记：1
2020-12-18 07:07:43:137  电机温度计算完成, 位置标记：1
2020-12-18 07:07:43:140  电机温度计算完成, 位置标记：1
2020-12-18 07:07:43:144  电机温度计算完成, 位置标记：1
2020-12-18 07:07:43:148  电机温度计算完成, 位置标记：1
2020-12-18 07:07:43:151  电机温度计算完成, 位置标记：1
2020-12-18 07:07:43:155  电机温度计算完成, 位置标记：1
2020-12-18 07:07:43:158  电机温度计算完成, 位置标记：1
2020-12-18 07:07:43:159  车速为：79.692位置标记为：1
2020-12-18 07:07:43:180  振动分轮计算完成, 位置标记：1
2020-12-18 07:07:43:519  振动特征值计算完成, 位置标记：1
2020-12-18 07:07:43:567  磁钢信号预处理完成，位置标记：0
2020-12-18 07:07:43:578  温度分轮成功，分轮数尺度为：48
2020-12-18 07:07:43:591  轴承端盖温度特征值计算完成, 位置标记：0
2020-12-18 07:07:43:599  电机温度计算完成, 位置标记：0
2020-12-18 07:07:43:602  电机温度计算完成, 位置标记：0
2020-12-18 07:07:43:606  电机温度计算完成, 位置标记：0
2020-12-18 07:07:43:609  电机温度计算完成, 位置标记：0
2020-12-18 07:07:43:613  电机温度计算完成, 位置标记：0
2020-12-18 07:07:43:617  电机温度计算完成, 位置标记：0
2020-12-18 07:07:43:620  电机温度计算完成, 位置标记：0
2020-12-18 07:07:43:623  电机温度计算完成, 位置标记：0
2020-12-18 07:07:43:624  车速为：79.692位置标记为：0
2020-12-18 07:07:43:645  振动分轮计算完成, 位置标记：0
2020-12-18 07:07:43:983  振动特征值计算完成, 位置标记：0
2020-12-18 07:14:44:008  磁钢信号预处理完成，位置标记：1
2020-12-18 07:14:44:019  温度分轮成功，分轮数尺度为：48
2020-12-18 07:14:44:032  轴承端盖温度特征值计算完成, 位置标记：1
2020-12-18 07:14:44:041  电机温度计算完成, 位置标记：1
2020-12-18 07:14:44:045  电机温度计算完成, 位置标记：1
2020-12-18 07:14:44:048  电机温度计算完成, 位置标记：1
2020-12-18 07:14:44:051  电机温度计算完成, 位置标记：1
2020-12-18 07:14:44:055  电机温度计算完成, 位置标记：1
2020-12-18 07:14:44:058  电机温度计算完成, 位置标记：1
2020-12-18 07:14:44:062  电机温度计算完成, 位置标记：1
2020-12-18 07:14:44:067  电机温度计算完成, 位置标记：1
2020-12-18 07:14:44:068  车速为：79.4626位置标记为：1
2020-12-18 07:14:44:089  振动分轮计算完成, 位置标记：1
2020-12-18 07:14:44:426  振动特征值计算完成, 位置标记：1
2020-12-18 07:14:44:471  磁钢信号预处理完成，位置标记：0
2020-12-18 07:14:44:482  温度分轮成功，分轮数尺度为：48
2020-12-18 07:14:44:495  轴承端盖温度特征值计算完成, 位置标记：0
2020-12-18 07:14:44:504  电机温度计算完成, 位置标记：0
2020-12-18 07:14:44:508  电机温度计算完成, 位置标记：0
2020-12-18 07:14:44:511  电机温度计算完成, 位置标记：0
2020-12-18 07:14:44:515  电机温度计算完成, 位置标记：0
2020-12-18 07:14:44:518  电机温度计算完成, 位置标记：0
2020-12-18 07:14:44:522  电机温度计算完成, 位置标记：0
2020-12-18 07:14:44:525  电机温度计算完成, 位置标记：0
2020-12-18 07:14:44:528  电机温度计算完成, 位置标记：0
2020-12-18 07:14:44:529  车速为：79.4626位置标记为：0
2020-12-18 07:14:44:550  振动分轮计算完成, 位置标记：0
2020-12-18 07:14:44:884  振动特征值计算完成, 位置标记：0
2020-12-18 07:23:00:892  磁钢信号预处理完成，位置标记：1
2020-12-18 07:23:00:903  温度分轮成功，分轮数尺度为：48
2020-12-18 07:23:00:915  轴承端盖温度特征值计算完成, 位置标记：1
2020-12-18 07:23:00:924  电机温度计算完成, 位置标记：1
2020-12-18 07:23:00:927  电机温度计算完成, 位置标记：1
2020-12-18 07:23:00:931  电机温度计算完成, 位置标记：1
2020-12-18 07:23:00:934  电机温度计算完成, 位置标记：1
2020-12-18 07:23:00:938  电机温度计算完成, 位置标记：1
2020-12-18 07:23:00:941  电机温度计算完成, 位置标记：1
2020-12-18 07:23:00:945  电机温度计算完成, 位置标记：1
2020-12-18 07:23:00:948  电机温度计算完成, 位置标记：1
2020-12-18 07:23:00:949  车速为：79.3864位置标记为：1
2020-12-18 07:23:00:969  振动分轮计算完成, 位置标记：1
2020-12-18 07:23:01:304  振动特征值计算完成, 位置标记：1
2020-12-18 07:23:01:351  磁钢信号预处理完成，位置标记：0
2020-12-18 07:23:01:362  温度分轮成功，分轮数尺度为：48
2020-12-18 07:23:01:375  轴承端盖温度特征值计算完成, 位置标记：0
2020-12-18 07:23:01:383  电机温度计算完成, 位置标记：0
2020-12-18 07:23:01:387  电机温度计算完成, 位置标记：0
2020-12-18 07:23:01:390  电机温度计算完成, 位置标记：0
2020-12-18 07:23:01:394  电机温度计算完成, 位置标记：0
2020-12-18 07:23:01:397  电机温度计算完成, 位置标记：0
2020-12-18 07:23:01:401  电机温度计算完成, 位置标记：0
2020-12-18 07:23:01:404  电机温度计算完成, 位置标记：0
2020-12-18 07:23:01:408  电机温度计算完成, 位置标记：0
2020-12-18 07:23:01:409  车速为：79.3864位置标记为：0
2020-12-18 07:23:01:429  振动分轮计算完成, 位置标记：0
2020-12-18 07:23:01:764  振动特征值计算完成, 位置标记：0
2020-12-18 07:31:01:118  磁钢信号预处理完成，位置标记：1
2020-12-18 07:31:01:129  温度分轮成功，分轮数尺度为：48
2020-12-18 07:31:01:141  轴承端盖温度特征值计算完成, 位置标记：1
2020-12-18 07:31:01:149  电机温度计算完成, 位置标记：1
2020-12-18 07:31:01:152  电机温度计算完成, 位置标记：1
2020-12-18 07:31:01:156  电机温度计算完成, 位置标记：1
2020-12-18 07:31:01:160  电机温度计算完成, 位置标记：1
2020-12-18 07:31:01:163  电机温度计算完成, 位置标记：1
2020-12-18 07:31:01:167  电机温度计算完成, 位置标记：1
2020-12-18 07:31:01:170  电机温度计算完成, 位置标记：1
2020-12-18 07:31:01:174  电机温度计算完成, 位置标记：1
2020-12-18 07:31:01:175  车速为：79.2344位置标记为：1
2020-12-18 07:31:01:195  振动分轮计算完成, 位置标记：1
2020-12-18 07:31:01:529  振动特征值计算完成, 位置标记：1
2020-12-18 07:31:01:575  磁钢信号预处理完成，位置标记：0
2020-12-18 07:31:01:587  温度分轮成功，分轮数尺度为：48
2020-12-18 07:31:01:599  轴承端盖温度特征值计算完成, 位置标记：0
2020-12-18 07:31:01:607  电机温度计算完成, 位置标记：0
2020-12-18 07:31:01:611  电机温度计算完成, 位置标记：0
2020-12-18 07:31:01:614  电机温度计算完成, 位置标记：0
2020-12-18 07:31:01:618  电机温度计算完成, 位置标记：0
2020-12-18 07:31:01:621  电机温度计算完成, 位置标记：0
2020-12-18 07:31:01:625  电机温度计算完成, 位置标记：0
2020-12-18 07:31:01:628  电机温度计算完成, 位置标记：0
2020-12-18 07:31:01:632  电机温度计算完成, 位置标记：0
2020-12-18 07:31:01:633  车速为：79.2344位置标记为：0
2020-12-18 07:31:01:653  振动分轮计算完成, 位置标记：0
2020-12-18 07:31:01:990  振动特征值计算完成, 位置标记：0
2020-12-18 07:36:47:534  磁钢信号预处理完成，位置标记：1
2020-12-18 07:36:47:545  温度分轮成功，分轮数尺度为：48
2020-12-18 07:36:47:559  轴承端盖温度特征值计算完成, 位置标记：1
2020-12-18 07:36:47:570  电机温度计算完成, 位置标记：1
2020-12-18 07:36:47:573  电机温度计算完成, 位置标记：1
2020-12-18 07:36:47:577  电机温度计算完成, 位置标记：1
2020-12-18 07:36:47:580  电机温度计算完成, 位置标记：1
2020-12-18 07:36:47:583  电机温度计算完成, 位置标记：1
2020-12-18 07:36:47:587  电机温度计算完成, 位置标记：1
2020-12-18 07:36:47:590  电机温度计算完成, 位置标记：1
2020-12-18 07:36:47:594  电机温度计算完成, 位置标记：1
2020-12-18 07:36:47:594  车速为：67.8689位置标记为：1
2020-12-18 07:36:47:615  振动分轮计算完成, 位置标记：1
2020-12-18 07:36:47:953  振动特征值计算完成, 位置标记：1
2020-12-18 07:36:47:999  磁钢信号预处理完成，位置标记：0
2020-12-18 07:36:48:010  温度分轮成功，分轮数尺度为：48
2020-12-18 07:36:48:024  轴承端盖温度特征值计算完成, 位置标记：0
2020-12-18 07:36:48:035  电机温度计算完成, 位置标记：0
2020-12-18 07:36:48:038  电机温度计算完成, 位置标记：0
2020-12-18 07:36:48:042  电机温度计算完成, 位置标记：0
2020-12-18 07:36:48:045  电机温度计算完成, 位置标记：0
2020-12-18 07:36:48:049  电机温度计算完成, 位置标记：0
2020-12-18 07:36:48:052  电机温度计算完成, 位置标记：0
2020-12-18 07:36:48:056  电机温度计算完成, 位置标记：0
2020-12-18 07:36:48:059  电机温度计算完成, 位置标记：0
2020-12-18 07:36:48:060  车速为：67.8689位置标记为：0
2020-12-18 07:36:48:081  振动分轮计算完成, 位置标记：0
2020-12-18 07:36:48:418  振动特征值计算完成, 位置标记：0
2020-12-18 07:40:41:558  磁钢信号预处理完成，位置标记：1
2020-12-18 07:40:41:570  温度分轮成功，分轮数尺度为：48
2020-12-18 07:40:41:584  轴承端盖温度特征值计算完成, 位置标记：1
2020-12-18 07:40:41:592  电机温度计算完成, 位置标记：1
2020-12-18 07:40:41:596  电机温度计算完成, 位置标记：1
2020-12-18 07:40:41:599  电机温度计算完成, 位置标记：1
2020-12-18 07:40:41:603  电机温度计算完成, 位置标记：1
2020-12-18 07:40:41:606  电机温度计算完成, 位置标记：1
2020-12-18 07:40:41:610  电机温度计算完成, 位置标记：1
2020-12-18 07:40:41:613  电机温度计算完成, 位置标记：1
2020-12-18 07:40:41:617  电机温度计算完成, 位置标记：1
2020-12-18 07:40:41:618  车速为：79.3864位置标记为：1
2020-12-18 07:40:41:638  振动分轮计算完成, 位置标记：1
2020-12-18 07:40:41:971  振动特征值计算完成, 位置标记：1
2020-12-18 07:40:42:020  磁钢信号预处理完成，位置标记：0
2020-12-18 07:40:42:031  温度分轮成功，分轮数尺度为：48
2020-12-18 07:40:42:044  轴承端盖温度特征值计算完成, 位置标记：0
2020-12-18 07:40:42:053  电机温度计算完成, 位置标记：0
2020-12-18 07:40:42:057  电机温度计算完成, 位置标记：0
2020-12-18 07:40:42:060  电机温度计算完成, 位置标记：0
2020-12-18 07:40:42:064  电机温度计算完成, 位置标记：0
2020-12-18 07:40:42:067  电机温度计算完成, 位置标记：0
2020-12-18 07:40:42:071  电机温度计算完成, 位置标记：0
2020-12-18 07:40:42:074  电机温度计算完成, 位置标记：0
2020-12-18 07:40:42:078  电机温度计算完成, 位置标记：0
2020-12-18 07:40:42:078  车速为：79.3864位置标记为：0
2020-12-18 07:40:42:099  振动分轮计算完成, 位置标记：0
2020-12-18 07:40:42:438  振动特征值计算完成, 位置标记：0
2020-12-18 07:47:44:218  磁钢信号预处理完成，位置标记：1
2020-12-18 07:47:44:229  温度分轮成功，分轮数尺度为：48
2020-12-18 07:47:44:242  轴承端盖温度特征值计算完成, 位置标记：1
2020-12-18 07:47:44:251  电机温度计算完成, 位置标记：1
2020-12-18 07:47:44:254  电机温度计算完成, 位置标记：1
2020-12-18 07:47:44:258  电机温度计算完成, 位置标记：1
2020-12-18 07:47:44:261  电机温度计算完成, 位置标记：1
2020-12-18 07:47:44:265  电机温度计算完成, 位置标记：1
2020-12-18 07:47:44:268  电机温度计算完成, 位置标记：1
2020-12-18 07:47:44:272  电机温度计算完成, 位置标记：1
2020-12-18 07:47:44:276  电机温度计算完成, 位置标记：1
2020-12-18 07:47:44:276  车速为：79.3864位置标记为：1
2020-12-18 07:47:44:297  振动分轮计算完成, 位置标记：1
2020-12-18 07:47:44:636  振动特征值计算完成, 位置标记：1
2020-12-18 07:47:44:682  磁钢信号预处理完成，位置标记：0
2020-12-18 07:47:44:693  温度分轮成功，分轮数尺度为：48
2020-12-18 07:47:44:706  轴承端盖温度特征值计算完成, 位置标记：0
2020-12-18 07:47:44:715  电机温度计算完成, 位置标记：0
2020-12-18 07:47:44:719  电机温度计算完成, 位置标记：0
2020-12-18 07:47:44:722  电机温度计算完成, 位置标记：0
2020-12-18 07:47:44:726  电机温度计算完成, 位置标记：0
2020-12-18 07:47:44:729  电机温度计算完成, 位置标记：0
2020-12-18 07:47:44:732  电机温度计算完成, 位置标记：0
2020-12-18 07:47:44:736  电机温度计算完成, 位置标记：0
2020-12-18 07:47:44:739  电机温度计算完成, 位置标记：0
2020-12-18 07:47:44:740  车速为：79.3864位置标记为：0
2020-12-18 07:47:44:761  振动分轮计算完成, 位置标记：0
2020-12-18 07:47:45:095  振动特征值计算完成, 位置标记：0
2020-12-18 07:56:15:334  磁钢信号预处理完成，位置标记：1
2020-12-18 07:56:15:345  温度分轮成功，分轮数尺度为：48
2020-12-18 07:56:15:358  轴承端盖温度特征值计算完成, 位置标记：1
2020-12-18 07:56:15:366  电机温度计算完成, 位置标记：1
2020-12-18 07:56:15:370  电机温度计算完成, 位置标记：1
2020-12-18 07:56:15:373  电机温度计算完成, 位置标记：1
2020-12-18 07:56:15:377  电机温度计算完成, 位置标记：1
2020-12-18 07:56:15:380  电机温度计算完成, 位置标记：1
2020-12-18 07:56:15:384  电机温度计算完成, 位置标记：1
2020-12-18 07:56:15:387  电机温度计算完成, 位置标记：1
2020-12-18 07:56:15:391  电机温度计算完成, 位置标记：1
2020-12-18 07:56:15:392  车速为：79.3864位置标记为：1
2020-12-18 07:56:15:412  振动分轮计算完成, 位置标记：1
2020-12-18 07:56:15:747  振动特征值计算完成, 位置标记：1
2020-12-18 07:56:15:793  磁钢信号预处理完成，位置标记：0
2020-12-18 07:56:15:805  温度分轮成功，分轮数尺度为：48
2020-12-18 07:56:15:817  轴承端盖温度特征值计算完成, 位置标记：0
2020-12-18 07:56:15:825  电机温度计算完成, 位置标记：0
2020-12-18 07:56:15:829  电机温度计算完成, 位置标记：0
2020-12-18 07:56:15:833  电机温度计算完成, 位置标记：0
2020-12-18 07:56:15:836  电机温度计算完成, 位置标记：0
2020-12-18 07:56:15:840  电机温度计算完成, 位置标记：0
2020-12-18 07:56:15:843  电机温度计算完成, 位置标记：0
2020-12-18 07:56:15:847  电机温度计算完成, 位置标记：0
2020-12-18 07:56:15:851  电机温度计算完成, 位置标记：0
2020-12-18 07:56:15:851  车速为：79.3864位置标记为：0
2020-12-18 07:56:15:872  振动分轮计算完成, 位置标记：0
2020-12-18 07:56:16:198  振动特征值计算完成, 位置标记：0
