2020-12-29 11:12:50:323  磁钢信号预处理完成，位置标记：1
2020-12-29 11:12:50:345  温度分轮成功，分轮数尺度为：48
2020-12-29 11:12:50:359  轴承端盖温度特征值计算完成, 位置标记：1
2020-12-29 11:12:50:375  电机温度计算完成, 位置标记：1
2020-12-29 11:12:50:377  电机温度计算完成, 位置标记：1
2020-12-29 11:12:50:379  电机温度计算完成, 位置标记：1
2020-12-29 11:12:50:383  电机温度计算完成, 位置标记：1
2020-12-29 11:12:50:385  电机温度计算完成, 位置标记：1
2020-12-29 11:12:50:387  电机温度计算完成, 位置标记：1
2020-12-29 11:12:50:389  电机温度计算完成, 位置标记：1
2020-12-29 11:12:50:391  电机温度计算完成, 位置标记：1
2020-12-29 11:12:50:393  车速为：43.9257位置标记为：1
2020-12-29 11:12:50:431  振动分轮计算完成, 位置标记：1
2020-12-29 11:12:50:625  振动特征值计算完成, 位置标记：1
2020-12-29 11:12:50:709  磁钢信号预处理完成，位置标记：0
2020-12-29 11:12:50:729  温度分轮成功，分轮数尺度为：48
2020-12-29 11:12:50:743  轴承端盖温度特征值计算完成, 位置标记：0
2020-12-29 11:12:50:759  电机温度计算完成, 位置标记：0
2020-12-29 11:12:50:761  电机温度计算完成, 位置标记：0
2020-12-29 11:12:50:763  电机温度计算完成, 位置标记：0
2020-12-29 11:12:50:767  电机温度计算完成, 位置标记：0
2020-12-29 11:12:50:769  电机温度计算完成, 位置标记：0
2020-12-29 11:12:50:771  电机温度计算完成, 位置标记：0
2020-12-29 11:12:50:773  电机温度计算完成, 位置标记：0
2020-12-29 11:12:50:775  电机温度计算完成, 位置标记：0
2020-12-29 11:12:50:777  车速为：43.9257位置标记为：0
2020-12-29 11:12:50:815  振动分轮计算完成, 位置标记：0
2020-12-29 11:12:51:015  振动特征值计算完成, 位置标记：0
2020-12-29 11:50:59:214  磁钢信号预处理完成，位置标记：1
2020-12-29 11:50:59:220  温度分轮成功，分轮数尺度为：48
2020-12-29 11:50:59:238  轴承端盖温度特征值计算完成, 位置标记：1
2020-12-29 11:50:59:254  电机温度计算完成, 位置标记：1
2020-12-29 11:50:59:256  电机温度计算完成, 位置标记：1
2020-12-29 11:50:59:260  电机温度计算完成, 位置标记：1
2020-12-29 11:50:59:262  电机温度计算完成, 位置标记：1
2020-12-29 11:50:59:264  电机温度计算完成, 位置标记：1
2020-12-29 11:50:59:266  电机温度计算完成, 位置标记：1
2020-12-29 11:50:59:268  电机温度计算完成, 位置标记：1
2020-12-29 11:50:59:272  电机温度计算完成, 位置标记：1
2020-12-29 11:50:59:272  车速为：43.4874位置标记为：1
2020-12-29 11:50:59:286  振动分轮计算完成, 位置标记：1
2020-12-29 11:50:59:488  振动特征值计算完成, 位置标记：1
2020-12-29 11:50:59:520  磁钢信号预处理完成，位置标记：0
2020-12-29 11:50:59:528  温度分轮成功，分轮数尺度为：48
2020-12-29 11:50:59:544  轴承端盖温度特征值计算完成, 位置标记：0
2020-12-29 11:50:59:562  电机温度计算完成, 位置标记：0
2020-12-29 11:50:59:564  电机温度计算完成, 位置标记：0
2020-12-29 11:50:59:566  电机温度计算完成, 位置标记：0
2020-12-29 11:50:59:568  电机温度计算完成, 位置标记：0
2020-12-29 11:50:59:570  电机温度计算完成, 位置标记：0
2020-12-29 11:50:59:572  电机温度计算完成, 位置标记：0
2020-12-29 11:50:59:576  电机温度计算完成, 位置标记：0
2020-12-29 11:50:59:578  电机温度计算完成, 位置标记：0
2020-12-29 11:50:59:578  车速为：43.4874位置标记为：0
2020-12-29 11:50:59:592  振动分轮计算完成, 位置标记：0
2020-12-29 11:50:59:796  振动特征值计算完成, 位置标记：0
