2020-12-27 12:07:24:650  磁钢信号预处理完成，位置标记：1
2020-12-27 12:07:24:663  温度分轮成功，分轮数尺度为：48
2020-12-27 12:07:24:713  轴承端盖温度特征值计算完成, 位置标记：1
2020-12-27 12:07:24:757  电机温度计算完成, 位置标记：1
2020-12-27 12:07:24:761  电机温度计算完成, 位置标记：1
2020-12-27 12:07:24:764  电机温度计算完成, 位置标记：1
2020-12-27 12:07:24:767  电机温度计算完成, 位置标记：1
2020-12-27 12:07:24:770  电机温度计算完成, 位置标记：1
2020-12-27 12:07:24:773  电机温度计算完成, 位置标记：1
2020-12-27 12:07:24:775  电机温度计算完成, 位置标记：1
2020-12-27 12:07:24:778  电机温度计算完成, 位置标记：1
2020-12-27 12:07:24:780  车速为：36.7021位置标记为：1
2020-12-27 12:07:24:803  振动分轮计算完成, 位置标记：1
2020-12-27 12:07:25:071  振动特征值计算完成, 位置标记：1
2020-12-27 12:07:25:117  磁钢信号预处理完成，位置标记：0
2020-12-27 12:07:25:127  温度分轮成功，分轮数尺度为：48
2020-12-27 12:07:25:179  轴承端盖温度特征值计算完成, 位置标记：0
2020-12-27 12:07:25:237  电机温度计算完成, 位置标记：0
2020-12-27 12:07:25:240  电机温度计算完成, 位置标记：0
2020-12-27 12:07:25:243  电机温度计算完成, 位置标记：0
2020-12-27 12:07:25:246  电机温度计算完成, 位置标记：0
2020-12-27 12:07:25:249  电机温度计算完成, 位置标记：0
2020-12-27 12:07:25:252  电机温度计算完成, 位置标记：0
2020-12-27 12:07:25:255  电机温度计算完成, 位置标记：0
2020-12-27 12:07:25:257  电机温度计算完成, 位置标记：0
2020-12-27 12:07:25:259  车速为：36.7021位置标记为：0
2020-12-27 12:07:25:282  振动分轮计算完成, 位置标记：0
2020-12-27 12:07:25:545  振动特征值计算完成, 位置标记：0
2020-12-27 12:17:11:429  磁钢信号预处理完成，位置标记：1
2020-12-27 12:17:11:442  温度分轮成功，分轮数尺度为：48
2020-12-27 12:17:11:506  轴承端盖温度特征值计算完成, 位置标记：1
2020-12-27 12:17:11:569  电机温度计算完成, 位置标记：1
2020-12-27 12:17:11:572  电机温度计算完成, 位置标记：1
2020-12-27 12:17:11:575  电机温度计算完成, 位置标记：1
2020-12-27 12:17:11:578  电机温度计算完成, 位置标记：1
2020-12-27 12:17:11:581  电机温度计算完成, 位置标记：1
2020-12-27 12:17:11:584  电机温度计算完成, 位置标记：1
2020-12-27 12:17:11:587  电机温度计算完成, 位置标记：1
2020-12-27 12:17:11:589  电机温度计算完成, 位置标记：1
2020-12-27 12:17:11:591  车速为：36.7673位置标记为：1
2020-12-27 12:17:11:614  振动分轮计算完成, 位置标记：1
2020-12-27 12:17:11:903  振动特征值计算完成, 位置标记：1
2020-12-27 12:17:11:959  磁钢信号预处理完成，位置标记：0
2020-12-27 12:17:11:971  温度分轮成功，分轮数尺度为：48
2020-12-27 12:17:12:035  轴承端盖温度特征值计算完成, 位置标记：0
2020-12-27 12:17:12:097  电机温度计算完成, 位置标记：0
2020-12-27 12:17:12:101  电机温度计算完成, 位置标记：0
2020-12-27 12:17:12:104  电机温度计算完成, 位置标记：0
2020-12-27 12:17:12:107  电机温度计算完成, 位置标记：0
2020-12-27 12:17:12:110  电机温度计算完成, 位置标记：0
2020-12-27 12:17:12:113  电机温度计算完成, 位置标记：0
2020-12-27 12:17:12:115  电机温度计算完成, 位置标记：0
2020-12-27 12:17:12:118  电机温度计算完成, 位置标记：0
2020-12-27 12:17:12:120  车速为：36.7673位置标记为：0
2020-12-27 12:17:12:143  振动分轮计算完成, 位置标记：0
2020-12-27 12:17:12:423  振动特征值计算完成, 位置标记：0
2020-12-27 12:27:11:800  磁钢信号预处理完成，位置标记：1
2020-12-27 12:27:11:812  温度分轮成功，分轮数尺度为：48
2020-12-27 12:27:11:876  轴承端盖温度特征值计算完成, 位置标记：1
2020-12-27 12:27:11:939  电机温度计算完成, 位置标记：1
2020-12-27 12:27:11:943  电机温度计算完成, 位置标记：1
2020-12-27 12:27:11:946  电机温度计算完成, 位置标记：1
2020-12-27 12:27:11:949  电机温度计算完成, 位置标记：1
2020-12-27 12:27:11:952  电机温度计算完成, 位置标记：1
2020-12-27 12:27:11:955  电机温度计算完成, 位置标记：1
2020-12-27 12:27:11:957  电机温度计算完成, 位置标记：1
2020-12-27 12:27:11:960  电机温度计算完成, 位置标记：1
2020-12-27 12:27:11:961  车速为：36.6372位置标记为：1
2020-12-27 12:27:11:983  振动分轮计算完成, 位置标记：1
2020-12-27 12:27:12:259  振动特征值计算完成, 位置标记：1
2020-12-27 12:27:12:314  磁钢信号预处理完成，位置标记：0
2020-12-27 12:27:12:327  温度分轮成功，分轮数尺度为：48
2020-12-27 12:27:12:392  轴承端盖温度特征值计算完成, 位置标记：0
2020-12-27 12:27:12:455  电机温度计算完成, 位置标记：0
2020-12-27 12:27:12:459  电机温度计算完成, 位置标记：0
2020-12-27 12:27:12:462  电机温度计算完成, 位置标记：0
2020-12-27 12:27:12:465  电机温度计算完成, 位置标记：0
2020-12-27 12:27:12:468  电机温度计算完成, 位置标记：0
2020-12-27 12:27:12:471  电机温度计算完成, 位置标记：0
2020-12-27 12:27:12:473  电机温度计算完成, 位置标记：0
2020-12-27 12:27:12:476  电机温度计算完成, 位置标记：0
2020-12-27 12:27:12:478  车速为：36.6372位置标记为：0
2020-12-27 12:27:12:501  振动分轮计算完成, 位置标记：0
2020-12-27 12:27:12:789  振动特征值计算完成, 位置标记：0
2020-12-27 12:37:04:674  磁钢信号预处理完成，位置标记：1
2020-12-27 12:37:04:682  温度分轮成功，分轮数尺度为：48
2020-12-27 12:37:04:734  轴承端盖温度特征值计算完成, 位置标记：1
2020-12-27 12:37:04:795  电机温度计算完成, 位置标记：1
2020-12-27 12:37:04:798  电机温度计算完成, 位置标记：1
2020-12-27 12:37:04:801  电机温度计算完成, 位置标记：1
2020-12-27 12:37:04:804  电机温度计算完成, 位置标记：1
2020-12-27 12:37:04:807  电机温度计算完成, 位置标记：1
2020-12-27 12:37:04:809  电机温度计算完成, 位置标记：1
2020-12-27 12:37:04:812  电机温度计算完成, 位置标记：1
2020-12-27 12:37:04:815  电机温度计算完成, 位置标记：1
2020-12-27 12:37:04:817  车速为：36.8位置标记为：1
2020-12-27 12:37:04:839  振动分轮计算完成, 位置标记：1
2020-12-27 12:37:05:117  振动特征值计算完成, 位置标记：1
2020-12-27 12:37:05:167  磁钢信号预处理完成，位置标记：0
2020-12-27 12:37:05:179  温度分轮成功，分轮数尺度为：48
2020-12-27 12:37:05:237  轴承端盖温度特征值计算完成, 位置标记：0
2020-12-27 12:37:05:289  电机温度计算完成, 位置标记：0
2020-12-27 12:37:05:291  电机温度计算完成, 位置标记：0
2020-12-27 12:37:05:294  电机温度计算完成, 位置标记：0
2020-12-27 12:37:05:297  电机温度计算完成, 位置标记：0
2020-12-27 12:37:05:299  电机温度计算完成, 位置标记：0
2020-12-27 12:37:05:302  电机温度计算完成, 位置标记：0
2020-12-27 12:37:05:304  电机温度计算完成, 位置标记：0
2020-12-27 12:37:05:306  电机温度计算完成, 位置标记：0
2020-12-27 12:37:05:307  车速为：36.8位置标记为：0
2020-12-27 12:37:05:330  振动分轮计算完成, 位置标记：0
2020-12-27 12:37:05:616  振动特征值计算完成, 位置标记：0
2020-12-27 12:47:03:443  磁钢信号预处理完成，位置标记：1
2020-12-27 12:47:03:453  温度分轮成功，分轮数尺度为：48
2020-12-27 12:47:03:517  轴承端盖温度特征值计算完成, 位置标记：1
2020-12-27 12:47:03:572  电机温度计算完成, 位置标记：1
2020-12-27 12:47:03:574  电机温度计算完成, 位置标记：1
2020-12-27 12:47:03:577  电机温度计算完成, 位置标记：1
2020-12-27 12:47:03:580  电机温度计算完成, 位置标记：1
2020-12-27 12:47:03:583  电机温度计算完成, 位置标记：1
2020-12-27 12:47:03:586  电机温度计算完成, 位置标记：1
2020-12-27 12:47:03:589  电机温度计算完成, 位置标记：1
2020-12-27 12:47:03:591  电机温度计算完成, 位置标记：1
2020-12-27 12:47:03:593  车速为：36.751位置标记为：1
2020-12-27 12:47:03:611  振动分轮计算完成, 位置标记：1
2020-12-27 12:47:03:828  振动特征值计算完成, 位置标记：1
2020-12-27 12:47:03:871  磁钢信号预处理完成，位置标记：0
2020-12-27 12:47:03:882  温度分轮成功，分轮数尺度为：48
2020-12-27 12:47:03:931  轴承端盖温度特征值计算完成, 位置标记：0
2020-12-27 12:47:03:977  电机温度计算完成, 位置标记：0
2020-12-27 12:47:03:979  电机温度计算完成, 位置标记：0
2020-12-27 12:47:03:982  电机温度计算完成, 位置标记：0
2020-12-27 12:47:03:984  电机温度计算完成, 位置标记：0
2020-12-27 12:47:03:986  电机温度计算完成, 位置标记：0
2020-12-27 12:47:03:988  电机温度计算完成, 位置标记：0
2020-12-27 12:47:03:989  电机温度计算完成, 位置标记：0
2020-12-27 12:47:03:991  电机温度计算完成, 位置标记：0
2020-12-27 12:47:03:993  车速为：36.751位置标记为：0
2020-12-27 12:47:04:009  振动分轮计算完成, 位置标记：0
2020-12-27 12:47:04:221  振动特征值计算完成, 位置标记：0
2020-12-27 12:57:06:174  磁钢信号预处理完成，位置标记：1
2020-12-27 12:57:06:187  温度分轮成功，分轮数尺度为：48
2020-12-27 12:57:06:252  轴承端盖温度特征值计算完成, 位置标记：1
2020-12-27 12:57:06:300  电机温度计算完成, 位置标记：1
2020-12-27 12:57:06:302  电机温度计算完成, 位置标记：1
2020-12-27 12:57:06:304  电机温度计算完成, 位置标记：1
2020-12-27 12:57:06:307  电机温度计算完成, 位置标记：1
2020-12-27 12:57:06:309  电机温度计算完成, 位置标记：1
2020-12-27 12:57:06:311  电机温度计算完成, 位置标记：1
2020-12-27 12:57:06:313  电机温度计算完成, 位置标记：1
2020-12-27 12:57:06:314  电机温度计算完成, 位置标记：1
2020-12-27 12:57:06:316  车速为：36.7673位置标记为：1
2020-12-27 12:57:06:332  振动分轮计算完成, 位置标记：1
2020-12-27 12:57:06:540  振动特征值计算完成, 位置标记：1
2020-12-27 12:57:06:587  磁钢信号预处理完成，位置标记：0
2020-12-27 12:57:06:597  温度分轮成功，分轮数尺度为：48
2020-12-27 12:57:06:653  轴承端盖温度特征值计算完成, 位置标记：0
2020-12-27 12:57:06:703  电机温度计算完成, 位置标记：0
2020-12-27 12:57:06:706  电机温度计算完成, 位置标记：0
2020-12-27 12:57:06:708  电机温度计算完成, 位置标记：0
2020-12-27 12:57:06:711  电机温度计算完成, 位置标记：0
2020-12-27 12:57:06:713  电机温度计算完成, 位置标记：0
2020-12-27 12:57:06:715  电机温度计算完成, 位置标记：0
2020-12-27 12:57:06:718  电机温度计算完成, 位置标记：0
2020-12-27 12:57:06:721  电机温度计算完成, 位置标记：0
2020-12-27 12:57:06:722  车速为：36.7673位置标记为：0
2020-12-27 12:57:06:743  振动分轮计算完成, 位置标记：0
2020-12-27 12:57:06:990  振动特征值计算完成, 位置标记：0
