2020-12-18 05:48:35:034  磁钢信号预处理完成，位置标记：1
2020-12-18 05:48:35:045  温度分轮成功，分轮数尺度为：48
2020-12-18 05:48:35:056  轴承端盖温度特征值计算完成, 位置标记：1
2020-12-18 05:48:35:064  电机温度计算完成, 位置标记：1
2020-12-18 05:48:35:068  电机温度计算完成, 位置标记：1
2020-12-18 05:48:35:071  电机温度计算完成, 位置标记：1
2020-12-18 05:48:35:074  电机温度计算完成, 位置标记：1
2020-12-18 05:48:35:077  电机温度计算完成, 位置标记：1
2020-12-18 05:48:35:081  电机温度计算完成, 位置标记：1
2020-12-18 05:48:35:084  电机温度计算完成, 位置标记：1
2020-12-18 05:48:35:087  电机温度计算完成, 位置标记：1
2020-12-18 05:48:35:088  车速为：87.619位置标记为：1
2020-12-18 05:48:35:108  振动分轮计算完成, 位置标记：1
2020-12-18 05:48:35:410  振动特征值计算完成, 位置标记：1
2020-12-18 05:48:35:457  磁钢信号预处理完成，位置标记：0
2020-12-18 05:48:35:467  温度分轮成功，分轮数尺度为：48
2020-12-18 05:48:35:479  轴承端盖温度特征值计算完成, 位置标记：0
2020-12-18 05:48:35:487  电机温度计算完成, 位置标记：0
2020-12-18 05:48:35:490  电机温度计算完成, 位置标记：0
2020-12-18 05:48:35:493  电机温度计算完成, 位置标记：0
2020-12-18 05:48:35:496  电机温度计算完成, 位置标记：0
2020-12-18 05:48:35:499  电机温度计算完成, 位置标记：0
2020-12-18 05:48:35:502  电机温度计算完成, 位置标记：0
2020-12-18 05:48:35:506  电机温度计算完成, 位置标记：0
2020-12-18 05:48:35:509  电机温度计算完成, 位置标记：0
2020-12-18 05:48:35:510  车速为：87.619位置标记为：0
2020-12-18 05:48:35:529  振动分轮计算完成, 位置标记：0
2020-12-18 05:48:35:812  振动特征值计算完成, 位置标记：0
2020-12-18 05:55:22:916  磁钢信号预处理完成，位置标记：1
2020-12-18 05:55:22:927  温度分轮成功，分轮数尺度为：48
2020-12-18 05:55:22:940  轴承端盖温度特征值计算完成, 位置标记：1
2020-12-18 05:55:22:949  电机温度计算完成, 位置标记：1
2020-12-18 05:55:22:953  电机温度计算完成, 位置标记：1
2020-12-18 05:55:22:957  电机温度计算完成, 位置标记：1
2020-12-18 05:55:22:960  电机温度计算完成, 位置标记：1
2020-12-18 05:55:22:964  电机温度计算完成, 位置标记：1
2020-12-18 05:55:22:967  电机温度计算完成, 位置标记：1
2020-12-18 05:55:22:971  电机温度计算完成, 位置标记：1
2020-12-18 05:55:22:976  电机温度计算完成, 位置标记：1
2020-12-18 05:55:22:977  车速为：79.1587位置标记为：1
2020-12-18 05:55:22:997  振动分轮计算完成, 位置标记：1
2020-12-18 05:55:23:333  振动特征值计算完成, 位置标记：1
2020-12-18 05:55:23:378  磁钢信号预处理完成，位置标记：0
2020-12-18 05:55:23:390  温度分轮成功，分轮数尺度为：48
2020-12-18 05:55:23:403  轴承端盖温度特征值计算完成, 位置标记：0
2020-12-18 05:55:23:412  电机温度计算完成, 位置标记：0
2020-12-18 05:55:23:415  电机温度计算完成, 位置标记：0
2020-12-18 05:55:23:418  电机温度计算完成, 位置标记：0
2020-12-18 05:55:23:422  电机温度计算完成, 位置标记：0
2020-12-18 05:55:23:426  电机温度计算完成, 位置标记：0
2020-12-18 05:55:23:429  电机温度计算完成, 位置标记：0
2020-12-18 05:55:23:432  电机温度计算完成, 位置标记：0
2020-12-18 05:55:23:436  电机温度计算完成, 位置标记：0
2020-12-18 05:55:23:437  车速为：79.1587位置标记为：0
2020-12-18 05:55:23:457  振动分轮计算完成, 位置标记：0
2020-12-18 05:55:23:792  振动特征值计算完成, 位置标记：0
