2020-12-16 14:03:26:439  磁钢信号预处理完成，位置标记：1
2020-12-16 14:03:26:486  温度分轮成功，分轮数尺度为：48
2020-12-16 14:03:26:549  轴承端盖温度特征值计算完成, 位置标记：1
2020-12-16 14:03:26:611  电机温度计算完成, 位置标记：1
2020-12-16 14:03:26:611  电机温度计算完成, 位置标记：1
2020-12-16 14:03:26:611  电机温度计算完成, 位置标记：1
2020-12-16 14:03:26:611  电机温度计算完成, 位置标记：1
2020-12-16 14:03:26:611  电机温度计算完成, 位置标记：1
2020-12-16 14:03:26:627  电机温度计算完成, 位置标记：1
2020-12-16 14:03:26:627  电机温度计算完成, 位置标记：1
2020-12-16 14:03:26:627  电机温度计算完成, 位置标记：1
2020-12-16 14:03:26:627  车速为：36.882位置标记为：1
2020-12-16 14:03:26:643  振动有效标记位计算异常，位置标记为：1
2020-12-16 14:03:26:689  磁钢信号预处理完成，位置标记：0
2020-12-16 14:03:26:705  温度分轮成功，分轮数尺度为：48
2020-12-16 14:03:26:768  轴承端盖温度特征值计算完成, 位置标记：0
2020-12-16 14:03:26:830  电机温度计算完成, 位置标记：0
2020-12-16 14:03:26:830  电机温度计算完成, 位置标记：0
2020-12-16 14:03:26:830  电机温度计算完成, 位置标记：0
2020-12-16 14:03:26:846  电机温度计算完成, 位置标记：0
2020-12-16 14:03:26:846  电机温度计算完成, 位置标记：0
2020-12-16 14:03:26:846  电机温度计算完成, 位置标记：0
2020-12-16 14:03:26:846  电机温度计算完成, 位置标记：0
2020-12-16 14:03:26:846  电机温度计算完成, 位置标记：0
2020-12-16 14:03:26:846  车速为：36.882位置标记为：0
2020-12-16 14:03:26:861  振动有效标记位计算异常，位置标记为：0
2020-12-16 14:13:33:746  磁钢信号预处理完成，位置标记：1
2020-12-16 14:13:33:746  温度分轮成功，分轮数尺度为：48
2020-12-16 14:13:33:808  轴承端盖温度特征值计算完成, 位置标记：1
2020-12-16 14:13:33:871  电机温度计算完成, 位置标记：1
2020-12-16 14:13:33:871  电机温度计算完成, 位置标记：1
2020-12-16 14:13:33:871  电机温度计算完成, 位置标记：1
2020-12-16 14:13:33:886  电机温度计算完成, 位置标记：1
2020-12-16 14:13:33:886  电机温度计算完成, 位置标记：1
2020-12-16 14:13:33:886  电机温度计算完成, 位置标记：1
2020-12-16 14:13:33:886  电机温度计算完成, 位置标记：1
2020-12-16 14:13:33:886  电机温度计算完成, 位置标记：1
2020-12-16 14:13:33:886  车速为：36.7673位置标记为：1
2020-12-16 14:13:33:917  振动分轮计算完成, 位置标记：1
2020-12-16 14:13:34:199  振动特征值计算完成, 位置标记：1
2020-12-16 14:13:34:261  磁钢信号预处理完成，位置标记：0
2020-12-16 14:13:34:261  温度分轮成功，分轮数尺度为：48
2020-12-16 14:13:34:324  轴承端盖温度特征值计算完成, 位置标记：0
2020-12-16 14:13:34:386  电机温度计算完成, 位置标记：0
2020-12-16 14:13:34:402  电机温度计算完成, 位置标记：0
2020-12-16 14:13:34:402  电机温度计算完成, 位置标记：0
2020-12-16 14:13:34:402  电机温度计算完成, 位置标记：0
2020-12-16 14:13:34:402  电机温度计算完成, 位置标记：0
2020-12-16 14:13:34:402  电机温度计算完成, 位置标记：0
2020-12-16 14:13:34:417  电机温度计算完成, 位置标记：0
2020-12-16 14:13:34:417  电机温度计算完成, 位置标记：0
2020-12-16 14:13:34:417  车速为：36.7673位置标记为：0
2020-12-16 14:13:34:433  振动分轮计算完成, 位置标记：0
2020-12-16 14:13:34:730  振动特征值计算完成, 位置标记：0
2020-12-16 14:23:19:631  磁钢信号预处理完成，位置标记：1
2020-12-16 14:23:19:646  温度分轮成功，分轮数尺度为：48
2020-12-16 14:23:19:709  轴承端盖温度特征值计算完成, 位置标记：1
2020-12-16 14:23:19:771  电机温度计算完成, 位置标记：1
2020-12-16 14:23:19:771  电机温度计算完成, 位置标记：1
2020-12-16 14:23:19:787  电机温度计算完成, 位置标记：1
2020-12-16 14:23:19:787  电机温度计算完成, 位置标记：1
2020-12-16 14:23:19:787  电机温度计算完成, 位置标记：1
2020-12-16 14:23:19:787  电机温度计算完成, 位置标记：1
2020-12-16 14:23:19:787  电机温度计算完成, 位置标记：1
2020-12-16 14:23:19:787  电机温度计算完成, 位置标记：1
2020-12-16 14:23:19:802  车速为：36.621位置标记为：1
2020-12-16 14:23:19:818  振动分轮计算完成, 位置标记：1
2020-12-16 14:23:20:084  振动特征值计算完成, 位置标记：1
2020-12-16 14:23:20:131  磁钢信号预处理完成，位置标记：0
2020-12-16 14:23:20:146  温度分轮成功，分轮数尺度为：48
2020-12-16 14:23:20:209  轴承端盖温度特征值计算完成, 位置标记：0
2020-12-16 14:23:20:271  电机温度计算完成, 位置标记：0
2020-12-16 14:23:20:287  电机温度计算完成, 位置标记：0
2020-12-16 14:23:20:287  电机温度计算完成, 位置标记：0
2020-12-16 14:23:20:287  电机温度计算完成, 位置标记：0
2020-12-16 14:23:20:287  电机温度计算完成, 位置标记：0
2020-12-16 14:23:20:287  电机温度计算完成, 位置标记：0
2020-12-16 14:23:20:302  电机温度计算完成, 位置标记：0
2020-12-16 14:23:20:302  电机温度计算完成, 位置标记：0
2020-12-16 14:23:20:302  车速为：36.621位置标记为：0
2020-12-16 14:23:20:318  振动分轮计算完成, 位置标记：0
2020-12-16 14:23:20:615  振动特征值计算完成, 位置标记：0
2020-12-16 14:33:35:156  磁钢信号预处理完成，位置标记：1
2020-12-16 14:33:35:171  温度分轮成功，分轮数尺度为：48
2020-12-16 14:33:35:234  轴承端盖温度特征值计算完成, 位置标记：1
2020-12-16 14:33:35:296  电机温度计算完成, 位置标记：1
2020-12-16 14:33:35:296  电机温度计算完成, 位置标记：1
2020-12-16 14:33:35:312  电机温度计算完成, 位置标记：1
2020-12-16 14:33:35:312  电机温度计算完成, 位置标记：1
2020-12-16 14:33:35:312  电机温度计算完成, 位置标记：1
2020-12-16 14:33:35:312  电机温度计算完成, 位置标记：1
2020-12-16 14:33:35:312  电机温度计算完成, 位置标记：1
2020-12-16 14:33:35:312  电机温度计算完成, 位置标记：1
2020-12-16 14:33:35:328  车速为：36.6859位置标记为：1
2020-12-16 14:33:35:343  振动分轮计算完成, 位置标记：1
2020-12-16 14:33:35:640  振动特征值计算完成, 位置标记：1
2020-12-16 14:33:35:687  磁钢信号预处理完成，位置标记：0
2020-12-16 14:33:35:703  温度分轮成功，分轮数尺度为：48
2020-12-16 14:33:35:781  轴承端盖温度特征值计算完成, 位置标记：0
2020-12-16 14:33:35:843  电机温度计算完成, 位置标记：0
2020-12-16 14:33:35:843  电机温度计算完成, 位置标记：0
2020-12-16 14:33:35:843  电机温度计算完成, 位置标记：0
2020-12-16 14:33:35:843  电机温度计算完成, 位置标记：0
2020-12-16 14:33:35:843  电机温度计算完成, 位置标记：0
2020-12-16 14:33:35:859  电机温度计算完成, 位置标记：0
2020-12-16 14:33:35:859  电机温度计算完成, 位置标记：0
2020-12-16 14:33:35:859  电机温度计算完成, 位置标记：0
2020-12-16 14:33:35:859  车速为：36.6859位置标记为：0
2020-12-16 14:33:35:890  振动分轮计算完成, 位置标记：0
2020-12-16 14:33:36:156  振动特征值计算完成, 位置标记：0
2020-12-16 14:43:22:817  磁钢信号预处理完成，位置标记：1
2020-12-16 14:43:22:817  温度分轮成功，分轮数尺度为：48
2020-12-16 14:43:22:895  轴承端盖温度特征值计算完成, 位置标记：1
2020-12-16 14:43:22:958  电机温度计算完成, 位置标记：1
2020-12-16 14:43:22:958  电机温度计算完成, 位置标记：1
2020-12-16 14:43:22:958  电机温度计算完成, 位置标记：1
2020-12-16 14:43:22:958  电机温度计算完成, 位置标记：1
2020-12-16 14:43:22:958  电机温度计算完成, 位置标记：1
2020-12-16 14:43:22:973  电机温度计算完成, 位置标记：1
2020-12-16 14:43:22:973  电机温度计算完成, 位置标记：1
2020-12-16 14:43:22:973  电机温度计算完成, 位置标记：1
2020-12-16 14:43:22:973  车速为：36.6859位置标记为：1
2020-12-16 14:43:22:989  振动分轮计算完成, 位置标记：1
2020-12-16 14:43:23:286  振动特征值计算完成, 位置标记：1
2020-12-16 14:43:23:333  磁钢信号预处理完成，位置标记：0
2020-12-16 14:43:23:348  温度分轮成功，分轮数尺度为：48
2020-12-16 14:43:23:411  轴承端盖温度特征值计算完成, 位置标记：0
2020-12-16 14:43:23:473  电机温度计算完成, 位置标记：0
2020-12-16 14:43:23:473  电机温度计算完成, 位置标记：0
2020-12-16 14:43:23:473  电机温度计算完成, 位置标记：0
2020-12-16 14:43:23:489  电机温度计算完成, 位置标记：0
2020-12-16 14:43:23:489  电机温度计算完成, 位置标记：0
2020-12-16 14:43:23:489  电机温度计算完成, 位置标记：0
2020-12-16 14:43:23:489  电机温度计算完成, 位置标记：0
2020-12-16 14:43:23:489  电机温度计算完成, 位置标记：0
2020-12-16 14:43:23:489  车速为：36.6859位置标记为：0
2020-12-16 14:43:23:536  振动分轮计算完成, 位置标记：0
2020-12-16 14:43:23:879  振动特征值计算完成, 位置标记：0
2020-12-16 14:53:38:214  磁钢信号预处理完成，位置标记：1
2020-12-16 14:53:38:226  温度分轮成功，分轮数尺度为：48
2020-12-16 14:53:38:304  轴承端盖温度特征值计算完成, 位置标记：1
2020-12-16 14:53:38:371  电机温度计算完成, 位置标记：1
2020-12-16 14:53:38:374  电机温度计算完成, 位置标记：1
2020-12-16 14:53:38:377  电机温度计算完成, 位置标记：1
2020-12-16 14:53:38:380  电机温度计算完成, 位置标记：1
2020-12-16 14:53:38:383  电机温度计算完成, 位置标记：1
2020-12-16 14:53:38:387  电机温度计算完成, 位置标记：1
2020-12-16 14:53:38:389  电机温度计算完成, 位置标记：1
2020-12-16 14:53:38:392  电机温度计算完成, 位置标记：1
2020-12-16 14:53:38:394  车速为：36.6372位置标记为：1
2020-12-16 14:53:38:427  振动分轮计算完成, 位置标记：1
2020-12-16 14:53:38:728  振动特征值计算完成, 位置标记：1
2020-12-16 14:53:38:783  磁钢信号预处理完成，位置标记：0
2020-12-16 14:53:38:796  温度分轮成功，分轮数尺度为：48
2020-12-16 14:53:38:868  轴承端盖温度特征值计算完成, 位置标记：0
2020-12-16 14:53:38:936  电机温度计算完成, 位置标记：0
2020-12-16 14:53:38:939  电机温度计算完成, 位置标记：0
2020-12-16 14:53:38:943  电机温度计算完成, 位置标记：0
2020-12-16 14:53:38:946  电机温度计算完成, 位置标记：0
2020-12-16 14:53:38:949  电机温度计算完成, 位置标记：0
2020-12-16 14:53:38:952  电机温度计算完成, 位置标记：0
2020-12-16 14:53:38:954  电机温度计算完成, 位置标记：0
2020-12-16 14:53:38:957  电机温度计算完成, 位置标记：0
2020-12-16 14:53:38:960  车速为：36.6372位置标记为：0
2020-12-16 14:53:38:983  振动分轮计算完成, 位置标记：0
2020-12-16 14:53:39:293  振动特征值计算完成, 位置标记：0
