2020-12-25 05:18:35:574  磁钢信号预处理完成，位置标记：1
2020-12-25 05:18:35:589  温度分轮成功，分轮数尺度为：48
2020-12-25 05:18:35:661  轴承端盖温度特征值计算完成, 位置标记：1
2020-12-25 05:18:35:724  电机温度计算完成, 位置标记：1
2020-12-25 05:18:35:728  电机温度计算完成, 位置标记：1
2020-12-25 05:18:35:731  电机温度计算完成, 位置标记：1
2020-12-25 05:18:35:735  电机温度计算完成, 位置标记：1
2020-12-25 05:18:35:738  电机温度计算完成, 位置标记：1
2020-12-25 05:18:35:741  电机温度计算完成, 位置标记：1
2020-12-25 05:18:35:744  电机温度计算完成, 位置标记：1
2020-12-25 05:18:35:747  电机温度计算完成, 位置标记：1
2020-12-25 05:18:35:748  车速为：28.8602位置标记为：1
2020-12-25 05:18:35:770  振动分轮计算完成, 位置标记：1
2020-12-25 05:18:36:138  振动特征值计算完成, 位置标记：1
2020-12-25 05:18:36:193  磁钢信号预处理完成，位置标记：0
2020-12-25 05:18:36:205  温度分轮成功，分轮数尺度为：48
2020-12-25 05:18:36:263  轴承端盖温度特征值计算完成, 位置标记：0
2020-12-25 05:18:36:318  电机温度计算完成, 位置标记：0
2020-12-25 05:18:36:321  电机温度计算完成, 位置标记：0
2020-12-25 05:18:36:324  电机温度计算完成, 位置标记：0
2020-12-25 05:18:36:327  电机温度计算完成, 位置标记：0
2020-12-25 05:18:36:330  电机温度计算完成, 位置标记：0
2020-12-25 05:18:36:334  电机温度计算完成, 位置标记：0
2020-12-25 05:18:36:337  电机温度计算完成, 位置标记：0
2020-12-25 05:18:36:340  电机温度计算完成, 位置标记：0
2020-12-25 05:18:36:341  车速为：28.8602位置标记为：0
2020-12-25 05:18:36:365  振动分轮计算完成, 位置标记：0
2020-12-25 05:18:36:754  振动特征值计算完成, 位置标记：0
2020-12-25 05:40:58:052  磁钢信号预处理完成，位置标记：1
2020-12-25 05:40:58:063  温度分轮成功，分轮数尺度为：48
2020-12-25 05:40:58:119  轴承端盖温度特征值计算完成, 位置标记：1
2020-12-25 05:40:58:182  电机温度计算完成, 位置标记：1
2020-12-25 05:40:58:185  电机温度计算完成, 位置标记：1
2020-12-25 05:40:58:189  电机温度计算完成, 位置标记：1
2020-12-25 05:40:58:191  电机温度计算完成, 位置标记：1
2020-12-25 05:40:58:194  电机温度计算完成, 位置标记：1
2020-12-25 05:40:58:197  电机温度计算完成, 位置标记：1
2020-12-25 05:40:58:199  电机温度计算完成, 位置标记：1
2020-12-25 05:40:58:202  电机温度计算完成, 位置标记：1
2020-12-25 05:40:58:204  车速为：36.8984位置标记为：1
2020-12-25 05:40:58:227  振动分轮计算完成, 位置标记：1
2020-12-25 05:40:58:470  振动特征值计算完成, 位置标记：1
2020-12-25 05:40:58:514  磁钢信号预处理完成，位置标记：0
2020-12-25 05:40:58:524  温度分轮成功，分轮数尺度为：48
2020-12-25 05:40:58:570  轴承端盖温度特征值计算完成, 位置标记：0
2020-12-25 05:40:58:615  电机温度计算完成, 位置标记：0
2020-12-25 05:40:58:617  电机温度计算完成, 位置标记：0
2020-12-25 05:40:58:619  电机温度计算完成, 位置标记：0
2020-12-25 05:40:58:622  电机温度计算完成, 位置标记：0
2020-12-25 05:40:58:624  电机温度计算完成, 位置标记：0
2020-12-25 05:40:58:626  电机温度计算完成, 位置标记：0
2020-12-25 05:40:58:628  电机温度计算完成, 位置标记：0
2020-12-25 05:40:58:630  电机温度计算完成, 位置标记：0
2020-12-25 05:40:58:631  车速为：36.8984位置标记为：0
2020-12-25 05:40:58:647  振动分轮计算完成, 位置标记：0
2020-12-25 05:40:58:850  振动特征值计算完成, 位置标记：0
2020-12-25 05:54:10:795  磁钢信号预处理完成，位置标记：1
2020-12-25 05:54:10:806  温度分轮成功，分轮数尺度为：48
2020-12-25 05:54:10:863  轴承端盖温度特征值计算完成, 位置标记：1
2020-12-25 05:54:10:918  电机温度计算完成, 位置标记：1
2020-12-25 05:54:10:921  电机温度计算完成, 位置标记：1
2020-12-25 05:54:10:925  电机温度计算完成, 位置标记：1
2020-12-25 05:54:10:928  电机温度计算完成, 位置标记：1
2020-12-25 05:54:10:931  电机温度计算完成, 位置标记：1
2020-12-25 05:54:10:934  电机温度计算完成, 位置标记：1
2020-12-25 05:54:10:936  电机温度计算完成, 位置标记：1
2020-12-25 05:54:10:939  电机温度计算完成, 位置标记：1
2020-12-25 05:54:10:941  车速为：36.7347位置标记为：1
2020-12-25 05:54:10:963  振动分轮计算完成, 位置标记：1
2020-12-25 05:54:11:191  振动特征值计算完成, 位置标记：1
2020-12-25 05:54:11:234  磁钢信号预处理完成，位置标记：0
2020-12-25 05:54:11:242  温度分轮成功，分轮数尺度为：48
2020-12-25 05:54:11:288  轴承端盖温度特征值计算完成, 位置标记：0
2020-12-25 05:54:11:332  电机温度计算完成, 位置标记：0
2020-12-25 05:54:11:335  电机温度计算完成, 位置标记：0
2020-12-25 05:54:11:337  电机温度计算完成, 位置标记：0
2020-12-25 05:54:11:339  电机温度计算完成, 位置标记：0
2020-12-25 05:54:11:341  电机温度计算完成, 位置标记：0
2020-12-25 05:54:11:343  电机温度计算完成, 位置标记：0
2020-12-25 05:54:11:345  电机温度计算完成, 位置标记：0
2020-12-25 05:54:11:347  电机温度计算完成, 位置标记：0
2020-12-25 05:54:11:348  车速为：36.7347位置标记为：0
2020-12-25 05:54:11:364  振动分轮计算完成, 位置标记：0
2020-12-25 05:54:11:626  振动特征值计算完成, 位置标记：0
