2020-12-18 11:02:46:581  收到来车信号，流水号：20201218110246，所有设备开始采集
2020-12-18 11:02:46:765  开启A/D采集
2020-12-18 11:03:12:272  收到离车信号，流水号：20201218110246，线号：14，车号：023024，主控端：0，所有设备停止采集
2020-12-18 11:03:12:290  收到停止采集命令，开始停止采集
2020-12-18 11:03:12:309  停止采集数据
2020-12-18 11:03:12:311  采集连接已断开
2020-12-18 11:03:12:313  开始数据分析和落盘
2020-12-18 11:03:43:837  vibration1完成落盘
2020-12-18 11:04:10:559  vibration2完成落盘
2020-12-18 11:04:37:036  vibration3完成落盘
2020-12-18 11:05:03:280  vibration4完成落盘
2020-12-18 11:05:29:547  vibration5完成落盘
2020-12-18 11:05:56:060  vibration6完成落盘
2020-12-18 11:06:21:933  vibration7完成落盘
2020-12-18 11:06:48:438  vibration8完成落盘
2020-12-18 11:07:15:213  magnetic1完成落盘
2020-12-18 11:07:41:349  magnetic2完成落盘
2020-12-18 11:08:07:247  magnetic3完成落盘
2020-12-18 11:08:33:933  magnetic4完成落盘
2020-12-18 11:09:00:527  temperate1完成落盘
2020-12-18 11:09:26:861  temperate2完成落盘
2020-12-18 11:09:53:402  temperate3完成落盘
2020-12-18 11:10:19:882  temperate4完成落盘
2020-12-18 11:10:19:892  开始处理数据
2020-12-18 11:10:21:249  右侧计算完成
2020-12-18 11:10:21:757  左侧计算完成
2020-12-18 11:10:21:759  检查结果数据
2020-12-18 11:10:21:761  通知桌面显示数据
2020-12-18 11:10:21:778  开始写入数据库
2020-12-18 11:10:21:800  预警及报警参数加载完成
2020-12-18 11:10:21:802  数据库打开成功
2020-12-18 11:10:21:968  train_info数据表写入成功
2020-12-18 11:10:21:970  train_onlyid读取成功
2020-12-18 11:10:21:972  train_data数据表写入成功
2020-12-18 11:10:21:974  vt_info数据表，第0次写入成功
2020-12-18 11:10:21:975  vt_info数据表，第1次写入成功
2020-12-18 11:10:21:977  vt_info数据表，第2次写入成功
2020-12-18 11:10:21:979  vt_info数据表，第3次写入成功
2020-12-18 11:10:21:981  vt_info数据表，第4次写入成功
2020-12-18 11:10:21:983  vt_info数据表，第5次写入成功
2020-12-18 11:10:21:985  vt_info数据表，第6次写入成功
2020-12-18 11:10:21:987  vt_info数据表，第7次写入成功
2020-12-18 11:10:21:988  vt_info数据表，第8次写入成功
2020-12-18 11:10:21:990  vt_info数据表，第9次写入成功
2020-12-18 11:10:21:992  vt_info数据表，第10次写入成功
2020-12-18 11:10:21:994  vt_info数据表，第11次写入成功
2020-12-18 11:10:21:996  vt_info数据表，第12次写入成功
2020-12-18 11:10:21:997  vt_info数据表，第13次写入成功
2020-12-18 11:10:22:000  vt_info数据表，第14次写入成功
2020-12-18 11:10:22:002  vt_info数据表，第15次写入成功
2020-12-18 11:10:22:004  vt_info数据表，第16次写入成功
2020-12-18 11:10:22:005  vt_info数据表，第17次写入成功
2020-12-18 11:10:22:007  vt_info数据表，第18次写入成功
2020-12-18 11:10:22:009  vt_info数据表，第19次写入成功
2020-12-18 11:10:22:011  vt_info数据表，第20次写入成功
2020-12-18 11:10:22:013  vt_info数据表，第21次写入成功
2020-12-18 11:10:22:016  vt_info数据表，第22次写入成功
2020-12-18 11:10:22:083  vt_info数据表，第23次写入成功
2020-12-18 11:10:22:085  vt_info数据表，第24次写入成功
2020-12-18 11:10:22:087  vt_info数据表，第25次写入成功
2020-12-18 11:10:22:089  vt_info数据表，第26次写入成功
2020-12-18 11:10:22:091  vt_info数据表，第27次写入成功
2020-12-18 11:10:22:093  vt_info数据表，第28次写入成功
2020-12-18 11:10:22:095  vt_info数据表，第29次写入成功
2020-12-18 11:10:22:097  vt_info数据表，第30次写入成功
2020-12-18 11:10:22:099  vt_info数据表，第31次写入成功
2020-12-18 11:10:22:101  vt_info数据表，第32次写入成功
2020-12-18 11:10:22:103  vt_info数据表，第33次写入成功
2020-12-18 11:10:22:105  vt_info数据表，第34次写入成功
2020-12-18 11:10:22:107  vt_info数据表，第35次写入成功
2020-12-18 11:10:22:109  vt_info数据表，第36次写入成功
2020-12-18 11:10:22:110  vt_info数据表，第37次写入成功
2020-12-18 11:10:22:112  vt_info数据表，第38次写入成功
2020-12-18 11:10:22:114  vt_info数据表，第39次写入成功
2020-12-18 11:10:22:116  vt_info数据表，第40次写入成功
2020-12-18 11:10:22:118  vt_info数据表，第41次写入成功
2020-12-18 11:10:22:157  vt_info数据表，第42次写入成功
2020-12-18 11:10:22:159  vt_info数据表，第43次写入成功
2020-12-18 11:10:22:161  vt_info数据表，第44次写入成功
2020-12-18 11:10:22:243  vt_info数据表，第45次写入成功
2020-12-18 11:10:22:245  vt_info数据表，第46次写入成功
2020-12-18 11:10:22:247  vt_info数据表，第47次写入成功
2020-12-18 11:10:22:250  motor_info数据表，第0次写入成功
2020-12-18 11:10:22:251  motor_info数据表，第1次写入成功
2020-12-18 11:10:22:253  motor_info数据表，第2次写入成功
2020-12-18 11:10:22:255  motor_info数据表，第3次写入成功
2020-12-18 11:10:22:257  motor_info数据表，第4次写入成功
2020-12-18 11:10:22:259  motor_info数据表，第5次写入成功
2020-12-18 11:10:22:261  motor_info数据表，第6次写入成功
2020-12-18 11:10:22:263  motor_info数据表，第7次写入成功
2020-12-18 11:10:22:264  motor_info数据表，第8次写入成功
2020-12-18 11:10:22:266  motor_info数据表，第9次写入成功
2020-12-18 11:10:22:268  motor_info数据表，第10次写入成功
2020-12-18 11:10:22:270  motor_info数据表，第11次写入成功
2020-12-18 11:10:22:272  motor_info数据表，第12次写入成功
2020-12-18 11:10:22:274  motor_info数据表，第13次写入成功
2020-12-18 11:10:22:298  motor_info数据表，第14次写入成功
2020-12-18 11:10:22:300  motor_info数据表，第15次写入成功
2020-12-18 11:10:22:302  数据库关闭！
2020-12-18 11:12:13:478  收到来车信号，流水号：20201218111213，所有设备开始采集
2020-12-18 11:12:13:699  开启A/D采集
2020-12-18 11:12:39:172  收到离车信号，流水号：20201218111213，线号：14，车号：007008，主控端：0，所有设备停止采集
2020-12-18 11:12:39:198  收到停止采集命令，开始停止采集
2020-12-18 11:12:39:235  停止采集数据
2020-12-18 11:12:39:237  采集连接已断开
2020-12-18 11:12:39:239  开始数据分析和落盘
2020-12-18 11:13:05:179  vibration1完成落盘
2020-12-18 11:13:26:433  vibration2完成落盘
2020-12-18 11:13:47:289  vibration3完成落盘
2020-12-18 11:14:09:164  vibration4完成落盘
2020-12-18 11:14:30:658  vibration5完成落盘
2020-12-18 11:14:52:468  vibration6完成落盘
2020-12-18 11:15:14:375  vibration7完成落盘
2020-12-18 11:15:36:482  vibration8完成落盘
2020-12-18 11:15:57:804  magnetic1完成落盘
2020-12-18 11:16:18:985  magnetic2完成落盘
2020-12-18 11:16:40:221  magnetic3完成落盘
2020-12-18 11:17:02:169  magnetic4完成落盘
2020-12-18 11:17:23:468  temperate1完成落盘
2020-12-18 11:17:45:280  temperate2完成落盘
2020-12-18 11:18:07:545  temperate3完成落盘
2020-12-18 11:18:29:485  temperate4完成落盘
2020-12-18 11:18:29:495  开始处理数据
2020-12-18 11:18:30:466  右侧计算完成
2020-12-18 11:18:30:891  左侧计算完成
2020-12-18 11:18:30:893  检查结果数据
2020-12-18 11:18:30:895  通知桌面显示数据
2020-12-18 11:18:30:913  开始写入数据库
2020-12-18 11:18:30:934  预警及报警参数加载完成
2020-12-18 11:18:30:936  数据库打开成功
2020-12-18 11:18:31:104  train_info数据表写入成功
2020-12-18 11:18:31:106  train_onlyid读取成功
2020-12-18 11:18:31:108  train_data数据表写入成功
2020-12-18 11:18:31:110  vt_info数据表，第0次写入成功
2020-12-18 11:18:31:112  vt_info数据表，第1次写入成功
2020-12-18 11:18:31:114  vt_info数据表，第2次写入成功
2020-12-18 11:18:31:116  vt_info数据表，第3次写入成功
2020-12-18 11:18:31:117  vt_info数据表，第4次写入成功
2020-12-18 11:18:31:119  vt_info数据表，第5次写入成功
2020-12-18 11:18:31:121  vt_info数据表，第6次写入成功
2020-12-18 11:18:31:123  vt_info数据表，第7次写入成功
2020-12-18 11:18:31:125  vt_info数据表，第8次写入成功
2020-12-18 11:18:31:127  vt_info数据表，第9次写入成功
2020-12-18 11:18:31:129  vt_info数据表，第10次写入成功
2020-12-18 11:18:31:131  vt_info数据表，第11次写入成功
2020-12-18 11:18:31:133  vt_info数据表，第12次写入成功
2020-12-18 11:18:31:135  vt_info数据表，第13次写入成功
2020-12-18 11:18:31:138  vt_info数据表，第14次写入成功
2020-12-18 11:18:31:139  vt_info数据表，第15次写入成功
2020-12-18 11:18:31:141  vt_info数据表，第16次写入成功
2020-12-18 11:18:31:143  vt_info数据表，第17次写入成功
2020-12-18 11:18:31:145  vt_info数据表，第18次写入成功
2020-12-18 11:18:31:147  vt_info数据表，第19次写入成功
2020-12-18 11:18:31:149  vt_info数据表，第20次写入成功
2020-12-18 11:18:31:153  vt_info数据表，第21次写入成功
2020-12-18 11:18:31:183  vt_info数据表，第22次写入成功
2020-12-18 11:18:31:204  vt_info数据表，第23次写入成功
2020-12-18 11:18:31:206  vt_info数据表，第24次写入成功
2020-12-18 11:18:31:208  vt_info数据表，第25次写入成功
2020-12-18 11:18:31:232  vt_info数据表，第26次写入成功
2020-12-18 11:18:31:234  vt_info数据表，第27次写入成功
2020-12-18 11:18:31:236  vt_info数据表，第28次写入成功
2020-12-18 11:18:31:238  vt_info数据表，第29次写入成功
2020-12-18 11:18:31:240  vt_info数据表，第30次写入成功
2020-12-18 11:18:31:242  vt_info数据表，第31次写入成功
2020-12-18 11:18:31:244  vt_info数据表，第32次写入成功
2020-12-18 11:18:31:246  vt_info数据表，第33次写入成功
2020-12-18 11:18:31:248  vt_info数据表，第34次写入成功
2020-12-18 11:18:31:250  vt_info数据表，第35次写入成功
2020-12-18 11:18:31:252  vt_info数据表，第36次写入成功
2020-12-18 11:18:31:254  vt_info数据表，第37次写入成功
2020-12-18 11:18:31:256  vt_info数据表，第38次写入成功
2020-12-18 11:18:31:258  vt_info数据表，第39次写入成功
2020-12-18 11:18:31:260  vt_info数据表，第40次写入成功
2020-12-18 11:18:31:262  vt_info数据表，第41次写入成功
2020-12-18 11:18:31:264  vt_info数据表，第42次写入成功
2020-12-18 11:18:31:265  vt_info数据表，第43次写入成功
2020-12-18 11:18:31:267  vt_info数据表，第44次写入成功
2020-12-18 11:18:31:269  vt_info数据表，第45次写入成功
2020-12-18 11:18:31:271  vt_info数据表，第46次写入成功
2020-12-18 11:18:31:342  vt_info数据表，第47次写入成功
2020-12-18 11:18:31:344  motor_info数据表，第0次写入成功
2020-12-18 11:18:31:367  motor_info数据表，第1次写入成功
2020-12-18 11:18:31:369  motor_info数据表，第2次写入成功
2020-12-18 11:18:31:371  motor_info数据表，第3次写入成功
2020-12-18 11:18:31:373  motor_info数据表，第4次写入成功
2020-12-18 11:18:31:375  motor_info数据表，第5次写入成功
2020-12-18 11:18:31:377  motor_info数据表，第6次写入成功
2020-12-18 11:18:31:379  motor_info数据表，第7次写入成功
2020-12-18 11:18:31:380  motor_info数据表，第8次写入成功
2020-12-18 11:18:31:382  motor_info数据表，第9次写入成功
2020-12-18 11:18:31:384  motor_info数据表，第10次写入成功
2020-12-18 11:18:31:386  motor_info数据表，第11次写入成功
2020-12-18 11:18:31:388  motor_info数据表，第12次写入成功
2020-12-18 11:18:31:390  motor_info数据表，第13次写入成功
2020-12-18 11:18:31:392  motor_info数据表，第14次写入成功
2020-12-18 11:18:31:394  motor_info数据表，第15次写入成功
2020-12-18 11:18:31:395  数据库关闭！
2020-12-18 11:22:09:180  收到来车信号，流水号：20201218112209，所有设备开始采集
2020-12-18 11:22:09:364  开启A/D采集
2020-12-18 11:22:34:835  收到离车信号，流水号：20201218112209，线号：14，车号：059060，主控端：0，所有设备停止采集
2020-12-18 11:22:34:861  收到停止采集命令，开始停止采集
2020-12-18 11:22:34:887  停止采集数据
2020-12-18 11:22:34:889  采集连接已断开
2020-12-18 11:22:34:891  开始数据分析和落盘
2020-12-18 11:22:59:523  vibration1完成落盘
2020-12-18 11:23:20:629  vibration2完成落盘
2020-12-18 11:23:41:884  vibration3完成落盘
2020-12-18 11:24:02:574  vibration4完成落盘
2020-12-18 11:24:22:944  vibration5完成落盘
2020-12-18 11:24:42:448  vibration6完成落盘
2020-12-18 11:25:03:985  vibration7完成落盘
2020-12-18 11:25:24:419  vibration8完成落盘
2020-12-18 11:25:44:595  magnetic1完成落盘
2020-12-18 11:26:06:114  magnetic2完成落盘
2020-12-18 11:26:27:105  magnetic3完成落盘
2020-12-18 11:26:47:937  magnetic4完成落盘
2020-12-18 11:27:08:582  temperate1完成落盘
2020-12-18 11:27:29:142  temperate2完成落盘
2020-12-18 11:27:49:738  temperate3完成落盘
2020-12-18 11:28:10:489  temperate4完成落盘
2020-12-18 11:28:10:497  开始处理数据
2020-12-18 11:28:11:484  右侧计算完成
2020-12-18 11:28:11:894  左侧计算完成
2020-12-18 11:28:11:896  检查结果数据
2020-12-18 11:28:11:898  通知桌面显示数据
2020-12-18 11:28:11:915  开始写入数据库
2020-12-18 11:28:12:068  预警及报警参数加载完成
2020-12-18 11:28:12:070  数据库打开成功
2020-12-18 11:28:12:072  train_info数据表写入成功
2020-12-18 11:28:12:073  train_onlyid读取成功
2020-12-18 11:28:12:075  train_data数据表写入成功
2020-12-18 11:28:12:077  vt_info数据表，第0次写入成功
2020-12-18 11:28:12:078  vt_info数据表，第1次写入成功
2020-12-18 11:28:12:080  vt_info数据表，第2次写入成功
2020-12-18 11:28:12:082  vt_info数据表，第3次写入成功
2020-12-18 11:28:12:084  vt_info数据表，第4次写入成功
2020-12-18 11:28:12:085  vt_info数据表，第5次写入成功
2020-12-18 11:28:12:087  vt_info数据表，第6次写入成功
2020-12-18 11:28:12:088  vt_info数据表，第7次写入成功
2020-12-18 11:28:12:090  vt_info数据表，第8次写入成功
2020-12-18 11:28:12:092  vt_info数据表，第9次写入成功
2020-12-18 11:28:12:093  vt_info数据表，第10次写入成功
2020-12-18 11:28:12:095  vt_info数据表，第11次写入成功
2020-12-18 11:28:12:096  vt_info数据表，第12次写入成功
2020-12-18 11:28:12:098  vt_info数据表，第13次写入成功
2020-12-18 11:28:12:148  vt_info数据表，第14次写入成功
2020-12-18 11:28:12:150  vt_info数据表，第15次写入成功
2020-12-18 11:28:12:152  vt_info数据表，第16次写入成功
2020-12-18 11:28:12:154  vt_info数据表，第17次写入成功
2020-12-18 11:28:12:155  vt_info数据表，第18次写入成功
2020-12-18 11:28:12:157  vt_info数据表，第19次写入成功
2020-12-18 11:28:12:159  vt_info数据表，第20次写入成功
2020-12-18 11:28:12:160  vt_info数据表，第21次写入成功
2020-12-18 11:28:12:162  vt_info数据表，第22次写入成功
2020-12-18 11:28:12:163  vt_info数据表，第23次写入成功
2020-12-18 11:28:12:165  vt_info数据表，第24次写入成功
2020-12-18 11:28:12:167  vt_info数据表，第25次写入成功
2020-12-18 11:28:12:169  vt_info数据表，第26次写入成功
2020-12-18 11:28:12:171  vt_info数据表，第27次写入成功
2020-12-18 11:28:12:173  vt_info数据表，第28次写入成功
2020-12-18 11:28:12:211  vt_info数据表，第29次写入成功
2020-12-18 11:28:12:213  vt_info数据表，第30次写入成功
2020-12-18 11:28:12:215  vt_info数据表，第31次写入成功
2020-12-18 11:28:12:217  vt_info数据表，第32次写入成功
2020-12-18 11:28:12:219  vt_info数据表，第33次写入成功
2020-12-18 11:28:12:221  vt_info数据表，第34次写入成功
2020-12-18 11:28:12:223  vt_info数据表，第35次写入成功
2020-12-18 11:28:12:225  vt_info数据表，第36次写入成功
2020-12-18 11:28:12:227  vt_info数据表，第37次写入成功
2020-12-18 11:28:12:229  vt_info数据表，第38次写入成功
2020-12-18 11:28:12:231  vt_info数据表，第39次写入成功
2020-12-18 11:28:12:233  vt_info数据表，第40次写入成功
2020-12-18 11:28:12:234  vt_info数据表，第41次写入成功
2020-12-18 11:28:12:272  vt_info数据表，第42次写入成功
2020-12-18 11:28:12:274  vt_info数据表，第43次写入成功
2020-12-18 11:28:12:277  vt_info数据表，第44次写入成功
2020-12-18 11:28:12:279  vt_info数据表，第45次写入成功
2020-12-18 11:28:12:281  vt_info数据表，第46次写入成功
2020-12-18 11:28:12:282  vt_info数据表，第47次写入成功
2020-12-18 11:28:12:284  motor_info数据表，第0次写入成功
2020-12-18 11:28:12:287  motor_info数据表，第1次写入成功
2020-12-18 11:28:12:356  motor_info数据表，第2次写入成功
2020-12-18 11:28:12:358  motor_info数据表，第3次写入成功
2020-12-18 11:28:12:359  motor_info数据表，第4次写入成功
2020-12-18 11:28:12:361  motor_info数据表，第5次写入成功
2020-12-18 11:28:12:363  motor_info数据表，第6次写入成功
2020-12-18 11:28:12:365  motor_info数据表，第7次写入成功
2020-12-18 11:28:12:367  motor_info数据表，第8次写入成功
2020-12-18 11:28:12:369  motor_info数据表，第9次写入成功
2020-12-18 11:28:12:392  motor_info数据表，第10次写入成功
2020-12-18 11:28:12:394  motor_info数据表，第11次写入成功
2020-12-18 11:28:12:396  motor_info数据表，第12次写入成功
2020-12-18 11:28:12:398  motor_info数据表，第13次写入成功
2020-12-18 11:28:12:400  motor_info数据表，第14次写入成功
2020-12-18 11:28:12:402  motor_info数据表，第15次写入成功
2020-12-18 11:28:12:404  数据库关闭！
2020-12-18 11:32:14:781  收到来车信号，流水号：20201218113214，所有设备开始采集
2020-12-18 11:32:14:966  开启A/D采集
2020-12-18 11:32:40:272  收到离车信号，流水号：20201218113214，线号：14，车号：041042，主控端：1，所有设备停止采集
2020-12-18 11:32:40:293  收到停止采集命令，开始停止采集
2020-12-18 11:32:40:314  停止采集数据
2020-12-18 11:32:40:316  采集连接已断开
2020-12-18 11:32:40:325  开始数据分析和落盘
2020-12-18 11:33:07:309  vibration1完成落盘
2020-12-18 11:33:28:572  vibration2完成落盘
2020-12-18 11:33:51:168  vibration3完成落盘
2020-12-18 11:34:14:729  vibration4完成落盘
2020-12-18 11:34:36:512  vibration5完成落盘
2020-12-18 11:34:59:224  vibration6完成落盘
2020-12-18 11:35:22:834  vibration7完成落盘
2020-12-18 11:35:46:780  vibration8完成落盘
2020-12-18 11:36:09:847  magnetic1完成落盘
2020-12-18 11:36:32:121  magnetic2完成落盘
2020-12-18 11:36:56:110  magnetic3完成落盘
2020-12-18 11:37:18:852  magnetic4完成落盘
2020-12-18 11:37:42:593  temperate1完成落盘
2020-12-18 11:38:04:953  temperate2完成落盘
2020-12-18 11:38:27:985  temperate3完成落盘
2020-12-18 11:38:49:706  temperate4完成落盘
2020-12-18 11:38:49:714  开始处理数据
2020-12-18 11:38:50:788  右侧计算完成
2020-12-18 11:38:51:248  左侧计算完成
2020-12-18 11:38:51:250  检查结果数据
2020-12-18 11:38:51:252  通知桌面显示数据
2020-12-18 11:38:51:269  开始写入数据库
2020-12-18 11:38:51:291  预警及报警参数加载完成
2020-12-18 11:38:51:294  数据库打开成功
2020-12-18 11:38:51:459  train_info数据表写入成功
2020-12-18 11:38:51:461  train_onlyid读取成功
2020-12-18 11:38:51:463  train_data数据表写入成功
2020-12-18 11:38:51:465  vt_info数据表，第0次写入成功
2020-12-18 11:38:51:467  vt_info数据表，第1次写入成功
2020-12-18 11:38:51:469  vt_info数据表，第2次写入成功
2020-12-18 11:38:51:471  vt_info数据表，第3次写入成功
2020-12-18 11:38:51:473  vt_info数据表，第4次写入成功
2020-12-18 11:38:51:475  vt_info数据表，第5次写入成功
2020-12-18 11:38:51:476  vt_info数据表，第6次写入成功
2020-12-18 11:38:51:478  vt_info数据表，第7次写入成功
2020-12-18 11:38:51:481  vt_info数据表，第8次写入成功
2020-12-18 11:38:51:483  vt_info数据表，第9次写入成功
2020-12-18 11:38:51:485  vt_info数据表，第10次写入成功
2020-12-18 11:38:51:487  vt_info数据表，第11次写入成功
2020-12-18 11:38:51:489  vt_info数据表，第12次写入成功
2020-12-18 11:38:51:491  vt_info数据表，第13次写入成功
2020-12-18 11:38:51:493  vt_info数据表，第14次写入成功
2020-12-18 11:38:51:495  vt_info数据表，第15次写入成功
2020-12-18 11:38:51:497  vt_info数据表，第16次写入成功
2020-12-18 11:38:51:499  vt_info数据表，第17次写入成功
2020-12-18 11:38:51:501  vt_info数据表，第18次写入成功
2020-12-18 11:38:51:505  vt_info数据表，第19次写入成功
2020-12-18 11:38:51:534  vt_info数据表，第20次写入成功
2020-12-18 11:38:51:552  vt_info数据表，第21次写入成功
2020-12-18 11:38:51:554  vt_info数据表，第22次写入成功
2020-12-18 11:38:51:556  vt_info数据表，第23次写入成功
2020-12-18 11:38:51:559  vt_info数据表，第24次写入成功
2020-12-18 11:38:51:582  vt_info数据表，第25次写入成功
2020-12-18 11:38:51:584  vt_info数据表，第26次写入成功
2020-12-18 11:38:51:586  vt_info数据表，第27次写入成功
2020-12-18 11:38:51:588  vt_info数据表，第28次写入成功
2020-12-18 11:38:51:590  vt_info数据表，第29次写入成功
2020-12-18 11:38:51:592  vt_info数据表，第30次写入成功
2020-12-18 11:38:51:594  vt_info数据表，第31次写入成功
2020-12-18 11:38:51:596  vt_info数据表，第32次写入成功
2020-12-18 11:38:51:598  vt_info数据表，第33次写入成功
2020-12-18 11:38:51:600  vt_info数据表，第34次写入成功
2020-12-18 11:38:51:602  vt_info数据表，第35次写入成功
2020-12-18 11:38:51:604  vt_info数据表，第36次写入成功
2020-12-18 11:38:51:606  vt_info数据表，第37次写入成功
2020-12-18 11:38:51:607  vt_info数据表，第38次写入成功
2020-12-18 11:38:51:609  vt_info数据表，第39次写入成功
2020-12-18 11:38:51:611  vt_info数据表，第40次写入成功
2020-12-18 11:38:51:613  vt_info数据表，第41次写入成功
2020-12-18 11:38:51:632  vt_info数据表，第42次写入成功
2020-12-18 11:38:51:633  vt_info数据表，第43次写入成功
2020-12-18 11:38:51:635  vt_info数据表，第44次写入成功
2020-12-18 11:38:51:637  vt_info数据表，第45次写入成功
2020-12-18 11:38:51:721  vt_info数据表，第46次写入成功
2020-12-18 11:38:51:723  vt_info数据表，第47次写入成功
2020-12-18 11:38:51:724  motor_info数据表，第0次写入成功
2020-12-18 11:38:51:726  motor_info数据表，第1次写入成功
2020-12-18 11:38:51:728  motor_info数据表，第2次写入成功
2020-12-18 11:38:51:730  motor_info数据表，第3次写入成功
2020-12-18 11:38:51:731  motor_info数据表，第4次写入成功
2020-12-18 11:38:51:733  motor_info数据表，第5次写入成功
2020-12-18 11:38:51:735  motor_info数据表，第6次写入成功
2020-12-18 11:38:51:737  motor_info数据表，第7次写入成功
2020-12-18 11:38:51:739  motor_info数据表，第8次写入成功
2020-12-18 11:38:51:741  motor_info数据表，第9次写入成功
2020-12-18 11:38:51:743  motor_info数据表，第10次写入成功
2020-12-18 11:38:51:745  motor_info数据表，第11次写入成功
2020-12-18 11:38:51:746  motor_info数据表，第12次写入成功
2020-12-18 11:38:51:748  motor_info数据表，第13次写入成功
2020-12-18 11:38:51:750  motor_info数据表，第14次写入成功
2020-12-18 11:38:51:752  motor_info数据表，第15次写入成功
2020-12-18 11:38:51:754  数据库关闭！
2020-12-18 11:42:18:180  收到来车信号，流水号：20201218114218，所有设备开始采集
2020-12-18 11:42:18:365  开启A/D采集
2020-12-18 11:42:43:775  收到离车信号，流水号：20201218114218，线号：14，车号：053054，主控端：0，所有设备停止采集
2020-12-18 11:42:43:800  收到停止采集命令，开始停止采集
2020-12-18 11:42:43:841  停止采集数据
2020-12-18 11:42:43:843  采集连接已断开
2020-12-18 11:42:43:845  开始数据分析和落盘
2020-12-18 11:43:07:786  vibration1完成落盘
2020-12-18 11:43:28:706  vibration2完成落盘
2020-12-18 11:43:48:457  vibration3完成落盘
2020-12-18 11:44:09:609  vibration4完成落盘
2020-12-18 11:44:30:605  vibration5完成落盘
2020-12-18 11:44:51:527  vibration6完成落盘
2020-12-18 11:45:12:208  vibration7完成落盘
2020-12-18 11:45:32:793  vibration8完成落盘
2020-12-18 11:45:54:333  magnetic1完成落盘
2020-12-18 11:46:14:768  magnetic2完成落盘
2020-12-18 11:46:34:152  magnetic3完成落盘
2020-12-18 11:46:55:498  magnetic4完成落盘
2020-12-18 11:47:15:597  temperate1完成落盘
2020-12-18 11:47:36:009  temperate2完成落盘
2020-12-18 11:47:57:171  temperate3完成落盘
2020-12-18 11:48:17:293  temperate4完成落盘
2020-12-18 11:48:17:302  开始处理数据
2020-12-18 11:48:18:281  右侧计算完成
2020-12-18 11:48:18:685  左侧计算完成
2020-12-18 11:48:18:687  检查结果数据
2020-12-18 11:48:18:689  通知桌面显示数据
2020-12-18 11:48:18:706  开始写入数据库
2020-12-18 11:48:18:728  预警及报警参数加载完成
2020-12-18 11:48:18:730  数据库打开成功
2020-12-18 11:48:18:732  train_info数据表写入成功
2020-12-18 11:48:18:898  train_onlyid读取成功
2020-12-18 11:48:18:900  train_data数据表写入成功
2020-12-18 11:48:18:902  vt_info数据表，第0次写入成功
2020-12-18 11:48:18:904  vt_info数据表，第1次写入成功
2020-12-18 11:48:18:906  vt_info数据表，第2次写入成功
2020-12-18 11:48:18:907  vt_info数据表，第3次写入成功
2020-12-18 11:48:18:909  vt_info数据表，第4次写入成功
2020-12-18 11:48:18:911  vt_info数据表，第5次写入成功
2020-12-18 11:48:18:913  vt_info数据表，第6次写入成功
2020-12-18 11:48:18:915  vt_info数据表，第7次写入成功
2020-12-18 11:48:18:917  vt_info数据表，第8次写入成功
2020-12-18 11:48:18:919  vt_info数据表，第9次写入成功
2020-12-18 11:48:18:921  vt_info数据表，第10次写入成功
2020-12-18 11:48:18:922  vt_info数据表，第11次写入成功
2020-12-18 11:48:18:924  vt_info数据表，第12次写入成功
2020-12-18 11:48:18:926  vt_info数据表，第13次写入成功
2020-12-18 11:48:18:929  vt_info数据表，第14次写入成功
2020-12-18 11:48:18:931  vt_info数据表，第15次写入成功
2020-12-18 11:48:18:933  vt_info数据表，第16次写入成功
2020-12-18 11:48:18:935  vt_info数据表，第17次写入成功
2020-12-18 11:48:18:936  vt_info数据表，第18次写入成功
2020-12-18 11:48:18:938  vt_info数据表，第19次写入成功
2020-12-18 11:48:18:940  vt_info数据表，第20次写入成功
2020-12-18 11:48:18:942  vt_info数据表，第21次写入成功
2020-12-18 11:48:18:957  vt_info数据表，第22次写入成功
2020-12-18 11:48:18:979  vt_info数据表，第23次写入成功
2020-12-18 11:48:18:993  vt_info数据表，第24次写入成功
2020-12-18 11:48:19:017  vt_info数据表，第25次写入成功
2020-12-18 11:48:19:019  vt_info数据表，第26次写入成功
2020-12-18 11:48:19:021  vt_info数据表，第27次写入成功
2020-12-18 11:48:19:022  vt_info数据表，第28次写入成功
2020-12-18 11:48:19:024  vt_info数据表，第29次写入成功
2020-12-18 11:48:19:026  vt_info数据表，第30次写入成功
2020-12-18 11:48:19:028  vt_info数据表，第31次写入成功
2020-12-18 11:48:19:030  vt_info数据表，第32次写入成功
2020-12-18 11:48:19:032  vt_info数据表，第33次写入成功
2020-12-18 11:48:19:034  vt_info数据表，第34次写入成功
2020-12-18 11:48:19:036  vt_info数据表，第35次写入成功
2020-12-18 11:48:19:038  vt_info数据表，第36次写入成功
2020-12-18 11:48:19:040  vt_info数据表，第37次写入成功
2020-12-18 11:48:19:042  vt_info数据表，第38次写入成功
2020-12-18 11:48:19:044  vt_info数据表，第39次写入成功
2020-12-18 11:48:19:046  vt_info数据表，第40次写入成功
2020-12-18 11:48:19:048  vt_info数据表，第41次写入成功
2020-12-18 11:48:19:050  vt_info数据表，第42次写入成功
2020-12-18 11:48:19:052  vt_info数据表，第43次写入成功
2020-12-18 11:48:19:054  vt_info数据表，第44次写入成功
2020-12-18 11:48:19:071  vt_info数据表，第45次写入成功
2020-12-18 11:48:19:146  vt_info数据表，第46次写入成功
2020-12-18 11:48:19:148  vt_info数据表，第47次写入成功
2020-12-18 11:48:19:150  motor_info数据表，第0次写入成功
2020-12-18 11:48:19:152  motor_info数据表，第1次写入成功
2020-12-18 11:48:19:154  motor_info数据表，第2次写入成功
2020-12-18 11:48:19:155  motor_info数据表，第3次写入成功
2020-12-18 11:48:19:157  motor_info数据表，第4次写入成功
2020-12-18 11:48:19:159  motor_info数据表，第5次写入成功
2020-12-18 11:48:19:161  motor_info数据表，第6次写入成功
2020-12-18 11:48:19:163  motor_info数据表，第7次写入成功
2020-12-18 11:48:19:165  motor_info数据表，第8次写入成功
2020-12-18 11:48:19:167  motor_info数据表，第9次写入成功
2020-12-18 11:48:19:169  motor_info数据表，第10次写入成功
2020-12-18 11:48:19:171  motor_info数据表，第11次写入成功
2020-12-18 11:48:19:172  motor_info数据表，第12次写入成功
2020-12-18 11:48:19:174  motor_info数据表，第13次写入成功
2020-12-18 11:48:19:176  motor_info数据表，第14次写入成功
2020-12-18 11:48:19:178  motor_info数据表，第15次写入成功
2020-12-18 11:48:19:180  数据库关闭！
2020-12-18 11:52:13:304  收到来车信号，流水号：20201218115213，所有设备开始采集
2020-12-18 11:52:13:490  开启A/D采集
2020-12-18 11:52:39:072  收到离车信号，流水号：20201218115213，线号：14，车号：021022，主控端：0，所有设备停止采集
2020-12-18 11:52:39:097  收到停止采集命令，开始停止采集
2020-12-18 11:52:39:123  停止采集数据
2020-12-18 11:52:39:125  采集连接已断开
2020-12-18 11:52:39:127  开始数据分析和落盘
2020-12-18 11:53:03:322  vibration1完成落盘
2020-12-18 11:53:22:848  vibration2完成落盘
2020-12-18 11:53:44:488  vibration3完成落盘
2020-12-18 11:54:05:729  vibration4完成落盘
2020-12-18 11:54:26:496  vibration5完成落盘
2020-12-18 11:54:47:876  vibration6完成落盘
2020-12-18 11:55:09:170  vibration7完成落盘
2020-12-18 11:55:30:394  vibration8完成落盘
2020-12-18 11:55:50:246  magnetic1完成落盘
2020-12-18 11:56:11:025  magnetic2完成落盘
2020-12-18 11:56:30:417  magnetic3完成落盘
2020-12-18 11:56:51:275  magnetic4完成落盘
2020-12-18 11:57:12:922  temperate1完成落盘
2020-12-18 11:57:32:752  temperate2完成落盘
2020-12-18 11:57:54:022  temperate3完成落盘
2020-12-18 11:58:14:841  temperate4完成落盘
2020-12-18 11:58:14:850  开始处理数据
2020-12-18 11:58:15:882  右侧计算完成
2020-12-18 11:58:16:299  左侧计算完成
2020-12-18 11:58:16:301  检查结果数据
2020-12-18 11:58:16:303  通知桌面显示数据
2020-12-18 11:58:16:321  开始写入数据库
2020-12-18 11:58:16:344  预警及报警参数加载完成
2020-12-18 11:58:16:346  数据库打开成功
2020-12-18 11:58:16:511  train_info数据表写入成功
2020-12-18 11:58:16:513  train_onlyid读取成功
2020-12-18 11:58:16:514  train_data数据表写入成功
2020-12-18 11:58:16:516  vt_info数据表，第0次写入成功
2020-12-18 11:58:16:519  vt_info数据表，第1次写入成功
2020-12-18 11:58:16:521  vt_info数据表，第2次写入成功
2020-12-18 11:58:16:522  vt_info数据表，第3次写入成功
2020-12-18 11:58:16:524  vt_info数据表，第4次写入成功
2020-12-18 11:58:16:526  vt_info数据表，第5次写入成功
2020-12-18 11:58:16:528  vt_info数据表，第6次写入成功
2020-12-18 11:58:16:530  vt_info数据表，第7次写入成功
2020-12-18 11:58:16:532  vt_info数据表，第8次写入成功
2020-12-18 11:58:16:534  vt_info数据表，第9次写入成功
2020-12-18 11:58:16:536  vt_info数据表，第10次写入成功
2020-12-18 11:58:16:538  vt_info数据表，第11次写入成功
2020-12-18 11:58:16:540  vt_info数据表，第12次写入成功
2020-12-18 11:58:16:541  vt_info数据表，第13次写入成功
2020-12-18 11:58:16:559  vt_info数据表，第14次写入成功
2020-12-18 11:58:16:588  vt_info数据表，第15次写入成功
2020-12-18 11:58:16:597  vt_info数据表，第16次写入成功
2020-12-18 11:58:16:599  vt_info数据表，第17次写入成功
2020-12-18 11:58:16:601  vt_info数据表，第18次写入成功
2020-12-18 11:58:16:603  vt_info数据表，第19次写入成功
2020-12-18 11:58:16:605  vt_info数据表，第20次写入成功
2020-12-18 11:58:16:607  vt_info数据表，第21次写入成功
2020-12-18 11:58:16:609  vt_info数据表，第22次写入成功
2020-12-18 11:58:16:611  vt_info数据表，第23次写入成功
2020-12-18 11:58:16:635  vt_info数据表，第24次写入成功
2020-12-18 11:58:16:637  vt_info数据表，第25次写入成功
2020-12-18 11:58:16:639  vt_info数据表，第26次写入成功
2020-12-18 11:58:16:641  vt_info数据表，第27次写入成功
2020-12-18 11:58:16:643  vt_info数据表，第28次写入成功
2020-12-18 11:58:16:645  vt_info数据表，第29次写入成功
2020-12-18 11:58:16:646  vt_info数据表，第30次写入成功
2020-12-18 11:58:16:648  vt_info数据表，第31次写入成功
2020-12-18 11:58:16:650  vt_info数据表，第32次写入成功
2020-12-18 11:58:16:652  vt_info数据表，第33次写入成功
2020-12-18 11:58:16:654  vt_info数据表，第34次写入成功
2020-12-18 11:58:16:656  vt_info数据表，第35次写入成功
2020-12-18 11:58:16:658  vt_info数据表，第36次写入成功
2020-12-18 11:58:16:660  vt_info数据表，第37次写入成功
2020-12-18 11:58:16:662  vt_info数据表，第38次写入成功
2020-12-18 11:58:16:664  vt_info数据表，第39次写入成功
2020-12-18 11:58:16:666  vt_info数据表，第40次写入成功
2020-12-18 11:58:16:668  vt_info数据表，第41次写入成功
2020-12-18 11:58:16:670  vt_info数据表，第42次写入成功
2020-12-18 11:58:16:688  vt_info数据表，第43次写入成功
2020-12-18 11:58:16:690  vt_info数据表，第44次写入成功
2020-12-18 11:58:16:766  vt_info数据表，第45次写入成功
2020-12-18 11:58:16:768  vt_info数据表，第46次写入成功
2020-12-18 11:58:16:770  vt_info数据表，第47次写入成功
2020-12-18 11:58:16:772  motor_info数据表，第0次写入成功
2020-12-18 11:58:16:774  motor_info数据表，第1次写入成功
2020-12-18 11:58:16:776  motor_info数据表，第2次写入成功
2020-12-18 11:58:16:778  motor_info数据表，第3次写入成功
2020-12-18 11:58:16:780  motor_info数据表，第4次写入成功
2020-12-18 11:58:16:781  motor_info数据表，第5次写入成功
2020-12-18 11:58:16:783  motor_info数据表，第6次写入成功
2020-12-18 11:58:16:785  motor_info数据表，第7次写入成功
2020-12-18 11:58:16:788  motor_info数据表，第8次写入成功
2020-12-18 11:58:16:790  motor_info数据表，第9次写入成功
2020-12-18 11:58:16:791  motor_info数据表，第10次写入成功
2020-12-18 11:58:16:793  motor_info数据表，第11次写入成功
2020-12-18 11:58:16:795  motor_info数据表，第12次写入成功
2020-12-18 11:58:16:797  motor_info数据表，第13次写入成功
2020-12-18 11:58:16:809  motor_info数据表，第14次写入成功
2020-12-18 11:58:16:817  motor_info数据表，第15次写入成功
2020-12-18 11:58:16:819  数据库关闭！
