2020-12-19 16:01:20:447  磁钢信号预处理完成，位置标记：1
2020-12-19 16:01:20:533  温度分轮成功，分轮数尺度为：0
2020-12-19 16:01:20:534  m_nAxleMarkG2数据异常，位置标记：1
2020-12-19 16:01:20:535  m_nAxleMarkG2数据不是48个，数据异常，位置标记：1
2020-12-19 16:01:20:554  车速为：inf位置标记为：1
2020-12-19 16:01:20:611  振动有效标记位计算异常，位置标记为：1
2020-12-19 16:01:20:884  磁钢信号预处理完成，位置标记：0
2020-12-19 16:01:20:944  温度分轮成功，分轮数尺度为：0
2020-12-19 16:01:20:945  m_nAxleMarkG2数据异常，位置标记：0
2020-12-19 16:01:20:946  m_nAxleMarkG2数据不是48个，数据异常，位置标记：0
2020-12-19 16:01:20:965  车速为：inf位置标记为：0
2020-12-19 16:01:21:024  振动有效标记位计算异常，位置标记为：0
2020-12-19 16:11:41:832  磁钢信号预处理完成，位置标记：1
2020-12-19 16:11:41:901  温度分轮成功，分轮数尺度为：0
2020-12-19 16:11:41:902  m_nAxleMarkG2数据异常，位置标记：1
2020-12-19 16:11:41:903  m_nAxleMarkG2数据不是48个，数据异常，位置标记：1
2020-12-19 16:11:41:924  车速为：inf位置标记为：1
2020-12-19 16:11:41:990  振动有效标记位计算异常，位置标记为：1
2020-12-19 16:11:42:303  磁钢信号预处理完成，位置标记：0
2020-12-19 16:11:42:373  温度分轮成功，分轮数尺度为：0
2020-12-19 16:11:42:373  m_nAxleMarkG2数据异常，位置标记：0
2020-12-19 16:11:42:374  m_nAxleMarkG2数据不是48个，数据异常，位置标记：0
2020-12-19 16:11:42:395  车速为：inf位置标记为：0
2020-12-19 16:11:42:459  振动有效标记位计算异常，位置标记为：0
2020-12-19 16:21:38:607  磁钢信号预处理完成，位置标记：1
2020-12-19 16:21:38:667  温度分轮成功，分轮数尺度为：0
2020-12-19 16:21:38:667  m_nAxleMarkG2数据异常，位置标记：1
2020-12-19 16:21:38:668  m_nAxleMarkG2数据不是48个，数据异常，位置标记：1
2020-12-19 16:21:38:686  车速为：inf位置标记为：1
2020-12-19 16:21:38:742  振动有效标记位计算异常，位置标记为：1
2020-12-19 16:21:39:003  磁钢信号预处理完成，位置标记：0
2020-12-19 16:21:39:061  温度分轮成功，分轮数尺度为：0
2020-12-19 16:21:39:062  m_nAxleMarkG2数据异常，位置标记：0
2020-12-19 16:21:39:062  m_nAxleMarkG2数据不是48个，数据异常，位置标记：0
2020-12-19 16:21:39:081  车速为：inf位置标记为：0
2020-12-19 16:21:39:136  振动有效标记位计算异常，位置标记为：0
2020-12-19 16:31:27:735  磁钢信号预处理完成，位置标记：1
2020-12-19 16:31:27:797  温度分轮成功，分轮数尺度为：0
2020-12-19 16:31:27:798  m_nAxleMarkG2数据异常，位置标记：1
2020-12-19 16:31:27:799  m_nAxleMarkG2数据不是48个，数据异常，位置标记：1
2020-12-19 16:31:27:818  车速为：inf位置标记为：1
2020-12-19 16:31:27:875  振动有效标记位计算异常，位置标记为：1
2020-12-19 16:31:28:148  磁钢信号预处理完成，位置标记：0
2020-12-19 16:31:28:209  温度分轮成功，分轮数尺度为：0
2020-12-19 16:31:28:210  m_nAxleMarkG2数据异常，位置标记：0
2020-12-19 16:31:28:210  m_nAxleMarkG2数据不是48个，数据异常，位置标记：0
2020-12-19 16:31:28:229  车速为：inf位置标记为：0
2020-12-19 16:31:28:288  振动有效标记位计算异常，位置标记为：0
2020-12-19 16:41:51:180  磁钢信号预处理完成，位置标记：1
2020-12-19 16:41:51:238  温度分轮成功，分轮数尺度为：0
2020-12-19 16:41:51:239  m_nAxleMarkG2数据异常，位置标记：1
2020-12-19 16:41:51:239  m_nAxleMarkG2数据不是48个，数据异常，位置标记：1
2020-12-19 16:41:51:257  车速为：inf位置标记为：1
2020-12-19 16:41:51:308  振动有效标记位计算异常，位置标记为：1
2020-12-19 16:41:51:609  磁钢信号预处理完成，位置标记：0
2020-12-19 16:41:51:679  温度分轮成功，分轮数尺度为：0
2020-12-19 16:41:51:680  m_nAxleMarkG2数据异常，位置标记：0
2020-12-19 16:41:51:681  m_nAxleMarkG2数据不是48个，数据异常，位置标记：0
2020-12-19 16:41:51:703  车速为：inf位置标记为：0
2020-12-19 16:41:51:770  振动有效标记位计算异常，位置标记为：0
2020-12-19 16:51:07:479  磁钢信号预处理完成，位置标记：1
2020-12-19 16:51:07:523  温度分轮成功，分轮数尺度为：0
2020-12-19 16:51:07:524  m_nAxleMarkG2数据异常，位置标记：1
2020-12-19 16:51:07:524  m_nAxleMarkG2数据不是48个，数据异常，位置标记：1
2020-12-19 16:51:07:543  车速为：inf位置标记为：1
2020-12-19 16:51:07:601  振动有效标记位计算异常，位置标记为：1
2020-12-19 16:51:07:876  磁钢信号预处理完成，位置标记：0
2020-12-19 16:51:07:938  温度分轮成功，分轮数尺度为：0
2020-12-19 16:51:07:939  m_nAxleMarkG2数据异常，位置标记：0
2020-12-19 16:51:07:940  m_nAxleMarkG2数据不是48个，数据异常，位置标记：0
2020-12-19 16:51:07:959  车速为：inf位置标记为：0
2020-12-19 16:51:08:017  振动有效标记位计算异常，位置标记为：0
