2020-12-14 15:02:44:996  磁钢信号预处理完成，位置标记：1
2020-12-14 15:02:45:011  温度分轮成功，分轮数尺度为：48
2020-12-14 15:02:45:074  轴承端盖温度特征值计算完成, 位置标记：1
2020-12-14 15:02:45:136  电机温度计算完成, 位置标记：1
2020-12-14 15:02:45:136  电机温度计算完成, 位置标记：1
2020-12-14 15:02:45:136  电机温度计算完成, 位置标记：1
2020-12-14 15:02:45:136  电机温度计算完成, 位置标记：1
2020-12-14 15:02:45:152  电机温度计算完成, 位置标记：1
2020-12-14 15:02:45:152  电机温度计算完成, 位置标记：1
2020-12-14 15:02:45:152  电机温度计算完成, 位置标记：1
2020-12-14 15:02:45:152  电机温度计算完成, 位置标记：1
2020-12-14 15:02:45:152  车速为：36.7673位置标记为：1
2020-12-14 15:02:45:183  振动分轮计算完成, 位置标记：1
2020-12-14 15:02:45:464  振动特征值计算完成, 位置标记：1
2020-12-14 15:02:45:527  磁钢信号预处理完成，位置标记：0
2020-12-14 15:02:45:527  温度分轮成功，分轮数尺度为：48
2020-12-14 15:02:45:605  轴承端盖温度特征值计算完成, 位置标记：0
2020-12-14 15:02:45:667  电机温度计算完成, 位置标记：0
2020-12-14 15:02:45:667  电机温度计算完成, 位置标记：0
2020-12-14 15:02:45:667  电机温度计算完成, 位置标记：0
2020-12-14 15:02:45:667  电机温度计算完成, 位置标记：0
2020-12-14 15:02:45:667  电机温度计算完成, 位置标记：0
2020-12-14 15:02:45:683  电机温度计算完成, 位置标记：0
2020-12-14 15:02:45:683  电机温度计算完成, 位置标记：0
2020-12-14 15:02:45:683  电机温度计算完成, 位置标记：0
2020-12-14 15:02:45:683  车速为：36.7673位置标记为：0
2020-12-14 15:02:45:699  振动分轮计算完成, 位置标记：0
2020-12-14 15:02:45:996  振动特征值计算完成, 位置标记：0
2020-12-14 15:13:16:817  磁钢信号预处理完成，位置标记：1
2020-12-14 15:13:16:833  温度分轮成功，分轮数尺度为：48
2020-12-14 15:13:16:895  轴承端盖温度特征值计算完成, 位置标记：1
2020-12-14 15:13:16:958  电机温度计算完成, 位置标记：1
2020-12-14 15:13:16:958  电机温度计算完成, 位置标记：1
2020-12-14 15:13:16:958  电机温度计算完成, 位置标记：1
2020-12-14 15:13:16:958  电机温度计算完成, 位置标记：1
2020-12-14 15:13:16:973  电机温度计算完成, 位置标记：1
2020-12-14 15:13:16:973  电机温度计算完成, 位置标记：1
2020-12-14 15:13:16:973  电机温度计算完成, 位置标记：1
2020-12-14 15:13:16:973  电机温度计算完成, 位置标记：1
2020-12-14 15:13:16:973  车速为：36.7837位置标记为：1
2020-12-14 15:13:17:005  振动分轮计算完成, 位置标记：1
2020-12-14 15:13:17:286  振动特征值计算完成, 位置标记：1
2020-12-14 15:13:17:333  磁钢信号预处理完成，位置标记：0
2020-12-14 15:13:17:348  温度分轮成功，分轮数尺度为：48
2020-12-14 15:13:17:411  轴承端盖温度特征值计算完成, 位置标记：0
2020-12-14 15:13:17:473  电机温度计算完成, 位置标记：0
2020-12-14 15:13:17:473  电机温度计算完成, 位置标记：0
2020-12-14 15:13:17:473  电机温度计算完成, 位置标记：0
2020-12-14 15:13:17:489  电机温度计算完成, 位置标记：0
2020-12-14 15:13:17:489  电机温度计算完成, 位置标记：0
2020-12-14 15:13:17:489  电机温度计算完成, 位置标记：0
2020-12-14 15:13:17:489  电机温度计算完成, 位置标记：0
2020-12-14 15:13:17:489  电机温度计算完成, 位置标记：0
2020-12-14 15:13:17:489  车速为：36.7837位置标记为：0
2020-12-14 15:13:17:520  振动分轮计算完成, 位置标记：0
2020-12-14 15:13:17:801  振动特征值计算完成, 位置标记：0
2020-12-14 15:23:26:540  磁钢信号预处理完成，位置标记：1
2020-12-14 15:23:26:556  温度分轮成功，分轮数尺度为：48
2020-12-14 15:23:26:618  轴承端盖温度特征值计算完成, 位置标记：1
2020-12-14 15:23:26:681  电机温度计算完成, 位置标记：1
2020-12-14 15:23:26:696  电机温度计算完成, 位置标记：1
2020-12-14 15:23:26:696  电机温度计算完成, 位置标记：1
2020-12-14 15:23:26:696  电机温度计算完成, 位置标记：1
2020-12-14 15:23:26:696  电机温度计算完成, 位置标记：1
2020-12-14 15:23:26:696  电机温度计算完成, 位置标记：1
2020-12-14 15:23:26:712  电机温度计算完成, 位置标记：1
2020-12-14 15:23:26:712  电机温度计算完成, 位置标记：1
2020-12-14 15:23:26:712  车速为：36.8491位置标记为：1
2020-12-14 15:23:26:727  振动分轮计算完成, 位置标记：1
2020-12-14 15:23:27:024  振动特征值计算完成, 位置标记：1
2020-12-14 15:23:27:071  磁钢信号预处理完成，位置标记：0
2020-12-14 15:23:27:087  温度分轮成功，分轮数尺度为：48
2020-12-14 15:23:27:149  轴承端盖温度特征值计算完成, 位置标记：0
2020-12-14 15:23:27:212  电机温度计算完成, 位置标记：0
2020-12-14 15:23:27:212  电机温度计算完成, 位置标记：0
2020-12-14 15:23:27:227  电机温度计算完成, 位置标记：0
2020-12-14 15:23:27:227  电机温度计算完成, 位置标记：0
2020-12-14 15:23:27:227  电机温度计算完成, 位置标记：0
2020-12-14 15:23:27:227  电机温度计算完成, 位置标记：0
2020-12-14 15:23:27:227  电机温度计算完成, 位置标记：0
2020-12-14 15:23:27:243  电机温度计算完成, 位置标记：0
2020-12-14 15:23:27:243  车速为：36.8491位置标记为：0
2020-12-14 15:23:27:259  振动分轮计算完成, 位置标记：0
2020-12-14 15:23:27:540  振动特征值计算完成, 位置标记：0
2020-12-14 15:33:21:723  磁钢信号预处理完成，位置标记：1
2020-12-14 15:33:21:739  温度分轮成功，分轮数尺度为：48
2020-12-14 15:33:21:802  轴承端盖温度特征值计算完成, 位置标记：1
2020-12-14 15:33:21:864  电机温度计算完成, 位置标记：1
2020-12-14 15:33:21:880  电机温度计算完成, 位置标记：1
2020-12-14 15:33:21:880  电机温度计算完成, 位置标记：1
2020-12-14 15:33:21:880  电机温度计算完成, 位置标记：1
2020-12-14 15:33:21:880  电机温度计算完成, 位置标记：1
2020-12-14 15:33:21:880  电机温度计算完成, 位置标记：1
2020-12-14 15:33:21:895  电机温度计算完成, 位置标记：1
2020-12-14 15:33:21:895  电机温度计算完成, 位置标记：1
2020-12-14 15:33:21:895  车速为：36.7021位置标记为：1
2020-12-14 15:33:21:911  振动分轮计算完成, 位置标记：1
2020-12-14 15:33:22:208  振动特征值计算完成, 位置标记：1
2020-12-14 15:33:22:255  磁钢信号预处理完成，位置标记：0
2020-12-14 15:33:22:270  温度分轮成功，分轮数尺度为：48
2020-12-14 15:33:22:333  轴承端盖温度特征值计算完成, 位置标记：0
2020-12-14 15:33:22:395  电机温度计算完成, 位置标记：0
2020-12-14 15:33:22:395  电机温度计算完成, 位置标记：0
2020-12-14 15:33:22:395  电机温度计算完成, 位置标记：0
2020-12-14 15:33:22:411  电机温度计算完成, 位置标记：0
2020-12-14 15:33:22:411  电机温度计算完成, 位置标记：0
2020-12-14 15:33:22:411  电机温度计算完成, 位置标记：0
2020-12-14 15:33:22:411  电机温度计算完成, 位置标记：0
2020-12-14 15:33:22:411  电机温度计算完成, 位置标记：0
2020-12-14 15:33:22:411  车速为：36.7021位置标记为：0
2020-12-14 15:33:22:442  振动分轮计算完成, 位置标记：0
2020-12-14 15:33:22:723  振动特征值计算完成, 位置标记：0
2020-12-14 15:43:15:127  磁钢信号预处理完成，位置标记：1
2020-12-14 15:43:15:142  温度分轮成功，分轮数尺度为：48
2020-12-14 15:43:15:221  轴承端盖温度特征值计算完成, 位置标记：1
2020-12-14 15:43:15:283  电机温度计算完成, 位置标记：1
2020-12-14 15:43:15:283  电机温度计算完成, 位置标记：1
2020-12-14 15:43:15:283  电机温度计算完成, 位置标记：1
2020-12-14 15:43:15:283  电机温度计算完成, 位置标记：1
2020-12-14 15:43:15:283  电机温度计算完成, 位置标记：1
2020-12-14 15:43:15:299  电机温度计算完成, 位置标记：1
2020-12-14 15:43:15:299  电机温度计算完成, 位置标记：1
2020-12-14 15:43:15:299  电机温度计算完成, 位置标记：1
2020-12-14 15:43:15:299  车速为：36.6696位置标记为：1
2020-12-14 15:43:15:314  振动有效标记位计算异常，位置标记为：1
2020-12-14 15:43:15:361  磁钢信号预处理完成，位置标记：0
2020-12-14 15:43:15:377  温度分轮成功，分轮数尺度为：48
2020-12-14 15:43:15:439  轴承端盖温度特征值计算完成, 位置标记：0
2020-12-14 15:43:15:502  电机温度计算完成, 位置标记：0
2020-12-14 15:43:15:502  电机温度计算完成, 位置标记：0
2020-12-14 15:43:15:502  电机温度计算完成, 位置标记：0
2020-12-14 15:43:15:502  电机温度计算完成, 位置标记：0
2020-12-14 15:43:15:517  电机温度计算完成, 位置标记：0
2020-12-14 15:43:15:517  电机温度计算完成, 位置标记：0
2020-12-14 15:43:15:517  电机温度计算完成, 位置标记：0
2020-12-14 15:43:15:517  电机温度计算完成, 位置标记：0
2020-12-14 15:43:15:517  车速为：36.6696位置标记为：0
2020-12-14 15:43:15:533  振动有效标记位计算异常，位置标记为：0
2020-12-14 15:53:16:865  磁钢信号预处理完成，位置标记：1
2020-12-14 15:53:16:880  温度分轮成功，分轮数尺度为：48
2020-12-14 15:53:16:943  轴承端盖温度特征值计算完成, 位置标记：1
2020-12-14 15:53:17:005  电机温度计算完成, 位置标记：1
2020-12-14 15:53:17:021  电机温度计算完成, 位置标记：1
2020-12-14 15:53:17:021  电机温度计算完成, 位置标记：1
2020-12-14 15:53:17:021  电机温度计算完成, 位置标记：1
2020-12-14 15:53:17:021  电机温度计算完成, 位置标记：1
2020-12-14 15:53:17:021  电机温度计算完成, 位置标记：1
2020-12-14 15:53:17:037  电机温度计算完成, 位置标记：1
2020-12-14 15:53:17:037  电机温度计算完成, 位置标记：1
2020-12-14 15:53:17:037  车速为：36.6048位置标记为：1
2020-12-14 15:53:17:052  振动分轮计算完成, 位置标记：1
2020-12-14 15:53:17:334  振动特征值计算完成, 位置标记：1
2020-12-14 15:53:17:396  磁钢信号预处理完成，位置标记：0
2020-12-14 15:53:17:412  温度分轮成功，分轮数尺度为：48
2020-12-14 15:53:17:474  轴承端盖温度特征值计算完成, 位置标记：0
2020-12-14 15:53:17:537  电机温度计算完成, 位置标记：0
2020-12-14 15:53:17:537  电机温度计算完成, 位置标记：0
2020-12-14 15:53:17:537  电机温度计算完成, 位置标记：0
2020-12-14 15:53:17:552  电机温度计算完成, 位置标记：0
2020-12-14 15:53:17:552  电机温度计算完成, 位置标记：0
2020-12-14 15:53:17:552  电机温度计算完成, 位置标记：0
2020-12-14 15:53:17:552  电机温度计算完成, 位置标记：0
2020-12-14 15:53:17:552  电机温度计算完成, 位置标记：0
2020-12-14 15:53:17:552  车速为：36.6048位置标记为：0
2020-12-14 15:53:17:584  振动分轮计算完成, 位置标记：0
2020-12-14 15:53:17:865  振动特征值计算完成, 位置标记：0
