2020-12-26 20:16:50:868  磁钢信号预处理完成，位置标记：1
2020-12-26 20:16:50:886  温度分轮成功，分轮数尺度为：48
2020-12-26 20:16:50:900  轴承端盖温度特征值计算完成, 位置标记：1
2020-12-26 20:16:50:916  电机温度计算完成, 位置标记：1
2020-12-26 20:16:50:920  电机温度计算完成, 位置标记：1
2020-12-26 20:16:50:922  电机温度计算完成, 位置标记：1
2020-12-26 20:16:50:924  电机温度计算完成, 位置标记：1
2020-12-26 20:16:50:928  电机温度计算完成, 位置标记：1
2020-12-26 20:16:50:930  电机温度计算完成, 位置标记：1
2020-12-26 20:16:50:932  电机温度计算完成, 位置标记：1
2020-12-26 20:16:50:934  电机温度计算完成, 位置标记：1
2020-12-26 20:16:50:936  车速为：43.8095位置标记为：1
2020-12-26 20:16:50:974  振动分轮计算完成, 位置标记：1
2020-12-26 20:16:51:188  振动特征值计算完成, 位置标记：1
2020-12-26 20:16:51:262  磁钢信号预处理完成，位置标记：0
2020-12-26 20:16:51:280  温度分轮成功，分轮数尺度为：48
2020-12-26 20:16:51:296  轴承端盖温度特征值计算完成, 位置标记：0
2020-12-26 20:16:51:314  电机温度计算完成, 位置标记：0
2020-12-26 20:16:51:316  电机温度计算完成, 位置标记：0
2020-12-26 20:16:51:318  电机温度计算完成, 位置标记：0
2020-12-26 20:16:51:322  电机温度计算完成, 位置标记：0
2020-12-26 20:16:51:324  电机温度计算完成, 位置标记：0
2020-12-26 20:16:51:326  电机温度计算完成, 位置标记：0
2020-12-26 20:16:51:328  电机温度计算完成, 位置标记：0
2020-12-26 20:16:51:330  电机温度计算完成, 位置标记：0
2020-12-26 20:16:51:332  车速为：43.8095位置标记为：0
2020-12-26 20:16:51:370  振动分轮计算完成, 位置标记：0
2020-12-26 20:16:51:588  振动特征值计算完成, 位置标记：0
2020-12-26 20:23:30:623  磁钢信号预处理完成，位置标记：1
2020-12-26 20:23:30:643  温度分轮成功，分轮数尺度为：48
2020-12-26 20:23:30:661  轴承端盖温度特征值计算完成, 位置标记：1
2020-12-26 20:23:30:679  电机温度计算完成, 位置标记：1
2020-12-26 20:23:30:681  电机温度计算完成, 位置标记：1
2020-12-26 20:23:30:685  电机温度计算完成, 位置标记：1
2020-12-26 20:23:30:687  电机温度计算完成, 位置标记：1
2020-12-26 20:23:30:689  电机温度计算完成, 位置标记：1
2020-12-26 20:23:30:691  电机温度计算完成, 位置标记：1
2020-12-26 20:23:30:693  电机温度计算完成, 位置标记：1
2020-12-26 20:23:30:697  电机温度计算完成, 位置标记：1
2020-12-26 20:23:30:697  车速为：43.4646位置标记为：1
2020-12-26 20:23:30:735  振动分轮计算完成, 位置标记：1
2020-12-26 20:23:30:938  振动特征值计算完成, 位置标记：1
2020-12-26 20:23:31:018  磁钢信号预处理完成，位置标记：0
2020-12-26 20:23:31:036  温度分轮成功，分轮数尺度为：48
2020-12-26 20:23:31:054  轴承端盖温度特征值计算完成, 位置标记：0
2020-12-26 20:23:31:072  电机温度计算完成, 位置标记：0
2020-12-26 20:23:31:074  电机温度计算完成, 位置标记：0
2020-12-26 20:23:31:076  电机温度计算完成, 位置标记：0
2020-12-26 20:23:31:080  电机温度计算完成, 位置标记：0
2020-12-26 20:23:31:082  电机温度计算完成, 位置标记：0
2020-12-26 20:23:31:084  电机温度计算完成, 位置标记：0
2020-12-26 20:23:31:086  电机温度计算完成, 位置标记：0
2020-12-26 20:23:31:090  电机温度计算完成, 位置标记：0
2020-12-26 20:23:31:090  车速为：43.4646位置标记为：0
2020-12-26 20:23:31:128  振动分轮计算完成, 位置标记：0
2020-12-26 20:23:31:312  振动特征值计算完成, 位置标记：0
2020-12-26 20:30:29:809  磁钢信号预处理完成，位置标记：1
2020-12-26 20:30:29:829  温度分轮成功，分轮数尺度为：48
2020-12-26 20:30:29:845  轴承端盖温度特征值计算完成, 位置标记：1
2020-12-26 20:30:29:861  电机温度计算完成, 位置标记：1
2020-12-26 20:30:29:863  电机温度计算完成, 位置标记：1
2020-12-26 20:30:29:865  电机温度计算完成, 位置标记：1
2020-12-26 20:30:29:867  电机温度计算完成, 位置标记：1
2020-12-26 20:30:29:869  电机温度计算完成, 位置标记：1
2020-12-26 20:30:29:873  电机温度计算完成, 位置标记：1
2020-12-26 20:30:29:875  电机温度计算完成, 位置标记：1
2020-12-26 20:30:29:877  电机温度计算完成, 位置标记：1
2020-12-26 20:30:29:877  车速为：43.8095位置标记为：1
2020-12-26 20:30:29:911  振动分轮计算完成, 位置标记：1
2020-12-26 20:30:30:091  振动特征值计算完成, 位置标记：1
2020-12-26 20:30:30:169  磁钢信号预处理完成，位置标记：0
2020-12-26 20:30:30:187  温度分轮成功，分轮数尺度为：48
2020-12-26 20:30:30:201  轴承端盖温度特征值计算完成, 位置标记：0
2020-12-26 20:30:30:213  电机温度计算完成, 位置标记：0
2020-12-26 20:30:30:215  电机温度计算完成, 位置标记：0
2020-12-26 20:30:30:217  电机温度计算完成, 位置标记：0
2020-12-26 20:30:30:219  电机温度计算完成, 位置标记：0
2020-12-26 20:30:30:221  电机温度计算完成, 位置标记：0
2020-12-26 20:30:30:223  电机温度计算完成, 位置标记：0
2020-12-26 20:30:30:225  电机温度计算完成, 位置标记：0
2020-12-26 20:30:30:227  电机温度计算完成, 位置标记：0
2020-12-26 20:30:30:227  车速为：43.8095位置标记为：0
2020-12-26 20:30:30:257  振动分轮计算完成, 位置标记：0
2020-12-26 20:30:30:439  振动特征值计算完成, 位置标记：0
2020-12-26 20:37:03:242  磁钢信号预处理完成，位置标记：1
2020-12-26 20:37:03:258  温度分轮成功，分轮数尺度为：48
2020-12-26 20:37:03:272  轴承端盖温度特征值计算完成, 位置标记：1
2020-12-26 20:37:03:286  电机温度计算完成, 位置标记：1
2020-12-26 20:37:03:288  电机温度计算完成, 位置标记：1
2020-12-26 20:37:03:292  电机温度计算完成, 位置标记：1
2020-12-26 20:37:03:294  电机温度计算完成, 位置标记：1
2020-12-26 20:37:03:296  电机温度计算完成, 位置标记：1
2020-12-26 20:37:03:298  电机温度计算完成, 位置标记：1
2020-12-26 20:37:03:300  电机温度计算完成, 位置标记：1
2020-12-26 20:37:03:302  电机温度计算完成, 位置标记：1
2020-12-26 20:37:03:302  车速为：43.9957位置标记为：1
2020-12-26 20:37:03:332  振动分轮计算完成, 位置标记：1
2020-12-26 20:37:03:528  振动特征值计算完成, 位置标记：1
2020-12-26 20:37:03:604  磁钢信号预处理完成，位置标记：0
2020-12-26 20:37:03:620  温度分轮成功，分轮数尺度为：48
2020-12-26 20:37:03:634  轴承端盖温度特征值计算完成, 位置标记：0
2020-12-26 20:37:03:648  电机温度计算完成, 位置标记：0
2020-12-26 20:37:03:650  电机温度计算完成, 位置标记：0
2020-12-26 20:37:03:652  电机温度计算完成, 位置标记：0
2020-12-26 20:37:03:654  电机温度计算完成, 位置标记：0
2020-12-26 20:37:03:656  电机温度计算完成, 位置标记：0
2020-12-26 20:37:03:658  电机温度计算完成, 位置标记：0
2020-12-26 20:37:03:660  电机温度计算完成, 位置标记：0
2020-12-26 20:37:03:660  电机温度计算完成, 位置标记：0
2020-12-26 20:37:03:662  车速为：43.9957位置标记为：0
2020-12-26 20:37:03:696  振动分轮计算完成, 位置标记：0
2020-12-26 20:37:03:898  振动特征值计算完成, 位置标记：0
2020-12-26 20:43:07:974  磁钢信号预处理完成，位置标记：1
2020-12-26 20:43:07:988  温度分轮成功，分轮数尺度为：48
2020-12-26 20:43:08:004  轴承端盖温度特征值计算完成, 位置标记：1
2020-12-26 20:43:08:016  电机温度计算完成, 位置标记：1
2020-12-26 20:43:08:017  电机温度计算完成, 位置标记：1
2020-12-26 20:43:08:020  电机温度计算完成, 位置标记：1
2020-12-26 20:43:08:022  电机温度计算完成, 位置标记：1
2020-12-26 20:43:08:024  电机温度计算完成, 位置标记：1
2020-12-26 20:43:08:024  电机温度计算完成, 位置标记：1
2020-12-26 20:43:08:026  电机温度计算完成, 位置标记：1
2020-12-26 20:43:08:028  电机温度计算完成, 位置标记：1
2020-12-26 20:43:08:029  车速为：43.8327位置标记为：1
2020-12-26 20:43:08:058  振动分轮计算完成, 位置标记：1
2020-12-26 20:43:08:208  振动特征值计算完成, 位置标记：1
2020-12-26 20:43:08:270  磁钢信号预处理完成，位置标记：0
2020-12-26 20:43:08:284  温度分轮成功，分轮数尺度为：48
2020-12-26 20:43:08:296  轴承端盖温度特征值计算完成, 位置标记：0
2020-12-26 20:43:08:308  电机温度计算完成, 位置标记：0
2020-12-26 20:43:08:310  电机温度计算完成, 位置标记：0
2020-12-26 20:43:08:312  电机温度计算完成, 位置标记：0
2020-12-26 20:43:08:314  电机温度计算完成, 位置标记：0
2020-12-26 20:43:08:316  电机温度计算完成, 位置标记：0
2020-12-26 20:43:08:318  电机温度计算完成, 位置标记：0
2020-12-26 20:43:08:318  电机温度计算完成, 位置标记：0
2020-12-26 20:43:08:320  电机温度计算完成, 位置标记：0
2020-12-26 20:43:08:322  车速为：43.8327位置标记为：0
2020-12-26 20:43:08:348  振动分轮计算完成, 位置标记：0
2020-12-26 20:43:08:492  振动特征值计算完成, 位置标记：0
2020-12-26 20:50:03:773  磁钢信号预处理完成，位置标记：1
2020-12-26 20:50:03:793  温度分轮成功，分轮数尺度为：48
2020-12-26 20:50:03:807  轴承端盖温度特征值计算完成, 位置标记：1
2020-12-26 20:50:03:819  电机温度计算完成, 位置标记：1
2020-12-26 20:50:03:821  电机温度计算完成, 位置标记：1
2020-12-26 20:50:03:823  电机温度计算完成, 位置标记：1
2020-12-26 20:50:03:825  电机温度计算完成, 位置标记：1
2020-12-26 20:50:03:827  电机温度计算完成, 位置标记：1
2020-12-26 20:50:03:829  电机温度计算完成, 位置标记：1
2020-12-26 20:50:03:831  电机温度计算完成, 位置标记：1
2020-12-26 20:50:03:833  电机温度计算完成, 位置标记：1
2020-12-26 20:50:03:833  车速为：43.9257位置标记为：1
2020-12-26 20:50:03:861  振动分轮计算完成, 位置标记：1
2020-12-26 20:50:04:020  振动特征值计算完成, 位置标记：1
2020-12-26 20:50:04:090  磁钢信号预处理完成，位置标记：0
2020-12-26 20:50:04:110  温度分轮成功，分轮数尺度为：48
2020-12-26 20:50:04:126  轴承端盖温度特征值计算完成, 位置标记：0
2020-12-26 20:50:04:142  电机温度计算完成, 位置标记：0
2020-12-26 20:50:04:144  电机温度计算完成, 位置标记：0
2020-12-26 20:50:04:146  电机温度计算完成, 位置标记：0
2020-12-26 20:50:04:148  电机温度计算完成, 位置标记：0
2020-12-26 20:50:04:150  电机温度计算完成, 位置标记：0
2020-12-26 20:50:04:150  电机温度计算完成, 位置标记：0
2020-12-26 20:50:04:152  电机温度计算完成, 位置标记：0
2020-12-26 20:50:04:154  电机温度计算完成, 位置标记：0
2020-12-26 20:50:04:156  车速为：43.9257位置标记为：0
2020-12-26 20:50:04:184  振动分轮计算完成, 位置标记：0
2020-12-26 20:50:04:332  振动特征值计算完成, 位置标记：0
