2020-12-16 21:05:54:222  磁钢信号预处理完成，位置标记：1
2020-12-16 21:05:54:235  温度分轮成功，分轮数尺度为：48
2020-12-16 21:05:54:297  轴承端盖温度特征值计算完成, 位置标记：1
2020-12-16 21:05:54:358  电机温度计算完成, 位置标记：1
2020-12-16 21:05:54:361  电机温度计算完成, 位置标记：1
2020-12-16 21:05:54:365  电机温度计算完成, 位置标记：1
2020-12-16 21:05:54:368  电机温度计算完成, 位置标记：1
2020-12-16 21:05:54:370  电机温度计算完成, 位置标记：1
2020-12-16 21:05:54:373  电机温度计算完成, 位置标记：1
2020-12-16 21:05:54:376  电机温度计算完成, 位置标记：1
2020-12-16 21:05:54:379  电机温度计算完成, 位置标记：1
2020-12-16 21:05:54:381  车速为：36.8655位置标记为：1
2020-12-16 21:05:54:403  振动有效标记位计算异常，位置标记为：1
2020-12-16 21:05:54:457  磁钢信号预处理完成，位置标记：0
2020-12-16 21:05:54:469  温度分轮成功，分轮数尺度为：48
2020-12-16 21:05:54:532  轴承端盖温度特征值计算完成, 位置标记：0
2020-12-16 21:05:54:593  电机温度计算完成, 位置标记：0
2020-12-16 21:05:54:597  电机温度计算完成, 位置标记：0
2020-12-16 21:05:54:600  电机温度计算完成, 位置标记：0
2020-12-16 21:05:54:603  电机温度计算完成, 位置标记：0
2020-12-16 21:05:54:606  电机温度计算完成, 位置标记：0
2020-12-16 21:05:54:609  电机温度计算完成, 位置标记：0
2020-12-16 21:05:54:611  电机温度计算完成, 位置标记：0
2020-12-16 21:05:54:614  电机温度计算完成, 位置标记：0
2020-12-16 21:05:54:615  车速为：36.8655位置标记为：0
2020-12-16 21:05:54:639  振动有效标记位计算异常，位置标记为：0
2020-12-16 21:18:00:451  磁钢信号预处理完成，位置标记：1
2020-12-16 21:18:00:461  温度分轮成功，分轮数尺度为：48
2020-12-16 21:18:00:516  轴承端盖温度特征值计算完成, 位置标记：1
2020-12-16 21:18:00:567  电机温度计算完成, 位置标记：1
2020-12-16 21:18:00:570  电机温度计算完成, 位置标记：1
2020-12-16 21:18:00:572  电机温度计算完成, 位置标记：1
2020-12-16 21:18:00:575  电机温度计算完成, 位置标记：1
2020-12-16 21:18:00:578  电机温度计算完成, 位置标记：1
2020-12-16 21:18:00:580  电机温度计算完成, 位置标记：1
2020-12-16 21:18:00:582  电机温度计算完成, 位置标记：1
2020-12-16 21:18:00:584  电机温度计算完成, 位置标记：1
2020-12-16 21:18:00:585  车速为：36.882位置标记为：1
2020-12-16 21:18:00:605  振动分轮计算完成, 位置标记：1
2020-12-16 21:18:00:879  振动特征值计算完成, 位置标记：1
2020-12-16 21:18:00:930  磁钢信号预处理完成，位置标记：0
2020-12-16 21:18:00:941  温度分轮成功，分轮数尺度为：48
2020-12-16 21:18:00:996  轴承端盖温度特征值计算完成, 位置标记：0
2020-12-16 21:18:01:048  电机温度计算完成, 位置标记：0
2020-12-16 21:18:01:051  电机温度计算完成, 位置标记：0
2020-12-16 21:18:01:054  电机温度计算完成, 位置标记：0
2020-12-16 21:18:01:057  电机温度计算完成, 位置标记：0
2020-12-16 21:18:01:059  电机温度计算完成, 位置标记：0
2020-12-16 21:18:01:061  电机温度计算完成, 位置标记：0
2020-12-16 21:18:01:063  电机温度计算完成, 位置标记：0
2020-12-16 21:18:01:065  电机温度计算完成, 位置标记：0
2020-12-16 21:18:01:067  车速为：36.882位置标记为：0
2020-12-16 21:18:01:085  振动分轮计算完成, 位置标记：0
2020-12-16 21:18:01:310  振动特征值计算完成, 位置标记：0
2020-12-16 21:29:02:743  磁钢信号预处理完成，位置标记：1
2020-12-16 21:29:02:756  温度分轮成功，分轮数尺度为：48
2020-12-16 21:29:02:818  轴承端盖温度特征值计算完成, 位置标记：1
2020-12-16 21:29:02:868  电机温度计算完成, 位置标记：1
2020-12-16 21:29:02:871  电机温度计算完成, 位置标记：1
2020-12-16 21:29:02:873  电机温度计算完成, 位置标记：1
2020-12-16 21:29:02:875  电机温度计算完成, 位置标记：1
2020-12-16 21:29:02:878  电机温度计算完成, 位置标记：1
2020-12-16 21:29:02:880  电机温度计算完成, 位置标记：1
2020-12-16 21:29:02:882  电机温度计算完成, 位置标记：1
2020-12-16 21:29:02:884  电机温度计算完成, 位置标记：1
2020-12-16 21:29:02:885  车速为：36.9808位置标记为：1
2020-12-16 21:29:02:902  振动分轮计算完成, 位置标记：1
2020-12-16 21:29:03:107  振动特征值计算完成, 位置标记：1
2020-12-16 21:29:03:147  磁钢信号预处理完成，位置标记：0
2020-12-16 21:29:03:156  温度分轮成功，分轮数尺度为：48
2020-12-16 21:29:03:202  轴承端盖温度特征值计算完成, 位置标记：0
2020-12-16 21:29:03:245  电机温度计算完成, 位置标记：0
2020-12-16 21:29:03:247  电机温度计算完成, 位置标记：0
2020-12-16 21:29:03:250  电机温度计算完成, 位置标记：0
2020-12-16 21:29:03:252  电机温度计算完成, 位置标记：0
2020-12-16 21:29:03:254  电机温度计算完成, 位置标记：0
2020-12-16 21:29:03:256  电机温度计算完成, 位置标记：0
2020-12-16 21:29:03:258  电机温度计算完成, 位置标记：0
2020-12-16 21:29:03:259  电机温度计算完成, 位置标记：0
2020-12-16 21:29:03:261  车速为：36.9808位置标记为：0
2020-12-16 21:29:03:276  振动分轮计算完成, 位置标记：0
2020-12-16 21:29:03:511  振动特征值计算完成, 位置标记：0
2020-12-16 21:41:14:072  磁钢信号预处理完成，位置标记：1
2020-12-16 21:41:14:084  温度分轮成功，分轮数尺度为：48
2020-12-16 21:41:14:153  轴承端盖温度特征值计算完成, 位置标记：1
2020-12-16 21:41:14:219  电机温度计算完成, 位置标记：1
2020-12-16 21:41:14:222  电机温度计算完成, 位置标记：1
2020-12-16 21:41:14:226  电机温度计算完成, 位置标记：1
2020-12-16 21:41:14:229  电机温度计算完成, 位置标记：1
2020-12-16 21:41:14:231  电机温度计算完成, 位置标记：1
2020-12-16 21:41:14:234  电机温度计算完成, 位置标记：1
2020-12-16 21:41:14:237  电机温度计算完成, 位置标记：1
2020-12-16 21:41:14:240  电机温度计算完成, 位置标记：1
2020-12-16 21:41:14:241  车速为：36.4597位置标记为：1
2020-12-16 21:41:14:264  振动分轮计算完成, 位置标记：1
2020-12-16 21:41:14:554  振动特征值计算完成, 位置标记：1
2020-12-16 21:41:14:609  磁钢信号预处理完成，位置标记：0
2020-12-16 21:41:14:622  温度分轮成功，分轮数尺度为：48
2020-12-16 21:41:14:689  轴承端盖温度特征值计算完成, 位置标记：0
2020-12-16 21:41:14:754  电机温度计算完成, 位置标记：0
2020-12-16 21:41:14:758  电机温度计算完成, 位置标记：0
2020-12-16 21:41:14:761  电机温度计算完成, 位置标记：0
2020-12-16 21:41:14:764  电机温度计算完成, 位置标记：0
2020-12-16 21:41:14:767  电机温度计算完成, 位置标记：0
2020-12-16 21:41:14:770  电机温度计算完成, 位置标记：0
2020-12-16 21:41:14:772  电机温度计算完成, 位置标记：0
2020-12-16 21:41:14:775  电机温度计算完成, 位置标记：0
2020-12-16 21:41:14:777  车速为：36.4597位置标记为：0
2020-12-16 21:41:14:800  振动分轮计算完成, 位置标记：0
2020-12-16 21:41:15:090  振动特征值计算完成, 位置标记：0
2020-12-16 21:53:05:899  磁钢信号预处理完成，位置标记：1
2020-12-16 21:53:05:912  温度分轮成功，分轮数尺度为：48
2020-12-16 21:53:05:977  轴承端盖温度特征值计算完成, 位置标记：1
2020-12-16 21:53:06:037  电机温度计算完成, 位置标记：1
2020-12-16 21:53:06:040  电机温度计算完成, 位置标记：1
2020-12-16 21:53:06:042  电机温度计算完成, 位置标记：1
2020-12-16 21:53:06:045  电机温度计算完成, 位置标记：1
2020-12-16 21:53:06:048  电机温度计算完成, 位置标记：1
2020-12-16 21:53:06:051  电机温度计算完成, 位置标记：1
2020-12-16 21:53:06:053  电机温度计算完成, 位置标记：1
2020-12-16 21:53:06:055  电机温度计算完成, 位置标记：1
2020-12-16 21:53:06:057  车速为：36.7184位置标记为：1
2020-12-16 21:53:06:078  振动分轮计算完成, 位置标记：1
2020-12-16 21:53:06:364  振动特征值计算完成, 位置标记：1
2020-12-16 21:53:06:414  磁钢信号预处理完成，位置标记：0
2020-12-16 21:53:06:425  温度分轮成功，分轮数尺度为：48
2020-12-16 21:53:06:484  轴承端盖温度特征值计算完成, 位置标记：0
2020-12-16 21:53:06:539  电机温度计算完成, 位置标记：0
2020-12-16 21:53:06:542  电机温度计算完成, 位置标记：0
2020-12-16 21:53:06:545  电机温度计算完成, 位置标记：0
2020-12-16 21:53:06:547  电机温度计算完成, 位置标记：0
2020-12-16 21:53:06:550  电机温度计算完成, 位置标记：0
2020-12-16 21:53:06:552  电机温度计算完成, 位置标记：0
2020-12-16 21:53:06:554  电机温度计算完成, 位置标记：0
2020-12-16 21:53:06:557  电机温度计算完成, 位置标记：0
2020-12-16 21:53:06:558  车速为：36.7184位置标记为：0
2020-12-16 21:53:06:578  振动分轮计算完成, 位置标记：0
2020-12-16 21:53:06:803  振动特征值计算完成, 位置标记：0
