2020-12-28 09:00:00:799  vibration4完成落盘
2020-12-28 09:00:04:364  vibration5完成落盘
2020-12-28 09:00:07:781  vibration6完成落盘
2020-12-28 09:00:10:984  vibration7完成落盘
2020-12-28 09:00:14:049  vibration8完成落盘
2020-12-28 09:00:17:168  magnetic1完成落盘
2020-12-28 09:00:20:532  magnetic2完成落盘
2020-12-28 09:00:23:590  magnetic3完成落盘
2020-12-28 09:00:27:298  magnetic4完成落盘
2020-12-28 09:00:30:879  temperate1完成落盘
2020-12-28 09:00:34:439  temperate2完成落盘
2020-12-28 09:00:37:549  temperate3完成落盘
2020-12-28 09:00:40:973  temperate4完成落盘
2020-12-28 09:00:40:981  开始处理数据
2020-12-28 09:00:41:526  右侧计算完成
2020-12-28 09:00:41:883  左侧计算完成
2020-12-28 09:00:41:885  检查结果数据
2020-12-28 09:00:41:887  通知桌面显示数据
2020-12-28 09:00:41:904  开始写入数据库
2020-12-28 09:00:41:924  预警及报警参数加载完成
2020-12-28 09:00:41:926  数据库打开成功
2020-12-28 09:00:41:928  train_info数据表写入成功
2020-12-28 09:00:42:058  train_onlyid读取成功
2020-12-28 09:00:42:063  train_data数据表写入成功
2020-12-28 09:00:42:066  vt_info数据表，第0次写入成功
2020-12-28 09:00:42:070  vt_info数据表，第1次写入成功
2020-12-28 09:00:42:074  vt_info数据表，第2次写入成功
2020-12-28 09:00:42:077  vt_info数据表，第3次写入成功
2020-12-28 09:00:42:081  vt_info数据表，第4次写入成功
2020-12-28 09:00:42:085  vt_info数据表，第5次写入成功
2020-12-28 09:00:42:089  vt_info数据表，第6次写入成功
2020-12-28 09:00:42:092  vt_info数据表，第7次写入成功
2020-12-28 09:00:42:096  vt_info数据表，第8次写入成功
2020-12-28 09:00:42:100  vt_info数据表，第9次写入成功
2020-12-28 09:00:42:103  vt_info数据表，第10次写入成功
2020-12-28 09:00:42:107  vt_info数据表，第11次写入成功
2020-12-28 09:00:42:111  vt_info数据表，第12次写入成功
2020-12-28 09:00:42:115  vt_info数据表，第13次写入成功
2020-12-28 09:00:42:118  vt_info数据表，第14次写入成功
2020-12-28 09:00:42:122  vt_info数据表，第15次写入成功
2020-12-28 09:00:42:125  vt_info数据表，第16次写入成功
2020-12-28 09:00:42:129  vt_info数据表，第17次写入成功
2020-12-28 09:00:42:133  vt_info数据表，第18次写入成功
2020-12-28 09:00:42:137  vt_info数据表，第19次写入成功
2020-12-28 09:00:42:140  vt_info数据表，第20次写入成功
2020-12-28 09:00:42:144  vt_info数据表，第21次写入成功
2020-12-28 09:00:42:148  vt_info数据表，第22次写入成功
2020-12-28 09:00:42:151  vt_info数据表，第23次写入成功
2020-12-28 09:00:42:156  vt_info数据表，第24次写入成功
2020-12-28 09:00:42:160  vt_info数据表，第25次写入成功
2020-12-28 09:00:42:162  vt_info数据表，第26次写入成功
2020-12-28 09:00:42:167  vt_info数据表，第27次写入成功
2020-12-28 09:00:42:171  vt_info数据表，第28次写入成功
2020-12-28 09:00:42:174  vt_info数据表，第29次写入成功
2020-12-28 09:00:42:178  vt_info数据表，第30次写入成功
2020-12-28 09:00:42:182  vt_info数据表，第31次写入成功
2020-12-28 09:00:42:185  vt_info数据表，第32次写入成功
2020-12-28 09:00:42:189  vt_info数据表，第33次写入成功
2020-12-28 09:00:42:193  vt_info数据表，第34次写入成功
2020-12-28 09:00:42:196  vt_info数据表，第35次写入成功
2020-12-28 09:00:42:200  vt_info数据表，第36次写入成功
2020-12-28 09:00:42:204  vt_info数据表，第37次写入成功
2020-12-28 09:00:42:207  vt_info数据表，第38次写入成功
2020-12-28 09:00:42:211  vt_info数据表，第39次写入成功
2020-12-28 09:00:42:215  vt_info数据表，第40次写入成功
2020-12-28 09:00:42:219  vt_info数据表，第41次写入成功
2020-12-28 09:00:42:222  vt_info数据表，第42次写入成功
2020-12-28 09:00:42:226  vt_info数据表，第43次写入成功
2020-12-28 09:00:42:230  vt_info数据表，第44次写入成功
2020-12-28 09:00:42:233  vt_info数据表，第45次写入成功
2020-12-28 09:00:42:237  vt_info数据表，第46次写入成功
2020-12-28 09:00:42:241  vt_info数据表，第47次写入成功
2020-12-28 09:00:42:243  motor_info数据表，第0次写入成功
2020-12-28 09:00:42:246  motor_info数据表，第1次写入成功
2020-12-28 09:00:42:249  motor_info数据表，第2次写入成功
2020-12-28 09:00:42:251  motor_info数据表，第3次写入成功
2020-12-28 09:00:42:254  motor_info数据表，第4次写入成功
2020-12-28 09:00:42:257  motor_info数据表，第5次写入成功
2020-12-28 09:00:42:260  motor_info数据表，第6次写入成功
2020-12-28 09:00:42:262  motor_info数据表，第7次写入成功
2020-12-28 09:00:42:265  motor_info数据表，第8次写入成功
2020-12-28 09:00:42:268  motor_info数据表，第9次写入成功
2020-12-28 09:00:42:271  motor_info数据表，第10次写入成功
2020-12-28 09:00:42:273  motor_info数据表，第11次写入成功
2020-12-28 09:00:42:276  motor_info数据表，第12次写入成功
2020-12-28 09:00:42:279  motor_info数据表，第13次写入成功
2020-12-28 09:00:42:281  motor_info数据表，第14次写入成功
2020-12-28 09:00:42:294  motor_info数据表，第15次写入成功
2020-12-28 09:00:42:296  数据库关闭！
2020-12-28 09:07:28:209  收到来车信号，流水号：20201228090728，所有设备开始采集
2020-12-28 09:07:28:256  开启A/D采集
2020-12-28 09:07:49:609  收到离车信号，流水号：20201228090728，线号：14，车号：029030，主控端：1，所有设备停止采集
2020-12-28 09:07:49:610  收到停止采集命令，开始停止采集
2020-12-28 09:07:49:614  停止采集数据
2020-12-28 09:07:49:616  采集连接已断开
2020-12-28 09:07:49:618  开始数据分析和落盘
2020-12-28 09:07:53:630  vibration1完成落盘
2020-12-28 09:07:56:834  vibration2完成落盘
2020-12-28 09:08:00:427  vibration3完成落盘
2020-12-28 09:08:03:847  vibration4完成落盘
2020-12-28 09:08:06:810  vibration5完成落盘
2020-12-28 09:08:10:298  vibration6完成落盘
2020-12-28 09:08:13:978  vibration7完成落盘
2020-12-28 09:08:17:147  vibration8完成落盘
2020-12-28 09:08:20:160  magnetic1完成落盘
2020-12-28 09:08:23:611  magnetic2完成落盘
2020-12-28 09:08:26:889  magnetic3完成落盘
2020-12-28 09:08:30:392  magnetic4完成落盘
2020-12-28 09:08:33:897  temperate1完成落盘
2020-12-28 09:08:37:285  temperate2完成落盘
2020-12-28 09:08:40:437  temperate3完成落盘
2020-12-28 09:08:43:695  temperate4完成落盘
2020-12-28 09:08:43:705  开始处理数据
2020-12-28 09:08:44:214  右侧计算完成
2020-12-28 09:08:44:598  左侧计算完成
2020-12-28 09:08:44:600  检查结果数据
2020-12-28 09:08:44:602  通知桌面显示数据
2020-12-28 09:08:44:619  开始写入数据库
2020-12-28 09:08:44:640  预警及报警参数加载完成
2020-12-28 09:08:44:642  数据库打开成功
2020-12-28 09:08:44:644  train_info数据表写入成功
2020-12-28 09:08:44:779  train_onlyid读取成功
2020-12-28 09:08:44:783  train_data数据表写入成功
2020-12-28 09:08:44:787  vt_info数据表，第0次写入成功
2020-12-28 09:08:44:790  vt_info数据表，第1次写入成功
2020-12-28 09:08:44:794  vt_info数据表，第2次写入成功
2020-12-28 09:08:44:797  vt_info数据表，第3次写入成功
2020-12-28 09:08:44:801  vt_info数据表，第4次写入成功
2020-12-28 09:08:44:804  vt_info数据表，第5次写入成功
2020-12-28 09:08:44:808  vt_info数据表，第6次写入成功
2020-12-28 09:08:44:812  vt_info数据表，第7次写入成功
2020-12-28 09:08:44:815  vt_info数据表，第8次写入成功
2020-12-28 09:08:44:819  vt_info数据表，第9次写入成功
2020-12-28 09:08:44:822  vt_info数据表，第10次写入成功
2020-12-28 09:08:44:825  vt_info数据表，第11次写入成功
2020-12-28 09:08:44:829  vt_info数据表，第12次写入成功
2020-12-28 09:08:44:833  vt_info数据表，第13次写入成功
2020-12-28 09:08:44:836  vt_info数据表，第14次写入成功
2020-12-28 09:08:44:840  vt_info数据表，第15次写入成功
2020-12-28 09:08:44:844  vt_info数据表，第16次写入成功
2020-12-28 09:08:44:847  vt_info数据表，第17次写入成功
2020-12-28 09:08:44:851  vt_info数据表，第18次写入成功
2020-12-28 09:08:44:854  vt_info数据表，第19次写入成功
2020-12-28 09:08:44:858  vt_info数据表，第20次写入成功
2020-12-28 09:08:44:862  vt_info数据表，第21次写入成功
2020-12-28 09:08:44:865  vt_info数据表，第22次写入成功
2020-12-28 09:08:44:869  vt_info数据表，第23次写入成功
2020-12-28 09:08:44:873  vt_info数据表，第24次写入成功
2020-12-28 09:08:44:876  vt_info数据表，第25次写入成功
2020-12-28 09:08:44:880  vt_info数据表，第26次写入成功
2020-12-28 09:08:44:883  vt_info数据表，第27次写入成功
2020-12-28 09:08:44:887  vt_info数据表，第28次写入成功
2020-12-28 09:08:44:891  vt_info数据表，第29次写入成功
2020-12-28 09:08:44:894  vt_info数据表，第30次写入成功
2020-12-28 09:08:44:898  vt_info数据表，第31次写入成功
2020-12-28 09:08:44:902  vt_info数据表，第32次写入成功
2020-12-28 09:08:44:906  vt_info数据表，第33次写入成功
2020-12-28 09:08:44:910  vt_info数据表，第34次写入成功
2020-12-28 09:08:44:913  vt_info数据表，第35次写入成功
2020-12-28 09:08:44:917  vt_info数据表，第36次写入成功
2020-12-28 09:08:44:921  vt_info数据表，第37次写入成功
2020-12-28 09:08:44:924  vt_info数据表，第38次写入成功
2020-12-28 09:08:44:928  vt_info数据表，第39次写入成功
2020-12-28 09:08:44:932  vt_info数据表，第40次写入成功
2020-12-28 09:08:44:935  vt_info数据表，第41次写入成功
2020-12-28 09:08:44:939  vt_info数据表，第42次写入成功
2020-12-28 09:08:44:943  vt_info数据表，第43次写入成功
2020-12-28 09:08:44:946  vt_info数据表，第44次写入成功
2020-12-28 09:08:44:953  vt_info数据表，第45次写入成功
2020-12-28 09:08:44:957  vt_info数据表，第46次写入成功
2020-12-28 09:08:44:960  vt_info数据表，第47次写入成功
2020-12-28 09:08:44:963  motor_info数据表，第0次写入成功
2020-12-28 09:08:44:966  motor_info数据表，第1次写入成功
2020-12-28 09:08:44:968  motor_info数据表，第2次写入成功
2020-12-28 09:08:44:971  motor_info数据表，第3次写入成功
2020-12-28 09:08:44:974  motor_info数据表，第4次写入成功
2020-12-28 09:08:44:976  motor_info数据表，第5次写入成功
2020-12-28 09:08:44:979  motor_info数据表，第6次写入成功
2020-12-28 09:08:44:982  motor_info数据表，第7次写入成功
2020-12-28 09:08:44:984  motor_info数据表，第8次写入成功
2020-12-28 09:08:44:987  motor_info数据表，第9次写入成功
2020-12-28 09:08:44:990  motor_info数据表，第10次写入成功
2020-12-28 09:08:44:993  motor_info数据表，第11次写入成功
2020-12-28 09:08:44:995  motor_info数据表，第12次写入成功
2020-12-28 09:08:44:998  motor_info数据表，第13次写入成功
2020-12-28 09:08:45:001  motor_info数据表，第14次写入成功
2020-12-28 09:08:45:013  motor_info数据表，第15次写入成功
2020-12-28 09:08:45:014  数据库关闭！
2020-12-28 09:13:28:511  收到来车信号，流水号：20201228091328，所有设备开始采集
2020-12-28 09:13:28:558  开启A/D采集
2020-12-28 09:13:49:609  收到离车信号，流水号：20201228091328，线号：14，车号：025026，主控端：0，所有设备停止采集
2020-12-28 09:13:49:611  收到停止采集命令，开始停止采集
2020-12-28 09:13:49:615  停止采集数据
2020-12-28 09:13:49:617  采集连接已断开
2020-12-28 09:13:49:619  开始数据分析和落盘
2020-12-28 09:13:53:028  vibration1完成落盘
2020-12-28 09:13:56:377  vibration2完成落盘
2020-12-28 09:13:59:905  vibration3完成落盘
2020-12-28 09:14:03:262  vibration4完成落盘
2020-12-28 09:14:06:157  vibration5完成落盘
2020-12-28 09:14:09:686  vibration6完成落盘
2020-12-28 09:14:13:413  vibration7完成落盘
2020-12-28 09:14:16:807  vibration8完成落盘
2020-12-28 09:14:19:712  magnetic1完成落盘
2020-12-28 09:14:22:936  magnetic2完成落盘
2020-12-28 09:14:26:337  magnetic3完成落盘
2020-12-28 09:14:29:826  magnetic4完成落盘
2020-12-28 09:14:33:406  temperate1完成落盘
2020-12-28 09:14:36:835  temperate2完成落盘
2020-12-28 09:14:40:206  temperate3完成落盘
2020-12-28 09:14:43:473  temperate4完成落盘
2020-12-28 09:14:43:482  开始处理数据
2020-12-28 09:14:43:999  右侧计算完成
2020-12-28 09:14:44:393  左侧计算完成
2020-12-28 09:14:44:395  检查结果数据
2020-12-28 09:14:44:397  通知桌面显示数据
2020-12-28 09:14:44:413  开始写入数据库
2020-12-28 09:14:44:435  预警及报警参数加载完成
2020-12-28 09:14:44:437  数据库打开成功
2020-12-28 09:14:44:439  train_info数据表写入成功
2020-12-28 09:14:44:567  train_onlyid读取成功
2020-12-28 09:14:44:572  train_data数据表写入成功
2020-12-28 09:14:44:576  vt_info数据表，第0次写入成功
2020-12-28 09:14:44:579  vt_info数据表，第1次写入成功
2020-12-28 09:14:44:583  vt_info数据表，第2次写入成功
2020-12-28 09:14:44:587  vt_info数据表，第3次写入成功
2020-12-28 09:14:44:590  vt_info数据表，第4次写入成功
2020-12-28 09:14:44:594  vt_info数据表，第5次写入成功
2020-12-28 09:14:44:597  vt_info数据表，第6次写入成功
2020-12-28 09:14:44:601  vt_info数据表，第7次写入成功
2020-12-28 09:14:44:605  vt_info数据表，第8次写入成功
2020-12-28 09:14:44:609  vt_info数据表，第9次写入成功
2020-12-28 09:14:44:612  vt_info数据表，第10次写入成功
2020-12-28 09:14:44:616  vt_info数据表，第11次写入成功
2020-12-28 09:14:44:620  vt_info数据表，第12次写入成功
2020-12-28 09:14:44:623  vt_info数据表，第13次写入成功
2020-12-28 09:14:44:627  vt_info数据表，第14次写入成功
2020-12-28 09:14:44:631  vt_info数据表，第15次写入成功
2020-12-28 09:14:44:635  vt_info数据表，第16次写入成功
2020-12-28 09:14:44:639  vt_info数据表，第17次写入成功
2020-12-28 09:14:44:642  vt_info数据表，第18次写入成功
2020-12-28 09:14:44:646  vt_info数据表，第19次写入成功
2020-12-28 09:14:44:650  vt_info数据表，第20次写入成功
2020-12-28 09:14:44:653  vt_info数据表，第21次写入成功
2020-12-28 09:14:44:657  vt_info数据表，第22次写入成功
2020-12-28 09:14:44:661  vt_info数据表，第23次写入成功
2020-12-28 09:14:44:664  vt_info数据表，第24次写入成功
2020-12-28 09:14:44:668  vt_info数据表，第25次写入成功
2020-12-28 09:14:44:672  vt_info数据表，第26次写入成功
2020-12-28 09:14:44:675  vt_info数据表，第27次写入成功
2020-12-28 09:14:44:679  vt_info数据表，第28次写入成功
2020-12-28 09:14:44:683  vt_info数据表，第29次写入成功
2020-12-28 09:14:44:687  vt_info数据表，第30次写入成功
2020-12-28 09:14:44:691  vt_info数据表，第31次写入成功
2020-12-28 09:14:44:694  vt_info数据表，第32次写入成功
2020-12-28 09:14:44:698  vt_info数据表，第33次写入成功
2020-12-28 09:14:44:702  vt_info数据表，第34次写入成功
2020-12-28 09:14:44:705  vt_info数据表，第35次写入成功
2020-12-28 09:14:44:709  vt_info数据表，第36次写入成功
2020-12-28 09:14:44:713  vt_info数据表，第37次写入成功
2020-12-28 09:14:44:717  vt_info数据表，第38次写入成功
2020-12-28 09:14:44:720  vt_info数据表，第39次写入成功
2020-12-28 09:14:44:724  vt_info数据表，第40次写入成功
2020-12-28 09:14:44:728  vt_info数据表，第41次写入成功
2020-12-28 09:14:44:731  vt_info数据表，第42次写入成功
2020-12-28 09:14:44:735  vt_info数据表，第43次写入成功
2020-12-28 09:14:44:739  vt_info数据表，第44次写入成功
2020-12-28 09:14:44:742  vt_info数据表，第45次写入成功
2020-12-28 09:14:44:746  vt_info数据表，第46次写入成功
2020-12-28 09:14:44:750  vt_info数据表，第47次写入成功
2020-12-28 09:14:44:753  motor_info数据表，第0次写入成功
2020-12-28 09:14:44:756  motor_info数据表，第1次写入成功
2020-12-28 09:14:44:758  motor_info数据表，第2次写入成功
2020-12-28 09:14:44:761  motor_info数据表，第3次写入成功
2020-12-28 09:14:44:764  motor_info数据表，第4次写入成功
2020-12-28 09:14:44:767  motor_info数据表，第5次写入成功
2020-12-28 09:14:44:769  motor_info数据表，第6次写入成功
2020-12-28 09:14:44:772  motor_info数据表，第7次写入成功
2020-12-28 09:14:44:775  motor_info数据表，第8次写入成功
2020-12-28 09:14:44:778  motor_info数据表，第9次写入成功
2020-12-28 09:14:44:781  motor_info数据表，第10次写入成功
2020-12-28 09:14:44:784  motor_info数据表，第11次写入成功
2020-12-28 09:14:44:787  motor_info数据表，第12次写入成功
2020-12-28 09:14:44:789  motor_info数据表，第13次写入成功
2020-12-28 09:14:44:792  motor_info数据表，第14次写入成功
2020-12-28 09:14:44:804  motor_info数据表，第15次写入成功
2020-12-28 09:14:44:807  数据库关闭！
2020-12-28 09:17:20:412  收到来车信号，流水号：20201228091720，所有设备开始采集
2020-12-28 09:17:20:459  开启A/D采集
2020-12-28 09:17:41:775  收到离车信号，流水号：20201228091720，线号：14，车号：047048，主控端：0，所有设备停止采集
2020-12-28 09:17:41:777  收到停止采集命令，开始停止采集
2020-12-28 09:17:41:783  停止采集数据
2020-12-28 09:17:41:785  采集连接已断开
2020-12-28 09:17:41:787  开始数据分析和落盘
2020-12-28 09:17:45:644  vibration1完成落盘
2020-12-28 09:17:49:027  vibration2完成落盘
2020-12-28 09:17:52:387  vibration3完成落盘
2020-12-28 09:17:55:646  vibration4完成落盘
2020-12-28 09:17:59:043  vibration5完成落盘
2020-12-28 09:18:02:400  vibration6完成落盘
2020-12-28 09:18:06:119  vibration7完成落盘
2020-12-28 09:18:09:963  vibration8完成落盘
2020-12-28 09:18:13:728  magnetic1完成落盘
2020-12-28 09:18:17:101  magnetic2完成落盘
2020-12-28 09:18:20:478  magnetic3完成落盘
2020-12-28 09:18:24:335  magnetic4完成落盘
2020-12-28 09:18:27:754  temperate1完成落盘
2020-12-28 09:18:31:084  temperate2完成落盘
2020-12-28 09:18:34:677  temperate3完成落盘
2020-12-28 09:18:37:640  temperate4完成落盘
2020-12-28 09:18:37:648  开始处理数据
2020-12-28 09:18:38:174  右侧计算完成
2020-12-28 09:18:38:528  左侧计算完成
2020-12-28 09:18:38:530  检查结果数据
2020-12-28 09:18:38:532  通知桌面显示数据
2020-12-28 09:18:38:548  开始写入数据库
2020-12-28 09:18:38:569  预警及报警参数加载完成
2020-12-28 09:18:38:571  数据库打开成功
2020-12-28 09:18:38:573  train_info数据表写入成功
2020-12-28 09:18:38:701  train_onlyid读取成功
2020-12-28 09:18:38:706  train_data数据表写入成功
2020-12-28 09:18:38:709  vt_info数据表，第0次写入成功
2020-12-28 09:18:38:713  vt_info数据表，第1次写入成功
2020-12-28 09:18:38:717  vt_info数据表，第2次写入成功
2020-12-28 09:18:38:720  vt_info数据表，第3次写入成功
2020-12-28 09:18:38:724  vt_info数据表，第4次写入成功
2020-12-28 09:18:38:727  vt_info数据表，第5次写入成功
2020-12-28 09:18:38:731  vt_info数据表，第6次写入成功
2020-12-28 09:18:38:734  vt_info数据表，第7次写入成功
2020-12-28 09:18:38:737  vt_info数据表，第8次写入成功
2020-12-28 09:18:38:741  vt_info数据表，第9次写入成功
2020-12-28 09:18:38:744  vt_info数据表，第10次写入成功
2020-12-28 09:18:38:748  vt_info数据表，第11次写入成功
2020-12-28 09:18:38:751  vt_info数据表，第12次写入成功
2020-12-28 09:18:38:755  vt_info数据表，第13次写入成功
2020-12-28 09:18:38:759  vt_info数据表，第14次写入成功
2020-12-28 09:18:38:762  vt_info数据表，第15次写入成功
2020-12-28 09:18:38:766  vt_info数据表，第16次写入成功
2020-12-28 09:18:38:770  vt_info数据表，第17次写入成功
2020-12-28 09:18:38:773  vt_info数据表，第18次写入成功
2020-12-28 09:18:38:777  vt_info数据表，第19次写入成功
2020-12-28 09:18:38:780  vt_info数据表，第20次写入成功
2020-12-28 09:18:38:784  vt_info数据表，第21次写入成功
2020-12-28 09:18:38:788  vt_info数据表，第22次写入成功
2020-12-28 09:18:38:791  vt_info数据表，第23次写入成功
2020-12-28 09:18:38:795  vt_info数据表，第24次写入成功
2020-12-28 09:18:38:799  vt_info数据表，第25次写入成功
2020-12-28 09:18:38:802  vt_info数据表，第26次写入成功
2020-12-28 09:18:38:806  vt_info数据表，第27次写入成功
2020-12-28 09:18:38:810  vt_info数据表，第28次写入成功
2020-12-28 09:18:38:813  vt_info数据表，第29次写入成功
2020-12-28 09:18:38:817  vt_info数据表，第30次写入成功
2020-12-28 09:18:38:820  vt_info数据表，第31次写入成功
2020-12-28 09:18:38:824  vt_info数据表，第32次写入成功
2020-12-28 09:18:38:828  vt_info数据表，第33次写入成功
2020-12-28 09:18:38:831  vt_info数据表，第34次写入成功
2020-12-28 09:18:38:835  vt_info数据表，第35次写入成功
2020-12-28 09:18:38:839  vt_info数据表，第36次写入成功
2020-12-28 09:18:38:842  vt_info数据表，第37次写入成功
2020-12-28 09:18:38:846  vt_info数据表，第38次写入成功
2020-12-28 09:18:38:850  vt_info数据表，第39次写入成功
2020-12-28 09:18:38:853  vt_info数据表，第40次写入成功
2020-12-28 09:18:38:857  vt_info数据表，第41次写入成功
2020-12-28 09:18:38:860  vt_info数据表，第42次写入成功
2020-12-28 09:18:38:864  vt_info数据表，第43次写入成功
2020-12-28 09:18:38:868  vt_info数据表，第44次写入成功
2020-12-28 09:18:38:872  vt_info数据表，第45次写入成功
2020-12-28 09:18:38:875  vt_info数据表，第46次写入成功
2020-12-28 09:18:38:879  vt_info数据表，第47次写入成功
2020-12-28 09:18:38:882  motor_info数据表，第0次写入成功
2020-12-28 09:18:38:884  motor_info数据表，第1次写入成功
2020-12-28 09:18:38:887  motor_info数据表，第2次写入成功
2020-12-28 09:18:38:890  motor_info数据表，第3次写入成功
2020-12-28 09:18:38:893  motor_info数据表，第4次写入成功
2020-12-28 09:18:38:896  motor_info数据表，第5次写入成功
2020-12-28 09:18:38:898  motor_info数据表，第6次写入成功
2020-12-28 09:18:38:901  motor_info数据表，第7次写入成功
2020-12-28 09:18:38:904  motor_info数据表，第8次写入成功
2020-12-28 09:18:38:907  motor_info数据表，第9次写入成功
2020-12-28 09:18:38:909  motor_info数据表，第10次写入成功
2020-12-28 09:18:38:912  motor_info数据表，第11次写入成功
2020-12-28 09:18:38:915  motor_info数据表，第12次写入成功
2020-12-28 09:18:38:918  motor_info数据表，第13次写入成功
2020-12-28 09:18:38:920  motor_info数据表，第14次写入成功
2020-12-28 09:18:38:933  motor_info数据表，第15次写入成功
2020-12-28 09:18:38:935  数据库关闭！
2020-12-28 09:24:01:244  收到来车信号，流水号：20201228092401，所有设备开始采集
2020-12-28 09:24:01:291  开启A/D采集
2020-12-28 09:24:22:709  收到离车信号，流水号：20201228092401，线号：14，车号：013014，主控端：0，所有设备停止采集
2020-12-28 09:24:22:711  收到停止采集命令，开始停止采集
2020-12-28 09:24:22:717  停止采集数据
2020-12-28 09:24:22:719  采集连接已断开
2020-12-28 09:24:22:721  开始数据分析和落盘
2020-12-28 09:24:26:362  vibration1完成落盘
2020-12-28 09:24:29:497  vibration2完成落盘
2020-12-28 09:24:33:019  vibration3完成落盘
2020-12-28 09:24:36:818  vibration4完成落盘
2020-12-28 09:24:40:135  vibration5完成落盘
2020-12-28 09:24:43:302  vibration6完成落盘
2020-12-28 09:24:46:237  vibration7完成落盘
2020-12-28 09:24:49:432  vibration8完成落盘
2020-12-28 09:24:52:744  magnetic1完成落盘
2020-12-28 09:24:56:202  magnetic2完成落盘
2020-12-28 09:24:59:852  magnetic3完成落盘
2020-12-28 09:25:03:102  magnetic4完成落盘
2020-12-28 09:25:06:675  temperate1完成落盘
2020-12-28 09:25:10:133  temperate2完成落盘
2020-12-28 09:25:13:251  temperate3完成落盘
2020-12-28 09:25:16:369  temperate4完成落盘
2020-12-28 09:25:16:379  开始处理数据
2020-12-28 09:25:16:917  右侧计算完成
2020-12-28 09:25:17:353  左侧计算完成
2020-12-28 09:25:17:355  检查结果数据
2020-12-28 09:25:17:357  通知桌面显示数据
2020-12-28 09:25:17:373  开始写入数据库
2020-12-28 09:25:17:395  预警及报警参数加载完成
2020-12-28 09:25:17:397  数据库打开成功
2020-12-28 09:25:17:399  train_info数据表写入成功
2020-12-28 09:25:17:532  train_onlyid读取成功
2020-12-28 09:25:17:536  train_data数据表写入成功
2020-12-28 09:25:17:540  vt_info数据表，第0次写入成功
2020-12-28 09:25:17:544  vt_info数据表，第1次写入成功
2020-12-28 09:25:17:547  vt_info数据表，第2次写入成功
2020-12-28 09:25:17:551  vt_info数据表，第3次写入成功
2020-12-28 09:25:17:555  vt_info数据表，第4次写入成功
2020-12-28 09:25:17:559  vt_info数据表，第5次写入成功
2020-12-28 09:25:17:562  vt_info数据表，第6次写入成功
2020-12-28 09:25:17:566  vt_info数据表，第7次写入成功
2020-12-28 09:25:17:570  vt_info数据表，第8次写入成功
2020-12-28 09:25:17:573  vt_info数据表，第9次写入成功
2020-12-28 09:25:17:577  vt_info数据表，第10次写入成功
2020-12-28 09:25:17:580  vt_info数据表，第11次写入成功
2020-12-28 09:25:17:584  vt_info数据表，第12次写入成功
2020-12-28 09:25:17:588  vt_info数据表，第13次写入成功
2020-12-28 09:25:17:591  vt_info数据表，第14次写入成功
2020-12-28 09:25:17:595  vt_info数据表，第15次写入成功
2020-12-28 09:25:17:599  vt_info数据表，第16次写入成功
2020-12-28 09:25:17:602  vt_info数据表，第17次写入成功
2020-12-28 09:25:17:606  vt_info数据表，第18次写入成功
2020-12-28 09:25:17:610  vt_info数据表，第19次写入成功
2020-12-28 09:25:17:613  vt_info数据表，第20次写入成功
2020-12-28 09:25:17:617  vt_info数据表，第21次写入成功
2020-12-28 09:25:17:621  vt_info数据表，第22次写入成功
2020-12-28 09:25:17:624  vt_info数据表，第23次写入成功
2020-12-28 09:25:17:628  vt_info数据表，第24次写入成功
2020-12-28 09:25:17:632  vt_info数据表，第25次写入成功
2020-12-28 09:25:17:635  vt_info数据表，第26次写入成功
2020-12-28 09:25:17:639  vt_info数据表，第27次写入成功
2020-12-28 09:25:17:643  vt_info数据表，第28次写入成功
2020-12-28 09:25:17:646  vt_info数据表，第29次写入成功
2020-12-28 09:25:17:650  vt_info数据表，第30次写入成功
2020-12-28 09:25:17:654  vt_info数据表，第31次写入成功
2020-12-28 09:25:17:657  vt_info数据表，第32次写入成功
2020-12-28 09:25:17:661  vt_info数据表，第33次写入成功
2020-12-28 09:25:17:664  vt_info数据表，第34次写入成功
2020-12-28 09:25:17:668  vt_info数据表，第35次写入成功
2020-12-28 09:25:17:672  vt_info数据表，第36次写入成功
2020-12-28 09:25:17:676  vt_info数据表，第37次写入成功
2020-12-28 09:25:17:679  vt_info数据表，第38次写入成功
2020-12-28 09:25:17:683  vt_info数据表，第39次写入成功
2020-12-28 09:25:17:687  vt_info数据表，第40次写入成功
2020-12-28 09:25:17:690  vt_info数据表，第41次写入成功
2020-12-28 09:25:17:694  vt_info数据表，第42次写入成功
2020-12-28 09:25:17:697  vt_info数据表，第43次写入成功
2020-12-28 09:25:17:701  vt_info数据表，第44次写入成功
2020-12-28 09:25:17:705  vt_info数据表，第45次写入成功
2020-12-28 09:25:17:708  vt_info数据表，第46次写入成功
2020-12-28 09:25:17:712  vt_info数据表，第47次写入成功
2020-12-28 09:25:17:715  motor_info数据表，第0次写入成功
2020-12-28 09:25:17:717  motor_info数据表，第1次写入成功
2020-12-28 09:25:17:720  motor_info数据表，第2次写入成功
2020-12-28 09:25:17:723  motor_info数据表，第3次写入成功
2020-12-28 09:25:17:725  motor_info数据表，第4次写入成功
2020-12-28 09:25:17:728  motor_info数据表，第5次写入成功
2020-12-28 09:25:17:731  motor_info数据表，第6次写入成功
2020-12-28 09:25:17:733  motor_info数据表，第7次写入成功
2020-12-28 09:25:17:736  motor_info数据表，第8次写入成功
2020-12-28 09:25:17:738  motor_info数据表，第9次写入成功
2020-12-28 09:25:17:741  motor_info数据表，第10次写入成功
2020-12-28 09:25:17:744  motor_info数据表，第11次写入成功
2020-12-28 09:25:17:746  motor_info数据表，第12次写入成功
2020-12-28 09:25:17:749  motor_info数据表，第13次写入成功
2020-12-28 09:25:17:752  motor_info数据表，第14次写入成功
2020-12-28 09:25:17:763  motor_info数据表，第15次写入成功
2020-12-28 09:25:17:765  数据库关闭！
2020-12-28 09:32:45:416  收到来车信号，流水号：20201228093245，所有设备开始采集
2020-12-28 09:32:45:462  开启A/D采集
2020-12-28 09:33:06:752  收到离车信号，流水号：20201228093245，线号：14，车号：017018，主控端：1，所有设备停止采集
2020-12-28 09:33:06:754  收到停止采集命令，开始停止采集
2020-12-28 09:33:06:761  停止采集数据
2020-12-28 09:33:06:763  采集连接已断开
2020-12-28 09:33:06:766  开始数据分析和落盘
2020-12-28 09:33:11:175  vibration1完成落盘
2020-12-28 09:33:14:997  vibration2完成落盘
2020-12-28 09:33:18:806  vibration3完成落盘
2020-12-28 09:33:22:639  vibration4完成落盘
2020-12-28 09:33:26:475  vibration5完成落盘
2020-12-28 09:33:30:320  vibration6完成落盘
2020-12-28 09:33:34:132  vibration7完成落盘
2020-12-28 09:33:37:954  vibration8完成落盘
2020-12-28 09:33:41:801  magnetic1完成落盘
2020-12-28 09:33:45:617  magnetic2完成落盘
2020-12-28 09:33:49:419  magnetic3完成落盘
2020-12-28 09:33:53:241  magnetic4完成落盘
2020-12-28 09:33:56:871  temperate1完成落盘
2020-12-28 09:34:00:497  temperate2完成落盘
2020-12-28 09:34:04:145  temperate3完成落盘
2020-12-28 09:34:07:782  temperate4完成落盘
2020-12-28 09:34:07:793  开始处理数据
2020-12-28 09:34:08:345  右侧计算完成
2020-12-28 09:34:08:795  左侧计算完成
2020-12-28 09:34:08:797  检查结果数据
2020-12-28 09:34:08:799  通知桌面显示数据
2020-12-28 09:34:08:816  开始写入数据库
2020-12-28 09:34:08:836  预警及报警参数加载完成
2020-12-28 09:34:08:838  数据库打开成功
2020-12-28 09:34:08:840  train_info数据表写入成功
2020-12-28 09:34:08:969  train_onlyid读取成功
2020-12-28 09:34:08:974  train_data数据表写入成功
2020-12-28 09:34:08:977  vt_info数据表，第0次写入成功
2020-12-28 09:34:08:981  vt_info数据表，第1次写入成功
2020-12-28 09:34:08:985  vt_info数据表，第2次写入成功
2020-12-28 09:34:08:989  vt_info数据表，第3次写入成功
2020-12-28 09:34:08:992  vt_info数据表，第4次写入成功
2020-12-28 09:34:08:996  vt_info数据表，第5次写入成功
2020-12-28 09:34:09:000  vt_info数据表，第6次写入成功
2020-12-28 09:34:09:003  vt_info数据表，第7次写入成功
2020-12-28 09:34:09:007  vt_info数据表，第8次写入成功
2020-12-28 09:34:09:011  vt_info数据表，第9次写入成功
2020-12-28 09:34:09:015  vt_info数据表，第10次写入成功
2020-12-28 09:34:09:018  vt_info数据表，第11次写入成功
2020-12-28 09:34:09:022  vt_info数据表，第12次写入成功
2020-12-28 09:34:09:026  vt_info数据表，第13次写入成功
2020-12-28 09:34:09:029  vt_info数据表，第14次写入成功
2020-12-28 09:34:09:033  vt_info数据表，第15次写入成功
2020-12-28 09:34:09:037  vt_info数据表，第16次写入成功
2020-12-28 09:34:09:040  vt_info数据表，第17次写入成功
2020-12-28 09:34:09:044  vt_info数据表，第18次写入成功
2020-12-28 09:34:09:048  vt_info数据表，第19次写入成功
2020-12-28 09:34:09:052  vt_info数据表，第20次写入成功
2020-12-28 09:34:09:055  vt_info数据表，第21次写入成功
2020-12-28 09:34:09:059  vt_info数据表，第22次写入成功
2020-12-28 09:34:09:063  vt_info数据表，第23次写入成功
2020-12-28 09:34:09:067  vt_info数据表，第24次写入成功
2020-12-28 09:34:09:071  vt_info数据表，第25次写入成功
2020-12-28 09:34:09:074  vt_info数据表，第26次写入成功
2020-12-28 09:34:09:078  vt_info数据表，第27次写入成功
2020-12-28 09:34:09:082  vt_info数据表，第28次写入成功
2020-12-28 09:34:09:086  vt_info数据表，第29次写入成功
2020-12-28 09:34:09:089  vt_info数据表，第30次写入成功
2020-12-28 09:34:09:093  vt_info数据表，第31次写入成功
2020-12-28 09:34:09:097  vt_info数据表，第32次写入成功
2020-12-28 09:34:09:101  vt_info数据表，第33次写入成功
2020-12-28 09:34:09:104  vt_info数据表，第34次写入成功
2020-12-28 09:34:09:108  vt_info数据表，第35次写入成功
2020-12-28 09:34:09:112  vt_info数据表，第36次写入成功
2020-12-28 09:34:09:116  vt_info数据表，第37次写入成功
2020-12-28 09:34:09:119  vt_info数据表，第38次写入成功
2020-12-28 09:34:09:123  vt_info数据表，第39次写入成功
2020-12-28 09:34:09:127  vt_info数据表，第40次写入成功
2020-12-28 09:34:09:130  vt_info数据表，第41次写入成功
2020-12-28 09:34:09:134  vt_info数据表，第42次写入成功
2020-12-28 09:34:09:138  vt_info数据表，第43次写入成功
2020-12-28 09:34:09:142  vt_info数据表，第44次写入成功
2020-12-28 09:34:09:146  vt_info数据表，第45次写入成功
2020-12-28 09:34:09:149  vt_info数据表，第46次写入成功
2020-12-28 09:34:09:153  vt_info数据表，第47次写入成功
2020-12-28 09:34:09:156  motor_info数据表，第0次写入成功
2020-12-28 09:34:09:159  motor_info数据表，第1次写入成功
2020-12-28 09:34:09:161  motor_info数据表，第2次写入成功
2020-12-28 09:34:09:164  motor_info数据表，第3次写入成功
2020-12-28 09:34:09:167  motor_info数据表，第4次写入成功
2020-12-28 09:34:09:169  motor_info数据表，第5次写入成功
2020-12-28 09:34:09:172  motor_info数据表，第6次写入成功
2020-12-28 09:34:09:175  motor_info数据表，第7次写入成功
2020-12-28 09:34:09:177  motor_info数据表，第8次写入成功
2020-12-28 09:34:09:180  motor_info数据表，第9次写入成功
2020-12-28 09:34:09:183  motor_info数据表，第10次写入成功
2020-12-28 09:34:09:186  motor_info数据表，第11次写入成功
2020-12-28 09:34:09:188  motor_info数据表，第12次写入成功
2020-12-28 09:34:09:191  motor_info数据表，第13次写入成功
2020-12-28 09:34:09:194  motor_info数据表，第14次写入成功
2020-12-28 09:34:09:206  motor_info数据表，第15次写入成功
2020-12-28 09:34:09:208  数据库关闭！
2020-12-28 09:40:50:271  收到来车信号，流水号：20201228094050，所有设备开始采集
2020-12-28 09:40:50:317  开启A/D采集
2020-12-28 09:41:11:709  收到离车信号，流水号：20201228094050，线号：14，车号：057058，主控端：0，所有设备停止采集
2020-12-28 09:41:11:711  收到停止采集命令，开始停止采集
2020-12-28 09:41:11:717  停止采集数据
2020-12-28 09:41:11:719  采集连接已断开
2020-12-28 09:41:11:721  开始数据分析和落盘
2020-12-28 09:41:16:140  vibration1完成落盘
2020-12-28 09:41:19:994  vibration2完成落盘
2020-12-28 09:41:23:817  vibration3完成落盘
2020-12-28 09:41:27:602  vibration4完成落盘
2020-12-28 09:41:31:445  vibration5完成落盘
2020-12-28 09:41:35:098  vibration6完成落盘
2020-12-28 09:41:38:967  vibration7完成落盘
2020-12-28 09:41:42:809  vibration8完成落盘
2020-12-28 09:41:46:635  magnetic1完成落盘
2020-12-28 09:41:50:488  magnetic2完成落盘
2020-12-28 09:41:54:317  magnetic3完成落盘
2020-12-28 09:41:58:114  magnetic4完成落盘
2020-12-28 09:42:01:747  temperate1完成落盘
2020-12-28 09:42:05:398  temperate2完成落盘
2020-12-28 09:42:08:937  temperate3完成落盘
2020-12-28 09:42:12:556  temperate4完成落盘
2020-12-28 09:42:12:566  开始处理数据
2020-12-28 09:42:13:074  右侧计算完成
2020-12-28 09:42:13:482  左侧计算完成
2020-12-28 09:42:13:484  检查结果数据
2020-12-28 09:42:13:486  通知桌面显示数据
2020-12-28 09:42:13:503  开始写入数据库
2020-12-28 09:42:13:524  预警及报警参数加载完成
2020-12-28 09:42:13:526  数据库打开成功
2020-12-28 09:42:13:528  train_info数据表写入成功
2020-12-28 09:42:13:658  train_onlyid读取成功
2020-12-28 09:42:13:662  train_data数据表写入成功
2020-12-28 09:42:13:666  vt_info数据表，第0次写入成功
2020-12-28 09:42:13:669  vt_info数据表，第1次写入成功
2020-12-28 09:42:13:673  vt_info数据表，第2次写入成功
2020-12-28 09:42:13:677  vt_info数据表，第3次写入成功
2020-12-28 09:42:13:680  vt_info数据表，第4次写入成功
2020-12-28 09:42:13:684  vt_info数据表，第5次写入成功
2020-12-28 09:42:13:688  vt_info数据表，第6次写入成功
2020-12-28 09:42:13:691  vt_info数据表，第7次写入成功
2020-12-28 09:42:13:697  vt_info数据表，第8次写入成功
2020-12-28 09:42:13:700  vt_info数据表，第9次写入成功
2020-12-28 09:42:13:704  vt_info数据表，第10次写入成功
2020-12-28 09:42:13:707  vt_info数据表，第11次写入成功
2020-12-28 09:42:13:711  vt_info数据表，第12次写入成功
2020-12-28 09:42:13:715  vt_info数据表，第13次写入成功
2020-12-28 09:42:13:718  vt_info数据表，第14次写入成功
2020-12-28 09:42:13:722  vt_info数据表，第15次写入成功
2020-12-28 09:42:13:726  vt_info数据表，第16次写入成功
2020-12-28 09:42:13:729  vt_info数据表，第17次写入成功
2020-12-28 09:42:13:733  vt_info数据表，第18次写入成功
2020-12-28 09:42:13:737  vt_info数据表，第19次写入成功
2020-12-28 09:42:13:740  vt_info数据表，第20次写入成功
2020-12-28 09:42:13:744  vt_info数据表，第21次写入成功
2020-12-28 09:42:13:748  vt_info数据表，第22次写入成功
2020-12-28 09:42:13:751  vt_info数据表，第23次写入成功
2020-12-28 09:42:13:755  vt_info数据表，第24次写入成功
2020-12-28 09:42:13:759  vt_info数据表，第25次写入成功
2020-12-28 09:42:13:762  vt_info数据表，第26次写入成功
2020-12-28 09:42:13:766  vt_info数据表，第27次写入成功
2020-12-28 09:42:13:769  vt_info数据表，第28次写入成功
2020-12-28 09:42:13:773  vt_info数据表，第29次写入成功
2020-12-28 09:42:13:777  vt_info数据表，第30次写入成功
2020-12-28 09:42:13:781  vt_info数据表，第31次写入成功
2020-12-28 09:42:13:784  vt_info数据表，第32次写入成功
2020-12-28 09:42:13:788  vt_info数据表，第33次写入成功
2020-12-28 09:42:13:792  vt_info数据表，第34次写入成功
2020-12-28 09:42:13:795  vt_info数据表，第35次写入成功
2020-12-28 09:42:13:799  vt_info数据表，第36次写入成功
2020-12-28 09:42:13:804  vt_info数据表，第37次写入成功
2020-12-28 09:42:13:806  vt_info数据表，第38次写入成功
2020-12-28 09:42:13:811  vt_info数据表，第39次写入成功
2020-12-28 09:42:13:815  vt_info数据表，第40次写入成功
2020-12-28 09:42:13:818  vt_info数据表，第41次写入成功
2020-12-28 09:42:13:822  vt_info数据表，第42次写入成功
2020-12-28 09:42:13:826  vt_info数据表，第43次写入成功
2020-12-28 09:42:13:829  vt_info数据表，第44次写入成功
2020-12-28 09:42:13:833  vt_info数据表，第45次写入成功
2020-12-28 09:42:13:837  vt_info数据表，第46次写入成功
2020-12-28 09:42:13:841  vt_info数据表，第47次写入成功
2020-12-28 09:42:13:844  motor_info数据表，第0次写入成功
2020-12-28 09:42:13:846  motor_info数据表，第1次写入成功
2020-12-28 09:42:13:849  motor_info数据表，第2次写入成功
2020-12-28 09:42:13:852  motor_info数据表，第3次写入成功
2020-12-28 09:42:13:855  motor_info数据表，第4次写入成功
2020-12-28 09:42:13:857  motor_info数据表，第5次写入成功
2020-12-28 09:42:13:860  motor_info数据表，第6次写入成功
2020-12-28 09:42:13:863  motor_info数据表，第7次写入成功
2020-12-28 09:42:13:865  motor_info数据表，第8次写入成功
2020-12-28 09:42:13:868  motor_info数据表，第9次写入成功
2020-12-28 09:42:13:871  motor_info数据表，第10次写入成功
2020-12-28 09:42:13:873  motor_info数据表，第11次写入成功
2020-12-28 09:42:13:876  motor_info数据表，第12次写入成功
2020-12-28 09:42:13:879  motor_info数据表，第13次写入成功
2020-12-28 09:42:13:882  motor_info数据表，第14次写入成功
2020-12-28 09:42:13:894  motor_info数据表，第15次写入成功
2020-12-28 09:42:13:896  数据库关闭！
2020-12-28 09:46:17:745  收到来车信号，流水号：20201228094617，所有设备开始采集
2020-12-28 09:46:17:791  开启A/D采集
2020-12-28 09:46:39:234  收到离车信号，流水号：20201228094617，线号：14，车号：041042，主控端：1，所有设备停止采集
2020-12-28 09:46:39:236  收到停止采集命令，开始停止采集
2020-12-28 09:46:39:238  停止采集数据
2020-12-28 09:46:39:241  采集连接已断开
2020-12-28 09:46:39:243  开始数据分析和落盘
2020-12-28 09:46:43:685  vibration1完成落盘
2020-12-28 09:46:47:539  vibration2完成落盘
2020-12-28 09:46:51:385  vibration3完成落盘
2020-12-28 09:46:55:224  vibration4完成落盘
2020-12-28 09:46:59:053  vibration5完成落盘
2020-12-28 09:47:02:885  vibration6完成落盘
2020-12-28 09:47:06:690  vibration7完成落盘
2020-12-28 09:47:10:536  vibration8完成落盘
2020-12-28 09:47:14:426  magnetic1完成落盘
2020-12-28 09:47:18:258  magnetic2完成落盘
2020-12-28 09:47:22:089  magnetic3完成落盘
2020-12-28 09:47:25:897  magnetic4完成落盘
2020-12-28 09:47:29:538  temperate1完成落盘
2020-12-28 09:47:33:199  temperate2完成落盘
2020-12-28 09:47:36:743  temperate3完成落盘
2020-12-28 09:47:40:402  temperate4完成落盘
2020-12-28 09:47:40:412  开始处理数据
2020-12-28 09:47:40:965  右侧计算完成
2020-12-28 09:47:41:421  左侧计算完成
2020-12-28 09:47:41:423  检查结果数据
2020-12-28 09:47:41:425  通知桌面显示数据
2020-12-28 09:47:41:441  开始写入数据库
2020-12-28 09:47:41:462  预警及报警参数加载完成
2020-12-28 09:47:41:464  数据库打开成功
2020-12-28 09:47:41:466  train_info数据表写入成功
2020-12-28 09:47:41:596  train_onlyid读取成功
2020-12-28 09:47:41:600  train_data数据表写入成功
2020-12-28 09:47:41:604  vt_info数据表，第0次写入成功
2020-12-28 09:47:41:607  vt_info数据表，第1次写入成功
2020-12-28 09:47:41:611  vt_info数据表，第2次写入成功
2020-12-28 09:47:41:614  vt_info数据表，第3次写入成功
2020-12-28 09:47:41:618  vt_info数据表，第4次写入成功
2020-12-28 09:47:41:621  vt_info数据表，第5次写入成功
2020-12-28 09:47:41:625  vt_info数据表，第6次写入成功
2020-12-28 09:47:41:628  vt_info数据表，第7次写入成功
2020-12-28 09:47:41:632  vt_info数据表，第8次写入成功
2020-12-28 09:47:41:635  vt_info数据表，第9次写入成功
2020-12-28 09:47:41:639  vt_info数据表，第10次写入成功
2020-12-28 09:47:41:642  vt_info数据表，第11次写入成功
2020-12-28 09:47:41:646  vt_info数据表，第12次写入成功
2020-12-28 09:47:41:649  vt_info数据表，第13次写入成功
2020-12-28 09:47:41:653  vt_info数据表，第14次写入成功
2020-12-28 09:47:41:656  vt_info数据表，第15次写入成功
2020-12-28 09:47:41:660  vt_info数据表，第16次写入成功
2020-12-28 09:47:41:663  vt_info数据表，第17次写入成功
2020-12-28 09:47:41:667  vt_info数据表，第18次写入成功
2020-12-28 09:47:41:670  vt_info数据表，第19次写入成功
2020-12-28 09:47:41:673  vt_info数据表，第20次写入成功
2020-12-28 09:47:41:677  vt_info数据表，第21次写入成功
2020-12-28 09:47:41:680  vt_info数据表，第22次写入成功
2020-12-28 09:47:41:684  vt_info数据表，第23次写入成功
2020-12-28 09:47:41:687  vt_info数据表，第24次写入成功
2020-12-28 09:47:41:691  vt_info数据表，第25次写入成功
2020-12-28 09:47:41:694  vt_info数据表，第26次写入成功
2020-12-28 09:47:41:698  vt_info数据表，第27次写入成功
2020-12-28 09:47:41:701  vt_info数据表，第28次写入成功
2020-12-28 09:47:41:705  vt_info数据表，第29次写入成功
2020-12-28 09:47:41:708  vt_info数据表，第30次写入成功
2020-12-28 09:47:41:712  vt_info数据表，第31次写入成功
2020-12-28 09:47:41:715  vt_info数据表，第32次写入成功
2020-12-28 09:47:41:719  vt_info数据表，第33次写入成功
2020-12-28 09:47:41:722  vt_info数据表，第34次写入成功
2020-12-28 09:47:41:726  vt_info数据表，第35次写入成功
2020-12-28 09:47:41:729  vt_info数据表，第36次写入成功
2020-12-28 09:47:41:733  vt_info数据表，第37次写入成功
2020-12-28 09:47:41:736  vt_info数据表，第38次写入成功
2020-12-28 09:47:41:739  vt_info数据表，第39次写入成功
2020-12-28 09:47:41:743  vt_info数据表，第40次写入成功
2020-12-28 09:47:41:746  vt_info数据表，第41次写入成功
2020-12-28 09:47:41:750  vt_info数据表，第42次写入成功
2020-12-28 09:47:41:753  vt_info数据表，第43次写入成功
2020-12-28 09:47:41:757  vt_info数据表，第44次写入成功
2020-12-28 09:47:41:760  vt_info数据表，第45次写入成功
2020-12-28 09:47:41:764  vt_info数据表，第46次写入成功
2020-12-28 09:47:41:767  vt_info数据表，第47次写入成功
2020-12-28 09:47:41:769  motor_info数据表，第0次写入成功
2020-12-28 09:47:41:772  motor_info数据表，第1次写入成功
2020-12-28 09:47:41:774  motor_info数据表，第2次写入成功
2020-12-28 09:47:41:777  motor_info数据表，第3次写入成功
2020-12-28 09:47:41:780  motor_info数据表，第4次写入成功
2020-12-28 09:47:41:782  motor_info数据表，第5次写入成功
2020-12-28 09:47:41:785  motor_info数据表，第6次写入成功
2020-12-28 09:47:41:787  motor_info数据表，第7次写入成功
2020-12-28 09:47:41:790  motor_info数据表，第8次写入成功
2020-12-28 09:47:41:792  motor_info数据表，第9次写入成功
2020-12-28 09:47:41:795  motor_info数据表，第10次写入成功
2020-12-28 09:47:41:797  motor_info数据表，第11次写入成功
2020-12-28 09:47:41:800  motor_info数据表，第12次写入成功
2020-12-28 09:47:41:803  motor_info数据表，第13次写入成功
2020-12-28 09:47:41:806  motor_info数据表，第14次写入成功
2020-12-28 09:47:41:818  motor_info数据表，第15次写入成功
2020-12-28 09:47:41:820  数据库关闭！
2020-12-28 09:50:26:614  收到来车信号，流水号：20201228095026，所有设备开始采集
2020-12-28 09:50:26:661  开启A/D采集
2020-12-28 09:50:48:110  收到离车信号，流水号：20201228095026，线号：14，车号：011012，主控端：1，所有设备停止采集
2020-12-28 09:50:48:112  收到停止采集命令，开始停止采集
2020-12-28 09:50:48:120  停止采集数据
2020-12-28 09:50:48:122  采集连接已断开
2020-12-28 09:50:48:124  开始数据分析和落盘
2020-12-28 09:50:52:574  vibration1完成落盘
2020-12-28 09:50:56:392  vibration2完成落盘
2020-12-28 09:51:00:235  vibration3完成落盘
2020-12-28 09:51:04:089  vibration4完成落盘
2020-12-28 09:51:07:960  vibration5完成落盘
2020-12-28 09:51:11:827  vibration6完成落盘
2020-12-28 09:51:15:673  vibration7完成落盘
2020-12-28 09:51:19:539  vibration8完成落盘
2020-12-28 09:51:23:374  magnetic1完成落盘
2020-12-28 09:51:27:176  magnetic2完成落盘
2020-12-28 09:51:31:014  magnetic3完成落盘
2020-12-28 09:51:34:830  magnetic4完成落盘
2020-12-28 09:51:38:466  temperate1完成落盘
2020-12-28 09:51:42:112  temperate2完成落盘
2020-12-28 09:51:45:686  temperate3完成落盘
2020-12-28 09:51:49:271  temperate4完成落盘
2020-12-28 09:51:49:282  开始处理数据
2020-12-28 09:51:49:842  右侧计算完成
2020-12-28 09:51:50:301  左侧计算完成
2020-12-28 09:51:50:303  检查结果数据
2020-12-28 09:51:50:305  通知桌面显示数据
2020-12-28 09:51:50:321  开始写入数据库
2020-12-28 09:51:50:343  预警及报警参数加载完成
2020-12-28 09:51:50:345  数据库打开成功
2020-12-28 09:51:50:347  train_info数据表写入成功
2020-12-28 09:51:50:476  train_onlyid读取成功
2020-12-28 09:51:50:481  train_data数据表写入成功
2020-12-28 09:51:50:485  vt_info数据表，第0次写入成功
2020-12-28 09:51:50:489  vt_info数据表，第1次写入成功
2020-12-28 09:51:50:492  vt_info数据表，第2次写入成功
2020-12-28 09:51:50:496  vt_info数据表，第3次写入成功
2020-12-28 09:51:50:499  vt_info数据表，第4次写入成功
2020-12-28 09:51:50:503  vt_info数据表，第5次写入成功
2020-12-28 09:51:50:507  vt_info数据表，第6次写入成功
2020-12-28 09:51:50:511  vt_info数据表，第7次写入成功
2020-12-28 09:51:50:514  vt_info数据表，第8次写入成功
2020-12-28 09:51:50:518  vt_info数据表，第9次写入成功
2020-12-28 09:51:50:522  vt_info数据表，第10次写入成功
2020-12-28 09:51:50:525  vt_info数据表，第11次写入成功
2020-12-28 09:51:50:529  vt_info数据表，第12次写入成功
2020-12-28 09:51:50:533  vt_info数据表，第13次写入成功
2020-12-28 09:51:50:537  vt_info数据表，第14次写入成功
2020-12-28 09:51:50:540  vt_info数据表，第15次写入成功
2020-12-28 09:51:50:544  vt_info数据表，第16次写入成功
2020-12-28 09:51:50:548  vt_info数据表，第17次写入成功
2020-12-28 09:51:50:551  vt_info数据表，第18次写入成功
2020-12-28 09:51:50:555  vt_info数据表，第19次写入成功
2020-12-28 09:51:50:559  vt_info数据表，第20次写入成功
2020-12-28 09:51:50:562  vt_info数据表，第21次写入成功
2020-12-28 09:51:50:566  vt_info数据表，第22次写入成功
2020-12-28 09:51:50:570  vt_info数据表，第23次写入成功
2020-12-28 09:51:50:573  vt_info数据表，第24次写入成功
2020-12-28 09:51:50:577  vt_info数据表，第25次写入成功
2020-12-28 09:51:50:581  vt_info数据表，第26次写入成功
2020-12-28 09:51:50:585  vt_info数据表，第27次写入成功
2020-12-28 09:51:50:588  vt_info数据表，第28次写入成功
2020-12-28 09:51:50:592  vt_info数据表，第29次写入成功
2020-12-28 09:51:50:596  vt_info数据表，第30次写入成功
2020-12-28 09:51:50:599  vt_info数据表，第31次写入成功
2020-12-28 09:51:50:603  vt_info数据表，第32次写入成功
2020-12-28 09:51:50:607  vt_info数据表，第33次写入成功
2020-12-28 09:51:50:611  vt_info数据表，第34次写入成功
2020-12-28 09:51:50:614  vt_info数据表，第35次写入成功
2020-12-28 09:51:50:618  vt_info数据表，第36次写入成功
2020-12-28 09:51:50:622  vt_info数据表，第37次写入成功
2020-12-28 09:51:50:626  vt_info数据表，第38次写入成功
2020-12-28 09:51:50:630  vt_info数据表，第39次写入成功
2020-12-28 09:51:50:633  vt_info数据表，第40次写入成功
2020-12-28 09:51:50:637  vt_info数据表，第41次写入成功
2020-12-28 09:51:50:641  vt_info数据表，第42次写入成功
2020-12-28 09:51:50:644  vt_info数据表，第43次写入成功
2020-12-28 09:51:50:648  vt_info数据表，第44次写入成功
2020-12-28 09:51:50:652  vt_info数据表，第45次写入成功
2020-12-28 09:51:50:655  vt_info数据表，第46次写入成功
2020-12-28 09:51:50:659  vt_info数据表，第47次写入成功
2020-12-28 09:51:50:662  motor_info数据表，第0次写入成功
2020-12-28 09:51:50:665  motor_info数据表，第1次写入成功
2020-12-28 09:51:50:667  motor_info数据表，第2次写入成功
2020-12-28 09:51:50:670  motor_info数据表，第3次写入成功
2020-12-28 09:51:50:673  motor_info数据表，第4次写入成功
2020-12-28 09:51:50:675  motor_info数据表，第5次写入成功
2020-12-28 09:51:50:678  motor_info数据表，第6次写入成功
2020-12-28 09:51:50:681  motor_info数据表，第7次写入成功
2020-12-28 09:51:50:683  motor_info数据表，第8次写入成功
2020-12-28 09:51:50:686  motor_info数据表，第9次写入成功
2020-12-28 09:51:50:689  motor_info数据表，第10次写入成功
2020-12-28 09:51:50:692  motor_info数据表，第11次写入成功
2020-12-28 09:51:50:695  motor_info数据表，第12次写入成功
2020-12-28 09:51:50:697  motor_info数据表，第13次写入成功
2020-12-28 09:51:50:700  motor_info数据表，第14次写入成功
2020-12-28 09:51:50:712  motor_info数据表，第15次写入成功
2020-12-28 09:51:50:714  数据库关闭！
