2020-12-24 18:03:05:474  磁钢信号预处理完成，位置标记：1
2020-12-24 18:03:05:485  温度分轮成功，分轮数尺度为：48
2020-12-24 18:03:05:499  轴承端盖温度特征值计算完成, 位置标记：1
2020-12-24 18:03:05:510  电机温度计算完成, 位置标记：1
2020-12-24 18:03:05:513  电机温度计算完成, 位置标记：1
2020-12-24 18:03:05:516  电机温度计算完成, 位置标记：1
2020-12-24 18:03:05:520  电机温度计算完成, 位置标记：1
2020-12-24 18:03:05:523  电机温度计算完成, 位置标记：1
2020-12-24 18:03:05:526  电机温度计算完成, 位置标记：1
2020-12-24 18:03:05:530  电机温度计算完成, 位置标记：1
2020-12-24 18:03:05:533  电机温度计算完成, 位置标记：1
2020-12-24 18:03:05:534  车速为：70.1101位置标记为：1
2020-12-24 18:03:05:554  振动分轮计算完成, 位置标记：1
2020-12-24 18:03:05:882  振动特征值计算完成, 位置标记：1
2020-12-24 18:03:05:928  磁钢信号预处理完成，位置标记：0
2020-12-24 18:03:05:939  温度分轮成功，分轮数尺度为：48
2020-12-24 18:03:05:953  轴承端盖温度特征值计算完成, 位置标记：0
2020-12-24 18:03:05:963  电机温度计算完成, 位置标记：0
2020-12-24 18:03:05:966  电机温度计算完成, 位置标记：0
2020-12-24 18:03:05:970  电机温度计算完成, 位置标记：0
2020-12-24 18:03:05:973  电机温度计算完成, 位置标记：0
2020-12-24 18:03:05:976  电机温度计算完成, 位置标记：0
2020-12-24 18:03:05:980  电机温度计算完成, 位置标记：0
2020-12-24 18:03:05:983  电机温度计算完成, 位置标记：0
2020-12-24 18:03:05:986  电机温度计算完成, 位置标记：0
2020-12-24 18:03:05:987  车速为：70.1101位置标记为：0
2020-12-24 18:03:06:008  振动分轮计算完成, 位置标记：0
2020-12-24 18:03:06:332  振动特征值计算完成, 位置标记：0
2020-12-24 18:06:59:484  磁钢信号预处理完成，位置标记：1
2020-12-24 18:06:59:496  温度分轮成功，分轮数尺度为：48
2020-12-24 18:06:59:510  轴承端盖温度特征值计算完成, 位置标记：1
2020-12-24 18:06:59:519  电机温度计算完成, 位置标记：1
2020-12-24 18:06:59:522  电机温度计算完成, 位置标记：1
2020-12-24 18:06:59:526  电机温度计算完成, 位置标记：1
2020-12-24 18:06:59:530  电机温度计算完成, 位置标记：1
2020-12-24 18:06:59:533  电机温度计算完成, 位置标记：1
2020-12-24 18:06:59:537  电机温度计算完成, 位置标记：1
2020-12-24 18:06:59:541  电机温度计算完成, 位置标记：1
2020-12-24 18:06:59:544  电机温度计算完成, 位置标记：1
2020-12-24 18:06:59:545  车速为：79.3864位置标记为：1
2020-12-24 18:06:59:565  振动分轮计算完成, 位置标记：1
2020-12-24 18:06:59:907  振动特征值计算完成, 位置标记：1
2020-12-24 18:06:59:950  磁钢信号预处理完成，位置标记：0
2020-12-24 18:06:59:961  温度分轮成功，分轮数尺度为：48
2020-12-24 18:06:59:973  轴承端盖温度特征值计算完成, 位置标记：0
2020-12-24 18:06:59:981  电机温度计算完成, 位置标记：0
2020-12-24 18:06:59:984  电机温度计算完成, 位置标记：0
2020-12-24 18:06:59:987  电机温度计算完成, 位置标记：0
2020-12-24 18:06:59:990  电机温度计算完成, 位置标记：0
2020-12-24 18:06:59:993  电机温度计算完成, 位置标记：0
2020-12-24 18:06:59:996  电机温度计算完成, 位置标记：0
2020-12-24 18:06:59:999  电机温度计算完成, 位置标记：0
2020-12-24 18:07:00:002  电机温度计算完成, 位置标记：0
2020-12-24 18:07:00:003  车速为：79.3864位置标记为：0
2020-12-24 18:07:00:021  振动分轮计算完成, 位置标记：0
2020-12-24 18:07:00:340  振动特征值计算完成, 位置标记：0
2020-12-24 18:13:50:364  磁钢信号预处理完成，位置标记：1
2020-12-24 18:13:50:375  温度分轮成功，分轮数尺度为：48
2020-12-24 18:13:50:389  轴承端盖温度特征值计算完成, 位置标记：1
2020-12-24 18:13:50:398  电机温度计算完成, 位置标记：1
2020-12-24 18:13:50:402  电机温度计算完成, 位置标记：1
2020-12-24 18:13:50:406  电机温度计算完成, 位置标记：1
2020-12-24 18:13:50:409  电机温度计算完成, 位置标记：1
2020-12-24 18:13:50:413  电机温度计算完成, 位置标记：1
2020-12-24 18:13:50:417  电机温度计算完成, 位置标记：1
2020-12-24 18:13:50:420  电机温度计算完成, 位置标记：1
2020-12-24 18:13:50:424  电机温度计算完成, 位置标记：1
2020-12-24 18:13:50:424  车速为：79.4626位置标记为：1
2020-12-24 18:13:50:445  振动分轮计算完成, 位置标记：1
2020-12-24 18:13:50:781  振动特征值计算完成, 位置标记：1
2020-12-24 18:13:50:827  磁钢信号预处理完成，位置标记：0
2020-12-24 18:13:50:839  温度分轮成功，分轮数尺度为：48
2020-12-24 18:13:50:852  轴承端盖温度特征值计算完成, 位置标记：0
2020-12-24 18:13:50:861  电机温度计算完成, 位置标记：0
2020-12-24 18:13:50:865  电机温度计算完成, 位置标记：0
2020-12-24 18:13:50:869  电机温度计算完成, 位置标记：0
2020-12-24 18:13:50:872  电机温度计算完成, 位置标记：0
2020-12-24 18:13:50:876  电机温度计算完成, 位置标记：0
2020-12-24 18:13:50:879  电机温度计算完成, 位置标记：0
2020-12-24 18:13:50:883  电机温度计算完成, 位置标记：0
2020-12-24 18:13:50:886  电机温度计算完成, 位置标记：0
2020-12-24 18:13:50:887  车速为：79.4626位置标记为：0
2020-12-24 18:13:50:907  振动分轮计算完成, 位置标记：0
2020-12-24 18:13:51:244  振动特征值计算完成, 位置标记：0
2020-12-24 18:22:07:165  磁钢信号预处理完成，位置标记：1
2020-12-24 18:22:07:177  温度分轮成功，分轮数尺度为：48
2020-12-24 18:22:07:191  轴承端盖温度特征值计算完成, 位置标记：1
2020-12-24 18:22:07:200  电机温度计算完成, 位置标记：1
2020-12-24 18:22:07:204  电机温度计算完成, 位置标记：1
2020-12-24 18:22:07:207  电机温度计算完成, 位置标记：1
2020-12-24 18:22:07:211  电机温度计算完成, 位置标记：1
2020-12-24 18:22:07:214  电机温度计算完成, 位置标记：1
2020-12-24 18:22:07:218  电机温度计算完成, 位置标记：1
2020-12-24 18:22:07:222  电机温度计算完成, 位置标记：1
2020-12-24 18:22:07:225  电机温度计算完成, 位置标记：1
2020-12-24 18:22:07:226  车速为：79.5389位置标记为：1
2020-12-24 18:22:07:247  振动分轮计算完成, 位置标记：1
2020-12-24 18:22:07:582  振动特征值计算完成, 位置标记：1
2020-12-24 18:22:07:627  磁钢信号预处理完成，位置标记：0
2020-12-24 18:22:07:639  温度分轮成功，分轮数尺度为：48
2020-12-24 18:22:07:652  轴承端盖温度特征值计算完成, 位置标记：0
2020-12-24 18:22:07:661  电机温度计算完成, 位置标记：0
2020-12-24 18:22:07:664  电机温度计算完成, 位置标记：0
2020-12-24 18:22:07:668  电机温度计算完成, 位置标记：0
2020-12-24 18:22:07:671  电机温度计算完成, 位置标记：0
2020-12-24 18:22:07:674  电机温度计算完成, 位置标记：0
2020-12-24 18:22:07:677  电机温度计算完成, 位置标记：0
2020-12-24 18:22:07:679  电机温度计算完成, 位置标记：0
2020-12-24 18:22:07:682  电机温度计算完成, 位置标记：0
2020-12-24 18:22:07:683  车速为：79.5389位置标记为：0
2020-12-24 18:22:07:700  振动分轮计算完成, 位置标记：0
2020-12-24 18:22:07:949  振动特征值计算完成, 位置标记：0
2020-12-24 18:30:33:753  磁钢信号预处理完成，位置标记：1
2020-12-24 18:30:33:764  温度分轮成功，分轮数尺度为：48
2020-12-24 18:30:33:778  轴承端盖温度特征值计算完成, 位置标记：1
2020-12-24 18:30:33:787  电机温度计算完成, 位置标记：1
2020-12-24 18:30:33:790  电机温度计算完成, 位置标记：1
2020-12-24 18:30:33:794  电机温度计算完成, 位置标记：1
2020-12-24 18:30:33:797  电机温度计算完成, 位置标记：1
2020-12-24 18:30:33:801  电机温度计算完成, 位置标记：1
2020-12-24 18:30:33:804  电机温度计算完成, 位置标记：1
2020-12-24 18:30:33:808  电机温度计算完成, 位置标记：1
2020-12-24 18:30:33:811  电机温度计算完成, 位置标记：1
2020-12-24 18:30:33:812  车速为：79.1587位置标记为：1
2020-12-24 18:30:33:832  振动分轮计算完成, 位置标记：1
2020-12-24 18:30:34:162  振动特征值计算完成, 位置标记：1
2020-12-24 18:30:34:207  磁钢信号预处理完成，位置标记：0
2020-12-24 18:30:34:218  温度分轮成功，分轮数尺度为：48
2020-12-24 18:30:34:231  轴承端盖温度特征值计算完成, 位置标记：0
2020-12-24 18:30:34:240  电机温度计算完成, 位置标记：0
2020-12-24 18:30:34:244  电机温度计算完成, 位置标记：0
2020-12-24 18:30:34:247  电机温度计算完成, 位置标记：0
2020-12-24 18:30:34:251  电机温度计算完成, 位置标记：0
2020-12-24 18:30:34:254  电机温度计算完成, 位置标记：0
2020-12-24 18:30:34:258  电机温度计算完成, 位置标记：0
2020-12-24 18:30:34:261  电机温度计算完成, 位置标记：0
2020-12-24 18:30:34:265  电机温度计算完成, 位置标记：0
2020-12-24 18:30:34:265  车速为：79.1587位置标记为：0
2020-12-24 18:30:34:284  振动分轮计算完成, 位置标记：0
2020-12-24 18:30:34:619  振动特征值计算完成, 位置标记：0
2020-12-24 18:36:08:030  磁钢信号预处理完成，位置标记：1
2020-12-24 18:36:08:042  温度分轮成功，分轮数尺度为：48
2020-12-24 18:36:08:057  轴承端盖温度特征值计算完成, 位置标记：1
2020-12-24 18:36:08:068  电机温度计算完成, 位置标记：1
2020-12-24 18:36:08:072  电机温度计算完成, 位置标记：1
2020-12-24 18:36:08:075  电机温度计算完成, 位置标记：1
2020-12-24 18:36:08:078  电机温度计算完成, 位置标记：1
2020-12-24 18:36:08:082  电机温度计算完成, 位置标记：1
2020-12-24 18:36:08:085  电机温度计算完成, 位置标记：1
2020-12-24 18:36:08:089  电机温度计算完成, 位置标记：1
2020-12-24 18:36:08:092  电机温度计算完成, 位置标记：1
2020-12-24 18:36:08:093  车速为：68.1481位置标记为：1
2020-12-24 18:36:08:113  振动分轮计算完成, 位置标记：1
2020-12-24 18:36:08:455  振动特征值计算完成, 位置标记：1
2020-12-24 18:36:08:502  磁钢信号预处理完成，位置标记：0
2020-12-24 18:36:08:514  温度分轮成功，分轮数尺度为：48
2020-12-24 18:36:08:529  轴承端盖温度特征值计算完成, 位置标记：0
2020-12-24 18:36:08:541  电机温度计算完成, 位置标记：0
2020-12-24 18:36:08:544  电机温度计算完成, 位置标记：0
2020-12-24 18:36:08:548  电机温度计算完成, 位置标记：0
2020-12-24 18:36:08:552  电机温度计算完成, 位置标记：0
2020-12-24 18:36:08:555  电机温度计算完成, 位置标记：0
2020-12-24 18:36:08:558  电机温度计算完成, 位置标记：0
2020-12-24 18:36:08:562  电机温度计算完成, 位置标记：0
2020-12-24 18:36:08:565  电机温度计算完成, 位置标记：0
2020-12-24 18:36:08:566  车速为：68.1481位置标记为：0
2020-12-24 18:36:08:587  振动分轮计算完成, 位置标记：0
2020-12-24 18:36:08:933  振动特征值计算完成, 位置标记：0
2020-12-24 18:40:11:576  磁钢信号预处理完成，位置标记：1
2020-12-24 18:40:11:588  温度分轮成功，分轮数尺度为：48
2020-12-24 18:40:11:601  轴承端盖温度特征值计算完成, 位置标记：1
2020-12-24 18:40:11:609  电机温度计算完成, 位置标记：1
2020-12-24 18:40:11:613  电机温度计算完成, 位置标记：1
2020-12-24 18:40:11:616  电机温度计算完成, 位置标记：1
2020-12-24 18:40:11:619  电机温度计算完成, 位置标记：1
2020-12-24 18:40:11:623  电机温度计算完成, 位置标记：1
2020-12-24 18:40:11:626  电机温度计算完成, 位置标记：1
2020-12-24 18:40:11:630  电机温度计算完成, 位置标记：1
2020-12-24 18:40:11:633  电机温度计算完成, 位置标记：1
2020-12-24 18:40:11:634  车速为：79.3864位置标记为：1
2020-12-24 18:40:11:654  振动分轮计算完成, 位置标记：1
2020-12-24 18:40:11:897  振动特征值计算完成, 位置标记：1
2020-12-24 18:40:11:932  磁钢信号预处理完成，位置标记：0
2020-12-24 18:40:11:940  温度分轮成功，分轮数尺度为：48
2020-12-24 18:40:11:949  轴承端盖温度特征值计算完成, 位置标记：0
2020-12-24 18:40:11:957  电机温度计算完成, 位置标记：0
2020-12-24 18:40:11:961  电机温度计算完成, 位置标记：0
2020-12-24 18:40:11:964  电机温度计算完成, 位置标记：0
2020-12-24 18:40:11:967  电机温度计算完成, 位置标记：0
2020-12-24 18:40:11:971  电机温度计算完成, 位置标记：0
2020-12-24 18:40:11:974  电机温度计算完成, 位置标记：0
2020-12-24 18:40:11:977  电机温度计算完成, 位置标记：0
2020-12-24 18:40:11:981  电机温度计算完成, 位置标记：0
2020-12-24 18:40:11:982  车速为：79.3864位置标记为：0
2020-12-24 18:40:12:002  振动分轮计算完成, 位置标记：0
2020-12-24 18:40:12:336  振动特征值计算完成, 位置标记：0
2020-12-24 18:46:44:431  磁钢信号预处理完成，位置标记：1
2020-12-24 18:46:44:442  温度分轮成功，分轮数尺度为：48
2020-12-24 18:46:44:455  轴承端盖温度特征值计算完成, 位置标记：1
2020-12-24 18:46:44:463  电机温度计算完成, 位置标记：1
2020-12-24 18:46:44:467  电机温度计算完成, 位置标记：1
2020-12-24 18:46:44:470  电机温度计算完成, 位置标记：1
2020-12-24 18:46:44:473  电机温度计算完成, 位置标记：1
2020-12-24 18:46:44:477  电机温度计算完成, 位置标记：1
2020-12-24 18:46:44:480  电机温度计算完成, 位置标记：1
2020-12-24 18:46:44:483  电机温度计算完成, 位置标记：1
2020-12-24 18:46:44:487  电机温度计算完成, 位置标记：1
2020-12-24 18:46:44:488  车速为：79.3864位置标记为：1
2020-12-24 18:46:44:508  振动分轮计算完成, 位置标记：1
2020-12-24 18:46:44:812  振动特征值计算完成, 位置标记：1
2020-12-24 18:46:44:849  磁钢信号预处理完成，位置标记：0
2020-12-24 18:46:44:858  温度分轮成功，分轮数尺度为：48
2020-12-24 18:46:44:868  轴承端盖温度特征值计算完成, 位置标记：0
2020-12-24 18:46:44:875  电机温度计算完成, 位置标记：0
2020-12-24 18:46:44:877  电机温度计算完成, 位置标记：0
2020-12-24 18:46:44:880  电机温度计算完成, 位置标记：0
2020-12-24 18:46:44:882  电机温度计算完成, 位置标记：0
2020-12-24 18:46:44:885  电机温度计算完成, 位置标记：0
2020-12-24 18:46:44:887  电机温度计算完成, 位置标记：0
2020-12-24 18:46:44:890  电机温度计算完成, 位置标记：0
2020-12-24 18:46:44:892  电机温度计算完成, 位置标记：0
2020-12-24 18:46:44:893  车速为：79.3864位置标记为：0
2020-12-24 18:46:44:908  振动分轮计算完成, 位置标记：0
2020-12-24 18:46:45:227  振动特征值计算完成, 位置标记：0
2020-12-24 18:55:45:570  磁钢信号预处理完成，位置标记：1
2020-12-24 18:55:45:582  温度分轮成功，分轮数尺度为：48
2020-12-24 18:55:45:594  轴承端盖温度特征值计算完成, 位置标记：1
2020-12-24 18:55:45:603  电机温度计算完成, 位置标记：1
2020-12-24 18:55:45:606  电机温度计算完成, 位置标记：1
2020-12-24 18:55:45:610  电机温度计算完成, 位置标记：1
2020-12-24 18:55:45:613  电机温度计算完成, 位置标记：1
2020-12-24 18:55:45:617  电机温度计算完成, 位置标记：1
2020-12-24 18:55:45:620  电机温度计算完成, 位置标记：1
2020-12-24 18:55:45:624  电机温度计算完成, 位置标记：1
2020-12-24 18:55:45:627  电机温度计算完成, 位置标记：1
2020-12-24 18:55:45:628  车速为：79.1587位置标记为：1
2020-12-24 18:55:45:648  振动分轮计算完成, 位置标记：1
2020-12-24 18:55:45:989  振动特征值计算完成, 位置标记：1
2020-12-24 18:55:46:036  磁钢信号预处理完成，位置标记：0
2020-12-24 18:55:46:047  温度分轮成功，分轮数尺度为：48
2020-12-24 18:55:46:060  轴承端盖温度特征值计算完成, 位置标记：0
2020-12-24 18:55:46:068  电机温度计算完成, 位置标记：0
2020-12-24 18:55:46:072  电机温度计算完成, 位置标记：0
2020-12-24 18:55:46:075  电机温度计算完成, 位置标记：0
2020-12-24 18:55:46:079  电机温度计算完成, 位置标记：0
2020-12-24 18:55:46:083  电机温度计算完成, 位置标记：0
2020-12-24 18:55:46:086  电机温度计算完成, 位置标记：0
2020-12-24 18:55:46:090  电机温度计算完成, 位置标记：0
2020-12-24 18:55:46:093  电机温度计算完成, 位置标记：0
2020-12-24 18:55:46:094  车速为：79.1587位置标记为：0
2020-12-24 18:55:46:115  振动分轮计算完成, 位置标记：0
2020-12-24 18:55:46:429  振动特征值计算完成, 位置标记：0
