2020-12-31 07:03:54:020  磁钢信号预处理完成，位置标记：1
2020-12-31 07:03:54:031  温度分轮成功，分轮数尺度为：48
2020-12-31 07:03:54:046  轴承端盖温度特征值计算完成, 位置标记：1
2020-12-31 07:03:54:057  电机温度计算完成, 位置标记：1
2020-12-31 07:03:54:061  电机温度计算完成, 位置标记：1
2020-12-31 07:03:54:064  电机温度计算完成, 位置标记：1
2020-12-31 07:03:54:067  电机温度计算完成, 位置标记：1
2020-12-31 07:03:54:070  电机温度计算完成, 位置标记：1
2020-12-31 07:03:54:074  电机温度计算完成, 位置标记：1
2020-12-31 07:03:54:077  电机温度计算完成, 位置标记：1
2020-12-31 07:03:54:081  电机温度计算完成, 位置标记：1
2020-12-31 07:03:54:082  车速为：67.0989位置标记为：1
2020-12-31 07:03:54:104  振动分轮计算完成, 位置标记：1
2020-12-31 07:03:54:434  振动特征值计算完成, 位置标记：1
2020-12-31 07:03:54:481  磁钢信号预处理完成，位置标记：0
2020-12-31 07:03:54:492  温度分轮成功，分轮数尺度为：48
2020-12-31 07:03:54:506  轴承端盖温度特征值计算完成, 位置标记：0
2020-12-31 07:03:54:517  电机温度计算完成, 位置标记：0
2020-12-31 07:03:54:521  电机温度计算完成, 位置标记：0
2020-12-31 07:03:54:524  电机温度计算完成, 位置标记：0
2020-12-31 07:03:54:527  电机温度计算完成, 位置标记：0
2020-12-31 07:03:54:531  电机温度计算完成, 位置标记：0
2020-12-31 07:03:54:534  电机温度计算完成, 位置标记：0
2020-12-31 07:03:54:538  电机温度计算完成, 位置标记：0
2020-12-31 07:03:54:541  电机温度计算完成, 位置标记：0
2020-12-31 07:03:54:542  车速为：67.0989位置标记为：0
2020-12-31 07:03:54:564  振动分轮计算完成, 位置标记：0
2020-12-31 07:03:54:893  振动特征值计算完成, 位置标记：0
2020-12-31 07:07:37:595  磁钢信号预处理完成，位置标记：1
2020-12-31 07:07:37:606  温度分轮成功，分轮数尺度为：48
2020-12-31 07:07:37:620  轴承端盖温度特征值计算完成, 位置标记：1
2020-12-31 07:07:37:628  电机温度计算完成, 位置标记：1
2020-12-31 07:07:37:632  电机温度计算完成, 位置标记：1
2020-12-31 07:07:37:635  电机温度计算完成, 位置标记：1
2020-12-31 07:07:37:639  电机温度计算完成, 位置标记：1
2020-12-31 07:07:37:642  电机温度计算完成, 位置标记：1
2020-12-31 07:07:37:646  电机温度计算完成, 位置标记：1
2020-12-31 07:07:37:649  电机温度计算完成, 位置标记：1
2020-12-31 07:07:37:653  电机温度计算完成, 位置标记：1
2020-12-31 07:07:37:654  车速为：79.2344位置标记为：1
2020-12-31 07:07:37:675  振动分轮计算完成, 位置标记：1
2020-12-31 07:07:38:010  振动特征值计算完成, 位置标记：1
2020-12-31 07:07:38:052  磁钢信号预处理完成，位置标记：0
2020-12-31 07:07:38:061  温度分轮成功，分轮数尺度为：48
2020-12-31 07:07:38:071  轴承端盖温度特征值计算完成, 位置标记：0
2020-12-31 07:07:38:078  电机温度计算完成, 位置标记：0
2020-12-31 07:07:38:081  电机温度计算完成, 位置标记：0
2020-12-31 07:07:38:084  电机温度计算完成, 位置标记：0
2020-12-31 07:07:38:087  电机温度计算完成, 位置标记：0
2020-12-31 07:07:38:090  电机温度计算完成, 位置标记：0
2020-12-31 07:07:38:092  电机温度计算完成, 位置标记：0
2020-12-31 07:07:38:095  电机温度计算完成, 位置标记：0
2020-12-31 07:07:38:098  电机温度计算完成, 位置标记：0
2020-12-31 07:07:38:099  车速为：79.2344位置标记为：0
2020-12-31 07:07:38:115  振动分轮计算完成, 位置标记：0
2020-12-31 07:07:38:445  振动特征值计算完成, 位置标记：0
2020-12-31 07:14:43:756  磁钢信号预处理完成，位置标记：1
2020-12-31 07:14:43:767  温度分轮成功，分轮数尺度为：48
2020-12-31 07:14:43:781  轴承端盖温度特征值计算完成, 位置标记：1
2020-12-31 07:14:43:790  电机温度计算完成, 位置标记：1
2020-12-31 07:14:43:793  电机温度计算完成, 位置标记：1
2020-12-31 07:14:43:797  电机温度计算完成, 位置标记：1
2020-12-31 07:14:43:801  电机温度计算完成, 位置标记：1
2020-12-31 07:14:43:804  电机温度计算完成, 位置标记：1
2020-12-31 07:14:43:808  电机温度计算完成, 位置标记：1
2020-12-31 07:14:43:812  电机温度计算完成, 位置标记：1
2020-12-31 07:14:43:815  电机温度计算完成, 位置标记：1
2020-12-31 07:14:43:816  车速为：78.9323位置标记为：1
2020-12-31 07:14:43:837  振动分轮计算完成, 位置标记：1
2020-12-31 07:14:44:171  振动特征值计算完成, 位置标记：1
2020-12-31 07:14:44:216  磁钢信号预处理完成，位置标记：0
2020-12-31 07:14:44:228  温度分轮成功，分轮数尺度为：48
2020-12-31 07:14:44:242  轴承端盖温度特征值计算完成, 位置标记：0
2020-12-31 07:14:44:252  电机温度计算完成, 位置标记：0
2020-12-31 07:14:44:255  电机温度计算完成, 位置标记：0
2020-12-31 07:14:44:259  电机温度计算完成, 位置标记：0
2020-12-31 07:14:44:262  电机温度计算完成, 位置标记：0
2020-12-31 07:14:44:266  电机温度计算完成, 位置标记：0
2020-12-31 07:14:44:269  电机温度计算完成, 位置标记：0
2020-12-31 07:14:44:273  电机温度计算完成, 位置标记：0
2020-12-31 07:14:44:276  电机温度计算完成, 位置标记：0
2020-12-31 07:14:44:277  车速为：78.9323位置标记为：0
2020-12-31 07:14:44:298  振动分轮计算完成, 位置标记：0
2020-12-31 07:14:44:618  振动特征值计算完成, 位置标记：0
2020-12-31 07:22:35:295  磁钢信号预处理完成，位置标记：1
2020-12-31 07:22:35:305  温度分轮成功，分轮数尺度为：48
2020-12-31 07:22:35:319  轴承端盖温度特征值计算完成, 位置标记：1
2020-12-31 07:22:35:328  电机温度计算完成, 位置标记：1
2020-12-31 07:22:35:331  电机温度计算完成, 位置标记：1
2020-12-31 07:22:35:335  电机温度计算完成, 位置标记：1
2020-12-31 07:22:35:338  电机温度计算完成, 位置标记：1
2020-12-31 07:22:35:342  电机温度计算完成, 位置标记：1
2020-12-31 07:22:35:345  电机温度计算完成, 位置标记：1
2020-12-31 07:22:35:349  电机温度计算完成, 位置标记：1
2020-12-31 07:22:35:352  电机温度计算完成, 位置标记：1
2020-12-31 07:22:35:353  车速为：79.1587位置标记为：1
2020-12-31 07:22:35:374  振动分轮计算完成, 位置标记：1
2020-12-31 07:22:35:708  振动特征值计算完成, 位置标记：1
2020-12-31 07:22:35:755  磁钢信号预处理完成，位置标记：0
2020-12-31 07:22:35:766  温度分轮成功，分轮数尺度为：48
2020-12-31 07:22:35:779  轴承端盖温度特征值计算完成, 位置标记：0
2020-12-31 07:22:35:788  电机温度计算完成, 位置标记：0
2020-12-31 07:22:35:791  电机温度计算完成, 位置标记：0
2020-12-31 07:22:35:795  电机温度计算完成, 位置标记：0
2020-12-31 07:22:35:798  电机温度计算完成, 位置标记：0
2020-12-31 07:22:35:802  电机温度计算完成, 位置标记：0
2020-12-31 07:22:35:805  电机温度计算完成, 位置标记：0
2020-12-31 07:22:35:809  电机温度计算完成, 位置标记：0
2020-12-31 07:22:35:812  电机温度计算完成, 位置标记：0
2020-12-31 07:22:35:813  车速为：79.1587位置标记为：0
2020-12-31 07:22:35:834  振动分轮计算完成, 位置标记：0
2020-12-31 07:22:36:171  振动特征值计算完成, 位置标记：0
2020-12-31 07:31:17:777  磁钢信号预处理完成，位置标记：1
2020-12-31 07:31:17:788  温度分轮成功，分轮数尺度为：48
2020-12-31 07:31:17:802  轴承端盖温度特征值计算完成, 位置标记：1
2020-12-31 07:31:17:811  电机温度计算完成, 位置标记：1
2020-12-31 07:31:17:814  电机温度计算完成, 位置标记：1
2020-12-31 07:31:17:818  电机温度计算完成, 位置标记：1
2020-12-31 07:31:17:821  电机温度计算完成, 位置标记：1
2020-12-31 07:31:17:825  电机温度计算完成, 位置标记：1
2020-12-31 07:31:17:828  电机温度计算完成, 位置标记：1
2020-12-31 07:31:17:832  电机温度计算完成, 位置标记：1
2020-12-31 07:31:17:836  电机温度计算完成, 位置标记：1
2020-12-31 07:31:17:836  车速为：79.0831位置标记为：1
2020-12-31 07:31:17:857  振动分轮计算完成, 位置标记：1
2020-12-31 07:31:18:189  振动特征值计算完成, 位置标记：1
2020-12-31 07:31:18:236  磁钢信号预处理完成，位置标记：0
2020-12-31 07:31:18:247  温度分轮成功，分轮数尺度为：48
2020-12-31 07:31:18:261  轴承端盖温度特征值计算完成, 位置标记：0
2020-12-31 07:31:18:270  电机温度计算完成, 位置标记：0
2020-12-31 07:31:18:274  电机温度计算完成, 位置标记：0
2020-12-31 07:31:18:278  电机温度计算完成, 位置标记：0
2020-12-31 07:31:18:281  电机温度计算完成, 位置标记：0
2020-12-31 07:31:18:284  电机温度计算完成, 位置标记：0
2020-12-31 07:31:18:288  电机温度计算完成, 位置标记：0
2020-12-31 07:31:18:291  电机温度计算完成, 位置标记：0
2020-12-31 07:31:18:295  电机温度计算完成, 位置标记：0
2020-12-31 07:31:18:296  车速为：79.0831位置标记为：0
2020-12-31 07:31:18:317  振动分轮计算完成, 位置标记：0
2020-12-31 07:31:18:651  振动特征值计算完成, 位置标记：0
2020-12-31 07:36:52:709  磁钢信号预处理完成，位置标记：1
2020-12-31 07:36:52:720  温度分轮成功，分轮数尺度为：48
2020-12-31 07:36:52:735  轴承端盖温度特征值计算完成, 位置标记：1
2020-12-31 07:36:52:747  电机温度计算完成, 位置标记：1
2020-12-31 07:36:52:750  电机温度计算完成, 位置标记：1
2020-12-31 07:36:52:753  电机温度计算完成, 位置标记：1
2020-12-31 07:36:52:757  电机温度计算完成, 位置标记：1
2020-12-31 07:36:52:760  电机温度计算完成, 位置标记：1
2020-12-31 07:36:52:763  电机温度计算完成, 位置标记：1
2020-12-31 07:36:52:767  电机温度计算完成, 位置标记：1
2020-12-31 07:36:52:770  电机温度计算完成, 位置标记：1
2020-12-31 07:36:52:771  车速为：67.3171位置标记为：1
2020-12-31 07:36:52:792  振动分轮计算完成, 位置标记：1
2020-12-31 07:36:53:124  振动特征值计算完成, 位置标记：1
2020-12-31 07:36:53:171  磁钢信号预处理完成，位置标记：0
2020-12-31 07:36:53:182  温度分轮成功，分轮数尺度为：48
2020-12-31 07:36:53:198  轴承端盖温度特征值计算完成, 位置标记：0
2020-12-31 07:36:53:208  电机温度计算完成, 位置标记：0
2020-12-31 07:36:53:212  电机温度计算完成, 位置标记：0
2020-12-31 07:36:53:215  电机温度计算完成, 位置标记：0
2020-12-31 07:36:53:219  电机温度计算完成, 位置标记：0
2020-12-31 07:36:53:222  电机温度计算完成, 位置标记：0
2020-12-31 07:36:53:225  电机温度计算完成, 位置标记：0
2020-12-31 07:36:53:229  电机温度计算完成, 位置标记：0
2020-12-31 07:36:53:232  电机温度计算完成, 位置标记：0
2020-12-31 07:36:53:233  车速为：67.3171位置标记为：0
2020-12-31 07:36:53:254  振动分轮计算完成, 位置标记：0
2020-12-31 07:36:53:586  振动特征值计算完成, 位置标记：0
2020-12-31 07:40:45:479  磁钢信号预处理完成，位置标记：1
2020-12-31 07:40:45:489  温度分轮成功，分轮数尺度为：48
2020-12-31 07:40:45:503  轴承端盖温度特征值计算完成, 位置标记：1
2020-12-31 07:40:45:512  电机温度计算完成, 位置标记：1
2020-12-31 07:40:45:515  电机温度计算完成, 位置标记：1
2020-12-31 07:40:45:518  电机温度计算完成, 位置标记：1
2020-12-31 07:40:45:522  电机温度计算完成, 位置标记：1
2020-12-31 07:40:45:525  电机温度计算完成, 位置标记：1
2020-12-31 07:40:45:529  电机温度计算完成, 位置标记：1
2020-12-31 07:40:45:533  电机温度计算完成, 位置标记：1
2020-12-31 07:40:45:536  电机温度计算完成, 位置标记：1
2020-12-31 07:40:45:537  车速为：80位置标记为：1
2020-12-31 07:40:45:558  振动分轮计算完成, 位置标记：1
2020-12-31 07:40:45:892  振动特征值计算完成, 位置标记：1
2020-12-31 07:40:45:938  磁钢信号预处理完成，位置标记：0
2020-12-31 07:40:45:949  温度分轮成功，分轮数尺度为：48
2020-12-31 07:40:45:962  轴承端盖温度特征值计算完成, 位置标记：0
2020-12-31 07:40:45:971  电机温度计算完成, 位置标记：0
2020-12-31 07:40:45:974  电机温度计算完成, 位置标记：0
2020-12-31 07:40:45:978  电机温度计算完成, 位置标记：0
2020-12-31 07:40:45:981  电机温度计算完成, 位置标记：0
2020-12-31 07:40:45:984  电机温度计算完成, 位置标记：0
2020-12-31 07:40:45:988  电机温度计算完成, 位置标记：0
2020-12-31 07:40:45:991  电机温度计算完成, 位置标记：0
2020-12-31 07:40:45:995  电机温度计算完成, 位置标记：0
2020-12-31 07:40:45:995  车速为：80位置标记为：0
2020-12-31 07:40:46:016  振动分轮计算完成, 位置标记：0
2020-12-31 07:40:46:352  振动特征值计算完成, 位置标记：0
2020-12-31 07:47:37:199  磁钢信号预处理完成，位置标记：1
2020-12-31 07:47:37:210  温度分轮成功，分轮数尺度为：48
2020-12-31 07:47:37:224  轴承端盖温度特征值计算完成, 位置标记：1
2020-12-31 07:47:37:233  电机温度计算完成, 位置标记：1
2020-12-31 07:47:37:237  电机温度计算完成, 位置标记：1
2020-12-31 07:47:37:240  电机温度计算完成, 位置标记：1
2020-12-31 07:47:37:244  电机温度计算完成, 位置标记：1
2020-12-31 07:47:37:247  电机温度计算完成, 位置标记：1
2020-12-31 07:47:37:251  电机温度计算完成, 位置标记：1
2020-12-31 07:47:37:254  电机温度计算完成, 位置标记：1
2020-12-31 07:47:37:257  电机温度计算完成, 位置标记：1
2020-12-31 07:47:37:258  车速为：79.5389位置标记为：1
2020-12-31 07:47:37:280  振动分轮计算完成, 位置标记：1
2020-12-31 07:47:37:613  振动特征值计算完成, 位置标记：1
2020-12-31 07:47:37:660  磁钢信号预处理完成，位置标记：0
2020-12-31 07:47:37:671  温度分轮成功，分轮数尺度为：48
2020-12-31 07:47:37:685  轴承端盖温度特征值计算完成, 位置标记：0
2020-12-31 07:47:37:694  电机温度计算完成, 位置标记：0
2020-12-31 07:47:37:698  电机温度计算完成, 位置标记：0
2020-12-31 07:47:37:701  电机温度计算完成, 位置标记：0
2020-12-31 07:47:37:705  电机温度计算完成, 位置标记：0
2020-12-31 07:47:37:709  电机温度计算完成, 位置标记：0
2020-12-31 07:47:37:712  电机温度计算完成, 位置标记：0
2020-12-31 07:47:37:716  电机温度计算完成, 位置标记：0
2020-12-31 07:47:37:720  电机温度计算完成, 位置标记：0
2020-12-31 07:47:37:720  车速为：79.5389位置标记为：0
2020-12-31 07:47:37:742  振动分轮计算完成, 位置标记：0
2020-12-31 07:47:38:075  振动特征值计算完成, 位置标记：0
2020-12-31 07:56:15:879  磁钢信号预处理完成，位置标记：1
2020-12-31 07:56:15:891  温度分轮成功，分轮数尺度为：48
2020-12-31 07:56:15:904  轴承端盖温度特征值计算完成, 位置标记：1
2020-12-31 07:56:15:913  电机温度计算完成, 位置标记：1
2020-12-31 07:56:15:917  电机温度计算完成, 位置标记：1
2020-12-31 07:56:15:920  电机温度计算完成, 位置标记：1
2020-12-31 07:56:15:924  电机温度计算完成, 位置标记：1
2020-12-31 07:56:15:927  电机温度计算完成, 位置标记：1
2020-12-31 07:56:15:931  电机温度计算完成, 位置标记：1
2020-12-31 07:56:15:934  电机温度计算完成, 位置标记：1
2020-12-31 07:56:15:938  电机温度计算完成, 位置标记：1
2020-12-31 07:56:15:939  车速为：79.2344位置标记为：1
2020-12-31 07:56:15:960  振动分轮计算完成, 位置标记：1
2020-12-31 07:56:16:297  振动特征值计算完成, 位置标记：1
2020-12-31 07:56:16:343  磁钢信号预处理完成，位置标记：0
2020-12-31 07:56:16:355  温度分轮成功，分轮数尺度为：48
2020-12-31 07:56:16:368  轴承端盖温度特征值计算完成, 位置标记：0
2020-12-31 07:56:16:377  电机温度计算完成, 位置标记：0
2020-12-31 07:56:16:381  电机温度计算完成, 位置标记：0
2020-12-31 07:56:16:384  电机温度计算完成, 位置标记：0
2020-12-31 07:56:16:388  电机温度计算完成, 位置标记：0
2020-12-31 07:56:16:391  电机温度计算完成, 位置标记：0
2020-12-31 07:56:16:394  电机温度计算完成, 位置标记：0
2020-12-31 07:56:16:398  电机温度计算完成, 位置标记：0
2020-12-31 07:56:16:401  电机温度计算完成, 位置标记：0
2020-12-31 07:56:16:402  车速为：79.2344位置标记为：0
2020-12-31 07:56:16:423  振动分轮计算完成, 位置标记：0
2020-12-31 07:56:16:758  振动特征值计算完成, 位置标记：0
