2022-06-27 11:01:09:963  本地IP：127.0.0.1
2022-06-27 11:01:09:975  本地端口号：4500
2022-06-27 11:01:10:009  通讯模块设置成功
2022-06-27 11:01:10:033  综合数据盒连接IP：192.168.1.198
2022-06-27 11:01:10:036  正在打开设备...
2022-06-27 11:01:13:252  正在读取检测数据...
2022-06-27 11:01:18:534  开始处理数据
2022-06-27 11:01:18:779  右侧计算完成
2022-06-27 11:01:18:960  左侧计算完成
2022-06-27 11:01:18:961  检查结果数据
2022-06-27 11:01:18:965  通知桌面显示数据
2022-06-27 11:01:19:020  开始写入数据库
2022-06-27 11:01:19:172  预警及报警参数加载完成
2022-06-27 11:01:19:173  数据库打开成功
2022-06-27 11:01:19:175  train_info数据表写入成功
2022-06-27 11:01:19:176  train_onlyid读取成功
2022-06-27 11:01:19:180  train_data数据表写入成功
2022-06-27 11:01:19:182  vt_info数据表，第0次写入成功
2022-06-27 11:01:19:183  vt_info数据表，第1次写入成功
2022-06-27 11:01:19:185  vt_info数据表，第2次写入成功
2022-06-27 11:01:19:276  vt_info数据表，第3次写入成功
2022-06-27 11:01:19:279  vt_info数据表，第4次写入成功
2022-06-27 11:01:19:281  vt_info数据表，第5次写入成功
2022-06-27 11:01:19:283  vt_info数据表，第6次写入成功
2022-06-27 11:01:19:286  vt_info数据表，第7次写入成功
2022-06-27 11:01:19:287  vt_info数据表，第8次写入成功
2022-06-27 11:01:19:289  vt_info数据表，第9次写入成功
2022-06-27 11:01:19:291  vt_info数据表，第10次写入成功
2022-06-27 11:01:19:293  vt_info数据表，第11次写入成功
2022-06-27 11:01:19:297  vt_info数据表，第12次写入成功
2022-06-27 11:01:19:298  vt_info数据表，第13次写入成功
2022-06-27 11:01:19:300  vt_info数据表，第14次写入成功
2022-06-27 11:01:19:302  vt_info数据表，第15次写入成功
2022-06-27 11:01:19:304  vt_info数据表，第16次写入成功
2022-06-27 11:01:19:305  vt_info数据表，第17次写入成功
2022-06-27 11:01:19:307  vt_info数据表，第18次写入成功
2022-06-27 11:01:19:323  vt_info数据表，第19次写入成功
2022-06-27 11:01:19:325  vt_info数据表，第20次写入成功
2022-06-27 11:01:19:327  vt_info数据表，第21次写入成功
2022-06-27 11:01:19:330  vt_info数据表，第22次写入成功
2022-06-27 11:01:19:332  vt_info数据表，第23次写入成功
2022-06-27 11:01:19:334  vt_info数据表，第24次写入成功
2022-06-27 11:01:19:349  vt_info数据表，第25次写入成功
2022-06-27 11:01:19:351  vt_info数据表，第26次写入成功
2022-06-27 11:01:19:353  vt_info数据表，第27次写入成功
2022-06-27 11:01:19:355  vt_info数据表，第28次写入成功
2022-06-27 11:01:19:371  vt_info数据表，第29次写入成功
2022-06-27 11:01:19:373  vt_info数据表，第30次写入成功
2022-06-27 11:01:19:374  vt_info数据表，第31次写入成功
2022-06-27 11:01:19:391  vt_info数据表，第32次写入成功
2022-06-27 11:01:19:393  vt_info数据表，第33次写入成功
2022-06-27 11:01:19:395  vt_info数据表，第34次写入成功
2022-06-27 11:01:19:410  vt_info数据表，第35次写入成功
2022-06-27 11:01:19:413  vt_info数据表，第36次写入成功
2022-06-27 11:01:19:415  vt_info数据表，第37次写入成功
2022-06-27 11:01:19:433  vt_info数据表，第38次写入成功
2022-06-27 11:01:19:434  vt_info数据表，第39次写入成功
2022-06-27 11:01:19:436  vt_info数据表，第40次写入成功
2022-06-27 11:01:19:452  vt_info数据表，第41次写入成功
2022-06-27 11:01:19:455  vt_info数据表，第42次写入成功
2022-06-27 11:01:19:457  vt_info数据表，第43次写入成功
2022-06-27 11:01:19:473  vt_info数据表，第44次写入成功
2022-06-27 11:01:19:474  vt_info数据表，第45次写入成功
2022-06-27 11:01:19:476  vt_info数据表，第46次写入成功
2022-06-27 11:01:19:491  vt_info数据表，第47次写入成功
2022-06-27 11:01:19:492  motor_info数据表，第0次写入成功
2022-06-27 11:01:19:494  motor_info数据表，第1次写入成功
2022-06-27 11:01:19:510  motor_info数据表，第2次写入成功
2022-06-27 11:01:19:513  motor_info数据表，第3次写入成功
2022-06-27 11:01:19:515  motor_info数据表，第4次写入成功
2022-06-27 11:01:19:517  motor_info数据表，第5次写入成功
2022-06-27 11:01:19:533  motor_info数据表，第6次写入成功
2022-06-27 11:01:19:535  motor_info数据表，第7次写入成功
2022-06-27 11:01:19:536  motor_info数据表，第8次写入成功
2022-06-27 11:01:19:554  motor_info数据表，第9次写入成功
2022-06-27 11:01:19:558  motor_info数据表，第10次写入成功
2022-06-27 11:01:19:563  motor_info数据表，第11次写入成功
2022-06-27 11:01:19:564  motor_info数据表，第12次写入成功
2022-06-27 11:01:22:826  motor_info数据表，第13次写入成功
2022-06-27 11:01:22:835  motor_info数据表，第14次写入成功
2022-06-27 11:01:22:840  motor_info数据表，第15次写入成功
2022-06-27 11:04:54:754  本地IP：127.0.0.1
2022-06-27 11:04:54:764  本地端口号：4500
2022-06-27 11:04:54:794  通讯模块设置成功
2022-06-27 11:04:54:806  综合数据盒连接IP：192.168.1.198
2022-06-27 11:04:54:807  正在打开设备...
2022-06-27 11:04:58:780  正在读取检测数据...
2022-06-27 11:05:04:323  开始处理数据
2022-06-27 11:05:04:558  右侧计算完成
2022-06-27 11:05:04:745  左侧计算完成
2022-06-27 11:05:04:746  检查结果数据
2022-06-27 11:05:04:750  通知桌面显示数据
2022-06-27 11:05:04:803  开始写入数据库
2022-06-27 11:05:05:031  预警及报警参数加载完成
2022-06-27 11:05:05:033  数据库打开成功
2022-06-27 11:05:05:034  train_info数据表写入成功
2022-06-27 11:05:05:036  train_onlyid读取成功
2022-06-27 11:05:05:038  train_data数据表写入成功
2022-06-27 11:05:05:041  vt_info数据表，第0次写入成功
2022-06-27 11:05:05:043  vt_info数据表，第1次写入成功
2022-06-27 11:05:05:047  vt_info数据表，第2次写入成功
2022-06-27 11:05:05:051  vt_info数据表，第3次写入成功
2022-06-27 11:05:05:198  vt_info数据表，第4次写入成功
2022-06-27 11:05:05:200  vt_info数据表，第5次写入成功
2022-06-27 11:05:05:202  vt_info数据表，第6次写入成功
2022-06-27 11:05:05:204  vt_info数据表，第7次写入成功
2022-06-27 11:05:05:206  vt_info数据表，第8次写入成功
2022-06-27 11:05:05:207  vt_info数据表，第9次写入成功
2022-06-27 11:05:05:209  vt_info数据表，第10次写入成功
2022-06-27 11:05:05:214  vt_info数据表，第11次写入成功
2022-06-27 11:05:05:219  vt_info数据表，第12次写入成功
2022-06-27 11:05:05:223  vt_info数据表，第13次写入成功
2022-06-27 11:05:05:228  vt_info数据表，第14次写入成功
2022-06-27 11:05:05:233  vt_info数据表，第15次写入成功
2022-06-27 11:05:05:238  vt_info数据表，第16次写入成功
2022-06-27 11:05:05:244  vt_info数据表，第17次写入成功
2022-06-27 11:05:05:249  vt_info数据表，第18次写入成功
2022-06-27 11:05:05:274  vt_info数据表，第19次写入成功
2022-06-27 11:05:05:276  vt_info数据表，第20次写入成功
2022-06-27 11:05:05:277  vt_info数据表，第21次写入成功
2022-06-27 11:05:05:291  vt_info数据表，第22次写入成功
2022-06-27 11:05:05:293  vt_info数据表，第23次写入成功
2022-06-27 11:05:05:309  vt_info数据表，第24次写入成功
2022-06-27 11:05:05:311  vt_info数据表，第25次写入成功
2022-06-27 11:05:05:314  vt_info数据表，第26次写入成功
2022-06-27 11:05:05:333  vt_info数据表，第27次写入成功
2022-06-27 11:05:05:335  vt_info数据表，第28次写入成功
2022-06-27 11:05:05:352  vt_info数据表，第29次写入成功
2022-06-27 11:05:05:355  vt_info数据表，第30次写入成功
2022-06-27 11:05:05:357  vt_info数据表，第31次写入成功
2022-06-27 11:05:05:383  vt_info数据表，第32次写入成功
2022-06-27 11:05:05:384  vt_info数据表，第33次写入成功
2022-06-27 11:05:05:387  vt_info数据表，第34次写入成功
2022-06-27 11:05:05:409  vt_info数据表，第35次写入成功
2022-06-27 11:05:05:413  vt_info数据表，第36次写入成功
2022-06-27 11:05:05:415  vt_info数据表，第37次写入成功
2022-06-27 11:05:05:434  vt_info数据表，第38次写入成功
2022-06-27 11:05:05:436  vt_info数据表，第39次写入成功
2022-06-27 11:05:05:438  vt_info数据表，第40次写入成功
2022-06-27 11:05:05:457  vt_info数据表，第41次写入成功
2022-06-27 11:05:05:458  vt_info数据表，第42次写入成功
2022-06-27 11:05:05:462  vt_info数据表，第43次写入成功
2022-06-27 11:05:05:478  vt_info数据表，第44次写入成功
2022-06-27 11:05:05:480  vt_info数据表，第45次写入成功
2022-06-27 11:05:05:482  vt_info数据表，第46次写入成功
2022-06-27 11:05:05:500  vt_info数据表，第47次写入成功
2022-06-27 11:05:05:501  motor_info数据表，第0次写入成功
2022-06-27 11:05:05:625  motor_info数据表，第1次写入成功
2022-06-27 11:05:05:638  motor_info数据表，第2次写入成功
2022-06-27 11:05:05:640  motor_info数据表，第3次写入成功
2022-06-27 11:05:05:655  motor_info数据表，第4次写入成功
2022-06-27 11:05:05:657  motor_info数据表，第5次写入成功
2022-06-27 11:05:05:659  motor_info数据表，第6次写入成功
2022-06-27 11:05:05:673  motor_info数据表，第7次写入成功
2022-06-27 11:05:05:675  motor_info数据表，第8次写入成功
2022-06-27 11:05:05:677  motor_info数据表，第9次写入成功
2022-06-27 11:05:05:694  motor_info数据表，第10次写入成功
2022-06-27 11:05:05:696  motor_info数据表，第11次写入成功
2022-06-27 11:05:05:698  motor_info数据表，第12次写入成功
2022-06-27 11:05:05:701  motor_info数据表，第13次写入成功
2022-06-27 11:05:08:479  motor_info数据表，第14次写入成功
2022-06-27 11:05:08:496  motor_info数据表，第15次写入成功
2022-06-27 11:06:50:255  本地IP：127.0.0.1
2022-06-27 11:06:50:266  本地端口号：4500
2022-06-27 11:06:50:292  通讯模块设置成功
2022-06-27 11:06:50:303  综合数据盒连接IP：192.168.1.198
2022-06-27 11:06:50:305  正在打开设备...
2022-06-27 11:06:54:604  正在读取检测数据...
2022-06-27 11:07:00:102  开始处理数据
2022-06-27 11:07:00:336  右侧计算完成
2022-06-27 11:07:00:526  左侧计算完成
2022-06-27 11:07:00:527  检查结果数据
2022-06-27 11:07:00:531  通知桌面显示数据
2022-06-27 11:07:00:597  开始写入数据库
2022-06-27 11:07:00:769  预警及报警参数加载完成
2022-06-27 11:07:00:771  数据库打开成功
2022-06-27 11:07:00:773  train_info数据表写入成功
2022-06-27 11:07:00:775  train_onlyid读取成功
2022-06-27 11:07:00:777  train_data数据表写入成功
2022-06-27 11:07:00:780  vt_info数据表，第0次写入成功
2022-06-27 11:07:00:782  vt_info数据表，第1次写入成功
2022-06-27 11:07:00:787  vt_info数据表，第2次写入成功
2022-06-27 11:07:00:790  vt_info数据表，第3次写入成功
2022-06-27 11:07:00:791  vt_info数据表，第4次写入成功
2022-06-27 11:07:00:802  vt_info数据表，第5次写入成功
2022-06-27 11:07:00:804  vt_info数据表，第6次写入成功
2022-06-27 11:07:00:806  vt_info数据表，第7次写入成功
2022-06-27 11:07:00:813  vt_info数据表，第8次写入成功
2022-06-27 11:07:00:991  vt_info数据表，第9次写入成功
2022-06-27 11:07:00:993  vt_info数据表，第10次写入成功
2022-06-27 11:07:00:997  vt_info数据表，第11次写入成功
2022-06-27 11:07:00:999  vt_info数据表，第12次写入成功
2022-06-27 11:07:01:002  vt_info数据表，第13次写入成功
2022-06-27 11:07:01:006  vt_info数据表，第14次写入成功
2022-06-27 11:07:01:008  vt_info数据表，第15次写入成功
2022-06-27 11:07:01:018  vt_info数据表，第16次写入成功
2022-06-27 11:07:01:020  vt_info数据表，第17次写入成功
2022-06-27 11:07:01:022  vt_info数据表，第18次写入成功
2022-06-27 11:07:01:025  vt_info数据表，第19次写入成功
2022-06-27 11:07:01:027  vt_info数据表，第20次写入成功
2022-06-27 11:07:01:029  vt_info数据表，第21次写入成功
2022-06-27 11:07:01:031  vt_info数据表，第22次写入成功
2022-06-27 11:07:01:033  vt_info数据表，第23次写入成功
2022-06-27 11:07:01:039  vt_info数据表，第24次写入成功
2022-06-27 11:07:01:042  vt_info数据表，第25次写入成功
2022-06-27 11:07:01:044  vt_info数据表，第26次写入成功
2022-06-27 11:07:01:051  vt_info数据表，第27次写入成功
2022-06-27 11:07:01:054  vt_info数据表，第28次写入成功
2022-06-27 11:07:01:093  vt_info数据表，第29次写入成功
2022-06-27 11:07:01:100  vt_info数据表，第30次写入成功
2022-06-27 11:07:01:102  vt_info数据表，第31次写入成功
2022-06-27 11:07:01:106  vt_info数据表，第32次写入成功
2022-06-27 11:07:01:113  vt_info数据表，第33次写入成功
2022-06-27 11:07:01:115  vt_info数据表，第34次写入成功
2022-06-27 11:07:01:120  vt_info数据表，第35次写入成功
2022-06-27 11:07:01:126  vt_info数据表，第36次写入成功
2022-06-27 11:07:01:128  vt_info数据表，第37次写入成功
2022-06-27 11:07:01:154  vt_info数据表，第38次写入成功
2022-06-27 11:07:01:156  vt_info数据表，第39次写入成功
2022-06-27 11:07:01:159  vt_info数据表，第40次写入成功
2022-06-27 11:07:01:163  vt_info数据表，第41次写入成功
2022-06-27 11:07:01:165  vt_info数据表，第42次写入成功
2022-06-27 11:07:01:167  vt_info数据表，第43次写入成功
2022-06-27 11:07:01:204  vt_info数据表，第44次写入成功
2022-06-27 11:07:01:207  vt_info数据表，第45次写入成功
2022-06-27 11:07:01:209  vt_info数据表，第46次写入成功
2022-06-27 11:07:01:211  vt_info数据表，第47次写入成功
2022-06-27 11:07:01:234  motor_info数据表，第0次写入成功
2022-06-27 11:07:01:236  motor_info数据表，第1次写入成功
2022-06-27 11:07:01:238  motor_info数据表，第2次写入成功
2022-06-27 11:07:01:243  motor_info数据表，第3次写入成功
2022-06-27 11:07:01:246  motor_info数据表，第4次写入成功
2022-06-27 11:07:01:280  motor_info数据表，第5次写入成功
2022-06-27 11:07:01:282  motor_info数据表，第6次写入成功
2022-06-27 11:07:01:284  motor_info数据表，第7次写入成功
2022-06-27 11:07:01:286  motor_info数据表，第8次写入成功
2022-06-27 11:07:01:288  motor_info数据表，第9次写入成功
2022-06-27 11:07:01:310  motor_info数据表，第10次写入成功
2022-06-27 11:07:01:314  motor_info数据表，第11次写入成功
2022-06-27 11:07:01:316  motor_info数据表，第12次写入成功
2022-06-27 11:07:01:319  motor_info数据表，第13次写入成功
2022-06-27 11:07:04:354  motor_info数据表，第14次写入成功
2022-06-27 11:07:04:460  motor_info数据表，第15次写入成功
2022-06-27 11:07:49:882  本地IP：127.0.0.1
2022-06-27 11:07:49:893  本地端口号：4500
2022-06-27 11:07:49:918  通讯模块设置成功
2022-06-27 11:07:49:929  综合数据盒连接IP：192.168.1.198
2022-06-27 11:07:49:930  正在打开设备...
2022-06-27 11:07:53:451  正在读取检测数据...
2022-06-27 11:07:59:257  开始处理数据
2022-06-27 11:07:59:477  右侧计算完成
2022-06-27 11:07:59:662  左侧计算完成
2022-06-27 11:07:59:663  检查结果数据
2022-06-27 11:07:59:667  通知桌面显示数据
2022-06-27 11:07:59:718  开始写入数据库
2022-06-27 11:07:59:909  预警及报警参数加载完成
2022-06-27 11:07:59:914  数据库打开成功
2022-06-27 11:07:59:917  train_info数据表写入成功
2022-06-27 11:07:59:919  train_onlyid读取成功
2022-06-27 11:07:59:922  train_data数据表写入成功
2022-06-27 11:07:59:930  vt_info数据表，第0次写入成功
2022-06-27 11:07:59:932  vt_info数据表，第1次写入成功
2022-06-27 11:07:59:935  vt_info数据表，第2次写入成功
2022-06-27 11:07:59:937  vt_info数据表，第3次写入成功
2022-06-27 11:07:59:939  vt_info数据表，第4次写入成功
2022-06-27 11:07:59:941  vt_info数据表，第5次写入成功
2022-06-27 11:07:59:949  vt_info数据表，第6次写入成功
2022-06-27 11:07:59:954  vt_info数据表，第7次写入成功
2022-06-27 11:08:00:101  vt_info数据表，第8次写入成功
2022-06-27 11:08:00:103  vt_info数据表，第9次写入成功
2022-06-27 11:08:00:105  vt_info数据表，第10次写入成功
2022-06-27 11:08:00:108  vt_info数据表，第11次写入成功
2022-06-27 11:08:00:110  vt_info数据表，第12次写入成功
2022-06-27 11:08:00:113  vt_info数据表，第13次写入成功
2022-06-27 11:08:00:115  vt_info数据表，第14次写入成功
2022-06-27 11:08:00:117  vt_info数据表，第15次写入成功
2022-06-27 11:08:00:119  vt_info数据表，第16次写入成功
2022-06-27 11:08:00:124  vt_info数据表，第17次写入成功
2022-06-27 11:08:00:125  vt_info数据表，第18次写入成功
2022-06-27 11:08:00:134  vt_info数据表，第19次写入成功
2022-06-27 11:08:00:138  vt_info数据表，第20次写入成功
2022-06-27 11:08:00:139  vt_info数据表，第21次写入成功
2022-06-27 11:08:00:141  vt_info数据表，第22次写入成功
2022-06-27 11:08:00:146  vt_info数据表，第23次写入成功
2022-06-27 11:08:00:148  vt_info数据表，第24次写入成功
2022-06-27 11:08:00:150  vt_info数据表，第25次写入成功
2022-06-27 11:08:00:155  vt_info数据表，第26次写入成功
2022-06-27 11:08:00:175  vt_info数据表，第27次写入成功
2022-06-27 11:08:00:178  vt_info数据表，第28次写入成功
2022-06-27 11:08:00:180  vt_info数据表，第29次写入成功
2022-06-27 11:08:00:183  vt_info数据表，第30次写入成功
2022-06-27 11:08:00:185  vt_info数据表，第31次写入成功
2022-06-27 11:08:00:188  vt_info数据表，第32次写入成功
2022-06-27 11:08:00:190  vt_info数据表，第33次写入成功
2022-06-27 11:08:00:192  vt_info数据表，第34次写入成功
2022-06-27 11:08:00:220  vt_info数据表，第35次写入成功
2022-06-27 11:08:00:224  vt_info数据表，第36次写入成功
2022-06-27 11:08:00:227  vt_info数据表，第37次写入成功
2022-06-27 11:08:00:230  vt_info数据表，第38次写入成功
2022-06-27 11:08:00:233  vt_info数据表，第39次写入成功
2022-06-27 11:08:00:256  vt_info数据表，第40次写入成功
2022-06-27 11:08:00:262  vt_info数据表，第41次写入成功
2022-06-27 11:08:00:264  vt_info数据表，第42次写入成功
2022-06-27 11:08:00:266  vt_info数据表，第43次写入成功
2022-06-27 11:08:00:291  vt_info数据表，第44次写入成功
2022-06-27 11:08:00:293  vt_info数据表，第45次写入成功
2022-06-27 11:08:00:295  vt_info数据表，第46次写入成功
2022-06-27 11:08:00:298  vt_info数据表，第47次写入成功
2022-06-27 11:08:00:329  motor_info数据表，第0次写入成功
2022-06-27 11:08:00:333  motor_info数据表，第1次写入成功
2022-06-27 11:08:00:335  motor_info数据表，第2次写入成功
2022-06-27 11:08:00:339  motor_info数据表，第3次写入成功
2022-06-27 11:08:00:343  motor_info数据表，第4次写入成功
2022-06-27 11:08:00:375  motor_info数据表，第5次写入成功
2022-06-27 11:08:00:377  motor_info数据表，第6次写入成功
2022-06-27 11:08:00:380  motor_info数据表，第7次写入成功
2022-06-27 11:08:00:383  motor_info数据表，第8次写入成功
2022-06-27 11:08:00:385  motor_info数据表，第9次写入成功
2022-06-27 11:08:00:409  motor_info数据表，第10次写入成功
2022-06-27 11:08:00:410  motor_info数据表，第11次写入成功
2022-06-27 11:08:00:413  motor_info数据表，第12次写入成功
2022-06-27 11:08:08:052  motor_info数据表，第13次写入成功
2022-06-27 11:08:08:092  motor_info数据表，第14次写入成功
2022-06-27 11:08:08:144  motor_info数据表，第15次写入成功
2022-06-27 11:11:07:626  创建连接出现异常，错误代码为：-6
2022-06-27 11:11:07:642  同步采集仪设置异常
2022-06-27 11:11:07:654  采集仪增益设置异常
2022-06-27 11:16:16:424  本地IP：127.0.0.1
2022-06-27 11:16:16:435  本地端口号：4500
2022-06-27 11:16:16:464  通讯模块设置成功
2022-06-27 11:16:16:478  综合数据盒连接IP：192.168.1.198
2022-06-27 11:16:16:480  正在打开设备...
2022-06-27 11:16:19:747  正在读取检测数据...
2022-06-27 11:16:25:280  开始处理数据
2022-06-27 11:16:25:530  右侧计算完成
2022-06-27 11:16:25:732  左侧计算完成
2022-06-27 11:16:25:733  检查结果数据
2022-06-27 11:16:25:737  通知桌面显示数据
2022-06-27 11:16:25:854  开始写入数据库
2022-06-27 11:16:26:063  预警及报警参数加载完成
2022-06-27 11:16:26:066  数据库打开成功
2022-06-27 11:16:26:069  train_info数据表写入成功
2022-06-27 11:16:26:074  train_onlyid读取成功
2022-06-27 11:16:26:078  train_data数据表写入成功
2022-06-27 11:16:26:085  vt_info数据表，第0次写入成功
2022-06-27 11:16:26:090  vt_info数据表，第1次写入成功
2022-06-27 11:16:26:097  vt_info数据表，第2次写入成功
2022-06-27 11:16:26:100  vt_info数据表，第3次写入成功
2022-06-27 11:16:26:103  vt_info数据表，第4次写入成功
2022-06-27 11:16:26:106  vt_info数据表，第5次写入成功
2022-06-27 11:16:26:114  vt_info数据表，第6次写入成功
2022-06-27 11:16:26:119  vt_info数据表，第7次写入成功
2022-06-27 11:16:26:122  vt_info数据表，第8次写入成功
2022-06-27 11:16:26:131  vt_info数据表，第9次写入成功
2022-06-27 11:16:26:295  vt_info数据表，第10次写入成功
2022-06-27 11:16:26:305  vt_info数据表，第11次写入成功
2022-06-27 11:16:26:307  vt_info数据表，第12次写入成功
2022-06-27 11:16:26:314  vt_info数据表，第13次写入成功
2022-06-27 11:16:26:317  vt_info数据表，第14次写入成功
2022-06-27 11:16:26:320  vt_info数据表，第15次写入成功
2022-06-27 11:16:26:323  vt_info数据表，第16次写入成功
2022-06-27 11:16:26:330  vt_info数据表，第17次写入成功
2022-06-27 11:16:26:334  vt_info数据表，第18次写入成功
2022-06-27 11:16:26:344  vt_info数据表，第19次写入成功
2022-06-27 11:16:26:348  vt_info数据表，第20次写入成功
2022-06-27 11:16:26:353  vt_info数据表，第21次写入成功
2022-06-27 11:16:26:355  vt_info数据表，第22次写入成功
2022-06-27 11:16:26:358  vt_info数据表，第23次写入成功
2022-06-27 11:16:26:363  vt_info数据表，第24次写入成功
2022-06-27 11:16:26:367  vt_info数据表，第25次写入成功
2022-06-27 11:16:26:372  vt_info数据表，第26次写入成功
2022-06-27 11:16:26:377  vt_info数据表，第27次写入成功
2022-06-27 11:16:26:382  vt_info数据表，第28次写入成功
2022-06-27 11:16:26:387  vt_info数据表，第29次写入成功
2022-06-27 11:16:26:390  vt_info数据表，第30次写入成功
2022-06-27 11:16:26:396  vt_info数据表，第31次写入成功
2022-06-27 11:16:26:400  vt_info数据表，第32次写入成功
2022-06-27 11:16:26:405  vt_info数据表，第33次写入成功
2022-06-27 11:16:26:409  vt_info数据表，第34次写入成功
2022-06-27 11:16:26:436  vt_info数据表，第35次写入成功
2022-06-27 11:16:26:439  vt_info数据表，第36次写入成功
2022-06-27 11:16:26:442  vt_info数据表，第37次写入成功
2022-06-27 11:16:26:445  vt_info数据表，第38次写入成功
2022-06-27 11:16:26:448  vt_info数据表，第39次写入成功
2022-06-27 11:16:26:451  vt_info数据表，第40次写入成功
2022-06-27 11:16:26:453  vt_info数据表，第41次写入成功
2022-06-27 11:16:26:455  vt_info数据表，第42次写入成功
2022-06-27 11:16:26:457  vt_info数据表，第43次写入成功
2022-06-27 11:16:26:460  vt_info数据表，第44次写入成功
2022-06-27 11:16:26:463  vt_info数据表，第45次写入成功
2022-06-27 11:16:26:468  vt_info数据表，第46次写入成功
2022-06-27 11:16:26:470  vt_info数据表，第47次写入成功
2022-06-27 11:16:26:475  motor_info数据表，第0次写入成功
2022-06-27 11:16:26:512  motor_info数据表，第1次写入成功
2022-06-27 11:16:26:514  motor_info数据表，第2次写入成功
2022-06-27 11:16:26:516  motor_info数据表，第3次写入成功
2022-06-27 11:16:26:519  motor_info数据表，第4次写入成功
2022-06-27 11:16:26:521  motor_info数据表，第5次写入成功
2022-06-27 11:16:26:525  motor_info数据表，第6次写入成功
2022-06-27 11:16:26:529  motor_info数据表，第7次写入成功
2022-06-27 11:16:26:534  motor_info数据表，第8次写入成功
2022-06-27 11:16:26:549  motor_info数据表，第9次写入成功
2022-06-27 11:16:26:551  motor_info数据表，第10次写入成功
2022-06-27 11:16:26:554  motor_info数据表，第11次写入成功
2022-06-27 11:16:26:556  motor_info数据表，第12次写入成功
2022-06-27 11:16:26:558  motor_info数据表，第13次写入成功
2022-06-27 11:22:30:452  本地IP：127.0.0.1
2022-06-27 11:22:30:463  本地端口号：4500
2022-06-27 11:22:30:490  通讯模块设置成功
2022-06-27 11:22:30:501  综合数据盒连接IP：192.168.1.198
2022-06-27 11:22:30:503  正在打开设备...
2022-06-27 11:22:36:291  正在读取检测数据...
2022-06-27 11:22:41:693  开始处理数据
2022-06-27 11:22:41:919  右侧计算完成
2022-06-27 11:22:42:098  左侧计算完成
2022-06-27 11:22:42:101  检查结果数据
2022-06-27 11:22:42:104  通知桌面显示数据
2022-06-27 11:22:42:149  开始写入数据库
2022-06-27 11:22:42:318  预警及报警参数加载完成
2022-06-27 11:22:42:320  数据库打开成功
2022-06-27 11:22:42:321  train_info数据表写入成功
2022-06-27 11:22:42:323  train_onlyid读取成功
2022-06-27 11:22:42:325  train_data数据表写入成功
2022-06-27 11:22:42:328  vt_info数据表，第0次写入成功
2022-06-27 11:22:42:330  vt_info数据表，第1次写入成功
2022-06-27 11:22:42:332  vt_info数据表，第2次写入成功
2022-06-27 11:22:42:334  vt_info数据表，第3次写入成功
2022-06-27 11:22:42:335  vt_info数据表，第4次写入成功
2022-06-27 11:22:42:337  vt_info数据表，第5次写入成功
2022-06-27 11:22:42:338  vt_info数据表，第6次写入成功
2022-06-27 11:22:42:426  vt_info数据表，第7次写入成功
2022-06-27 11:22:42:429  vt_info数据表，第8次写入成功
2022-06-27 11:22:42:431  vt_info数据表，第9次写入成功
2022-06-27 11:22:42:433  vt_info数据表，第10次写入成功
2022-06-27 11:22:42:435  vt_info数据表，第11次写入成功
2022-06-27 11:22:42:437  vt_info数据表，第12次写入成功
2022-06-27 11:22:42:438  vt_info数据表，第13次写入成功
2022-06-27 11:22:42:440  vt_info数据表，第14次写入成功
2022-06-27 11:22:42:442  vt_info数据表，第15次写入成功
2022-06-27 11:22:42:445  vt_info数据表，第16次写入成功
2022-06-27 11:22:42:447  vt_info数据表，第17次写入成功
2022-06-27 11:22:42:449  vt_info数据表，第18次写入成功
2022-06-27 11:22:42:451  vt_info数据表，第19次写入成功
2022-06-27 11:22:42:453  vt_info数据表，第20次写入成功
2022-06-27 11:22:42:455  vt_info数据表，第21次写入成功
2022-06-27 11:22:42:457  vt_info数据表，第22次写入成功
2022-06-27 11:22:42:459  vt_info数据表，第23次写入成功
2022-06-27 11:22:42:473  vt_info数据表，第24次写入成功
2022-06-27 11:22:42:475  vt_info数据表，第25次写入成功
2022-06-27 11:22:42:478  vt_info数据表，第26次写入成功
2022-06-27 11:22:42:480  vt_info数据表，第27次写入成功
2022-06-27 11:22:42:483  vt_info数据表，第28次写入成功
2022-06-27 11:22:42:485  vt_info数据表，第29次写入成功
2022-06-27 11:22:42:502  vt_info数据表，第30次写入成功
2022-06-27 11:22:42:504  vt_info数据表，第31次写入成功
2022-06-27 11:22:42:506  vt_info数据表，第32次写入成功
2022-06-27 11:22:42:507  vt_info数据表，第33次写入成功
2022-06-27 11:22:42:521  vt_info数据表，第34次写入成功
2022-06-27 11:22:42:523  vt_info数据表，第35次写入成功
2022-06-27 11:22:42:525  vt_info数据表，第36次写入成功
2022-06-27 11:22:42:542  vt_info数据表，第37次写入成功
2022-06-27 11:22:42:545  vt_info数据表，第38次写入成功
2022-06-27 11:22:42:547  vt_info数据表，第39次写入成功
2022-06-27 11:22:42:563  vt_info数据表，第40次写入成功
2022-06-27 11:22:42:564  vt_info数据表，第41次写入成功
2022-06-27 11:22:42:579  vt_info数据表，第42次写入成功
2022-06-27 11:22:42:580  vt_info数据表，第43次写入成功
2022-06-27 11:22:42:582  vt_info数据表，第44次写入成功
2022-06-27 11:22:42:597  vt_info数据表，第45次写入成功
2022-06-27 11:22:42:599  vt_info数据表，第46次写入成功
2022-06-27 11:22:42:600  vt_info数据表，第47次写入成功
2022-06-27 11:22:42:615  motor_info数据表，第0次写入成功
2022-06-27 11:22:42:616  motor_info数据表，第1次写入成功
2022-06-27 11:22:42:618  motor_info数据表，第2次写入成功
2022-06-27 11:22:42:632  motor_info数据表，第3次写入成功
2022-06-27 11:22:42:634  motor_info数据表，第4次写入成功
2022-06-27 11:22:42:636  motor_info数据表，第5次写入成功
2022-06-27 11:22:42:651  motor_info数据表，第6次写入成功
2022-06-27 11:22:42:652  motor_info数据表，第7次写入成功
2022-06-27 11:22:42:654  motor_info数据表，第8次写入成功
2022-06-27 11:22:42:671  motor_info数据表，第9次写入成功
2022-06-27 11:22:42:672  motor_info数据表，第10次写入成功
2022-06-27 11:22:42:674  motor_info数据表，第11次写入成功
2022-06-27 11:22:42:690  motor_info数据表，第12次写入成功
2022-06-27 11:22:42:693  motor_info数据表，第13次写入成功
2022-06-27 11:22:42:696  motor_info数据表，第14次写入成功
2022-06-27 11:22:46:263  motor_info数据表，第15次写入成功
2022-06-27 11:46:02:443  本地IP：127.0.0.1
2022-06-27 11:46:02:455  本地端口号：4500
2022-06-27 11:46:02:532  通讯模块设置成功
2022-06-27 11:46:02:602  综合数据盒连接IP：192.168.1.198
2022-06-27 11:46:02:604  正在打开设备...
2022-06-27 11:46:10:754  正在读取检测数据...
2022-06-27 11:46:15:941  开始处理数据
2022-06-27 11:46:16:164  右侧计算完成
2022-06-27 11:46:16:345  左侧计算完成
2022-06-27 11:46:16:347  检查结果数据
2022-06-27 11:46:16:352  通知桌面显示数据
2022-06-27 11:46:16:398  开始写入数据库
2022-06-27 11:46:16:550  预警及报警参数加载完成
2022-06-27 11:46:16:552  数据库打开成功
2022-06-27 11:46:16:553  train_info数据表写入成功
2022-06-27 11:46:16:555  train_onlyid读取成功
2022-06-27 11:46:16:556  train_data数据表写入成功
2022-06-27 11:46:16:558  vt_info数据表，第0次写入成功
2022-06-27 11:46:16:561  vt_info数据表，第1次写入成功
2022-06-27 11:46:16:563  vt_info数据表，第2次写入成功
2022-06-27 11:46:16:565  vt_info数据表，第3次写入成功
2022-06-27 11:46:16:566  vt_info数据表，第4次写入成功
2022-06-27 11:46:16:568  vt_info数据表，第5次写入成功
2022-06-27 11:46:16:570  vt_info数据表，第6次写入成功
2022-06-27 11:46:16:654  vt_info数据表，第7次写入成功
2022-06-27 11:46:16:655  vt_info数据表，第8次写入成功
2022-06-27 11:46:16:657  vt_info数据表，第9次写入成功
2022-06-27 11:46:16:660  vt_info数据表，第10次写入成功
2022-06-27 11:46:16:662  vt_info数据表，第11次写入成功
2022-06-27 11:46:16:664  vt_info数据表，第12次写入成功
2022-06-27 11:46:16:665  vt_info数据表，第13次写入成功
2022-06-27 11:46:16:667  vt_info数据表，第14次写入成功
2022-06-27 11:46:16:669  vt_info数据表，第15次写入成功
2022-06-27 11:46:16:671  vt_info数据表，第16次写入成功
2022-06-27 11:46:16:672  vt_info数据表，第17次写入成功
2022-06-27 11:46:16:674  vt_info数据表，第18次写入成功
2022-06-27 11:46:16:676  vt_info数据表，第19次写入成功
2022-06-27 11:46:16:679  vt_info数据表，第20次写入成功
2022-06-27 11:46:16:680  vt_info数据表，第21次写入成功
2022-06-27 11:46:16:682  vt_info数据表，第22次写入成功
2022-06-27 11:46:16:684  vt_info数据表，第23次写入成功
2022-06-27 11:46:16:699  vt_info数据表，第24次写入成功
2022-06-27 11:46:16:701  vt_info数据表，第25次写入成功
2022-06-27 11:46:16:703  vt_info数据表，第26次写入成功
2022-06-27 11:46:16:705  vt_info数据表，第27次写入成功
2022-06-27 11:46:16:707  vt_info数据表，第28次写入成功
2022-06-27 11:46:16:709  vt_info数据表，第29次写入成功
2022-06-27 11:46:16:723  vt_info数据表，第30次写入成功
2022-06-27 11:46:16:728  vt_info数据表，第31次写入成功
2022-06-27 11:46:16:729  vt_info数据表，第32次写入成功
2022-06-27 11:46:16:745  vt_info数据表，第33次写入成功
2022-06-27 11:46:16:747  vt_info数据表，第34次写入成功
2022-06-27 11:46:16:749  vt_info数据表，第35次写入成功
2022-06-27 11:46:16:767  vt_info数据表，第36次写入成功
2022-06-27 11:46:16:769  vt_info数据表，第37次写入成功
2022-06-27 11:46:16:770  vt_info数据表，第38次写入成功
2022-06-27 11:46:16:785  vt_info数据表，第39次写入成功
2022-06-27 11:46:16:787  vt_info数据表，第40次写入成功
2022-06-27 11:46:16:789  vt_info数据表，第41次写入成功
2022-06-27 11:46:16:804  vt_info数据表，第42次写入成功
2022-06-27 11:46:16:805  vt_info数据表，第43次写入成功
2022-06-27 11:46:16:807  vt_info数据表，第44次写入成功
2022-06-27 11:46:16:822  vt_info数据表，第45次写入成功
2022-06-27 11:46:16:824  vt_info数据表，第46次写入成功
2022-06-27 11:46:16:829  vt_info数据表，第47次写入成功
2022-06-27 11:46:16:844  motor_info数据表，第0次写入成功
2022-06-27 11:46:16:846  motor_info数据表，第1次写入成功
2022-06-27 11:46:16:847  motor_info数据表，第2次写入成功
2022-06-27 11:46:16:849  motor_info数据表，第3次写入成功
2022-06-27 11:46:16:864  motor_info数据表，第4次写入成功
2022-06-27 11:46:16:866  motor_info数据表，第5次写入成功
2022-06-27 11:46:16:868  motor_info数据表，第6次写入成功
2022-06-27 11:46:16:883  motor_info数据表，第7次写入成功
2022-06-27 11:46:16:884  motor_info数据表，第8次写入成功
2022-06-27 11:46:16:886  motor_info数据表，第9次写入成功
2022-06-27 11:46:16:901  motor_info数据表，第10次写入成功
2022-06-27 11:46:16:903  motor_info数据表，第11次写入成功
2022-06-27 11:46:16:905  motor_info数据表，第12次写入成功
2022-06-27 11:46:16:921  motor_info数据表，第13次写入成功
2022-06-27 11:46:16:923  motor_info数据表，第14次写入成功
2022-06-27 11:46:16:925  motor_info数据表，第15次写入成功
2022-06-27 11:46:19:126  数据库关闭！
2022-06-27 11:46:23:653  创建连接出现异常，错误代码为：-6
2022-06-27 11:46:23:670  同步采集仪设置异常
2022-06-27 11:46:23:683  采集仪增益设置异常
2022-06-27 11:46:38:768  本地IP：127.0.0.1
2022-06-27 11:46:38:780  本地端口号：4500
2022-06-27 11:46:38:809  通讯模块设置成功
2022-06-27 11:46:38:843  综合数据盒连接IP：192.168.1.198
2022-06-27 11:46:38:845  正在打开设备...
2022-06-27 11:46:42:594  正在读取检测数据...
2022-06-27 11:46:47:983  开始处理数据
2022-06-27 11:46:48:211  右侧计算完成
2022-06-27 11:46:48:390  左侧计算完成
2022-06-27 11:46:48:391  检查结果数据
2022-06-27 11:46:48:395  通知桌面显示数据
2022-06-27 11:46:48:481  开始写入数据库
2022-06-27 11:46:48:634  预警及报警参数加载完成
2022-06-27 11:46:48:636  数据库打开成功
2022-06-27 11:46:48:637  train_info数据表写入成功
2022-06-27 11:46:48:639  train_onlyid读取成功
2022-06-27 11:46:48:640  train_data数据表写入成功
2022-06-27 11:46:48:644  vt_info数据表，第0次写入成功
2022-06-27 11:46:48:646  vt_info数据表，第1次写入成功
2022-06-27 11:46:48:647  vt_info数据表，第2次写入成功
2022-06-27 11:46:48:649  vt_info数据表，第3次写入成功
2022-06-27 11:46:48:651  vt_info数据表，第4次写入成功
2022-06-27 11:46:48:653  vt_info数据表，第5次写入成功
2022-06-27 11:46:48:655  vt_info数据表，第6次写入成功
2022-06-27 11:46:48:657  vt_info数据表，第7次写入成功
2022-06-27 11:46:48:741  vt_info数据表，第8次写入成功
2022-06-27 11:46:48:744  vt_info数据表，第9次写入成功
2022-06-27 11:46:48:746  vt_info数据表，第10次写入成功
2022-06-27 11:46:48:747  vt_info数据表，第11次写入成功
2022-06-27 11:46:48:749  vt_info数据表，第12次写入成功
2022-06-27 11:46:48:751  vt_info数据表，第13次写入成功
2022-06-27 11:46:48:753  vt_info数据表，第14次写入成功
2022-06-27 11:46:48:754  vt_info数据表，第15次写入成功
2022-06-27 11:46:48:756  vt_info数据表，第16次写入成功
2022-06-27 11:46:48:758  vt_info数据表，第17次写入成功
2022-06-27 11:46:48:760  vt_info数据表，第18次写入成功
2022-06-27 11:46:48:763  vt_info数据表，第19次写入成功
2022-06-27 11:46:48:765  vt_info数据表，第20次写入成功
2022-06-27 11:46:48:767  vt_info数据表，第21次写入成功
2022-06-27 11:46:48:770  vt_info数据表，第22次写入成功
2022-06-27 11:46:48:772  vt_info数据表，第23次写入成功
2022-06-27 11:46:48:774  vt_info数据表，第24次写入成功
2022-06-27 11:46:48:789  vt_info数据表，第25次写入成功
2022-06-27 11:46:48:791  vt_info数据表，第26次写入成功
2022-06-27 11:46:48:793  vt_info数据表，第27次写入成功
2022-06-27 11:46:48:795  vt_info数据表，第28次写入成功
2022-06-27 11:46:48:797  vt_info数据表，第29次写入成功
2022-06-27 11:46:48:799  vt_info数据表，第30次写入成功
2022-06-27 11:46:48:800  vt_info数据表，第31次写入成功
2022-06-27 11:46:48:817  vt_info数据表，第32次写入成功
2022-06-27 11:46:48:819  vt_info数据表，第33次写入成功
2022-06-27 11:46:48:821  vt_info数据表，第34次写入成功
2022-06-27 11:46:48:822  vt_info数据表，第35次写入成功
2022-06-27 11:46:48:839  vt_info数据表，第36次写入成功
2022-06-27 11:46:48:840  vt_info数据表，第37次写入成功
2022-06-27 11:46:48:843  vt_info数据表，第38次写入成功
2022-06-27 11:46:48:858  vt_info数据表，第39次写入成功
2022-06-27 11:46:48:861  vt_info数据表，第40次写入成功
2022-06-27 11:46:48:862  vt_info数据表，第41次写入成功
2022-06-27 11:46:48:877  vt_info数据表，第42次写入成功
2022-06-27 11:46:48:879  vt_info数据表，第43次写入成功
2022-06-27 11:46:48:881  vt_info数据表，第44次写入成功
2022-06-27 11:46:48:895  vt_info数据表，第45次写入成功
2022-06-27 11:46:48:896  vt_info数据表，第46次写入成功
2022-06-27 11:46:48:898  vt_info数据表，第47次写入成功
2022-06-27 11:46:48:912  motor_info数据表，第0次写入成功
2022-06-27 11:46:48:914  motor_info数据表，第1次写入成功
2022-06-27 11:46:48:916  motor_info数据表，第2次写入成功
2022-06-27 11:46:48:931  motor_info数据表，第3次写入成功
2022-06-27 11:46:48:932  motor_info数据表，第4次写入成功
2022-06-27 11:46:48:934  motor_info数据表，第5次写入成功
2022-06-27 11:46:48:948  motor_info数据表，第6次写入成功
2022-06-27 11:46:48:950  motor_info数据表，第7次写入成功
2022-06-27 11:46:48:952  motor_info数据表，第8次写入成功
2022-06-27 11:46:48:967  motor_info数据表，第9次写入成功
2022-06-27 11:46:48:968  motor_info数据表，第10次写入成功
2022-06-27 11:46:48:970  motor_info数据表，第11次写入成功
2022-06-27 11:46:48:987  motor_info数据表，第12次写入成功
2022-06-27 11:46:48:989  motor_info数据表，第13次写入成功
2022-06-27 11:47:02:230  motor_info数据表，第14次写入成功
2022-06-27 11:47:02:249  motor_info数据表，第15次写入成功
2022-06-27 11:47:02:277  创建连接出现异常，错误代码为：-6
2022-06-27 11:47:02:293  同步采集仪设置异常
2022-06-27 11:47:02:308  采集仪增益设置异常
