2020-12-14 20:04:51:783  磁钢信号预处理完成，位置标记：1
2020-12-14 20:04:51:783  温度分轮成功，分轮数尺度为：48
2020-12-14 20:04:51:861  轴承端盖温度特征值计算完成, 位置标记：1
2020-12-14 20:04:51:924  电机温度计算完成, 位置标记：1
2020-12-14 20:04:51:924  电机温度计算完成, 位置标记：1
2020-12-14 20:04:51:924  电机温度计算完成, 位置标记：1
2020-12-14 20:04:51:924  电机温度计算完成, 位置标记：1
2020-12-14 20:04:51:924  电机温度计算完成, 位置标记：1
2020-12-14 20:04:51:939  电机温度计算完成, 位置标记：1
2020-12-14 20:04:51:939  电机温度计算完成, 位置标记：1
2020-12-14 20:04:51:939  电机温度计算完成, 位置标记：1
2020-12-14 20:04:51:939  车速为：36.751位置标记为：1
2020-12-14 20:04:51:955  振动分轮计算完成, 位置标记：1
2020-12-14 20:04:52:252  振动特征值计算完成, 位置标记：1
2020-12-14 20:04:52:299  磁钢信号预处理完成，位置标记：0
2020-12-14 20:04:52:314  温度分轮成功，分轮数尺度为：48
2020-12-14 20:04:52:377  轴承端盖温度特征值计算完成, 位置标记：0
2020-12-14 20:04:52:439  电机温度计算完成, 位置标记：0
2020-12-14 20:04:52:439  电机温度计算完成, 位置标记：0
2020-12-14 20:04:52:455  电机温度计算完成, 位置标记：0
2020-12-14 20:04:52:455  电机温度计算完成, 位置标记：0
2020-12-14 20:04:52:455  电机温度计算完成, 位置标记：0
2020-12-14 20:04:52:455  电机温度计算完成, 位置标记：0
2020-12-14 20:04:52:455  电机温度计算完成, 位置标记：0
2020-12-14 20:04:52:455  电机温度计算完成, 位置标记：0
2020-12-14 20:04:52:471  车速为：36.751位置标记为：0
2020-12-14 20:04:52:486  振动分轮计算完成, 位置标记：0
2020-12-14 20:04:52:768  振动特征值计算完成, 位置标记：0
2020-12-14 20:14:50:085  磁钢信号预处理完成，位置标记：1
2020-12-14 20:14:50:101  温度分轮成功，分轮数尺度为：48
2020-12-14 20:14:50:163  轴承端盖温度特征值计算完成, 位置标记：1
2020-12-14 20:14:50:226  电机温度计算完成, 位置标记：1
2020-12-14 20:14:50:226  电机温度计算完成, 位置标记：1
2020-12-14 20:14:50:241  电机温度计算完成, 位置标记：1
2020-12-14 20:14:50:241  电机温度计算完成, 位置标记：1
2020-12-14 20:14:50:241  电机温度计算完成, 位置标记：1
2020-12-14 20:14:50:241  电机温度计算完成, 位置标记：1
2020-12-14 20:14:50:241  电机温度计算完成, 位置标记：1
2020-12-14 20:14:50:241  电机温度计算完成, 位置标记：1
2020-12-14 20:14:50:257  车速为：36.7837位置标记为：1
2020-12-14 20:14:50:273  振动分轮计算完成, 位置标记：1
2020-12-14 20:14:50:554  振动特征值计算完成, 位置标记：1
2020-12-14 20:14:50:616  磁钢信号预处理完成，位置标记：0
2020-12-14 20:14:50:632  温度分轮成功，分轮数尺度为：48
2020-12-14 20:14:50:695  轴承端盖温度特征值计算完成, 位置标记：0
2020-12-14 20:14:50:757  电机温度计算完成, 位置标记：0
2020-12-14 20:14:50:757  电机温度计算完成, 位置标记：0
2020-12-14 20:14:50:757  电机温度计算完成, 位置标记：0
2020-12-14 20:14:50:757  电机温度计算完成, 位置标记：0
2020-12-14 20:14:50:757  电机温度计算完成, 位置标记：0
2020-12-14 20:14:50:773  电机温度计算完成, 位置标记：0
2020-12-14 20:14:50:773  电机温度计算完成, 位置标记：0
2020-12-14 20:14:50:773  电机温度计算完成, 位置标记：0
2020-12-14 20:14:50:773  车速为：36.7837位置标记为：0
2020-12-14 20:14:50:788  振动分轮计算完成, 位置标记：0
2020-12-14 20:14:51:054  振动特征值计算完成, 位置标记：0
2020-12-14 20:24:45:445  磁钢信号预处理完成，位置标记：1
2020-12-14 20:24:45:460  温度分轮成功，分轮数尺度为：48
2020-12-14 20:24:45:523  轴承端盖温度特征值计算完成, 位置标记：1
2020-12-14 20:24:45:570  电机温度计算完成, 位置标记：1
2020-12-14 20:24:45:570  电机温度计算完成, 位置标记：1
2020-12-14 20:24:45:570  电机温度计算完成, 位置标记：1
2020-12-14 20:24:45:570  电机温度计算完成, 位置标记：1
2020-12-14 20:24:45:585  电机温度计算完成, 位置标记：1
2020-12-14 20:24:45:585  电机温度计算完成, 位置标记：1
2020-12-14 20:24:45:585  电机温度计算完成, 位置标记：1
2020-12-14 20:24:45:585  电机温度计算完成, 位置标记：1
2020-12-14 20:24:45:585  车速为：36.751位置标记为：1
2020-12-14 20:24:45:601  振动分轮计算完成, 位置标记：1
2020-12-14 20:24:45:804  振动特征值计算完成, 位置标记：1
2020-12-14 20:24:45:851  磁钢信号预处理完成，位置标记：0
2020-12-14 20:24:45:867  温度分轮成功，分轮数尺度为：48
2020-12-14 20:24:45:914  轴承端盖温度特征值计算完成, 位置标记：0
2020-12-14 20:24:45:976  电机温度计算完成, 位置标记：0
2020-12-14 20:24:45:976  电机温度计算完成, 位置标记：0
2020-12-14 20:24:45:976  电机温度计算完成, 位置标记：0
2020-12-14 20:24:45:976  电机温度计算完成, 位置标记：0
2020-12-14 20:24:45:976  电机温度计算完成, 位置标记：0
2020-12-14 20:24:45:992  电机温度计算完成, 位置标记：0
2020-12-14 20:24:45:992  电机温度计算完成, 位置标记：0
2020-12-14 20:24:45:992  电机温度计算完成, 位置标记：0
2020-12-14 20:24:45:992  车速为：36.751位置标记为：0
2020-12-14 20:24:46:007  振动分轮计算完成, 位置标记：0
2020-12-14 20:24:46:304  振动特征值计算完成, 位置标记：0
2020-12-14 20:33:28:925  磁钢信号预处理完成，位置标记：1
2020-12-14 20:33:28:941  温度分轮成功，分轮数尺度为：48
2020-12-14 20:33:29:003  轴承端盖温度特征值计算完成, 位置标记：1
2020-12-14 20:33:29:066  电机温度计算完成, 位置标记：1
2020-12-14 20:33:29:081  电机温度计算完成, 位置标记：1
2020-12-14 20:33:29:081  电机温度计算完成, 位置标记：1
2020-12-14 20:33:29:081  电机温度计算完成, 位置标记：1
2020-12-14 20:33:29:081  电机温度计算完成, 位置标记：1
2020-12-14 20:33:29:081  电机温度计算完成, 位置标记：1
2020-12-14 20:33:29:097  电机温度计算完成, 位置标记：1
2020-12-14 20:33:29:097  电机温度计算完成, 位置标记：1
2020-12-14 20:33:29:097  车速为：36.4597位置标记为：1
2020-12-14 20:33:29:113  振动分轮计算完成, 位置标记：1
2020-12-14 20:33:29:409  振动特征值计算完成, 位置标记：1
2020-12-14 20:33:29:456  磁钢信号预处理完成，位置标记：0
2020-12-14 20:33:29:472  温度分轮成功，分轮数尺度为：48
2020-12-14 20:33:29:534  轴承端盖温度特征值计算完成, 位置标记：0
2020-12-14 20:33:29:597  电机温度计算完成, 位置标记：0
2020-12-14 20:33:29:597  电机温度计算完成, 位置标记：0
2020-12-14 20:33:29:597  电机温度计算完成, 位置标记：0
2020-12-14 20:33:29:597  电机温度计算完成, 位置标记：0
2020-12-14 20:33:29:613  电机温度计算完成, 位置标记：0
2020-12-14 20:33:29:613  电机温度计算完成, 位置标记：0
2020-12-14 20:33:29:613  电机温度计算完成, 位置标记：0
2020-12-14 20:33:29:613  电机温度计算完成, 位置标记：0
2020-12-14 20:33:29:613  车速为：36.4597位置标记为：0
2020-12-14 20:33:29:644  振动分轮计算完成, 位置标记：0
2020-12-14 20:33:29:925  振动特征值计算完成, 位置标记：0
2020-12-14 20:43:00:639  磁钢信号预处理完成，位置标记：1
2020-12-14 20:43:00:655  温度分轮成功，分轮数尺度为：48
2020-12-14 20:43:00:717  轴承端盖温度特征值计算完成, 位置标记：1
2020-12-14 20:43:00:780  电机温度计算完成, 位置标记：1
2020-12-14 20:43:00:780  电机温度计算完成, 位置标记：1
2020-12-14 20:43:00:780  电机温度计算完成, 位置标记：1
2020-12-14 20:43:00:795  电机温度计算完成, 位置标记：1
2020-12-14 20:43:00:795  电机温度计算完成, 位置标记：1
2020-12-14 20:43:00:795  电机温度计算完成, 位置标记：1
2020-12-14 20:43:00:795  电机温度计算完成, 位置标记：1
2020-12-14 20:43:00:795  电机温度计算完成, 位置标记：1
2020-12-14 20:43:00:795  车速为：36.6696位置标记为：1
2020-12-14 20:43:00:827  振动分轮计算完成, 位置标记：1
2020-12-14 20:43:01:092  振动特征值计算完成, 位置标记：1
2020-12-14 20:43:01:155  磁钢信号预处理完成，位置标记：0
2020-12-14 20:43:01:155  温度分轮成功，分轮数尺度为：48
2020-12-14 20:43:01:233  轴承端盖温度特征值计算完成, 位置标记：0
2020-12-14 20:43:01:295  电机温度计算完成, 位置标记：0
2020-12-14 20:43:01:295  电机温度计算完成, 位置标记：0
2020-12-14 20:43:01:295  电机温度计算完成, 位置标记：0
2020-12-14 20:43:01:295  电机温度计算完成, 位置标记：0
2020-12-14 20:43:01:311  电机温度计算完成, 位置标记：0
2020-12-14 20:43:01:311  电机温度计算完成, 位置标记：0
2020-12-14 20:43:01:311  电机温度计算完成, 位置标记：0
2020-12-14 20:43:01:311  电机温度计算完成, 位置标记：0
2020-12-14 20:43:01:311  车速为：36.6696位置标记为：0
2020-12-14 20:43:01:342  振动分轮计算完成, 位置标记：0
2020-12-14 20:43:01:624  振动特征值计算完成, 位置标记：0
2020-12-14 20:54:29:443  磁钢信号预处理完成，位置标记：1
2020-12-14 20:54:29:459  温度分轮成功，分轮数尺度为：48
2020-12-14 20:54:29:521  轴承端盖温度特征值计算完成, 位置标记：1
2020-12-14 20:54:29:584  电机温度计算完成, 位置标记：1
2020-12-14 20:54:29:599  电机温度计算完成, 位置标记：1
2020-12-14 20:54:29:599  电机温度计算完成, 位置标记：1
2020-12-14 20:54:29:599  电机温度计算完成, 位置标记：1
2020-12-14 20:54:29:599  电机温度计算完成, 位置标记：1
2020-12-14 20:54:29:599  电机温度计算完成, 位置标记：1
2020-12-14 20:54:29:615  电机温度计算完成, 位置标记：1
2020-12-14 20:54:29:615  电机温度计算完成, 位置标记：1
2020-12-14 20:54:29:615  车速为：36.6048位置标记为：1
2020-12-14 20:54:29:631  振动分轮计算完成, 位置标记：1
2020-12-14 20:54:29:912  振动特征值计算完成, 位置标记：1
2020-12-14 20:54:29:974  磁钢信号预处理完成，位置标记：0
2020-12-14 20:54:29:990  温度分轮成功，分轮数尺度为：48
2020-12-14 20:54:30:053  轴承端盖温度特征值计算完成, 位置标记：0
2020-12-14 20:54:30:115  电机温度计算完成, 位置标记：0
2020-12-14 20:54:30:115  电机温度计算完成, 位置标记：0
2020-12-14 20:54:30:131  电机温度计算完成, 位置标记：0
2020-12-14 20:54:30:131  电机温度计算完成, 位置标记：0
2020-12-14 20:54:30:131  电机温度计算完成, 位置标记：0
2020-12-14 20:54:30:131  电机温度计算完成, 位置标记：0
2020-12-14 20:54:30:131  电机温度计算完成, 位置标记：0
2020-12-14 20:54:30:146  电机温度计算完成, 位置标记：0
2020-12-14 20:54:30:146  车速为：36.6048位置标记为：0
2020-12-14 20:54:30:162  振动分轮计算完成, 位置标记：0
2020-12-14 20:54:30:443  振动特征值计算完成, 位置标记：0
