2020-12-14 20:03:17:251  收到来车信号，流水号：20201214200317，所有设备开始采集
2020-12-14 20:03:17:283  开启A/D采集
2020-12-14 20:03:42:923  收到离车信号，流水号：20201214200317，线号：14，车号：027028，主控端：0，所有设备停止采集
2020-12-14 20:03:42:923  收到停止采集命令，开始停止采集
2020-12-14 20:03:42:923  停止采集数据
2020-12-14 20:03:42:939  采集连接已断开
2020-12-14 20:03:42:939  开始数据分析和落盘
2020-12-14 20:03:48:095  vibration1完成落盘
2020-12-14 20:03:52:392  vibration2完成落盘
2020-12-14 20:03:56:861  vibration3完成落盘
2020-12-14 20:04:01:158  vibration4完成落盘
2020-12-14 20:04:05:564  vibration5完成落盘
2020-12-14 20:04:09:892  vibration6完成落盘
2020-12-14 20:04:14:158  vibration7完成落盘
2020-12-14 20:04:18:345  vibration8完成落盘
2020-12-14 20:04:22:564  magnetic1完成落盘
2020-12-14 20:04:26:533  magnetic2完成落盘
2020-12-14 20:04:30:939  magnetic3完成落盘
2020-12-14 20:04:35:205  magnetic4完成落盘
2020-12-14 20:04:39:377  temperate1完成落盘
2020-12-14 20:04:43:580  temperate2完成落盘
2020-12-14 20:04:47:533  temperate3完成落盘
2020-12-14 20:04:51:611  temperate4完成落盘
2020-12-14 20:04:51:611  开始处理数据
2020-12-14 20:04:52:252  右侧计算完成
2020-12-14 20:04:52:783  左侧计算完成
2020-12-14 20:04:52:783  检查结果数据
2020-12-14 20:04:52:783  通知桌面显示数据
2020-12-14 20:04:52:799  开始写入数据库
2020-12-14 20:04:52:814  预警及报警参数加载完成
2020-12-14 20:04:52:814  数据库打开成功
2020-12-14 20:04:52:814  train_info数据表写入成功
2020-12-14 20:04:52:877  train_onlyid读取成功
2020-12-14 20:04:52:877  train_data数据表写入成功
2020-12-14 20:04:52:892  vt_info数据表，第0次写入成功
2020-12-14 20:04:52:892  vt_info数据表，第1次写入成功
2020-12-14 20:04:52:892  vt_info数据表，第2次写入成功
2020-12-14 20:04:52:892  vt_info数据表，第3次写入成功
2020-12-14 20:04:52:908  vt_info数据表，第4次写入成功
2020-12-14 20:04:52:908  vt_info数据表，第5次写入成功
2020-12-14 20:04:52:908  vt_info数据表，第6次写入成功
2020-12-14 20:04:52:908  vt_info数据表，第7次写入成功
2020-12-14 20:04:52:924  vt_info数据表，第8次写入成功
2020-12-14 20:04:52:924  vt_info数据表，第9次写入成功
2020-12-14 20:04:52:924  vt_info数据表，第10次写入成功
2020-12-14 20:04:52:924  vt_info数据表，第11次写入成功
2020-12-14 20:04:52:924  vt_info数据表，第12次写入成功
2020-12-14 20:04:52:939  vt_info数据表，第13次写入成功
2020-12-14 20:04:52:939  vt_info数据表，第14次写入成功
2020-12-14 20:04:52:939  vt_info数据表，第15次写入成功
2020-12-14 20:04:52:939  vt_info数据表，第16次写入成功
2020-12-14 20:04:52:955  vt_info数据表，第17次写入成功
2020-12-14 20:04:52:955  vt_info数据表，第18次写入成功
2020-12-14 20:04:52:955  vt_info数据表，第19次写入成功
2020-12-14 20:04:52:955  vt_info数据表，第20次写入成功
2020-12-14 20:04:52:971  vt_info数据表，第21次写入成功
2020-12-14 20:04:52:971  vt_info数据表，第22次写入成功
2020-12-14 20:04:52:971  vt_info数据表，第23次写入成功
2020-12-14 20:04:52:971  vt_info数据表，第24次写入成功
2020-12-14 20:04:52:971  vt_info数据表，第25次写入成功
2020-12-14 20:04:52:986  vt_info数据表，第26次写入成功
2020-12-14 20:04:52:986  vt_info数据表，第27次写入成功
2020-12-14 20:04:52:986  vt_info数据表，第28次写入成功
2020-12-14 20:04:52:986  vt_info数据表，第29次写入成功
2020-12-14 20:04:53:002  vt_info数据表，第30次写入成功
2020-12-14 20:04:53:002  vt_info数据表，第31次写入成功
2020-12-14 20:04:53:002  vt_info数据表，第32次写入成功
2020-12-14 20:04:53:002  vt_info数据表，第33次写入成功
2020-12-14 20:04:53:002  vt_info数据表，第34次写入成功
2020-12-14 20:04:53:017  vt_info数据表，第35次写入成功
2020-12-14 20:04:53:017  vt_info数据表，第36次写入成功
2020-12-14 20:04:53:017  vt_info数据表，第37次写入成功
2020-12-14 20:04:53:017  vt_info数据表，第38次写入成功
2020-12-14 20:04:53:033  vt_info数据表，第39次写入成功
2020-12-14 20:04:53:033  vt_info数据表，第40次写入成功
2020-12-14 20:04:53:033  vt_info数据表，第41次写入成功
2020-12-14 20:04:53:033  vt_info数据表，第42次写入成功
2020-12-14 20:04:53:049  vt_info数据表，第43次写入成功
2020-12-14 20:04:53:049  vt_info数据表，第44次写入成功
2020-12-14 20:04:53:049  vt_info数据表，第45次写入成功
2020-12-14 20:04:53:049  vt_info数据表，第46次写入成功
2020-12-14 20:04:53:049  vt_info数据表，第47次写入成功
2020-12-14 20:04:53:064  motor_info数据表，第0次写入成功
2020-12-14 20:04:53:064  motor_info数据表，第1次写入成功
2020-12-14 20:04:53:064  motor_info数据表，第2次写入成功
2020-12-14 20:04:53:064  motor_info数据表，第3次写入成功
2020-12-14 20:04:53:064  motor_info数据表，第4次写入成功
2020-12-14 20:04:53:064  motor_info数据表，第5次写入成功
2020-12-14 20:04:53:080  motor_info数据表，第6次写入成功
2020-12-14 20:04:53:080  motor_info数据表，第7次写入成功
2020-12-14 20:04:53:080  motor_info数据表，第8次写入成功
2020-12-14 20:04:53:080  motor_info数据表，第9次写入成功
2020-12-14 20:04:53:080  motor_info数据表，第10次写入成功
2020-12-14 20:04:53:096  motor_info数据表，第11次写入成功
2020-12-14 20:04:53:096  motor_info数据表，第12次写入成功
2020-12-14 20:04:53:096  motor_info数据表，第13次写入成功
2020-12-14 20:04:53:096  motor_info数据表，第14次写入成功
2020-12-14 20:04:53:111  motor_info数据表，第15次写入成功
2020-12-14 20:04:53:111  数据库关闭！
2020-12-14 20:13:14:912  收到来车信号，流水号：20201214201314，所有设备开始采集
2020-12-14 20:13:14:943  开启A/D采集
2020-12-14 20:13:40:631  收到离车信号，流水号：20201214201314，线号：14，车号：011012，主控端：1，所有设备停止采集
2020-12-14 20:13:40:631  收到停止采集命令，开始停止采集
2020-12-14 20:13:40:647  停止采集数据
2020-12-14 20:13:40:647  采集连接已断开
2020-12-14 20:13:40:647  开始数据分析和落盘
2020-12-14 20:13:45:272  vibration1完成落盘
2020-12-14 20:13:49:584  vibration2完成落盘
2020-12-14 20:13:54:100  vibration3完成落盘
2020-12-14 20:13:58:584  vibration4完成落盘
2020-12-14 20:14:02:959  vibration5完成落盘
2020-12-14 20:14:07:287  vibration6完成落盘
2020-12-14 20:14:11:410  vibration7完成落盘
2020-12-14 20:14:15:379  vibration8完成落盘
2020-12-14 20:14:19:585  magnetic1完成落盘
2020-12-14 20:14:24:054  magnetic2完成落盘
2020-12-14 20:14:28:382  magnetic3完成落盘
2020-12-14 20:14:32:913  magnetic4完成落盘
2020-12-14 20:14:37:132  temperate1完成落盘
2020-12-14 20:14:41:366  temperate2完成落盘
2020-12-14 20:14:45:585  temperate3完成落盘
2020-12-14 20:14:49:913  temperate4完成落盘
2020-12-14 20:14:49:929  开始处理数据
2020-12-14 20:14:50:570  右侧计算完成
2020-12-14 20:14:51:054  左侧计算完成
2020-12-14 20:14:51:054  检查结果数据
2020-12-14 20:14:51:054  通知桌面显示数据
2020-12-14 20:14:51:070  开始写入数据库
2020-12-14 20:14:51:101  预警及报警参数加载完成
2020-12-14 20:14:51:101  数据库打开成功
2020-12-14 20:14:51:101  train_info数据表写入成功
2020-12-14 20:14:51:163  train_onlyid读取成功
2020-12-14 20:14:51:163  train_data数据表写入成功
2020-12-14 20:14:51:163  vt_info数据表，第0次写入成功
2020-12-14 20:14:51:179  vt_info数据表，第1次写入成功
2020-12-14 20:14:51:179  vt_info数据表，第2次写入成功
2020-12-14 20:14:51:179  vt_info数据表，第3次写入成功
2020-12-14 20:14:51:179  vt_info数据表，第4次写入成功
2020-12-14 20:14:51:195  vt_info数据表，第5次写入成功
2020-12-14 20:14:51:195  vt_info数据表，第6次写入成功
2020-12-14 20:14:51:195  vt_info数据表，第7次写入成功
2020-12-14 20:14:51:195  vt_info数据表，第8次写入成功
2020-12-14 20:14:51:210  vt_info数据表，第9次写入成功
2020-12-14 20:14:51:210  vt_info数据表，第10次写入成功
2020-12-14 20:14:51:210  vt_info数据表，第11次写入成功
2020-12-14 20:14:51:210  vt_info数据表，第12次写入成功
2020-12-14 20:14:51:226  vt_info数据表，第13次写入成功
2020-12-14 20:14:51:226  vt_info数据表，第14次写入成功
2020-12-14 20:14:51:226  vt_info数据表，第15次写入成功
2020-12-14 20:14:51:226  vt_info数据表，第16次写入成功
2020-12-14 20:14:51:226  vt_info数据表，第17次写入成功
2020-12-14 20:14:51:241  vt_info数据表，第18次写入成功
2020-12-14 20:14:51:241  vt_info数据表，第19次写入成功
2020-12-14 20:14:51:241  vt_info数据表，第20次写入成功
2020-12-14 20:14:51:241  vt_info数据表，第21次写入成功
2020-12-14 20:14:51:257  vt_info数据表，第22次写入成功
2020-12-14 20:14:51:257  vt_info数据表，第23次写入成功
2020-12-14 20:14:51:257  vt_info数据表，第24次写入成功
2020-12-14 20:14:51:257  vt_info数据表，第25次写入成功
2020-12-14 20:14:51:273  vt_info数据表，第26次写入成功
2020-12-14 20:14:51:273  vt_info数据表，第27次写入成功
2020-12-14 20:14:51:273  vt_info数据表，第28次写入成功
2020-12-14 20:14:51:273  vt_info数据表，第29次写入成功
2020-12-14 20:14:51:273  vt_info数据表，第30次写入成功
2020-12-14 20:14:51:288  vt_info数据表，第31次写入成功
2020-12-14 20:14:51:288  vt_info数据表，第32次写入成功
2020-12-14 20:14:51:288  vt_info数据表，第33次写入成功
2020-12-14 20:14:51:288  vt_info数据表，第34次写入成功
2020-12-14 20:14:51:304  vt_info数据表，第35次写入成功
2020-12-14 20:14:51:304  vt_info数据表，第36次写入成功
2020-12-14 20:14:51:304  vt_info数据表，第37次写入成功
2020-12-14 20:14:51:304  vt_info数据表，第38次写入成功
2020-12-14 20:14:51:320  vt_info数据表，第39次写入成功
2020-12-14 20:14:51:320  vt_info数据表，第40次写入成功
2020-12-14 20:14:51:320  vt_info数据表，第41次写入成功
2020-12-14 20:14:51:320  vt_info数据表，第42次写入成功
2020-12-14 20:14:51:320  vt_info数据表，第43次写入成功
2020-12-14 20:14:51:335  vt_info数据表，第44次写入成功
2020-12-14 20:14:51:335  vt_info数据表，第45次写入成功
2020-12-14 20:14:51:335  vt_info数据表，第46次写入成功
2020-12-14 20:14:51:335  vt_info数据表，第47次写入成功
2020-12-14 20:14:51:351  motor_info数据表，第0次写入成功
2020-12-14 20:14:51:351  motor_info数据表，第1次写入成功
2020-12-14 20:14:51:351  motor_info数据表，第2次写入成功
2020-12-14 20:14:51:351  motor_info数据表，第3次写入成功
2020-12-14 20:14:51:351  motor_info数据表，第4次写入成功
2020-12-14 20:14:51:351  motor_info数据表，第5次写入成功
2020-12-14 20:14:51:366  motor_info数据表，第6次写入成功
2020-12-14 20:14:51:366  motor_info数据表，第7次写入成功
2020-12-14 20:14:51:366  motor_info数据表，第8次写入成功
2020-12-14 20:14:51:366  motor_info数据表，第9次写入成功
2020-12-14 20:14:51:366  motor_info数据表，第10次写入成功
2020-12-14 20:14:51:366  motor_info数据表，第11次写入成功
2020-12-14 20:14:51:382  motor_info数据表，第12次写入成功
2020-12-14 20:14:51:382  motor_info数据表，第13次写入成功
2020-12-14 20:14:51:382  motor_info数据表，第14次写入成功
2020-12-14 20:14:51:398  motor_info数据表，第15次写入成功
2020-12-14 20:14:51:398  数据库关闭！
2020-12-14 20:23:09:635  收到来车信号，流水号：20201214202309，所有设备开始采集
2020-12-14 20:23:09:666  开启A/D采集
2020-12-14 20:23:35:416  收到离车信号，流水号：20201214202309，线号：14，车号：041042，主控端：1，所有设备停止采集
2020-12-14 20:23:35:416  收到停止采集命令，开始停止采集
2020-12-14 20:23:35:432  停止采集数据
2020-12-14 20:23:35:432  采集连接已断开
2020-12-14 20:23:35:432  开始数据分析和落盘
2020-12-14 20:23:40:616  vibration1完成落盘
2020-12-14 20:23:45:007  vibration2完成落盘
2020-12-14 20:23:49:585  vibration3完成落盘
2020-12-14 20:23:54:023  vibration4完成落盘
2020-12-14 20:23:58:304  vibration5完成落盘
2020-12-14 20:24:02:663  vibration6完成落盘
2020-12-14 20:24:06:898  vibration7完成落盘
2020-12-14 20:24:10:992  vibration8完成落盘
2020-12-14 20:24:15:038  magnetic1完成落盘
2020-12-14 20:24:19:413  magnetic2完成落盘
2020-12-14 20:24:23:773  magnetic3完成落盘
2020-12-14 20:24:28:304  magnetic4完成落盘
2020-12-14 20:24:32:585  temperate1完成落盘
2020-12-14 20:24:36:820  temperate2完成落盘
2020-12-14 20:24:41:039  temperate3完成落盘
2020-12-14 20:24:45:289  temperate4完成落盘
2020-12-14 20:24:45:304  开始处理数据
2020-12-14 20:24:45:820  右侧计算完成
2020-12-14 20:24:46:304  左侧计算完成
2020-12-14 20:24:46:304  检查结果数据
2020-12-14 20:24:46:304  通知桌面显示数据
2020-12-14 20:24:46:320  开始写入数据库
2020-12-14 20:24:46:351  预警及报警参数加载完成
2020-12-14 20:24:46:351  数据库打开成功
2020-12-14 20:24:46:351  train_info数据表写入成功
2020-12-14 20:24:46:414  train_onlyid读取成功
2020-12-14 20:24:46:414  train_data数据表写入成功
2020-12-14 20:24:46:414  vt_info数据表，第0次写入成功
2020-12-14 20:24:46:429  vt_info数据表，第1次写入成功
2020-12-14 20:24:46:429  vt_info数据表，第2次写入成功
2020-12-14 20:24:46:429  vt_info数据表，第3次写入成功
2020-12-14 20:24:46:429  vt_info数据表，第4次写入成功
2020-12-14 20:24:46:429  vt_info数据表，第5次写入成功
2020-12-14 20:24:46:445  vt_info数据表，第6次写入成功
2020-12-14 20:24:46:445  vt_info数据表，第7次写入成功
2020-12-14 20:24:46:445  vt_info数据表，第8次写入成功
2020-12-14 20:24:46:445  vt_info数据表，第9次写入成功
2020-12-14 20:24:46:460  vt_info数据表，第10次写入成功
2020-12-14 20:24:46:460  vt_info数据表，第11次写入成功
2020-12-14 20:24:46:460  vt_info数据表，第12次写入成功
2020-12-14 20:24:46:460  vt_info数据表，第13次写入成功
2020-12-14 20:24:46:476  vt_info数据表，第14次写入成功
2020-12-14 20:24:46:476  vt_info数据表，第15次写入成功
2020-12-14 20:24:46:476  vt_info数据表，第16次写入成功
2020-12-14 20:24:46:476  vt_info数据表，第17次写入成功
2020-12-14 20:24:46:476  vt_info数据表，第18次写入成功
2020-12-14 20:24:46:492  vt_info数据表，第19次写入成功
2020-12-14 20:24:46:492  vt_info数据表，第20次写入成功
2020-12-14 20:24:46:492  vt_info数据表，第21次写入成功
2020-12-14 20:24:46:492  vt_info数据表，第22次写入成功
2020-12-14 20:24:46:507  vt_info数据表，第23次写入成功
2020-12-14 20:24:46:507  vt_info数据表，第24次写入成功
2020-12-14 20:24:46:507  vt_info数据表，第25次写入成功
2020-12-14 20:24:46:507  vt_info数据表，第26次写入成功
2020-12-14 20:24:46:523  vt_info数据表，第27次写入成功
2020-12-14 20:24:46:523  vt_info数据表，第28次写入成功
2020-12-14 20:24:46:523  vt_info数据表，第29次写入成功
2020-12-14 20:24:46:523  vt_info数据表，第30次写入成功
2020-12-14 20:24:46:539  vt_info数据表，第31次写入成功
2020-12-14 20:24:46:539  vt_info数据表，第32次写入成功
2020-12-14 20:24:46:539  vt_info数据表，第33次写入成功
2020-12-14 20:24:46:539  vt_info数据表，第34次写入成功
2020-12-14 20:24:46:539  vt_info数据表，第35次写入成功
2020-12-14 20:24:46:554  vt_info数据表，第36次写入成功
2020-12-14 20:24:46:554  vt_info数据表，第37次写入成功
2020-12-14 20:24:46:554  vt_info数据表，第38次写入成功
2020-12-14 20:24:46:554  vt_info数据表，第39次写入成功
2020-12-14 20:24:46:570  vt_info数据表，第40次写入成功
2020-12-14 20:24:46:570  vt_info数据表，第41次写入成功
2020-12-14 20:24:46:570  vt_info数据表，第42次写入成功
2020-12-14 20:24:46:570  vt_info数据表，第43次写入成功
2020-12-14 20:24:46:586  vt_info数据表，第44次写入成功
2020-12-14 20:24:46:586  vt_info数据表，第45次写入成功
2020-12-14 20:24:46:586  vt_info数据表，第46次写入成功
2020-12-14 20:24:46:586  vt_info数据表，第47次写入成功
2020-12-14 20:24:46:586  motor_info数据表，第0次写入成功
2020-12-14 20:24:46:601  motor_info数据表，第1次写入成功
2020-12-14 20:24:46:601  motor_info数据表，第2次写入成功
2020-12-14 20:24:46:601  motor_info数据表，第3次写入成功
2020-12-14 20:24:46:601  motor_info数据表，第4次写入成功
2020-12-14 20:24:46:601  motor_info数据表，第5次写入成功
2020-12-14 20:24:46:601  motor_info数据表，第6次写入成功
2020-12-14 20:24:46:617  motor_info数据表，第7次写入成功
2020-12-14 20:24:46:617  motor_info数据表，第8次写入成功
2020-12-14 20:24:46:617  motor_info数据表，第9次写入成功
2020-12-14 20:24:46:617  motor_info数据表，第10次写入成功
2020-12-14 20:24:46:617  motor_info数据表，第11次写入成功
2020-12-14 20:24:46:632  motor_info数据表，第12次写入成功
2020-12-14 20:24:46:632  motor_info数据表，第13次写入成功
2020-12-14 20:24:46:632  motor_info数据表，第14次写入成功
2020-12-14 20:24:46:648  motor_info数据表，第15次写入成功
2020-12-14 20:24:46:648  数据库关闭！
2020-12-14 20:31:52:909  收到来车信号，流水号：20201214203152，所有设备开始采集
2020-12-14 20:31:52:940  开启A/D采集
2020-12-14 20:32:18:909  收到离车信号，流水号：20201214203152，线号：14，车号：015016，主控端：1，所有设备停止采集
2020-12-14 20:32:18:909  收到停止采集命令，开始停止采集
2020-12-14 20:32:18:909  停止采集数据
2020-12-14 20:32:18:909  采集连接已断开
2020-12-14 20:32:18:925  开始数据分析和落盘
2020-12-14 20:32:24:003  vibration1完成落盘
2020-12-14 20:32:28:534  vibration2完成落盘
2020-12-14 20:32:32:940  vibration3完成落盘
2020-12-14 20:32:37:378  vibration4完成落盘
2020-12-14 20:32:41:565  vibration5完成落盘
2020-12-14 20:32:45:909  vibration6完成落盘
2020-12-14 20:32:50:331  vibration7完成落盘
2020-12-14 20:32:54:190  vibration8完成落盘
2020-12-14 20:32:58:706  magnetic1完成落盘
2020-12-14 20:33:03:206  magnetic2完成落盘
2020-12-14 20:33:07:566  magnetic3完成落盘
2020-12-14 20:33:11:784  magnetic4完成落盘
2020-12-14 20:33:16:066  temperate1完成落盘
2020-12-14 20:33:20:222  temperate2完成落盘
2020-12-14 20:33:24:409  temperate3完成落盘
2020-12-14 20:33:28:753  temperate4完成落盘
2020-12-14 20:33:28:769  开始处理数据
2020-12-14 20:33:29:409  右侧计算完成
2020-12-14 20:33:29:925  左侧计算完成
2020-12-14 20:33:29:925  检查结果数据
2020-12-14 20:33:29:941  通知桌面显示数据
2020-12-14 20:33:29:956  开始写入数据库
2020-12-14 20:33:29:972  预警及报警参数加载完成
2020-12-14 20:33:29:972  数据库打开成功
2020-12-14 20:33:29:972  train_info数据表写入成功
2020-12-14 20:33:30:034  train_onlyid读取成功
2020-12-14 20:33:30:034  train_data数据表写入成功
2020-12-14 20:33:30:050  vt_info数据表，第0次写入成功
2020-12-14 20:33:30:050  vt_info数据表，第1次写入成功
2020-12-14 20:33:30:050  vt_info数据表，第2次写入成功
2020-12-14 20:33:30:050  vt_info数据表，第3次写入成功
2020-12-14 20:33:30:050  vt_info数据表，第4次写入成功
2020-12-14 20:33:30:066  vt_info数据表，第5次写入成功
2020-12-14 20:33:30:066  vt_info数据表，第6次写入成功
2020-12-14 20:33:30:066  vt_info数据表，第7次写入成功
2020-12-14 20:33:30:066  vt_info数据表，第8次写入成功
2020-12-14 20:33:30:081  vt_info数据表，第9次写入成功
2020-12-14 20:33:30:081  vt_info数据表，第10次写入成功
2020-12-14 20:33:30:081  vt_info数据表，第11次写入成功
2020-12-14 20:33:30:081  vt_info数据表，第12次写入成功
2020-12-14 20:33:30:097  vt_info数据表，第13次写入成功
2020-12-14 20:33:30:097  vt_info数据表，第14次写入成功
2020-12-14 20:33:30:097  vt_info数据表，第15次写入成功
2020-12-14 20:33:30:097  vt_info数据表，第16次写入成功
2020-12-14 20:33:30:097  vt_info数据表，第17次写入成功
2020-12-14 20:33:30:113  vt_info数据表，第18次写入成功
2020-12-14 20:33:30:113  vt_info数据表，第19次写入成功
2020-12-14 20:33:30:113  vt_info数据表，第20次写入成功
2020-12-14 20:33:30:113  vt_info数据表，第21次写入成功
2020-12-14 20:33:30:128  vt_info数据表，第22次写入成功
2020-12-14 20:33:30:128  vt_info数据表，第23次写入成功
2020-12-14 20:33:30:128  vt_info数据表，第24次写入成功
2020-12-14 20:33:30:128  vt_info数据表，第25次写入成功
2020-12-14 20:33:30:128  vt_info数据表，第26次写入成功
2020-12-14 20:33:30:144  vt_info数据表，第27次写入成功
2020-12-14 20:33:30:144  vt_info数据表，第28次写入成功
2020-12-14 20:33:30:144  vt_info数据表，第29次写入成功
2020-12-14 20:33:30:144  vt_info数据表，第30次写入成功
2020-12-14 20:33:30:159  vt_info数据表，第31次写入成功
2020-12-14 20:33:30:159  vt_info数据表，第32次写入成功
2020-12-14 20:33:30:159  vt_info数据表，第33次写入成功
2020-12-14 20:33:30:159  vt_info数据表，第34次写入成功
2020-12-14 20:33:30:159  vt_info数据表，第35次写入成功
2020-12-14 20:33:30:175  vt_info数据表，第36次写入成功
2020-12-14 20:33:30:175  vt_info数据表，第37次写入成功
2020-12-14 20:33:30:175  vt_info数据表，第38次写入成功
2020-12-14 20:33:30:175  vt_info数据表，第39次写入成功
2020-12-14 20:33:30:191  vt_info数据表，第40次写入成功
2020-12-14 20:33:30:191  vt_info数据表，第41次写入成功
2020-12-14 20:33:30:191  vt_info数据表，第42次写入成功
2020-12-14 20:33:30:191  vt_info数据表，第43次写入成功
2020-12-14 20:33:30:191  vt_info数据表，第44次写入成功
2020-12-14 20:33:30:206  vt_info数据表，第45次写入成功
2020-12-14 20:33:30:206  vt_info数据表，第46次写入成功
2020-12-14 20:33:30:206  vt_info数据表，第47次写入成功
2020-12-14 20:33:30:206  motor_info数据表，第0次写入成功
2020-12-14 20:33:30:206  motor_info数据表，第1次写入成功
2020-12-14 20:33:30:222  motor_info数据表，第2次写入成功
2020-12-14 20:33:30:222  motor_info数据表，第3次写入成功
2020-12-14 20:33:30:222  motor_info数据表，第4次写入成功
2020-12-14 20:33:30:222  motor_info数据表，第5次写入成功
2020-12-14 20:33:30:222  motor_info数据表，第6次写入成功
2020-12-14 20:33:30:238  motor_info数据表，第7次写入成功
2020-12-14 20:33:30:238  motor_info数据表，第8次写入成功
2020-12-14 20:33:30:238  motor_info数据表，第9次写入成功
2020-12-14 20:33:30:238  motor_info数据表，第10次写入成功
2020-12-14 20:33:30:238  motor_info数据表，第11次写入成功
2020-12-14 20:33:30:238  motor_info数据表，第12次写入成功
2020-12-14 20:33:30:253  motor_info数据表，第13次写入成功
2020-12-14 20:33:30:253  motor_info数据表，第14次写入成功
2020-12-14 20:33:30:269  motor_info数据表，第15次写入成功
2020-12-14 20:33:30:269  数据库关闭！
2020-12-14 20:41:26:920  收到来车信号，流水号：20201214204126，所有设备开始采集
2020-12-14 20:41:26:951  开启A/D采集
2020-12-14 20:41:52:748  收到离车信号，流水号：20201214204126，线号：14，车号：057058，主控端：0，所有设备停止采集
2020-12-14 20:41:52:748  收到停止采集命令，开始停止采集
2020-12-14 20:41:52:748  停止采集数据
2020-12-14 20:41:52:764  采集连接已断开
2020-12-14 20:41:52:764  开始数据分析和落盘
2020-12-14 20:41:57:482  vibration1完成落盘
2020-12-14 20:42:01:279  vibration2完成落盘
2020-12-14 20:42:05:592  vibration3完成落盘
2020-12-14 20:42:09:795  vibration4完成落盘
2020-12-14 20:42:14:123  vibration5完成落盘
2020-12-14 20:42:18:404  vibration6完成落盘
2020-12-14 20:42:22:623  vibration7完成落盘
2020-12-14 20:42:26:998  vibration8完成落盘
2020-12-14 20:42:30:951  magnetic1完成落盘
2020-12-14 20:42:34:905  magnetic2完成落盘
2020-12-14 20:42:39:139  magnetic3完成落盘
2020-12-14 20:42:43:420  magnetic4完成落盘
2020-12-14 20:42:47:764  temperate1完成落盘
2020-12-14 20:42:51:905  temperate2完成落盘
2020-12-14 20:42:56:202  temperate3完成落盘
2020-12-14 20:43:00:452  temperate4完成落盘
2020-12-14 20:43:00:452  开始处理数据
2020-12-14 20:43:01:108  右侧计算完成
2020-12-14 20:43:01:624  左侧计算完成
2020-12-14 20:43:01:624  检查结果数据
2020-12-14 20:43:01:624  通知桌面显示数据
2020-12-14 20:43:01:639  开始写入数据库
2020-12-14 20:43:01:670  预警及报警参数加载完成
2020-12-14 20:43:01:670  数据库打开成功
2020-12-14 20:43:01:670  train_info数据表写入成功
2020-12-14 20:43:01:733  train_onlyid读取成功
2020-12-14 20:43:01:733  train_data数据表写入成功
2020-12-14 20:43:01:733  vt_info数据表，第0次写入成功
2020-12-14 20:43:01:733  vt_info数据表，第1次写入成功
2020-12-14 20:43:01:733  vt_info数据表，第2次写入成功
2020-12-14 20:43:01:749  vt_info数据表，第3次写入成功
2020-12-14 20:43:01:749  vt_info数据表，第4次写入成功
2020-12-14 20:43:01:749  vt_info数据表，第5次写入成功
2020-12-14 20:43:01:749  vt_info数据表，第6次写入成功
2020-12-14 20:43:01:764  vt_info数据表，第7次写入成功
2020-12-14 20:43:01:764  vt_info数据表，第8次写入成功
2020-12-14 20:43:01:764  vt_info数据表，第9次写入成功
2020-12-14 20:43:01:764  vt_info数据表，第10次写入成功
2020-12-14 20:43:01:764  vt_info数据表，第11次写入成功
2020-12-14 20:43:01:780  vt_info数据表，第12次写入成功
2020-12-14 20:43:01:780  vt_info数据表，第13次写入成功
2020-12-14 20:43:01:780  vt_info数据表，第14次写入成功
2020-12-14 20:43:01:780  vt_info数据表，第15次写入成功
2020-12-14 20:43:01:795  vt_info数据表，第16次写入成功
2020-12-14 20:43:01:795  vt_info数据表，第17次写入成功
2020-12-14 20:43:01:795  vt_info数据表，第18次写入成功
2020-12-14 20:43:01:795  vt_info数据表，第19次写入成功
2020-12-14 20:43:01:811  vt_info数据表，第20次写入成功
2020-12-14 20:43:01:811  vt_info数据表，第21次写入成功
2020-12-14 20:43:01:811  vt_info数据表，第22次写入成功
2020-12-14 20:43:01:811  vt_info数据表，第23次写入成功
2020-12-14 20:43:01:811  vt_info数据表，第24次写入成功
2020-12-14 20:43:01:827  vt_info数据表，第25次写入成功
2020-12-14 20:43:01:827  vt_info数据表，第26次写入成功
2020-12-14 20:43:01:827  vt_info数据表，第27次写入成功
2020-12-14 20:43:01:827  vt_info数据表，第28次写入成功
2020-12-14 20:43:01:842  vt_info数据表，第29次写入成功
2020-12-14 20:43:01:842  vt_info数据表，第30次写入成功
2020-12-14 20:43:01:842  vt_info数据表，第31次写入成功
2020-12-14 20:43:01:842  vt_info数据表，第32次写入成功
2020-12-14 20:43:01:842  vt_info数据表，第33次写入成功
2020-12-14 20:43:01:858  vt_info数据表，第34次写入成功
2020-12-14 20:43:01:858  vt_info数据表，第35次写入成功
2020-12-14 20:43:01:858  vt_info数据表，第36次写入成功
2020-12-14 20:43:01:858  vt_info数据表，第37次写入成功
2020-12-14 20:43:01:858  vt_info数据表，第38次写入成功
2020-12-14 20:43:01:874  vt_info数据表，第39次写入成功
2020-12-14 20:43:01:874  vt_info数据表，第40次写入成功
2020-12-14 20:43:01:874  vt_info数据表，第41次写入成功
2020-12-14 20:43:01:874  vt_info数据表，第42次写入成功
2020-12-14 20:43:01:889  vt_info数据表，第43次写入成功
2020-12-14 20:43:01:889  vt_info数据表，第44次写入成功
2020-12-14 20:43:01:889  vt_info数据表，第45次写入成功
2020-12-14 20:43:01:889  vt_info数据表，第46次写入成功
2020-12-14 20:43:01:889  vt_info数据表，第47次写入成功
2020-12-14 20:43:01:905  motor_info数据表，第0次写入成功
2020-12-14 20:43:01:905  motor_info数据表，第1次写入成功
2020-12-14 20:43:01:905  motor_info数据表，第2次写入成功
2020-12-14 20:43:01:905  motor_info数据表，第3次写入成功
2020-12-14 20:43:01:905  motor_info数据表，第4次写入成功
2020-12-14 20:43:01:905  motor_info数据表，第5次写入成功
2020-12-14 20:43:01:920  motor_info数据表，第6次写入成功
2020-12-14 20:43:01:920  motor_info数据表，第7次写入成功
2020-12-14 20:43:01:920  motor_info数据表，第8次写入成功
2020-12-14 20:43:01:920  motor_info数据表，第9次写入成功
2020-12-14 20:43:01:920  motor_info数据表，第10次写入成功
2020-12-14 20:43:01:920  motor_info数据表，第11次写入成功
2020-12-14 20:43:01:936  motor_info数据表，第12次写入成功
2020-12-14 20:43:01:936  motor_info数据表，第13次写入成功
2020-12-14 20:43:01:936  motor_info数据表，第14次写入成功
2020-12-14 20:43:01:952  motor_info数据表，第15次写入成功
2020-12-14 20:43:01:952  数据库关闭！
2020-12-14 20:52:54:050  收到来车信号，流水号：20201214205254，所有设备开始采集
2020-12-14 20:52:54:081  开启A/D采集
2020-12-14 20:53:19:943  收到离车信号，流水号：20201214205254，线号：14，车号：031032，主控端：1，所有设备停止采集
2020-12-14 20:53:19:943  收到停止采集命令，开始停止采集
2020-12-14 20:53:19:958  停止采集数据
2020-12-14 20:53:19:958  采集连接已断开
2020-12-14 20:53:19:958  开始数据分析和落盘
2020-12-14 20:53:25:146  vibration1完成落盘
2020-12-14 20:53:29:427  vibration2完成落盘
2020-12-14 20:53:33:833  vibration3完成落盘
2020-12-14 20:53:38:334  vibration4完成落盘
2020-12-14 20:53:42:662  vibration5完成落盘
2020-12-14 20:53:46:709  vibration6完成落盘
2020-12-14 20:53:50:959  vibration7完成落盘
2020-12-14 20:53:55:115  vibration8完成落盘
2020-12-14 20:53:59:552  magnetic1完成落盘
2020-12-14 20:54:03:990  magnetic2完成落盘
2020-12-14 20:54:08:381  magnetic3完成落盘
2020-12-14 20:54:12:928  magnetic4完成落盘
2020-12-14 20:54:16:912  temperate1完成落盘
2020-12-14 20:54:20:943  temperate2完成落盘
2020-12-14 20:54:25:193  temperate3完成落盘
2020-12-14 20:54:29:271  temperate4完成落盘
2020-12-14 20:54:29:287  开始处理数据
2020-12-14 20:54:29:928  右侧计算完成
2020-12-14 20:54:30:459  左侧计算完成
2020-12-14 20:54:30:459  检查结果数据
2020-12-14 20:54:30:459  通知桌面显示数据
2020-12-14 20:54:30:474  开始写入数据库
2020-12-14 20:54:30:490  预警及报警参数加载完成
2020-12-14 20:54:30:490  数据库打开成功
2020-12-14 20:54:30:506  train_info数据表写入成功
2020-12-14 20:54:30:553  train_onlyid读取成功
2020-12-14 20:54:30:568  train_data数据表写入成功
2020-12-14 20:54:30:568  vt_info数据表，第0次写入成功
2020-12-14 20:54:30:568  vt_info数据表，第1次写入成功
2020-12-14 20:54:30:568  vt_info数据表，第2次写入成功
2020-12-14 20:54:30:584  vt_info数据表，第3次写入成功
2020-12-14 20:54:30:584  vt_info数据表，第4次写入成功
2020-12-14 20:54:30:584  vt_info数据表，第5次写入成功
2020-12-14 20:54:30:584  vt_info数据表，第6次写入成功
2020-12-14 20:54:30:584  vt_info数据表，第7次写入成功
2020-12-14 20:54:30:599  vt_info数据表，第8次写入成功
2020-12-14 20:54:30:599  vt_info数据表，第9次写入成功
2020-12-14 20:54:30:599  vt_info数据表，第10次写入成功
2020-12-14 20:54:30:599  vt_info数据表，第11次写入成功
2020-12-14 20:54:30:615  vt_info数据表，第12次写入成功
2020-12-14 20:54:30:615  vt_info数据表，第13次写入成功
2020-12-14 20:54:30:615  vt_info数据表，第14次写入成功
2020-12-14 20:54:30:615  vt_info数据表，第15次写入成功
2020-12-14 20:54:30:631  vt_info数据表，第16次写入成功
2020-12-14 20:54:30:631  vt_info数据表，第17次写入成功
2020-12-14 20:54:30:631  vt_info数据表，第18次写入成功
2020-12-14 20:54:30:631  vt_info数据表，第19次写入成功
2020-12-14 20:54:30:631  vt_info数据表，第20次写入成功
2020-12-14 20:54:30:646  vt_info数据表，第21次写入成功
2020-12-14 20:54:30:646  vt_info数据表，第22次写入成功
2020-12-14 20:54:30:646  vt_info数据表，第23次写入成功
2020-12-14 20:54:30:646  vt_info数据表，第24次写入成功
2020-12-14 20:54:30:662  vt_info数据表，第25次写入成功
2020-12-14 20:54:30:662  vt_info数据表，第26次写入成功
2020-12-14 20:54:30:662  vt_info数据表，第27次写入成功
2020-12-14 20:54:30:662  vt_info数据表，第28次写入成功
2020-12-14 20:54:30:678  vt_info数据表，第29次写入成功
2020-12-14 20:54:30:678  vt_info数据表，第30次写入成功
2020-12-14 20:54:30:678  vt_info数据表，第31次写入成功
2020-12-14 20:54:30:678  vt_info数据表，第32次写入成功
2020-12-14 20:54:30:678  vt_info数据表，第33次写入成功
2020-12-14 20:54:30:693  vt_info数据表，第34次写入成功
2020-12-14 20:54:30:693  vt_info数据表，第35次写入成功
2020-12-14 20:54:30:693  vt_info数据表，第36次写入成功
2020-12-14 20:54:30:693  vt_info数据表，第37次写入成功
2020-12-14 20:54:30:709  vt_info数据表，第38次写入成功
2020-12-14 20:54:30:709  vt_info数据表，第39次写入成功
2020-12-14 20:54:30:709  vt_info数据表，第40次写入成功
2020-12-14 20:54:30:709  vt_info数据表，第41次写入成功
2020-12-14 20:54:30:724  vt_info数据表，第42次写入成功
2020-12-14 20:54:30:724  vt_info数据表，第43次写入成功
2020-12-14 20:54:30:724  vt_info数据表，第44次写入成功
2020-12-14 20:54:30:724  vt_info数据表，第45次写入成功
2020-12-14 20:54:30:740  vt_info数据表，第46次写入成功
2020-12-14 20:54:30:740  vt_info数据表，第47次写入成功
2020-12-14 20:54:30:740  motor_info数据表，第0次写入成功
2020-12-14 20:54:30:740  motor_info数据表，第1次写入成功
2020-12-14 20:54:30:740  motor_info数据表，第2次写入成功
2020-12-14 20:54:30:740  motor_info数据表，第3次写入成功
2020-12-14 20:54:30:756  motor_info数据表，第4次写入成功
2020-12-14 20:54:30:756  motor_info数据表，第5次写入成功
2020-12-14 20:54:30:756  motor_info数据表，第6次写入成功
2020-12-14 20:54:30:756  motor_info数据表，第7次写入成功
2020-12-14 20:54:30:756  motor_info数据表，第8次写入成功
2020-12-14 20:54:30:771  motor_info数据表，第9次写入成功
2020-12-14 20:54:30:771  motor_info数据表，第10次写入成功
2020-12-14 20:54:30:771  motor_info数据表，第11次写入成功
2020-12-14 20:54:30:771  motor_info数据表，第12次写入成功
2020-12-14 20:54:30:771  motor_info数据表，第13次写入成功
2020-12-14 20:54:30:771  motor_info数据表，第14次写入成功
2020-12-14 20:54:30:787  motor_info数据表，第15次写入成功
2020-12-14 20:54:30:787  数据库关闭！
