e:\developstation-yd\project-git\optris-irigu\deallogic\x64\debug\vc120.pdb
e:\developstation-yd\project-git\optris-irigu\deallogic\generatedfiles\debug\moc_network_logic.cpp
e:\developstation-yd\project-git\optris-irigu\deallogic\generatedfiles\debug\moc_main_logic_udp.cpp
e:\developstation-yd\project-git\optris-irigu\deallogic\generatedfiles\debug\moc_udp_logic.cpp
e:\developstation-yd\project-git\optris-irigu\deallogic\generatedfiles\debug\moc_tcp_logic.cpp
e:\developstation-yd\project-git\optris-irigu\deallogic\generatedfiles\debug\moc_main_logic_tcp.cpp
e:\developstation-yd\project-git\optris-irigu\exec\deallogic.lib
e:\developstation-yd\project-git\optris-irigu\exec\deallogic.exp
e:\developstation-yd\project-git\optris-irigu\exec\deallogic.ilk
e:\developstation-yd\project-git\optris-irigu\exec\deallogic.dll
e:\developstation-yd\project-git\optris-irigu\exec\deallogic.pdb
d:\desktop\vais\deallogic\x64\debug\import_dll_class.obj
d:\desktop\vais\deallogic\x64\debug\main_logic_tcp.obj
d:\desktop\vais\deallogic\x64\debug\main_logic_udp.obj
d:\desktop\vais\deallogic\x64\debug\moc_main_logic_tcp.obj
d:\desktop\vais\deallogic\x64\debug\moc_main_logic_udp.obj
d:\desktop\vais\deallogic\x64\debug\moc_network_logic.obj
d:\desktop\vais\deallogic\x64\debug\moc_tcp_logic.obj
d:\desktop\vais\deallogic\x64\debug\moc_udp_logic.obj
d:\desktop\vais\deallogic\x64\debug\network_logic.obj
d:\desktop\vais\deallogic\x64\debug\tcp_logic.obj
d:\desktop\vais\deallogic\x64\debug\udp_logic.obj
d:\desktop\vais\deallogic\x64\debug\vc120.pdb
d:\desktop\vais\deallogic\x64\debug\deallogic.tlog\cl.command.1.tlog
d:\desktop\vais\deallogic\x64\debug\deallogic.tlog\cl.read.1.tlog
d:\desktop\vais\deallogic\x64\debug\deallogic.tlog\cl.write.1.tlog
d:\desktop\vais\deallogic\x64\debug\deallogic.tlog\custombuild.command.1.tlog
d:\desktop\vais\deallogic\x64\debug\deallogic.tlog\custombuild.read.1.tlog
d:\desktop\vais\deallogic\x64\debug\deallogic.tlog\custombuild.write.1.tlog
d:\desktop\vais\deallogic\x64\debug\deallogic.tlog\deallogic.write.1u.tlog
d:\desktop\vais\deallogic\x64\debug\deallogic.tlog\link.command.1.tlog
d:\desktop\vais\deallogic\x64\debug\deallogic.tlog\link.read.1.tlog
d:\desktop\vais\deallogic\x64\debug\deallogic.tlog\link.write.1.tlog
