2020-12-28 13:03:09:588  磁钢信号预处理完成，位置标记：1
2020-12-28 13:03:09:599  温度分轮成功，分轮数尺度为：48
2020-12-28 13:03:09:613  轴承端盖温度特征值计算完成, 位置标记：1
2020-12-28 13:03:09:623  电机温度计算完成, 位置标记：1
2020-12-28 13:03:09:627  电机温度计算完成, 位置标记：1
2020-12-28 13:03:09:630  电机温度计算完成, 位置标记：1
2020-12-28 13:03:09:633  电机温度计算完成, 位置标记：1
2020-12-28 13:03:09:636  电机温度计算完成, 位置标记：1
2020-12-28 13:03:09:639  电机温度计算完成, 位置标记：1
2020-12-28 13:03:09:643  电机温度计算完成, 位置标记：1
2020-12-28 13:03:09:646  电机温度计算完成, 位置标记：1
2020-12-28 13:03:09:647  车速为：67.4817位置标记为：1
2020-12-28 13:03:09:667  振动分轮计算完成, 位置标记：1
2020-12-28 13:03:09:990  振动特征值计算完成, 位置标记：1
2020-12-28 13:03:10:034  磁钢信号预处理完成，位置标记：0
2020-12-28 13:03:10:046  温度分轮成功，分轮数尺度为：48
2020-12-28 13:03:10:060  轴承端盖温度特征值计算完成, 位置标记：0
2020-12-28 13:03:10:071  电机温度计算完成, 位置标记：0
2020-12-28 13:03:10:074  电机温度计算完成, 位置标记：0
2020-12-28 13:03:10:078  电机温度计算完成, 位置标记：0
2020-12-28 13:03:10:081  电机温度计算完成, 位置标记：0
2020-12-28 13:03:10:084  电机温度计算完成, 位置标记：0
2020-12-28 13:03:10:088  电机温度计算完成, 位置标记：0
2020-12-28 13:03:10:091  电机温度计算完成, 位置标记：0
2020-12-28 13:03:10:094  电机温度计算完成, 位置标记：0
2020-12-28 13:03:10:095  车速为：67.4817位置标记为：0
2020-12-28 13:03:10:116  振动分轮计算完成, 位置标记：0
2020-12-28 13:03:10:406  振动特征值计算完成, 位置标记：0
2020-12-28 13:07:05:731  磁钢信号预处理完成，位置标记：1
2020-12-28 13:07:05:742  温度分轮成功，分轮数尺度为：48
2020-12-28 13:07:05:755  轴承端盖温度特征值计算完成, 位置标记：1
2020-12-28 13:07:05:764  电机温度计算完成, 位置标记：1
2020-12-28 13:07:05:768  电机温度计算完成, 位置标记：1
2020-12-28 13:07:05:771  电机温度计算完成, 位置标记：1
2020-12-28 13:07:05:775  电机温度计算完成, 位置标记：1
2020-12-28 13:07:05:778  电机温度计算完成, 位置标记：1
2020-12-28 13:07:05:782  电机温度计算完成, 位置标记：1
2020-12-28 13:07:05:785  电机温度计算完成, 位置标记：1
2020-12-28 13:07:05:789  电机温度计算完成, 位置标记：1
2020-12-28 13:07:05:790  车速为：79.2344位置标记为：1
2020-12-28 13:07:05:810  振动分轮计算完成, 位置标记：1
2020-12-28 13:07:06:147  振动特征值计算完成, 位置标记：1
2020-12-28 13:07:06:192  磁钢信号预处理完成，位置标记：0
2020-12-28 13:07:06:203  温度分轮成功，分轮数尺度为：48
2020-12-28 13:07:06:215  轴承端盖温度特征值计算完成, 位置标记：0
2020-12-28 13:07:06:223  电机温度计算完成, 位置标记：0
2020-12-28 13:07:06:226  电机温度计算完成, 位置标记：0
2020-12-28 13:07:06:229  电机温度计算完成, 位置标记：0
2020-12-28 13:07:06:232  电机温度计算完成, 位置标记：0
2020-12-28 13:07:06:235  电机温度计算完成, 位置标记：0
2020-12-28 13:07:06:238  电机温度计算完成, 位置标记：0
2020-12-28 13:07:06:241  电机温度计算完成, 位置标记：0
2020-12-28 13:07:06:244  电机温度计算完成, 位置标记：0
2020-12-28 13:07:06:244  车速为：79.2344位置标记为：0
2020-12-28 13:07:06:262  振动分轮计算完成, 位置标记：0
2020-12-28 13:07:06:596  振动特征值计算完成, 位置标记：0
2020-12-28 13:16:10:390  磁钢信号预处理完成，位置标记：1
2020-12-28 13:16:10:401  温度分轮成功，分轮数尺度为：48
2020-12-28 13:16:10:414  轴承端盖温度特征值计算完成, 位置标记：1
2020-12-28 13:16:10:422  电机温度计算完成, 位置标记：1
2020-12-28 13:16:10:426  电机温度计算完成, 位置标记：1
2020-12-28 13:16:10:429  电机温度计算完成, 位置标记：1
2020-12-28 13:16:10:432  电机温度计算完成, 位置标记：1
2020-12-28 13:16:10:436  电机温度计算完成, 位置标记：1
2020-12-28 13:16:10:439  电机温度计算完成, 位置标记：1
2020-12-28 13:16:10:443  电机温度计算完成, 位置标记：1
2020-12-28 13:16:10:446  电机温度计算完成, 位置标记：1
2020-12-28 13:16:10:447  车速为：79.4626位置标记为：1
2020-12-28 13:16:10:467  振动分轮计算完成, 位置标记：1
2020-12-28 13:16:10:801  振动特征值计算完成, 位置标记：1
2020-12-28 13:16:10:847  磁钢信号预处理完成，位置标记：0
2020-12-28 13:16:10:858  温度分轮成功，分轮数尺度为：48
2020-12-28 13:16:10:871  轴承端盖温度特征值计算完成, 位置标记：0
2020-12-28 13:16:10:880  电机温度计算完成, 位置标记：0
2020-12-28 13:16:10:883  电机温度计算完成, 位置标记：0
2020-12-28 13:16:10:886  电机温度计算完成, 位置标记：0
2020-12-28 13:16:10:890  电机温度计算完成, 位置标记：0
2020-12-28 13:16:10:893  电机温度计算完成, 位置标记：0
2020-12-28 13:16:10:897  电机温度计算完成, 位置标记：0
2020-12-28 13:16:10:900  电机温度计算完成, 位置标记：0
2020-12-28 13:16:10:904  电机温度计算完成, 位置标记：0
2020-12-28 13:16:10:904  车速为：79.4626位置标记为：0
2020-12-28 13:16:10:925  振动分轮计算完成, 位置标记：0
2020-12-28 13:16:11:257  振动特征值计算完成, 位置标记：0
2020-12-28 13:26:08:663  磁钢信号预处理完成，位置标记：1
2020-12-28 13:26:08:674  温度分轮成功，分轮数尺度为：48
2020-12-28 13:26:08:687  轴承端盖温度特征值计算完成, 位置标记：1
2020-12-28 13:26:08:696  电机温度计算完成, 位置标记：1
2020-12-28 13:26:08:699  电机温度计算完成, 位置标记：1
2020-12-28 13:26:08:702  电机温度计算完成, 位置标记：1
2020-12-28 13:26:08:706  电机温度计算完成, 位置标记：1
2020-12-28 13:26:08:709  电机温度计算完成, 位置标记：1
2020-12-28 13:26:08:713  电机温度计算完成, 位置标记：1
2020-12-28 13:26:08:716  电机温度计算完成, 位置标记：1
2020-12-28 13:26:08:720  电机温度计算完成, 位置标记：1
2020-12-28 13:26:08:721  车速为：79.3103位置标记为：1
2020-12-28 13:26:08:741  振动分轮计算完成, 位置标记：1
2020-12-28 13:26:09:070  振动特征值计算完成, 位置标记：1
2020-12-28 13:26:09:117  磁钢信号预处理完成，位置标记：0
2020-12-28 13:26:09:128  温度分轮成功，分轮数尺度为：48
2020-12-28 13:26:09:140  轴承端盖温度特征值计算完成, 位置标记：0
2020-12-28 13:26:09:149  电机温度计算完成, 位置标记：0
2020-12-28 13:26:09:152  电机温度计算完成, 位置标记：0
2020-12-28 13:26:09:156  电机温度计算完成, 位置标记：0
2020-12-28 13:26:09:159  电机温度计算完成, 位置标记：0
2020-12-28 13:26:09:162  电机温度计算完成, 位置标记：0
2020-12-28 13:26:09:166  电机温度计算完成, 位置标记：0
2020-12-28 13:26:09:169  电机温度计算完成, 位置标记：0
2020-12-28 13:26:09:173  电机温度计算完成, 位置标记：0
2020-12-28 13:26:09:174  车速为：79.3103位置标记为：0
2020-12-28 13:26:09:194  振动分轮计算完成, 位置标记：0
2020-12-28 13:26:09:530  振动特征值计算完成, 位置标记：0
2020-12-28 13:35:51:541  磁钢信号预处理完成，位置标记：1
2020-12-28 13:35:51:552  温度分轮成功，分轮数尺度为：48
2020-12-28 13:35:51:565  轴承端盖温度特征值计算完成, 位置标记：1
2020-12-28 13:35:51:574  电机温度计算完成, 位置标记：1
2020-12-28 13:35:51:577  电机温度计算完成, 位置标记：1
2020-12-28 13:35:51:580  电机温度计算完成, 位置标记：1
2020-12-28 13:35:51:584  电机温度计算完成, 位置标记：1
2020-12-28 13:35:51:587  电机温度计算完成, 位置标记：1
2020-12-28 13:35:51:591  电机温度计算完成, 位置标记：1
2020-12-28 13:35:51:594  电机温度计算完成, 位置标记：1
2020-12-28 13:35:51:597  电机温度计算完成, 位置标记：1
2020-12-28 13:35:51:598  车速为：79.1587位置标记为：1
2020-12-28 13:35:51:618  振动分轮计算完成, 位置标记：1
2020-12-28 13:35:51:947  振动特征值计算完成, 位置标记：1
2020-12-28 13:35:51:992  磁钢信号预处理完成，位置标记：0
2020-12-28 13:35:52:003  温度分轮成功，分轮数尺度为：48
2020-12-28 13:35:52:016  轴承端盖温度特征值计算完成, 位置标记：0
2020-12-28 13:35:52:025  电机温度计算完成, 位置标记：0
2020-12-28 13:35:52:028  电机温度计算完成, 位置标记：0
2020-12-28 13:35:52:031  电机温度计算完成, 位置标记：0
2020-12-28 13:35:52:035  电机温度计算完成, 位置标记：0
2020-12-28 13:35:52:038  电机温度计算完成, 位置标记：0
2020-12-28 13:35:52:042  电机温度计算完成, 位置标记：0
2020-12-28 13:35:52:045  电机温度计算完成, 位置标记：0
2020-12-28 13:35:52:049  电机温度计算完成, 位置标记：0
2020-12-28 13:35:52:049  车速为：79.1587位置标记为：0
2020-12-28 13:35:52:070  振动分轮计算完成, 位置标记：0
2020-12-28 13:35:52:411  振动特征值计算完成, 位置标记：0
2020-12-28 13:42:12:515  磁钢信号预处理完成，位置标记：1
2020-12-28 13:42:12:526  温度分轮成功，分轮数尺度为：48
2020-12-28 13:42:12:541  轴承端盖温度特征值计算完成, 位置标记：1
2020-12-28 13:42:12:551  电机温度计算完成, 位置标记：1
2020-12-28 13:42:12:555  电机温度计算完成, 位置标记：1
2020-12-28 13:42:12:559  电机温度计算完成, 位置标记：1
2020-12-28 13:42:12:562  电机温度计算完成, 位置标记：1
2020-12-28 13:42:12:566  电机温度计算完成, 位置标记：1
2020-12-28 13:42:12:569  电机温度计算完成, 位置标记：1
2020-12-28 13:42:12:572  电机温度计算完成, 位置标记：1
2020-12-28 13:42:12:576  电机温度计算完成, 位置标记：1
2020-12-28 13:42:12:577  车速为：67.9245位置标记为：1
2020-12-28 13:42:12:598  振动分轮计算完成, 位置标记：1
2020-12-28 13:42:12:913  振动特征值计算完成, 位置标记：1
2020-12-28 13:42:12:953  磁钢信号预处理完成，位置标记：0
2020-12-28 13:42:12:962  温度分轮成功，分轮数尺度为：48
2020-12-28 13:42:12:974  轴承端盖温度特征值计算完成, 位置标记：0
2020-12-28 13:42:12:982  电机温度计算完成, 位置标记：0
2020-12-28 13:42:12:985  电机温度计算完成, 位置标记：0
2020-12-28 13:42:12:988  电机温度计算完成, 位置标记：0
2020-12-28 13:42:12:990  电机温度计算完成, 位置标记：0
2020-12-28 13:42:12:993  电机温度计算完成, 位置标记：0
2020-12-28 13:42:12:996  电机温度计算完成, 位置标记：0
2020-12-28 13:42:12:999  电机温度计算完成, 位置标记：0
2020-12-28 13:42:13:001  电机温度计算完成, 位置标记：0
2020-12-28 13:42:13:002  车速为：67.9245位置标记为：0
2020-12-28 13:42:13:019  振动分轮计算完成, 位置标记：0
2020-12-28 13:42:13:329  振动特征值计算完成, 位置标记：0
2020-12-28 13:46:03:184  磁钢信号预处理完成，位置标记：1
2020-12-28 13:46:03:195  温度分轮成功，分轮数尺度为：48
2020-12-28 13:46:03:208  轴承端盖温度特征值计算完成, 位置标记：1
2020-12-28 13:46:03:217  电机温度计算完成, 位置标记：1
2020-12-28 13:46:03:221  电机温度计算完成, 位置标记：1
2020-12-28 13:46:03:224  电机温度计算完成, 位置标记：1
2020-12-28 13:46:03:227  电机温度计算完成, 位置标记：1
2020-12-28 13:46:03:231  电机温度计算完成, 位置标记：1
2020-12-28 13:46:03:234  电机温度计算完成, 位置标记：1
2020-12-28 13:46:03:237  电机温度计算完成, 位置标记：1
2020-12-28 13:46:03:241  电机温度计算完成, 位置标记：1
2020-12-28 13:46:03:242  车速为：78.7821位置标记为：1
2020-12-28 13:46:03:262  振动分轮计算完成, 位置标记：1
2020-12-28 13:46:03:590  振动特征值计算完成, 位置标记：1
2020-12-28 13:46:03:630  磁钢信号预处理完成，位置标记：0
2020-12-28 13:46:03:640  温度分轮成功，分轮数尺度为：48
2020-12-28 13:46:03:652  轴承端盖温度特征值计算完成, 位置标记：0
2020-12-28 13:46:03:660  电机温度计算完成, 位置标记：0
2020-12-28 13:46:03:663  电机温度计算完成, 位置标记：0
2020-12-28 13:46:03:666  电机温度计算完成, 位置标记：0
2020-12-28 13:46:03:669  电机温度计算完成, 位置标记：0
2020-12-28 13:46:03:672  电机温度计算完成, 位置标记：0
2020-12-28 13:46:03:676  电机温度计算完成, 位置标记：0
2020-12-28 13:46:03:678  电机温度计算完成, 位置标记：0
2020-12-28 13:46:03:681  电机温度计算完成, 位置标记：0
2020-12-28 13:46:03:682  车速为：78.7821位置标记为：0
2020-12-28 13:46:03:698  振动分轮计算完成, 位置标记：0
2020-12-28 13:46:03:963  振动特征值计算完成, 位置标记：0
2020-12-28 13:55:09:734  磁钢信号预处理完成，位置标记：1
2020-12-28 13:55:09:746  温度分轮成功，分轮数尺度为：48
2020-12-28 13:55:09:759  轴承端盖温度特征值计算完成, 位置标记：1
2020-12-28 13:55:09:768  电机温度计算完成, 位置标记：1
2020-12-28 13:55:09:772  电机温度计算完成, 位置标记：1
2020-12-28 13:55:09:775  电机温度计算完成, 位置标记：1
2020-12-28 13:55:09:779  电机温度计算完成, 位置标记：1
2020-12-28 13:55:09:782  电机温度计算完成, 位置标记：1
2020-12-28 13:55:09:786  电机温度计算完成, 位置标记：1
2020-12-28 13:55:09:789  电机温度计算完成, 位置标记：1
2020-12-28 13:55:09:793  电机温度计算完成, 位置标记：1
2020-12-28 13:55:09:793  车速为：79.0831位置标记为：1
2020-12-28 13:55:09:815  振动分轮计算完成, 位置标记：1
2020-12-28 13:55:10:112  振动特征值计算完成, 位置标记：1
2020-12-28 13:55:10:157  磁钢信号预处理完成，位置标记：0
2020-12-28 13:55:10:168  温度分轮成功，分轮数尺度为：48
2020-12-28 13:55:10:181  轴承端盖温度特征值计算完成, 位置标记：0
2020-12-28 13:55:10:190  电机温度计算完成, 位置标记：0
2020-12-28 13:55:10:193  电机温度计算完成, 位置标记：0
2020-12-28 13:55:10:196  电机温度计算完成, 位置标记：0
2020-12-28 13:55:10:199  电机温度计算完成, 位置标记：0
2020-12-28 13:55:10:201  电机温度计算完成, 位置标记：0
2020-12-28 13:55:10:204  电机温度计算完成, 位置标记：0
2020-12-28 13:55:10:207  电机温度计算完成, 位置标记：0
2020-12-28 13:55:10:209  电机温度计算完成, 位置标记：0
2020-12-28 13:55:10:210  车速为：79.0831位置标记为：0
2020-12-28 13:55:10:226  振动分轮计算完成, 位置标记：0
2020-12-28 13:55:10:467  振动特征值计算完成, 位置标记：0
