2020-12-28 21:40:54:188  磁钢信号预处理完成，位置标记：1
2020-12-28 21:40:54:194  温度分轮成功，分轮数尺度为：48
2020-12-28 21:40:54:210  轴承端盖温度特征值计算完成, 位置标记：1
2020-12-28 21:40:54:226  电机温度计算完成, 位置标记：1
2020-12-28 21:40:54:228  电机温度计算完成, 位置标记：1
2020-12-28 21:40:54:232  电机温度计算完成, 位置标记：1
2020-12-28 21:40:54:234  电机温度计算完成, 位置标记：1
2020-12-28 21:40:54:236  电机温度计算完成, 位置标记：1
2020-12-28 21:40:54:240  电机温度计算完成, 位置标记：1
2020-12-28 21:40:54:242  电机温度计算完成, 位置标记：1
2020-12-28 21:40:54:244  电机温度计算完成, 位置标记：1
2020-12-28 21:40:54:246  车速为：43.949位置标记为：1
2020-12-28 21:40:54:254  振动分轮计算完成, 位置标记：1
2020-12-28 21:40:54:459  振动特征值计算完成, 位置标记：1
2020-12-28 21:40:54:481  磁钢信号预处理完成，位置标记：0
2020-12-28 21:40:54:484  温度分轮成功，分轮数尺度为：48
2020-12-28 21:40:54:502  轴承端盖温度特征值计算完成, 位置标记：0
2020-12-28 21:40:54:519  电机温度计算完成, 位置标记：0
2020-12-28 21:40:54:520  电机温度计算完成, 位置标记：0
2020-12-28 21:40:54:525  电机温度计算完成, 位置标记：0
2020-12-28 21:40:54:527  电机温度计算完成, 位置标记：0
2020-12-28 21:40:54:529  电机温度计算完成, 位置标记：0
2020-12-28 21:40:54:531  电机温度计算完成, 位置标记：0
2020-12-28 21:40:54:535  电机温度计算完成, 位置标记：0
2020-12-28 21:40:54:537  电机温度计算完成, 位置标记：0
2020-12-28 21:40:54:537  车速为：43.949位置标记为：0
2020-12-28 21:40:54:547  振动分轮计算完成, 位置标记：0
2020-12-28 21:40:54:737  振动特征值计算完成, 位置标记：0
2020-12-28 21:50:24:423  磁钢信号预处理完成，位置标记：1
2020-12-28 21:50:24:443  温度分轮成功，分轮数尺度为：48
2020-12-28 21:50:24:461  轴承端盖温度特征值计算完成, 位置标记：1
2020-12-28 21:50:24:477  电机温度计算完成, 位置标记：1
2020-12-28 21:50:24:481  电机温度计算完成, 位置标记：1
2020-12-28 21:50:24:483  电机温度计算完成, 位置标记：1
2020-12-28 21:50:24:485  电机温度计算完成, 位置标记：1
2020-12-28 21:50:24:487  电机温度计算完成, 位置标记：1
2020-12-28 21:50:24:491  电机温度计算完成, 位置标记：1
2020-12-28 21:50:24:493  电机温度计算完成, 位置标记：1
2020-12-28 21:50:24:495  电机温度计算完成, 位置标记：1
2020-12-28 21:50:24:495  车速为：44.1365位置标记为：1
2020-12-28 21:50:24:533  振动分轮计算完成, 位置标记：1
2020-12-28 21:50:24:713  振动特征值计算完成, 位置标记：1
2020-12-28 21:50:24:795  磁钢信号预处理完成，位置标记：0
2020-12-28 21:50:24:813  温度分轮成功，分轮数尺度为：48
2020-12-28 21:50:24:827  轴承端盖温度特征值计算完成, 位置标记：0
2020-12-28 21:50:24:841  电机温度计算完成, 位置标记：0
2020-12-28 21:50:24:843  电机温度计算完成, 位置标记：0
2020-12-28 21:50:24:845  电机温度计算完成, 位置标记：0
2020-12-28 21:50:24:847  电机温度计算完成, 位置标记：0
2020-12-28 21:50:24:849  电机温度计算完成, 位置标记：0
2020-12-28 21:50:24:851  电机温度计算完成, 位置标记：0
2020-12-28 21:50:24:853  电机温度计算完成, 位置标记：0
2020-12-28 21:50:24:855  电机温度计算完成, 位置标记：0
2020-12-28 21:50:24:857  车速为：44.1365位置标记为：0
2020-12-28 21:50:24:889  振动分轮计算完成, 位置标记：0
2020-12-28 21:50:25:053  振动特征值计算完成, 位置标记：0
2020-12-28 21:58:19:821  磁钢信号预处理完成，位置标记：1
2020-12-28 21:58:19:841  温度分轮成功，分轮数尺度为：48
2020-12-28 21:58:19:859  轴承端盖温度特征值计算完成, 位置标记：1
2020-12-28 21:58:19:875  电机温度计算完成, 位置标记：1
2020-12-28 21:58:19:877  电机温度计算完成, 位置标记：1
2020-12-28 21:58:19:881  电机温度计算完成, 位置标记：1
2020-12-28 21:58:19:883  电机温度计算完成, 位置标记：1
2020-12-28 21:58:19:885  电机温度计算完成, 位置标记：1
2020-12-28 21:58:19:887  电机温度计算完成, 位置标记：1
2020-12-28 21:58:19:891  电机温度计算完成, 位置标记：1
2020-12-28 21:58:19:893  电机温度计算完成, 位置标记：1
2020-12-28 21:58:19:893  车速为：43.4646位置标记为：1
2020-12-28 21:58:19:931  振动分轮计算完成, 位置标记：1
2020-12-28 21:58:20:137  振动特征值计算完成, 位置标记：1
2020-12-28 21:58:20:219  磁钢信号预处理完成，位置标记：0
2020-12-28 21:58:20:239  温度分轮成功，分轮数尺度为：48
2020-12-28 21:58:20:255  轴承端盖温度特征值计算完成, 位置标记：0
2020-12-28 21:58:20:273  电机温度计算完成, 位置标记：0
2020-12-28 21:58:20:275  电机温度计算完成, 位置标记：0
2020-12-28 21:58:20:277  电机温度计算完成, 位置标记：0
2020-12-28 21:58:20:281  电机温度计算完成, 位置标记：0
2020-12-28 21:58:20:283  电机温度计算完成, 位置标记：0
2020-12-28 21:58:20:285  电机温度计算完成, 位置标记：0
2020-12-28 21:58:20:287  电机温度计算完成, 位置标记：0
2020-12-28 21:58:20:289  电机温度计算完成, 位置标记：0
2020-12-28 21:58:20:291  车速为：43.4646位置标记为：0
2020-12-28 21:58:20:329  振动分轮计算完成, 位置标记：0
2020-12-28 21:58:20:523  振动特征值计算完成, 位置标记：0
