2020-12-13 21:05:05:043  磁钢信号预处理完成，位置标记：1
2020-12-13 21:05:05:059  温度分轮成功，分轮数尺度为：48
2020-12-13 21:05:05:122  轴承端盖温度特征值计算完成, 位置标记：1
2020-12-13 21:05:05:184  电机温度计算完成, 位置标记：1
2020-12-13 21:05:05:200  电机温度计算完成, 位置标记：1
2020-12-13 21:05:05:200  电机温度计算完成, 位置标记：1
2020-12-13 21:05:05:200  电机温度计算完成, 位置标记：1
2020-12-13 21:05:05:200  电机温度计算完成, 位置标记：1
2020-12-13 21:05:05:200  电机温度计算完成, 位置标记：1
2020-12-13 21:05:05:200  电机温度计算完成, 位置标记：1
2020-12-13 21:05:05:215  电机温度计算完成, 位置标记：1
2020-12-13 21:05:05:215  车速为：36.7184位置标记为：1
2020-12-13 21:05:05:231  振动分轮计算完成, 位置标记：1
2020-12-13 21:05:05:528  振动特征值计算完成, 位置标记：1
2020-12-13 21:05:05:575  磁钢信号预处理完成，位置标记：0
2020-12-13 21:05:05:590  温度分轮成功，分轮数尺度为：48
2020-12-13 21:05:05:653  轴承端盖温度特征值计算完成, 位置标记：0
2020-12-13 21:05:05:715  电机温度计算完成, 位置标记：0
2020-12-13 21:05:05:715  电机温度计算完成, 位置标记：0
2020-12-13 21:05:05:715  电机温度计算完成, 位置标记：0
2020-12-13 21:05:05:731  电机温度计算完成, 位置标记：0
2020-12-13 21:05:05:731  电机温度计算完成, 位置标记：0
2020-12-13 21:05:05:731  电机温度计算完成, 位置标记：0
2020-12-13 21:05:05:731  电机温度计算完成, 位置标记：0
2020-12-13 21:05:05:731  电机温度计算完成, 位置标记：0
2020-12-13 21:05:05:731  车速为：36.7184位置标记为：0
2020-12-13 21:05:05:762  振动分轮计算完成, 位置标记：0
2020-12-13 21:05:06:043  振动特征值计算完成, 位置标记：0
2020-12-13 21:16:50:623  磁钢信号预处理完成，位置标记：1
2020-12-13 21:16:50:639  温度分轮成功，分轮数尺度为：48
2020-12-13 21:16:50:701  轴承端盖温度特征值计算完成, 位置标记：1
2020-12-13 21:16:50:764  电机温度计算完成, 位置标记：1
2020-12-13 21:16:50:764  电机温度计算完成, 位置标记：1
2020-12-13 21:16:50:764  电机温度计算完成, 位置标记：1
2020-12-13 21:16:50:779  电机温度计算完成, 位置标记：1
2020-12-13 21:16:50:779  电机温度计算完成, 位置标记：1
2020-12-13 21:16:50:779  电机温度计算完成, 位置标记：1
2020-12-13 21:16:50:779  电机温度计算完成, 位置标记：1
2020-12-13 21:16:50:779  电机温度计算完成, 位置标记：1
2020-12-13 21:16:50:779  车速为：36.5886位置标记为：1
2020-12-13 21:16:50:810  振动分轮计算完成, 位置标记：1
2020-12-13 21:16:51:076  振动特征值计算完成, 位置标记：1
2020-12-13 21:16:51:123  磁钢信号预处理完成，位置标记：0
2020-12-13 21:16:51:139  温度分轮成功，分轮数尺度为：48
2020-12-13 21:16:51:217  轴承端盖温度特征值计算完成, 位置标记：0
2020-12-13 21:16:51:279  电机温度计算完成, 位置标记：0
2020-12-13 21:16:51:279  电机温度计算完成, 位置标记：0
2020-12-13 21:16:51:279  电机温度计算完成, 位置标记：0
2020-12-13 21:16:51:279  电机温度计算完成, 位置标记：0
2020-12-13 21:16:51:279  电机温度计算完成, 位置标记：0
2020-12-13 21:16:51:295  电机温度计算完成, 位置标记：0
2020-12-13 21:16:51:295  电机温度计算完成, 位置标记：0
2020-12-13 21:16:51:295  电机温度计算完成, 位置标记：0
2020-12-13 21:16:51:295  车速为：36.5886位置标记为：0
2020-12-13 21:16:51:326  振动分轮计算完成, 位置标记：0
2020-12-13 21:16:51:607  振动特征值计算完成, 位置标记：0
2020-12-13 21:28:33:408  磁钢信号预处理完成，位置标记：1
2020-12-13 21:28:33:424  温度分轮成功，分轮数尺度为：48
2020-12-13 21:28:33:487  轴承端盖温度特征值计算完成, 位置标记：1
2020-12-13 21:28:33:549  电机温度计算完成, 位置标记：1
2020-12-13 21:28:33:549  电机温度计算完成, 位置标记：1
2020-12-13 21:28:33:549  电机温度计算完成, 位置标记：1
2020-12-13 21:28:33:565  电机温度计算完成, 位置标记：1
2020-12-13 21:28:33:565  电机温度计算完成, 位置标记：1
2020-12-13 21:28:33:565  电机温度计算完成, 位置标记：1
2020-12-13 21:28:33:565  电机温度计算完成, 位置标记：1
2020-12-13 21:28:33:565  电机温度计算完成, 位置标记：1
2020-12-13 21:28:33:565  车速为：36.5563位置标记为：1
2020-12-13 21:28:33:596  振动有效标记位计算异常，位置标记为：1
2020-12-13 21:28:33:643  磁钢信号预处理完成，位置标记：0
2020-12-13 21:28:33:658  温度分轮成功，分轮数尺度为：48
2020-12-13 21:28:33:721  轴承端盖温度特征值计算完成, 位置标记：0
2020-12-13 21:28:33:783  电机温度计算完成, 位置标记：0
2020-12-13 21:28:33:799  电机温度计算完成, 位置标记：0
2020-12-13 21:28:33:799  电机温度计算完成, 位置标记：0
2020-12-13 21:28:33:799  电机温度计算完成, 位置标记：0
2020-12-13 21:28:33:799  电机温度计算完成, 位置标记：0
2020-12-13 21:28:33:799  电机温度计算完成, 位置标记：0
2020-12-13 21:28:33:799  电机温度计算完成, 位置标记：0
2020-12-13 21:28:33:815  电机温度计算完成, 位置标记：0
2020-12-13 21:28:33:815  车速为：36.5563位置标记为：0
2020-12-13 21:28:33:830  振动有效标记位计算异常，位置标记为：0
2020-12-13 21:40:19:303  磁钢信号预处理完成，位置标记：1
2020-12-13 21:40:19:303  温度分轮成功，分轮数尺度为：48
2020-12-13 21:40:19:381  轴承端盖温度特征值计算完成, 位置标记：1
2020-12-13 21:40:19:444  电机温度计算完成, 位置标记：1
2020-12-13 21:40:19:444  电机温度计算完成, 位置标记：1
2020-12-13 21:40:19:444  电机温度计算完成, 位置标记：1
2020-12-13 21:40:19:444  电机温度计算完成, 位置标记：1
2020-12-13 21:40:19:444  电机温度计算完成, 位置标记：1
2020-12-13 21:40:19:460  电机温度计算完成, 位置标记：1
2020-12-13 21:40:19:460  电机温度计算完成, 位置标记：1
2020-12-13 21:40:19:460  电机温度计算完成, 位置标记：1
2020-12-13 21:40:19:460  车速为：36.7184位置标记为：1
2020-12-13 21:40:19:491  振动分轮计算完成, 位置标记：1
2020-12-13 21:40:19:756  振动特征值计算完成, 位置标记：1
2020-12-13 21:40:19:803  磁钢信号预处理完成，位置标记：0
2020-12-13 21:40:19:819  温度分轮成功，分轮数尺度为：48
2020-12-13 21:40:19:881  轴承端盖温度特征值计算完成, 位置标记：0
2020-12-13 21:40:19:944  电机温度计算完成, 位置标记：0
2020-12-13 21:40:19:960  电机温度计算完成, 位置标记：0
2020-12-13 21:40:19:960  电机温度计算完成, 位置标记：0
2020-12-13 21:40:19:960  电机温度计算完成, 位置标记：0
2020-12-13 21:40:19:960  电机温度计算完成, 位置标记：0
2020-12-13 21:40:19:960  电机温度计算完成, 位置标记：0
2020-12-13 21:40:19:975  电机温度计算完成, 位置标记：0
2020-12-13 21:40:19:975  电机温度计算完成, 位置标记：0
2020-12-13 21:40:19:975  车速为：36.7184位置标记为：0
2020-12-13 21:40:19:991  振动分轮计算完成, 位置标记：0
2020-12-13 21:40:20:272  振动特征值计算完成, 位置标记：0
2020-12-13 21:52:18:542  磁钢信号预处理完成，位置标记：1
2020-12-13 21:52:18:558  温度分轮成功，分轮数尺度为：48
2020-12-13 21:52:18:620  轴承端盖温度特征值计算完成, 位置标记：1
2020-12-13 21:52:18:683  电机温度计算完成, 位置标记：1
2020-12-13 21:52:18:683  电机温度计算完成, 位置标记：1
2020-12-13 21:52:18:698  电机温度计算完成, 位置标记：1
2020-12-13 21:52:18:698  电机温度计算完成, 位置标记：1
2020-12-13 21:52:18:698  电机温度计算完成, 位置标记：1
2020-12-13 21:52:18:698  电机温度计算完成, 位置标记：1
2020-12-13 21:52:18:698  电机温度计算完成, 位置标记：1
2020-12-13 21:52:18:698  电机温度计算完成, 位置标记：1
2020-12-13 21:52:18:714  车速为：36.621位置标记为：1
2020-12-13 21:52:18:729  振动分轮计算完成, 位置标记：1
2020-12-13 21:52:18:995  振动特征值计算完成, 位置标记：1
2020-12-13 21:52:19:058  磁钢信号预处理完成，位置标记：0
2020-12-13 21:52:19:058  温度分轮成功，分轮数尺度为：48
2020-12-13 21:52:19:136  轴承端盖温度特征值计算完成, 位置标记：0
2020-12-13 21:52:19:198  电机温度计算完成, 位置标记：0
2020-12-13 21:52:19:198  电机温度计算完成, 位置标记：0
2020-12-13 21:52:19:198  电机温度计算完成, 位置标记：0
2020-12-13 21:52:19:198  电机温度计算完成, 位置标记：0
2020-12-13 21:52:19:198  电机温度计算完成, 位置标记：0
2020-12-13 21:52:19:214  电机温度计算完成, 位置标记：0
2020-12-13 21:52:19:214  电机温度计算完成, 位置标记：0
2020-12-13 21:52:19:214  电机温度计算完成, 位置标记：0
2020-12-13 21:52:19:214  车速为：36.621位置标记为：0
2020-12-13 21:52:19:229  振动分轮计算完成, 位置标记：0
2020-12-13 21:52:19:526  振动特征值计算完成, 位置标记：0
