2020-12-24 11:11:11:187  磁钢信号预处理完成，位置标记：1
2020-12-24 11:11:11:193  温度分轮成功，分轮数尺度为：44
2020-12-24 11:11:11:195  m_nAxleMarkG2数据异常，位置标记：1
2020-12-24 11:11:11:195  m_nAxleMarkG2数据不是48个，数据异常，位置标记：1
2020-12-24 11:11:11:197  车速为：36.2522位置标记为：1
2020-12-24 11:11:11:201  振动有效标记位计算异常，位置标记为：1
2020-12-24 11:11:11:221  磁钢信号预处理完成，位置标记：0
2020-12-24 11:11:11:227  温度分轮成功，分轮数尺度为：44
2020-12-24 11:11:11:227  m_nAxleMarkG2数据异常，位置标记：0
2020-12-24 11:11:11:229  m_nAxleMarkG2数据不是48个，数据异常，位置标记：0
2020-12-24 11:11:11:229  车速为：36.2522位置标记为：0
2020-12-24 11:11:11:235  振动有效标记位计算异常，位置标记为：0
2020-12-24 11:19:30:108  磁钢信号预处理完成，位置标记：1
2020-12-24 11:19:30:128  温度分轮成功，分轮数尺度为：48
2020-12-24 11:19:30:146  轴承端盖温度特征值计算完成, 位置标记：1
2020-12-24 11:19:30:164  电机温度计算完成, 位置标记：1
2020-12-24 11:19:30:166  电机温度计算完成, 位置标记：1
2020-12-24 11:19:30:168  电机温度计算完成, 位置标记：1
2020-12-24 11:19:30:170  电机温度计算完成, 位置标记：1
2020-12-24 11:19:30:172  电机温度计算完成, 位置标记：1
2020-12-24 11:19:30:174  电机温度计算完成, 位置标记：1
2020-12-24 11:19:30:176  电机温度计算完成, 位置标记：1
2020-12-24 11:19:30:178  电机温度计算完成, 位置标记：1
2020-12-24 11:19:30:180  车速为：43.8559位置标记为：1
2020-12-24 11:19:30:210  振动分轮计算完成, 位置标记：1
2020-12-24 11:19:30:384  振动特征值计算完成, 位置标记：1
2020-12-24 11:19:30:462  磁钢信号预处理完成，位置标记：0
2020-12-24 11:19:30:482  温度分轮成功，分轮数尺度为：48
2020-12-24 11:19:30:500  轴承端盖温度特征值计算完成, 位置标记：0
2020-12-24 11:19:30:518  电机温度计算完成, 位置标记：0
2020-12-24 11:19:30:520  电机温度计算完成, 位置标记：0
2020-12-24 11:19:30:524  电机温度计算完成, 位置标记：0
2020-12-24 11:19:30:526  电机温度计算完成, 位置标记：0
2020-12-24 11:19:30:528  电机温度计算完成, 位置标记：0
2020-12-24 11:19:30:532  电机温度计算完成, 位置标记：0
2020-12-24 11:19:30:534  电机温度计算完成, 位置标记：0
2020-12-24 11:19:30:536  电机温度计算完成, 位置标记：0
2020-12-24 11:19:30:536  车速为：43.8559位置标记为：0
2020-12-24 11:19:30:574  振动分轮计算完成, 位置标记：0
2020-12-24 11:19:30:780  振动特征值计算完成, 位置标记：0
2020-12-24 11:26:00:113  磁钢信号预处理完成，位置标记：1
2020-12-24 11:26:00:133  温度分轮成功，分轮数尺度为：48
2020-12-24 11:26:00:149  轴承端盖温度特征值计算完成, 位置标记：1
2020-12-24 11:26:00:163  电机温度计算完成, 位置标记：1
2020-12-24 11:26:00:165  电机温度计算完成, 位置标记：1
2020-12-24 11:26:00:169  电机温度计算完成, 位置标记：1
2020-12-24 11:26:00:171  电机温度计算完成, 位置标记：1
2020-12-24 11:26:00:173  电机温度计算完成, 位置标记：1
2020-12-24 11:26:00:175  电机温度计算完成, 位置标记：1
2020-12-24 11:26:00:177  电机温度计算完成, 位置标记：1
2020-12-24 11:26:00:179  电机温度计算完成, 位置标记：1
2020-12-24 11:26:00:181  车速为：43.9024位置标记为：1
2020-12-24 11:26:00:215  振动分轮计算完成, 位置标记：1
2020-12-24 11:26:00:397  振动特征值计算完成, 位置标记：1
2020-12-24 11:26:00:467  磁钢信号预处理完成，位置标记：0
2020-12-24 11:26:00:483  温度分轮成功，分轮数尺度为：48
2020-12-24 11:26:00:495  轴承端盖温度特征值计算完成, 位置标记：0
2020-12-24 11:26:00:507  电机温度计算完成, 位置标记：0
2020-12-24 11:26:00:509  电机温度计算完成, 位置标记：0
2020-12-24 11:26:00:511  电机温度计算完成, 位置标记：0
2020-12-24 11:26:00:513  电机温度计算完成, 位置标记：0
2020-12-24 11:26:00:515  电机温度计算完成, 位置标记：0
2020-12-24 11:26:00:517  电机温度计算完成, 位置标记：0
2020-12-24 11:26:00:517  电机温度计算完成, 位置标记：0
2020-12-24 11:26:00:519  电机温度计算完成, 位置标记：0
2020-12-24 11:26:00:521  车速为：43.9024位置标记为：0
2020-12-24 11:26:00:547  振动分轮计算完成, 位置标记：0
2020-12-24 11:26:00:691  振动特征值计算完成, 位置标记：0
2020-12-24 11:44:30:017  磁钢信号预处理完成，位置标记：1
2020-12-24 11:44:30:023  温度分轮成功，分轮数尺度为：48
2020-12-24 11:44:30:045  轴承端盖温度特征值计算完成, 位置标记：1
2020-12-24 11:44:30:067  电机温度计算完成, 位置标记：1
2020-12-24 11:44:30:069  电机温度计算完成, 位置标记：1
2020-12-24 11:44:30:071  电机温度计算完成, 位置标记：1
2020-12-24 11:44:30:075  电机温度计算完成, 位置标记：1
2020-12-24 11:44:30:077  电机温度计算完成, 位置标记：1
2020-12-24 11:44:30:081  电机温度计算完成, 位置标记：1
2020-12-24 11:44:30:083  电机温度计算完成, 位置标记：1
2020-12-24 11:44:30:085  电机温度计算完成, 位置标记：1
2020-12-24 11:44:30:087  车速为：36.4116位置标记为：1
2020-12-24 11:44:30:103  振动分轮计算完成, 位置标记：1
2020-12-24 11:44:30:325  振动特征值计算完成, 位置标记：1
2020-12-24 11:44:30:361  磁钢信号预处理完成，位置标记：0
2020-12-24 11:44:30:367  温度分轮成功，分轮数尺度为：48
2020-12-24 11:44:30:389  轴承端盖温度特征值计算完成, 位置标记：0
2020-12-24 11:44:30:407  电机温度计算完成, 位置标记：0
2020-12-24 11:44:30:409  电机温度计算完成, 位置标记：0
2020-12-24 11:44:30:411  电机温度计算完成, 位置标记：0
2020-12-24 11:44:30:413  电机温度计算完成, 位置标记：0
2020-12-24 11:44:30:417  电机温度计算完成, 位置标记：0
2020-12-24 11:44:30:419  电机温度计算完成, 位置标记：0
2020-12-24 11:44:30:423  电机温度计算完成, 位置标记：0
2020-12-24 11:44:30:425  电机温度计算完成, 位置标记：0
2020-12-24 11:44:30:425  车速为：36.4116位置标记为：0
2020-12-24 11:44:30:441  振动分轮计算完成, 位置标记：0
2020-12-24 11:44:30:647  振动特征值计算完成, 位置标记：0
