2020-12-21 10:03:02:972  收到来车信号，流水号：20201221100302，所有设备开始采集
2020-12-21 10:03:03:181  开启A/D采集
2020-12-21 10:03:28:463  收到离车信号，流水号：20201221100302，线号：14，车号：011012，主控端：1，所有设备停止采集
2020-12-21 10:03:28:489  收到停止采集命令，开始停止采集
2020-12-21 10:03:28:515  停止采集数据
2020-12-21 10:03:28:517  采集连接已断开
2020-12-21 10:03:28:519  开始数据分析和落盘
2020-12-21 10:03:48:541  vibration1完成落盘
2020-12-21 10:04:04:622  vibration2完成落盘
2020-12-21 10:04:21:395  vibration3完成落盘
2020-12-21 10:04:37:183  vibration4完成落盘
2020-12-21 10:04:54:718  vibration5完成落盘
2020-12-21 10:05:12:045  vibration6完成落盘
2020-12-21 10:05:29:848  vibration7完成落盘
2020-12-21 10:05:46:596  vibration8完成落盘
2020-12-21 10:06:04:145  magnetic1完成落盘
2020-12-21 10:06:20:943  magnetic2完成落盘
2020-12-21 10:06:38:942  magnetic3完成落盘
2020-12-21 10:06:56:258  magnetic4完成落盘
2020-12-21 10:07:14:723  temperate1完成落盘
2020-12-21 10:07:32:123  temperate2完成落盘
2020-12-21 10:07:50:220  temperate3完成落盘
2020-12-21 10:08:07:462  temperate4完成落盘
2020-12-21 10:08:07:470  开始处理数据
2020-12-21 10:08:08:281  右侧计算完成
2020-12-21 10:08:08:596  左侧计算完成
2020-12-21 10:08:08:598  检查结果数据
2020-12-21 10:08:08:600  通知桌面显示数据
2020-12-21 10:08:08:615  开始写入数据库
2020-12-21 10:08:08:756  预警及报警参数加载完成
2020-12-21 10:08:08:758  数据库打开成功
2020-12-21 10:08:08:760  train_info数据表写入成功
2020-12-21 10:08:08:762  train_onlyid读取成功
2020-12-21 10:08:08:764  train_data数据表写入成功
2020-12-21 10:08:08:766  vt_info数据表，第0次写入成功
2020-12-21 10:08:08:768  vt_info数据表，第1次写入成功
2020-12-21 10:08:08:770  vt_info数据表，第2次写入成功
2020-12-21 10:08:08:772  vt_info数据表，第3次写入成功
2020-12-21 10:08:08:774  vt_info数据表，第4次写入成功
2020-12-21 10:08:08:776  vt_info数据表，第5次写入成功
2020-12-21 10:08:08:778  vt_info数据表，第6次写入成功
2020-12-21 10:08:08:780  vt_info数据表，第7次写入成功
2020-12-21 10:08:08:782  vt_info数据表，第8次写入成功
2020-12-21 10:08:08:784  vt_info数据表，第9次写入成功
2020-12-21 10:08:08:786  vt_info数据表，第10次写入成功
2020-12-21 10:08:08:788  vt_info数据表，第11次写入成功
2020-12-21 10:08:08:790  vt_info数据表，第12次写入成功
2020-12-21 10:08:08:792  vt_info数据表，第13次写入成功
2020-12-21 10:08:08:794  vt_info数据表，第14次写入成功
2020-12-21 10:08:08:818  vt_info数据表，第15次写入成功
2020-12-21 10:08:08:820  vt_info数据表，第16次写入成功
2020-12-21 10:08:08:822  vt_info数据表，第17次写入成功
2020-12-21 10:08:08:824  vt_info数据表，第18次写入成功
2020-12-21 10:08:08:826  vt_info数据表，第19次写入成功
2020-12-21 10:08:08:828  vt_info数据表，第20次写入成功
2020-12-21 10:08:08:830  vt_info数据表，第21次写入成功
2020-12-21 10:08:08:832  vt_info数据表，第22次写入成功
2020-12-21 10:08:08:834  vt_info数据表，第23次写入成功
2020-12-21 10:08:08:836  vt_info数据表，第24次写入成功
2020-12-21 10:08:08:838  vt_info数据表，第25次写入成功
2020-12-21 10:08:08:840  vt_info数据表，第26次写入成功
2020-12-21 10:08:08:842  vt_info数据表，第27次写入成功
2020-12-21 10:08:08:844  vt_info数据表，第28次写入成功
2020-12-21 10:08:08:846  vt_info数据表，第29次写入成功
2020-12-21 10:08:08:848  vt_info数据表，第30次写入成功
2020-12-21 10:08:08:850  vt_info数据表，第31次写入成功
2020-12-21 10:08:08:874  vt_info数据表，第32次写入成功
2020-12-21 10:08:08:876  vt_info数据表，第33次写入成功
2020-12-21 10:08:08:878  vt_info数据表，第34次写入成功
2020-12-21 10:08:08:880  vt_info数据表，第35次写入成功
2020-12-21 10:08:08:882  vt_info数据表，第36次写入成功
2020-12-21 10:08:08:884  vt_info数据表，第37次写入成功
2020-12-21 10:08:08:886  vt_info数据表，第38次写入成功
2020-12-21 10:08:08:888  vt_info数据表，第39次写入成功
2020-12-21 10:08:08:891  vt_info数据表，第40次写入成功
2020-12-21 10:08:08:893  vt_info数据表，第41次写入成功
2020-12-21 10:08:08:895  vt_info数据表，第42次写入成功
2020-12-21 10:08:08:897  vt_info数据表，第43次写入成功
2020-12-21 10:08:08:899  vt_info数据表，第44次写入成功
2020-12-21 10:08:08:901  vt_info数据表，第45次写入成功
2020-12-21 10:08:08:903  vt_info数据表，第46次写入成功
2020-12-21 10:08:08:905  vt_info数据表，第47次写入成功
2020-12-21 10:08:08:979  motor_info数据表，第0次写入成功
2020-12-21 10:08:08:981  motor_info数据表，第1次写入成功
2020-12-21 10:08:08:983  motor_info数据表，第2次写入成功
2020-12-21 10:08:08:985  motor_info数据表，第3次写入成功
2020-12-21 10:08:08:987  motor_info数据表，第4次写入成功
2020-12-21 10:08:08:989  motor_info数据表，第5次写入成功
2020-12-21 10:08:08:990  motor_info数据表，第6次写入成功
2020-12-21 10:08:08:992  motor_info数据表，第7次写入成功
2020-12-21 10:08:08:994  motor_info数据表，第8次写入成功
2020-12-21 10:08:08:996  motor_info数据表，第9次写入成功
2020-12-21 10:08:08:998  motor_info数据表，第10次写入成功
2020-12-21 10:08:09:000  motor_info数据表，第11次写入成功
2020-12-21 10:08:09:002  motor_info数据表，第12次写入成功
2020-12-21 10:08:09:004  motor_info数据表，第13次写入成功
2020-12-21 10:08:09:006  motor_info数据表，第14次写入成功
2020-12-21 10:08:09:008  motor_info数据表，第15次写入成功
2020-12-21 10:08:09:010  数据库关闭！
2020-12-21 10:12:33:264  收到来车信号，流水号：20201221101233，所有设备开始采集
2020-12-21 10:12:33:432  开启A/D采集
2020-12-21 10:12:58:761  收到离车信号，流水号：20201221101233，线号：14，车号：053054，主控端：0，所有设备停止采集
2020-12-21 10:12:58:786  收到停止采集命令，开始停止采集
2020-12-21 10:12:58:811  停止采集数据
2020-12-21 10:12:58:813  采集连接已断开
2020-12-21 10:12:58:815  开始数据分析和落盘
2020-12-21 10:13:19:682  vibration1完成落盘
2020-12-21 10:13:37:985  vibration2完成落盘
2020-12-21 10:13:55:735  vibration3完成落盘
2020-12-21 10:14:12:289  vibration4完成落盘
2020-12-21 10:14:29:769  vibration5完成落盘
2020-12-21 10:14:46:821  vibration6完成落盘
2020-12-21 10:15:05:153  vibration7完成落盘
2020-12-21 10:15:22:126  vibration8完成落盘
2020-12-21 10:15:40:434  magnetic1完成落盘
2020-12-21 10:15:57:605  magnetic2完成落盘
2020-12-21 10:16:14:877  magnetic3完成落盘
2020-12-21 10:16:33:004  magnetic4完成落盘
2020-12-21 10:16:50:271  temperate1完成落盘
2020-12-21 10:17:08:829  temperate2完成落盘
2020-12-21 10:17:25:786  temperate3完成落盘
2020-12-21 10:17:44:442  temperate4完成落盘
2020-12-21 10:17:44:451  开始处理数据
2020-12-21 10:17:45:399  右侧计算完成
2020-12-21 10:17:45:784  左侧计算完成
2020-12-21 10:17:45:785  检查结果数据
2020-12-21 10:17:45:787  通知桌面显示数据
2020-12-21 10:17:45:803  开始写入数据库
2020-12-21 10:17:45:949  预警及报警参数加载完成
2020-12-21 10:17:45:951  数据库打开成功
2020-12-21 10:17:45:953  train_info数据表写入成功
2020-12-21 10:17:45:955  train_onlyid读取成功
2020-12-21 10:17:45:957  train_data数据表写入成功
2020-12-21 10:17:45:959  vt_info数据表，第0次写入成功
2020-12-21 10:17:45:961  vt_info数据表，第1次写入成功
2020-12-21 10:17:45:963  vt_info数据表，第2次写入成功
2020-12-21 10:17:45:965  vt_info数据表，第3次写入成功
2020-12-21 10:17:45:967  vt_info数据表，第4次写入成功
2020-12-21 10:17:45:969  vt_info数据表，第5次写入成功
2020-12-21 10:17:45:971  vt_info数据表，第6次写入成功
2020-12-21 10:17:45:973  vt_info数据表，第7次写入成功
2020-12-21 10:17:45:975  vt_info数据表，第8次写入成功
2020-12-21 10:17:45:977  vt_info数据表，第9次写入成功
2020-12-21 10:17:45:979  vt_info数据表，第10次写入成功
2020-12-21 10:17:45:981  vt_info数据表，第11次写入成功
2020-12-21 10:17:45:983  vt_info数据表，第12次写入成功
2020-12-21 10:17:45:985  vt_info数据表，第13次写入成功
2020-12-21 10:17:45:987  vt_info数据表，第14次写入成功
2020-12-21 10:17:46:011  vt_info数据表，第15次写入成功
2020-12-21 10:17:46:013  vt_info数据表，第16次写入成功
2020-12-21 10:17:46:015  vt_info数据表，第17次写入成功
2020-12-21 10:17:46:017  vt_info数据表，第18次写入成功
2020-12-21 10:17:46:019  vt_info数据表，第19次写入成功
2020-12-21 10:17:46:021  vt_info数据表，第20次写入成功
2020-12-21 10:17:46:023  vt_info数据表，第21次写入成功
2020-12-21 10:17:46:025  vt_info数据表，第22次写入成功
2020-12-21 10:17:46:027  vt_info数据表，第23次写入成功
2020-12-21 10:17:46:029  vt_info数据表，第24次写入成功
2020-12-21 10:17:46:031  vt_info数据表，第25次写入成功
2020-12-21 10:17:46:033  vt_info数据表，第26次写入成功
2020-12-21 10:17:46:035  vt_info数据表，第27次写入成功
2020-12-21 10:17:46:038  vt_info数据表，第28次写入成功
2020-12-21 10:17:46:040  vt_info数据表，第29次写入成功
2020-12-21 10:17:46:041  vt_info数据表，第30次写入成功
2020-12-21 10:17:46:044  vt_info数据表，第31次写入成功
2020-12-21 10:17:46:068  vt_info数据表，第32次写入成功
2020-12-21 10:17:46:070  vt_info数据表，第33次写入成功
2020-12-21 10:17:46:072  vt_info数据表，第34次写入成功
2020-12-21 10:17:46:074  vt_info数据表，第35次写入成功
2020-12-21 10:17:46:076  vt_info数据表，第36次写入成功
2020-12-21 10:17:46:078  vt_info数据表，第37次写入成功
2020-12-21 10:17:46:080  vt_info数据表，第38次写入成功
2020-12-21 10:17:46:082  vt_info数据表，第39次写入成功
2020-12-21 10:17:46:084  vt_info数据表，第40次写入成功
2020-12-21 10:17:46:086  vt_info数据表，第41次写入成功
2020-12-21 10:17:46:088  vt_info数据表，第42次写入成功
2020-12-21 10:17:46:089  vt_info数据表，第43次写入成功
2020-12-21 10:17:46:091  vt_info数据表，第44次写入成功
2020-12-21 10:17:46:093  vt_info数据表，第45次写入成功
2020-12-21 10:17:46:096  vt_info数据表，第46次写入成功
2020-12-21 10:17:46:170  vt_info数据表，第47次写入成功
2020-12-21 10:17:46:172  motor_info数据表，第0次写入成功
2020-12-21 10:17:46:174  motor_info数据表，第1次写入成功
2020-12-21 10:17:46:176  motor_info数据表，第2次写入成功
2020-12-21 10:17:46:178  motor_info数据表，第3次写入成功
2020-12-21 10:17:46:180  motor_info数据表，第4次写入成功
2020-12-21 10:17:46:182  motor_info数据表，第5次写入成功
2020-12-21 10:17:46:184  motor_info数据表，第6次写入成功
2020-12-21 10:17:46:185  motor_info数据表，第7次写入成功
2020-12-21 10:17:46:188  motor_info数据表，第8次写入成功
2020-12-21 10:17:46:189  motor_info数据表，第9次写入成功
2020-12-21 10:17:46:191  motor_info数据表，第10次写入成功
2020-12-21 10:17:46:193  motor_info数据表，第11次写入成功
2020-12-21 10:17:46:195  motor_info数据表，第12次写入成功
2020-12-21 10:17:46:197  motor_info数据表，第13次写入成功
2020-12-21 10:17:46:199  motor_info数据表，第14次写入成功
2020-12-21 10:17:46:201  motor_info数据表，第15次写入成功
2020-12-21 10:17:46:203  数据库关闭！
2020-12-21 10:21:54:967  收到来车信号，流水号：20201221102154，所有设备开始采集
2020-12-21 10:21:55:136  开启A/D采集
2020-12-21 10:22:20:502  收到离车信号，流水号：20201221102154，线号：14，车号：001002，主控端：1，所有设备停止采集
2020-12-21 10:22:20:528  收到停止采集命令，开始停止采集
2020-12-21 10:22:20:554  停止采集数据
2020-12-21 10:22:20:555  采集连接已断开
2020-12-21 10:22:20:557  开始数据分析和落盘
2020-12-21 10:22:43:472  vibration1完成落盘
2020-12-21 10:23:02:921  vibration2完成落盘
2020-12-21 10:23:22:370  vibration3完成落盘
2020-12-21 10:23:42:238  vibration4完成落盘
2020-12-21 10:24:01:716  vibration5完成落盘
2020-12-21 10:24:21:220  vibration6完成落盘
2020-12-21 10:24:42:027  vibration7完成落盘
2020-12-21 10:25:03:101  vibration8完成落盘
2020-12-21 10:25:23:466  magnetic1完成落盘
2020-12-21 10:25:43:283  magnetic2完成落盘
2020-12-21 10:26:03:312  magnetic3完成落盘
2020-12-21 10:26:24:705  magnetic4完成落盘
2020-12-21 10:26:45:597  temperate1完成落盘
2020-12-21 10:27:05:795  temperate2完成落盘
2020-12-21 10:27:26:031  temperate3完成落盘
2020-12-21 10:27:45:969  temperate4完成落盘
2020-12-21 10:27:45:979  开始处理数据
2020-12-21 10:27:47:135  右侧计算完成
2020-12-21 10:27:47:558  左侧计算完成
2020-12-21 10:27:47:560  检查结果数据
2020-12-21 10:27:47:562  通知桌面显示数据
2020-12-21 10:27:47:581  开始写入数据库
2020-12-21 10:27:47:602  预警及报警参数加载完成
2020-12-21 10:27:47:604  数据库打开成功
2020-12-21 10:27:47:606  train_info数据表写入成功
2020-12-21 10:27:47:756  train_onlyid读取成功
2020-12-21 10:27:47:758  train_data数据表写入成功
2020-12-21 10:27:47:760  vt_info数据表，第0次写入成功
2020-12-21 10:27:47:762  vt_info数据表，第1次写入成功
2020-12-21 10:27:47:764  vt_info数据表，第2次写入成功
2020-12-21 10:27:47:766  vt_info数据表，第3次写入成功
2020-12-21 10:27:47:768  vt_info数据表，第4次写入成功
2020-12-21 10:27:47:769  vt_info数据表，第5次写入成功
2020-12-21 10:27:47:771  vt_info数据表，第6次写入成功
2020-12-21 10:27:47:773  vt_info数据表，第7次写入成功
2020-12-21 10:27:47:775  vt_info数据表，第8次写入成功
2020-12-21 10:27:47:778  vt_info数据表，第9次写入成功
2020-12-21 10:27:47:780  vt_info数据表，第10次写入成功
2020-12-21 10:27:47:782  vt_info数据表，第11次写入成功
2020-12-21 10:27:47:783  vt_info数据表，第12次写入成功
2020-12-21 10:27:47:785  vt_info数据表，第13次写入成功
2020-12-21 10:27:47:787  vt_info数据表，第14次写入成功
2020-12-21 10:27:47:789  vt_info数据表，第15次写入成功
2020-12-21 10:27:47:791  vt_info数据表，第16次写入成功
2020-12-21 10:27:47:794  vt_info数据表，第17次写入成功
2020-12-21 10:27:47:796  vt_info数据表，第18次写入成功
2020-12-21 10:27:47:797  vt_info数据表，第19次写入成功
2020-12-21 10:27:47:799  vt_info数据表，第20次写入成功
2020-12-21 10:27:47:801  vt_info数据表，第21次写入成功
2020-12-21 10:27:47:803  vt_info数据表，第22次写入成功
2020-12-21 10:27:47:805  vt_info数据表，第23次写入成功
2020-12-21 10:27:47:829  vt_info数据表，第24次写入成功
2020-12-21 10:27:47:831  vt_info数据表，第25次写入成功
2020-12-21 10:27:47:833  vt_info数据表，第26次写入成功
2020-12-21 10:27:47:836  vt_info数据表，第27次写入成功
2020-12-21 10:27:47:838  vt_info数据表，第28次写入成功
2020-12-21 10:27:47:840  vt_info数据表，第29次写入成功
2020-12-21 10:27:47:842  vt_info数据表，第30次写入成功
2020-12-21 10:27:47:844  vt_info数据表，第31次写入成功
2020-12-21 10:27:47:846  vt_info数据表，第32次写入成功
2020-12-21 10:27:47:848  vt_info数据表，第33次写入成功
2020-12-21 10:27:47:850  vt_info数据表，第34次写入成功
2020-12-21 10:27:47:852  vt_info数据表，第35次写入成功
2020-12-21 10:27:47:854  vt_info数据表，第36次写入成功
2020-12-21 10:27:47:856  vt_info数据表，第37次写入成功
2020-12-21 10:27:47:858  vt_info数据表，第38次写入成功
2020-12-21 10:27:47:860  vt_info数据表，第39次写入成功
2020-12-21 10:27:47:862  vt_info数据表，第40次写入成功
2020-12-21 10:27:47:864  vt_info数据表，第41次写入成功
2020-12-21 10:27:47:866  vt_info数据表，第42次写入成功
2020-12-21 10:27:47:868  vt_info数据表，第43次写入成功
2020-12-21 10:27:47:951  vt_info数据表，第44次写入成功
2020-12-21 10:27:47:953  vt_info数据表，第45次写入成功
2020-12-21 10:27:47:955  vt_info数据表，第46次写入成功
2020-12-21 10:27:47:957  vt_info数据表，第47次写入成功
2020-12-21 10:27:47:959  motor_info数据表，第0次写入成功
2020-12-21 10:27:47:961  motor_info数据表，第1次写入成功
2020-12-21 10:27:47:963  motor_info数据表，第2次写入成功
2020-12-21 10:27:47:965  motor_info数据表，第3次写入成功
2020-12-21 10:27:47:967  motor_info数据表，第4次写入成功
2020-12-21 10:27:47:968  motor_info数据表，第5次写入成功
2020-12-21 10:27:47:970  motor_info数据表，第6次写入成功
2020-12-21 10:27:47:972  motor_info数据表，第7次写入成功
2020-12-21 10:27:47:974  motor_info数据表，第8次写入成功
2020-12-21 10:27:47:976  motor_info数据表，第9次写入成功
2020-12-21 10:27:47:978  motor_info数据表，第10次写入成功
2020-12-21 10:27:47:980  motor_info数据表，第11次写入成功
2020-12-21 10:27:47:983  motor_info数据表，第12次写入成功
2020-12-21 10:27:47:985  motor_info数据表，第13次写入成功
2020-12-21 10:27:47:987  motor_info数据表，第14次写入成功
2020-12-21 10:27:47:988  motor_info数据表，第15次写入成功
2020-12-21 10:27:47:991  数据库关闭！
2020-12-21 10:32:22:663  收到来车信号，流水号：20201221103222，所有设备开始采集
2020-12-21 10:32:22:835  开启A/D采集
2020-12-21 10:32:48:363  收到离车信号，流水号：20201221103222，线号：14，车号：021022，主控端：0，所有设备停止采集
2020-12-21 10:32:48:388  收到停止采集命令，开始停止采集
2020-12-21 10:32:48:414  停止采集数据
2020-12-21 10:32:48:417  采集连接已断开
2020-12-21 10:32:48:418  开始数据分析和落盘
2020-12-21 10:33:10:177  vibration1完成落盘
2020-12-21 10:33:27:478  vibration2完成落盘
2020-12-21 10:33:44:873  vibration3完成落盘
2020-12-21 10:34:02:403  vibration4完成落盘
2020-12-21 10:34:21:579  vibration5完成落盘
2020-12-21 10:34:39:494  vibration6完成落盘
2020-12-21 10:34:57:143  vibration7完成落盘
2020-12-21 10:35:16:237  vibration8完成落盘
2020-12-21 10:35:34:693  magnetic1完成落盘
2020-12-21 10:35:53:159  magnetic2完成落盘
2020-12-21 10:36:11:600  magnetic3完成落盘
2020-12-21 10:36:29:760  magnetic4完成落盘
2020-12-21 10:36:48:423  temperate1完成落盘
2020-12-21 10:37:07:327  temperate2完成落盘
2020-12-21 10:37:25:750  temperate3完成落盘
2020-12-21 10:37:44:612  temperate4完成落盘
2020-12-21 10:37:44:620  开始处理数据
2020-12-21 10:37:45:609  右侧计算完成
2020-12-21 10:37:46:011  左侧计算完成
2020-12-21 10:37:46:013  检查结果数据
2020-12-21 10:37:46:014  通知桌面显示数据
2020-12-21 10:37:46:032  开始写入数据库
2020-12-21 10:37:46:055  预警及报警参数加载完成
2020-12-21 10:37:46:057  数据库打开成功
2020-12-21 10:37:46:202  train_info数据表写入成功
2020-12-21 10:37:46:204  train_onlyid读取成功
2020-12-21 10:37:46:206  train_data数据表写入成功
2020-12-21 10:37:46:208  vt_info数据表，第0次写入成功
2020-12-21 10:37:46:210  vt_info数据表，第1次写入成功
2020-12-21 10:37:46:212  vt_info数据表，第2次写入成功
2020-12-21 10:37:46:214  vt_info数据表，第3次写入成功
2020-12-21 10:37:46:216  vt_info数据表，第4次写入成功
2020-12-21 10:37:46:218  vt_info数据表，第5次写入成功
2020-12-21 10:37:46:220  vt_info数据表，第6次写入成功
2020-12-21 10:37:46:222  vt_info数据表，第7次写入成功
2020-12-21 10:37:46:224  vt_info数据表，第8次写入成功
2020-12-21 10:37:46:226  vt_info数据表，第9次写入成功
2020-12-21 10:37:46:228  vt_info数据表，第10次写入成功
2020-12-21 10:37:46:230  vt_info数据表，第11次写入成功
2020-12-21 10:37:46:232  vt_info数据表，第12次写入成功
2020-12-21 10:37:46:234  vt_info数据表，第13次写入成功
2020-12-21 10:37:46:236  vt_info数据表，第14次写入成功
2020-12-21 10:37:46:238  vt_info数据表，第15次写入成功
2020-12-21 10:37:46:240  vt_info数据表，第16次写入成功
2020-12-21 10:37:46:242  vt_info数据表，第17次写入成功
2020-12-21 10:37:46:244  vt_info数据表，第18次写入成功
2020-12-21 10:37:46:246  vt_info数据表，第19次写入成功
2020-12-21 10:37:46:248  vt_info数据表，第20次写入成功
2020-12-21 10:37:46:251  vt_info数据表，第21次写入成功
2020-12-21 10:37:46:275  vt_info数据表，第22次写入成功
2020-12-21 10:37:46:277  vt_info数据表，第23次写入成功
2020-12-21 10:37:46:279  vt_info数据表，第24次写入成功
2020-12-21 10:37:46:281  vt_info数据表，第25次写入成功
2020-12-21 10:37:46:283  vt_info数据表，第26次写入成功
2020-12-21 10:37:46:285  vt_info数据表，第27次写入成功
2020-12-21 10:37:46:287  vt_info数据表，第28次写入成功
2020-12-21 10:37:46:289  vt_info数据表，第29次写入成功
2020-12-21 10:37:46:291  vt_info数据表，第30次写入成功
2020-12-21 10:37:46:293  vt_info数据表，第31次写入成功
2020-12-21 10:37:46:295  vt_info数据表，第32次写入成功
2020-12-21 10:37:46:297  vt_info数据表，第33次写入成功
2020-12-21 10:37:46:299  vt_info数据表，第34次写入成功
2020-12-21 10:37:46:301  vt_info数据表，第35次写入成功
2020-12-21 10:37:46:303  vt_info数据表，第36次写入成功
2020-12-21 10:37:46:305  vt_info数据表，第37次写入成功
2020-12-21 10:37:46:308  vt_info数据表，第38次写入成功
2020-12-21 10:37:46:310  vt_info数据表，第39次写入成功
2020-12-21 10:37:46:312  vt_info数据表，第40次写入成功
2020-12-21 10:37:46:314  vt_info数据表，第41次写入成功
2020-12-21 10:37:46:316  vt_info数据表，第42次写入成功
2020-12-21 10:37:46:391  vt_info数据表，第43次写入成功
2020-12-21 10:37:46:393  vt_info数据表，第44次写入成功
2020-12-21 10:37:46:395  vt_info数据表，第45次写入成功
2020-12-21 10:37:46:398  vt_info数据表，第46次写入成功
2020-12-21 10:37:46:400  vt_info数据表，第47次写入成功
2020-12-21 10:37:46:401  motor_info数据表，第0次写入成功
2020-12-21 10:37:46:403  motor_info数据表，第1次写入成功
2020-12-21 10:37:46:405  motor_info数据表，第2次写入成功
2020-12-21 10:37:46:408  motor_info数据表，第3次写入成功
2020-12-21 10:37:46:410  motor_info数据表，第4次写入成功
2020-12-21 10:37:46:412  motor_info数据表，第5次写入成功
2020-12-21 10:37:46:414  motor_info数据表，第6次写入成功
2020-12-21 10:37:46:415  motor_info数据表，第7次写入成功
2020-12-21 10:37:46:417  motor_info数据表，第8次写入成功
2020-12-21 10:37:46:419  motor_info数据表，第9次写入成功
2020-12-21 10:37:46:421  motor_info数据表，第10次写入成功
2020-12-21 10:37:46:423  motor_info数据表，第11次写入成功
2020-12-21 10:37:46:425  motor_info数据表，第12次写入成功
2020-12-21 10:37:46:427  motor_info数据表，第13次写入成功
2020-12-21 10:37:46:429  motor_info数据表，第14次写入成功
2020-12-21 10:37:46:431  motor_info数据表，第15次写入成功
2020-12-21 10:37:46:433  数据库关闭！
2020-12-21 10:42:23:264  收到来车信号，流水号：20201221104223，所有设备开始采集
2020-12-21 10:42:23:433  开启A/D采集
2020-12-21 10:42:48:760  收到离车信号，流水号：20201221104223，线号：14，车号：015016，主控端：1，所有设备停止采集
2020-12-21 10:42:48:785  收到停止采集命令，开始停止采集
2020-12-21 10:42:48:811  停止采集数据
2020-12-21 10:42:48:813  采集连接已断开
2020-12-21 10:42:48:815  开始数据分析和落盘
2020-12-21 10:43:09:474  vibration1完成落盘
2020-12-21 10:43:27:071  vibration2完成落盘
2020-12-21 10:43:44:313  vibration3完成落盘
2020-12-21 10:44:01:246  vibration4完成落盘
2020-12-21 10:44:17:512  vibration5完成落盘
2020-12-21 10:44:35:037  vibration6完成落盘
2020-12-21 10:44:52:347  vibration7完成落盘
2020-12-21 10:45:09:686  vibration8完成落盘
2020-12-21 10:45:26:615  magnetic1完成落盘
2020-12-21 10:45:44:491  magnetic2完成落盘
2020-12-21 10:46:01:745  magnetic3完成落盘
2020-12-21 10:46:19:494  magnetic4完成落盘
2020-12-21 10:46:36:556  temperate1完成落盘
2020-12-21 10:46:53:320  temperate2完成落盘
2020-12-21 10:47:10:400  temperate3完成落盘
2020-12-21 10:47:27:540  temperate4完成落盘
2020-12-21 10:47:27:548  开始处理数据
2020-12-21 10:47:28:507  右侧计算完成
2020-12-21 10:47:28:874  左侧计算完成
2020-12-21 10:47:28:876  检查结果数据
2020-12-21 10:47:28:878  通知桌面显示数据
2020-12-21 10:47:28:895  开始写入数据库
2020-12-21 10:47:28:917  预警及报警参数加载完成
2020-12-21 10:47:28:919  数据库打开成功
2020-12-21 10:47:28:921  train_info数据表写入成功
2020-12-21 10:47:29:068  train_onlyid读取成功
2020-12-21 10:47:29:070  train_data数据表写入成功
2020-12-21 10:47:29:072  vt_info数据表，第0次写入成功
2020-12-21 10:47:29:074  vt_info数据表，第1次写入成功
2020-12-21 10:47:29:076  vt_info数据表，第2次写入成功
2020-12-21 10:47:29:079  vt_info数据表，第3次写入成功
2020-12-21 10:47:29:082  vt_info数据表，第4次写入成功
2020-12-21 10:47:29:083  vt_info数据表，第5次写入成功
2020-12-21 10:47:29:085  vt_info数据表，第6次写入成功
2020-12-21 10:47:29:087  vt_info数据表，第7次写入成功
2020-12-21 10:47:29:089  vt_info数据表，第8次写入成功
2020-12-21 10:47:29:091  vt_info数据表，第9次写入成功
2020-12-21 10:47:29:093  vt_info数据表，第10次写入成功
2020-12-21 10:47:29:095  vt_info数据表，第11次写入成功
2020-12-21 10:47:29:097  vt_info数据表，第12次写入成功
2020-12-21 10:47:29:099  vt_info数据表，第13次写入成功
2020-12-21 10:47:29:101  vt_info数据表，第14次写入成功
2020-12-21 10:47:29:103  vt_info数据表，第15次写入成功
2020-12-21 10:47:29:106  vt_info数据表，第16次写入成功
2020-12-21 10:47:29:108  vt_info数据表，第17次写入成功
2020-12-21 10:47:29:110  vt_info数据表，第18次写入成功
2020-12-21 10:47:29:112  vt_info数据表，第19次写入成功
2020-12-21 10:47:29:114  vt_info数据表，第20次写入成功
2020-12-21 10:47:29:116  vt_info数据表，第21次写入成功
2020-12-21 10:47:29:118  vt_info数据表，第22次写入成功
2020-12-21 10:47:29:120  vt_info数据表，第23次写入成功
2020-12-21 10:47:29:122  vt_info数据表，第24次写入成功
2020-12-21 10:47:29:146  vt_info数据表，第25次写入成功
2020-12-21 10:47:29:149  vt_info数据表，第26次写入成功
2020-12-21 10:47:29:151  vt_info数据表，第27次写入成功
2020-12-21 10:47:29:153  vt_info数据表，第28次写入成功
2020-12-21 10:47:29:155  vt_info数据表，第29次写入成功
2020-12-21 10:47:29:157  vt_info数据表，第30次写入成功
2020-12-21 10:47:29:159  vt_info数据表，第31次写入成功
2020-12-21 10:47:29:161  vt_info数据表，第32次写入成功
2020-12-21 10:47:29:163  vt_info数据表，第33次写入成功
2020-12-21 10:47:29:165  vt_info数据表，第34次写入成功
2020-12-21 10:47:29:167  vt_info数据表，第35次写入成功
2020-12-21 10:47:29:169  vt_info数据表，第36次写入成功
2020-12-21 10:47:29:171  vt_info数据表，第37次写入成功
2020-12-21 10:47:29:173  vt_info数据表，第38次写入成功
2020-12-21 10:47:29:175  vt_info数据表，第39次写入成功
2020-12-21 10:47:29:177  vt_info数据表，第40次写入成功
2020-12-21 10:47:29:179  vt_info数据表，第41次写入成功
2020-12-21 10:47:29:181  vt_info数据表，第42次写入成功
2020-12-21 10:47:29:183  vt_info数据表，第43次写入成功
2020-12-21 10:47:29:185  vt_info数据表，第44次写入成功
2020-12-21 10:47:29:187  vt_info数据表，第45次写入成功
2020-12-21 10:47:29:189  vt_info数据表，第46次写入成功
2020-12-21 10:47:29:264  vt_info数据表，第47次写入成功
2020-12-21 10:47:29:266  motor_info数据表，第0次写入成功
2020-12-21 10:47:29:268  motor_info数据表，第1次写入成功
2020-12-21 10:47:29:270  motor_info数据表，第2次写入成功
2020-12-21 10:47:29:271  motor_info数据表，第3次写入成功
2020-12-21 10:47:29:273  motor_info数据表，第4次写入成功
2020-12-21 10:47:29:275  motor_info数据表，第5次写入成功
2020-12-21 10:47:29:277  motor_info数据表，第6次写入成功
2020-12-21 10:47:29:279  motor_info数据表，第7次写入成功
2020-12-21 10:47:29:281  motor_info数据表，第8次写入成功
2020-12-21 10:47:29:283  motor_info数据表，第9次写入成功
2020-12-21 10:47:29:286  motor_info数据表，第10次写入成功
2020-12-21 10:47:29:288  motor_info数据表，第11次写入成功
2020-12-21 10:47:29:290  motor_info数据表，第12次写入成功
2020-12-21 10:47:29:292  motor_info数据表，第13次写入成功
2020-12-21 10:47:29:294  motor_info数据表，第14次写入成功
2020-12-21 10:47:29:296  motor_info数据表，第15次写入成功
2020-12-21 10:47:29:298  数据库关闭！
2020-12-21 10:52:20:967  收到来车信号，流水号：20201221105220，所有设备开始采集
2020-12-21 10:52:21:135  开启A/D采集
2020-12-21 10:52:46:557  数据采集中出现错误
2020-12-21 10:52:46:561  停止采集数据
2020-12-21 10:52:46:571  收到离车信号，流水号：20201221105220，线号：21，车号：031032，主控端：1，所有设备停止采集
2020-12-21 10:52:46:573  采集连接已断开
2020-12-21 10:52:46:574  开始数据分析和落盘
2020-12-21 10:52:46:594  收到停止采集命令，开始停止采集
2020-12-21 10:53:14:177  vibration1完成落盘
2020-12-21 10:53:37:027  vibration2完成落盘
2020-12-21 10:53:59:981  vibration3完成落盘
2020-12-21 10:54:22:002  vibration4完成落盘
2020-12-21 10:54:44:250  vibration5完成落盘
2020-12-21 10:55:07:287  vibration6完成落盘
2020-12-21 10:55:29:218  vibration7完成落盘
2020-12-21 10:55:51:890  vibration8完成落盘
2020-12-21 10:56:14:695  magnetic1完成落盘
2020-12-21 10:56:43:536  magnetic2完成落盘
2020-12-21 10:57:13:809  magnetic3完成落盘
2020-12-21 10:57:41:376  magnetic4完成落盘
2020-12-21 10:58:09:441  temperate1完成落盘
2020-12-21 10:59:17:547  本地IP：127.0.0.1
2020-12-21 10:59:17:563  本地端口号：4500
2020-12-21 10:59:17:570  通讯模块设置成功
2020-12-21 10:59:17:611  综合数据盒连接IP：192.168.1.198
2020-12-21 10:59:17:613  正在打开设备...
2020-12-21 10:59:17:685  设备打开成功
2020-12-21 10:59:17:687  设备断开连接
