2020-12-29 14:05:13:458  磁钢信号预处理完成，位置标记：1
2020-12-29 14:05:13:470  温度分轮成功，分轮数尺度为：48
2020-12-29 14:05:13:483  轴承端盖温度特征值计算完成, 位置标记：1
2020-12-29 14:05:13:491  电机温度计算完成, 位置标记：1
2020-12-29 14:05:13:495  电机温度计算完成, 位置标记：1
2020-12-29 14:05:13:498  电机温度计算完成, 位置标记：1
2020-12-29 14:05:13:502  电机温度计算完成, 位置标记：1
2020-12-29 14:05:13:505  电机温度计算完成, 位置标记：1
2020-12-29 14:05:13:509  电机温度计算完成, 位置标记：1
2020-12-29 14:05:13:512  电机温度计算完成, 位置标记：1
2020-12-29 14:05:13:516  电机温度计算完成, 位置标记：1
2020-12-29 14:05:13:517  车速为：79.0831位置标记为：1
2020-12-29 14:05:13:538  振动分轮计算完成, 位置标记：1
2020-12-29 14:05:13:874  振动特征值计算完成, 位置标记：1
2020-12-29 14:05:13:922  磁钢信号预处理完成，位置标记：0
2020-12-29 14:05:13:933  温度分轮成功，分轮数尺度为：48
2020-12-29 14:05:13:947  轴承端盖温度特征值计算完成, 位置标记：0
2020-12-29 14:05:13:956  电机温度计算完成, 位置标记：0
2020-12-29 14:05:13:959  电机温度计算完成, 位置标记：0
2020-12-29 14:05:13:962  电机温度计算完成, 位置标记：0
2020-12-29 14:05:13:966  电机温度计算完成, 位置标记：0
2020-12-29 14:05:13:970  电机温度计算完成, 位置标记：0
2020-12-29 14:05:13:973  电机温度计算完成, 位置标记：0
2020-12-29 14:05:13:977  电机温度计算完成, 位置标记：0
2020-12-29 14:05:13:980  电机温度计算完成, 位置标记：0
2020-12-29 14:05:13:981  车速为：79.0831位置标记为：0
2020-12-29 14:05:14:001  振动分轮计算完成, 位置标记：0
2020-12-29 14:05:14:335  振动特征值计算完成, 位置标记：0
2020-12-29 14:15:00:840  磁钢信号预处理完成，位置标记：1
2020-12-29 14:15:00:851  温度分轮成功，分轮数尺度为：48
2020-12-29 14:15:00:864  轴承端盖温度特征值计算完成, 位置标记：1
2020-12-29 14:15:00:873  电机温度计算完成, 位置标记：1
2020-12-29 14:15:00:877  电机温度计算完成, 位置标记：1
2020-12-29 14:15:00:881  电机温度计算完成, 位置标记：1
2020-12-29 14:15:00:885  电机温度计算完成, 位置标记：1
2020-12-29 14:15:00:889  电机温度计算完成, 位置标记：1
2020-12-29 14:15:00:892  电机温度计算完成, 位置标记：1
2020-12-29 14:15:00:896  电机温度计算完成, 位置标记：1
2020-12-29 14:15:00:899  电机温度计算完成, 位置标记：1
2020-12-29 14:15:00:900  车速为：79.3103位置标记为：1
2020-12-29 14:15:00:921  振动分轮计算完成, 位置标记：1
2020-12-29 14:15:01:214  振动特征值计算完成, 位置标记：1
2020-12-29 14:15:01:261  磁钢信号预处理完成，位置标记：0
2020-12-29 14:15:01:273  温度分轮成功，分轮数尺度为：48
2020-12-29 14:15:01:286  轴承端盖温度特征值计算完成, 位置标记：0
2020-12-29 14:15:01:295  电机温度计算完成, 位置标记：0
2020-12-29 14:15:01:299  电机温度计算完成, 位置标记：0
2020-12-29 14:15:01:302  电机温度计算完成, 位置标记：0
2020-12-29 14:15:01:306  电机温度计算完成, 位置标记：0
2020-12-29 14:15:01:309  电机温度计算完成, 位置标记：0
2020-12-29 14:15:01:313  电机温度计算完成, 位置标记：0
2020-12-29 14:15:01:317  电机温度计算完成, 位置标记：0
2020-12-29 14:15:01:320  电机温度计算完成, 位置标记：0
2020-12-29 14:15:01:321  车速为：79.3103位置标记为：0
2020-12-29 14:15:01:342  振动分轮计算完成, 位置标记：0
2020-12-29 14:15:01:679  振动特征值计算完成, 位置标记：0
2020-12-29 14:21:27:107  磁钢信号预处理完成，位置标记：1
2020-12-29 14:21:27:118  温度分轮成功，分轮数尺度为：48
2020-12-29 14:21:27:133  轴承端盖温度特征值计算完成, 位置标记：1
2020-12-29 14:21:27:144  电机温度计算完成, 位置标记：1
2020-12-29 14:21:27:147  电机温度计算完成, 位置标记：1
2020-12-29 14:21:27:151  电机温度计算完成, 位置标记：1
2020-12-29 14:21:27:154  电机温度计算完成, 位置标记：1
2020-12-29 14:21:27:158  电机温度计算完成, 位置标记：1
2020-12-29 14:21:27:161  电机温度计算完成, 位置标记：1
2020-12-29 14:21:27:164  电机温度计算完成, 位置标记：1
2020-12-29 14:21:27:168  电机温度计算完成, 位置标记：1
2020-12-29 14:21:27:169  车速为：67.5367位置标记为：1
2020-12-29 14:21:27:189  振动分轮计算完成, 位置标记：1
2020-12-29 14:21:27:521  振动特征值计算完成, 位置标记：1
2020-12-29 14:21:27:564  磁钢信号预处理完成，位置标记：0
2020-12-29 14:21:27:574  温度分轮成功，分轮数尺度为：48
2020-12-29 14:21:27:588  轴承端盖温度特征值计算完成, 位置标记：0
2020-12-29 14:21:27:597  电机温度计算完成, 位置标记：0
2020-12-29 14:21:27:600  电机温度计算完成, 位置标记：0
2020-12-29 14:21:27:604  电机温度计算完成, 位置标记：0
2020-12-29 14:21:27:607  电机温度计算完成, 位置标记：0
2020-12-29 14:21:27:609  电机温度计算完成, 位置标记：0
2020-12-29 14:21:27:612  电机温度计算完成, 位置标记：0
2020-12-29 14:21:27:616  电机温度计算完成, 位置标记：0
2020-12-29 14:21:27:620  电机温度计算完成, 位置标记：0
2020-12-29 14:21:27:620  车速为：67.5367位置标记为：0
2020-12-29 14:21:27:641  振动分轮计算完成, 位置标记：0
2020-12-29 14:21:27:973  振动特征值计算完成, 位置标记：0
2020-12-29 14:25:24:799  磁钢信号预处理完成，位置标记：1
2020-12-29 14:25:24:810  温度分轮成功，分轮数尺度为：48
2020-12-29 14:25:24:823  轴承端盖温度特征值计算完成, 位置标记：1
2020-12-29 14:25:24:832  电机温度计算完成, 位置标记：1
2020-12-29 14:25:24:835  电机温度计算完成, 位置标记：1
2020-12-29 14:25:24:839  电机温度计算完成, 位置标记：1
2020-12-29 14:25:24:842  电机温度计算完成, 位置标记：1
2020-12-29 14:25:24:846  电机温度计算完成, 位置标记：1
2020-12-29 14:25:24:849  电机温度计算完成, 位置标记：1
2020-12-29 14:25:24:853  电机温度计算完成, 位置标记：1
2020-12-29 14:25:24:856  电机温度计算完成, 位置标记：1
2020-12-29 14:25:24:857  车速为：79.0831位置标记为：1
2020-12-29 14:25:24:877  振动分轮计算完成, 位置标记：1
2020-12-29 14:25:25:206  振动特征值计算完成, 位置标记：1
2020-12-29 14:25:25:252  磁钢信号预处理完成，位置标记：0
2020-12-29 14:25:25:264  温度分轮成功，分轮数尺度为：48
2020-12-29 14:25:25:277  轴承端盖温度特征值计算完成, 位置标记：0
2020-12-29 14:25:25:286  电机温度计算完成, 位置标记：0
2020-12-29 14:25:25:290  电机温度计算完成, 位置标记：0
2020-12-29 14:25:25:293  电机温度计算完成, 位置标记：0
2020-12-29 14:25:25:297  电机温度计算完成, 位置标记：0
2020-12-29 14:25:25:300  电机温度计算完成, 位置标记：0
2020-12-29 14:25:25:304  电机温度计算完成, 位置标记：0
2020-12-29 14:25:25:307  电机温度计算完成, 位置标记：0
2020-12-29 14:25:25:311  电机温度计算完成, 位置标记：0
2020-12-29 14:25:25:312  车速为：79.0831位置标记为：0
2020-12-29 14:25:25:333  振动分轮计算完成, 位置标记：0
2020-12-29 14:25:25:663  振动特征值计算完成, 位置标记：0
2020-12-29 14:34:05:726  磁钢信号预处理完成，位置标记：1
2020-12-29 14:34:05:737  温度分轮成功，分轮数尺度为：48
2020-12-29 14:34:05:750  轴承端盖温度特征值计算完成, 位置标记：1
2020-12-29 14:34:05:760  电机温度计算完成, 位置标记：1
2020-12-29 14:34:05:763  电机温度计算完成, 位置标记：1
2020-12-29 14:34:05:766  电机温度计算完成, 位置标记：1
2020-12-29 14:34:05:770  电机温度计算完成, 位置标记：1
2020-12-29 14:34:05:773  电机温度计算完成, 位置标记：1
2020-12-29 14:34:05:777  电机温度计算完成, 位置标记：1
2020-12-29 14:34:05:780  电机温度计算完成, 位置标记：1
2020-12-29 14:34:05:784  电机温度计算完成, 位置标记：1
2020-12-29 14:34:05:785  车速为：79.4626位置标记为：1
2020-12-29 14:34:05:805  振动分轮计算完成, 位置标记：1
2020-12-29 14:34:06:139  振动特征值计算完成, 位置标记：1
2020-12-29 14:34:06:187  磁钢信号预处理完成，位置标记：0
2020-12-29 14:34:06:198  温度分轮成功，分轮数尺度为：48
2020-12-29 14:34:06:211  轴承端盖温度特征值计算完成, 位置标记：0
2020-12-29 14:34:06:221  电机温度计算完成, 位置标记：0
2020-12-29 14:34:06:224  电机温度计算完成, 位置标记：0
2020-12-29 14:34:06:228  电机温度计算完成, 位置标记：0
2020-12-29 14:34:06:231  电机温度计算完成, 位置标记：0
2020-12-29 14:34:06:235  电机温度计算完成, 位置标记：0
2020-12-29 14:34:06:238  电机温度计算完成, 位置标记：0
2020-12-29 14:34:06:242  电机温度计算完成, 位置标记：0
2020-12-29 14:34:06:245  电机温度计算完成, 位置标记：0
2020-12-29 14:34:06:246  车速为：79.4626位置标记为：0
2020-12-29 14:34:06:266  振动分轮计算完成, 位置标记：0
2020-12-29 14:34:06:605  振动特征值计算完成, 位置标记：0
2020-12-29 14:43:54:206  磁钢信号预处理完成，位置标记：1
2020-12-29 14:43:54:217  温度分轮成功，分轮数尺度为：48
2020-12-29 14:43:54:230  轴承端盖温度特征值计算完成, 位置标记：1
2020-12-29 14:43:54:238  电机温度计算完成, 位置标记：1
2020-12-29 14:43:54:242  电机温度计算完成, 位置标记：1
2020-12-29 14:43:54:245  电机温度计算完成, 位置标记：1
2020-12-29 14:43:54:249  电机温度计算完成, 位置标记：1
2020-12-29 14:43:54:252  电机温度计算完成, 位置标记：1
2020-12-29 14:43:54:256  电机温度计算完成, 位置标记：1
2020-12-29 14:43:54:259  电机温度计算完成, 位置标记：1
2020-12-29 14:43:54:262  电机温度计算完成, 位置标记：1
2020-12-29 14:43:54:263  车速为：79.2344位置标记为：1
2020-12-29 14:43:54:283  振动分轮计算完成, 位置标记：1
2020-12-29 14:43:54:619  振动特征值计算完成, 位置标记：1
2020-12-29 14:43:54:665  磁钢信号预处理完成，位置标记：0
2020-12-29 14:43:54:676  温度分轮成功，分轮数尺度为：48
2020-12-29 14:43:54:689  轴承端盖温度特征值计算完成, 位置标记：0
2020-12-29 14:43:54:697  电机温度计算完成, 位置标记：0
2020-12-29 14:43:54:700  电机温度计算完成, 位置标记：0
2020-12-29 14:43:54:704  电机温度计算完成, 位置标记：0
2020-12-29 14:43:54:707  电机温度计算完成, 位置标记：0
2020-12-29 14:43:54:710  电机温度计算完成, 位置标记：0
2020-12-29 14:43:54:714  电机温度计算完成, 位置标记：0
2020-12-29 14:43:54:717  电机温度计算完成, 位置标记：0
2020-12-29 14:43:54:721  电机温度计算完成, 位置标记：0
2020-12-29 14:43:54:722  车速为：79.2344位置标记为：0
2020-12-29 14:43:54:741  振动分轮计算完成, 位置标记：0
2020-12-29 14:43:55:082  振动特征值计算完成, 位置标记：0
2020-12-29 14:53:42:897  磁钢信号预处理完成，位置标记：1
2020-12-29 14:53:42:908  温度分轮成功，分轮数尺度为：48
2020-12-29 14:53:42:922  轴承端盖温度特征值计算完成, 位置标记：1
2020-12-29 14:53:42:931  电机温度计算完成, 位置标记：1
2020-12-29 14:53:42:935  电机温度计算完成, 位置标记：1
2020-12-29 14:53:42:938  电机温度计算完成, 位置标记：1
2020-12-29 14:53:42:941  电机温度计算完成, 位置标记：1
2020-12-29 14:53:42:945  电机温度计算完成, 位置标记：1
2020-12-29 14:53:42:949  电机温度计算完成, 位置标记：1
2020-12-29 14:53:42:953  电机温度计算完成, 位置标记：1
2020-12-29 14:53:42:956  电机温度计算完成, 位置标记：1
2020-12-29 14:53:42:956  车速为：79.7688位置标记为：1
2020-12-29 14:53:42:978  振动分轮计算完成, 位置标记：1
2020-12-29 14:53:43:315  振动特征值计算完成, 位置标记：1
2020-12-29 14:53:43:362  磁钢信号预处理完成，位置标记：0
2020-12-29 14:53:43:373  温度分轮成功，分轮数尺度为：48
2020-12-29 14:53:43:387  轴承端盖温度特征值计算完成, 位置标记：0
2020-12-29 14:53:43:396  电机温度计算完成, 位置标记：0
2020-12-29 14:53:43:400  电机温度计算完成, 位置标记：0
2020-12-29 14:53:43:403  电机温度计算完成, 位置标记：0
2020-12-29 14:53:43:406  电机温度计算完成, 位置标记：0
2020-12-29 14:53:43:410  电机温度计算完成, 位置标记：0
2020-12-29 14:53:43:413  电机温度计算完成, 位置标记：0
2020-12-29 14:53:43:417  电机温度计算完成, 位置标记：0
2020-12-29 14:53:43:420  电机温度计算完成, 位置标记：0
2020-12-29 14:53:43:421  车速为：79.7688位置标记为：0
2020-12-29 14:53:43:442  振动分轮计算完成, 位置标记：0
2020-12-29 14:53:43:782  振动特征值计算完成, 位置标记：0
