2022-07-10 23:31:02:614  正在读取检测数据...
2022-07-10 23:31:02:761  存在数据为空，请检查数据源
2022-07-10 23:31:29:785  正在读取检测数据...
2022-07-10 23:31:34:628  开始处理数据
2022-07-10 23:31:34:934  右侧计算完成
2022-07-10 23:31:35:143  左侧计算完成
2022-07-10 23:31:35:144  检查结果数据
2022-07-10 23:31:35:145  通知桌面显示数据
2022-07-10 23:31:35:153  开始写入数据库
2022-07-10 23:31:35:250  预警及报警参数加载完成
2022-07-10 23:31:35:251  数据库打开成功
2022-07-10 23:31:35:253  train_info数据表写入成功
2022-07-10 23:31:35:254  train_onlyid读取成功
2022-07-10 23:31:35:267  train_data数据表写入成功
2022-07-10 23:31:35:269  train_fault数据表写入1、1成功
2022-07-10 23:31:35:270  train_fault数据表写入3、1成功
2022-07-10 23:31:35:271  vt_info数据表，第0次写入成功
2022-07-10 23:31:35:288  vt_info数据表，第1次写入成功
2022-07-10 23:31:35:290  vt_info数据表，第2次写入成功
2022-07-10 23:31:35:292  vt_info数据表，第3次写入成功
2022-07-10 23:31:35:307  vt_info数据表，第4次写入成功
2022-07-10 23:31:35:308  vt_info数据表，第5次写入成功
2022-07-10 23:31:35:309  vt_info数据表，第6次写入成功
2022-07-10 23:31:35:322  vt_info数据表，第7次写入成功
2022-07-10 23:31:35:325  vt_info数据表，第8次写入成功
2022-07-10 23:31:35:341  vt_info数据表，第9次写入成功
2022-07-10 23:31:35:345  vt_info数据表，第10次写入成功
2022-07-10 23:31:35:351  vt_info数据表，第11次写入成功
2022-07-10 23:31:35:364  vt_info数据表，第12次写入成功
2022-07-10 23:31:35:366  vt_info数据表，第13次写入成功
2022-07-10 23:31:35:367  vt_info数据表，第14次写入成功
2022-07-10 23:31:35:381  vt_info数据表，第15次写入成功
2022-07-10 23:31:35:383  vt_info数据表，第16次写入成功
2022-07-10 23:31:35:384  vt_info数据表，第17次写入成功
2022-07-10 23:31:35:400  vt_info数据表，第18次写入成功
2022-07-10 23:31:35:402  vt_info数据表，第19次写入成功
2022-07-10 23:31:35:403  vt_info数据表，第20次写入成功
2022-07-10 23:31:35:416  vt_info数据表，第21次写入成功
2022-07-10 23:31:35:417  vt_info数据表，第22次写入成功
2022-07-10 23:31:35:419  vt_info数据表，第23次写入成功
2022-07-10 23:31:35:433  vt_info数据表，第24次写入成功
2022-07-10 23:31:35:435  vt_info数据表，第25次写入成功
2022-07-10 23:31:35:436  vt_info数据表，第26次写入成功
2022-07-10 23:31:35:453  vt_info数据表，第27次写入成功
2022-07-10 23:31:35:454  vt_info数据表，第28次写入成功
2022-07-10 23:31:35:457  vt_info数据表，第29次写入成功
2022-07-10 23:31:35:469  vt_info数据表，第30次写入成功
2022-07-10 23:31:35:470  vt_info数据表，第31次写入成功
2022-07-10 23:31:35:471  vt_info数据表，第32次写入成功
2022-07-10 23:31:35:486  vt_info数据表，第33次写入成功
2022-07-10 23:31:35:488  vt_info数据表，第34次写入成功
2022-07-10 23:31:35:490  vt_info数据表，第35次写入成功
2022-07-10 23:31:35:505  vt_info数据表，第36次写入成功
2022-07-10 23:31:35:506  vt_info数据表，第37次写入成功
2022-07-10 23:31:35:519  vt_info数据表，第38次写入成功
2022-07-10 23:31:35:520  vt_info数据表，第39次写入成功
2022-07-10 23:31:35:521  vt_info数据表，第40次写入成功
2022-07-10 23:31:35:541  vt_info数据表，第41次写入成功
2022-07-10 23:31:35:543  vt_info数据表，第42次写入成功
2022-07-10 23:31:35:545  vt_info数据表，第43次写入成功
2022-07-10 23:31:35:560  vt_info数据表，第44次写入成功
2022-07-10 23:31:35:561  vt_info数据表，第45次写入成功
2022-07-10 23:31:35:588  vt_info数据表，第46次写入成功
2022-07-10 23:31:35:590  vt_info数据表，第47次写入成功
2022-07-10 23:31:35:592  motor_info数据表，第0次写入成功
2022-07-10 23:31:35:593  motor_info数据表，第1次写入成功
2022-07-10 23:31:35:594  motor_info数据表，第2次写入成功
2022-07-10 23:31:35:595  motor_info数据表，第3次写入成功
2022-07-10 23:31:35:610  motor_info数据表，第4次写入成功
2022-07-10 23:31:35:611  motor_info数据表，第5次写入成功
2022-07-10 23:31:35:612  motor_info数据表，第6次写入成功
2022-07-10 23:31:35:614  motor_info数据表，第7次写入成功
2022-07-10 23:31:35:615  motor_info数据表，第8次写入成功
2022-07-10 23:31:35:629  motor_info数据表，第9次写入成功
2022-07-10 23:31:35:631  motor_info数据表，第10次写入成功
2022-07-10 23:31:35:633  motor_info数据表，第11次写入成功
2022-07-10 23:31:35:635  motor_info数据表，第12次写入成功
2022-07-10 23:31:35:651  motor_info数据表，第13次写入成功
2022-07-10 23:31:35:653  motor_info数据表，第14次写入成功
2022-07-10 23:31:35:654  motor_info数据表，第15次写入成功
2022-07-10 23:31:39:046  数据库关闭！
2022-07-10 23:31:46:097  正在读取检测数据...
2022-07-10 23:31:53:617  开始处理数据
2022-07-10 23:31:53:892  右侧计算完成
2022-07-10 23:31:54:067  左侧计算完成
2022-07-10 23:31:54:068  检查结果数据
2022-07-10 23:31:54:069  通知桌面显示数据
2022-07-10 23:31:54:077  开始写入数据库
2022-07-10 23:31:54:174  预警及报警参数加载完成
2022-07-10 23:31:54:176  数据库打开成功
2022-07-10 23:31:54:177  train_info数据表写入成功
2022-07-10 23:31:54:178  train_onlyid读取成功
2022-07-10 23:31:54:179  train_data数据表写入成功
2022-07-10 23:31:54:194  train_fault数据表写入1、1成功
2022-07-10 23:31:54:196  vt_info数据表，第0次写入成功
2022-07-10 23:31:54:197  vt_info数据表，第1次写入成功
2022-07-10 23:31:54:213  vt_info数据表，第2次写入成功
2022-07-10 23:31:54:215  vt_info数据表，第3次写入成功
2022-07-10 23:31:54:216  vt_info数据表，第4次写入成功
2022-07-10 23:31:54:232  vt_info数据表，第5次写入成功
2022-07-10 23:31:54:235  vt_info数据表，第6次写入成功
2022-07-10 23:31:54:239  vt_info数据表，第7次写入成功
2022-07-10 23:31:54:241  vt_info数据表，第8次写入成功
2022-07-10 23:31:54:259  vt_info数据表，第9次写入成功
2022-07-10 23:31:54:261  vt_info数据表，第10次写入成功
2022-07-10 23:31:54:262  vt_info数据表，第11次写入成功
2022-07-10 23:31:54:275  vt_info数据表，第12次写入成功
2022-07-10 23:31:54:277  vt_info数据表，第13次写入成功
2022-07-10 23:31:54:289  vt_info数据表，第14次写入成功
2022-07-10 23:31:54:291  vt_info数据表，第15次写入成功
2022-07-10 23:31:54:292  vt_info数据表，第16次写入成功
2022-07-10 23:31:54:305  vt_info数据表，第17次写入成功
2022-07-10 23:31:54:306  vt_info数据表，第18次写入成功
2022-07-10 23:31:54:309  vt_info数据表，第19次写入成功
2022-07-10 23:31:54:327  vt_info数据表，第20次写入成功
2022-07-10 23:31:54:328  vt_info数据表，第21次写入成功
2022-07-10 23:31:54:352  vt_info数据表，第22次写入成功
2022-07-10 23:31:54:354  vt_info数据表，第23次写入成功
2022-07-10 23:31:54:355  vt_info数据表，第24次写入成功
2022-07-10 23:31:54:356  vt_info数据表，第25次写入成功
2022-07-10 23:31:54:357  vt_info数据表，第26次写入成功
2022-07-10 23:31:54:377  vt_info数据表，第27次写入成功
2022-07-10 23:31:54:378  vt_info数据表，第28次写入成功
2022-07-10 23:31:54:381  vt_info数据表，第29次写入成功
2022-07-10 23:31:54:396  vt_info数据表，第30次写入成功
2022-07-10 23:31:54:398  vt_info数据表，第31次写入成功
2022-07-10 23:31:54:399  vt_info数据表，第32次写入成功
2022-07-10 23:31:54:415  vt_info数据表，第33次写入成功
2022-07-10 23:31:54:417  vt_info数据表，第34次写入成功
2022-07-10 23:31:54:419  vt_info数据表，第35次写入成功
2022-07-10 23:31:54:421  vt_info数据表，第36次写入成功
2022-07-10 23:31:54:445  vt_info数据表，第37次写入成功
2022-07-10 23:31:54:447  vt_info数据表，第38次写入成功
2022-07-10 23:31:54:448  vt_info数据表，第39次写入成功
2022-07-10 23:31:54:464  vt_info数据表，第40次写入成功
2022-07-10 23:31:54:465  vt_info数据表，第41次写入成功
2022-07-10 23:31:54:467  vt_info数据表，第42次写入成功
2022-07-10 23:31:54:488  vt_info数据表，第43次写入成功
2022-07-10 23:31:54:490  vt_info数据表，第44次写入成功
2022-07-10 23:31:54:492  vt_info数据表，第45次写入成功
2022-07-10 23:31:54:507  vt_info数据表，第46次写入成功
2022-07-10 23:31:54:508  vt_info数据表，第47次写入成功
2022-07-10 23:31:54:511  motor_info数据表，第0次写入成功
2022-07-10 23:31:54:531  motor_info数据表，第1次写入成功
2022-07-10 23:31:54:534  motor_info数据表，第2次写入成功
2022-07-10 23:31:54:536  motor_info数据表，第3次写入成功
2022-07-10 23:31:54:552  motor_info数据表，第4次写入成功
2022-07-10 23:31:54:555  motor_info数据表，第5次写入成功
2022-07-10 23:31:54:565  motor_info数据表，第6次写入成功
2022-07-10 23:31:54:570  motor_info数据表，第7次写入成功
2022-07-10 23:31:54:585  motor_info数据表，第8次写入成功
2022-07-10 23:31:54:586  motor_info数据表，第9次写入成功
2022-07-10 23:31:54:588  motor_info数据表，第10次写入成功
2022-07-10 23:31:54:589  motor_info数据表，第11次写入成功
2022-07-10 23:31:54:591  motor_info数据表，第12次写入成功
2022-07-10 23:31:54:592  motor_info数据表，第13次写入成功
2022-07-10 23:31:54:605  motor_info数据表，第14次写入成功
2022-07-10 23:31:54:607  motor_info数据表，第15次写入成功
2022-07-10 23:31:57:768  数据库关闭！
