2020-12-13 08:06:48:418  磁钢信号预处理完成，位置标记：1
2020-12-13 08:06:48:433  温度分轮成功，分轮数尺度为：48
2020-12-13 08:06:48:511  轴承端盖温度特征值计算完成, 位置标记：1
2020-12-13 08:06:48:574  电机温度计算完成, 位置标记：1
2020-12-13 08:06:48:574  电机温度计算完成, 位置标记：1
2020-12-13 08:06:48:574  电机温度计算完成, 位置标记：1
2020-12-13 08:06:48:574  电机温度计算完成, 位置标记：1
2020-12-13 08:06:48:574  电机温度计算完成, 位置标记：1
2020-12-13 08:06:48:590  电机温度计算完成, 位置标记：1
2020-12-13 08:06:48:590  电机温度计算完成, 位置标记：1
2020-12-13 08:06:48:590  电机温度计算完成, 位置标记：1
2020-12-13 08:06:48:590  车速为：36.6534位置标记为：1
2020-12-13 08:06:48:621  振动分轮计算完成, 位置标记：1
2020-12-13 08:06:48:902  振动特征值计算完成, 位置标记：1
2020-12-13 08:06:48:949  磁钢信号预处理完成，位置标记：0
2020-12-13 08:06:48:965  温度分轮成功，分轮数尺度为：48
2020-12-13 08:06:49:043  轴承端盖温度特征值计算完成, 位置标记：0
2020-12-13 08:06:49:105  电机温度计算完成, 位置标记：0
2020-12-13 08:06:49:105  电机温度计算完成, 位置标记：0
2020-12-13 08:06:49:105  电机温度计算完成, 位置标记：0
2020-12-13 08:06:49:105  电机温度计算完成, 位置标记：0
2020-12-13 08:06:49:121  电机温度计算完成, 位置标记：0
2020-12-13 08:06:49:121  电机温度计算完成, 位置标记：0
2020-12-13 08:06:49:121  电机温度计算完成, 位置标记：0
2020-12-13 08:06:49:121  电机温度计算完成, 位置标记：0
2020-12-13 08:06:49:121  车速为：36.6534位置标记为：0
2020-12-13 08:06:49:152  振动分轮计算完成, 位置标记：0
2020-12-13 08:06:49:433  振动特征值计算完成, 位置标记：0
2020-12-13 08:18:08:990  磁钢信号预处理完成，位置标记：1
2020-12-13 08:18:08:990  温度分轮成功，分轮数尺度为：48
2020-12-13 08:18:09:069  轴承端盖温度特征值计算完成, 位置标记：1
2020-12-13 08:18:09:131  电机温度计算完成, 位置标记：1
2020-12-13 08:18:09:131  电机温度计算完成, 位置标记：1
2020-12-13 08:18:09:131  电机温度计算完成, 位置标记：1
2020-12-13 08:18:09:131  电机温度计算完成, 位置标记：1
2020-12-13 08:18:09:147  电机温度计算完成, 位置标记：1
2020-12-13 08:18:09:147  电机温度计算完成, 位置标记：1
2020-12-13 08:18:09:147  电机温度计算完成, 位置标记：1
2020-12-13 08:18:09:147  电机温度计算完成, 位置标记：1
2020-12-13 08:18:09:147  车速为：36.7837位置标记为：1
2020-12-13 08:18:09:178  振动分轮计算完成, 位置标记：1
2020-12-13 08:18:09:459  振动特征值计算完成, 位置标记：1
2020-12-13 08:18:09:506  磁钢信号预处理完成，位置标记：0
2020-12-13 08:18:09:506  温度分轮成功，分轮数尺度为：48
2020-12-13 08:18:09:569  轴承端盖温度特征值计算完成, 位置标记：0
2020-12-13 08:18:09:631  电机温度计算完成, 位置标记：0
2020-12-13 08:18:09:631  电机温度计算完成, 位置标记：0
2020-12-13 08:18:09:631  电机温度计算完成, 位置标记：0
2020-12-13 08:18:09:631  电机温度计算完成, 位置标记：0
2020-12-13 08:18:09:631  电机温度计算完成, 位置标记：0
2020-12-13 08:18:09:631  电机温度计算完成, 位置标记：0
2020-12-13 08:18:09:647  电机温度计算完成, 位置标记：0
2020-12-13 08:18:09:647  电机温度计算完成, 位置标记：0
2020-12-13 08:18:09:647  车速为：36.7837位置标记为：0
2020-12-13 08:18:09:662  振动分轮计算完成, 位置标记：0
2020-12-13 08:18:09:897  振动特征值计算完成, 位置标记：0
2020-12-13 08:29:57:635  磁钢信号预处理完成，位置标记：1
2020-12-13 08:29:57:651  温度分轮成功，分轮数尺度为：48
2020-12-13 08:29:57:713  轴承端盖温度特征值计算完成, 位置标记：1
2020-12-13 08:29:57:776  电机温度计算完成, 位置标记：1
2020-12-13 08:29:57:776  电机温度计算完成, 位置标记：1
2020-12-13 08:29:57:776  电机温度计算完成, 位置标记：1
2020-12-13 08:29:57:792  电机温度计算完成, 位置标记：1
2020-12-13 08:29:57:792  电机温度计算完成, 位置标记：1
2020-12-13 08:29:57:792  电机温度计算完成, 位置标记：1
2020-12-13 08:29:57:792  电机温度计算完成, 位置标记：1
2020-12-13 08:29:57:792  电机温度计算完成, 位置标记：1
2020-12-13 08:29:57:792  车速为：36.4437位置标记为：1
2020-12-13 08:29:57:823  振动有效标记位计算异常，位置标记为：1
2020-12-13 08:29:57:870  磁钢信号预处理完成，位置标记：0
2020-12-13 08:29:57:885  温度分轮成功，分轮数尺度为：48
2020-12-13 08:29:57:948  轴承端盖温度特征值计算完成, 位置标记：0
2020-12-13 08:29:58:026  电机温度计算完成, 位置标记：0
2020-12-13 08:29:58:026  电机温度计算完成, 位置标记：0
2020-12-13 08:29:58:026  电机温度计算完成, 位置标记：0
2020-12-13 08:29:58:026  电机温度计算完成, 位置标记：0
2020-12-13 08:29:58:026  电机温度计算完成, 位置标记：0
2020-12-13 08:29:58:042  电机温度计算完成, 位置标记：0
2020-12-13 08:29:58:042  电机温度计算完成, 位置标记：0
2020-12-13 08:29:58:042  电机温度计算完成, 位置标记：0
2020-12-13 08:29:58:042  车速为：36.4437位置标记为：0
2020-12-13 08:29:58:057  振动有效标记位计算异常，位置标记为：0
2020-12-13 08:41:39:196  磁钢信号预处理完成，位置标记：1
2020-12-13 08:41:39:212  温度分轮成功，分轮数尺度为：48
2020-12-13 08:41:39:275  轴承端盖温度特征值计算完成, 位置标记：1
2020-12-13 08:41:39:337  电机温度计算完成, 位置标记：1
2020-12-13 08:41:39:353  电机温度计算完成, 位置标记：1
2020-12-13 08:41:39:353  电机温度计算完成, 位置标记：1
2020-12-13 08:41:39:353  电机温度计算完成, 位置标记：1
2020-12-13 08:41:39:353  电机温度计算完成, 位置标记：1
2020-12-13 08:41:39:353  电机温度计算完成, 位置标记：1
2020-12-13 08:41:39:368  电机温度计算完成, 位置标记：1
2020-12-13 08:41:39:368  电机温度计算完成, 位置标记：1
2020-12-13 08:41:39:368  车速为：36.6859位置标记为：1
2020-12-13 08:41:39:384  振动分轮计算完成, 位置标记：1
2020-12-13 08:41:39:665  振动特征值计算完成, 位置标记：1
2020-12-13 08:41:39:712  磁钢信号预处理完成，位置标记：0
2020-12-13 08:41:39:728  温度分轮成功，分轮数尺度为：48
2020-12-13 08:41:39:790  轴承端盖温度特征值计算完成, 位置标记：0
2020-12-13 08:41:39:853  电机温度计算完成, 位置标记：0
2020-12-13 08:41:39:853  电机温度计算完成, 位置标记：0
2020-12-13 08:41:39:853  电机温度计算完成, 位置标记：0
2020-12-13 08:41:39:868  电机温度计算完成, 位置标记：0
2020-12-13 08:41:39:868  电机温度计算完成, 位置标记：0
2020-12-13 08:41:39:868  电机温度计算完成, 位置标记：0
2020-12-13 08:41:39:868  电机温度计算完成, 位置标记：0
2020-12-13 08:41:39:868  电机温度计算完成, 位置标记：0
2020-12-13 08:41:39:868  车速为：36.6859位置标记为：0
2020-12-13 08:41:39:900  振动分轮计算完成, 位置标记：0
2020-12-13 08:41:40:181  振动特征值计算完成, 位置标记：0
2020-12-13 08:53:27:318  磁钢信号预处理完成，位置标记：1
2020-12-13 08:53:27:334  温度分轮成功，分轮数尺度为：48
2020-12-13 08:53:27:396  轴承端盖温度特征值计算完成, 位置标记：1
2020-12-13 08:53:27:458  电机温度计算完成, 位置标记：1
2020-12-13 08:53:27:458  电机温度计算完成, 位置标记：1
2020-12-13 08:53:27:458  电机温度计算完成, 位置标记：1
2020-12-13 08:53:27:474  电机温度计算完成, 位置标记：1
2020-12-13 08:53:27:474  电机温度计算完成, 位置标记：1
2020-12-13 08:53:27:474  电机温度计算完成, 位置标记：1
2020-12-13 08:53:27:474  电机温度计算完成, 位置标记：1
2020-12-13 08:53:27:474  电机温度计算完成, 位置标记：1
2020-12-13 08:53:27:474  车速为：36.7021位置标记为：1
2020-12-13 08:53:27:505  振动分轮计算完成, 位置标记：1
2020-12-13 08:53:27:787  振动特征值计算完成, 位置标记：1
2020-12-13 08:53:27:849  磁钢信号预处理完成，位置标记：0
2020-12-13 08:53:27:849  温度分轮成功，分轮数尺度为：48
2020-12-13 08:53:27:927  轴承端盖温度特征值计算完成, 位置标记：0
2020-12-13 08:53:27:974  电机温度计算完成, 位置标记：0
2020-12-13 08:53:27:990  电机温度计算完成, 位置标记：0
2020-12-13 08:53:27:990  电机温度计算完成, 位置标记：0
2020-12-13 08:53:27:990  电机温度计算完成, 位置标记：0
2020-12-13 08:53:27:990  电机温度计算完成, 位置标记：0
2020-12-13 08:53:27:990  电机温度计算完成, 位置标记：0
2020-12-13 08:53:28:005  电机温度计算完成, 位置标记：0
2020-12-13 08:53:28:005  电机温度计算完成, 位置标记：0
2020-12-13 08:53:28:005  车速为：36.7021位置标记为：0
2020-12-13 08:53:28:021  振动分轮计算完成, 位置标记：0
2020-12-13 08:53:28:318  振动特征值计算完成, 位置标记：0
