2020-12-30 18:04:08:955  磁钢信号预处理完成，位置标记：1
2020-12-30 18:04:08:966  温度分轮成功，分轮数尺度为：48
2020-12-30 18:04:08:982  轴承端盖温度特征值计算完成, 位置标记：1
2020-12-30 18:04:08:993  电机温度计算完成, 位置标记：1
2020-12-30 18:04:08:997  电机温度计算完成, 位置标记：1
2020-12-30 18:04:09:000  电机温度计算完成, 位置标记：1
2020-12-30 18:04:09:004  电机温度计算完成, 位置标记：1
2020-12-30 18:04:09:007  电机温度计算完成, 位置标记：1
2020-12-30 18:04:09:011  电机温度计算完成, 位置标记：1
2020-12-30 18:04:09:014  电机温度计算完成, 位置标记：1
2020-12-30 18:04:09:018  电机温度计算完成, 位置标记：1
2020-12-30 18:04:09:019  车速为：67.7578位置标记为：1
2020-12-30 18:04:09:040  振动分轮计算完成, 位置标记：1
2020-12-30 18:04:09:363  振动特征值计算完成, 位置标记：1
2020-12-30 18:04:09:406  磁钢信号预处理完成，位置标记：0
2020-12-30 18:04:09:416  温度分轮成功，分轮数尺度为：48
2020-12-30 18:04:09:429  轴承端盖温度特征值计算完成, 位置标记：0
2020-12-30 18:04:09:437  电机温度计算完成, 位置标记：0
2020-12-30 18:04:09:440  电机温度计算完成, 位置标记：0
2020-12-30 18:04:09:443  电机温度计算完成, 位置标记：0
2020-12-30 18:04:09:446  电机温度计算完成, 位置标记：0
2020-12-30 18:04:09:449  电机温度计算完成, 位置标记：0
2020-12-30 18:04:09:452  电机温度计算完成, 位置标记：0
2020-12-30 18:04:09:454  电机温度计算完成, 位置标记：0
2020-12-30 18:04:09:457  电机温度计算完成, 位置标记：0
2020-12-30 18:04:09:458  车速为：67.7578位置标记为：0
2020-12-30 18:04:09:474  振动分轮计算完成, 位置标记：0
2020-12-30 18:04:09:724  振动特征值计算完成, 位置标记：0
2020-12-30 18:07:03:116  磁钢信号预处理完成，位置标记：1
2020-12-30 18:07:03:124  温度分轮成功，分轮数尺度为：48
2020-12-30 18:07:03:133  轴承端盖温度特征值计算完成, 位置标记：1
2020-12-30 18:07:03:139  电机温度计算完成, 位置标记：1
2020-12-30 18:07:03:143  电机温度计算完成, 位置标记：1
2020-12-30 18:07:03:145  电机温度计算完成, 位置标记：1
2020-12-30 18:07:03:148  电机温度计算完成, 位置标记：1
2020-12-30 18:07:03:151  电机温度计算完成, 位置标记：1
2020-12-30 18:07:03:153  电机温度计算完成, 位置标记：1
2020-12-30 18:07:03:156  电机温度计算完成, 位置标记：1
2020-12-30 18:07:03:158  电机温度计算完成, 位置标记：1
2020-12-30 18:07:03:159  车速为：79.6154位置标记为：1
2020-12-30 18:07:03:173  振动分轮计算完成, 位置标记：1
2020-12-30 18:07:03:408  振动特征值计算完成, 位置标记：1
2020-12-30 18:07:03:449  磁钢信号预处理完成，位置标记：0
2020-12-30 18:07:03:460  温度分轮成功，分轮数尺度为：48
2020-12-30 18:07:03:473  轴承端盖温度特征值计算完成, 位置标记：0
2020-12-30 18:07:03:482  电机温度计算完成, 位置标记：0
2020-12-30 18:07:03:485  电机温度计算完成, 位置标记：0
2020-12-30 18:07:03:489  电机温度计算完成, 位置标记：0
2020-12-30 18:07:03:492  电机温度计算完成, 位置标记：0
2020-12-30 18:07:03:496  电机温度计算完成, 位置标记：0
2020-12-30 18:07:03:499  电机温度计算完成, 位置标记：0
2020-12-30 18:07:03:503  电机温度计算完成, 位置标记：0
2020-12-30 18:07:03:506  电机温度计算完成, 位置标记：0
2020-12-30 18:07:03:507  车速为：79.6154位置标记为：0
2020-12-30 18:07:03:528  振动分轮计算完成, 位置标记：0
2020-12-30 18:07:03:819  振动特征值计算完成, 位置标记：0
2020-12-30 18:13:43:259  磁钢信号预处理完成，位置标记：1
2020-12-30 18:13:43:270  温度分轮成功，分轮数尺度为：48
2020-12-30 18:13:43:284  轴承端盖温度特征值计算完成, 位置标记：1
2020-12-30 18:13:43:293  电机温度计算完成, 位置标记：1
2020-12-30 18:13:43:297  电机温度计算完成, 位置标记：1
2020-12-30 18:13:43:300  电机温度计算完成, 位置标记：1
2020-12-30 18:13:43:304  电机温度计算完成, 位置标记：1
2020-12-30 18:13:43:307  电机温度计算完成, 位置标记：1
2020-12-30 18:13:43:311  电机温度计算完成, 位置标记：1
2020-12-30 18:13:43:314  电机温度计算完成, 位置标记：1
2020-12-30 18:13:43:318  电机温度计算完成, 位置标记：1
2020-12-30 18:13:43:318  车速为：79.1587位置标记为：1
2020-12-30 18:13:43:339  振动分轮计算完成, 位置标记：1
2020-12-30 18:13:43:668  振动特征值计算完成, 位置标记：1
2020-12-30 18:13:43:715  磁钢信号预处理完成，位置标记：0
2020-12-30 18:13:43:726  温度分轮成功，分轮数尺度为：48
2020-12-30 18:13:43:740  轴承端盖温度特征值计算完成, 位置标记：0
2020-12-30 18:13:43:750  电机温度计算完成, 位置标记：0
2020-12-30 18:13:43:753  电机温度计算完成, 位置标记：0
2020-12-30 18:13:43:757  电机温度计算完成, 位置标记：0
2020-12-30 18:13:43:760  电机温度计算完成, 位置标记：0
2020-12-30 18:13:43:764  电机温度计算完成, 位置标记：0
2020-12-30 18:13:43:767  电机温度计算完成, 位置标记：0
2020-12-30 18:13:43:771  电机温度计算完成, 位置标记：0
2020-12-30 18:13:43:775  电机温度计算完成, 位置标记：0
2020-12-30 18:13:43:775  车速为：79.1587位置标记为：0
2020-12-30 18:13:43:796  振动分轮计算完成, 位置标记：0
2020-12-30 18:13:44:159  振动特征值计算完成, 位置标记：0
2020-12-30 18:22:03:662  磁钢信号预处理完成，位置标记：1
2020-12-30 18:22:03:673  温度分轮成功，分轮数尺度为：48
2020-12-30 18:22:03:687  轴承端盖温度特征值计算完成, 位置标记：1
2020-12-30 18:22:03:697  电机温度计算完成, 位置标记：1
2020-12-30 18:22:03:700  电机温度计算完成, 位置标记：1
2020-12-30 18:22:03:704  电机温度计算完成, 位置标记：1
2020-12-30 18:22:03:707  电机温度计算完成, 位置标记：1
2020-12-30 18:22:03:711  电机温度计算完成, 位置标记：1
2020-12-30 18:22:03:714  电机温度计算完成, 位置标记：1
2020-12-30 18:22:03:718  电机温度计算完成, 位置标记：1
2020-12-30 18:22:03:722  电机温度计算完成, 位置标记：1
2020-12-30 18:22:03:722  车速为：79.2344位置标记为：1
2020-12-30 18:22:03:743  振动分轮计算完成, 位置标记：1
2020-12-30 18:22:04:039  振动特征值计算完成, 位置标记：1
2020-12-30 18:22:04:079  磁钢信号预处理完成，位置标记：0
2020-12-30 18:22:04:088  温度分轮成功，分轮数尺度为：48
2020-12-30 18:22:04:099  轴承端盖温度特征值计算完成, 位置标记：0
2020-12-30 18:22:04:106  电机温度计算完成, 位置标记：0
2020-12-30 18:22:04:110  电机温度计算完成, 位置标记：0
2020-12-30 18:22:04:114  电机温度计算完成, 位置标记：0
2020-12-30 18:22:04:116  电机温度计算完成, 位置标记：0
2020-12-30 18:22:04:119  电机温度计算完成, 位置标记：0
2020-12-30 18:22:04:122  电机温度计算完成, 位置标记：0
2020-12-30 18:22:04:124  电机温度计算完成, 位置标记：0
2020-12-30 18:22:04:127  电机温度计算完成, 位置标记：0
2020-12-30 18:22:04:127  车速为：79.2344位置标记为：0
2020-12-30 18:22:04:143  振动分轮计算完成, 位置标记：0
2020-12-30 18:22:04:385  振动特征值计算完成, 位置标记：0
2020-12-30 18:30:31:441  磁钢信号预处理完成，位置标记：1
2020-12-30 18:30:31:452  温度分轮成功，分轮数尺度为：48
2020-12-30 18:30:31:465  轴承端盖温度特征值计算完成, 位置标记：1
2020-12-30 18:30:31:474  电机温度计算完成, 位置标记：1
2020-12-30 18:30:31:477  电机温度计算完成, 位置标记：1
2020-12-30 18:30:31:480  电机温度计算完成, 位置标记：1
2020-12-30 18:30:31:484  电机温度计算完成, 位置标记：1
2020-12-30 18:30:31:487  电机温度计算完成, 位置标记：1
2020-12-30 18:30:31:491  电机温度计算完成, 位置标记：1
2020-12-30 18:30:31:494  电机温度计算完成, 位置标记：1
2020-12-30 18:30:31:498  电机温度计算完成, 位置标记：1
2020-12-30 18:30:31:498  车速为：79.3864位置标记为：1
2020-12-30 18:30:31:519  振动分轮计算完成, 位置标记：1
2020-12-30 18:30:31:837  振动特征值计算完成, 位置标记：1
2020-12-30 18:30:31:882  磁钢信号预处理完成，位置标记：0
2020-12-30 18:30:31:893  温度分轮成功，分轮数尺度为：48
2020-12-30 18:30:31:906  轴承端盖温度特征值计算完成, 位置标记：0
2020-12-30 18:30:31:915  电机温度计算完成, 位置标记：0
2020-12-30 18:30:31:918  电机温度计算完成, 位置标记：0
2020-12-30 18:30:31:922  电机温度计算完成, 位置标记：0
2020-12-30 18:30:31:925  电机温度计算完成, 位置标记：0
2020-12-30 18:30:31:929  电机温度计算完成, 位置标记：0
2020-12-30 18:30:31:932  电机温度计算完成, 位置标记：0
2020-12-30 18:30:31:936  电机温度计算完成, 位置标记：0
2020-12-30 18:30:31:939  电机温度计算完成, 位置标记：0
2020-12-30 18:30:31:940  车速为：79.3864位置标记为：0
2020-12-30 18:30:31:961  振动分轮计算完成, 位置标记：0
2020-12-30 18:30:32:288  振动特征值计算完成, 位置标记：0
2020-12-30 18:36:05:117  磁钢信号预处理完成，位置标记：1
2020-12-30 18:36:05:128  温度分轮成功，分轮数尺度为：48
2020-12-30 18:36:05:143  轴承端盖温度特征值计算完成, 位置标记：1
2020-12-30 18:36:05:154  电机温度计算完成, 位置标记：1
2020-12-30 18:36:05:158  电机温度计算完成, 位置标记：1
2020-12-30 18:36:05:162  电机温度计算完成, 位置标记：1
2020-12-30 18:36:05:165  电机温度计算完成, 位置标记：1
2020-12-30 18:36:05:168  电机温度计算完成, 位置标记：1
2020-12-30 18:36:05:172  电机温度计算完成, 位置标记：1
2020-12-30 18:36:05:175  电机温度计算完成, 位置标记：1
2020-12-30 18:36:05:178  电机温度计算完成, 位置标记：1
2020-12-30 18:36:05:179  车速为：67.6471位置标记为：1
2020-12-30 18:36:05:200  振动分轮计算完成, 位置标记：1
2020-12-30 18:36:05:535  振动特征值计算完成, 位置标记：1
2020-12-30 18:36:05:575  磁钢信号预处理完成，位置标记：0
2020-12-30 18:36:05:586  温度分轮成功，分轮数尺度为：48
2020-12-30 18:36:05:600  轴承端盖温度特征值计算完成, 位置标记：0
2020-12-30 18:36:05:611  电机温度计算完成, 位置标记：0
2020-12-30 18:36:05:614  电机温度计算完成, 位置标记：0
2020-12-30 18:36:05:617  电机温度计算完成, 位置标记：0
2020-12-30 18:36:05:620  电机温度计算完成, 位置标记：0
2020-12-30 18:36:05:623  电机温度计算完成, 位置标记：0
2020-12-30 18:36:05:627  电机温度计算完成, 位置标记：0
2020-12-30 18:36:05:630  电机温度计算完成, 位置标记：0
2020-12-30 18:36:05:633  电机温度计算完成, 位置标记：0
2020-12-30 18:36:05:633  车速为：67.6471位置标记为：0
2020-12-30 18:36:05:652  振动分轮计算完成, 位置标记：0
2020-12-30 18:36:05:952  振动特征值计算完成, 位置标记：0
2020-12-30 18:40:00:113  磁钢信号预处理完成，位置标记：1
2020-12-30 18:40:00:124  温度分轮成功，分轮数尺度为：48
2020-12-30 18:40:00:138  轴承端盖温度特征值计算完成, 位置标记：1
2020-12-30 18:40:00:147  电机温度计算完成, 位置标记：1
2020-12-30 18:40:00:151  电机温度计算完成, 位置标记：1
2020-12-30 18:40:00:155  电机温度计算完成, 位置标记：1
2020-12-30 18:40:00:158  电机温度计算完成, 位置标记：1
2020-12-30 18:40:00:161  电机温度计算完成, 位置标记：1
2020-12-30 18:40:00:165  电机温度计算完成, 位置标记：1
2020-12-30 18:40:00:168  电机温度计算完成, 位置标记：1
2020-12-30 18:40:00:172  电机温度计算完成, 位置标记：1
2020-12-30 18:40:00:173  车速为：79.6154位置标记为：1
2020-12-30 18:40:00:194  振动分轮计算完成, 位置标记：1
2020-12-30 18:40:00:527  振动特征值计算完成, 位置标记：1
2020-12-30 18:40:00:573  磁钢信号预处理完成，位置标记：0
2020-12-30 18:40:00:584  温度分轮成功，分轮数尺度为：48
2020-12-30 18:40:00:597  轴承端盖温度特征值计算完成, 位置标记：0
2020-12-30 18:40:00:607  电机温度计算完成, 位置标记：0
2020-12-30 18:40:00:610  电机温度计算完成, 位置标记：0
2020-12-30 18:40:00:614  电机温度计算完成, 位置标记：0
2020-12-30 18:40:00:617  电机温度计算完成, 位置标记：0
2020-12-30 18:40:00:620  电机温度计算完成, 位置标记：0
2020-12-30 18:40:00:624  电机温度计算完成, 位置标记：0
2020-12-30 18:40:00:627  电机温度计算完成, 位置标记：0
2020-12-30 18:40:00:631  电机温度计算完成, 位置标记：0
2020-12-30 18:40:00:631  车速为：79.6154位置标记为：0
2020-12-30 18:40:00:652  振动分轮计算完成, 位置标记：0
2020-12-30 18:40:00:990  振动特征值计算完成, 位置标记：0
2020-12-30 18:46:49:962  磁钢信号预处理完成，位置标记：1
2020-12-30 18:46:49:974  温度分轮成功，分轮数尺度为：48
2020-12-30 18:46:49:988  轴承端盖温度特征值计算完成, 位置标记：1
2020-12-30 18:46:49:997  电机温度计算完成, 位置标记：1
2020-12-30 18:46:50:001  电机温度计算完成, 位置标记：1
2020-12-30 18:46:50:004  电机温度计算完成, 位置标记：1
2020-12-30 18:46:50:008  电机温度计算完成, 位置标记：1
2020-12-30 18:46:50:011  电机温度计算完成, 位置标记：1
2020-12-30 18:46:50:015  电机温度计算完成, 位置标记：1
2020-12-30 18:46:50:018  电机温度计算完成, 位置标记：1
2020-12-30 18:46:50:021  电机温度计算完成, 位置标记：1
2020-12-30 18:46:50:022  车速为：79.2344位置标记为：1
2020-12-30 18:46:50:043  振动分轮计算完成, 位置标记：1
2020-12-30 18:46:50:381  振动特征值计算完成, 位置标记：1
2020-12-30 18:46:50:426  磁钢信号预处理完成，位置标记：0
2020-12-30 18:46:50:438  温度分轮成功，分轮数尺度为：48
2020-12-30 18:46:50:451  轴承端盖温度特征值计算完成, 位置标记：0
2020-12-30 18:46:50:461  电机温度计算完成, 位置标记：0
2020-12-30 18:46:50:465  电机温度计算完成, 位置标记：0
2020-12-30 18:46:50:468  电机温度计算完成, 位置标记：0
2020-12-30 18:46:50:472  电机温度计算完成, 位置标记：0
2020-12-30 18:46:50:475  电机温度计算完成, 位置标记：0
2020-12-30 18:46:50:479  电机温度计算完成, 位置标记：0
2020-12-30 18:46:50:482  电机温度计算完成, 位置标记：0
2020-12-30 18:46:50:486  电机温度计算完成, 位置标记：0
2020-12-30 18:46:50:486  车速为：79.2344位置标记为：0
2020-12-30 18:46:50:507  振动分轮计算完成, 位置标记：0
2020-12-30 18:46:50:842  振动特征值计算完成, 位置标记：0
2020-12-30 18:55:40:629  磁钢信号预处理完成，位置标记：1
2020-12-30 18:55:40:640  温度分轮成功，分轮数尺度为：48
2020-12-30 18:55:40:654  轴承端盖温度特征值计算完成, 位置标记：1
2020-12-30 18:55:40:663  电机温度计算完成, 位置标记：1
2020-12-30 18:55:40:666  电机温度计算完成, 位置标记：1
2020-12-30 18:55:40:670  电机温度计算完成, 位置标记：1
2020-12-30 18:55:40:673  电机温度计算完成, 位置标记：1
2020-12-30 18:55:40:677  电机温度计算完成, 位置标记：1
2020-12-30 18:55:40:680  电机温度计算完成, 位置标记：1
2020-12-30 18:55:40:684  电机温度计算完成, 位置标记：1
2020-12-30 18:55:40:687  电机温度计算完成, 位置标记：1
2020-12-30 18:55:40:688  车速为：79.4626位置标记为：1
2020-12-30 18:55:40:708  振动分轮计算完成, 位置标记：1
2020-12-30 18:55:41:044  振动特征值计算完成, 位置标记：1
2020-12-30 18:55:41:089  磁钢信号预处理完成，位置标记：0
2020-12-30 18:55:41:101  温度分轮成功，分轮数尺度为：48
2020-12-30 18:55:41:114  轴承端盖温度特征值计算完成, 位置标记：0
2020-12-30 18:55:41:123  电机温度计算完成, 位置标记：0
2020-12-30 18:55:41:126  电机温度计算完成, 位置标记：0
2020-12-30 18:55:41:130  电机温度计算完成, 位置标记：0
2020-12-30 18:55:41:133  电机温度计算完成, 位置标记：0
2020-12-30 18:55:41:137  电机温度计算完成, 位置标记：0
2020-12-30 18:55:41:140  电机温度计算完成, 位置标记：0
2020-12-30 18:55:41:144  电机温度计算完成, 位置标记：0
2020-12-30 18:55:41:147  电机温度计算完成, 位置标记：0
2020-12-30 18:55:41:148  车速为：79.4626位置标记为：0
2020-12-30 18:55:41:169  振动分轮计算完成, 位置标记：0
2020-12-30 18:55:41:455  振动特征值计算完成, 位置标记：0
