2020-12-24 06:03:24:561  磁钢信号预处理完成，位置标记：1
2020-12-24 06:03:24:597  温度分轮成功，分轮数尺度为：48
2020-12-24 06:03:24:610  轴承端盖温度特征值计算完成, 位置标记：1
2020-12-24 06:03:24:619  电机温度计算完成, 位置标记：1
2020-12-24 06:03:24:622  电机温度计算完成, 位置标记：1
2020-12-24 06:03:24:626  电机温度计算完成, 位置标记：1
2020-12-24 06:03:24:629  电机温度计算完成, 位置标记：1
2020-12-24 06:03:24:633  电机温度计算完成, 位置标记：1
2020-12-24 06:03:24:637  电机温度计算完成, 位置标记：1
2020-12-24 06:03:24:640  电机温度计算完成, 位置标记：1
2020-12-24 06:03:24:644  电机温度计算完成, 位置标记：1
2020-12-24 06:03:24:645  车速为：79.0076位置标记为：1
2020-12-24 06:03:24:665  振动分轮计算完成, 位置标记：1
2020-12-24 06:03:25:000  振动特征值计算完成, 位置标记：1
2020-12-24 06:03:25:047  磁钢信号预处理完成，位置标记：0
2020-12-24 06:03:25:058  温度分轮成功，分轮数尺度为：48
2020-12-24 06:03:25:071  轴承端盖温度特征值计算完成, 位置标记：0
2020-12-24 06:03:25:080  电机温度计算完成, 位置标记：0
2020-12-24 06:03:25:083  电机温度计算完成, 位置标记：0
2020-12-24 06:03:25:087  电机温度计算完成, 位置标记：0
2020-12-24 06:03:25:090  电机温度计算完成, 位置标记：0
2020-12-24 06:03:25:094  电机温度计算完成, 位置标记：0
2020-12-24 06:03:25:097  电机温度计算完成, 位置标记：0
2020-12-24 06:03:25:101  电机温度计算完成, 位置标记：0
2020-12-24 06:03:25:105  电机温度计算完成, 位置标记：0
2020-12-24 06:03:25:105  车速为：79.0076位置标记为：0
2020-12-24 06:03:25:126  振动分轮计算完成, 位置标记：0
2020-12-24 06:03:25:442  振动特征值计算完成, 位置标记：0
2020-12-24 06:11:51:695  磁钢信号预处理完成，位置标记：1
2020-12-24 06:11:51:706  温度分轮成功，分轮数尺度为：48
2020-12-24 06:11:51:720  轴承端盖温度特征值计算完成, 位置标记：1
2020-12-24 06:11:51:729  电机温度计算完成, 位置标记：1
2020-12-24 06:11:51:733  电机温度计算完成, 位置标记：1
2020-12-24 06:11:51:737  电机温度计算完成, 位置标记：1
2020-12-24 06:11:51:740  电机温度计算完成, 位置标记：1
2020-12-24 06:11:51:743  电机温度计算完成, 位置标记：1
2020-12-24 06:11:51:747  电机温度计算完成, 位置标记：1
2020-12-24 06:11:51:750  电机温度计算完成, 位置标记：1
2020-12-24 06:11:51:754  电机温度计算完成, 位置标记：1
2020-12-24 06:11:51:755  车速为：79.2344位置标记为：1
2020-12-24 06:11:51:775  振动分轮计算完成, 位置标记：1
2020-12-24 06:11:52:115  振动特征值计算完成, 位置标记：1
2020-12-24 06:11:52:162  磁钢信号预处理完成，位置标记：0
2020-12-24 06:11:52:173  温度分轮成功，分轮数尺度为：48
2020-12-24 06:11:52:187  轴承端盖温度特征值计算完成, 位置标记：0
2020-12-24 06:11:52:197  电机温度计算完成, 位置标记：0
2020-12-24 06:11:52:200  电机温度计算完成, 位置标记：0
2020-12-24 06:11:52:204  电机温度计算完成, 位置标记：0
2020-12-24 06:11:52:207  电机温度计算完成, 位置标记：0
2020-12-24 06:11:52:211  电机温度计算完成, 位置标记：0
2020-12-24 06:11:52:214  电机温度计算完成, 位置标记：0
2020-12-24 06:11:52:218  电机温度计算完成, 位置标记：0
2020-12-24 06:11:52:221  电机温度计算完成, 位置标记：0
2020-12-24 06:11:52:222  车速为：79.2344位置标记为：0
2020-12-24 06:11:52:243  振动分轮计算完成, 位置标记：0
2020-12-24 06:11:52:581  振动特征值计算完成, 位置标记：0
2020-12-24 06:20:41:920  磁钢信号预处理完成，位置标记：1
2020-12-24 06:20:41:932  温度分轮成功，分轮数尺度为：48
2020-12-24 06:20:41:945  轴承端盖温度特征值计算完成, 位置标记：1
2020-12-24 06:20:41:954  电机温度计算完成, 位置标记：1
2020-12-24 06:20:41:958  电机温度计算完成, 位置标记：1
2020-12-24 06:20:41:961  电机温度计算完成, 位置标记：1
2020-12-24 06:20:41:965  电机温度计算完成, 位置标记：1
2020-12-24 06:20:41:968  电机温度计算完成, 位置标记：1
2020-12-24 06:20:41:972  电机温度计算完成, 位置标记：1
2020-12-24 06:20:41:975  电机温度计算完成, 位置标记：1
2020-12-24 06:20:41:979  电机温度计算完成, 位置标记：1
2020-12-24 06:20:41:980  车速为：79.4626位置标记为：1
2020-12-24 06:20:42:000  振动分轮计算完成, 位置标记：1
2020-12-24 06:20:42:332  振动特征值计算完成, 位置标记：1
2020-12-24 06:20:42:379  磁钢信号预处理完成，位置标记：0
2020-12-24 06:20:42:390  温度分轮成功，分轮数尺度为：48
2020-12-24 06:20:42:404  轴承端盖温度特征值计算完成, 位置标记：0
2020-12-24 06:20:42:414  电机温度计算完成, 位置标记：0
2020-12-24 06:20:42:417  电机温度计算完成, 位置标记：0
2020-12-24 06:20:42:421  电机温度计算完成, 位置标记：0
2020-12-24 06:20:42:424  电机温度计算完成, 位置标记：0
2020-12-24 06:20:42:428  电机温度计算完成, 位置标记：0
2020-12-24 06:20:42:431  电机温度计算完成, 位置标记：0
2020-12-24 06:20:42:435  电机温度计算完成, 位置标记：0
2020-12-24 06:20:42:438  电机温度计算完成, 位置标记：0
2020-12-24 06:20:42:439  车速为：79.4626位置标记为：0
2020-12-24 06:20:42:459  振动分轮计算完成, 位置标记：0
2020-12-24 06:20:42:798  振动特征值计算完成, 位置标记：0
2020-12-24 06:31:10:668  磁钢信号预处理完成，位置标记：1
2020-12-24 06:31:10:680  温度分轮成功，分轮数尺度为：48
2020-12-24 06:31:10:694  轴承端盖温度特征值计算完成, 位置标记：1
2020-12-24 06:31:10:703  电机温度计算完成, 位置标记：1
2020-12-24 06:31:10:707  电机温度计算完成, 位置标记：1
2020-12-24 06:31:10:710  电机温度计算完成, 位置标记：1
2020-12-24 06:31:10:714  电机温度计算完成, 位置标记：1
2020-12-24 06:31:10:718  电机温度计算完成, 位置标记：1
2020-12-24 06:31:10:721  电机温度计算完成, 位置标记：1
2020-12-24 06:31:10:725  电机温度计算完成, 位置标记：1
2020-12-24 06:31:10:729  电机温度计算完成, 位置标记：1
2020-12-24 06:31:10:729  车速为：79.4626位置标记为：1
2020-12-24 06:31:10:750  振动分轮计算完成, 位置标记：1
2020-12-24 06:31:11:090  振动特征值计算完成, 位置标记：1
2020-12-24 06:31:11:139  磁钢信号预处理完成，位置标记：0
2020-12-24 06:31:11:151  温度分轮成功，分轮数尺度为：48
2020-12-24 06:31:11:164  轴承端盖温度特征值计算完成, 位置标记：0
2020-12-24 06:31:11:175  电机温度计算完成, 位置标记：0
2020-12-24 06:31:11:178  电机温度计算完成, 位置标记：0
2020-12-24 06:31:11:182  电机温度计算完成, 位置标记：0
2020-12-24 06:31:11:186  电机温度计算完成, 位置标记：0
2020-12-24 06:31:11:189  电机温度计算完成, 位置标记：0
2020-12-24 06:31:11:193  电机温度计算完成, 位置标记：0
2020-12-24 06:31:11:196  电机温度计算完成, 位置标记：0
2020-12-24 06:31:11:199  电机温度计算完成, 位置标记：0
2020-12-24 06:31:11:200  车速为：79.4626位置标记为：0
2020-12-24 06:31:11:221  振动分轮计算完成, 位置标记：0
2020-12-24 06:31:11:556  振动特征值计算完成, 位置标记：0
2020-12-24 06:39:54:682  磁钢信号预处理完成，位置标记：1
2020-12-24 06:39:54:693  温度分轮成功，分轮数尺度为：48
2020-12-24 06:39:54:706  轴承端盖温度特征值计算完成, 位置标记：1
2020-12-24 06:39:54:715  电机温度计算完成, 位置标记：1
2020-12-24 06:39:54:719  电机温度计算完成, 位置标记：1
2020-12-24 06:39:54:722  电机温度计算完成, 位置标记：1
2020-12-24 06:39:54:726  电机温度计算完成, 位置标记：1
2020-12-24 06:39:54:729  电机温度计算完成, 位置标记：1
2020-12-24 06:39:54:733  电机温度计算完成, 位置标记：1
2020-12-24 06:39:54:736  电机温度计算完成, 位置标记：1
2020-12-24 06:39:54:740  电机温度计算完成, 位置标记：1
2020-12-24 06:39:54:741  车速为：79.5389位置标记为：1
2020-12-24 06:39:54:761  振动分轮计算完成, 位置标记：1
2020-12-24 06:39:55:098  振动特征值计算完成, 位置标记：1
2020-12-24 06:39:55:144  磁钢信号预处理完成，位置标记：0
2020-12-24 06:39:55:155  温度分轮成功，分轮数尺度为：48
2020-12-24 06:39:55:169  轴承端盖温度特征值计算完成, 位置标记：0
2020-12-24 06:39:55:177  电机温度计算完成, 位置标记：0
2020-12-24 06:39:55:181  电机温度计算完成, 位置标记：0
2020-12-24 06:39:55:184  电机温度计算完成, 位置标记：0
2020-12-24 06:39:55:188  电机温度计算完成, 位置标记：0
2020-12-24 06:39:55:191  电机温度计算完成, 位置标记：0
2020-12-24 06:39:55:195  电机温度计算完成, 位置标记：0
2020-12-24 06:39:55:198  电机温度计算完成, 位置标记：0
2020-12-24 06:39:55:202  电机温度计算完成, 位置标记：0
2020-12-24 06:39:55:203  车速为：79.5389位置标记为：0
2020-12-24 06:39:55:223  振动分轮计算完成, 位置标记：0
2020-12-24 06:39:55:558  振动特征值计算完成, 位置标记：0
2020-12-24 06:46:09:531  磁钢信号预处理完成，位置标记：1
2020-12-24 06:46:09:542  温度分轮成功，分轮数尺度为：48
2020-12-24 06:46:09:556  轴承端盖温度特征值计算完成, 位置标记：1
2020-12-24 06:46:09:565  电机温度计算完成, 位置标记：1
2020-12-24 06:46:09:568  电机温度计算完成, 位置标记：1
2020-12-24 06:46:09:571  电机温度计算完成, 位置标记：1
2020-12-24 06:46:09:575  电机温度计算完成, 位置标记：1
2020-12-24 06:46:09:578  电机温度计算完成, 位置标记：1
2020-12-24 06:46:09:581  电机温度计算完成, 位置标记：1
2020-12-24 06:46:09:585  电机温度计算完成, 位置标记：1
2020-12-24 06:46:09:588  电机温度计算完成, 位置标记：1
2020-12-24 06:46:09:589  车速为：79.1587位置标记为：1
2020-12-24 06:46:09:609  振动分轮计算完成, 位置标记：1
2020-12-24 06:46:09:939  振动特征值计算完成, 位置标记：1
2020-12-24 06:46:09:985  磁钢信号预处理完成，位置标记：0
2020-12-24 06:46:09:996  温度分轮成功，分轮数尺度为：48
2020-12-24 06:46:10:009  轴承端盖温度特征值计算完成, 位置标记：0
2020-12-24 06:46:10:019  电机温度计算完成, 位置标记：0
2020-12-24 06:46:10:022  电机温度计算完成, 位置标记：0
2020-12-24 06:46:10:025  电机温度计算完成, 位置标记：0
2020-12-24 06:46:10:029  电机温度计算完成, 位置标记：0
2020-12-24 06:46:10:032  电机温度计算完成, 位置标记：0
2020-12-24 06:46:10:035  电机温度计算完成, 位置标记：0
2020-12-24 06:46:10:039  电机温度计算完成, 位置标记：0
2020-12-24 06:46:10:042  电机温度计算完成, 位置标记：0
2020-12-24 06:46:10:043  车速为：79.1587位置标记为：0
2020-12-24 06:46:10:063  振动分轮计算完成, 位置标记：0
2020-12-24 06:46:10:389  振动特征值计算完成, 位置标记：0
2020-12-24 06:50:02:636  磁钢信号预处理完成，位置标记：1
2020-12-24 06:50:02:647  温度分轮成功，分轮数尺度为：48
2020-12-24 06:50:02:660  轴承端盖温度特征值计算完成, 位置标记：1
2020-12-24 06:50:02:668  电机温度计算完成, 位置标记：1
2020-12-24 06:50:02:672  电机温度计算完成, 位置标记：1
2020-12-24 06:50:02:675  电机温度计算完成, 位置标记：1
2020-12-24 06:50:02:679  电机温度计算完成, 位置标记：1
2020-12-24 06:50:02:682  电机温度计算完成, 位置标记：1
2020-12-24 06:50:02:686  电机温度计算完成, 位置标记：1
2020-12-24 06:50:02:689  电机温度计算完成, 位置标记：1
2020-12-24 06:50:02:693  电机温度计算完成, 位置标记：1
2020-12-24 06:50:02:694  车速为：79.2344位置标记为：1
2020-12-24 06:50:02:714  振动分轮计算完成, 位置标记：1
2020-12-24 06:50:03:056  振动特征值计算完成, 位置标记：1
2020-12-24 06:50:03:102  磁钢信号预处理完成，位置标记：0
2020-12-24 06:50:03:114  温度分轮成功，分轮数尺度为：48
2020-12-24 06:50:03:127  轴承端盖温度特征值计算完成, 位置标记：0
2020-12-24 06:50:03:135  电机温度计算完成, 位置标记：0
2020-12-24 06:50:03:139  电机温度计算完成, 位置标记：0
2020-12-24 06:50:03:142  电机温度计算完成, 位置标记：0
2020-12-24 06:50:03:146  电机温度计算完成, 位置标记：0
2020-12-24 06:50:03:149  电机温度计算完成, 位置标记：0
2020-12-24 06:50:03:152  电机温度计算完成, 位置标记：0
2020-12-24 06:50:03:156  电机温度计算完成, 位置标记：0
2020-12-24 06:50:03:160  电机温度计算完成, 位置标记：0
2020-12-24 06:50:03:160  车速为：79.2344位置标记为：0
2020-12-24 06:50:03:181  振动分轮计算完成, 位置标记：0
2020-12-24 06:50:03:518  振动特征值计算完成, 位置标记：0
2020-12-24 06:57:04:866  磁钢信号预处理完成，位置标记：1
2020-12-24 06:57:04:878  温度分轮成功，分轮数尺度为：48
2020-12-24 06:57:04:891  轴承端盖温度特征值计算完成, 位置标记：1
2020-12-24 06:57:04:900  电机温度计算完成, 位置标记：1
2020-12-24 06:57:04:903  电机温度计算完成, 位置标记：1
2020-12-24 06:57:04:907  电机温度计算完成, 位置标记：1
2020-12-24 06:57:04:911  电机温度计算完成, 位置标记：1
2020-12-24 06:57:04:914  电机温度计算完成, 位置标记：1
2020-12-24 06:57:04:918  电机温度计算完成, 位置标记：1
2020-12-24 06:57:04:921  电机温度计算完成, 位置标记：1
2020-12-24 06:57:04:925  电机温度计算完成, 位置标记：1
2020-12-24 06:57:04:926  车速为：78.9323位置标记为：1
2020-12-24 06:57:04:946  振动分轮计算完成, 位置标记：1
2020-12-24 06:57:05:286  振动特征值计算完成, 位置标记：1
2020-12-24 06:57:05:333  磁钢信号预处理完成，位置标记：0
2020-12-24 06:57:05:344  温度分轮成功，分轮数尺度为：48
2020-12-24 06:57:05:357  轴承端盖温度特征值计算完成, 位置标记：0
2020-12-24 06:57:05:366  电机温度计算完成, 位置标记：0
2020-12-24 06:57:05:370  电机温度计算完成, 位置标记：0
2020-12-24 06:57:05:373  电机温度计算完成, 位置标记：0
2020-12-24 06:57:05:376  电机温度计算完成, 位置标记：0
2020-12-24 06:57:05:380  电机温度计算完成, 位置标记：0
2020-12-24 06:57:05:383  电机温度计算完成, 位置标记：0
2020-12-24 06:57:05:387  电机温度计算完成, 位置标记：0
2020-12-24 06:57:05:390  电机温度计算完成, 位置标记：0
2020-12-24 06:57:05:391  车速为：78.9323位置标记为：0
2020-12-24 06:57:05:411  振动分轮计算完成, 位置标记：0
2020-12-24 06:57:05:749  振动特征值计算完成, 位置标记：0
