2020-12-23 16:01:13:845  收到来车信号，流水号：20201223160113，所有设备开始采集
2020-12-23 16:01:13:905  开启A/D采集
2020-12-23 16:01:39:535  收到离车信号，流水号：20201223160113，线号：14，车号：059060，主控端：0，所有设备停止采集
2020-12-23 16:01:39:561  收到停止采集命令，开始停止采集
2020-12-23 16:01:39:588  停止采集数据
2020-12-23 16:01:39:590  采集连接已断开
2020-12-23 16:01:39:592  开始数据分析和落盘
2020-12-23 16:01:43:766  vibration1完成落盘
2020-12-23 16:01:47:785  vibration2完成落盘
2020-12-23 16:01:51:633  vibration3完成落盘
2020-12-23 16:01:55:338  vibration4完成落盘
2020-12-23 16:01:59:540  vibration5完成落盘
2020-12-23 16:02:03:293  vibration6完成落盘
2020-12-23 16:02:07:267  vibration7完成落盘
2020-12-23 16:02:10:667  vibration8完成落盘
2020-12-23 16:02:14:125  magnetic1完成落盘
2020-12-23 16:02:17:982  magnetic2完成落盘
2020-12-23 16:02:21:442  magnetic3完成落盘
2020-12-23 16:02:24:920  magnetic4完成落盘
2020-12-23 16:02:28:737  temperate1完成落盘
2020-12-23 16:02:32:298  temperate2完成落盘
2020-12-23 16:02:35:925  temperate3完成落盘
2020-12-23 16:02:39:539  temperate4完成落盘
2020-12-23 16:02:39:548  开始处理数据
2020-12-23 16:02:40:046  右侧计算完成
2020-12-23 16:02:40:420  左侧计算完成
2020-12-23 16:02:40:422  检查结果数据
2020-12-23 16:02:40:424  通知桌面显示数据
2020-12-23 16:02:40:437  开始写入数据库
2020-12-23 16:02:40:569  预警及报警参数加载完成
2020-12-23 16:02:40:572  数据库打开成功
2020-12-23 16:02:40:574  train_info数据表写入成功
2020-12-23 16:02:40:576  train_onlyid读取成功
2020-12-23 16:02:40:578  train_data数据表写入成功
2020-12-23 16:02:40:580  vt_info数据表，第0次写入成功
2020-12-23 16:02:40:582  vt_info数据表，第1次写入成功
2020-12-23 16:02:40:584  vt_info数据表，第2次写入成功
2020-12-23 16:02:40:586  vt_info数据表，第3次写入成功
2020-12-23 16:02:40:588  vt_info数据表，第4次写入成功
2020-12-23 16:02:40:590  vt_info数据表，第5次写入成功
2020-12-23 16:02:40:591  vt_info数据表，第6次写入成功
2020-12-23 16:02:40:593  vt_info数据表，第7次写入成功
2020-12-23 16:02:40:595  vt_info数据表，第8次写入成功
2020-12-23 16:02:40:597  vt_info数据表，第9次写入成功
2020-12-23 16:02:40:600  vt_info数据表，第10次写入成功
2020-12-23 16:02:40:602  vt_info数据表，第11次写入成功
2020-12-23 16:02:40:604  vt_info数据表，第12次写入成功
2020-12-23 16:02:40:606  vt_info数据表，第13次写入成功
2020-12-23 16:02:40:608  vt_info数据表，第14次写入成功
2020-12-23 16:02:40:610  vt_info数据表，第15次写入成功
2020-12-23 16:02:40:634  vt_info数据表，第16次写入成功
2020-12-23 16:02:40:636  vt_info数据表，第17次写入成功
2020-12-23 16:02:40:638  vt_info数据表，第18次写入成功
2020-12-23 16:02:40:640  vt_info数据表，第19次写入成功
2020-12-23 16:02:40:642  vt_info数据表，第20次写入成功
2020-12-23 16:02:40:644  vt_info数据表，第21次写入成功
2020-12-23 16:02:40:646  vt_info数据表，第22次写入成功
2020-12-23 16:02:40:648  vt_info数据表，第23次写入成功
2020-12-23 16:02:40:650  vt_info数据表，第24次写入成功
2020-12-23 16:02:40:652  vt_info数据表，第25次写入成功
2020-12-23 16:02:40:654  vt_info数据表，第26次写入成功
2020-12-23 16:02:40:656  vt_info数据表，第27次写入成功
2020-12-23 16:02:40:658  vt_info数据表，第28次写入成功
2020-12-23 16:02:40:660  vt_info数据表，第29次写入成功
2020-12-23 16:02:40:663  vt_info数据表，第30次写入成功
2020-12-23 16:02:40:666  vt_info数据表，第31次写入成功
2020-12-23 16:02:40:668  vt_info数据表，第32次写入成功
2020-12-23 16:02:40:690  vt_info数据表，第33次写入成功
2020-12-23 16:02:40:694  vt_info数据表，第34次写入成功
2020-12-23 16:02:40:696  vt_info数据表，第35次写入成功
2020-12-23 16:02:40:698  vt_info数据表，第36次写入成功
2020-12-23 16:02:40:700  vt_info数据表，第37次写入成功
2020-12-23 16:02:40:702  vt_info数据表，第38次写入成功
2020-12-23 16:02:40:704  vt_info数据表，第39次写入成功
2020-12-23 16:02:40:706  vt_info数据表，第40次写入成功
2020-12-23 16:02:40:708  vt_info数据表，第41次写入成功
2020-12-23 16:02:40:710  vt_info数据表，第42次写入成功
2020-12-23 16:02:40:712  vt_info数据表，第43次写入成功
2020-12-23 16:02:40:714  vt_info数据表，第44次写入成功
2020-12-23 16:02:40:716  vt_info数据表，第45次写入成功
2020-12-23 16:02:40:718  vt_info数据表，第46次写入成功
2020-12-23 16:02:40:720  vt_info数据表，第47次写入成功
2020-12-23 16:02:40:722  motor_info数据表，第0次写入成功
2020-12-23 16:02:40:756  motor_info数据表，第1次写入成功
2020-12-23 16:02:40:758  motor_info数据表，第2次写入成功
2020-12-23 16:02:40:760  motor_info数据表，第3次写入成功
2020-12-23 16:02:40:762  motor_info数据表，第4次写入成功
2020-12-23 16:02:40:765  motor_info数据表，第5次写入成功
2020-12-23 16:02:40:767  motor_info数据表，第6次写入成功
2020-12-23 16:02:40:769  motor_info数据表，第7次写入成功
2020-12-23 16:02:40:771  motor_info数据表，第8次写入成功
2020-12-23 16:02:40:773  motor_info数据表，第9次写入成功
2020-12-23 16:02:40:775  motor_info数据表，第10次写入成功
2020-12-23 16:02:40:777  motor_info数据表，第11次写入成功
2020-12-23 16:02:40:779  motor_info数据表，第12次写入成功
2020-12-23 16:02:40:781  motor_info数据表，第13次写入成功
2020-12-23 16:02:40:783  motor_info数据表，第14次写入成功
2020-12-23 16:02:40:785  motor_info数据表，第15次写入成功
2020-12-23 16:02:40:787  数据库关闭！
2020-12-23 16:11:43:846  收到来车信号，流水号：20201223161143，所有设备开始采集
2020-12-23 16:11:43:904  开启A/D采集
2020-12-23 16:12:09:375  收到离车信号，流水号：20201223161143，线号：14，车号：053054，主控端：0，所有设备停止采集
2020-12-23 16:12:09:401  收到停止采集命令，开始停止采集
2020-12-23 16:12:09:430  停止采集数据
2020-12-23 16:12:09:432  采集连接已断开
2020-12-23 16:12:09:434  开始数据分析和落盘
2020-12-23 16:12:14:279  vibration1完成落盘
2020-12-23 16:12:18:220  vibration2完成落盘
2020-12-23 16:12:22:657  vibration3完成落盘
2020-12-23 16:12:27:022  vibration4完成落盘
2020-12-23 16:12:30:934  vibration5完成落盘
2020-12-23 16:12:35:156  vibration6完成落盘
2020-12-23 16:12:39:421  vibration7完成落盘
2020-12-23 16:12:43:481  vibration8完成落盘
2020-12-23 16:12:47:163  magnetic1完成落盘
2020-12-23 16:12:51:198  magnetic2完成落盘
2020-12-23 16:12:55:448  magnetic3完成落盘
2020-12-23 16:12:59:877  magnetic4完成落盘
2020-12-23 16:13:03:672  temperate1完成落盘
2020-12-23 16:13:07:621  temperate2完成落盘
2020-12-23 16:13:11:458  temperate3完成落盘
2020-12-23 16:13:15:770  temperate4完成落盘
2020-12-23 16:13:15:779  开始处理数据
2020-12-23 16:13:16:415  右侧计算完成
2020-12-23 16:13:16:914  左侧计算完成
2020-12-23 16:13:16:916  检查结果数据
2020-12-23 16:13:16:918  通知桌面显示数据
2020-12-23 16:13:16:935  开始写入数据库
2020-12-23 16:13:16:957  预警及报警参数加载完成
2020-12-23 16:13:16:959  数据库打开成功
2020-12-23 16:13:17:098  train_info数据表写入成功
2020-12-23 16:13:17:100  train_onlyid读取成功
2020-12-23 16:13:17:102  train_data数据表写入成功
2020-12-23 16:13:17:104  vt_info数据表，第0次写入成功
2020-12-23 16:13:17:106  vt_info数据表，第1次写入成功
2020-12-23 16:13:17:108  vt_info数据表，第2次写入成功
2020-12-23 16:13:17:110  vt_info数据表，第3次写入成功
2020-12-23 16:13:17:112  vt_info数据表，第4次写入成功
2020-12-23 16:13:17:114  vt_info数据表，第5次写入成功
2020-12-23 16:13:17:116  vt_info数据表，第6次写入成功
2020-12-23 16:13:17:118  vt_info数据表，第7次写入成功
2020-12-23 16:13:17:120  vt_info数据表，第8次写入成功
2020-12-23 16:13:17:122  vt_info数据表，第9次写入成功
2020-12-23 16:13:17:124  vt_info数据表，第10次写入成功
2020-12-23 16:13:17:126  vt_info数据表，第11次写入成功
2020-12-23 16:13:17:128  vt_info数据表，第12次写入成功
2020-12-23 16:13:17:130  vt_info数据表，第13次写入成功
2020-12-23 16:13:17:133  vt_info数据表，第14次写入成功
2020-12-23 16:13:17:134  vt_info数据表，第15次写入成功
2020-12-23 16:13:17:136  vt_info数据表，第16次写入成功
2020-12-23 16:13:17:138  vt_info数据表，第17次写入成功
2020-12-23 16:13:17:140  vt_info数据表，第18次写入成功
2020-12-23 16:13:17:143  vt_info数据表，第19次写入成功
2020-12-23 16:13:17:145  vt_info数据表，第20次写入成功
2020-12-23 16:13:17:169  vt_info数据表，第21次写入成功
2020-12-23 16:13:17:172  vt_info数据表，第22次写入成功
2020-12-23 16:13:17:174  vt_info数据表，第23次写入成功
2020-12-23 16:13:17:176  vt_info数据表，第24次写入成功
2020-12-23 16:13:17:178  vt_info数据表，第25次写入成功
2020-12-23 16:13:17:180  vt_info数据表，第26次写入成功
2020-12-23 16:13:17:182  vt_info数据表，第27次写入成功
2020-12-23 16:13:17:184  vt_info数据表，第28次写入成功
2020-12-23 16:13:17:187  vt_info数据表，第29次写入成功
2020-12-23 16:13:17:188  vt_info数据表，第30次写入成功
2020-12-23 16:13:17:190  vt_info数据表，第31次写入成功
2020-12-23 16:13:17:192  vt_info数据表，第32次写入成功
2020-12-23 16:13:17:195  vt_info数据表，第33次写入成功
2020-12-23 16:13:17:198  vt_info数据表，第34次写入成功
2020-12-23 16:13:17:199  vt_info数据表，第35次写入成功
2020-12-23 16:13:17:201  vt_info数据表，第36次写入成功
2020-12-23 16:13:17:203  vt_info数据表，第37次写入成功
2020-12-23 16:13:17:205  vt_info数据表，第38次写入成功
2020-12-23 16:13:17:208  vt_info数据表，第39次写入成功
2020-12-23 16:13:17:210  vt_info数据表，第40次写入成功
2020-12-23 16:13:17:234  vt_info数据表，第41次写入成功
2020-12-23 16:13:17:236  vt_info数据表，第42次写入成功
2020-12-23 16:13:17:249  vt_info数据表，第43次写入成功
2020-12-23 16:13:17:251  vt_info数据表，第44次写入成功
2020-12-23 16:13:17:253  vt_info数据表，第45次写入成功
2020-12-23 16:13:17:255  vt_info数据表，第46次写入成功
2020-12-23 16:13:17:257  vt_info数据表，第47次写入成功
2020-12-23 16:13:17:259  motor_info数据表，第0次写入成功
2020-12-23 16:13:17:261  motor_info数据表，第1次写入成功
2020-12-23 16:13:17:263  motor_info数据表，第2次写入成功
2020-12-23 16:13:17:265  motor_info数据表，第3次写入成功
2020-12-23 16:13:17:267  motor_info数据表，第4次写入成功
2020-12-23 16:13:17:269  motor_info数据表，第5次写入成功
2020-12-23 16:13:17:270  motor_info数据表，第6次写入成功
2020-12-23 16:13:17:272  motor_info数据表，第7次写入成功
2020-12-23 16:13:17:274  motor_info数据表，第8次写入成功
2020-12-23 16:13:17:276  motor_info数据表，第9次写入成功
2020-12-23 16:13:17:278  motor_info数据表，第10次写入成功
2020-12-23 16:13:17:280  motor_info数据表，第11次写入成功
2020-12-23 16:13:17:282  motor_info数据表，第12次写入成功
2020-12-23 16:13:17:284  motor_info数据表，第13次写入成功
2020-12-23 16:13:17:286  motor_info数据表，第14次写入成功
2020-12-23 16:13:17:310  motor_info数据表，第15次写入成功
2020-12-23 16:13:17:312  数据库关闭！
2020-12-23 16:21:35:140  收到来车信号，流水号：20201223162135，所有设备开始采集
2020-12-23 16:21:35:197  开启A/D采集
2020-12-23 16:22:00:842  收到离车信号，流水号：20201223162135，线号：14，车号：051052，主控端：0，所有设备停止采集
2020-12-23 16:22:00:868  收到停止采集命令，开始停止采集
2020-12-23 16:22:00:897  停止采集数据
2020-12-23 16:22:00:899  采集连接已断开
2020-12-23 16:22:00:901  开始数据分析和落盘
2020-12-23 16:22:06:109  vibration1完成落盘
2020-12-23 16:22:10:680  vibration2完成落盘
2020-12-23 16:22:15:272  vibration3完成落盘
2020-12-23 16:22:19:901  vibration4完成落盘
2020-12-23 16:22:24:352  vibration5完成落盘
2020-12-23 16:22:28:807  vibration6完成落盘
2020-12-23 16:22:32:970  vibration7完成落盘
2020-12-23 16:22:37:391  vibration8完成落盘
2020-12-23 16:22:41:880  magnetic1完成落盘
2020-12-23 16:22:46:475  magnetic2完成落盘
2020-12-23 16:22:50:841  magnetic3完成落盘
2020-12-23 16:22:55:406  magnetic4完成落盘
2020-12-23 16:22:59:431  temperate1完成落盘
2020-12-23 16:23:03:306  temperate2完成落盘
2020-12-23 16:23:07:390  temperate3完成落盘
2020-12-23 16:23:11:321  temperate4完成落盘
2020-12-23 16:23:11:331  开始处理数据
2020-12-23 16:23:11:963  右侧计算完成
2020-12-23 16:23:12:485  左侧计算完成
2020-12-23 16:23:12:487  检查结果数据
2020-12-23 16:23:12:489  通知桌面显示数据
2020-12-23 16:23:12:506  开始写入数据库
2020-12-23 16:23:12:528  预警及报警参数加载完成
2020-12-23 16:23:12:531  数据库打开成功
2020-12-23 16:23:12:668  train_info数据表写入成功
2020-12-23 16:23:12:670  train_onlyid读取成功
2020-12-23 16:23:12:672  train_data数据表写入成功
2020-12-23 16:23:12:674  vt_info数据表，第0次写入成功
2020-12-23 16:23:12:676  vt_info数据表，第1次写入成功
2020-12-23 16:23:12:678  vt_info数据表，第2次写入成功
2020-12-23 16:23:12:680  vt_info数据表，第3次写入成功
2020-12-23 16:23:12:682  vt_info数据表，第4次写入成功
2020-12-23 16:23:12:684  vt_info数据表，第5次写入成功
2020-12-23 16:23:12:686  vt_info数据表，第6次写入成功
2020-12-23 16:23:12:688  vt_info数据表，第7次写入成功
2020-12-23 16:23:12:690  vt_info数据表，第8次写入成功
2020-12-23 16:23:12:692  vt_info数据表，第9次写入成功
2020-12-23 16:23:12:694  vt_info数据表，第10次写入成功
2020-12-23 16:23:12:696  vt_info数据表，第11次写入成功
2020-12-23 16:23:12:698  vt_info数据表，第12次写入成功
2020-12-23 16:23:12:700  vt_info数据表，第13次写入成功
2020-12-23 16:23:12:703  vt_info数据表，第14次写入成功
2020-12-23 16:23:12:705  vt_info数据表，第15次写入成功
2020-12-23 16:23:12:707  vt_info数据表，第16次写入成功
2020-12-23 16:23:12:709  vt_info数据表，第17次写入成功
2020-12-23 16:23:12:711  vt_info数据表，第18次写入成功
2020-12-23 16:23:12:735  vt_info数据表，第19次写入成功
2020-12-23 16:23:12:737  vt_info数据表，第20次写入成功
2020-12-23 16:23:12:739  vt_info数据表，第21次写入成功
2020-12-23 16:23:12:741  vt_info数据表，第22次写入成功
2020-12-23 16:23:12:743  vt_info数据表，第23次写入成功
2020-12-23 16:23:12:745  vt_info数据表，第24次写入成功
2020-12-23 16:23:12:747  vt_info数据表，第25次写入成功
2020-12-23 16:23:12:749  vt_info数据表，第26次写入成功
2020-12-23 16:23:12:751  vt_info数据表，第27次写入成功
2020-12-23 16:23:12:753  vt_info数据表，第28次写入成功
2020-12-23 16:23:12:756  vt_info数据表，第29次写入成功
2020-12-23 16:23:12:758  vt_info数据表，第30次写入成功
2020-12-23 16:23:12:760  vt_info数据表，第31次写入成功
2020-12-23 16:23:12:762  vt_info数据表，第32次写入成功
2020-12-23 16:23:12:764  vt_info数据表，第33次写入成功
2020-12-23 16:23:12:766  vt_info数据表，第34次写入成功
2020-12-23 16:23:12:768  vt_info数据表，第35次写入成功
2020-12-23 16:23:12:770  vt_info数据表，第36次写入成功
2020-12-23 16:23:12:772  vt_info数据表，第37次写入成功
2020-12-23 16:23:12:796  vt_info数据表，第38次写入成功
2020-12-23 16:23:12:798  vt_info数据表，第39次写入成功
2020-12-23 16:23:12:801  vt_info数据表，第40次写入成功
2020-12-23 16:23:12:803  vt_info数据表，第41次写入成功
2020-12-23 16:23:12:805  vt_info数据表，第42次写入成功
2020-12-23 16:23:12:807  vt_info数据表，第43次写入成功
2020-12-23 16:23:12:820  vt_info数据表，第44次写入成功
2020-12-23 16:23:12:822  vt_info数据表，第45次写入成功
2020-12-23 16:23:12:824  vt_info数据表，第46次写入成功
2020-12-23 16:23:12:826  vt_info数据表，第47次写入成功
2020-12-23 16:23:12:828  motor_info数据表，第0次写入成功
2020-12-23 16:23:12:830  motor_info数据表，第1次写入成功
2020-12-23 16:23:12:832  motor_info数据表，第2次写入成功
2020-12-23 16:23:12:834  motor_info数据表，第3次写入成功
2020-12-23 16:23:12:836  motor_info数据表，第4次写入成功
2020-12-23 16:23:12:838  motor_info数据表，第5次写入成功
2020-12-23 16:23:12:840  motor_info数据表，第6次写入成功
2020-12-23 16:23:12:842  motor_info数据表，第7次写入成功
2020-12-23 16:23:12:843  motor_info数据表，第8次写入成功
2020-12-23 16:23:12:845  motor_info数据表，第9次写入成功
2020-12-23 16:23:12:847  motor_info数据表，第10次写入成功
2020-12-23 16:23:12:872  motor_info数据表，第11次写入成功
2020-12-23 16:23:12:874  motor_info数据表，第12次写入成功
2020-12-23 16:23:12:876  motor_info数据表，第13次写入成功
2020-12-23 16:23:12:878  motor_info数据表，第14次写入成功
2020-12-23 16:23:12:880  motor_info数据表，第15次写入成功
2020-12-23 16:23:12:882  数据库关闭！
2020-12-23 16:31:27:142  收到来车信号，流水号：20201223163127，所有设备开始采集
2020-12-23 16:31:27:200  开启A/D采集
2020-12-23 16:31:53:037  收到离车信号，流水号：20201223163127，线号：14，车号：009010，主控端：1，所有设备停止采集
2020-12-23 16:31:53:062  收到停止采集命令，开始停止采集
2020-12-23 16:31:53:090  停止采集数据
2020-12-23 16:31:53:092  采集连接已断开
2020-12-23 16:31:53:094  开始数据分析和落盘
2020-12-23 16:31:58:223  vibration1完成落盘
2020-12-23 16:32:02:377  vibration2完成落盘
2020-12-23 16:32:06:646  vibration3完成落盘
2020-12-23 16:32:10:918  vibration4完成落盘
2020-12-23 16:32:14:793  vibration5完成落盘
2020-12-23 16:32:18:666  vibration6完成落盘
2020-12-23 16:32:22:724  vibration7完成落盘
2020-12-23 16:32:26:779  vibration8完成落盘
2020-12-23 16:32:30:688  magnetic1完成落盘
2020-12-23 16:32:34:848  magnetic2完成落盘
2020-12-23 16:32:38:810  magnetic3完成落盘
2020-12-23 16:32:42:669  magnetic4完成落盘
2020-12-23 16:32:46:332  temperate1完成落盘
2020-12-23 16:32:50:350  temperate2完成落盘
2020-12-23 16:32:54:377  temperate3完成落盘
2020-12-23 16:32:58:476  temperate4完成落盘
2020-12-23 16:32:58:483  开始处理数据
2020-12-23 16:32:59:108  右侧计算完成
2020-12-23 16:32:59:600  左侧计算完成
2020-12-23 16:32:59:602  检查结果数据
2020-12-23 16:32:59:604  通知桌面显示数据
2020-12-23 16:32:59:621  开始写入数据库
2020-12-23 16:32:59:643  预警及报警参数加载完成
2020-12-23 16:32:59:781  数据库打开成功
2020-12-23 16:32:59:783  train_info数据表写入成功
2020-12-23 16:32:59:785  train_onlyid读取成功
2020-12-23 16:32:59:786  train_data数据表写入成功
2020-12-23 16:32:59:788  vt_info数据表，第0次写入成功
2020-12-23 16:32:59:791  vt_info数据表，第1次写入成功
2020-12-23 16:32:59:793  vt_info数据表，第2次写入成功
2020-12-23 16:32:59:795  vt_info数据表，第3次写入成功
2020-12-23 16:32:59:797  vt_info数据表，第4次写入成功
2020-12-23 16:32:59:799  vt_info数据表，第5次写入成功
2020-12-23 16:32:59:801  vt_info数据表，第6次写入成功
2020-12-23 16:32:59:803  vt_info数据表，第7次写入成功
2020-12-23 16:32:59:805  vt_info数据表，第8次写入成功
2020-12-23 16:32:59:807  vt_info数据表，第9次写入成功
2020-12-23 16:32:59:809  vt_info数据表，第10次写入成功
2020-12-23 16:32:59:811  vt_info数据表，第11次写入成功
2020-12-23 16:32:59:813  vt_info数据表，第12次写入成功
2020-12-23 16:32:59:815  vt_info数据表，第13次写入成功
2020-12-23 16:32:59:816  vt_info数据表，第14次写入成功
2020-12-23 16:32:59:818  vt_info数据表，第15次写入成功
2020-12-23 16:32:59:820  vt_info数据表，第16次写入成功
2020-12-23 16:32:59:822  vt_info数据表，第17次写入成功
2020-12-23 16:32:59:847  vt_info数据表，第18次写入成功
2020-12-23 16:32:59:849  vt_info数据表，第19次写入成功
2020-12-23 16:32:59:851  vt_info数据表，第20次写入成功
2020-12-23 16:32:59:853  vt_info数据表，第21次写入成功
2020-12-23 16:32:59:855  vt_info数据表，第22次写入成功
2020-12-23 16:32:59:857  vt_info数据表，第23次写入成功
2020-12-23 16:32:59:859  vt_info数据表，第24次写入成功
2020-12-23 16:32:59:862  vt_info数据表，第25次写入成功
2020-12-23 16:32:59:864  vt_info数据表，第26次写入成功
2020-12-23 16:32:59:866  vt_info数据表，第27次写入成功
2020-12-23 16:32:59:868  vt_info数据表，第28次写入成功
2020-12-23 16:32:59:870  vt_info数据表，第29次写入成功
2020-12-23 16:32:59:872  vt_info数据表，第30次写入成功
2020-12-23 16:32:59:874  vt_info数据表，第31次写入成功
2020-12-23 16:32:59:876  vt_info数据表，第32次写入成功
2020-12-23 16:32:59:878  vt_info数据表，第33次写入成功
2020-12-23 16:32:59:880  vt_info数据表，第34次写入成功
2020-12-23 16:32:59:882  vt_info数据表，第35次写入成功
2020-12-23 16:32:59:907  vt_info数据表，第36次写入成功
2020-12-23 16:32:59:909  vt_info数据表，第37次写入成功
2020-12-23 16:32:59:911  vt_info数据表，第38次写入成功
2020-12-23 16:32:59:913  vt_info数据表，第39次写入成功
2020-12-23 16:32:59:915  vt_info数据表，第40次写入成功
2020-12-23 16:32:59:917  vt_info数据表，第41次写入成功
2020-12-23 16:32:59:919  vt_info数据表，第42次写入成功
2020-12-23 16:32:59:920  vt_info数据表，第43次写入成功
2020-12-23 16:32:59:923  vt_info数据表，第44次写入成功
2020-12-23 16:32:59:925  vt_info数据表，第45次写入成功
2020-12-23 16:32:59:927  vt_info数据表，第46次写入成功
2020-12-23 16:32:59:930  vt_info数据表，第47次写入成功
2020-12-23 16:32:59:931  motor_info数据表，第0次写入成功
2020-12-23 16:32:59:945  motor_info数据表，第1次写入成功
2020-12-23 16:32:59:947  motor_info数据表，第2次写入成功
2020-12-23 16:32:59:949  motor_info数据表，第3次写入成功
2020-12-23 16:32:59:951  motor_info数据表，第4次写入成功
2020-12-23 16:32:59:953  motor_info数据表，第5次写入成功
2020-12-23 16:32:59:977  motor_info数据表，第6次写入成功
2020-12-23 16:32:59:979  motor_info数据表，第7次写入成功
2020-12-23 16:32:59:981  motor_info数据表，第8次写入成功
2020-12-23 16:32:59:983  motor_info数据表，第9次写入成功
2020-12-23 16:32:59:985  motor_info数据表，第10次写入成功
2020-12-23 16:32:59:987  motor_info数据表，第11次写入成功
2020-12-23 16:32:59:989  motor_info数据表，第12次写入成功
2020-12-23 16:32:59:991  motor_info数据表，第13次写入成功
2020-12-23 16:32:59:993  motor_info数据表，第14次写入成功
2020-12-23 16:32:59:995  motor_info数据表，第15次写入成功
2020-12-23 16:32:59:997  数据库关闭！
2020-12-23 16:42:00:144  收到来车信号，流水号：20201223164200，所有设备开始采集
2020-12-23 16:42:00:202  开启A/D采集
2020-12-23 16:42:26:040  收到离车信号，流水号：20201223164200，线号：14，车号：021022，主控端：0，所有设备停止采集
2020-12-23 16:42:26:065  收到停止采集命令，开始停止采集
2020-12-23 16:42:26:092  停止采集数据
2020-12-23 16:42:26:094  采集连接已断开
2020-12-23 16:42:26:096  开始数据分析和落盘
2020-12-23 16:42:30:408  vibration1完成落盘
2020-12-23 16:42:34:112  vibration2完成落盘
2020-12-23 16:42:37:944  vibration3完成落盘
2020-12-23 16:42:41:757  vibration4完成落盘
2020-12-23 16:42:45:370  vibration5完成落盘
2020-12-23 16:42:49:083  vibration6完成落盘
2020-12-23 16:42:52:722  vibration7完成落盘
2020-12-23 16:42:56:480  vibration8完成落盘
2020-12-23 16:43:00:038  magnetic1完成落盘
2020-12-23 16:43:03:768  magnetic2完成落盘
2020-12-23 16:43:07:625  magnetic3完成落盘
2020-12-23 16:43:11:646  magnetic4完成落盘
2020-12-23 16:43:15:040  temperate1完成落盘
2020-12-23 16:43:18:708  temperate2完成落盘
2020-12-23 16:43:22:356  temperate3完成落盘
2020-12-23 16:43:26:438  temperate4完成落盘
2020-12-23 16:43:26:447  开始处理数据
2020-12-23 16:43:27:089  右侧计算完成
2020-12-23 16:43:27:615  左侧计算完成
2020-12-23 16:43:27:617  检查结果数据
2020-12-23 16:43:27:619  通知桌面显示数据
2020-12-23 16:43:27:635  开始写入数据库
2020-12-23 16:43:27:657  预警及报警参数加载完成
2020-12-23 16:43:27:659  数据库打开成功
2020-12-23 16:43:27:797  train_info数据表写入成功
2020-12-23 16:43:27:799  train_onlyid读取成功
2020-12-23 16:43:27:801  train_data数据表写入成功
2020-12-23 16:43:27:803  vt_info数据表，第0次写入成功
2020-12-23 16:43:27:805  vt_info数据表，第1次写入成功
2020-12-23 16:43:27:806  vt_info数据表，第2次写入成功
2020-12-23 16:43:27:808  vt_info数据表，第3次写入成功
2020-12-23 16:43:27:810  vt_info数据表，第4次写入成功
2020-12-23 16:43:27:812  vt_info数据表，第5次写入成功
2020-12-23 16:43:27:814  vt_info数据表，第6次写入成功
2020-12-23 16:43:27:816  vt_info数据表，第7次写入成功
2020-12-23 16:43:27:817  vt_info数据表，第8次写入成功
2020-12-23 16:43:27:819  vt_info数据表，第9次写入成功
2020-12-23 16:43:27:822  vt_info数据表，第10次写入成功
2020-12-23 16:43:27:823  vt_info数据表，第11次写入成功
2020-12-23 16:43:27:825  vt_info数据表，第12次写入成功
2020-12-23 16:43:27:827  vt_info数据表，第13次写入成功
2020-12-23 16:43:27:829  vt_info数据表，第14次写入成功
2020-12-23 16:43:27:831  vt_info数据表，第15次写入成功
2020-12-23 16:43:27:834  vt_info数据表，第16次写入成功
2020-12-23 16:43:27:835  vt_info数据表，第17次写入成功
2020-12-23 16:43:27:838  vt_info数据表，第18次写入成功
2020-12-23 16:43:27:863  vt_info数据表，第19次写入成功
2020-12-23 16:43:27:865  vt_info数据表，第20次写入成功
2020-12-23 16:43:27:867  vt_info数据表，第21次写入成功
2020-12-23 16:43:27:869  vt_info数据表，第22次写入成功
2020-12-23 16:43:27:871  vt_info数据表，第23次写入成功
2020-12-23 16:43:27:873  vt_info数据表，第24次写入成功
2020-12-23 16:43:27:875  vt_info数据表，第25次写入成功
2020-12-23 16:43:27:877  vt_info数据表，第26次写入成功
2020-12-23 16:43:27:879  vt_info数据表，第27次写入成功
2020-12-23 16:43:27:881  vt_info数据表，第28次写入成功
2020-12-23 16:43:27:883  vt_info数据表，第29次写入成功
2020-12-23 16:43:27:885  vt_info数据表，第30次写入成功
2020-12-23 16:43:27:887  vt_info数据表，第31次写入成功
2020-12-23 16:43:27:889  vt_info数据表，第32次写入成功
2020-12-23 16:43:27:891  vt_info数据表，第33次写入成功
2020-12-23 16:43:27:893  vt_info数据表，第34次写入成功
2020-12-23 16:43:27:895  vt_info数据表，第35次写入成功
2020-12-23 16:43:27:897  vt_info数据表，第36次写入成功
2020-12-23 16:43:27:922  vt_info数据表，第37次写入成功
2020-12-23 16:43:27:924  vt_info数据表，第38次写入成功
2020-12-23 16:43:27:926  vt_info数据表，第39次写入成功
2020-12-23 16:43:27:928  vt_info数据表，第40次写入成功
2020-12-23 16:43:27:930  vt_info数据表，第41次写入成功
2020-12-23 16:43:27:932  vt_info数据表，第42次写入成功
2020-12-23 16:43:27:934  vt_info数据表，第43次写入成功
2020-12-23 16:43:27:936  vt_info数据表，第44次写入成功
2020-12-23 16:43:27:938  vt_info数据表，第45次写入成功
2020-12-23 16:43:27:940  vt_info数据表，第46次写入成功
2020-12-23 16:43:27:942  vt_info数据表，第47次写入成功
2020-12-23 16:43:27:956  motor_info数据表，第0次写入成功
2020-12-23 16:43:27:958  motor_info数据表，第1次写入成功
2020-12-23 16:43:27:960  motor_info数据表，第2次写入成功
2020-12-23 16:43:27:962  motor_info数据表，第3次写入成功
2020-12-23 16:43:27:964  motor_info数据表，第4次写入成功
2020-12-23 16:43:27:966  motor_info数据表，第5次写入成功
2020-12-23 16:43:27:968  motor_info数据表，第6次写入成功
2020-12-23 16:43:27:970  motor_info数据表，第7次写入成功
2020-12-23 16:43:27:994  motor_info数据表，第8次写入成功
2020-12-23 16:43:27:996  motor_info数据表，第9次写入成功
2020-12-23 16:43:27:998  motor_info数据表，第10次写入成功
2020-12-23 16:43:28:000  motor_info数据表，第11次写入成功
2020-12-23 16:43:28:002  motor_info数据表，第12次写入成功
2020-12-23 16:43:28:004  motor_info数据表，第13次写入成功
2020-12-23 16:43:28:006  motor_info数据表，第14次写入成功
2020-12-23 16:43:28:008  motor_info数据表，第15次写入成功
2020-12-23 16:43:28:010  数据库关闭！
2020-12-23 16:52:28:142  收到来车信号，流水号：20201223165228，所有设备开始采集
2020-12-23 16:52:28:200  开启A/D采集
2020-12-23 16:52:53:740  收到离车信号，流水号：20201223165228，线号：14，车号：031032，主控端：1，所有设备停止采集
2020-12-23 16:52:53:766  收到停止采集命令，开始停止采集
2020-12-23 16:52:53:793  停止采集数据
2020-12-23 16:52:53:795  采集连接已断开
2020-12-23 16:52:53:797  开始数据分析和落盘
2020-12-23 16:52:58:758  vibration1完成落盘
2020-12-23 16:53:02:944  vibration2完成落盘
2020-12-23 16:53:07:364  vibration3完成落盘
2020-12-23 16:53:11:581  vibration4完成落盘
2020-12-23 16:53:15:713  vibration5完成落盘
2020-12-23 16:53:19:870  vibration6完成落盘
2020-12-23 16:53:23:993  vibration7完成落盘
2020-12-23 16:53:28:125  vibration8完成落盘
2020-12-23 16:53:32:183  magnetic1完成落盘
2020-12-23 16:53:35:933  magnetic2完成落盘
2020-12-23 16:53:40:138  magnetic3完成落盘
2020-12-23 16:53:44:350  magnetic4完成落盘
2020-12-23 16:53:48:502  temperate1完成落盘
2020-12-23 16:53:52:643  temperate2完成落盘
2020-12-23 16:53:56:904  temperate3完成落盘
2020-12-23 16:54:00:948  temperate4完成落盘
2020-12-23 16:54:00:961  开始处理数据
2020-12-23 16:54:01:615  右侧计算完成
2020-12-23 16:54:02:127  左侧计算完成
2020-12-23 16:54:02:129  检查结果数据
2020-12-23 16:54:02:131  通知桌面显示数据
2020-12-23 16:54:02:148  开始写入数据库
2020-12-23 16:54:02:287  预警及报警参数加载完成
2020-12-23 16:54:02:289  数据库打开成功
2020-12-23 16:54:02:291  train_info数据表写入成功
2020-12-23 16:54:02:294  train_onlyid读取成功
2020-12-23 16:54:02:296  train_data数据表写入成功
2020-12-23 16:54:02:297  vt_info数据表，第0次写入成功
2020-12-23 16:54:02:299  vt_info数据表，第1次写入成功
2020-12-23 16:54:02:301  vt_info数据表，第2次写入成功
2020-12-23 16:54:02:303  vt_info数据表，第3次写入成功
2020-12-23 16:54:02:306  vt_info数据表，第4次写入成功
2020-12-23 16:54:02:308  vt_info数据表，第5次写入成功
2020-12-23 16:54:02:309  vt_info数据表，第6次写入成功
2020-12-23 16:54:02:311  vt_info数据表，第7次写入成功
2020-12-23 16:54:02:314  vt_info数据表，第8次写入成功
2020-12-23 16:54:02:316  vt_info数据表，第9次写入成功
2020-12-23 16:54:02:318  vt_info数据表，第10次写入成功
2020-12-23 16:54:02:320  vt_info数据表，第11次写入成功
2020-12-23 16:54:02:323  vt_info数据表，第12次写入成功
2020-12-23 16:54:02:346  vt_info数据表，第13次写入成功
2020-12-23 16:54:02:348  vt_info数据表，第14次写入成功
2020-12-23 16:54:02:350  vt_info数据表，第15次写入成功
2020-12-23 16:54:02:353  vt_info数据表，第16次写入成功
2020-12-23 16:54:02:355  vt_info数据表，第17次写入成功
2020-12-23 16:54:02:357  vt_info数据表，第18次写入成功
2020-12-23 16:54:02:359  vt_info数据表，第19次写入成功
2020-12-23 16:54:02:361  vt_info数据表，第20次写入成功
2020-12-23 16:54:02:364  vt_info数据表，第21次写入成功
2020-12-23 16:54:02:366  vt_info数据表，第22次写入成功
2020-12-23 16:54:02:368  vt_info数据表，第23次写入成功
2020-12-23 16:54:02:370  vt_info数据表，第24次写入成功
2020-12-23 16:54:02:372  vt_info数据表，第25次写入成功
2020-12-23 16:54:02:374  vt_info数据表，第26次写入成功
2020-12-23 16:54:02:376  vt_info数据表，第27次写入成功
2020-12-23 16:54:02:378  vt_info数据表，第28次写入成功
2020-12-23 16:54:02:403  vt_info数据表，第29次写入成功
2020-12-23 16:54:02:405  vt_info数据表，第30次写入成功
2020-12-23 16:54:02:407  vt_info数据表，第31次写入成功
2020-12-23 16:54:02:409  vt_info数据表，第32次写入成功
2020-12-23 16:54:02:411  vt_info数据表，第33次写入成功
2020-12-23 16:54:02:413  vt_info数据表，第34次写入成功
2020-12-23 16:54:02:415  vt_info数据表，第35次写入成功
2020-12-23 16:54:02:417  vt_info数据表，第36次写入成功
2020-12-23 16:54:02:420  vt_info数据表，第37次写入成功
2020-12-23 16:54:02:422  vt_info数据表，第38次写入成功
2020-12-23 16:54:02:424  vt_info数据表，第39次写入成功
2020-12-23 16:54:02:426  vt_info数据表，第40次写入成功
2020-12-23 16:54:02:428  vt_info数据表，第41次写入成功
2020-12-23 16:54:02:430  vt_info数据表，第42次写入成功
2020-12-23 16:54:02:432  vt_info数据表，第43次写入成功
2020-12-23 16:54:02:457  vt_info数据表，第44次写入成功
2020-12-23 16:54:02:459  vt_info数据表，第45次写入成功
2020-12-23 16:54:02:461  vt_info数据表，第46次写入成功
2020-12-23 16:54:02:463  vt_info数据表，第47次写入成功
2020-12-23 16:54:02:478  motor_info数据表，第0次写入成功
2020-12-23 16:54:02:480  motor_info数据表，第1次写入成功
2020-12-23 16:54:02:482  motor_info数据表，第2次写入成功
2020-12-23 16:54:02:484  motor_info数据表，第3次写入成功
2020-12-23 16:54:02:486  motor_info数据表，第4次写入成功
2020-12-23 16:54:02:488  motor_info数据表，第5次写入成功
2020-12-23 16:54:02:490  motor_info数据表，第6次写入成功
2020-12-23 16:54:02:492  motor_info数据表，第7次写入成功
2020-12-23 16:54:02:494  motor_info数据表，第8次写入成功
2020-12-23 16:54:02:496  motor_info数据表，第9次写入成功
2020-12-23 16:54:02:498  motor_info数据表，第10次写入成功
2020-12-23 16:54:02:500  motor_info数据表，第11次写入成功
2020-12-23 16:54:02:501  motor_info数据表，第12次写入成功
2020-12-23 16:54:02:526  motor_info数据表，第13次写入成功
2020-12-23 16:54:02:528  motor_info数据表，第14次写入成功
2020-12-23 16:54:02:530  motor_info数据表，第15次写入成功
2020-12-23 16:54:02:532  数据库关闭！
