2020-12-14 09:04:07:321  磁钢信号预处理完成，位置标记：1
2020-12-14 09:04:07:337  温度分轮成功，分轮数尺度为：48
2020-12-14 09:04:07:399  轴承端盖温度特征值计算完成, 位置标记：1
2020-12-14 09:04:07:462  电机温度计算完成, 位置标记：1
2020-12-14 09:04:07:462  电机温度计算完成, 位置标记：1
2020-12-14 09:04:07:462  电机温度计算完成, 位置标记：1
2020-12-14 09:04:07:462  电机温度计算完成, 位置标记：1
2020-12-14 09:04:07:477  电机温度计算完成, 位置标记：1
2020-12-14 09:04:07:477  电机温度计算完成, 位置标记：1
2020-12-14 09:04:07:477  电机温度计算完成, 位置标记：1
2020-12-14 09:04:07:477  电机温度计算完成, 位置标记：1
2020-12-14 09:04:07:477  车速为：36.6534位置标记为：1
2020-12-14 09:04:07:509  振动分轮计算完成, 位置标记：1
2020-12-14 09:04:07:790  振动特征值计算完成, 位置标记：1
2020-12-14 09:04:07:852  磁钢信号预处理完成，位置标记：0
2020-12-14 09:04:07:852  温度分轮成功，分轮数尺度为：48
2020-12-14 09:04:07:915  轴承端盖温度特征值计算完成, 位置标记：0
2020-12-14 09:04:07:977  电机温度计算完成, 位置标记：0
2020-12-14 09:04:07:993  电机温度计算完成, 位置标记：0
2020-12-14 09:04:07:993  电机温度计算完成, 位置标记：0
2020-12-14 09:04:07:993  电机温度计算完成, 位置标记：0
2020-12-14 09:04:07:993  电机温度计算完成, 位置标记：0
2020-12-14 09:04:07:993  电机温度计算完成, 位置标记：0
2020-12-14 09:04:08:009  电机温度计算完成, 位置标记：0
2020-12-14 09:04:08:009  电机温度计算完成, 位置标记：0
2020-12-14 09:04:08:009  车速为：36.6534位置标记为：0
2020-12-14 09:04:08:024  振动分轮计算完成, 位置标记：0
2020-12-14 09:04:08:321  振动特征值计算完成, 位置标记：0
2020-12-14 09:13:55:343  磁钢信号预处理完成，位置标记：1
2020-12-14 09:13:55:359  温度分轮成功，分轮数尺度为：48
2020-12-14 09:13:55:421  轴承端盖温度特征值计算完成, 位置标记：1
2020-12-14 09:13:55:484  电机温度计算完成, 位置标记：1
2020-12-14 09:13:55:484  电机温度计算完成, 位置标记：1
2020-12-14 09:13:55:484  电机温度计算完成, 位置标记：1
2020-12-14 09:13:55:484  电机温度计算完成, 位置标记：1
2020-12-14 09:13:55:499  电机温度计算完成, 位置标记：1
2020-12-14 09:13:55:499  电机温度计算完成, 位置标记：1
2020-12-14 09:13:55:499  电机温度计算完成, 位置标记：1
2020-12-14 09:13:55:499  电机温度计算完成, 位置标记：1
2020-12-14 09:13:55:499  车速为：36.882位置标记为：1
2020-12-14 09:13:55:531  振动分轮计算完成, 位置标记：1
2020-12-14 09:13:55:812  振动特征值计算完成, 位置标记：1
2020-12-14 09:13:55:859  磁钢信号预处理完成，位置标记：0
2020-12-14 09:13:55:874  温度分轮成功，分轮数尺度为：48
2020-12-14 09:13:55:937  轴承端盖温度特征值计算完成, 位置标记：0
2020-12-14 09:13:55:999  电机温度计算完成, 位置标记：0
2020-12-14 09:13:55:999  电机温度计算完成, 位置标记：0
2020-12-14 09:13:55:999  电机温度计算完成, 位置标记：0
2020-12-14 09:13:56:015  电机温度计算完成, 位置标记：0
2020-12-14 09:13:56:015  电机温度计算完成, 位置标记：0
2020-12-14 09:13:56:015  电机温度计算完成, 位置标记：0
2020-12-14 09:13:56:015  电机温度计算完成, 位置标记：0
2020-12-14 09:13:56:015  电机温度计算完成, 位置标记：0
2020-12-14 09:13:56:015  车速为：36.882位置标记为：0
2020-12-14 09:13:56:046  振动分轮计算完成, 位置标记：0
2020-12-14 09:13:56:327  振动特征值计算完成, 位置标记：0
2020-12-14 09:23:22:159  磁钢信号预处理完成，位置标记：1
2020-12-14 09:23:22:175  温度分轮成功，分轮数尺度为：48
2020-12-14 09:23:22:237  轴承端盖温度特征值计算完成, 位置标记：1
2020-12-14 09:23:22:300  电机温度计算完成, 位置标记：1
2020-12-14 09:23:22:300  电机温度计算完成, 位置标记：1
2020-12-14 09:23:22:300  电机温度计算完成, 位置标记：1
2020-12-14 09:23:22:300  电机温度计算完成, 位置标记：1
2020-12-14 09:23:22:315  电机温度计算完成, 位置标记：1
2020-12-14 09:23:22:315  电机温度计算完成, 位置标记：1
2020-12-14 09:23:22:315  电机温度计算完成, 位置标记：1
2020-12-14 09:23:22:315  电机温度计算完成, 位置标记：1
2020-12-14 09:23:22:315  车速为：36.7021位置标记为：1
2020-12-14 09:23:22:347  振动分轮计算完成, 位置标记：1
2020-12-14 09:23:22:612  振动特征值计算完成, 位置标记：1
2020-12-14 09:23:22:659  磁钢信号预处理完成，位置标记：0
2020-12-14 09:23:22:675  温度分轮成功，分轮数尺度为：48
2020-12-14 09:23:22:737  轴承端盖温度特征值计算完成, 位置标记：0
2020-12-14 09:23:22:800  电机温度计算完成, 位置标记：0
2020-12-14 09:23:22:800  电机温度计算完成, 位置标记：0
2020-12-14 09:23:22:800  电机温度计算完成, 位置标记：0
2020-12-14 09:23:22:815  电机温度计算完成, 位置标记：0
2020-12-14 09:23:22:815  电机温度计算完成, 位置标记：0
2020-12-14 09:23:22:815  电机温度计算完成, 位置标记：0
2020-12-14 09:23:22:815  电机温度计算完成, 位置标记：0
2020-12-14 09:23:22:815  电机温度计算完成, 位置标记：0
2020-12-14 09:23:22:815  车速为：36.7021位置标记为：0
2020-12-14 09:23:22:847  振动分轮计算完成, 位置标记：0
2020-12-14 09:23:23:112  振动特征值计算完成, 位置标记：0
2020-12-14 09:33:52:543  磁钢信号预处理完成，位置标记：1
2020-12-14 09:33:52:543  温度分轮成功，分轮数尺度为：48
2020-12-14 09:33:52:621  轴承端盖温度特征值计算完成, 位置标记：1
2020-12-14 09:33:52:684  电机温度计算完成, 位置标记：1
2020-12-14 09:33:52:684  电机温度计算完成, 位置标记：1
2020-12-14 09:33:52:684  电机温度计算完成, 位置标记：1
2020-12-14 09:33:52:684  电机温度计算完成, 位置标记：1
2020-12-14 09:33:52:684  电机温度计算完成, 位置标记：1
2020-12-14 09:33:52:699  电机温度计算完成, 位置标记：1
2020-12-14 09:33:52:699  电机温度计算完成, 位置标记：1
2020-12-14 09:33:52:699  电机温度计算完成, 位置标记：1
2020-12-14 09:33:52:699  车速为：36.4597位置标记为：1
2020-12-14 09:33:52:715  振动分轮计算完成, 位置标记：1
2020-12-14 09:33:52:996  振动特征值计算完成, 位置标记：1
2020-12-14 09:33:53:043  磁钢信号预处理完成，位置标记：0
2020-12-14 09:33:53:059  温度分轮成功，分轮数尺度为：48
2020-12-14 09:33:53:106  轴承端盖温度特征值计算完成, 位置标记：0
2020-12-14 09:33:53:168  电机温度计算完成, 位置标记：0
2020-12-14 09:33:53:168  电机温度计算完成, 位置标记：0
2020-12-14 09:33:53:168  电机温度计算完成, 位置标记：0
2020-12-14 09:33:53:168  电机温度计算完成, 位置标记：0
2020-12-14 09:33:53:168  电机温度计算完成, 位置标记：0
2020-12-14 09:33:53:168  电机温度计算完成, 位置标记：0
2020-12-14 09:33:53:184  电机温度计算完成, 位置标记：0
2020-12-14 09:33:53:184  电机温度计算完成, 位置标记：0
2020-12-14 09:33:53:184  车速为：36.4597位置标记为：0
2020-12-14 09:33:53:199  振动分轮计算完成, 位置标记：0
2020-12-14 09:33:53:449  振动特征值计算完成, 位置标记：0
2020-12-14 09:43:55:078  磁钢信号预处理完成，位置标记：1
2020-12-14 09:43:55:094  温度分轮成功，分轮数尺度为：48
2020-12-14 09:43:55:156  轴承端盖温度特征值计算完成, 位置标记：1
2020-12-14 09:43:55:219  电机温度计算完成, 位置标记：1
2020-12-14 09:43:55:219  电机温度计算完成, 位置标记：1
2020-12-14 09:43:55:235  电机温度计算完成, 位置标记：1
2020-12-14 09:43:55:235  电机温度计算完成, 位置标记：1
2020-12-14 09:43:55:235  电机温度计算完成, 位置标记：1
2020-12-14 09:43:55:235  电机温度计算完成, 位置标记：1
2020-12-14 09:43:55:235  电机温度计算完成, 位置标记：1
2020-12-14 09:43:55:250  电机温度计算完成, 位置标记：1
2020-12-14 09:43:55:250  车速为：36.7673位置标记为：1
2020-12-14 09:43:55:266  振动有效标记位计算异常，位置标记为：1
2020-12-14 09:43:55:313  磁钢信号预处理完成，位置标记：0
2020-12-14 09:43:55:328  温度分轮成功，分轮数尺度为：48
2020-12-14 09:43:55:391  轴承端盖温度特征值计算完成, 位置标记：0
2020-12-14 09:43:55:453  电机温度计算完成, 位置标记：0
2020-12-14 09:43:55:453  电机温度计算完成, 位置标记：0
2020-12-14 09:43:55:453  电机温度计算完成, 位置标记：0
2020-12-14 09:43:55:453  电机温度计算完成, 位置标记：0
2020-12-14 09:43:55:453  电机温度计算完成, 位置标记：0
2020-12-14 09:43:55:469  电机温度计算完成, 位置标记：0
2020-12-14 09:43:55:469  电机温度计算完成, 位置标记：0
2020-12-14 09:43:55:469  电机温度计算完成, 位置标记：0
2020-12-14 09:43:55:469  车速为：36.7673位置标记为：0
2020-12-14 09:43:55:485  振动有效标记位计算异常，位置标记为：0
2020-12-14 09:53:50:941  磁钢信号预处理完成，位置标记：1
2020-12-14 09:53:50:957  温度分轮成功，分轮数尺度为：48
2020-12-14 09:53:51:019  轴承端盖温度特征值计算完成, 位置标记：1
2020-12-14 09:53:51:082  电机温度计算完成, 位置标记：1
2020-12-14 09:53:51:082  电机温度计算完成, 位置标记：1
2020-12-14 09:53:51:098  电机温度计算完成, 位置标记：1
2020-12-14 09:53:51:098  电机温度计算完成, 位置标记：1
2020-12-14 09:53:51:098  电机温度计算完成, 位置标记：1
2020-12-14 09:53:51:098  电机温度计算完成, 位置标记：1
2020-12-14 09:53:51:098  电机温度计算完成, 位置标记：1
2020-12-14 09:53:51:098  电机温度计算完成, 位置标记：1
2020-12-14 09:53:51:113  车速为：36.5724位置标记为：1
2020-12-14 09:53:51:129  振动分轮计算完成, 位置标记：1
2020-12-14 09:53:51:410  振动特征值计算完成, 位置标记：1
2020-12-14 09:53:51:473  磁钢信号预处理完成，位置标记：0
2020-12-14 09:53:51:488  温度分轮成功，分轮数尺度为：48
2020-12-14 09:53:51:551  轴承端盖温度特征值计算完成, 位置标记：0
2020-12-14 09:53:51:613  电机温度计算完成, 位置标记：0
2020-12-14 09:53:51:613  电机温度计算完成, 位置标记：0
2020-12-14 09:53:51:629  电机温度计算完成, 位置标记：0
2020-12-14 09:53:51:629  电机温度计算完成, 位置标记：0
2020-12-14 09:53:51:629  电机温度计算完成, 位置标记：0
2020-12-14 09:53:51:629  电机温度计算完成, 位置标记：0
2020-12-14 09:53:51:629  电机温度计算完成, 位置标记：0
2020-12-14 09:53:51:629  电机温度计算完成, 位置标记：0
2020-12-14 09:53:51:644  车速为：36.5724位置标记为：0
2020-12-14 09:53:51:660  振动分轮计算完成, 位置标记：0
2020-12-14 09:53:51:941  振动特征值计算完成, 位置标记：0
