2022-08-16 10:02:03:346  本地IP：127.0.0.1
2022-08-16 10:02:03:382  本地端口号：4500
2022-08-16 10:02:03:419  通讯模块设置成功
2022-08-16 10:02:03:442  综合数据盒连接IP：192.168.1.198
2022-08-16 10:02:03:444  正在打开设备...
2022-08-16 10:02:24:461  创建连接出现异常，错误代码为：-6
2022-08-16 10:02:24:463  同步采集仪设置异常
2022-08-16 10:02:24:466  采集仪增益设置异常
2022-08-16 10:03:29:764  正在读取检测数据...
2022-08-16 10:03:29:785  存在数据为空，请检查数据源
2022-08-16 10:03:33:559  正在读取检测数据...
2022-08-16 10:03:39:612  开始处理数据
2022-08-16 10:03:40:628  右侧计算完成
2022-08-16 10:03:41:546  左侧计算完成
2022-08-16 10:03:41:547  检查结果数据
2022-08-16 10:03:41:549  通知桌面显示数据
2022-08-16 10:03:41:582  开始写入数据库
2022-08-16 10:03:41:781  预警及报警参数加载完成
2022-08-16 10:03:41:783  数据库打开成功
2022-08-16 10:03:41:785  train_info数据表写入成功
2022-08-16 10:03:41:786  train_onlyid读取成功
2022-08-16 10:03:41:788  train_data数据表写入成功
2022-08-16 10:03:41:790  train_fault数据表写入1、2成功
2022-08-16 10:03:41:792  vt_info数据表，第0次写入成功
2022-08-16 10:03:41:794  vt_info数据表，第1次写入成功
2022-08-16 10:03:41:795  vt_info数据表，第2次写入成功
2022-08-16 10:03:41:797  vt_info数据表，第3次写入成功
2022-08-16 10:03:41:798  vt_info数据表，第4次写入成功
2022-08-16 10:03:41:800  vt_info数据表，第5次写入成功
2022-08-16 10:03:41:884  vt_info数据表，第6次写入成功
2022-08-16 10:03:41:886  vt_info数据表，第7次写入成功
2022-08-16 10:03:41:888  vt_info数据表，第8次写入成功
2022-08-16 10:03:41:891  vt_info数据表，第9次写入成功
2022-08-16 10:03:41:893  vt_info数据表，第10次写入成功
2022-08-16 10:03:41:894  vt_info数据表，第11次写入成功
2022-08-16 10:03:41:896  vt_info数据表，第12次写入成功
2022-08-16 10:03:41:898  vt_info数据表，第13次写入成功
2022-08-16 10:03:41:900  vt_info数据表，第14次写入成功
2022-08-16 10:03:41:901  vt_info数据表，第15次写入成功
2022-08-16 10:03:41:903  vt_info数据表，第16次写入成功
2022-08-16 10:03:41:905  vt_info数据表，第17次写入成功
2022-08-16 10:03:41:909  vt_info数据表，第18次写入成功
2022-08-16 10:03:41:911  vt_info数据表，第19次写入成功
2022-08-16 10:03:41:915  vt_info数据表，第20次写入成功
2022-08-16 10:03:41:917  vt_info数据表，第21次写入成功
2022-08-16 10:03:41:920  vt_info数据表，第22次写入成功
2022-08-16 10:03:41:921  vt_info数据表，第23次写入成功
2022-08-16 10:03:41:923  vt_info数据表，第24次写入成功
2022-08-16 10:03:41:926  vt_info数据表，第25次写入成功
2022-08-16 10:03:41:928  vt_info数据表，第26次写入成功
2022-08-16 10:03:41:931  vt_info数据表，第27次写入成功
2022-08-16 10:03:41:932  vt_info数据表，第28次写入成功
2022-08-16 10:03:41:934  vt_info数据表，第29次写入成功
2022-08-16 10:03:41:937  vt_info数据表，第30次写入成功
2022-08-16 10:03:41:959  vt_info数据表，第31次写入成功
2022-08-16 10:03:41:961  vt_info数据表，第32次写入成功
2022-08-16 10:03:41:963  vt_info数据表，第33次写入成功
2022-08-16 10:03:41:965  vt_info数据表，第34次写入成功
2022-08-16 10:03:41:966  vt_info数据表，第35次写入成功
2022-08-16 10:03:41:969  vt_info数据表，第36次写入成功
2022-08-16 10:03:41:971  vt_info数据表，第37次写入成功
2022-08-16 10:03:41:973  vt_info数据表，第38次写入成功
2022-08-16 10:03:41:975  vt_info数据表，第39次写入成功
2022-08-16 10:03:41:977  vt_info数据表，第40次写入成功
2022-08-16 10:03:41:979  vt_info数据表，第41次写入成功
2022-08-16 10:03:41:981  vt_info数据表，第42次写入成功
2022-08-16 10:03:41:982  vt_info数据表，第43次写入成功
2022-08-16 10:03:41:984  vt_info数据表，第44次写入成功
2022-08-16 10:03:41:987  vt_info数据表，第45次写入成功
2022-08-16 10:03:42:007  vt_info数据表，第46次写入成功
2022-08-16 10:03:42:010  vt_info数据表，第47次写入成功
2022-08-16 10:03:42:012  motor_info数据表，第0次写入成功
2022-08-16 10:03:42:014  motor_info数据表，第1次写入成功
2022-08-16 10:03:42:016  motor_info数据表，第2次写入成功
2022-08-16 10:03:42:019  motor_info数据表，第3次写入成功
2022-08-16 10:03:42:021  motor_info数据表，第4次写入成功
2022-08-16 10:03:42:025  motor_info数据表，第5次写入成功
2022-08-16 10:03:42:027  motor_info数据表，第6次写入成功
2022-08-16 10:03:42:029  motor_info数据表，第7次写入成功
2022-08-16 10:03:42:054  motor_info数据表，第8次写入成功
2022-08-16 10:03:42:066  motor_info数据表，第9次写入成功
2022-08-16 10:03:42:068  motor_info数据表，第10次写入成功
2022-08-16 10:03:42:070  motor_info数据表，第11次写入成功
2022-08-16 10:03:42:075  motor_info数据表，第12次写入成功
2022-08-16 10:03:42:077  motor_info数据表，第13次写入成功
2022-08-16 10:03:42:078  motor_info数据表，第14次写入成功
2022-08-16 10:03:42:094  motor_info数据表，第15次写入成功
2022-08-16 10:03:42:096  数据库关闭！
2022-08-16 10:06:00:787  正在读取检测数据...
2022-08-16 10:06:00:826  存在数据为空，请检查数据源
2022-08-16 10:06:04:308  正在读取检测数据...
2022-08-16 10:06:10:658  开始处理数据
2022-08-16 10:06:11:356  右侧计算完成
2022-08-16 10:06:11:949  左侧计算完成
2022-08-16 10:06:11:951  检查结果数据
2022-08-16 10:06:11:952  通知桌面显示数据
2022-08-16 10:06:11:961  开始写入数据库
2022-08-16 10:06:12:041  预警及报警参数加载完成
2022-08-16 10:06:12:043  数据库打开成功
2022-08-16 10:06:12:044  train_info数据表写入成功
2022-08-16 10:06:12:046  train_onlyid读取成功
2022-08-16 10:06:12:047  train_data数据表写入成功
2022-08-16 10:06:12:049  vt_info数据表，第0次写入成功
2022-08-16 10:06:12:050  vt_info数据表，第1次写入成功
2022-08-16 10:06:12:052  vt_info数据表，第2次写入成功
2022-08-16 10:06:12:054  vt_info数据表，第3次写入成功
2022-08-16 10:06:12:055  vt_info数据表，第4次写入成功
2022-08-16 10:06:12:057  vt_info数据表，第5次写入成功
2022-08-16 10:06:12:059  vt_info数据表，第6次写入成功
2022-08-16 10:06:12:061  vt_info数据表，第7次写入成功
2022-08-16 10:06:12:062  vt_info数据表，第8次写入成功
2022-08-16 10:06:12:076  vt_info数据表，第9次写入成功
2022-08-16 10:06:12:078  vt_info数据表，第10次写入成功
2022-08-16 10:06:12:080  vt_info数据表，第11次写入成功
2022-08-16 10:06:12:082  vt_info数据表，第12次写入成功
2022-08-16 10:06:12:083  vt_info数据表，第13次写入成功
2022-08-16 10:06:12:085  vt_info数据表，第14次写入成功
2022-08-16 10:06:12:099  vt_info数据表，第15次写入成功
2022-08-16 10:06:12:100  vt_info数据表，第16次写入成功
2022-08-16 10:06:12:102  vt_info数据表，第17次写入成功
2022-08-16 10:06:12:104  vt_info数据表，第18次写入成功
2022-08-16 10:06:12:105  vt_info数据表，第19次写入成功
2022-08-16 10:06:12:120  vt_info数据表，第20次写入成功
2022-08-16 10:06:12:122  vt_info数据表，第21次写入成功
2022-08-16 10:06:12:125  vt_info数据表，第22次写入成功
2022-08-16 10:06:12:127  vt_info数据表，第23次写入成功
2022-08-16 10:06:12:129  vt_info数据表，第24次写入成功
2022-08-16 10:06:12:142  vt_info数据表，第25次写入成功
2022-08-16 10:06:12:144  vt_info数据表，第26次写入成功
2022-08-16 10:06:12:146  vt_info数据表，第27次写入成功
2022-08-16 10:06:12:148  vt_info数据表，第28次写入成功
2022-08-16 10:06:12:149  vt_info数据表，第29次写入成功
2022-08-16 10:06:12:151  vt_info数据表，第30次写入成功
2022-08-16 10:06:12:166  vt_info数据表，第31次写入成功
2022-08-16 10:06:12:168  vt_info数据表，第32次写入成功
2022-08-16 10:06:12:170  vt_info数据表，第33次写入成功
2022-08-16 10:06:12:172  vt_info数据表，第34次写入成功
2022-08-16 10:06:12:175  vt_info数据表，第35次写入成功
2022-08-16 10:06:12:177  vt_info数据表，第36次写入成功
2022-08-16 10:06:12:192  vt_info数据表，第37次写入成功
2022-08-16 10:06:12:193  vt_info数据表，第38次写入成功
2022-08-16 10:06:12:195  vt_info数据表，第39次写入成功
2022-08-16 10:06:12:197  vt_info数据表，第40次写入成功
2022-08-16 10:06:12:198  vt_info数据表，第41次写入成功
2022-08-16 10:06:12:211  vt_info数据表，第42次写入成功
2022-08-16 10:06:12:213  vt_info数据表，第43次写入成功
2022-08-16 10:06:12:215  vt_info数据表，第44次写入成功
2022-08-16 10:06:12:216  vt_info数据表，第45次写入成功
2022-08-16 10:06:12:218  vt_info数据表，第46次写入成功
2022-08-16 10:06:12:233  vt_info数据表，第47次写入成功
2022-08-16 10:06:12:235  motor_info数据表，第0次写入成功
2022-08-16 10:06:12:236  motor_info数据表，第1次写入成功
2022-08-16 10:06:12:238  motor_info数据表，第2次写入成功
2022-08-16 10:06:12:239  motor_info数据表，第3次写入成功
2022-08-16 10:06:12:242  motor_info数据表，第4次写入成功
2022-08-16 10:06:12:257  motor_info数据表，第5次写入成功
2022-08-16 10:06:12:260  motor_info数据表，第6次写入成功
2022-08-16 10:06:12:262  motor_info数据表，第7次写入成功
2022-08-16 10:06:12:264  motor_info数据表，第8次写入成功
2022-08-16 10:06:12:265  motor_info数据表，第9次写入成功
2022-08-16 10:06:12:267  motor_info数据表，第10次写入成功
2022-08-16 10:06:12:269  motor_info数据表，第11次写入成功
2022-08-16 10:06:12:282  motor_info数据表，第12次写入成功
2022-08-16 10:06:12:285  motor_info数据表，第13次写入成功
2022-08-16 10:06:12:286  motor_info数据表，第14次写入成功
2022-08-16 10:06:12:288  motor_info数据表，第15次写入成功
2022-08-16 10:06:12:290  数据库关闭！
2022-08-16 10:13:29:370  本地IP：127.0.0.1
2022-08-16 10:13:29:382  本地端口号：4500
2022-08-16 10:13:29:419  通讯模块设置成功
2022-08-16 10:13:29:433  综合数据盒连接IP：192.168.1.198
2022-08-16 10:13:29:434  正在打开设备...
2022-08-16 10:13:41:780  正在读取检测数据...
2022-08-16 10:13:41:797  存在数据为空，请检查数据源
2022-08-16 10:13:44:684  正在读取检测数据...
2022-08-16 10:13:51:910  开始处理数据
2022-08-16 10:13:51:913  创建连接出现异常，错误代码为：-6
2022-08-16 10:13:51:918  同步采集仪设置异常
2022-08-16 10:13:51:922  采集仪增益设置异常
2022-08-16 10:13:52:063  右侧计算完成
2022-08-16 10:13:52:119  左侧计算完成
2022-08-16 10:13:52:121  检查结果数据
2022-08-16 10:13:52:122  通知桌面显示数据
2022-08-16 10:13:52:172  开始写入数据库
2022-08-16 10:13:52:392  预警及报警参数加载完成
2022-08-16 10:13:52:393  数据库打开成功
2022-08-16 10:13:52:395  train_info数据表写入成功
2022-08-16 10:13:52:397  train_onlyid读取成功
2022-08-16 10:13:52:403  train_data数据表写入失败
2022-08-16 10:13:52:410  vt_info数据表，第0次写入失败
2022-08-16 10:13:52:417  vt_info数据表，第1次写入失败
2022-08-16 10:13:52:426  vt_info数据表，第2次写入失败
2022-08-16 10:13:52:434  vt_info数据表，第3次写入失败
2022-08-16 10:13:52:443  vt_info数据表，第4次写入失败
2022-08-16 10:13:52:451  vt_info数据表，第5次写入失败
2022-08-16 10:13:52:461  vt_info数据表，第6次写入失败
2022-08-16 10:13:52:469  vt_info数据表，第7次写入失败
2022-08-16 10:13:52:484  vt_info数据表，第8次写入失败
2022-08-16 10:13:52:499  vt_info数据表，第9次写入失败
2022-08-16 10:13:52:524  vt_info数据表，第10次写入失败
2022-08-16 10:13:52:541  vt_info数据表，第11次写入失败
2022-08-16 10:13:52:556  vt_info数据表，第12次写入失败
2022-08-16 10:13:52:696  vt_info数据表，第13次写入失败
2022-08-16 10:13:52:710  vt_info数据表，第14次写入失败
2022-08-16 10:13:52:724  vt_info数据表，第15次写入失败
2022-08-16 10:13:52:745  vt_info数据表，第16次写入失败
2022-08-16 10:13:52:787  vt_info数据表，第17次写入失败
2022-08-16 10:13:52:837  vt_info数据表，第18次写入失败
2022-08-16 10:13:52:896  vt_info数据表，第19次写入失败
2022-08-16 10:13:52:951  vt_info数据表，第20次写入失败
2022-08-16 10:13:53:005  vt_info数据表，第21次写入失败
2022-08-16 10:13:53:059  vt_info数据表，第22次写入失败
2022-08-16 10:13:53:115  vt_info数据表，第23次写入失败
2022-08-16 10:13:53:171  vt_info数据表，第24次写入失败
2022-08-16 10:13:53:239  vt_info数据表，第25次写入失败
2022-08-16 10:13:53:295  vt_info数据表，第26次写入失败
2022-08-16 10:13:53:352  vt_info数据表，第27次写入失败
2022-08-16 10:13:53:410  vt_info数据表，第28次写入失败
2022-08-16 10:13:53:951  vt_info数据表，第29次写入失败
2022-08-16 10:13:53:962  vt_info数据表，第30次写入失败
2022-08-16 10:13:53:979  vt_info数据表，第31次写入失败
2022-08-16 10:13:53:999  vt_info数据表，第32次写入失败
2022-08-16 10:13:54:032  vt_info数据表，第33次写入失败
2022-08-16 10:13:54:091  vt_info数据表，第34次写入失败
2022-08-16 10:13:54:156  vt_info数据表，第35次写入失败
2022-08-16 10:13:54:231  vt_info数据表，第36次写入失败
2022-08-16 10:13:54:305  vt_info数据表，第37次写入失败
2022-08-16 10:13:54:380  vt_info数据表，第38次写入失败
2022-08-16 10:13:54:446  vt_info数据表，第39次写入失败
2022-08-16 10:13:54:526  vt_info数据表，第40次写入失败
2022-08-16 10:13:54:606  vt_info数据表，第41次写入失败
2022-08-16 10:13:54:674  vt_info数据表，第42次写入失败
2022-08-16 10:13:54:750  vt_info数据表，第43次写入失败
2022-08-16 10:13:54:827  vt_info数据表，第44次写入失败
2022-08-16 10:13:54:894  vt_info数据表，第45次写入失败
2022-08-16 10:13:54:907  vt_info数据表，第46次写入失败
2022-08-16 10:13:54:978  vt_info数据表，第47次写入失败
2022-08-16 10:13:54:999  motor_info数据表，第0次写入失败
2022-08-16 10:13:55:067  motor_info数据表，第1次写入失败
2022-08-16 10:13:55:669  motor_info数据表，第2次写入失败
2022-08-16 10:13:56:136  motor_info数据表，第3次写入失败
2022-08-16 10:13:56:268  motor_info数据表，第4次写入失败
2022-08-16 10:13:56:404  motor_info数据表，第5次写入失败
2022-08-16 10:13:56:557  motor_info数据表，第6次写入失败
2022-08-16 10:13:56:683  motor_info数据表，第7次写入失败
2022-08-16 10:13:56:733  motor_info数据表，第8次写入失败
2022-08-16 10:13:56:756  motor_info数据表，第9次写入失败
2022-08-16 10:13:56:771  motor_info数据表，第10次写入失败
2022-08-16 10:13:56:786  motor_info数据表，第11次写入失败
2022-08-16 10:13:56:798  motor_info数据表，第12次写入失败
2022-08-16 10:13:56:810  motor_info数据表，第13次写入失败
2022-08-16 10:13:56:822  motor_info数据表，第14次写入失败
2022-08-16 10:13:56:834  motor_info数据表，第15次写入失败
2022-08-16 10:13:56:836  数据库关闭！
2022-08-16 10:14:09:540  正在读取检测数据...
2022-08-16 10:14:14:494  开始处理数据
2022-08-16 10:14:14:566  右侧前一次计算还未结束，请勿重复计算
2022-08-16 10:14:24:583  本地IP：127.0.0.1
2022-08-16 10:14:24:593  本地端口号：4500
2022-08-16 10:14:24:626  通讯模块设置成功
2022-08-16 10:14:24:638  综合数据盒连接IP：192.168.1.198
2022-08-16 10:14:24:640  正在打开设备...
2022-08-16 10:14:34:971  正在读取检测数据...
2022-08-16 10:14:40:186  开始处理数据
2022-08-16 10:14:40:402  右侧计算完成
2022-08-16 10:14:40:575  左侧计算完成
2022-08-16 10:14:40:576  检查结果数据
2022-08-16 10:14:40:580  通知桌面显示数据
2022-08-16 10:14:40:617  开始写入数据库
2022-08-16 10:14:40:849  预警及报警参数加载完成
2022-08-16 10:14:40:851  数据库打开成功
2022-08-16 10:14:40:853  train_info数据表写入成功
2022-08-16 10:14:40:858  train_onlyid读取成功
2022-08-16 10:14:40:860  train_data数据表写入成功
2022-08-16 10:14:40:865  vt_info数据表，第0次写入成功
2022-08-16 10:14:40:869  vt_info数据表，第1次写入成功
2022-08-16 10:14:40:876  vt_info数据表，第2次写入成功
2022-08-16 10:14:40:878  vt_info数据表，第3次写入成功
2022-08-16 10:14:40:883  vt_info数据表，第4次写入成功
2022-08-16 10:14:40:885  vt_info数据表，第5次写入成功
2022-08-16 10:14:40:889  vt_info数据表，第6次写入成功
2022-08-16 10:14:40:892  vt_info数据表，第7次写入成功
2022-08-16 10:14:40:897  vt_info数据表，第8次写入成功
2022-08-16 10:14:40:899  vt_info数据表，第9次写入成功
2022-08-16 10:14:40:903  vt_info数据表，第10次写入成功
2022-08-16 10:14:40:906  vt_info数据表，第11次写入成功
2022-08-16 10:14:40:910  vt_info数据表，第12次写入成功
2022-08-16 10:14:40:914  vt_info数据表，第13次写入成功
2022-08-16 10:14:40:919  vt_info数据表，第14次写入成功
2022-08-16 10:14:40:925  vt_info数据表，第15次写入成功
2022-08-16 10:14:41:083  vt_info数据表，第16次写入成功
2022-08-16 10:14:41:084  vt_info数据表，第17次写入成功
2022-08-16 10:14:41:086  vt_info数据表，第18次写入成功
2022-08-16 10:14:41:088  vt_info数据表，第19次写入成功
2022-08-16 10:14:41:091  vt_info数据表，第20次写入成功
2022-08-16 10:14:41:093  vt_info数据表，第21次写入成功
2022-08-16 10:14:41:095  vt_info数据表，第22次写入成功
2022-08-16 10:14:41:098  vt_info数据表，第23次写入成功
2022-08-16 10:14:41:100  vt_info数据表，第24次写入成功
2022-08-16 10:14:41:102  vt_info数据表，第25次写入成功
2022-08-16 10:14:41:103  vt_info数据表，第26次写入成功
2022-08-16 10:14:41:106  vt_info数据表，第27次写入成功
2022-08-16 10:14:41:109  vt_info数据表，第28次写入成功
2022-08-16 10:14:41:111  vt_info数据表，第29次写入成功
2022-08-16 10:14:41:114  vt_info数据表，第30次写入成功
2022-08-16 10:14:41:118  vt_info数据表，第31次写入成功
2022-08-16 10:14:41:121  vt_info数据表，第32次写入成功
2022-08-16 10:14:41:125  vt_info数据表，第33次写入成功
2022-08-16 10:14:41:129  vt_info数据表，第34次写入成功
2022-08-16 10:14:41:133  vt_info数据表，第35次写入成功
2022-08-16 10:14:41:136  vt_info数据表，第36次写入成功
2022-08-16 10:14:41:138  vt_info数据表，第37次写入成功
2022-08-16 10:14:41:144  vt_info数据表，第38次写入成功
2022-08-16 10:14:41:146  vt_info数据表，第39次写入成功
2022-08-16 10:14:41:149  vt_info数据表，第40次写入成功
2022-08-16 10:14:41:153  vt_info数据表，第41次写入成功
2022-08-16 10:14:41:156  vt_info数据表，第42次写入成功
2022-08-16 10:14:41:158  vt_info数据表，第43次写入成功
2022-08-16 10:14:41:161  vt_info数据表，第44次写入成功
2022-08-16 10:14:41:163  vt_info数据表，第45次写入成功
2022-08-16 10:14:41:179  vt_info数据表，第46次写入成功
2022-08-16 10:14:41:184  vt_info数据表，第47次写入成功
2022-08-16 10:14:41:186  motor_info数据表，第0次写入成功
2022-08-16 10:14:41:268  motor_info数据表，第1次写入成功
2022-08-16 10:14:41:269  motor_info数据表，第2次写入成功
2022-08-16 10:14:41:271  motor_info数据表，第3次写入成功
2022-08-16 10:14:41:278  motor_info数据表，第4次写入成功
2022-08-16 10:14:41:280  motor_info数据表，第5次写入成功
2022-08-16 10:14:41:282  motor_info数据表，第6次写入成功
2022-08-16 10:14:41:284  motor_info数据表，第7次写入成功
2022-08-16 10:14:41:286  motor_info数据表，第8次写入成功
2022-08-16 10:14:41:288  motor_info数据表，第9次写入成功
2022-08-16 10:14:41:290  motor_info数据表，第10次写入成功
2022-08-16 10:14:41:293  motor_info数据表，第11次写入成功
2022-08-16 10:14:41:295  motor_info数据表，第12次写入成功
2022-08-16 10:14:41:297  motor_info数据表，第13次写入成功
2022-08-16 10:14:41:298  motor_info数据表，第14次写入成功
2022-08-16 10:14:41:300  motor_info数据表，第15次写入成功
2022-08-16 10:14:41:302  数据库关闭！
2022-08-16 10:14:45:664  创建连接出现异常，错误代码为：-6
2022-08-16 10:14:45:676  同步采集仪设置异常
2022-08-16 10:14:45:688  采集仪增益设置异常
