2020-12-11 17:04:38:743  磁钢信号预处理完成，位置标记：1
2020-12-11 17:04:38:759  温度分轮成功，分轮数尺度为：48
2020-12-11 17:04:38:821  轴承端盖温度特征值计算完成, 位置标记：1
2020-12-11 17:04:38:884  电机温度计算完成, 位置标记：1
2020-12-11 17:04:38:884  电机温度计算完成, 位置标记：1
2020-12-11 17:04:38:899  电机温度计算完成, 位置标记：1
2020-12-11 17:04:38:899  电机温度计算完成, 位置标记：1
2020-12-11 17:04:38:899  电机温度计算完成, 位置标记：1
2020-12-11 17:04:38:899  电机温度计算完成, 位置标记：1
2020-12-11 17:04:38:899  电机温度计算完成, 位置标记：1
2020-12-11 17:04:38:915  电机温度计算完成, 位置标记：1
2020-12-11 17:04:38:915  车速为：36.751位置标记为：1
2020-12-11 17:04:38:930  振动分轮计算完成, 位置标记：1
2020-12-11 17:04:39:227  振动特征值计算完成, 位置标记：1
2020-12-11 17:04:39:274  磁钢信号预处理完成，位置标记：0
2020-12-11 17:04:39:290  温度分轮成功，分轮数尺度为：48
2020-12-11 17:04:39:352  轴承端盖温度特征值计算完成, 位置标记：0
2020-12-11 17:04:39:415  电机温度计算完成, 位置标记：0
2020-12-11 17:04:39:415  电机温度计算完成, 位置标记：0
2020-12-11 17:04:39:415  电机温度计算完成, 位置标记：0
2020-12-11 17:04:39:430  电机温度计算完成, 位置标记：0
2020-12-11 17:04:39:430  电机温度计算完成, 位置标记：0
2020-12-11 17:04:39:430  电机温度计算完成, 位置标记：0
2020-12-11 17:04:39:430  电机温度计算完成, 位置标记：0
2020-12-11 17:04:39:430  电机温度计算完成, 位置标记：0
2020-12-11 17:04:39:430  车速为：36.751位置标记为：0
2020-12-11 17:04:39:462  振动分轮计算完成, 位置标记：0
2020-12-11 17:04:39:727  振动特征值计算完成, 位置标记：0
2020-12-11 17:14:59:007  磁钢信号预处理完成，位置标记：1
2020-12-11 17:14:59:007  温度分轮成功，分轮数尺度为：48
2020-12-11 17:14:59:085  轴承端盖温度特征值计算完成, 位置标记：1
2020-12-11 17:14:59:148  电机温度计算完成, 位置标记：1
2020-12-11 17:14:59:148  电机温度计算完成, 位置标记：1
2020-12-11 17:14:59:148  电机温度计算完成, 位置标记：1
2020-12-11 17:14:59:148  电机温度计算完成, 位置标记：1
2020-12-11 17:14:59:163  电机温度计算完成, 位置标记：1
2020-12-11 17:14:59:163  电机温度计算完成, 位置标记：1
2020-12-11 17:14:59:163  电机温度计算完成, 位置标记：1
2020-12-11 17:14:59:163  电机温度计算完成, 位置标记：1
2020-12-11 17:14:59:163  车速为：36.7347位置标记为：1
2020-12-11 17:14:59:195  振动分轮计算完成, 位置标记：1
2020-12-11 17:14:59:476  振动特征值计算完成, 位置标记：1
2020-12-11 17:14:59:538  磁钢信号预处理完成，位置标记：0
2020-12-11 17:14:59:538  温度分轮成功，分轮数尺度为：48
2020-12-11 17:14:59:616  轴承端盖温度特征值计算完成, 位置标记：0
2020-12-11 17:14:59:679  电机温度计算完成, 位置标记：0
2020-12-11 17:14:59:679  电机温度计算完成, 位置标记：0
2020-12-11 17:14:59:679  电机温度计算完成, 位置标记：0
2020-12-11 17:14:59:679  电机温度计算完成, 位置标记：0
2020-12-11 17:14:59:679  电机温度计算完成, 位置标记：0
2020-12-11 17:14:59:695  电机温度计算完成, 位置标记：0
2020-12-11 17:14:59:695  电机温度计算完成, 位置标记：0
2020-12-11 17:14:59:695  电机温度计算完成, 位置标记：0
2020-12-11 17:14:59:695  车速为：36.7347位置标记为：0
2020-12-11 17:14:59:710  振动分轮计算完成, 位置标记：0
2020-12-11 17:15:00:007  振动特征值计算完成, 位置标记：0
2020-12-11 17:25:07:043  磁钢信号预处理完成，位置标记：1
2020-12-11 17:25:07:059  温度分轮成功，分轮数尺度为：48
2020-12-11 17:25:07:121  轴承端盖温度特征值计算完成, 位置标记：1
2020-12-11 17:25:07:184  电机温度计算完成, 位置标记：1
2020-12-11 17:25:07:184  电机温度计算完成, 位置标记：1
2020-12-11 17:25:07:184  电机温度计算完成, 位置标记：1
2020-12-11 17:25:07:184  电机温度计算完成, 位置标记：1
2020-12-11 17:25:07:199  电机温度计算完成, 位置标记：1
2020-12-11 17:25:07:199  电机温度计算完成, 位置标记：1
2020-12-11 17:25:07:199  电机温度计算完成, 位置标记：1
2020-12-11 17:25:07:199  电机温度计算完成, 位置标记：1
2020-12-11 17:25:07:199  车速为：36.751位置标记为：1
2020-12-11 17:25:07:230  振动分轮计算完成, 位置标记：1
2020-12-11 17:25:07:512  振动特征值计算完成, 位置标记：1
2020-12-11 17:25:07:559  磁钢信号预处理完成，位置标记：0
2020-12-11 17:25:07:574  温度分轮成功，分轮数尺度为：48
2020-12-11 17:25:07:637  轴承端盖温度特征值计算完成, 位置标记：0
2020-12-11 17:25:07:699  电机温度计算完成, 位置标记：0
2020-12-11 17:25:07:699  电机温度计算完成, 位置标记：0
2020-12-11 17:25:07:699  电机温度计算完成, 位置标记：0
2020-12-11 17:25:07:699  电机温度计算完成, 位置标记：0
2020-12-11 17:25:07:715  电机温度计算完成, 位置标记：0
2020-12-11 17:25:07:715  电机温度计算完成, 位置标记：0
2020-12-11 17:25:07:715  电机温度计算完成, 位置标记：0
2020-12-11 17:25:07:715  电机温度计算完成, 位置标记：0
2020-12-11 17:25:07:715  车速为：36.751位置标记为：0
2020-12-11 17:25:07:731  振动分轮计算完成, 位置标记：0
2020-12-11 17:25:08:027  振动特征值计算完成, 位置标记：0
2020-12-11 17:35:05:714  磁钢信号预处理完成，位置标记：1
2020-12-11 17:35:05:730  温度分轮成功，分轮数尺度为：48
2020-12-11 17:35:05:793  轴承端盖温度特征值计算完成, 位置标记：1
2020-12-11 17:35:05:855  电机温度计算完成, 位置标记：1
2020-12-11 17:35:05:871  电机温度计算完成, 位置标记：1
2020-12-11 17:35:05:871  电机温度计算完成, 位置标记：1
2020-12-11 17:35:05:871  电机温度计算完成, 位置标记：1
2020-12-11 17:35:05:871  电机温度计算完成, 位置标记：1
2020-12-11 17:35:05:871  电机温度计算完成, 位置标记：1
2020-12-11 17:35:05:871  电机温度计算完成, 位置标记：1
2020-12-11 17:35:05:886  电机温度计算完成, 位置标记：1
2020-12-11 17:35:05:886  车速为：36.6372位置标记为：1
2020-12-11 17:35:05:902  振动分轮计算完成, 位置标记：1
2020-12-11 17:35:06:183  振动特征值计算完成, 位置标记：1
2020-12-11 17:35:06:246  磁钢信号预处理完成，位置标记：0
2020-12-11 17:35:06:246  温度分轮成功，分轮数尺度为：48
2020-12-11 17:35:06:324  轴承端盖温度特征值计算完成, 位置标记：0
2020-12-11 17:35:06:386  电机温度计算完成, 位置标记：0
2020-12-11 17:35:06:386  电机温度计算完成, 位置标记：0
2020-12-11 17:35:06:386  电机温度计算完成, 位置标记：0
2020-12-11 17:35:06:386  电机温度计算完成, 位置标记：0
2020-12-11 17:35:06:386  电机温度计算完成, 位置标记：0
2020-12-11 17:35:06:402  电机温度计算完成, 位置标记：0
2020-12-11 17:35:06:402  电机温度计算完成, 位置标记：0
2020-12-11 17:35:06:402  电机温度计算完成, 位置标记：0
2020-12-11 17:35:06:402  车速为：36.6372位置标记为：0
2020-12-11 17:35:06:433  振动分轮计算完成, 位置标记：0
2020-12-11 17:35:06:683  振动特征值计算完成, 位置标记：0
2020-12-11 17:45:16:875  磁钢信号预处理完成，位置标记：1
2020-12-11 17:45:16:875  温度分轮成功，分轮数尺度为：48
2020-12-11 17:45:16:953  轴承端盖温度特征值计算完成, 位置标记：1
2020-12-11 17:45:17:015  电机温度计算完成, 位置标记：1
2020-12-11 17:45:17:015  电机温度计算完成, 位置标记：1
2020-12-11 17:45:17:015  电机温度计算完成, 位置标记：1
2020-12-11 17:45:17:015  电机温度计算完成, 位置标记：1
2020-12-11 17:45:17:015  电机温度计算完成, 位置标记：1
2020-12-11 17:45:17:031  电机温度计算完成, 位置标记：1
2020-12-11 17:45:17:031  电机温度计算完成, 位置标记：1
2020-12-11 17:45:17:031  电机温度计算完成, 位置标记：1
2020-12-11 17:45:17:031  车速为：36.7021位置标记为：1
2020-12-11 17:45:17:062  振动分轮计算完成, 位置标记：1
2020-12-11 17:45:17:343  振动特征值计算完成, 位置标记：1
2020-12-11 17:45:17:390  磁钢信号预处理完成，位置标记：0
2020-12-11 17:45:17:406  温度分轮成功，分轮数尺度为：48
2020-12-11 17:45:17:468  轴承端盖温度特征值计算完成, 位置标记：0
2020-12-11 17:45:17:531  电机温度计算完成, 位置标记：0
2020-12-11 17:45:17:547  电机温度计算完成, 位置标记：0
2020-12-11 17:45:17:547  电机温度计算完成, 位置标记：0
2020-12-11 17:45:17:547  电机温度计算完成, 位置标记：0
2020-12-11 17:45:17:547  电机温度计算完成, 位置标记：0
2020-12-11 17:45:17:547  电机温度计算完成, 位置标记：0
2020-12-11 17:45:17:562  电机温度计算完成, 位置标记：0
2020-12-11 17:45:17:562  电机温度计算完成, 位置标记：0
2020-12-11 17:45:17:562  车速为：36.7021位置标记为：0
2020-12-11 17:45:17:578  振动分轮计算完成, 位置标记：0
2020-12-11 17:45:17:875  振动特征值计算完成, 位置标记：0
2020-12-11 17:55:08:250  磁钢信号预处理完成，位置标记：1
2020-12-11 17:55:08:266  温度分轮成功，分轮数尺度为：48
2020-12-11 17:55:08:328  轴承端盖温度特征值计算完成, 位置标记：1
2020-12-11 17:55:08:391  电机温度计算完成, 位置标记：1
2020-12-11 17:55:08:391  电机温度计算完成, 位置标记：1
2020-12-11 17:55:08:406  电机温度计算完成, 位置标记：1
2020-12-11 17:55:08:406  电机温度计算完成, 位置标记：1
2020-12-11 17:55:08:406  电机温度计算完成, 位置标记：1
2020-12-11 17:55:08:406  电机温度计算完成, 位置标记：1
2020-12-11 17:55:08:406  电机温度计算完成, 位置标记：1
2020-12-11 17:55:08:406  电机温度计算完成, 位置标记：1
2020-12-11 17:55:08:422  车速为：36.7021位置标记为：1
2020-12-11 17:55:08:438  振动有效标记位计算异常，位置标记为：1
2020-12-11 17:55:08:485  磁钢信号预处理完成，位置标记：0
2020-12-11 17:55:08:500  温度分轮成功，分轮数尺度为：48
2020-12-11 17:55:08:563  轴承端盖温度特征值计算完成, 位置标记：0
2020-12-11 17:55:08:641  电机温度计算完成, 位置标记：0
2020-12-11 17:55:08:641  电机温度计算完成, 位置标记：0
2020-12-11 17:55:08:641  电机温度计算完成, 位置标记：0
2020-12-11 17:55:08:641  电机温度计算完成, 位置标记：0
2020-12-11 17:55:08:641  电机温度计算完成, 位置标记：0
2020-12-11 17:55:08:641  电机温度计算完成, 位置标记：0
2020-12-11 17:55:08:656  电机温度计算完成, 位置标记：0
2020-12-11 17:55:08:656  电机温度计算完成, 位置标记：0
2020-12-11 17:55:08:656  车速为：36.7021位置标记为：0
2020-12-11 17:55:08:672  振动有效标记位计算异常，位置标记为：0
