2020-12-24 09:27:31:618  磁钢信号预处理完成，位置标记：1
2020-12-24 09:27:31:638  温度分轮成功，分轮数尺度为：48
2020-12-24 09:27:31:660  轴承端盖温度特征值计算完成, 位置标记：1
2020-12-24 09:27:31:680  电机温度计算完成, 位置标记：1
2020-12-24 09:27:31:684  电机温度计算完成, 位置标记：1
2020-12-24 09:27:31:686  电机温度计算完成, 位置标记：1
2020-12-24 09:27:31:690  电机温度计算完成, 位置标记：1
2020-12-24 09:27:31:692  电机温度计算完成, 位置标记：1
2020-12-24 09:27:31:696  电机温度计算完成, 位置标记：1
2020-12-24 09:27:31:698  电机温度计算完成, 位置标记：1
2020-12-24 09:27:31:700  电机温度计算完成, 位置标记：1
2020-12-24 09:27:31:702  车速为：36.7021位置标记为：1
2020-12-24 09:27:31:740  振动分轮计算完成, 位置标记：1
2020-12-24 09:27:31:978  振动特征值计算完成, 位置标记：1
2020-12-24 09:27:32:080  磁钢信号预处理完成，位置标记：0
2020-12-24 09:27:32:106  温度分轮成功，分轮数尺度为：48
2020-12-24 09:27:32:126  轴承端盖温度特征值计算完成, 位置标记：0
2020-12-24 09:27:32:146  电机温度计算完成, 位置标记：0
2020-12-24 09:27:32:148  电机温度计算完成, 位置标记：0
2020-12-24 09:27:32:150  电机温度计算完成, 位置标记：0
2020-12-24 09:27:32:154  电机温度计算完成, 位置标记：0
2020-12-24 09:27:32:156  电机温度计算完成, 位置标记：0
2020-12-24 09:27:32:158  电机温度计算完成, 位置标记：0
2020-12-24 09:27:32:160  电机温度计算完成, 位置标记：0
2020-12-24 09:27:32:164  电机温度计算完成, 位置标记：0
2020-12-24 09:27:32:164  车速为：36.7021位置标记为：0
2020-12-24 09:27:32:202  振动分轮计算完成, 位置标记：0
2020-12-24 09:27:32:442  振动特征值计算完成, 位置标记：0
2020-12-24 09:33:59:916  磁钢信号预处理完成，位置标记：1
2020-12-24 09:33:59:936  温度分轮成功，分轮数尺度为：48
2020-12-24 09:33:59:956  轴承端盖温度特征值计算完成, 位置标记：1
2020-12-24 09:33:59:974  电机温度计算完成, 位置标记：1
2020-12-24 09:33:59:978  电机温度计算完成, 位置标记：1
2020-12-24 09:33:59:980  电机温度计算完成, 位置标记：1
2020-12-24 09:33:59:984  电机温度计算完成, 位置标记：1
2020-12-24 09:33:59:986  电机温度计算完成, 位置标记：1
2020-12-24 09:33:59:990  电机温度计算完成, 位置标记：1
2020-12-24 09:33:59:992  电机温度计算完成, 位置标记：1
2020-12-24 09:33:59:994  电机温度计算完成, 位置标记：1
2020-12-24 09:33:59:996  车速为：36.8164位置标记为：1
2020-12-24 09:34:00:034  振动分轮计算完成, 位置标记：1
2020-12-24 09:34:00:252  振动特征值计算完成, 位置标记：1
2020-12-24 09:34:00:326  磁钢信号预处理完成，位置标记：0
2020-12-24 09:34:00:344  温度分轮成功，分轮数尺度为：48
2020-12-24 09:34:00:362  轴承端盖温度特征值计算完成, 位置标记：0
2020-12-24 09:34:00:380  电机温度计算完成, 位置标记：0
2020-12-24 09:34:00:382  电机温度计算完成, 位置标记：0
2020-12-24 09:34:00:386  电机温度计算完成, 位置标记：0
2020-12-24 09:34:00:388  电机温度计算完成, 位置标记：0
2020-12-24 09:34:00:392  电机温度计算完成, 位置标记：0
2020-12-24 09:34:00:394  电机温度计算完成, 位置标记：0
2020-12-24 09:34:00:396  电机温度计算完成, 位置标记：0
2020-12-24 09:34:00:398  电机温度计算完成, 位置标记：0
2020-12-24 09:34:00:400  车速为：36.8164位置标记为：0
2020-12-24 09:34:00:434  振动分轮计算完成, 位置标记：0
2020-12-24 09:34:00:640  振动特征值计算完成, 位置标记：0
2020-12-24 09:40:40:314  磁钢信号预处理完成，位置标记：1
2020-12-24 09:40:40:336  温度分轮成功，分轮数尺度为：48
2020-12-24 09:40:40:356  轴承端盖温度特征值计算完成, 位置标记：1
2020-12-24 09:40:40:378  电机温度计算完成, 位置标记：1
2020-12-24 09:40:40:380  电机温度计算完成, 位置标记：1
2020-12-24 09:40:40:384  电机温度计算完成, 位置标记：1
2020-12-24 09:40:40:386  电机温度计算完成, 位置标记：1
2020-12-24 09:40:40:390  电机温度计算完成, 位置标记：1
2020-12-24 09:40:40:392  电机温度计算完成, 位置标记：1
2020-12-24 09:40:40:396  电机温度计算完成, 位置标记：1
2020-12-24 09:40:40:398  电机温度计算完成, 位置标记：1
2020-12-24 09:40:40:400  车速为：36.751位置标记为：1
2020-12-24 09:40:40:436  振动分轮计算完成, 位置标记：1
2020-12-24 09:40:40:672  振动特征值计算完成, 位置标记：1
2020-12-24 09:40:40:746  磁钢信号预处理完成，位置标记：0
2020-12-24 09:40:40:764  温度分轮成功，分轮数尺度为：48
2020-12-24 09:40:40:782  轴承端盖温度特征值计算完成, 位置标记：0
2020-12-24 09:40:40:798  电机温度计算完成, 位置标记：0
2020-12-24 09:40:40:802  电机温度计算完成, 位置标记：0
2020-12-24 09:40:40:804  电机温度计算完成, 位置标记：0
2020-12-24 09:40:40:806  电机温度计算完成, 位置标记：0
2020-12-24 09:40:40:810  电机温度计算完成, 位置标记：0
2020-12-24 09:40:40:812  电机温度计算完成, 位置标记：0
2020-12-24 09:40:40:814  电机温度计算完成, 位置标记：0
2020-12-24 09:40:40:816  电机温度计算完成, 位置标记：0
2020-12-24 09:40:40:816  车速为：36.751位置标记为：0
2020-12-24 09:40:40:848  振动分轮计算完成, 位置标记：0
2020-12-24 09:40:41:064  振动特征值计算完成, 位置标记：0
