2020-12-18 08:03:07:356  收到来车信号，流水号：20201218080307，所有设备开始采集
2020-12-18 08:03:07:424  开启A/D采集
2020-12-18 08:03:28:824  收到离车信号，流水号：20201218080307，线号：14，车号：033034，主控端：1，所有设备停止采集
2020-12-18 08:03:28:858  收到停止采集命令，开始停止采集
2020-12-18 08:03:28:895  停止采集数据
2020-12-18 08:03:28:897  采集连接已断开
2020-12-18 08:03:28:898  开始数据分析和落盘
2020-12-18 08:03:33:748  vibration1完成落盘
2020-12-18 08:03:37:878  vibration2完成落盘
2020-12-18 08:03:42:072  vibration3完成落盘
2020-12-18 08:03:46:283  vibration4完成落盘
2020-12-18 08:03:50:433  vibration5完成落盘
2020-12-18 08:03:54:513  vibration6完成落盘
2020-12-18 08:03:58:735  vibration7完成落盘
2020-12-18 08:04:02:950  vibration8完成落盘
2020-12-18 08:04:07:188  magnetic1完成落盘
2020-12-18 08:04:11:428  magnetic2完成落盘
2020-12-18 08:04:15:648  magnetic3完成落盘
2020-12-18 08:04:19:833  magnetic4完成落盘
2020-12-18 08:04:23:878  temperate1完成落盘
2020-12-18 08:04:27:818  temperate2完成落盘
2020-12-18 08:04:31:816  temperate3完成落盘
2020-12-18 08:04:35:866  temperate4完成落盘
2020-12-18 08:04:35:874  开始处理数据
2020-12-18 08:04:36:403  右侧计算完成
2020-12-18 08:04:36:859  左侧计算完成
2020-12-18 08:04:36:861  检查结果数据
2020-12-18 08:04:36:863  通知桌面显示数据
2020-12-18 08:04:36:879  开始写入数据库
2020-12-18 08:04:36:908  预警及报警参数加载完成
2020-12-18 08:04:36:909  数据库打开成功
2020-12-18 08:04:36:911  train_info数据表写入成功
2020-12-18 08:04:37:092  train_onlyid读取成功
2020-12-18 08:04:37:094  train_data数据表写入成功
2020-12-18 08:04:37:096  vt_info数据表，第0次写入成功
2020-12-18 08:04:37:097  vt_info数据表，第1次写入成功
2020-12-18 08:04:37:099  vt_info数据表，第2次写入成功
2020-12-18 08:04:37:101  vt_info数据表，第3次写入成功
2020-12-18 08:04:37:102  vt_info数据表，第4次写入成功
2020-12-18 08:04:37:104  vt_info数据表，第5次写入成功
2020-12-18 08:04:37:105  vt_info数据表，第6次写入成功
2020-12-18 08:04:37:107  vt_info数据表，第7次写入成功
2020-12-18 08:04:37:108  vt_info数据表，第8次写入成功
2020-12-18 08:04:37:110  vt_info数据表，第9次写入成功
2020-12-18 08:04:37:111  vt_info数据表，第10次写入成功
2020-12-18 08:04:37:113  vt_info数据表，第11次写入成功
2020-12-18 08:04:37:114  vt_info数据表，第12次写入成功
2020-12-18 08:04:37:116  vt_info数据表，第13次写入成功
2020-12-18 08:04:37:118  vt_info数据表，第14次写入成功
2020-12-18 08:04:37:119  vt_info数据表，第15次写入成功
2020-12-18 08:04:37:152  vt_info数据表，第16次写入成功
2020-12-18 08:04:37:153  vt_info数据表，第17次写入成功
2020-12-18 08:04:37:155  vt_info数据表，第18次写入成功
2020-12-18 08:04:37:156  vt_info数据表，第19次写入成功
2020-12-18 08:04:37:158  vt_info数据表，第20次写入成功
2020-12-18 08:04:37:160  vt_info数据表，第21次写入成功
2020-12-18 08:04:37:161  vt_info数据表，第22次写入成功
2020-12-18 08:04:37:163  vt_info数据表，第23次写入成功
2020-12-18 08:04:37:165  vt_info数据表，第24次写入成功
2020-12-18 08:04:37:166  vt_info数据表，第25次写入成功
2020-12-18 08:04:37:168  vt_info数据表，第26次写入成功
2020-12-18 08:04:37:169  vt_info数据表，第27次写入成功
2020-12-18 08:04:37:171  vt_info数据表，第28次写入成功
2020-12-18 08:04:37:173  vt_info数据表，第29次写入成功
2020-12-18 08:04:37:174  vt_info数据表，第30次写入成功
2020-12-18 08:04:37:176  vt_info数据表，第31次写入成功
2020-12-18 08:04:37:209  vt_info数据表，第32次写入成功
2020-12-18 08:04:37:210  vt_info数据表，第33次写入成功
2020-12-18 08:04:37:212  vt_info数据表，第34次写入成功
2020-12-18 08:04:37:213  vt_info数据表，第35次写入成功
2020-12-18 08:04:37:215  vt_info数据表，第36次写入成功
2020-12-18 08:04:37:217  vt_info数据表，第37次写入成功
2020-12-18 08:04:37:218  vt_info数据表，第38次写入成功
2020-12-18 08:04:37:220  vt_info数据表，第39次写入成功
2020-12-18 08:04:37:222  vt_info数据表，第40次写入成功
2020-12-18 08:04:37:223  vt_info数据表，第41次写入成功
2020-12-18 08:04:37:225  vt_info数据表，第42次写入成功
2020-12-18 08:04:37:227  vt_info数据表，第43次写入成功
2020-12-18 08:04:37:228  vt_info数据表，第44次写入成功
2020-12-18 08:04:37:230  vt_info数据表，第45次写入成功
2020-12-18 08:04:37:232  vt_info数据表，第46次写入成功
2020-12-18 08:04:37:233  vt_info数据表，第47次写入成功
2020-12-18 08:04:37:274  motor_info数据表，第0次写入成功
2020-12-18 08:04:37:276  motor_info数据表，第1次写入成功
2020-12-18 08:04:37:277  motor_info数据表，第2次写入成功
2020-12-18 08:04:37:279  motor_info数据表，第3次写入成功
2020-12-18 08:04:37:280  motor_info数据表，第4次写入成功
2020-12-18 08:04:37:282  motor_info数据表，第5次写入成功
2020-12-18 08:04:37:284  motor_info数据表，第6次写入成功
2020-12-18 08:04:37:285  motor_info数据表，第7次写入成功
2020-12-18 08:04:37:287  motor_info数据表，第8次写入成功
2020-12-18 08:04:37:288  motor_info数据表，第9次写入成功
2020-12-18 08:04:37:289  motor_info数据表，第10次写入成功
2020-12-18 08:04:37:291  motor_info数据表，第11次写入成功
2020-12-18 08:04:37:292  motor_info数据表，第12次写入成功
2020-12-18 08:04:37:294  motor_info数据表，第13次写入成功
2020-12-18 08:04:37:295  motor_info数据表，第14次写入成功
2020-12-18 08:04:37:297  motor_info数据表，第15次写入成功
2020-12-18 08:04:37:298  数据库关闭！
2020-12-18 08:08:59:866  收到来车信号，流水号：20201218080859，所有设备开始采集
2020-12-18 08:08:59:933  开启A/D采集
2020-12-18 08:09:21:333  收到离车信号，流水号：20201218080859，线号：14，车号：037038，主控端：0，所有设备停止采集
2020-12-18 08:09:21:367  收到停止采集命令，开始停止采集
2020-12-18 08:09:21:405  停止采集数据
2020-12-18 08:09:21:407  采集连接已断开
2020-12-18 08:09:21:408  开始数据分析和落盘
2020-12-18 08:09:26:271  vibration1完成落盘
2020-12-18 08:09:30:454  vibration2完成落盘
2020-12-18 08:09:34:639  vibration3完成落盘
2020-12-18 08:09:38:877  vibration4完成落盘
2020-12-18 08:09:43:108  vibration5完成落盘
2020-12-18 08:09:47:300  vibration6完成落盘
2020-12-18 08:09:51:543  vibration7完成落盘
2020-12-18 08:09:55:742  vibration8完成落盘
2020-12-18 08:09:59:887  magnetic1完成落盘
2020-12-18 08:10:03:974  magnetic2完成落盘
2020-12-18 08:10:08:222  magnetic3完成落盘
2020-12-18 08:10:12:450  magnetic4完成落盘
2020-12-18 08:10:16:359  temperate1完成落盘
2020-12-18 08:10:20:384  temperate2完成落盘
2020-12-18 08:10:24:412  temperate3完成落盘
2020-12-18 08:10:28:341  temperate4完成落盘
2020-12-18 08:10:28:349  开始处理数据
2020-12-18 08:10:28:911  右侧计算完成
2020-12-18 08:10:29:371  左侧计算完成
2020-12-18 08:10:29:373  检查结果数据
2020-12-18 08:10:29:374  通知桌面显示数据
2020-12-18 08:10:29:391  开始写入数据库
2020-12-18 08:10:29:420  预警及报警参数加载完成
2020-12-18 08:10:29:422  数据库打开成功
2020-12-18 08:10:29:423  train_info数据表写入成功
2020-12-18 08:10:29:602  train_onlyid读取成功
2020-12-18 08:10:29:604  train_data数据表写入成功
2020-12-18 08:10:29:605  vt_info数据表，第0次写入成功
2020-12-18 08:10:29:607  vt_info数据表，第1次写入成功
2020-12-18 08:10:29:609  vt_info数据表，第2次写入成功
2020-12-18 08:10:29:610  vt_info数据表，第3次写入成功
2020-12-18 08:10:29:612  vt_info数据表，第4次写入成功
2020-12-18 08:10:29:613  vt_info数据表，第5次写入成功
2020-12-18 08:10:29:615  vt_info数据表，第6次写入成功
2020-12-18 08:10:29:616  vt_info数据表，第7次写入成功
2020-12-18 08:10:29:618  vt_info数据表，第8次写入成功
2020-12-18 08:10:29:619  vt_info数据表，第9次写入成功
2020-12-18 08:10:29:621  vt_info数据表，第10次写入成功
2020-12-18 08:10:29:622  vt_info数据表，第11次写入成功
2020-12-18 08:10:29:624  vt_info数据表，第12次写入成功
2020-12-18 08:10:29:625  vt_info数据表，第13次写入成功
2020-12-18 08:10:29:627  vt_info数据表，第14次写入成功
2020-12-18 08:10:29:629  vt_info数据表，第15次写入成功
2020-12-18 08:10:29:661  vt_info数据表，第16次写入成功
2020-12-18 08:10:29:663  vt_info数据表，第17次写入成功
2020-12-18 08:10:29:665  vt_info数据表，第18次写入成功
2020-12-18 08:10:29:666  vt_info数据表，第19次写入成功
2020-12-18 08:10:29:668  vt_info数据表，第20次写入成功
2020-12-18 08:10:29:670  vt_info数据表，第21次写入成功
2020-12-18 08:10:29:671  vt_info数据表，第22次写入成功
2020-12-18 08:10:29:673  vt_info数据表，第23次写入成功
2020-12-18 08:10:29:674  vt_info数据表，第24次写入成功
2020-12-18 08:10:29:676  vt_info数据表，第25次写入成功
2020-12-18 08:10:29:677  vt_info数据表，第26次写入成功
2020-12-18 08:10:29:679  vt_info数据表，第27次写入成功
2020-12-18 08:10:29:681  vt_info数据表，第28次写入成功
2020-12-18 08:10:29:682  vt_info数据表，第29次写入成功
2020-12-18 08:10:29:684  vt_info数据表，第30次写入成功
2020-12-18 08:10:29:686  vt_info数据表，第31次写入成功
2020-12-18 08:10:29:718  vt_info数据表，第32次写入成功
2020-12-18 08:10:29:720  vt_info数据表，第33次写入成功
2020-12-18 08:10:29:722  vt_info数据表，第34次写入成功
2020-12-18 08:10:29:723  vt_info数据表，第35次写入成功
2020-12-18 08:10:29:725  vt_info数据表，第36次写入成功
2020-12-18 08:10:29:727  vt_info数据表，第37次写入成功
2020-12-18 08:10:29:728  vt_info数据表，第38次写入成功
2020-12-18 08:10:29:730  vt_info数据表，第39次写入成功
2020-12-18 08:10:29:731  vt_info数据表，第40次写入成功
2020-12-18 08:10:29:733  vt_info数据表，第41次写入成功
2020-12-18 08:10:29:735  vt_info数据表，第42次写入成功
2020-12-18 08:10:29:736  vt_info数据表，第43次写入成功
2020-12-18 08:10:29:738  vt_info数据表，第44次写入成功
2020-12-18 08:10:29:739  vt_info数据表，第45次写入成功
2020-12-18 08:10:29:741  vt_info数据表，第46次写入成功
2020-12-18 08:10:29:782  vt_info数据表，第47次写入成功
2020-12-18 08:10:29:784  motor_info数据表，第0次写入成功
2020-12-18 08:10:29:785  motor_info数据表，第1次写入成功
2020-12-18 08:10:29:787  motor_info数据表，第2次写入成功
2020-12-18 08:10:29:788  motor_info数据表，第3次写入成功
2020-12-18 08:10:29:790  motor_info数据表，第4次写入成功
2020-12-18 08:10:29:791  motor_info数据表，第5次写入成功
2020-12-18 08:10:29:793  motor_info数据表，第6次写入成功
2020-12-18 08:10:29:794  motor_info数据表，第7次写入成功
2020-12-18 08:10:29:796  motor_info数据表，第8次写入成功
2020-12-18 08:10:29:797  motor_info数据表，第9次写入成功
2020-12-18 08:10:29:799  motor_info数据表，第10次写入成功
2020-12-18 08:10:29:800  motor_info数据表，第11次写入成功
2020-12-18 08:10:29:802  motor_info数据表，第12次写入成功
2020-12-18 08:10:29:804  motor_info数据表，第13次写入成功
2020-12-18 08:10:29:805  motor_info数据表，第14次写入成功
2020-12-18 08:10:29:807  motor_info数据表，第15次写入成功
2020-12-18 08:10:29:808  数据库关闭！
2020-12-18 08:12:59:725  收到来车信号，流水号：20201218081259，所有设备开始采集
2020-12-18 08:12:59:792  开启A/D采集
2020-12-18 08:13:21:119  收到离车信号，流水号：20201218081259，线号：14，车号：057058，主控端：0，所有设备停止采集
2020-12-18 08:13:21:153  收到停止采集命令，开始停止采集
2020-12-18 08:13:21:192  停止采集数据
2020-12-18 08:13:21:193  采集连接已断开
2020-12-18 08:13:21:195  开始数据分析和落盘
2020-12-18 08:13:25:998  vibration1完成落盘
2020-12-18 08:13:30:192  vibration2完成落盘
2020-12-18 08:13:34:331  vibration3完成落盘
2020-12-18 08:13:38:411  vibration4完成落盘
2020-12-18 08:13:42:415  vibration5完成落盘
2020-12-18 08:13:46:639  vibration6完成落盘
2020-12-18 08:13:50:827  vibration7完成落盘
2020-12-18 08:13:55:043  vibration8完成落盘
2020-12-18 08:13:59:267  magnetic1完成落盘
2020-12-18 08:14:03:444  magnetic2完成落盘
2020-12-18 08:14:07:580  magnetic3完成落盘
2020-12-18 08:14:11:796  magnetic4完成落盘
2020-12-18 08:14:15:809  temperate1完成落盘
2020-12-18 08:14:19:750  temperate2完成落盘
2020-12-18 08:14:23:625  temperate3完成落盘
2020-12-18 08:14:27:615  temperate4完成落盘
2020-12-18 08:14:27:622  开始处理数据
2020-12-18 08:14:28:182  右侧计算完成
2020-12-18 08:14:28:635  左侧计算完成
2020-12-18 08:14:28:637  检查结果数据
2020-12-18 08:14:28:639  通知桌面显示数据
2020-12-18 08:14:28:656  开始写入数据库
2020-12-18 08:14:28:684  预警及报警参数加载完成
2020-12-18 08:14:28:685  数据库打开成功
2020-12-18 08:14:28:687  train_info数据表写入成功
2020-12-18 08:14:28:868  train_onlyid读取成功
2020-12-18 08:14:28:870  train_data数据表写入成功
2020-12-18 08:14:28:871  vt_info数据表，第0次写入成功
2020-12-18 08:14:28:873  vt_info数据表，第1次写入成功
2020-12-18 08:14:28:874  vt_info数据表，第2次写入成功
2020-12-18 08:14:28:876  vt_info数据表，第3次写入成功
2020-12-18 08:14:28:877  vt_info数据表，第4次写入成功
2020-12-18 08:14:28:879  vt_info数据表，第5次写入成功
2020-12-18 08:14:28:880  vt_info数据表，第6次写入成功
2020-12-18 08:14:28:882  vt_info数据表，第7次写入成功
2020-12-18 08:14:28:884  vt_info数据表，第8次写入成功
2020-12-18 08:14:28:885  vt_info数据表，第9次写入成功
2020-12-18 08:14:28:887  vt_info数据表，第10次写入成功
2020-12-18 08:14:28:888  vt_info数据表，第11次写入成功
2020-12-18 08:14:28:890  vt_info数据表，第12次写入成功
2020-12-18 08:14:28:892  vt_info数据表，第13次写入成功
2020-12-18 08:14:28:893  vt_info数据表，第14次写入成功
2020-12-18 08:14:28:895  vt_info数据表，第15次写入成功
2020-12-18 08:14:28:927  vt_info数据表，第16次写入成功
2020-12-18 08:14:28:929  vt_info数据表，第17次写入成功
2020-12-18 08:14:28:930  vt_info数据表，第18次写入成功
2020-12-18 08:14:28:932  vt_info数据表，第19次写入成功
2020-12-18 08:14:28:933  vt_info数据表，第20次写入成功
2020-12-18 08:14:28:935  vt_info数据表，第21次写入成功
2020-12-18 08:14:28:936  vt_info数据表，第22次写入成功
2020-12-18 08:14:28:938  vt_info数据表，第23次写入成功
2020-12-18 08:14:28:940  vt_info数据表，第24次写入成功
2020-12-18 08:14:28:941  vt_info数据表，第25次写入成功
2020-12-18 08:14:28:943  vt_info数据表，第26次写入成功
2020-12-18 08:14:28:945  vt_info数据表，第27次写入成功
2020-12-18 08:14:28:946  vt_info数据表，第28次写入成功
2020-12-18 08:14:28:948  vt_info数据表，第29次写入成功
2020-12-18 08:14:28:950  vt_info数据表，第30次写入成功
2020-12-18 08:14:28:951  vt_info数据表，第31次写入成功
2020-12-18 08:14:28:984  vt_info数据表，第32次写入成功
2020-12-18 08:14:28:986  vt_info数据表，第33次写入成功
2020-12-18 08:14:28:987  vt_info数据表，第34次写入成功
2020-12-18 08:14:28:989  vt_info数据表，第35次写入成功
2020-12-18 08:14:28:990  vt_info数据表，第36次写入成功
2020-12-18 08:14:28:992  vt_info数据表，第37次写入成功
2020-12-18 08:14:28:994  vt_info数据表，第38次写入成功
2020-12-18 08:14:28:995  vt_info数据表，第39次写入成功
2020-12-18 08:14:28:997  vt_info数据表，第40次写入成功
2020-12-18 08:14:28:998  vt_info数据表，第41次写入成功
2020-12-18 08:14:29:000  vt_info数据表，第42次写入成功
2020-12-18 08:14:29:002  vt_info数据表，第43次写入成功
2020-12-18 08:14:29:003  vt_info数据表，第44次写入成功
2020-12-18 08:14:29:005  vt_info数据表，第45次写入成功
2020-12-18 08:14:29:006  vt_info数据表，第46次写入成功
2020-12-18 08:14:29:045  vt_info数据表，第47次写入成功
2020-12-18 08:14:29:047  motor_info数据表，第0次写入成功
2020-12-18 08:14:29:049  motor_info数据表，第1次写入成功
2020-12-18 08:14:29:050  motor_info数据表，第2次写入成功
2020-12-18 08:14:29:052  motor_info数据表，第3次写入成功
2020-12-18 08:14:29:053  motor_info数据表，第4次写入成功
2020-12-18 08:14:29:055  motor_info数据表，第5次写入成功
2020-12-18 08:14:29:056  motor_info数据表，第6次写入成功
2020-12-18 08:14:29:058  motor_info数据表，第7次写入成功
2020-12-18 08:14:29:059  motor_info数据表，第8次写入成功
2020-12-18 08:14:29:061  motor_info数据表，第9次写入成功
2020-12-18 08:14:29:062  motor_info数据表，第10次写入成功
2020-12-18 08:14:29:064  motor_info数据表，第11次写入成功
2020-12-18 08:14:29:066  motor_info数据表，第12次写入成功
2020-12-18 08:14:29:067  motor_info数据表，第13次写入成功
2020-12-18 08:14:29:069  motor_info数据表，第14次写入成功
2020-12-18 08:14:29:070  motor_info数据表，第15次写入成功
2020-12-18 08:14:29:072  数据库关闭！
2020-12-18 08:19:28:023  收到来车信号，流水号：20201218081927，所有设备开始采集
2020-12-18 08:19:28:092  开启A/D采集
2020-12-18 08:19:49:522  收到离车信号，流水号：20201218081927，线号：14，车号：003004，主控端：1，所有设备停止采集
2020-12-18 08:19:49:556  收到停止采集命令，开始停止采集
2020-12-18 08:19:49:594  停止采集数据
2020-12-18 08:19:49:596  采集连接已断开
2020-12-18 08:19:49:598  开始数据分析和落盘
2020-12-18 08:19:54:424  vibration1完成落盘
2020-12-18 08:19:58:591  vibration2完成落盘
2020-12-18 08:20:02:828  vibration3完成落盘
2020-12-18 08:20:07:066  vibration4完成落盘
2020-12-18 08:20:11:293  vibration5完成落盘
2020-12-18 08:20:15:364  vibration6完成落盘
2020-12-18 08:20:19:493  vibration7完成落盘
2020-12-18 08:20:23:650  vibration8完成落盘
2020-12-18 08:20:27:932  magnetic1完成落盘
2020-12-18 08:20:32:162  magnetic2完成落盘
2020-12-18 08:20:36:264  magnetic3完成落盘
2020-12-18 08:20:40:461  magnetic4完成落盘
2020-12-18 08:20:44:513  temperate1完成落盘
2020-12-18 08:20:48:465  temperate2完成落盘
2020-12-18 08:20:52:488  temperate3完成落盘
2020-12-18 08:20:56:441  temperate4完成落盘
2020-12-18 08:20:56:449  开始处理数据
2020-12-18 08:20:57:003  右侧计算完成
2020-12-18 08:20:57:431  左侧计算完成
2020-12-18 08:20:57:433  检查结果数据
2020-12-18 08:20:57:434  通知桌面显示数据
2020-12-18 08:20:57:449  开始写入数据库
2020-12-18 08:20:57:474  预警及报警参数加载完成
2020-12-18 08:20:57:476  数据库打开成功
2020-12-18 08:20:57:655  train_info数据表写入成功
2020-12-18 08:20:57:657  train_onlyid读取成功
2020-12-18 08:20:57:659  train_data数据表写入成功
2020-12-18 08:20:57:660  vt_info数据表，第0次写入成功
2020-12-18 08:20:57:662  vt_info数据表，第1次写入成功
2020-12-18 08:20:57:663  vt_info数据表，第2次写入成功
2020-12-18 08:20:57:665  vt_info数据表，第3次写入成功
2020-12-18 08:20:57:667  vt_info数据表，第4次写入成功
2020-12-18 08:20:57:668  vt_info数据表，第5次写入成功
2020-12-18 08:20:57:670  vt_info数据表，第6次写入成功
2020-12-18 08:20:57:671  vt_info数据表，第7次写入成功
2020-12-18 08:20:57:673  vt_info数据表，第8次写入成功
2020-12-18 08:20:57:674  vt_info数据表，第9次写入成功
2020-12-18 08:20:57:676  vt_info数据表，第10次写入成功
2020-12-18 08:20:57:678  vt_info数据表，第11次写入成功
2020-12-18 08:20:57:679  vt_info数据表，第12次写入成功
2020-12-18 08:20:57:713  vt_info数据表，第13次写入成功
2020-12-18 08:20:57:714  vt_info数据表，第14次写入成功
2020-12-18 08:20:57:716  vt_info数据表，第15次写入成功
2020-12-18 08:20:57:718  vt_info数据表，第16次写入成功
2020-12-18 08:20:57:719  vt_info数据表，第17次写入成功
2020-12-18 08:20:57:721  vt_info数据表，第18次写入成功
2020-12-18 08:20:57:722  vt_info数据表，第19次写入成功
2020-12-18 08:20:57:724  vt_info数据表，第20次写入成功
2020-12-18 08:20:57:726  vt_info数据表，第21次写入成功
2020-12-18 08:20:57:727  vt_info数据表，第22次写入成功
2020-12-18 08:20:57:729  vt_info数据表，第23次写入成功
2020-12-18 08:20:57:730  vt_info数据表，第24次写入成功
2020-12-18 08:20:57:732  vt_info数据表，第25次写入成功
2020-12-18 08:20:57:733  vt_info数据表，第26次写入成功
2020-12-18 08:20:57:735  vt_info数据表，第27次写入成功
2020-12-18 08:20:57:737  vt_info数据表，第28次写入成功
2020-12-18 08:20:57:770  vt_info数据表，第29次写入成功
2020-12-18 08:20:57:771  vt_info数据表，第30次写入成功
2020-12-18 08:20:57:773  vt_info数据表，第31次写入成功
2020-12-18 08:20:57:775  vt_info数据表，第32次写入成功
2020-12-18 08:20:57:776  vt_info数据表，第33次写入成功
2020-12-18 08:20:57:778  vt_info数据表，第34次写入成功
2020-12-18 08:20:57:780  vt_info数据表，第35次写入成功
2020-12-18 08:20:57:781  vt_info数据表，第36次写入成功
2020-12-18 08:20:57:783  vt_info数据表，第37次写入成功
2020-12-18 08:20:57:784  vt_info数据表，第38次写入成功
2020-12-18 08:20:57:786  vt_info数据表，第39次写入成功
2020-12-18 08:20:57:788  vt_info数据表，第40次写入成功
2020-12-18 08:20:57:789  vt_info数据表，第41次写入成功
2020-12-18 08:20:57:791  vt_info数据表，第42次写入成功
2020-12-18 08:20:57:792  vt_info数据表，第43次写入成功
2020-12-18 08:20:57:794  vt_info数据表，第44次写入成功
2020-12-18 08:20:57:836  vt_info数据表，第45次写入成功
2020-12-18 08:20:57:838  vt_info数据表，第46次写入成功
2020-12-18 08:20:57:839  vt_info数据表，第47次写入成功
2020-12-18 08:20:57:841  motor_info数据表，第0次写入成功
2020-12-18 08:20:57:842  motor_info数据表，第1次写入成功
2020-12-18 08:20:57:844  motor_info数据表，第2次写入成功
2020-12-18 08:20:57:845  motor_info数据表，第3次写入成功
2020-12-18 08:20:57:847  motor_info数据表，第4次写入成功
2020-12-18 08:20:57:848  motor_info数据表，第5次写入成功
2020-12-18 08:20:57:850  motor_info数据表，第6次写入成功
2020-12-18 08:20:57:851  motor_info数据表，第7次写入成功
2020-12-18 08:20:57:853  motor_info数据表，第8次写入成功
2020-12-18 08:20:57:854  motor_info数据表，第9次写入成功
2020-12-18 08:20:57:856  motor_info数据表，第10次写入成功
2020-12-18 08:20:57:857  motor_info数据表，第11次写入成功
2020-12-18 08:20:57:859  motor_info数据表，第12次写入成功
2020-12-18 08:20:57:861  motor_info数据表，第13次写入成功
2020-12-18 08:20:57:862  motor_info数据表，第14次写入成功
2020-12-18 08:20:57:864  motor_info数据表，第15次写入成功
2020-12-18 08:20:57:865  数据库关闭！
2020-12-18 08:27:09:228  收到来车信号，流水号：20201218082709，所有设备开始采集
2020-12-18 08:27:09:295  开启A/D采集
2020-12-18 08:27:30:621  收到离车信号，流水号：20201218082709，线号：14，车号：027028，主控端：0，所有设备停止采集
2020-12-18 08:27:30:656  收到停止采集命令，开始停止采集
2020-12-18 08:27:30:694  停止采集数据
2020-12-18 08:27:30:696  采集连接已断开
2020-12-18 08:27:30:697  开始数据分析和落盘
2020-12-18 08:27:35:488  vibration1完成落盘
2020-12-18 08:27:39:442  vibration2完成落盘
2020-12-18 08:27:43:588  vibration3完成落盘
2020-12-18 08:27:47:711  vibration4完成落盘
2020-12-18 08:27:51:888  vibration5完成落盘
2020-12-18 08:27:56:091  vibration6完成落盘
2020-12-18 08:28:00:269  vibration7完成落盘
2020-12-18 08:28:04:479  vibration8完成落盘
2020-12-18 08:28:08:749  magnetic1完成落盘
2020-12-18 08:28:12:960  magnetic2完成落盘
2020-12-18 08:28:17:153  magnetic3完成落盘
2020-12-18 08:28:21:306  magnetic4完成落盘
2020-12-18 08:28:25:343  temperate1完成落盘
2020-12-18 08:28:29:360  temperate2完成落盘
2020-12-18 08:28:33:384  temperate3完成落盘
2020-12-18 08:28:37:423  temperate4完成落盘
2020-12-18 08:28:37:430  开始处理数据
2020-12-18 08:28:37:985  右侧计算完成
2020-12-18 08:28:38:438  左侧计算完成
2020-12-18 08:28:38:439  检查结果数据
2020-12-18 08:28:38:441  通知桌面显示数据
2020-12-18 08:28:38:458  开始写入数据库
2020-12-18 08:28:38:487  预警及报警参数加载完成
2020-12-18 08:28:38:488  数据库打开成功
2020-12-18 08:28:38:490  train_info数据表写入成功
2020-12-18 08:28:38:666  train_onlyid读取成功
2020-12-18 08:28:38:668  train_data数据表写入成功
2020-12-18 08:28:38:670  vt_info数据表，第0次写入成功
2020-12-18 08:28:38:671  vt_info数据表，第1次写入成功
2020-12-18 08:28:38:673  vt_info数据表，第2次写入成功
2020-12-18 08:28:38:674  vt_info数据表，第3次写入成功
2020-12-18 08:28:38:676  vt_info数据表，第4次写入成功
2020-12-18 08:28:38:677  vt_info数据表，第5次写入成功
2020-12-18 08:28:38:679  vt_info数据表，第6次写入成功
2020-12-18 08:28:38:680  vt_info数据表，第7次写入成功
2020-12-18 08:28:38:682  vt_info数据表，第8次写入成功
2020-12-18 08:28:38:683  vt_info数据表，第9次写入成功
2020-12-18 08:28:38:685  vt_info数据表，第10次写入成功
2020-12-18 08:28:38:686  vt_info数据表，第11次写入成功
2020-12-18 08:28:38:688  vt_info数据表，第12次写入成功
2020-12-18 08:28:38:689  vt_info数据表，第13次写入成功
2020-12-18 08:28:38:691  vt_info数据表，第14次写入成功
2020-12-18 08:28:38:722  vt_info数据表，第15次写入成功
2020-12-18 08:28:38:724  vt_info数据表，第16次写入成功
2020-12-18 08:28:38:725  vt_info数据表，第17次写入成功
2020-12-18 08:28:38:727  vt_info数据表，第18次写入成功
2020-12-18 08:28:38:729  vt_info数据表，第19次写入成功
2020-12-18 08:28:38:730  vt_info数据表，第20次写入成功
2020-12-18 08:28:38:731  vt_info数据表，第21次写入成功
2020-12-18 08:28:38:733  vt_info数据表，第22次写入成功
2020-12-18 08:28:38:735  vt_info数据表，第23次写入成功
2020-12-18 08:28:38:736  vt_info数据表，第24次写入成功
2020-12-18 08:28:38:738  vt_info数据表，第25次写入成功
2020-12-18 08:28:38:740  vt_info数据表，第26次写入成功
2020-12-18 08:28:38:741  vt_info数据表，第27次写入成功
2020-12-18 08:28:38:743  vt_info数据表，第28次写入成功
2020-12-18 08:28:38:744  vt_info数据表，第29次写入成功
2020-12-18 08:28:38:777  vt_info数据表，第30次写入成功
2020-12-18 08:28:38:779  vt_info数据表，第31次写入成功
2020-12-18 08:28:38:781  vt_info数据表，第32次写入成功
2020-12-18 08:28:38:782  vt_info数据表，第33次写入成功
2020-12-18 08:28:38:784  vt_info数据表，第34次写入成功
2020-12-18 08:28:38:785  vt_info数据表，第35次写入成功
2020-12-18 08:28:38:787  vt_info数据表，第36次写入成功
2020-12-18 08:28:38:789  vt_info数据表，第37次写入成功
2020-12-18 08:28:38:790  vt_info数据表，第38次写入成功
2020-12-18 08:28:38:792  vt_info数据表，第39次写入成功
2020-12-18 08:28:38:793  vt_info数据表，第40次写入成功
2020-12-18 08:28:38:795  vt_info数据表，第41次写入成功
2020-12-18 08:28:38:797  vt_info数据表，第42次写入成功
2020-12-18 08:28:38:798  vt_info数据表，第43次写入成功
2020-12-18 08:28:38:800  vt_info数据表，第44次写入成功
2020-12-18 08:28:38:841  vt_info数据表，第45次写入成功
2020-12-18 08:28:38:843  vt_info数据表，第46次写入成功
2020-12-18 08:28:38:845  vt_info数据表，第47次写入成功
2020-12-18 08:28:38:846  motor_info数据表，第0次写入成功
2020-12-18 08:28:38:848  motor_info数据表，第1次写入成功
2020-12-18 08:28:38:849  motor_info数据表，第2次写入成功
2020-12-18 08:28:38:851  motor_info数据表，第3次写入成功
2020-12-18 08:28:38:852  motor_info数据表，第4次写入成功
2020-12-18 08:28:38:854  motor_info数据表，第5次写入成功
2020-12-18 08:28:38:855  motor_info数据表，第6次写入成功
2020-12-18 08:28:38:857  motor_info数据表，第7次写入成功
2020-12-18 08:28:38:858  motor_info数据表，第8次写入成功
2020-12-18 08:28:38:860  motor_info数据表，第9次写入成功
2020-12-18 08:28:38:861  motor_info数据表，第10次写入成功
2020-12-18 08:28:38:863  motor_info数据表，第11次写入成功
2020-12-18 08:28:38:864  motor_info数据表，第12次写入成功
2020-12-18 08:28:38:866  motor_info数据表，第13次写入成功
2020-12-18 08:28:38:867  motor_info数据表，第14次写入成功
2020-12-18 08:28:38:869  motor_info数据表，第15次写入成功
2020-12-18 08:28:38:871  数据库关闭！
2020-12-18 08:34:43:828  收到来车信号，流水号：20201218083443，所有设备开始采集
2020-12-18 08:34:43:896  开启A/D采集
2020-12-18 08:35:05:222  收到离车信号，流水号：20201218083443，线号：14，车号：051052，主控端：0，所有设备停止采集
2020-12-18 08:35:05:256  收到停止采集命令，开始停止采集
2020-12-18 08:35:05:296  停止采集数据
2020-12-18 08:35:05:297  采集连接已断开
2020-12-18 08:35:05:299  开始数据分析和落盘
2020-12-18 08:35:09:974  vibration1完成落盘
2020-12-18 08:35:14:179  vibration2完成落盘
2020-12-18 08:35:18:342  vibration3完成落盘
2020-12-18 08:35:22:566  vibration4完成落盘
2020-12-18 08:35:26:781  vibration5完成落盘
2020-12-18 08:35:31:012  vibration6完成落盘
2020-12-18 08:35:35:180  vibration7完成落盘
2020-12-18 08:35:39:376  vibration8完成落盘
2020-12-18 08:35:43:604  magnetic1完成落盘
2020-12-18 08:35:47:817  magnetic2完成落盘
2020-12-18 08:35:51:654  magnetic3完成落盘
2020-12-18 08:35:55:779  magnetic4完成落盘
2020-12-18 08:35:59:650  temperate1完成落盘
2020-12-18 08:36:03:647  temperate2完成落盘
2020-12-18 08:36:07:525  temperate3完成落盘
2020-12-18 08:36:11:448  temperate4完成落盘
2020-12-18 08:36:11:454  开始处理数据
2020-12-18 08:36:12:011  右侧计算完成
2020-12-18 08:36:12:471  左侧计算完成
2020-12-18 08:36:12:473  检查结果数据
2020-12-18 08:36:12:474  通知桌面显示数据
2020-12-18 08:36:12:491  开始写入数据库
2020-12-18 08:36:12:519  预警及报警参数加载完成
2020-12-18 08:36:12:521  数据库打开成功
2020-12-18 08:36:12:522  train_info数据表写入成功
2020-12-18 08:36:12:703  train_onlyid读取成功
2020-12-18 08:36:12:705  train_data数据表写入成功
2020-12-18 08:36:12:706  vt_info数据表，第0次写入成功
2020-12-18 08:36:12:708  vt_info数据表，第1次写入成功
2020-12-18 08:36:12:710  vt_info数据表，第2次写入成功
2020-12-18 08:36:12:711  vt_info数据表，第3次写入成功
2020-12-18 08:36:12:713  vt_info数据表，第4次写入成功
2020-12-18 08:36:12:715  vt_info数据表，第5次写入成功
2020-12-18 08:36:12:716  vt_info数据表，第6次写入成功
2020-12-18 08:36:12:717  vt_info数据表，第7次写入成功
2020-12-18 08:36:12:719  vt_info数据表，第8次写入成功
2020-12-18 08:36:12:721  vt_info数据表，第9次写入成功
2020-12-18 08:36:12:722  vt_info数据表，第10次写入成功
2020-12-18 08:36:12:724  vt_info数据表，第11次写入成功
2020-12-18 08:36:12:725  vt_info数据表，第12次写入成功
2020-12-18 08:36:12:727  vt_info数据表，第13次写入成功
2020-12-18 08:36:12:728  vt_info数据表，第14次写入成功
2020-12-18 08:36:12:730  vt_info数据表，第15次写入成功
2020-12-18 08:36:12:762  vt_info数据表，第16次写入成功
2020-12-18 08:36:12:764  vt_info数据表，第17次写入成功
2020-12-18 08:36:12:765  vt_info数据表，第18次写入成功
2020-12-18 08:36:12:767  vt_info数据表，第19次写入成功
2020-12-18 08:36:12:769  vt_info数据表，第20次写入成功
2020-12-18 08:36:12:770  vt_info数据表，第21次写入成功
2020-12-18 08:36:12:772  vt_info数据表，第22次写入成功
2020-12-18 08:36:12:774  vt_info数据表，第23次写入成功
2020-12-18 08:36:12:775  vt_info数据表，第24次写入成功
2020-12-18 08:36:12:777  vt_info数据表，第25次写入成功
2020-12-18 08:36:12:778  vt_info数据表，第26次写入成功
2020-12-18 08:36:12:780  vt_info数据表，第27次写入成功
2020-12-18 08:36:12:781  vt_info数据表，第28次写入成功
2020-12-18 08:36:12:783  vt_info数据表，第29次写入成功
2020-12-18 08:36:12:785  vt_info数据表，第30次写入成功
2020-12-18 08:36:12:786  vt_info数据表，第31次写入成功
2020-12-18 08:36:12:788  vt_info数据表，第32次写入成功
2020-12-18 08:36:12:821  vt_info数据表，第33次写入成功
2020-12-18 08:36:12:822  vt_info数据表，第34次写入成功
2020-12-18 08:36:12:824  vt_info数据表，第35次写入成功
2020-12-18 08:36:12:826  vt_info数据表，第36次写入成功
2020-12-18 08:36:12:827  vt_info数据表，第37次写入成功
2020-12-18 08:36:12:829  vt_info数据表，第38次写入成功
2020-12-18 08:36:12:831  vt_info数据表，第39次写入成功
2020-12-18 08:36:12:832  vt_info数据表，第40次写入成功
2020-12-18 08:36:12:834  vt_info数据表，第41次写入成功
2020-12-18 08:36:12:836  vt_info数据表，第42次写入成功
2020-12-18 08:36:12:838  vt_info数据表，第43次写入成功
2020-12-18 08:36:12:839  vt_info数据表，第44次写入成功
2020-12-18 08:36:12:841  vt_info数据表，第45次写入成功
2020-12-18 08:36:12:843  vt_info数据表，第46次写入成功
2020-12-18 08:36:12:844  vt_info数据表，第47次写入成功
2020-12-18 08:36:12:846  motor_info数据表，第0次写入成功
2020-12-18 08:36:12:847  motor_info数据表，第1次写入成功
2020-12-18 08:36:12:889  motor_info数据表，第2次写入成功
2020-12-18 08:36:12:891  motor_info数据表，第3次写入成功
2020-12-18 08:36:12:892  motor_info数据表，第4次写入成功
2020-12-18 08:36:12:894  motor_info数据表，第5次写入成功
2020-12-18 08:36:12:895  motor_info数据表，第6次写入成功
2020-12-18 08:36:12:897  motor_info数据表，第7次写入成功
2020-12-18 08:36:12:898  motor_info数据表，第8次写入成功
2020-12-18 08:36:12:900  motor_info数据表，第9次写入成功
2020-12-18 08:36:12:902  motor_info数据表，第10次写入成功
2020-12-18 08:36:12:903  motor_info数据表，第11次写入成功
2020-12-18 08:36:12:905  motor_info数据表，第12次写入成功
2020-12-18 08:36:12:906  motor_info数据表，第13次写入成功
2020-12-18 08:36:12:908  motor_info数据表，第14次写入成功
2020-12-18 08:36:12:909  motor_info数据表，第15次写入成功
2020-12-18 08:36:12:911  数据库关闭！
2020-12-18 08:40:14:227  收到来车信号，流水号：20201218084014，所有设备开始采集
2020-12-18 08:40:14:295  开启A/D采集
2020-12-18 08:40:35:622  收到离车信号，流水号：20201218084014，线号：14，车号：043044，主控端：1，所有设备停止采集
2020-12-18 08:40:35:656  收到停止采集命令，开始停止采集
2020-12-18 08:40:35:694  停止采集数据
2020-12-18 08:40:35:696  采集连接已断开
2020-12-18 08:40:35:697  开始数据分析和落盘
2020-12-18 08:40:40:439  vibration1完成落盘
2020-12-18 08:40:44:634  vibration2完成落盘
2020-12-18 08:40:48:774  vibration3完成落盘
2020-12-18 08:40:52:967  vibration4完成落盘
2020-12-18 08:40:57:183  vibration5完成落盘
2020-12-18 08:41:01:328  vibration6完成落盘
2020-12-18 08:41:05:300  vibration7完成落盘
2020-12-18 08:41:09:569  vibration8完成落盘
2020-12-18 08:41:13:646  magnetic1完成落盘
2020-12-18 08:41:17:803  magnetic2完成落盘
2020-12-18 08:41:21:923  magnetic3完成落盘
2020-12-18 08:41:25:737  magnetic4完成落盘
2020-12-18 08:41:29:667  temperate1完成落盘
2020-12-18 08:41:33:654  temperate2完成落盘
2020-12-18 08:41:37:644  temperate3完成落盘
2020-12-18 08:41:41:648  temperate4完成落盘
2020-12-18 08:41:41:655  开始处理数据
2020-12-18 08:41:42:198  右侧计算完成
2020-12-18 08:41:42:652  左侧计算完成
2020-12-18 08:41:42:654  检查结果数据
2020-12-18 08:41:42:656  通知桌面显示数据
2020-12-18 08:41:42:672  开始写入数据库
2020-12-18 08:41:42:701  预警及报警参数加载完成
2020-12-18 08:41:42:703  数据库打开成功
2020-12-18 08:41:42:704  train_info数据表写入成功
2020-12-18 08:41:42:888  train_onlyid读取成功
2020-12-18 08:41:42:890  train_data数据表写入成功
2020-12-18 08:41:42:892  vt_info数据表，第0次写入成功
2020-12-18 08:41:42:893  vt_info数据表，第1次写入成功
2020-12-18 08:41:42:895  vt_info数据表，第2次写入成功
2020-12-18 08:41:42:897  vt_info数据表，第3次写入成功
2020-12-18 08:41:42:898  vt_info数据表，第4次写入成功
2020-12-18 08:41:42:900  vt_info数据表，第5次写入成功
2020-12-18 08:41:42:901  vt_info数据表，第6次写入成功
2020-12-18 08:41:42:903  vt_info数据表，第7次写入成功
2020-12-18 08:41:42:904  vt_info数据表，第8次写入成功
2020-12-18 08:41:42:906  vt_info数据表，第9次写入成功
2020-12-18 08:41:42:907  vt_info数据表，第10次写入成功
2020-12-18 08:41:42:909  vt_info数据表，第11次写入成功
2020-12-18 08:41:42:910  vt_info数据表，第12次写入成功
2020-12-18 08:41:42:912  vt_info数据表，第13次写入成功
2020-12-18 08:41:42:913  vt_info数据表，第14次写入成功
2020-12-18 08:41:42:915  vt_info数据表，第15次写入成功
2020-12-18 08:41:42:945  vt_info数据表，第16次写入成功
2020-12-18 08:41:42:947  vt_info数据表，第17次写入成功
2020-12-18 08:41:42:948  vt_info数据表，第18次写入成功
2020-12-18 08:41:42:950  vt_info数据表，第19次写入成功
2020-12-18 08:41:42:952  vt_info数据表，第20次写入成功
2020-12-18 08:41:42:953  vt_info数据表，第21次写入成功
2020-12-18 08:41:42:954  vt_info数据表，第22次写入成功
2020-12-18 08:41:42:956  vt_info数据表，第23次写入成功
2020-12-18 08:41:42:957  vt_info数据表，第24次写入成功
2020-12-18 08:41:42:959  vt_info数据表，第25次写入成功
2020-12-18 08:41:42:960  vt_info数据表，第26次写入成功
2020-12-18 08:41:42:962  vt_info数据表，第27次写入成功
2020-12-18 08:41:42:963  vt_info数据表，第28次写入成功
2020-12-18 08:41:42:965  vt_info数据表，第29次写入成功
2020-12-18 08:41:42:966  vt_info数据表，第30次写入成功
2020-12-18 08:41:42:968  vt_info数据表，第31次写入成功
2020-12-18 08:41:42:998  vt_info数据表，第32次写入成功
2020-12-18 08:41:43:000  vt_info数据表，第33次写入成功
2020-12-18 08:41:43:001  vt_info数据表，第34次写入成功
2020-12-18 08:41:43:003  vt_info数据表，第35次写入成功
2020-12-18 08:41:43:004  vt_info数据表，第36次写入成功
2020-12-18 08:41:43:006  vt_info数据表，第37次写入成功
2020-12-18 08:41:43:007  vt_info数据表，第38次写入成功
2020-12-18 08:41:43:009  vt_info数据表，第39次写入成功
2020-12-18 08:41:43:011  vt_info数据表，第40次写入成功
2020-12-18 08:41:43:012  vt_info数据表，第41次写入成功
2020-12-18 08:41:43:013  vt_info数据表，第42次写入成功
2020-12-18 08:41:43:015  vt_info数据表，第43次写入成功
2020-12-18 08:41:43:016  vt_info数据表，第44次写入成功
2020-12-18 08:41:43:018  vt_info数据表，第45次写入成功
2020-12-18 08:41:43:057  vt_info数据表，第46次写入成功
2020-12-18 08:41:43:058  vt_info数据表，第47次写入成功
2020-12-18 08:41:43:060  motor_info数据表，第0次写入成功
2020-12-18 08:41:43:061  motor_info数据表，第1次写入成功
2020-12-18 08:41:43:063  motor_info数据表，第2次写入成功
2020-12-18 08:41:43:064  motor_info数据表，第3次写入成功
2020-12-18 08:41:43:065  motor_info数据表，第4次写入成功
2020-12-18 08:41:43:067  motor_info数据表，第5次写入成功
2020-12-18 08:41:43:068  motor_info数据表，第6次写入成功
2020-12-18 08:41:43:070  motor_info数据表，第7次写入成功
2020-12-18 08:41:43:072  motor_info数据表，第8次写入成功
2020-12-18 08:41:43:073  motor_info数据表，第9次写入成功
2020-12-18 08:41:43:074  motor_info数据表，第10次写入成功
2020-12-18 08:41:43:076  motor_info数据表，第11次写入成功
2020-12-18 08:41:43:077  motor_info数据表，第12次写入成功
2020-12-18 08:41:43:079  motor_info数据表，第13次写入成功
2020-12-18 08:41:43:080  motor_info数据表，第14次写入成功
2020-12-18 08:41:43:082  motor_info数据表，第15次写入成功
2020-12-18 08:41:43:083  数据库关闭！
2020-12-18 08:44:30:831  收到来车信号，流水号：20201218084430，所有设备开始采集
2020-12-18 08:44:30:899  开启A/D采集
2020-12-18 08:44:52:223  收到离车信号，流水号：20201218084430，线号：14，车号：049050，主控端：0，所有设备停止采集
2020-12-18 08:44:52:258  收到停止采集命令，开始停止采集
2020-12-18 08:44:52:343  停止采集数据
2020-12-18 08:44:52:345  采集连接已断开
2020-12-18 08:44:52:346  开始数据分析和落盘
2020-12-18 08:44:57:181  vibration1完成落盘
2020-12-18 08:45:01:400  vibration2完成落盘
2020-12-18 08:45:05:624  vibration3完成落盘
2020-12-18 08:45:09:831  vibration4完成落盘
2020-12-18 08:45:13:980  vibration5完成落盘
2020-12-18 08:45:18:218  vibration6完成落盘
2020-12-18 08:45:22:346  vibration7完成落盘
2020-12-18 08:45:26:531  vibration8完成落盘
2020-12-18 08:45:30:783  magnetic1完成落盘
2020-12-18 08:45:34:935  magnetic2完成落盘
2020-12-18 08:45:39:161  magnetic3完成落盘
2020-12-18 08:45:43:369  magnetic4完成落盘
2020-12-18 08:45:47:360  temperate1完成落盘
2020-12-18 08:45:51:348  temperate2完成落盘
2020-12-18 08:45:55:395  temperate3完成落盘
2020-12-18 08:45:59:390  temperate4完成落盘
2020-12-18 08:45:59:398  开始处理数据
2020-12-18 08:45:59:969  右侧计算完成
2020-12-18 08:46:00:433  左侧计算完成
2020-12-18 08:46:00:434  检查结果数据
2020-12-18 08:46:00:436  通知桌面显示数据
2020-12-18 08:46:00:452  开始写入数据库
2020-12-18 08:46:00:481  预警及报警参数加载完成
2020-12-18 08:46:00:483  数据库打开成功
2020-12-18 08:46:00:484  train_info数据表写入成功
2020-12-18 08:46:00:676  train_onlyid读取成功
2020-12-18 08:46:00:678  train_data数据表写入成功
2020-12-18 08:46:00:680  vt_info数据表，第0次写入成功
2020-12-18 08:46:00:682  vt_info数据表，第1次写入成功
2020-12-18 08:46:00:683  vt_info数据表，第2次写入成功
2020-12-18 08:46:00:685  vt_info数据表，第3次写入成功
2020-12-18 08:46:00:686  vt_info数据表，第4次写入成功
2020-12-18 08:46:00:688  vt_info数据表，第5次写入成功
2020-12-18 08:46:00:689  vt_info数据表，第6次写入成功
2020-12-18 08:46:00:691  vt_info数据表，第7次写入成功
2020-12-18 08:46:00:692  vt_info数据表，第8次写入成功
2020-12-18 08:46:00:694  vt_info数据表，第9次写入成功
2020-12-18 08:46:00:695  vt_info数据表，第10次写入成功
2020-12-18 08:46:00:697  vt_info数据表，第11次写入成功
2020-12-18 08:46:00:699  vt_info数据表，第12次写入成功
2020-12-18 08:46:00:700  vt_info数据表，第13次写入成功
2020-12-18 08:46:00:702  vt_info数据表，第14次写入成功
2020-12-18 08:46:00:703  vt_info数据表，第15次写入成功
2020-12-18 08:46:00:769  vt_info数据表，第16次写入成功
2020-12-18 08:46:00:770  vt_info数据表，第17次写入成功
2020-12-18 08:46:00:772  vt_info数据表，第18次写入成功
2020-12-18 08:46:00:773  vt_info数据表，第19次写入成功
2020-12-18 08:46:00:775  vt_info数据表，第20次写入成功
2020-12-18 08:46:00:776  vt_info数据表，第21次写入成功
2020-12-18 08:46:00:778  vt_info数据表，第22次写入成功
2020-12-18 08:46:00:780  vt_info数据表，第23次写入成功
2020-12-18 08:46:00:781  vt_info数据表，第24次写入成功
2020-12-18 08:46:00:783  vt_info数据表，第25次写入成功
2020-12-18 08:46:00:784  vt_info数据表，第26次写入成功
2020-12-18 08:46:00:786  vt_info数据表，第27次写入成功
2020-12-18 08:46:00:787  vt_info数据表，第28次写入成功
2020-12-18 08:46:00:789  vt_info数据表，第29次写入成功
2020-12-18 08:46:00:791  vt_info数据表，第30次写入成功
2020-12-18 08:46:00:792  vt_info数据表，第31次写入成功
2020-12-18 08:46:00:835  vt_info数据表，第32次写入成功
2020-12-18 08:46:00:837  vt_info数据表，第33次写入成功
2020-12-18 08:46:00:839  vt_info数据表，第34次写入成功
2020-12-18 08:46:00:841  vt_info数据表，第35次写入成功
2020-12-18 08:46:00:842  vt_info数据表，第36次写入成功
2020-12-18 08:46:00:844  vt_info数据表，第37次写入成功
2020-12-18 08:46:00:845  vt_info数据表，第38次写入成功
2020-12-18 08:46:00:847  vt_info数据表，第39次写入成功
2020-12-18 08:46:00:848  vt_info数据表，第40次写入成功
2020-12-18 08:46:00:850  vt_info数据表，第41次写入成功
2020-12-18 08:46:00:851  vt_info数据表，第42次写入成功
2020-12-18 08:46:00:853  vt_info数据表，第43次写入成功
2020-12-18 08:46:00:854  vt_info数据表，第44次写入成功
2020-12-18 08:46:00:856  vt_info数据表，第45次写入成功
2020-12-18 08:46:00:858  vt_info数据表，第46次写入成功
2020-12-18 08:46:00:911  vt_info数据表，第47次写入成功
2020-12-18 08:46:00:913  motor_info数据表，第0次写入成功
2020-12-18 08:46:00:914  motor_info数据表，第1次写入成功
2020-12-18 08:46:00:916  motor_info数据表，第2次写入成功
2020-12-18 08:46:00:917  motor_info数据表，第3次写入成功
2020-12-18 08:46:00:919  motor_info数据表，第4次写入成功
2020-12-18 08:46:00:920  motor_info数据表，第5次写入成功
2020-12-18 08:46:00:922  motor_info数据表，第6次写入成功
2020-12-18 08:46:00:923  motor_info数据表，第7次写入成功
2020-12-18 08:46:00:925  motor_info数据表，第8次写入成功
2020-12-18 08:46:00:926  motor_info数据表，第9次写入成功
2020-12-18 08:46:00:928  motor_info数据表，第10次写入成功
2020-12-18 08:46:00:929  motor_info数据表，第11次写入成功
2020-12-18 08:46:00:931  motor_info数据表，第12次写入成功
2020-12-18 08:46:00:932  motor_info数据表，第13次写入成功
2020-12-18 08:46:00:934  motor_info数据表，第14次写入成功
2020-12-18 08:46:00:935  motor_info数据表，第15次写入成功
2020-12-18 08:46:00:937  数据库关闭！
2020-12-18 08:50:49:831  收到来车信号，流水号：20201218085049，所有设备开始采集
2020-12-18 08:50:49:929  开启A/D采集
2020-12-18 08:51:11:224  收到离车信号，流水号：20201218085049，线号：14，车号：039040，主控端：0，所有设备停止采集
2020-12-18 08:51:11:259  收到停止采集命令，开始停止采集
2020-12-18 08:51:11:319  停止采集数据
2020-12-18 08:51:11:321  采集连接已断开
2020-12-18 08:51:11:323  开始数据分析和落盘
2020-12-18 08:51:15:422  vibration1完成落盘
2020-12-18 08:51:19:041  vibration2完成落盘
2020-12-18 08:51:22:530  vibration3完成落盘
2020-12-18 08:51:25:966  vibration4完成落盘
2020-12-18 08:51:29:449  vibration5完成落盘
2020-12-18 08:51:32:620  vibration6完成落盘
2020-12-18 08:51:35:806  vibration7完成落盘
2020-12-18 08:51:39:092  vibration8完成落盘
2020-12-18 08:51:42:177  magnetic1完成落盘
2020-12-18 08:51:45:943  magnetic2完成落盘
2020-12-18 08:51:49:923  magnetic3完成落盘
2020-12-18 08:51:53:291  magnetic4完成落盘
2020-12-18 08:51:56:926  temperate1完成落盘
2020-12-18 08:52:00:644  temperate2完成落盘
2020-12-18 08:52:03:663  temperate3完成落盘
2020-12-18 08:52:06:588  temperate4完成落盘
2020-12-18 08:52:06:596  开始处理数据
2020-12-18 08:52:07:114  右侧计算完成
2020-12-18 08:52:07:575  左侧计算完成
2020-12-18 08:52:07:576  检查结果数据
2020-12-18 08:52:07:578  通知桌面显示数据
2020-12-18 08:52:07:594  开始写入数据库
2020-12-18 08:52:07:623  预警及报警参数加载完成
2020-12-18 08:52:07:624  数据库打开成功
2020-12-18 08:52:07:626  train_info数据表写入成功
2020-12-18 08:52:07:818  train_onlyid读取成功
2020-12-18 08:52:07:819  train_data数据表写入成功
2020-12-18 08:52:07:821  vt_info数据表，第0次写入成功
2020-12-18 08:52:07:823  vt_info数据表，第1次写入成功
2020-12-18 08:52:07:824  vt_info数据表，第2次写入成功
2020-12-18 08:52:07:826  vt_info数据表，第3次写入成功
2020-12-18 08:52:07:827  vt_info数据表，第4次写入成功
2020-12-18 08:52:07:829  vt_info数据表，第5次写入成功
2020-12-18 08:52:07:830  vt_info数据表，第6次写入成功
2020-12-18 08:52:07:832  vt_info数据表，第7次写入成功
2020-12-18 08:52:07:833  vt_info数据表，第8次写入成功
2020-12-18 08:52:07:835  vt_info数据表，第9次写入成功
2020-12-18 08:52:07:837  vt_info数据表，第10次写入成功
2020-12-18 08:52:07:838  vt_info数据表，第11次写入成功
2020-12-18 08:52:07:840  vt_info数据表，第12次写入成功
2020-12-18 08:52:07:841  vt_info数据表，第13次写入成功
2020-12-18 08:52:07:843  vt_info数据表，第14次写入成功
2020-12-18 08:52:07:844  vt_info数据表，第15次写入成功
2020-12-18 08:52:07:846  vt_info数据表，第16次写入成功
2020-12-18 08:52:07:914  vt_info数据表，第17次写入成功
2020-12-18 08:52:07:916  vt_info数据表，第18次写入成功
2020-12-18 08:52:07:917  vt_info数据表，第19次写入成功
2020-12-18 08:52:07:919  vt_info数据表，第20次写入成功
2020-12-18 08:52:07:921  vt_info数据表，第21次写入成功
2020-12-18 08:52:07:922  vt_info数据表，第22次写入成功
2020-12-18 08:52:07:924  vt_info数据表，第23次写入成功
2020-12-18 08:52:07:925  vt_info数据表，第24次写入成功
2020-12-18 08:52:07:927  vt_info数据表，第25次写入成功
2020-12-18 08:52:07:929  vt_info数据表，第26次写入成功
2020-12-18 08:52:07:930  vt_info数据表，第27次写入成功
2020-12-18 08:52:07:932  vt_info数据表，第28次写入成功
2020-12-18 08:52:07:933  vt_info数据表，第29次写入成功
2020-12-18 08:52:07:935  vt_info数据表，第30次写入成功
2020-12-18 08:52:07:937  vt_info数据表，第31次写入成功
2020-12-18 08:52:07:938  vt_info数据表，第32次写入成功
2020-12-18 08:52:07:980  vt_info数据表，第33次写入成功
2020-12-18 08:52:07:982  vt_info数据表，第34次写入成功
2020-12-18 08:52:07:984  vt_info数据表，第35次写入成功
2020-12-18 08:52:07:985  vt_info数据表，第36次写入成功
2020-12-18 08:52:07:987  vt_info数据表，第37次写入成功
2020-12-18 08:52:07:988  vt_info数据表，第38次写入成功
2020-12-18 08:52:07:990  vt_info数据表，第39次写入成功
2020-12-18 08:52:07:992  vt_info数据表，第40次写入成功
2020-12-18 08:52:07:994  vt_info数据表，第41次写入成功
2020-12-18 08:52:07:995  vt_info数据表，第42次写入成功
2020-12-18 08:52:07:997  vt_info数据表，第43次写入成功
2020-12-18 08:52:07:999  vt_info数据表，第44次写入成功
2020-12-18 08:52:08:000  vt_info数据表，第45次写入成功
2020-12-18 08:52:08:002  vt_info数据表，第46次写入成功
2020-12-18 08:52:08:004  vt_info数据表，第47次写入成功
2020-12-18 08:52:08:005  motor_info数据表，第0次写入成功
2020-12-18 08:52:08:007  motor_info数据表，第1次写入成功
2020-12-18 08:52:08:059  motor_info数据表，第2次写入成功
2020-12-18 08:52:08:061  motor_info数据表，第3次写入成功
2020-12-18 08:52:08:063  motor_info数据表，第4次写入成功
2020-12-18 08:52:08:064  motor_info数据表，第5次写入成功
2020-12-18 08:52:08:066  motor_info数据表，第6次写入成功
2020-12-18 08:52:08:067  motor_info数据表，第7次写入成功
2020-12-18 08:52:08:069  motor_info数据表，第8次写入成功
2020-12-18 08:52:08:070  motor_info数据表，第9次写入成功
2020-12-18 08:52:08:073  motor_info数据表，第10次写入成功
2020-12-18 08:52:08:074  motor_info数据表，第11次写入成功
2020-12-18 08:52:08:076  motor_info数据表，第12次写入成功
2020-12-18 08:52:08:077  motor_info数据表，第13次写入成功
2020-12-18 08:52:08:079  motor_info数据表，第14次写入成功
2020-12-18 08:52:08:080  motor_info数据表，第15次写入成功
2020-12-18 08:52:08:082  数据库关闭！
2020-12-18 08:59:02:623  收到来车信号，流水号：20201218085902，所有设备开始采集
2020-12-18 08:59:02:690  开启A/D采集
2020-12-18 08:59:24:118  收到离车信号，流水号：20201218085902，线号：14，车号：031032，主控端：1，所有设备停止采集
2020-12-18 08:59:24:152  收到停止采集命令，开始停止采集
2020-12-18 08:59:24:188  停止采集数据
2020-12-18 08:59:24:190  采集连接已断开
2020-12-18 08:59:24:192  开始数据分析和落盘
2020-12-18 08:59:28:983  vibration1完成落盘
2020-12-18 08:59:33:070  vibration2完成落盘
2020-12-18 08:59:37:250  vibration3完成落盘
2020-12-18 08:59:41:477  vibration4完成落盘
2020-12-18 08:59:45:657  vibration5完成落盘
2020-12-18 08:59:49:822  vibration6完成落盘
2020-12-18 08:59:54:014  vibration7完成落盘
2020-12-18 08:59:58:190  vibration8完成落盘
