2020-12-21 11:06:14:038  磁钢信号预处理完成，位置标记：1
2020-12-21 11:06:14:050  温度分轮成功，分轮数尺度为：48
2020-12-21 11:06:14:063  轴承端盖温度特征值计算完成, 位置标记：1
2020-12-21 11:06:14:072  电机温度计算完成, 位置标记：1
2020-12-21 11:06:14:075  电机温度计算完成, 位置标记：1
2020-12-21 11:06:14:079  电机温度计算完成, 位置标记：1
2020-12-21 11:06:14:082  电机温度计算完成, 位置标记：1
2020-12-21 11:06:14:085  电机温度计算完成, 位置标记：1
2020-12-21 11:06:14:089  电机温度计算完成, 位置标记：1
2020-12-21 11:06:14:092  电机温度计算完成, 位置标记：1
2020-12-21 11:06:14:097  电机温度计算完成, 位置标记：1
2020-12-21 11:06:14:098  车速为：70.6485位置标记为：1
2020-12-21 11:06:14:118  振动分轮计算完成, 位置标记：1
2020-12-21 11:06:14:442  振动特征值计算完成, 位置标记：1
2020-12-21 11:06:14:488  磁钢信号预处理完成，位置标记：0
2020-12-21 11:06:14:499  温度分轮成功，分轮数尺度为：48
2020-12-21 11:06:14:512  轴承端盖温度特征值计算完成, 位置标记：0
2020-12-21 11:06:14:521  电机温度计算完成, 位置标记：0
2020-12-21 11:06:14:524  电机温度计算完成, 位置标记：0
2020-12-21 11:06:14:527  电机温度计算完成, 位置标记：0
2020-12-21 11:06:14:531  电机温度计算完成, 位置标记：0
2020-12-21 11:06:14:534  电机温度计算完成, 位置标记：0
2020-12-21 11:06:14:537  电机温度计算完成, 位置标记：0
2020-12-21 11:06:14:541  电机温度计算完成, 位置标记：0
2020-12-21 11:06:14:544  电机温度计算完成, 位置标记：0
2020-12-21 11:06:14:545  车速为：70.6485位置标记为：0
2020-12-21 11:06:14:565  振动分轮计算完成, 位置标记：0
2020-12-21 11:06:14:892  振动特征值计算完成, 位置标记：0
2020-12-21 11:10:27:173  磁钢信号预处理完成，位置标记：1
2020-12-21 11:10:27:184  温度分轮成功，分轮数尺度为：48
2020-12-21 11:10:27:198  轴承端盖温度特征值计算完成, 位置标记：1
2020-12-21 11:10:27:207  电机温度计算完成, 位置标记：1
2020-12-21 11:10:27:210  电机温度计算完成, 位置标记：1
2020-12-21 11:10:27:214  电机温度计算完成, 位置标记：1
2020-12-21 11:10:27:217  电机温度计算完成, 位置标记：1
2020-12-21 11:10:27:221  电机温度计算完成, 位置标记：1
2020-12-21 11:10:27:224  电机温度计算完成, 位置标记：1
2020-12-21 11:10:27:228  电机温度计算完成, 位置标记：1
2020-12-21 11:10:27:232  电机温度计算完成, 位置标记：1
2020-12-21 11:10:27:232  车速为：79.0831位置标记为：1
2020-12-21 11:10:27:253  振动分轮计算完成, 位置标记：1
2020-12-21 11:10:27:592  振动特征值计算完成, 位置标记：1
2020-12-21 11:10:27:641  磁钢信号预处理完成，位置标记：0
2020-12-21 11:10:27:652  温度分轮成功，分轮数尺度为：48
2020-12-21 11:10:27:664  轴承端盖温度特征值计算完成, 位置标记：0
2020-12-21 11:10:27:672  电机温度计算完成, 位置标记：0
2020-12-21 11:10:27:675  电机温度计算完成, 位置标记：0
2020-12-21 11:10:27:678  电机温度计算完成, 位置标记：0
2020-12-21 11:10:27:682  电机温度计算完成, 位置标记：0
2020-12-21 11:10:27:685  电机温度计算完成, 位置标记：0
2020-12-21 11:10:27:688  电机温度计算完成, 位置标记：0
2020-12-21 11:10:27:692  电机温度计算完成, 位置标记：0
2020-12-21 11:10:27:695  电机温度计算完成, 位置标记：0
2020-12-21 11:10:27:696  车速为：79.0831位置标记为：0
2020-12-21 11:10:27:715  振动分轮计算完成, 位置标记：0
2020-12-21 11:10:27:992  振动特征值计算完成, 位置标记：0
2020-12-21 11:19:09:407  磁钢信号预处理完成，位置标记：1
2020-12-21 11:19:09:418  温度分轮成功，分轮数尺度为：48
2020-12-21 11:19:09:431  轴承端盖温度特征值计算完成, 位置标记：1
2020-12-21 11:19:09:440  电机温度计算完成, 位置标记：1
2020-12-21 11:19:09:444  电机温度计算完成, 位置标记：1
2020-12-21 11:19:09:448  电机温度计算完成, 位置标记：1
2020-12-21 11:19:09:451  电机温度计算完成, 位置标记：1
2020-12-21 11:19:09:455  电机温度计算完成, 位置标记：1
2020-12-21 11:19:09:458  电机温度计算完成, 位置标记：1
2020-12-21 11:19:09:462  电机温度计算完成, 位置标记：1
2020-12-21 11:19:09:465  电机温度计算完成, 位置标记：1
2020-12-21 11:19:09:466  车速为：79.0831位置标记为：1
2020-12-21 11:19:09:487  振动分轮计算完成, 位置标记：1
2020-12-21 11:19:09:804  振动特征值计算完成, 位置标记：1
2020-12-21 11:19:09:852  磁钢信号预处理完成，位置标记：0
2020-12-21 11:19:09:863  温度分轮成功，分轮数尺度为：48
2020-12-21 11:19:09:876  轴承端盖温度特征值计算完成, 位置标记：0
2020-12-21 11:19:09:885  电机温度计算完成, 位置标记：0
2020-12-21 11:19:09:889  电机温度计算完成, 位置标记：0
2020-12-21 11:19:09:892  电机温度计算完成, 位置标记：0
2020-12-21 11:19:09:896  电机温度计算完成, 位置标记：0
2020-12-21 11:19:09:899  电机温度计算完成, 位置标记：0
2020-12-21 11:19:09:903  电机温度计算完成, 位置标记：0
2020-12-21 11:19:09:906  电机温度计算完成, 位置标记：0
2020-12-21 11:19:09:910  电机温度计算完成, 位置标记：0
2020-12-21 11:19:09:911  车速为：79.0831位置标记为：0
2020-12-21 11:19:09:932  振动分轮计算完成, 位置标记：0
2020-12-21 11:19:10:272  振动特征值计算完成, 位置标记：0
2020-12-21 11:29:19:693  磁钢信号预处理完成，位置标记：1
2020-12-21 11:29:19:704  温度分轮成功，分轮数尺度为：48
2020-12-21 11:29:19:717  轴承端盖温度特征值计算完成, 位置标记：1
2020-12-21 11:29:19:726  电机温度计算完成, 位置标记：1
2020-12-21 11:29:19:730  电机温度计算完成, 位置标记：1
2020-12-21 11:29:19:733  电机温度计算完成, 位置标记：1
2020-12-21 11:29:19:737  电机温度计算完成, 位置标记：1
2020-12-21 11:29:19:740  电机温度计算完成, 位置标记：1
2020-12-21 11:29:19:745  电机温度计算完成, 位置标记：1
2020-12-21 11:29:19:749  电机温度计算完成, 位置标记：1
2020-12-21 11:29:19:753  电机温度计算完成, 位置标记：1
2020-12-21 11:29:19:753  车速为：79.0831位置标记为：1
2020-12-21 11:29:19:774  振动分轮计算完成, 位置标记：1
2020-12-21 11:29:20:107  振动特征值计算完成, 位置标记：1
2020-12-21 11:29:20:153  磁钢信号预处理完成，位置标记：0
2020-12-21 11:29:20:165  温度分轮成功，分轮数尺度为：48
2020-12-21 11:29:20:178  轴承端盖温度特征值计算完成, 位置标记：0
2020-12-21 11:29:20:187  电机温度计算完成, 位置标记：0
2020-12-21 11:29:20:190  电机温度计算完成, 位置标记：0
2020-12-21 11:29:20:194  电机温度计算完成, 位置标记：0
2020-12-21 11:29:20:197  电机温度计算完成, 位置标记：0
2020-12-21 11:29:20:201  电机温度计算完成, 位置标记：0
2020-12-21 11:29:20:204  电机温度计算完成, 位置标记：0
2020-12-21 11:29:20:208  电机温度计算完成, 位置标记：0
2020-12-21 11:29:20:211  电机温度计算完成, 位置标记：0
2020-12-21 11:29:20:212  车速为：79.0831位置标记为：0
2020-12-21 11:29:20:233  振动分轮计算完成, 位置标记：0
2020-12-21 11:29:20:571  振动特征值计算完成, 位置标记：0
2020-12-21 11:38:50:557  磁钢信号预处理完成，位置标记：1
2020-12-21 11:38:50:568  温度分轮成功，分轮数尺度为：48
2020-12-21 11:38:50:580  轴承端盖温度特征值计算完成, 位置标记：1
2020-12-21 11:38:50:588  电机温度计算完成, 位置标记：1
2020-12-21 11:38:50:592  电机温度计算完成, 位置标记：1
2020-12-21 11:38:50:595  电机温度计算完成, 位置标记：1
2020-12-21 11:38:50:598  电机温度计算完成, 位置标记：1
2020-12-21 11:38:50:602  电机温度计算完成, 位置标记：1
2020-12-21 11:38:50:607  电机温度计算完成, 位置标记：1
2020-12-21 11:38:50:611  电机温度计算完成, 位置标记：1
2020-12-21 11:38:50:614  电机温度计算完成, 位置标记：1
2020-12-21 11:38:50:615  车速为：79.1587位置标记为：1
2020-12-21 11:38:50:636  振动分轮计算完成, 位置标记：1
2020-12-21 11:38:50:966  振动特征值计算完成, 位置标记：1
2020-12-21 11:38:51:012  磁钢信号预处理完成，位置标记：0
2020-12-21 11:38:51:023  温度分轮成功，分轮数尺度为：48
2020-12-21 11:38:51:034  轴承端盖温度特征值计算完成, 位置标记：0
2020-12-21 11:38:51:042  电机温度计算完成, 位置标记：0
2020-12-21 11:38:51:045  电机温度计算完成, 位置标记：0
2020-12-21 11:38:51:048  电机温度计算完成, 位置标记：0
2020-12-21 11:38:51:052  电机温度计算完成, 位置标记：0
2020-12-21 11:38:51:055  电机温度计算完成, 位置标记：0
2020-12-21 11:38:51:059  电机温度计算完成, 位置标记：0
2020-12-21 11:38:51:062  电机温度计算完成, 位置标记：0
2020-12-21 11:38:51:066  电机温度计算完成, 位置标记：0
2020-12-21 11:38:51:067  车速为：79.1587位置标记为：0
2020-12-21 11:38:51:088  振动分轮计算完成, 位置标记：0
2020-12-21 11:38:51:424  振动特征值计算完成, 位置标记：0
2020-12-21 11:45:31:835  磁钢信号预处理完成，位置标记：1
2020-12-21 11:45:31:846  温度分轮成功，分轮数尺度为：48
2020-12-21 11:45:31:859  轴承端盖温度特征值计算完成, 位置标记：1
2020-12-21 11:45:31:868  电机温度计算完成, 位置标记：1
2020-12-21 11:45:31:872  电机温度计算完成, 位置标记：1
2020-12-21 11:45:31:875  电机温度计算完成, 位置标记：1
2020-12-21 11:45:31:879  电机温度计算完成, 位置标记：1
2020-12-21 11:45:31:882  电机温度计算完成, 位置标记：1
2020-12-21 11:45:31:886  电机温度计算完成, 位置标记：1
2020-12-21 11:45:31:889  电机温度计算完成, 位置标记：1
2020-12-21 11:45:31:893  电机温度计算完成, 位置标记：1
2020-12-21 11:45:31:894  车速为：78.7821位置标记为：1
2020-12-21 11:45:31:915  振动分轮计算完成, 位置标记：1
2020-12-21 11:45:32:241  振动特征值计算完成, 位置标记：1
2020-12-21 11:45:32:289  磁钢信号预处理完成，位置标记：0
2020-12-21 11:45:32:300  温度分轮成功，分轮数尺度为：48
2020-12-21 11:45:32:313  轴承端盖温度特征值计算完成, 位置标记：0
2020-12-21 11:45:32:321  电机温度计算完成, 位置标记：0
2020-12-21 11:45:32:325  电机温度计算完成, 位置标记：0
2020-12-21 11:45:32:328  电机温度计算完成, 位置标记：0
2020-12-21 11:45:32:332  电机温度计算完成, 位置标记：0
2020-12-21 11:45:32:335  电机温度计算完成, 位置标记：0
2020-12-21 11:45:32:339  电机温度计算完成, 位置标记：0
2020-12-21 11:45:32:342  电机温度计算完成, 位置标记：0
2020-12-21 11:45:32:345  电机温度计算完成, 位置标记：0
2020-12-21 11:45:32:346  车速为：78.7821位置标记为：0
2020-12-21 11:45:32:367  振动分轮计算完成, 位置标记：0
2020-12-21 11:45:32:666  振动特征值计算完成, 位置标记：0
2020-12-21 11:49:17:544  磁钢信号预处理完成，位置标记：1
2020-12-21 11:49:17:555  温度分轮成功，分轮数尺度为：48
2020-12-21 11:49:17:568  轴承端盖温度特征值计算完成, 位置标记：1
2020-12-21 11:49:17:577  电机温度计算完成, 位置标记：1
2020-12-21 11:49:17:580  电机温度计算完成, 位置标记：1
2020-12-21 11:49:17:584  电机温度计算完成, 位置标记：1
2020-12-21 11:49:17:588  电机温度计算完成, 位置标记：1
2020-12-21 11:49:17:591  电机温度计算完成, 位置标记：1
2020-12-21 11:49:17:595  电机温度计算完成, 位置标记：1
2020-12-21 11:49:17:600  电机温度计算完成, 位置标记：1
2020-12-21 11:49:17:604  电机温度计算完成, 位置标记：1
2020-12-21 11:49:17:605  车速为：79.0076位置标记为：1
2020-12-21 11:49:17:626  振动分轮计算完成, 位置标记：1
2020-12-21 11:49:17:964  振动特征值计算完成, 位置标记：1
2020-12-21 11:49:18:010  磁钢信号预处理完成，位置标记：0
2020-12-21 11:49:18:021  温度分轮成功，分轮数尺度为：48
2020-12-21 11:49:18:034  轴承端盖温度特征值计算完成, 位置标记：0
2020-12-21 11:49:18:043  电机温度计算完成, 位置标记：0
2020-12-21 11:49:18:046  电机温度计算完成, 位置标记：0
2020-12-21 11:49:18:050  电机温度计算完成, 位置标记：0
2020-12-21 11:49:18:053  电机温度计算完成, 位置标记：0
2020-12-21 11:49:18:057  电机温度计算完成, 位置标记：0
2020-12-21 11:49:18:060  电机温度计算完成, 位置标记：0
2020-12-21 11:49:18:064  电机温度计算完成, 位置标记：0
2020-12-21 11:49:18:067  电机温度计算完成, 位置标记：0
2020-12-21 11:49:18:068  车速为：79.0076位置标记为：0
2020-12-21 11:49:18:089  振动分轮计算完成, 位置标记：0
2020-12-21 11:49:18:395  振动特征值计算完成, 位置标记：0
2020-12-21 11:58:27:510  磁钢信号预处理完成，位置标记：1
2020-12-21 11:58:27:522  温度分轮成功，分轮数尺度为：48
2020-12-21 11:58:27:535  轴承端盖温度特征值计算完成, 位置标记：1
2020-12-21 11:58:27:543  电机温度计算完成, 位置标记：1
2020-12-21 11:58:27:546  电机温度计算完成, 位置标记：1
2020-12-21 11:58:27:550  电机温度计算完成, 位置标记：1
2020-12-21 11:58:27:553  电机温度计算完成, 位置标记：1
2020-12-21 11:58:27:557  电机温度计算完成, 位置标记：1
2020-12-21 11:58:27:560  电机温度计算完成, 位置标记：1
2020-12-21 11:58:27:564  电机温度计算完成, 位置标记：1
2020-12-21 11:58:27:570  电机温度计算完成, 位置标记：1
2020-12-21 11:58:27:570  车速为：79.0076位置标记为：1
2020-12-21 11:58:27:591  振动分轮计算完成, 位置标记：1
2020-12-21 11:58:27:929  振动特征值计算完成, 位置标记：1
2020-12-21 11:58:27:975  磁钢信号预处理完成，位置标记：0
2020-12-21 11:58:27:986  温度分轮成功，分轮数尺度为：48
2020-12-21 11:58:27:999  轴承端盖温度特征值计算完成, 位置标记：0
2020-12-21 11:58:28:007  电机温度计算完成, 位置标记：0
2020-12-21 11:58:28:011  电机温度计算完成, 位置标记：0
2020-12-21 11:58:28:014  电机温度计算完成, 位置标记：0
2020-12-21 11:58:28:018  电机温度计算完成, 位置标记：0
2020-12-21 11:58:28:021  电机温度计算完成, 位置标记：0
2020-12-21 11:58:28:025  电机温度计算完成, 位置标记：0
2020-12-21 11:58:28:028  电机温度计算完成, 位置标记：0
2020-12-21 11:58:28:032  电机温度计算完成, 位置标记：0
2020-12-21 11:58:28:033  车速为：79.0076位置标记为：0
2020-12-21 11:58:28:054  振动分轮计算完成, 位置标记：0
2020-12-21 11:58:28:390  振动特征值计算完成, 位置标记：0
