2020-12-21 07:03:50:481  磁钢信号预处理完成，位置标记：1
2020-12-21 07:03:50:493  温度分轮成功，分轮数尺度为：48
2020-12-21 07:03:50:507  轴承端盖温度特征值计算完成, 位置标记：1
2020-12-21 07:03:50:517  电机温度计算完成, 位置标记：1
2020-12-21 07:03:50:521  电机温度计算完成, 位置标记：1
2020-12-21 07:03:50:524  电机温度计算完成, 位置标记：1
2020-12-21 07:03:50:528  电机温度计算完成, 位置标记：1
2020-12-21 07:03:50:531  电机温度计算完成, 位置标记：1
2020-12-21 07:03:50:534  电机温度计算完成, 位置标记：1
2020-12-21 07:03:50:538  电机温度计算完成, 位置标记：1
2020-12-21 07:03:50:542  电机温度计算完成, 位置标记：1
2020-12-21 07:03:50:542  车速为：67.5367位置标记为：1
2020-12-21 07:03:50:564  振动分轮计算完成, 位置标记：1
2020-12-21 07:03:50:897  振动特征值计算完成, 位置标记：1
2020-12-21 07:03:50:943  磁钢信号预处理完成，位置标记：0
2020-12-21 07:03:50:955  温度分轮成功，分轮数尺度为：48
2020-12-21 07:03:50:969  轴承端盖温度特征值计算完成, 位置标记：0
2020-12-21 07:03:50:979  电机温度计算完成, 位置标记：0
2020-12-21 07:03:50:983  电机温度计算完成, 位置标记：0
2020-12-21 07:03:50:986  电机温度计算完成, 位置标记：0
2020-12-21 07:03:50:990  电机温度计算完成, 位置标记：0
2020-12-21 07:03:50:993  电机温度计算完成, 位置标记：0
2020-12-21 07:03:50:997  电机温度计算完成, 位置标记：0
2020-12-21 07:03:51:000  电机温度计算完成, 位置标记：0
2020-12-21 07:03:51:003  电机温度计算完成, 位置标记：0
2020-12-21 07:03:51:004  车速为：67.5367位置标记为：0
2020-12-21 07:03:51:025  振动分轮计算完成, 位置标记：0
2020-12-21 07:03:51:358  振动特征值计算完成, 位置标记：0
2020-12-21 07:07:44:899  磁钢信号预处理完成，位置标记：1
2020-12-21 07:07:44:911  温度分轮成功，分轮数尺度为：48
2020-12-21 07:07:44:924  轴承端盖温度特征值计算完成, 位置标记：1
2020-12-21 07:07:44:933  电机温度计算完成, 位置标记：1
2020-12-21 07:07:44:936  电机温度计算完成, 位置标记：1
2020-12-21 07:07:44:940  电机温度计算完成, 位置标记：1
2020-12-21 07:07:44:943  电机温度计算完成, 位置标记：1
2020-12-21 07:07:44:946  电机温度计算完成, 位置标记：1
2020-12-21 07:07:44:950  电机温度计算完成, 位置标记：1
2020-12-21 07:07:44:955  电机温度计算完成, 位置标记：1
2020-12-21 07:07:44:959  电机温度计算完成, 位置标记：1
2020-12-21 07:07:44:960  车速为：79.5389位置标记为：1
2020-12-21 07:07:44:980  振动分轮计算完成, 位置标记：1
2020-12-21 07:07:45:314  振动特征值计算完成, 位置标记：1
2020-12-21 07:07:45:360  磁钢信号预处理完成，位置标记：0
2020-12-21 07:07:45:371  温度分轮成功，分轮数尺度为：48
2020-12-21 07:07:45:384  轴承端盖温度特征值计算完成, 位置标记：0
2020-12-21 07:07:45:393  电机温度计算完成, 位置标记：0
2020-12-21 07:07:45:396  电机温度计算完成, 位置标记：0
2020-12-21 07:07:45:399  电机温度计算完成, 位置标记：0
2020-12-21 07:07:45:403  电机温度计算完成, 位置标记：0
2020-12-21 07:07:45:406  电机温度计算完成, 位置标记：0
2020-12-21 07:07:45:410  电机温度计算完成, 位置标记：0
2020-12-21 07:07:45:413  电机温度计算完成, 位置标记：0
2020-12-21 07:07:45:417  电机温度计算完成, 位置标记：0
2020-12-21 07:07:45:418  车速为：79.5389位置标记为：0
2020-12-21 07:07:45:438  振动分轮计算完成, 位置标记：0
2020-12-21 07:07:45:771  振动特征值计算完成, 位置标记：0
2020-12-21 07:14:51:527  磁钢信号预处理完成，位置标记：1
2020-12-21 07:14:51:539  温度分轮成功，分轮数尺度为：48
2020-12-21 07:14:51:551  轴承端盖温度特征值计算完成, 位置标记：1
2020-12-21 07:14:51:559  电机温度计算完成, 位置标记：1
2020-12-21 07:14:51:563  电机温度计算完成, 位置标记：1
2020-12-21 07:14:51:566  电机温度计算完成, 位置标记：1
2020-12-21 07:14:51:570  电机温度计算完成, 位置标记：1
2020-12-21 07:14:51:573  电机温度计算完成, 位置标记：1
2020-12-21 07:14:51:577  电机温度计算完成, 位置标记：1
2020-12-21 07:14:51:580  电机温度计算完成, 位置标记：1
2020-12-21 07:14:51:584  电机温度计算完成, 位置标记：1
2020-12-21 07:14:51:584  车速为：79.1587位置标记为：1
2020-12-21 07:14:51:605  振动分轮计算完成, 位置标记：1
2020-12-21 07:14:51:941  振动特征值计算完成, 位置标记：1
2020-12-21 07:14:51:988  磁钢信号预处理完成，位置标记：0
2020-12-21 07:14:51:999  温度分轮成功，分轮数尺度为：48
2020-12-21 07:14:52:012  轴承端盖温度特征值计算完成, 位置标记：0
2020-12-21 07:14:52:020  电机温度计算完成, 位置标记：0
2020-12-21 07:14:52:023  电机温度计算完成, 位置标记：0
2020-12-21 07:14:52:027  电机温度计算完成, 位置标记：0
2020-12-21 07:14:52:030  电机温度计算完成, 位置标记：0
2020-12-21 07:14:52:034  电机温度计算完成, 位置标记：0
2020-12-21 07:14:52:037  电机温度计算完成, 位置标记：0
2020-12-21 07:14:52:041  电机温度计算完成, 位置标记：0
2020-12-21 07:14:52:044  电机温度计算完成, 位置标记：0
2020-12-21 07:14:52:045  车速为：79.1587位置标记为：0
2020-12-21 07:14:52:065  振动分轮计算完成, 位置标记：0
2020-12-21 07:14:52:401  振动特征值计算完成, 位置标记：0
2020-12-21 07:22:54:982  磁钢信号预处理完成，位置标记：1
2020-12-21 07:22:54:994  温度分轮成功，分轮数尺度为：48
2020-12-21 07:22:55:006  轴承端盖温度特征值计算完成, 位置标记：1
2020-12-21 07:22:55:015  电机温度计算完成, 位置标记：1
2020-12-21 07:22:55:018  电机温度计算完成, 位置标记：1
2020-12-21 07:22:55:022  电机温度计算完成, 位置标记：1
2020-12-21 07:22:55:025  电机温度计算完成, 位置标记：1
2020-12-21 07:22:55:029  电机温度计算完成, 位置标记：1
2020-12-21 07:22:55:033  电机温度计算完成, 位置标记：1
2020-12-21 07:22:55:036  电机温度计算完成, 位置标记：1
2020-12-21 07:22:55:040  电机温度计算完成, 位置标记：1
2020-12-21 07:22:55:041  车速为：78.9323位置标记为：1
2020-12-21 07:22:55:061  振动分轮计算完成, 位置标记：1
2020-12-21 07:22:55:389  振动特征值计算完成, 位置标记：1
2020-12-21 07:22:55:432  磁钢信号预处理完成，位置标记：0
2020-12-21 07:22:55:443  温度分轮成功，分轮数尺度为：48
2020-12-21 07:22:55:455  轴承端盖温度特征值计算完成, 位置标记：0
2020-12-21 07:22:55:464  电机温度计算完成, 位置标记：0
2020-12-21 07:22:55:467  电机温度计算完成, 位置标记：0
2020-12-21 07:22:55:471  电机温度计算完成, 位置标记：0
2020-12-21 07:22:55:474  电机温度计算完成, 位置标记：0
2020-12-21 07:22:55:478  电机温度计算完成, 位置标记：0
2020-12-21 07:22:55:481  电机温度计算完成, 位置标记：0
2020-12-21 07:22:55:485  电机温度计算完成, 位置标记：0
2020-12-21 07:22:55:488  电机温度计算完成, 位置标记：0
2020-12-21 07:22:55:489  车速为：78.9323位置标记为：0
2020-12-21 07:22:55:509  振动分轮计算完成, 位置标记：0
2020-12-21 07:22:55:846  振动特征值计算完成, 位置标记：0
2020-12-21 07:31:16:818  磁钢信号预处理完成，位置标记：1
2020-12-21 07:31:16:829  温度分轮成功，分轮数尺度为：48
2020-12-21 07:31:16:842  轴承端盖温度特征值计算完成, 位置标记：1
2020-12-21 07:31:16:850  电机温度计算完成, 位置标记：1
2020-12-21 07:31:16:853  电机温度计算完成, 位置标记：1
2020-12-21 07:31:16:857  电机温度计算完成, 位置标记：1
2020-12-21 07:31:16:860  电机温度计算完成, 位置标记：1
2020-12-21 07:31:16:864  电机温度计算完成, 位置标记：1
2020-12-21 07:31:16:867  电机温度计算完成, 位置标记：1
2020-12-21 07:31:16:870  电机温度计算完成, 位置标记：1
2020-12-21 07:31:16:876  电机温度计算完成, 位置标记：1
2020-12-21 07:31:16:877  车速为：78.9323位置标记为：1
2020-12-21 07:31:16:897  振动分轮计算完成, 位置标记：1
2020-12-21 07:31:17:233  振动特征值计算完成, 位置标记：1
2020-12-21 07:31:17:280  磁钢信号预处理完成，位置标记：0
2020-12-21 07:31:17:291  温度分轮成功，分轮数尺度为：48
2020-12-21 07:31:17:305  轴承端盖温度特征值计算完成, 位置标记：0
2020-12-21 07:31:17:313  电机温度计算完成, 位置标记：0
2020-12-21 07:31:17:316  电机温度计算完成, 位置标记：0
2020-12-21 07:31:17:320  电机温度计算完成, 位置标记：0
2020-12-21 07:31:17:323  电机温度计算完成, 位置标记：0
2020-12-21 07:31:17:326  电机温度计算完成, 位置标记：0
2020-12-21 07:31:17:330  电机温度计算完成, 位置标记：0
2020-12-21 07:31:17:333  电机温度计算完成, 位置标记：0
2020-12-21 07:31:17:337  电机温度计算完成, 位置标记：0
2020-12-21 07:31:17:337  车速为：78.9323位置标记为：0
2020-12-21 07:31:17:358  振动分轮计算完成, 位置标记：0
2020-12-21 07:31:17:691  振动特征值计算完成, 位置标记：0
2020-12-21 07:36:42:925  磁钢信号预处理完成，位置标记：1
2020-12-21 07:36:42:936  温度分轮成功，分轮数尺度为：48
2020-12-21 07:36:42:950  轴承端盖温度特征值计算完成, 位置标记：1
2020-12-21 07:36:42:959  电机温度计算完成, 位置标记：1
2020-12-21 07:36:42:963  电机温度计算完成, 位置标记：1
2020-12-21 07:36:42:966  电机温度计算完成, 位置标记：1
2020-12-21 07:36:42:969  电机温度计算完成, 位置标记：1
2020-12-21 07:36:42:972  电机温度计算完成, 位置标记：1
2020-12-21 07:36:42:976  电机温度计算完成, 位置标记：1
2020-12-21 07:36:42:979  电机温度计算完成, 位置标记：1
2020-12-21 07:36:42:984  电机温度计算完成, 位置标记：1
2020-12-21 07:36:42:985  车速为：67.3171位置标记为：1
2020-12-21 07:36:43:006  振动分轮计算完成, 位置标记：1
2020-12-21 07:36:43:362  振动特征值计算完成, 位置标记：1
2020-12-21 07:36:43:408  磁钢信号预处理完成，位置标记：0
2020-12-21 07:36:43:419  温度分轮成功，分轮数尺度为：48
2020-12-21 07:36:43:433  轴承端盖温度特征值计算完成, 位置标记：0
2020-12-21 07:36:43:442  电机温度计算完成, 位置标记：0
2020-12-21 07:36:43:446  电机温度计算完成, 位置标记：0
2020-12-21 07:36:43:449  电机温度计算完成, 位置标记：0
2020-12-21 07:36:43:453  电机温度计算完成, 位置标记：0
2020-12-21 07:36:43:456  电机温度计算完成, 位置标记：0
2020-12-21 07:36:43:459  电机温度计算完成, 位置标记：0
2020-12-21 07:36:43:463  电机温度计算完成, 位置标记：0
2020-12-21 07:36:43:466  电机温度计算完成, 位置标记：0
2020-12-21 07:36:43:467  车速为：67.3171位置标记为：0
2020-12-21 07:36:43:487  振动分轮计算完成, 位置标记：0
2020-12-21 07:36:43:842  振动特征值计算完成, 位置标记：0
2020-12-21 07:40:47:823  磁钢信号预处理完成，位置标记：1
2020-12-21 07:40:47:834  温度分轮成功，分轮数尺度为：48
2020-12-21 07:40:47:846  轴承端盖温度特征值计算完成, 位置标记：1
2020-12-21 07:40:47:854  电机温度计算完成, 位置标记：1
2020-12-21 07:40:47:858  电机温度计算完成, 位置标记：1
2020-12-21 07:40:47:861  电机温度计算完成, 位置标记：1
2020-12-21 07:40:47:864  电机温度计算完成, 位置标记：1
2020-12-21 07:40:47:868  电机温度计算完成, 位置标记：1
2020-12-21 07:40:47:871  电机温度计算完成, 位置标记：1
2020-12-21 07:40:47:875  电机温度计算完成, 位置标记：1
2020-12-21 07:40:47:880  电机温度计算完成, 位置标记：1
2020-12-21 07:40:47:881  车速为：79.0831位置标记为：1
2020-12-21 07:40:47:903  振动分轮计算完成, 位置标记：1
2020-12-21 07:40:48:237  振动特征值计算完成, 位置标记：1
2020-12-21 07:40:48:283  磁钢信号预处理完成，位置标记：0
2020-12-21 07:40:48:295  温度分轮成功，分轮数尺度为：48
2020-12-21 07:40:48:307  轴承端盖温度特征值计算完成, 位置标记：0
2020-12-21 07:40:48:315  电机温度计算完成, 位置标记：0
2020-12-21 07:40:48:319  电机温度计算完成, 位置标记：0
2020-12-21 07:40:48:322  电机温度计算完成, 位置标记：0
2020-12-21 07:40:48:326  电机温度计算完成, 位置标记：0
2020-12-21 07:40:48:329  电机温度计算完成, 位置标记：0
2020-12-21 07:40:48:333  电机温度计算完成, 位置标记：0
2020-12-21 07:40:48:336  电机温度计算完成, 位置标记：0
2020-12-21 07:40:48:340  电机温度计算完成, 位置标记：0
2020-12-21 07:40:48:340  车速为：79.0831位置标记为：0
2020-12-21 07:40:48:361  振动分轮计算完成, 位置标记：0
2020-12-21 07:40:48:697  振动特征值计算完成, 位置标记：0
2020-12-21 07:47:35:188  磁钢信号预处理完成，位置标记：1
2020-12-21 07:47:35:199  温度分轮成功，分轮数尺度为：48
2020-12-21 07:47:35:212  轴承端盖温度特征值计算完成, 位置标记：1
2020-12-21 07:47:35:221  电机温度计算完成, 位置标记：1
2020-12-21 07:47:35:224  电机温度计算完成, 位置标记：1
2020-12-21 07:47:35:228  电机温度计算完成, 位置标记：1
2020-12-21 07:47:35:231  电机温度计算完成, 位置标记：1
2020-12-21 07:47:35:235  电机温度计算完成, 位置标记：1
2020-12-21 07:47:35:238  电机温度计算完成, 位置标记：1
2020-12-21 07:47:35:242  电机温度计算完成, 位置标记：1
2020-12-21 07:47:35:246  电机温度计算完成, 位置标记：1
2020-12-21 07:47:35:247  车速为：79.3103位置标记为：1
2020-12-21 07:47:35:268  振动分轮计算完成, 位置标记：1
2020-12-21 07:47:35:603  振动特征值计算完成, 位置标记：1
2020-12-21 07:47:35:647  磁钢信号预处理完成，位置标记：0
2020-12-21 07:47:35:657  温度分轮成功，分轮数尺度为：48
2020-12-21 07:47:35:669  轴承端盖温度特征值计算完成, 位置标记：0
2020-12-21 07:47:35:676  电机温度计算完成, 位置标记：0
2020-12-21 07:47:35:679  电机温度计算完成, 位置标记：0
2020-12-21 07:47:35:682  电机温度计算完成, 位置标记：0
2020-12-21 07:47:35:685  电机温度计算完成, 位置标记：0
2020-12-21 07:47:35:688  电机温度计算完成, 位置标记：0
2020-12-21 07:47:35:692  电机温度计算完成, 位置标记：0
2020-12-21 07:47:35:695  电机温度计算完成, 位置标记：0
2020-12-21 07:47:35:698  电机温度计算完成, 位置标记：0
2020-12-21 07:47:35:698  车速为：79.3103位置标记为：0
2020-12-21 07:47:35:716  振动分轮计算完成, 位置标记：0
2020-12-21 07:47:36:032  振动特征值计算完成, 位置标记：0
2020-12-21 07:56:52:270  磁钢信号预处理完成，位置标记：1
2020-12-21 07:56:52:282  温度分轮成功，分轮数尺度为：48
2020-12-21 07:56:52:295  轴承端盖温度特征值计算完成, 位置标记：1
2020-12-21 07:56:52:303  电机温度计算完成, 位置标记：1
2020-12-21 07:56:52:307  电机温度计算完成, 位置标记：1
2020-12-21 07:56:52:311  电机温度计算完成, 位置标记：1
2020-12-21 07:56:52:314  电机温度计算完成, 位置标记：1
2020-12-21 07:56:52:318  电机温度计算完成, 位置标记：1
2020-12-21 07:56:52:321  电机温度计算完成, 位置标记：1
2020-12-21 07:56:52:325  电机温度计算完成, 位置标记：1
2020-12-21 07:56:52:329  电机温度计算完成, 位置标记：1
2020-12-21 07:56:52:329  车速为：79.3864位置标记为：1
2020-12-21 07:56:52:350  振动分轮计算完成, 位置标记：1
2020-12-21 07:56:52:683  振动特征值计算完成, 位置标记：1
2020-12-21 07:56:52:729  磁钢信号预处理完成，位置标记：0
2020-12-21 07:56:52:740  温度分轮成功，分轮数尺度为：48
2020-12-21 07:56:52:753  轴承端盖温度特征值计算完成, 位置标记：0
2020-12-21 07:56:52:762  电机温度计算完成, 位置标记：0
2020-12-21 07:56:52:766  电机温度计算完成, 位置标记：0
2020-12-21 07:56:52:769  电机温度计算完成, 位置标记：0
2020-12-21 07:56:52:773  电机温度计算完成, 位置标记：0
2020-12-21 07:56:52:776  电机温度计算完成, 位置标记：0
2020-12-21 07:56:52:780  电机温度计算完成, 位置标记：0
2020-12-21 07:56:52:783  电机温度计算完成, 位置标记：0
2020-12-21 07:56:52:787  电机温度计算完成, 位置标记：0
2020-12-21 07:56:52:788  车速为：79.3864位置标记为：0
2020-12-21 07:56:52:809  振动分轮计算完成, 位置标记：0
2020-12-21 07:56:53:141  振动特征值计算完成, 位置标记：0
