2020-12-20 22:08:13:580  磁钢信号预处理完成，位置标记：1
2020-12-20 22:08:13:627  温度分轮成功，分轮数尺度为：0
2020-12-20 22:08:13:628  m_nAxleMarkG2数据异常，位置标记：1
2020-12-20 22:08:13:629  m_nAxleMarkG2数据不是48个，数据异常，位置标记：1
2020-12-20 22:08:13:647  车速为：inf位置标记为：1
2020-12-20 22:08:13:696  振动有效标记位计算异常，位置标记为：1
2020-12-20 22:08:13:952  磁钢信号预处理完成，位置标记：0
2020-12-20 22:08:14:005  温度分轮成功，分轮数尺度为：0
2020-12-20 22:08:14:006  m_nAxleMarkG2数据异常，位置标记：0
2020-12-20 22:08:14:006  m_nAxleMarkG2数据不是48个，数据异常，位置标记：0
2020-12-20 22:08:14:024  车速为：inf位置标记为：0
2020-12-20 22:08:14:081  振动有效标记位计算异常，位置标记为：0
2020-12-20 22:20:07:209  磁钢信号预处理完成，位置标记：1
2020-12-20 22:20:07:260  温度分轮成功，分轮数尺度为：0
2020-12-20 22:20:07:260  m_nAxleMarkG2数据异常，位置标记：1
2020-12-20 22:20:07:261  m_nAxleMarkG2数据不是48个，数据异常，位置标记：1
2020-12-20 22:20:07:280  车速为：inf位置标记为：1
2020-12-20 22:20:07:335  振动有效标记位计算异常，位置标记为：1
2020-12-20 22:20:07:597  磁钢信号预处理完成，位置标记：0
2020-12-20 22:20:07:656  温度分轮成功，分轮数尺度为：0
2020-12-20 22:20:07:657  m_nAxleMarkG2数据异常，位置标记：0
2020-12-20 22:20:07:658  m_nAxleMarkG2数据不是48个，数据异常，位置标记：0
2020-12-20 22:20:07:676  车速为：inf位置标记为：0
2020-12-20 22:20:07:727  振动有效标记位计算异常，位置标记为：0
2020-12-20 22:32:29:422  磁钢信号预处理完成，位置标记：1
2020-12-20 22:32:29:473  温度分轮成功，分轮数尺度为：0
2020-12-20 22:32:29:474  m_nAxleMarkG2数据异常，位置标记：1
2020-12-20 22:32:29:474  m_nAxleMarkG2数据不是48个，数据异常，位置标记：1
2020-12-20 22:32:29:490  车速为：inf位置标记为：1
2020-12-20 22:32:29:537  振动有效标记位计算异常，位置标记为：1
2020-12-20 22:32:29:761  磁钢信号预处理完成，位置标记：0
2020-12-20 22:32:29:805  温度分轮成功，分轮数尺度为：0
2020-12-20 22:32:29:806  m_nAxleMarkG2数据异常，位置标记：0
2020-12-20 22:32:29:806  m_nAxleMarkG2数据不是48个，数据异常，位置标记：0
2020-12-20 22:32:29:820  车速为：inf位置标记为：0
2020-12-20 22:32:29:863  振动有效标记位计算异常，位置标记为：0
2020-12-20 22:44:30:297  磁钢信号预处理完成，位置标记：1
2020-12-20 22:44:30:348  温度分轮成功，分轮数尺度为：0
2020-12-20 22:44:30:349  m_nAxleMarkG2数据异常，位置标记：1
2020-12-20 22:44:30:350  m_nAxleMarkG2数据不是48个，数据异常，位置标记：1
2020-12-20 22:44:30:365  车速为：inf位置标记为：1
2020-12-20 22:44:30:412  振动有效标记位计算异常，位置标记为：1
2020-12-20 22:44:30:663  磁钢信号预处理完成，位置标记：0
2020-12-20 22:44:30:719  温度分轮成功，分轮数尺度为：0
2020-12-20 22:44:30:720  m_nAxleMarkG2数据异常，位置标记：0
2020-12-20 22:44:30:720  m_nAxleMarkG2数据不是48个，数据异常，位置标记：0
2020-12-20 22:44:30:739  车速为：inf位置标记为：0
2020-12-20 22:44:30:796  振动有效标记位计算异常，位置标记为：0
2020-12-20 22:58:42:701  磁钢信号预处理完成，位置标记：1
2020-12-20 22:58:42:751  温度分轮成功，分轮数尺度为：0
2020-12-20 22:58:42:752  m_nAxleMarkG2数据异常，位置标记：1
2020-12-20 22:58:42:752  m_nAxleMarkG2数据不是48个，数据异常，位置标记：1
2020-12-20 22:58:42:768  车速为：inf位置标记为：1
2020-12-20 22:58:42:812  振动有效标记位计算异常，位置标记为：1
2020-12-20 22:58:43:039  磁钢信号预处理完成，位置标记：0
2020-12-20 22:58:43:087  温度分轮成功，分轮数尺度为：0
2020-12-20 22:58:43:087  m_nAxleMarkG2数据异常，位置标记：0
2020-12-20 22:58:43:088  m_nAxleMarkG2数据不是48个，数据异常，位置标记：0
2020-12-20 22:58:43:102  车速为：inf位置标记为：0
2020-12-20 22:58:43:146  振动有效标记位计算异常，位置标记为：0
