2020-12-21 13:03:20:471  磁钢信号预处理完成，位置标记：1
2020-12-21 13:03:20:492  温度分轮成功，分轮数尺度为：48
2020-12-21 13:03:20:506  轴承端盖温度特征值计算完成, 位置标记：1
2020-12-21 13:03:20:515  电机温度计算完成, 位置标记：1
2020-12-21 13:03:20:518  电机温度计算完成, 位置标记：1
2020-12-21 13:03:20:521  电机温度计算完成, 位置标记：1
2020-12-21 13:03:20:525  电机温度计算完成, 位置标记：1
2020-12-21 13:03:20:528  电机温度计算完成, 位置标记：1
2020-12-21 13:03:20:532  电机温度计算完成, 位置标记：1
2020-12-21 13:03:20:535  电机温度计算完成, 位置标记：1
2020-12-21 13:03:20:538  电机温度计算完成, 位置标记：1
2020-12-21 13:03:20:539  车速为：72.4409位置标记为：1
2020-12-21 13:03:20:560  振动分轮计算完成, 位置标记：1
2020-12-21 13:03:20:888  振动特征值计算完成, 位置标记：1
2020-12-21 13:03:20:935  磁钢信号预处理完成，位置标记：0
2020-12-21 13:03:20:946  温度分轮成功，分轮数尺度为：48
2020-12-21 13:03:20:960  轴承端盖温度特征值计算完成, 位置标记：0
2020-12-21 13:03:20:969  电机温度计算完成, 位置标记：0
2020-12-21 13:03:20:973  电机温度计算完成, 位置标记：0
2020-12-21 13:03:20:976  电机温度计算完成, 位置标记：0
2020-12-21 13:03:20:979  电机温度计算完成, 位置标记：0
2020-12-21 13:03:20:983  电机温度计算完成, 位置标记：0
2020-12-21 13:03:20:986  电机温度计算完成, 位置标记：0
2020-12-21 13:03:20:990  电机温度计算完成, 位置标记：0
2020-12-21 13:03:20:993  电机温度计算完成, 位置标记：0
2020-12-21 13:03:20:994  车速为：72.4409位置标记为：0
2020-12-21 13:03:21:015  振动分轮计算完成, 位置标记：0
2020-12-21 13:03:21:342  振动特征值计算完成, 位置标记：0
2020-12-21 13:07:27:398  磁钢信号预处理完成，位置标记：1
2020-12-21 13:07:27:409  温度分轮成功，分轮数尺度为：48
2020-12-21 13:07:27:422  轴承端盖温度特征值计算完成, 位置标记：1
2020-12-21 13:07:27:430  电机温度计算完成, 位置标记：1
2020-12-21 13:07:27:434  电机温度计算完成, 位置标记：1
2020-12-21 13:07:27:437  电机温度计算完成, 位置标记：1
2020-12-21 13:07:27:441  电机温度计算完成, 位置标记：1
2020-12-21 13:07:27:444  电机温度计算完成, 位置标记：1
2020-12-21 13:07:27:448  电机温度计算完成, 位置标记：1
2020-12-21 13:07:27:451  电机温度计算完成, 位置标记：1
2020-12-21 13:07:27:455  电机温度计算完成, 位置标记：1
2020-12-21 13:07:27:455  车速为：78.4834位置标记为：1
2020-12-21 13:07:27:476  振动分轮计算完成, 位置标记：1
2020-12-21 13:07:27:815  振动特征值计算完成, 位置标记：1
2020-12-21 13:07:27:863  磁钢信号预处理完成，位置标记：0
2020-12-21 13:07:27:874  温度分轮成功，分轮数尺度为：48
2020-12-21 13:07:27:887  轴承端盖温度特征值计算完成, 位置标记：0
2020-12-21 13:07:27:895  电机温度计算完成, 位置标记：0
2020-12-21 13:07:27:898  电机温度计算完成, 位置标记：0
2020-12-21 13:07:27:902  电机温度计算完成, 位置标记：0
2020-12-21 13:07:27:905  电机温度计算完成, 位置标记：0
2020-12-21 13:07:27:909  电机温度计算完成, 位置标记：0
2020-12-21 13:07:27:912  电机温度计算完成, 位置标记：0
2020-12-21 13:07:27:916  电机温度计算完成, 位置标记：0
2020-12-21 13:07:27:920  电机温度计算完成, 位置标记：0
2020-12-21 13:07:27:920  车速为：78.4834位置标记为：0
2020-12-21 13:07:27:941  振动分轮计算完成, 位置标记：0
2020-12-21 13:07:28:282  振动特征值计算完成, 位置标记：0
2020-12-21 13:16:15:745  磁钢信号预处理完成，位置标记：1
2020-12-21 13:16:15:757  温度分轮成功，分轮数尺度为：48
2020-12-21 13:16:15:769  轴承端盖温度特征值计算完成, 位置标记：1
2020-12-21 13:16:15:777  电机温度计算完成, 位置标记：1
2020-12-21 13:16:15:781  电机温度计算完成, 位置标记：1
2020-12-21 13:16:15:784  电机温度计算完成, 位置标记：1
2020-12-21 13:16:15:788  电机温度计算完成, 位置标记：1
2020-12-21 13:16:15:791  电机温度计算完成, 位置标记：1
2020-12-21 13:16:15:795  电机温度计算完成, 位置标记：1
2020-12-21 13:16:15:799  电机温度计算完成, 位置标记：1
2020-12-21 13:16:15:803  电机温度计算完成, 位置标记：1
2020-12-21 13:16:15:803  车速为：79.2344位置标记为：1
2020-12-21 13:16:15:824  振动分轮计算完成, 位置标记：1
2020-12-21 13:16:16:127  振动特征值计算完成, 位置标记：1
2020-12-21 13:16:16:169  磁钢信号预处理完成，位置标记：0
2020-12-21 13:16:16:178  温度分轮成功，分轮数尺度为：48
2020-12-21 13:16:16:188  轴承端盖温度特征值计算完成, 位置标记：0
2020-12-21 13:16:16:195  电机温度计算完成, 位置标记：0
2020-12-21 13:16:16:199  电机温度计算完成, 位置标记：0
2020-12-21 13:16:16:201  电机温度计算完成, 位置标记：0
2020-12-21 13:16:16:204  电机温度计算完成, 位置标记：0
2020-12-21 13:16:16:207  电机温度计算完成, 位置标记：0
2020-12-21 13:16:16:210  电机温度计算完成, 位置标记：0
2020-12-21 13:16:16:213  电机温度计算完成, 位置标记：0
2020-12-21 13:16:16:215  电机温度计算完成, 位置标记：0
2020-12-21 13:16:16:216  车速为：79.2344位置标记为：0
2020-12-21 13:16:16:233  振动分轮计算完成, 位置标记：0
2020-12-21 13:16:16:479  振动特征值计算完成, 位置标记：0
2020-12-21 13:26:14:778  磁钢信号预处理完成，位置标记：1
2020-12-21 13:26:14:789  温度分轮成功，分轮数尺度为：48
2020-12-21 13:26:14:802  轴承端盖温度特征值计算完成, 位置标记：1
2020-12-21 13:26:14:810  电机温度计算完成, 位置标记：1
2020-12-21 13:26:14:814  电机温度计算完成, 位置标记：1
2020-12-21 13:26:14:817  电机温度计算完成, 位置标记：1
2020-12-21 13:26:14:820  电机温度计算完成, 位置标记：1
2020-12-21 13:26:14:824  电机温度计算完成, 位置标记：1
2020-12-21 13:26:14:827  电机温度计算完成, 位置标记：1
2020-12-21 13:26:14:831  电机温度计算完成, 位置标记：1
2020-12-21 13:26:14:834  电机温度计算完成, 位置标记：1
2020-12-21 13:26:14:835  车速为：79.2344位置标记为：1
2020-12-21 13:26:14:855  振动分轮计算完成, 位置标记：1
2020-12-21 13:26:15:192  振动特征值计算完成, 位置标记：1
2020-12-21 13:26:15:239  磁钢信号预处理完成，位置标记：0
2020-12-21 13:26:15:251  温度分轮成功，分轮数尺度为：48
2020-12-21 13:26:15:264  轴承端盖温度特征值计算完成, 位置标记：0
2020-12-21 13:26:15:272  电机温度计算完成, 位置标记：0
2020-12-21 13:26:15:276  电机温度计算完成, 位置标记：0
2020-12-21 13:26:15:279  电机温度计算完成, 位置标记：0
2020-12-21 13:26:15:283  电机温度计算完成, 位置标记：0
2020-12-21 13:26:15:286  电机温度计算完成, 位置标记：0
2020-12-21 13:26:15:290  电机温度计算完成, 位置标记：0
2020-12-21 13:26:15:293  电机温度计算完成, 位置标记：0
2020-12-21 13:26:15:297  电机温度计算完成, 位置标记：0
2020-12-21 13:26:15:298  车速为：79.2344位置标记为：0
2020-12-21 13:26:15:318  振动分轮计算完成, 位置标记：0
2020-12-21 13:26:15:657  振动特征值计算完成, 位置标记：0
2020-12-21 13:35:50:554  磁钢信号预处理完成，位置标记：1
2020-12-21 13:35:50:566  温度分轮成功，分轮数尺度为：48
2020-12-21 13:35:50:579  轴承端盖温度特征值计算完成, 位置标记：1
2020-12-21 13:35:50:587  电机温度计算完成, 位置标记：1
2020-12-21 13:35:50:591  电机温度计算完成, 位置标记：1
2020-12-21 13:35:50:594  电机温度计算完成, 位置标记：1
2020-12-21 13:35:50:598  电机温度计算完成, 位置标记：1
2020-12-21 13:35:50:602  电机温度计算完成, 位置标记：1
2020-12-21 13:35:50:605  电机温度计算完成, 位置标记：1
2020-12-21 13:35:50:609  电机温度计算完成, 位置标记：1
2020-12-21 13:35:50:612  电机温度计算完成, 位置标记：1
2020-12-21 13:35:50:613  车速为：79.3864位置标记为：1
2020-12-21 13:35:50:634  振动分轮计算完成, 位置标记：1
2020-12-21 13:35:50:973  振动特征值计算完成, 位置标记：1
2020-12-21 13:35:51:021  磁钢信号预处理完成，位置标记：0
2020-12-21 13:35:51:032  温度分轮成功，分轮数尺度为：48
2020-12-21 13:35:51:045  轴承端盖温度特征值计算完成, 位置标记：0
2020-12-21 13:35:51:054  电机温度计算完成, 位置标记：0
2020-12-21 13:35:51:057  电机温度计算完成, 位置标记：0
2020-12-21 13:35:51:061  电机温度计算完成, 位置标记：0
2020-12-21 13:35:51:064  电机温度计算完成, 位置标记：0
2020-12-21 13:35:51:068  电机温度计算完成, 位置标记：0
2020-12-21 13:35:51:071  电机温度计算完成, 位置标记：0
2020-12-21 13:35:51:075  电机温度计算完成, 位置标记：0
2020-12-21 13:35:51:078  电机温度计算完成, 位置标记：0
2020-12-21 13:35:51:079  车速为：79.3864位置标记为：0
2020-12-21 13:35:51:100  振动分轮计算完成, 位置标记：0
2020-12-21 13:35:51:439  振动特征值计算完成, 位置标记：0
2020-12-21 13:42:15:017  磁钢信号预处理完成，位置标记：1
2020-12-21 13:42:15:028  温度分轮成功，分轮数尺度为：48
2020-12-21 13:42:15:041  轴承端盖温度特征值计算完成, 位置标记：1
2020-12-21 13:42:15:049  电机温度计算完成, 位置标记：1
2020-12-21 13:42:15:053  电机温度计算完成, 位置标记：1
2020-12-21 13:42:15:056  电机温度计算完成, 位置标记：1
2020-12-21 13:42:15:059  电机温度计算完成, 位置标记：1
2020-12-21 13:42:15:063  电机温度计算完成, 位置标记：1
2020-12-21 13:42:15:066  电机温度计算完成, 位置标记：1
2020-12-21 13:42:15:070  电机温度计算完成, 位置标记：1
2020-12-21 13:42:15:075  电机温度计算完成, 位置标记：1
2020-12-21 13:42:15:076  车速为：79.0076位置标记为：1
2020-12-21 13:42:15:096  振动分轮计算完成, 位置标记：1
2020-12-21 13:42:15:425  振动特征值计算完成, 位置标记：1
2020-12-21 13:42:15:470  磁钢信号预处理完成，位置标记：0
2020-12-21 13:42:15:481  温度分轮成功，分轮数尺度为：48
2020-12-21 13:42:15:494  轴承端盖温度特征值计算完成, 位置标记：0
2020-12-21 13:42:15:502  电机温度计算完成, 位置标记：0
2020-12-21 13:42:15:506  电机温度计算完成, 位置标记：0
2020-12-21 13:42:15:509  电机温度计算完成, 位置标记：0
2020-12-21 13:42:15:512  电机温度计算完成, 位置标记：0
2020-12-21 13:42:15:516  电机温度计算完成, 位置标记：0
2020-12-21 13:42:15:519  电机温度计算完成, 位置标记：0
2020-12-21 13:42:15:522  电机温度计算完成, 位置标记：0
2020-12-21 13:42:15:526  电机温度计算完成, 位置标记：0
2020-12-21 13:42:15:527  车速为：79.0076位置标记为：0
2020-12-21 13:42:15:547  振动分轮计算完成, 位置标记：0
2020-12-21 13:42:15:875  振动特征值计算完成, 位置标记：0
2020-12-21 13:46:05:840  磁钢信号预处理完成，位置标记：1
2020-12-21 13:46:05:852  温度分轮成功，分轮数尺度为：48
2020-12-21 13:46:05:865  轴承端盖温度特征值计算完成, 位置标记：1
2020-12-21 13:46:05:874  电机温度计算完成, 位置标记：1
2020-12-21 13:46:05:877  电机温度计算完成, 位置标记：1
2020-12-21 13:46:05:881  电机温度计算完成, 位置标记：1
2020-12-21 13:46:05:884  电机温度计算完成, 位置标记：1
2020-12-21 13:46:05:888  电机温度计算完成, 位置标记：1
2020-12-21 13:46:05:891  电机温度计算完成, 位置标记：1
2020-12-21 13:46:05:895  电机温度计算完成, 位置标记：1
2020-12-21 13:46:05:899  电机温度计算完成, 位置标记：1
2020-12-21 13:46:05:900  车速为：78.6325位置标记为：1
2020-12-21 13:46:05:920  振动分轮计算完成, 位置标记：1
2020-12-21 13:46:06:232  振动特征值计算完成, 位置标记：1
2020-12-21 13:46:06:279  磁钢信号预处理完成，位置标记：0
2020-12-21 13:46:06:290  温度分轮成功，分轮数尺度为：48
2020-12-21 13:46:06:303  轴承端盖温度特征值计算完成, 位置标记：0
2020-12-21 13:46:06:312  电机温度计算完成, 位置标记：0
2020-12-21 13:46:06:316  电机温度计算完成, 位置标记：0
2020-12-21 13:46:06:319  电机温度计算完成, 位置标记：0
2020-12-21 13:46:06:323  电机温度计算完成, 位置标记：0
2020-12-21 13:46:06:327  电机温度计算完成, 位置标记：0
2020-12-21 13:46:06:330  电机温度计算完成, 位置标记：0
2020-12-21 13:46:06:334  电机温度计算完成, 位置标记：0
2020-12-21 13:46:06:337  电机温度计算完成, 位置标记：0
2020-12-21 13:46:06:338  车速为：78.6325位置标记为：0
2020-12-21 13:46:06:358  振动分轮计算完成, 位置标记：0
2020-12-21 13:46:06:654  振动特征值计算完成, 位置标记：0
2020-12-21 13:55:37:162  磁钢信号预处理完成，位置标记：1
2020-12-21 13:55:37:174  温度分轮成功，分轮数尺度为：48
2020-12-21 13:55:37:186  轴承端盖温度特征值计算完成, 位置标记：1
2020-12-21 13:55:37:195  电机温度计算完成, 位置标记：1
2020-12-21 13:55:37:198  电机温度计算完成, 位置标记：1
2020-12-21 13:55:37:202  电机温度计算完成, 位置标记：1
2020-12-21 13:55:37:205  电机温度计算完成, 位置标记：1
2020-12-21 13:55:37:209  电机温度计算完成, 位置标记：1
2020-12-21 13:55:37:212  电机温度计算完成, 位置标记：1
2020-12-21 13:55:37:216  电机温度计算完成, 位置标记：1
2020-12-21 13:55:37:220  电机温度计算完成, 位置标记：1
2020-12-21 13:55:37:220  车速为：79.1587位置标记为：1
2020-12-21 13:55:37:250  振动分轮计算完成, 位置标记：1
2020-12-21 13:55:37:587  振动特征值计算完成, 位置标记：1
2020-12-21 13:55:37:634  磁钢信号预处理完成，位置标记：0
2020-12-21 13:55:37:646  温度分轮成功，分轮数尺度为：48
2020-12-21 13:55:37:659  轴承端盖温度特征值计算完成, 位置标记：0
2020-12-21 13:55:37:668  电机温度计算完成, 位置标记：0
2020-12-21 13:55:37:671  电机温度计算完成, 位置标记：0
2020-12-21 13:55:37:675  电机温度计算完成, 位置标记：0
2020-12-21 13:55:37:678  电机温度计算完成, 位置标记：0
2020-12-21 13:55:37:682  电机温度计算完成, 位置标记：0
2020-12-21 13:55:37:685  电机温度计算完成, 位置标记：0
2020-12-21 13:55:37:689  电机温度计算完成, 位置标记：0
2020-12-21 13:55:37:692  电机温度计算完成, 位置标记：0
2020-12-21 13:55:37:693  车速为：79.1587位置标记为：0
2020-12-21 13:55:37:714  振动分轮计算完成, 位置标记：0
2020-12-21 13:55:38:050  振动特征值计算完成, 位置标记：0
