2022-06-26 23:00:59:533  motor_info数据表，第15次写入成功
2022-06-26 23:01:06:617  创建连接出现异常，错误代码为：-6
2022-06-26 23:01:06:636  同步采集仪设置异常
2022-06-26 23:01:06:649  采集仪增益设置异常
2022-06-26 23:26:21:291  本地IP：127.0.0.1
2022-06-26 23:26:21:305  本地端口号：4500
2022-06-26 23:26:21:340  通讯模块设置成功
2022-06-26 23:26:21:382  综合数据盒连接IP：192.168.1.198
2022-06-26 23:26:21:384  正在打开设备...
2022-06-26 23:26:28:026  正在读取检测数据...
2022-06-26 23:26:36:830  开始处理数据
2022-06-26 23:26:37:090  右侧计算完成
2022-06-26 23:26:37:260  左侧计算完成
2022-06-26 23:26:37:263  检查结果数据
2022-06-26 23:26:37:268  通知桌面显示数据
2022-06-26 23:26:37:342  开始写入数据库
2022-06-26 23:26:37:524  预警及报警参数加载完成
2022-06-26 23:26:37:528  数据库打开成功
2022-06-26 23:26:37:530  train_info数据表写入成功
2022-06-26 23:26:37:532  train_onlyid读取成功
2022-06-26 23:26:37:534  train_data数据表写入成功
2022-06-26 23:26:37:536  train_fault数据表写入1、1成功
2022-06-26 23:26:37:536  vt_info数据表，第0次写入成功
2022-06-26 23:26:37:541  vt_info数据表，第1次写入成功
2022-06-26 23:26:37:544  vt_info数据表，第2次写入成功
2022-06-26 23:26:37:546  vt_info数据表，第3次写入成功
2022-06-26 23:26:37:552  vt_info数据表，第4次写入成功
2022-06-26 23:26:37:554  vt_info数据表，第5次写入成功
2022-06-26 23:26:37:557  vt_info数据表，第6次写入成功
2022-06-26 23:26:37:563  vt_info数据表，第7次写入成功
2022-06-26 23:26:37:566  vt_info数据表，第8次写入成功
2022-06-26 23:26:37:569  vt_info数据表，第9次写入成功
2022-06-26 23:26:37:722  vt_info数据表，第10次写入成功
2022-06-26 23:26:37:725  vt_info数据表，第11次写入成功
2022-06-26 23:26:37:732  vt_info数据表，第12次写入成功
2022-06-26 23:26:37:776  vt_info数据表，第13次写入成功
2022-06-26 23:26:37:778  vt_info数据表，第14次写入成功
2022-06-26 23:26:37:782  vt_info数据表，第15次写入成功
2022-06-26 23:26:37:786  vt_info数据表，第16次写入成功
2022-06-26 23:26:37:788  vt_info数据表，第17次写入成功
2022-06-26 23:26:37:792  vt_info数据表，第18次写入成功
2022-06-26 23:26:37:797  vt_info数据表，第19次写入成功
2022-06-26 23:26:37:801  vt_info数据表，第20次写入成功
2022-06-26 23:26:37:803  vt_info数据表，第21次写入成功
2022-06-26 23:26:37:806  vt_info数据表，第22次写入成功
2022-06-26 23:26:37:809  vt_info数据表，第23次写入成功
2022-06-26 23:26:37:811  vt_info数据表，第24次写入成功
2022-06-26 23:26:37:814  vt_info数据表，第25次写入成功
2022-06-26 23:26:37:818  vt_info数据表，第26次写入成功
2022-06-26 23:26:37:820  vt_info数据表，第27次写入成功
2022-06-26 23:26:37:822  vt_info数据表，第28次写入成功
2022-06-26 23:26:37:827  vt_info数据表，第29次写入成功
2022-06-26 23:26:37:829  vt_info数据表，第30次写入成功
2022-06-26 23:26:37:830  vt_info数据表，第31次写入成功
2022-06-26 23:26:37:853  vt_info数据表，第32次写入成功
2022-06-26 23:26:37:856  vt_info数据表，第33次写入成功
2022-06-26 23:26:37:859  vt_info数据表，第34次写入成功
2022-06-26 23:26:37:860  vt_info数据表，第35次写入成功
2022-06-26 23:26:37:864  vt_info数据表，第36次写入成功
2022-06-26 23:26:37:867  vt_info数据表，第37次写入成功
2022-06-26 23:26:37:869  vt_info数据表，第38次写入成功
2022-06-26 23:26:37:871  vt_info数据表，第39次写入成功
2022-06-26 23:26:37:873  vt_info数据表，第40次写入成功
2022-06-26 23:26:37:875  vt_info数据表，第41次写入成功
2022-06-26 23:26:37:878  vt_info数据表，第42次写入成功
2022-06-26 23:26:37:880  vt_info数据表，第43次写入成功
2022-06-26 23:26:37:882  vt_info数据表，第44次写入成功
2022-06-26 23:26:37:885  vt_info数据表，第45次写入成功
2022-06-26 23:26:37:902  vt_info数据表，第46次写入成功
2022-06-26 23:26:37:904  vt_info数据表，第47次写入成功
2022-06-26 23:26:37:907  motor_info数据表，第0次写入成功
2022-06-26 23:26:37:921  motor_info数据表，第1次写入成功
2022-06-26 23:26:37:923  motor_info数据表，第2次写入成功
2022-06-26 23:26:37:926  motor_info数据表，第3次写入成功
2022-06-26 23:26:37:928  motor_info数据表，第4次写入成功
2022-06-26 23:26:37:950  motor_info数据表，第5次写入成功
2022-06-26 23:26:37:952  motor_info数据表，第6次写入成功
2022-06-26 23:26:37:954  motor_info数据表，第7次写入成功
2022-06-26 23:26:37:956  motor_info数据表，第8次写入成功
2022-06-26 23:26:37:982  motor_info数据表，第9次写入成功
2022-06-26 23:26:37:984  motor_info数据表，第10次写入成功
2022-06-26 23:26:37:986  motor_info数据表，第11次写入成功
2022-06-26 23:26:37:988  motor_info数据表，第12次写入成功
2022-06-26 23:26:46:527  motor_info数据表，第13次写入成功
2022-06-26 23:26:46:528  motor_info数据表，第14次写入成功
2022-06-26 23:26:46:532  motor_info数据表，第15次写入成功
2022-06-26 23:26:46:554  创建连接出现异常，错误代码为：-6
2022-06-26 23:26:46:585  同步采集仪设置异常
2022-06-26 23:26:46:600  采集仪增益设置异常
2022-06-26 23:28:52:029  本地IP：127.0.0.1
2022-06-26 23:28:52:044  本地端口号：4500
2022-06-26 23:28:52:084  通讯模块设置成功
2022-06-26 23:28:52:095  综合数据盒连接IP：192.168.1.198
2022-06-26 23:28:52:097  正在打开设备...
2022-06-26 23:29:13:157  创建连接出现异常，错误代码为：-6
2022-06-26 23:29:13:160  同步采集仪设置异常
2022-06-26 23:29:13:164  采集仪增益设置异常
2022-06-26 23:29:17:041  正在读取检测数据...
2022-06-26 23:29:25:439  开始处理数据
2022-06-26 23:29:25:702  右侧计算完成
2022-06-26 23:29:25:871  左侧计算完成
2022-06-26 23:29:25:873  检查结果数据
2022-06-26 23:29:25:874  通知桌面显示数据
2022-06-26 23:29:25:912  开始写入数据库
2022-06-26 23:29:26:168  预警及报警参数加载完成
2022-06-26 23:29:26:170  数据库打开成功
2022-06-26 23:29:26:172  train_info数据表写入成功
2022-06-26 23:29:26:175  train_onlyid读取成功
2022-06-26 23:29:26:178  train_data数据表写入成功
2022-06-26 23:29:26:179  train_fault数据表写入1、1成功
2022-06-26 23:29:26:182  vt_info数据表，第0次写入成功
2022-06-26 23:29:26:184  vt_info数据表，第1次写入成功
2022-06-26 23:29:26:186  vt_info数据表，第2次写入成功
2022-06-26 23:29:26:188  vt_info数据表，第3次写入成功
2022-06-26 23:29:26:190  vt_info数据表，第4次写入成功
2022-06-26 23:29:26:193  vt_info数据表，第5次写入成功
2022-06-26 23:29:26:195  vt_info数据表，第6次写入成功
2022-06-26 23:29:26:197  vt_info数据表，第7次写入成功
2022-06-26 23:29:26:331  vt_info数据表，第8次写入成功
2022-06-26 23:29:26:335  vt_info数据表，第9次写入成功
2022-06-26 23:29:26:340  vt_info数据表，第10次写入成功
2022-06-26 23:29:26:344  vt_info数据表，第11次写入成功
2022-06-26 23:29:26:346  vt_info数据表，第12次写入成功
2022-06-26 23:29:26:350  vt_info数据表，第13次写入成功
2022-06-26 23:29:26:352  vt_info数据表，第14次写入成功
2022-06-26 23:29:26:353  vt_info数据表，第15次写入成功
2022-06-26 23:29:26:355  vt_info数据表，第16次写入成功
2022-06-26 23:29:26:366  vt_info数据表，第17次写入成功
2022-06-26 23:29:26:373  vt_info数据表，第18次写入成功
2022-06-26 23:29:26:375  vt_info数据表，第19次写入成功
2022-06-26 23:29:26:377  vt_info数据表，第20次写入成功
2022-06-26 23:29:26:378  vt_info数据表，第21次写入成功
2022-06-26 23:29:26:381  vt_info数据表，第22次写入成功
2022-06-26 23:29:26:384  vt_info数据表，第23次写入成功
2022-06-26 23:29:26:385  vt_info数据表，第24次写入成功
2022-06-26 23:29:26:388  vt_info数据表，第25次写入成功
2022-06-26 23:29:26:390  vt_info数据表，第26次写入成功
2022-06-26 23:29:26:392  vt_info数据表，第27次写入成功
2022-06-26 23:29:26:408  vt_info数据表，第28次写入成功
2022-06-26 23:29:26:410  vt_info数据表，第29次写入成功
2022-06-26 23:29:26:412  vt_info数据表，第30次写入成功
2022-06-26 23:29:26:414  vt_info数据表，第31次写入成功
2022-06-26 23:29:26:417  vt_info数据表，第32次写入成功
2022-06-26 23:29:26:419  vt_info数据表，第33次写入成功
2022-06-26 23:29:26:422  vt_info数据表，第34次写入成功
2022-06-26 23:29:26:426  vt_info数据表，第35次写入成功
2022-06-26 23:29:26:428  vt_info数据表，第36次写入成功
2022-06-26 23:29:26:430  vt_info数据表，第37次写入成功
2022-06-26 23:29:26:449  vt_info数据表，第38次写入成功
2022-06-26 23:29:26:451  vt_info数据表，第39次写入成功
2022-06-26 23:29:26:452  vt_info数据表，第40次写入成功
2022-06-26 23:29:26:454  vt_info数据表，第41次写入成功
2022-06-26 23:29:26:456  vt_info数据表，第42次写入成功
2022-06-26 23:29:26:488  vt_info数据表，第43次写入成功
2022-06-26 23:29:26:490  vt_info数据表，第44次写入成功
2022-06-26 23:29:26:492  vt_info数据表，第45次写入成功
2022-06-26 23:29:26:494  vt_info数据表，第46次写入成功
2022-06-26 23:29:26:496  vt_info数据表，第47次写入成功
2022-06-26 23:29:26:518  motor_info数据表，第0次写入成功
2022-06-26 23:29:26:520  motor_info数据表，第1次写入成功
2022-06-26 23:29:26:522  motor_info数据表，第2次写入成功
2022-06-26 23:29:26:524  motor_info数据表，第3次写入成功
2022-06-26 23:29:26:542  motor_info数据表，第4次写入成功
2022-06-26 23:29:26:545  motor_info数据表，第5次写入成功
2022-06-26 23:29:26:547  motor_info数据表，第6次写入成功
2022-06-26 23:29:26:548  motor_info数据表，第7次写入成功
2022-06-26 23:29:26:564  motor_info数据表，第8次写入成功
2022-06-26 23:29:26:566  motor_info数据表，第9次写入成功
2022-06-26 23:29:26:567  motor_info数据表，第10次写入成功
2022-06-26 23:29:26:569  motor_info数据表，第11次写入成功
2022-06-26 23:29:35:402  motor_info数据表，第12次写入成功
2022-06-26 23:29:35:405  motor_info数据表，第13次写入成功
2022-06-26 23:29:35:411  motor_info数据表，第14次写入成功
2022-06-26 23:29:35:413  motor_info数据表，第15次写入成功
2022-06-26 23:30:30:247  本地IP：127.0.0.1
2022-06-26 23:30:30:259  本地端口号：4500
2022-06-26 23:30:30:322  通讯模块设置成功
2022-06-26 23:30:30:414  综合数据盒连接IP：192.168.1.198
2022-06-26 23:30:30:419  正在打开设备...
2022-06-26 23:30:41:985  正在读取检测数据...
2022-06-26 23:30:51:684  开始处理数据
2022-06-26 23:30:51:687  创建连接出现异常，错误代码为：-6
2022-06-26 23:30:51:690  同步采集仪设置异常
2022-06-26 23:30:51:693  采集仪增益设置异常
2022-06-26 23:30:51:975  右侧计算完成
2022-06-26 23:30:52:151  左侧计算完成
2022-06-26 23:30:52:153  检查结果数据
2022-06-26 23:30:52:155  通知桌面显示数据
2022-06-26 23:30:52:211  开始写入数据库
2022-06-26 23:30:52:500  预警及报警参数加载完成
2022-06-26 23:30:52:502  数据库打开成功
2022-06-26 23:30:52:507  train_info数据表写入成功
2022-06-26 23:30:52:510  train_onlyid读取成功
2022-06-26 23:30:52:512  train_data数据表写入成功
2022-06-26 23:30:52:516  train_fault数据表写入1、1成功
2022-06-26 23:30:52:519  vt_info数据表，第0次写入成功
2022-06-26 23:30:52:521  vt_info数据表，第1次写入成功
2022-06-26 23:30:52:528  vt_info数据表，第2次写入成功
2022-06-26 23:30:52:533  vt_info数据表，第3次写入成功
2022-06-26 23:30:52:535  vt_info数据表，第4次写入成功
2022-06-26 23:30:52:540  vt_info数据表，第5次写入成功
2022-06-26 23:30:52:546  vt_info数据表，第6次写入成功
2022-06-26 23:30:52:550  vt_info数据表，第7次写入成功
2022-06-26 23:30:52:553  vt_info数据表，第8次写入成功
2022-06-26 23:30:52:709  vt_info数据表，第9次写入成功
2022-06-26 23:30:52:711  vt_info数据表，第10次写入成功
2022-06-26 23:30:52:717  vt_info数据表，第11次写入成功
2022-06-26 23:30:52:719  vt_info数据表，第12次写入成功
2022-06-26 23:30:52:722  vt_info数据表，第13次写入成功
2022-06-26 23:30:52:725  vt_info数据表，第14次写入成功
2022-06-26 23:30:52:729  vt_info数据表，第15次写入成功
2022-06-26 23:30:52:731  vt_info数据表，第16次写入成功
2022-06-26 23:30:52:734  vt_info数据表，第17次写入成功
2022-06-26 23:30:52:738  vt_info数据表，第18次写入成功
2022-06-26 23:30:52:740  vt_info数据表，第19次写入成功
2022-06-26 23:30:52:743  vt_info数据表，第20次写入成功
2022-06-26 23:30:52:745  vt_info数据表，第21次写入成功
2022-06-26 23:30:52:747  vt_info数据表，第22次写入成功
2022-06-26 23:30:52:749  vt_info数据表，第23次写入成功
2022-06-26 23:30:52:751  vt_info数据表，第24次写入成功
2022-06-26 23:30:52:753  vt_info数据表，第25次写入成功
2022-06-26 23:30:52:756  vt_info数据表，第26次写入成功
2022-06-26 23:30:52:758  vt_info数据表，第27次写入成功
2022-06-26 23:30:52:759  vt_info数据表，第28次写入成功
2022-06-26 23:30:52:778  vt_info数据表，第29次写入成功
2022-06-26 23:30:52:782  vt_info数据表，第30次写入成功
2022-06-26 23:30:52:783  vt_info数据表，第31次写入成功
2022-06-26 23:30:52:786  vt_info数据表，第32次写入成功
2022-06-26 23:30:52:788  vt_info数据表，第33次写入成功
2022-06-26 23:30:52:790  vt_info数据表，第34次写入成功
2022-06-26 23:30:52:793  vt_info数据表，第35次写入成功
2022-06-26 23:30:52:795  vt_info数据表，第36次写入成功
2022-06-26 23:30:52:826  vt_info数据表，第37次写入成功
2022-06-26 23:30:52:828  vt_info数据表，第38次写入成功
2022-06-26 23:30:52:830  vt_info数据表，第39次写入成功
2022-06-26 23:30:52:833  vt_info数据表，第40次写入成功
2022-06-26 23:30:52:834  vt_info数据表，第41次写入成功
2022-06-26 23:30:52:857  vt_info数据表，第42次写入成功
2022-06-26 23:30:52:860  vt_info数据表，第43次写入成功
2022-06-26 23:30:52:862  vt_info数据表，第44次写入成功
2022-06-26 23:30:52:865  vt_info数据表，第45次写入成功
2022-06-26 23:30:52:885  vt_info数据表，第46次写入成功
2022-06-26 23:30:52:888  vt_info数据表，第47次写入成功
2022-06-26 23:30:52:891  motor_info数据表，第0次写入成功
2022-06-26 23:30:52:895  motor_info数据表，第1次写入成功
2022-06-26 23:30:52:918  motor_info数据表，第2次写入成功
2022-06-26 23:30:52:919  motor_info数据表，第3次写入成功
2022-06-26 23:30:52:922  motor_info数据表，第4次写入成功
2022-06-26 23:30:52:925  motor_info数据表，第5次写入成功
2022-06-26 23:30:52:943  motor_info数据表，第6次写入成功
2022-06-26 23:30:52:944  motor_info数据表，第7次写入成功
2022-06-26 23:30:52:947  motor_info数据表，第8次写入成功
2022-06-26 23:30:52:949  motor_info数据表，第9次写入成功
2022-06-26 23:30:52:969  motor_info数据表，第10次写入成功
2022-06-26 23:30:52:972  motor_info数据表，第11次写入成功
2022-06-26 23:30:52:975  motor_info数据表，第12次写入成功
2022-06-26 23:31:12:265  motor_info数据表，第13次写入成功
2022-06-26 23:31:12:267  motor_info数据表，第14次写入成功
2022-06-26 23:31:12:270  motor_info数据表，第15次写入成功
2022-06-26 23:34:00:834  本地IP：127.0.0.1
2022-06-26 23:34:00:852  本地端口号：4500
2022-06-26 23:34:00:897  通讯模块设置成功
2022-06-26 23:34:00:985  综合数据盒连接IP：192.168.1.198
2022-06-26 23:34:00:987  正在打开设备...
2022-06-26 23:34:05:991  正在读取检测数据...
2022-06-26 23:34:14:758  开始处理数据
2022-06-26 23:34:15:003  右侧计算完成
2022-06-26 23:34:15:177  左侧计算完成
2022-06-26 23:34:15:183  检查结果数据
2022-06-26 23:34:15:189  通知桌面显示数据
2022-06-26 23:34:15:279  开始写入数据库
2022-06-26 23:34:15:465  预警及报警参数加载完成
2022-06-26 23:34:15:467  数据库打开成功
2022-06-26 23:34:15:469  train_info数据表写入成功
2022-06-26 23:34:15:471  train_onlyid读取成功
2022-06-26 23:34:15:472  train_data数据表写入成功
2022-06-26 23:34:15:475  train_fault数据表写入1、1成功
2022-06-26 23:34:15:477  vt_info数据表，第0次写入成功
2022-06-26 23:34:15:480  vt_info数据表，第1次写入成功
2022-06-26 23:34:15:482  vt_info数据表，第2次写入成功
2022-06-26 23:34:15:485  vt_info数据表，第3次写入成功
2022-06-26 23:34:15:487  vt_info数据表，第4次写入成功
2022-06-26 23:34:15:489  vt_info数据表，第5次写入成功
2022-06-26 23:34:15:490  vt_info数据表，第6次写入成功
2022-06-26 23:34:15:494  vt_info数据表，第7次写入成功
2022-06-26 23:34:15:496  vt_info数据表，第8次写入成功
2022-06-26 23:34:15:498  vt_info数据表，第9次写入成功
2022-06-26 23:34:15:636  vt_info数据表，第10次写入成功
2022-06-26 23:34:15:638  vt_info数据表，第11次写入成功
2022-06-26 23:34:15:641  vt_info数据表，第12次写入成功
2022-06-26 23:34:15:643  vt_info数据表，第13次写入成功
2022-06-26 23:34:15:645  vt_info数据表，第14次写入成功
2022-06-26 23:34:15:646  vt_info数据表，第15次写入成功
2022-06-26 23:34:15:648  vt_info数据表，第16次写入成功
2022-06-26 23:34:15:650  vt_info数据表，第17次写入成功
2022-06-26 23:34:15:652  vt_info数据表，第18次写入成功
2022-06-26 23:34:15:654  vt_info数据表，第19次写入成功
2022-06-26 23:34:15:656  vt_info数据表，第20次写入成功
2022-06-26 23:34:15:659  vt_info数据表，第21次写入成功
2022-06-26 23:34:15:660  vt_info数据表，第22次写入成功
2022-06-26 23:34:15:662  vt_info数据表，第23次写入成功
2022-06-26 23:34:15:664  vt_info数据表，第24次写入成功
2022-06-26 23:34:15:666  vt_info数据表，第25次写入成功
2022-06-26 23:34:15:667  vt_info数据表，第26次写入成功
2022-06-26 23:34:15:683  vt_info数据表，第27次写入成功
2022-06-26 23:34:15:685  vt_info数据表，第28次写入成功
2022-06-26 23:34:15:687  vt_info数据表，第29次写入成功
2022-06-26 23:34:15:688  vt_info数据表，第30次写入成功
2022-06-26 23:34:15:690  vt_info数据表，第31次写入成功
2022-06-26 23:34:15:692  vt_info数据表，第32次写入成功
2022-06-26 23:34:15:727  vt_info数据表，第33次写入成功
2022-06-26 23:34:15:729  vt_info数据表，第34次写入成功
2022-06-26 23:34:15:730  vt_info数据表，第35次写入成功
2022-06-26 23:34:15:732  vt_info数据表，第36次写入成功
2022-06-26 23:34:15:734  vt_info数据表，第37次写入成功
2022-06-26 23:34:15:736  vt_info数据表，第38次写入成功
2022-06-26 23:34:15:738  vt_info数据表，第39次写入成功
2022-06-26 23:34:15:755  vt_info数据表，第40次写入成功
2022-06-26 23:34:15:758  vt_info数据表，第41次写入成功
2022-06-26 23:34:15:761  vt_info数据表，第42次写入成功
2022-06-26 23:34:15:762  vt_info数据表，第43次写入成功
2022-06-26 23:34:15:778  vt_info数据表，第44次写入成功
2022-06-26 23:34:15:780  vt_info数据表，第45次写入成功
2022-06-26 23:34:15:784  vt_info数据表，第46次写入成功
2022-06-26 23:34:15:804  vt_info数据表，第47次写入成功
2022-06-26 23:34:15:805  motor_info数据表，第0次写入成功
2022-06-26 23:34:15:808  motor_info数据表，第1次写入成功
2022-06-26 23:34:15:825  motor_info数据表，第2次写入成功
2022-06-26 23:34:15:827  motor_info数据表，第3次写入成功
2022-06-26 23:34:15:829  motor_info数据表，第4次写入成功
2022-06-26 23:34:15:851  motor_info数据表，第5次写入成功
2022-06-26 23:34:15:852  motor_info数据表，第6次写入成功
2022-06-26 23:34:15:854  motor_info数据表，第7次写入成功
2022-06-26 23:34:15:856  motor_info数据表，第8次写入成功
2022-06-26 23:34:15:878  motor_info数据表，第9次写入成功
2022-06-26 23:34:15:880  motor_info数据表，第10次写入成功
2022-06-26 23:34:15:883  motor_info数据表，第11次写入成功
2022-06-26 23:34:15:886  motor_info数据表，第12次写入成功
2022-06-26 23:35:10:949  本地IP：127.0.0.1
2022-06-26 23:35:10:960  本地端口号：4500
2022-06-26 23:35:10:991  通讯模块设置成功
2022-06-26 23:35:11:011  综合数据盒连接IP：192.168.1.198
2022-06-26 23:35:11:013  正在打开设备...
2022-06-26 23:35:16:131  正在读取检测数据...
2022-06-26 23:35:24:988  开始处理数据
2022-06-26 23:35:25:242  右侧计算完成
2022-06-26 23:35:25:405  左侧计算完成
2022-06-26 23:35:25:407  检查结果数据
2022-06-26 23:35:25:410  通知桌面显示数据
2022-06-26 23:35:25:489  开始写入数据库
2022-06-26 23:35:25:700  预警及报警参数加载完成
2022-06-26 23:35:25:703  数据库打开成功
2022-06-26 23:35:25:706  train_info数据表写入成功
2022-06-26 23:35:25:710  train_onlyid读取成功
2022-06-26 23:35:25:712  train_data数据表写入成功
2022-06-26 23:35:25:715  train_fault数据表写入1、1成功
2022-06-26 23:35:25:717  vt_info数据表，第0次写入成功
2022-06-26 23:35:25:720  vt_info数据表，第1次写入成功
2022-06-26 23:35:25:722  vt_info数据表，第2次写入成功
2022-06-26 23:35:25:726  vt_info数据表，第3次写入成功
2022-06-26 23:35:25:729  vt_info数据表，第4次写入成功
2022-06-26 23:35:25:731  vt_info数据表，第5次写入成功
2022-06-26 23:35:25:732  vt_info数据表，第6次写入成功
2022-06-26 23:35:25:734  vt_info数据表，第7次写入成功
2022-06-26 23:35:25:836  vt_info数据表，第8次写入成功
2022-06-26 23:35:25:838  vt_info数据表，第9次写入成功
2022-06-26 23:35:25:840  vt_info数据表，第10次写入成功
2022-06-26 23:35:25:843  vt_info数据表，第11次写入成功
2022-06-26 23:35:25:845  vt_info数据表，第12次写入成功
2022-06-26 23:35:25:847  vt_info数据表，第13次写入成功
2022-06-26 23:35:25:848  vt_info数据表，第14次写入成功
2022-06-26 23:35:25:850  vt_info数据表，第15次写入成功
2022-06-26 23:35:25:851  vt_info数据表，第16次写入成功
2022-06-26 23:35:25:853  vt_info数据表，第17次写入成功
2022-06-26 23:35:25:855  vt_info数据表，第18次写入成功
2022-06-26 23:35:25:857  vt_info数据表，第19次写入成功
2022-06-26 23:35:25:860  vt_info数据表，第20次写入成功
2022-06-26 23:35:25:862  vt_info数据表，第21次写入成功
2022-06-26 23:35:25:864  vt_info数据表，第22次写入成功
2022-06-26 23:35:25:868  vt_info数据表，第23次写入成功
2022-06-26 23:35:25:871  vt_info数据表，第24次写入成功
2022-06-26 23:35:25:873  vt_info数据表，第25次写入成功
2022-06-26 23:35:25:902  vt_info数据表，第26次写入成功
2022-06-26 23:35:25:904  vt_info数据表，第27次写入成功
2022-06-26 23:35:25:906  vt_info数据表，第28次写入成功
2022-06-26 23:35:25:908  vt_info数据表，第29次写入成功
2022-06-26 23:35:25:910  vt_info数据表，第30次写入成功
2022-06-26 23:35:25:912  vt_info数据表，第31次写入成功
2022-06-26 23:35:25:913  vt_info数据表，第32次写入成功
2022-06-26 23:35:25:930  vt_info数据表，第33次写入成功
2022-06-26 23:35:25:932  vt_info数据表，第34次写入成功
2022-06-26 23:35:25:934  vt_info数据表，第35次写入成功
2022-06-26 23:35:25:936  vt_info数据表，第36次写入成功
2022-06-26 23:35:25:955  vt_info数据表，第37次写入成功
2022-06-26 23:35:25:958  vt_info数据表，第38次写入成功
2022-06-26 23:35:25:961  vt_info数据表，第39次写入成功
2022-06-26 23:35:25:976  vt_info数据表，第40次写入成功
2022-06-26 23:35:25:978  vt_info数据表，第41次写入成功
2022-06-26 23:35:25:980  vt_info数据表，第42次写入成功
2022-06-26 23:35:25:993  vt_info数据表，第43次写入成功
2022-06-26 23:35:25:995  vt_info数据表，第44次写入成功
2022-06-26 23:35:26:000  vt_info数据表，第45次写入成功
2022-06-26 23:35:26:018  vt_info数据表，第46次写入成功
2022-06-26 23:35:26:019  vt_info数据表，第47次写入成功
2022-06-26 23:35:26:021  motor_info数据表，第0次写入成功
2022-06-26 23:35:26:022  motor_info数据表，第1次写入成功
2022-06-26 23:35:26:024  motor_info数据表，第2次写入成功
2022-06-26 23:35:26:045  motor_info数据表，第3次写入成功
2022-06-26 23:35:26:047  motor_info数据表，第4次写入成功
2022-06-26 23:35:26:050  motor_info数据表，第5次写入成功
2022-06-26 23:35:26:052  motor_info数据表，第6次写入成功
2022-06-26 23:35:26:070  motor_info数据表，第7次写入成功
2022-06-26 23:35:26:072  motor_info数据表，第8次写入成功
2022-06-26 23:35:26:074  motor_info数据表，第9次写入成功
2022-06-26 23:35:26:092  motor_info数据表，第10次写入成功
2022-06-26 23:35:26:094  motor_info数据表，第11次写入成功
2022-06-26 23:35:26:095  motor_info数据表，第12次写入成功
2022-06-26 23:35:26:097  motor_info数据表，第13次写入成功
2022-06-26 23:35:26:120  motor_info数据表，第14次写入成功
2022-06-26 23:35:26:128  motor_info数据表，第15次写入成功
2022-06-26 23:35:32:119  创建连接出现异常，错误代码为：-6
2022-06-26 23:35:32:133  同步采集仪设置异常
2022-06-26 23:35:32:145  采集仪增益设置异常
2022-06-26 23:35:53:680  本地IP：127.0.0.1
2022-06-26 23:35:53:691  本地端口号：4500
2022-06-26 23:35:53:727  通讯模块设置成功
2022-06-26 23:35:53:753  综合数据盒连接IP：192.168.1.198
2022-06-26 23:35:53:754  正在打开设备...
2022-06-26 23:36:14:776  创建连接出现异常，错误代码为：-6
2022-06-26 23:36:14:778  同步采集仪设置异常
2022-06-26 23:36:14:781  采集仪增益设置异常
2022-06-26 23:36:43:067  本地IP：127.0.0.1
2022-06-26 23:36:43:079  本地端口号：4500
2022-06-26 23:36:43:177  通讯模块设置成功
2022-06-26 23:36:43:222  综合数据盒连接IP：192.168.1.198
2022-06-26 23:36:43:224  正在打开设备...
2022-06-26 23:36:48:721  正在读取检测数据...
2022-06-26 23:36:57:432  开始处理数据
2022-06-26 23:36:57:668  右侧计算完成
2022-06-26 23:36:57:837  左侧计算完成
2022-06-26 23:36:57:838  检查结果数据
2022-06-26 23:36:57:842  通知桌面显示数据
2022-06-26 23:36:57:905  开始写入数据库
2022-06-26 23:36:58:084  预警及报警参数加载完成
2022-06-26 23:36:58:086  数据库打开成功
2022-06-26 23:36:58:094  train_info数据表写入成功
2022-06-26 23:36:58:096  train_onlyid读取成功
2022-06-26 23:36:58:101  train_data数据表写入成功
2022-06-26 23:36:58:103  train_fault数据表写入1、1成功
2022-06-26 23:36:58:105  vt_info数据表，第0次写入成功
2022-06-26 23:36:58:107  vt_info数据表，第1次写入成功
2022-06-26 23:36:58:110  vt_info数据表，第2次写入成功
2022-06-26 23:36:58:111  vt_info数据表，第3次写入成功
2022-06-26 23:36:58:113  vt_info数据表，第4次写入成功
2022-06-26 23:36:58:115  vt_info数据表，第5次写入成功
2022-06-26 23:36:58:117  vt_info数据表，第6次写入成功
2022-06-26 23:36:58:213  vt_info数据表，第7次写入成功
2022-06-26 23:36:58:215  vt_info数据表，第8次写入成功
2022-06-26 23:36:58:217  vt_info数据表，第9次写入成功
2022-06-26 23:36:58:219  vt_info数据表，第10次写入成功
2022-06-26 23:36:58:220  vt_info数据表，第11次写入成功
2022-06-26 23:36:58:222  vt_info数据表，第12次写入成功
2022-06-26 23:36:58:226  vt_info数据表，第13次写入成功
2022-06-26 23:36:58:228  vt_info数据表，第14次写入成功
2022-06-26 23:36:58:229  vt_info数据表，第15次写入成功
2022-06-26 23:36:58:231  vt_info数据表，第16次写入成功
2022-06-26 23:36:58:235  vt_info数据表，第17次写入成功
2022-06-26 23:36:58:237  vt_info数据表，第18次写入成功
2022-06-26 23:36:58:238  vt_info数据表，第19次写入成功
2022-06-26 23:36:58:244  vt_info数据表，第20次写入成功
2022-06-26 23:36:58:250  vt_info数据表，第21次写入成功
2022-06-26 23:36:58:257  vt_info数据表，第22次写入成功
2022-06-26 23:36:58:261  vt_info数据表，第23次写入成功
2022-06-26 23:36:58:284  vt_info数据表，第24次写入成功
2022-06-26 23:36:58:286  vt_info数据表，第25次写入成功
2022-06-26 23:36:58:292  vt_info数据表，第26次写入成功
2022-06-26 23:36:58:297  vt_info数据表，第27次写入成功
2022-06-26 23:36:58:299  vt_info数据表，第28次写入成功
2022-06-26 23:36:58:304  vt_info数据表，第29次写入成功
2022-06-26 23:36:58:310  vt_info数据表，第30次写入成功
2022-06-26 23:36:58:346  vt_info数据表，第31次写入成功
2022-06-26 23:36:58:348  vt_info数据表，第32次写入成功
2022-06-26 23:36:58:351  vt_info数据表，第33次写入成功
2022-06-26 23:36:58:354  vt_info数据表，第34次写入成功
2022-06-26 23:36:58:359  vt_info数据表，第35次写入成功
2022-06-26 23:36:58:381  vt_info数据表，第36次写入成功
2022-06-26 23:36:58:386  vt_info数据表，第37次写入成功
2022-06-26 23:36:58:388  vt_info数据表，第38次写入成功
2022-06-26 23:36:58:418  vt_info数据表，第39次写入成功
2022-06-26 23:36:58:420  vt_info数据表，第40次写入成功
2022-06-26 23:36:58:424  vt_info数据表，第41次写入成功
2022-06-26 23:36:58:430  vt_info数据表，第42次写入成功
2022-06-26 23:36:58:458  vt_info数据表，第43次写入成功
2022-06-26 23:36:58:460  vt_info数据表，第44次写入成功
2022-06-26 23:36:58:464  vt_info数据表，第45次写入成功
2022-06-26 23:36:58:467  vt_info数据表，第46次写入成功
2022-06-26 23:36:58:489  vt_info数据表，第47次写入成功
2022-06-26 23:36:58:492  motor_info数据表，第0次写入成功
2022-06-26 23:36:58:494  motor_info数据表，第1次写入成功
2022-06-26 23:36:58:496  motor_info数据表，第2次写入成功
2022-06-26 23:36:58:533  motor_info数据表，第3次写入成功
2022-06-26 23:36:58:536  motor_info数据表，第4次写入成功
2022-06-26 23:36:58:538  motor_info数据表，第5次写入成功
2022-06-26 23:36:58:540  motor_info数据表，第6次写入成功
2022-06-26 23:36:58:544  motor_info数据表，第7次写入成功
2022-06-26 23:36:58:546  motor_info数据表，第8次写入成功
2022-06-26 23:36:58:581  motor_info数据表，第9次写入成功
2022-06-26 23:36:58:585  motor_info数据表，第10次写入成功
2022-06-26 23:36:58:598  motor_info数据表，第11次写入成功
2022-06-26 23:37:10:516  motor_info数据表，第12次写入成功
2022-06-26 23:37:10:562  motor_info数据表，第13次写入成功
2022-06-26 23:37:10:605  motor_info数据表，第14次写入成功
2022-06-26 23:37:10:610  motor_info数据表，第15次写入成功
2022-06-26 23:37:10:805  创建连接出现异常，错误代码为：-6
2022-06-26 23:37:10:822  同步采集仪设置异常
2022-06-26 23:37:10:879  采集仪增益设置异常
2022-06-26 23:37:10:906  数据库关闭！
