2020-12-25 06:00:20:859  收到来车信号，流水号：20201225060020，所有设备开始采集
2020-12-25 06:00:20:915  开启A/D采集
2020-12-25 06:01:00:617  收到离车信号，流水号：20201225060020，线号：0，车号：0，主控端：0，所有设备停止采集
2020-12-25 06:01:00:621  收到停止采集命令，开始停止采集
2020-12-25 06:01:00:625  停止采集数据
2020-12-25 06:01:00:627  采集连接已断开
2020-12-25 06:01:00:629  开始数据分析和落盘
2020-12-25 06:01:08:476  vibration1完成落盘
2020-12-25 06:01:14:638  vibration2完成落盘
2020-12-25 06:01:21:207  vibration3完成落盘
2020-12-25 06:01:27:350  vibration4完成落盘
2020-12-25 06:01:33:585  vibration5完成落盘
2020-12-25 06:01:40:261  vibration6完成落盘
2020-12-25 06:01:46:344  vibration7完成落盘
2020-12-25 06:01:53:228  vibration8完成落盘
2020-12-25 06:01:59:401  magnetic1完成落盘
2020-12-25 06:02:05:330  magnetic2完成落盘
2020-12-25 06:02:11:645  magnetic3完成落盘
2020-12-25 06:02:17:665  magnetic4完成落盘
2020-12-25 06:02:23:970  temperate1完成落盘
2020-12-25 06:02:29:861  temperate2完成落盘
2020-12-25 06:02:35:970  temperate3完成落盘
2020-12-25 06:02:41:773  temperate4完成落盘
2020-12-25 06:02:41:783  开始处理数据
2020-12-25 06:02:42:295  右侧计算完成
2020-12-25 06:02:42:596  左侧计算完成
2020-12-25 06:02:42:598  检查结果数据
2020-12-25 06:02:42:600  通知桌面显示数据
2020-12-25 06:02:42:610  开始写入数据库
2020-12-25 06:02:42:630  预警及报警参数加载完成
2020-12-25 06:02:42:632  数据库打开成功
2020-12-25 06:02:42:634  train_info数据表写入成功
2020-12-25 06:02:42:636  train_onlyid读取成功
2020-12-25 06:02:42:638  train_data数据表写入成功
2020-12-25 06:02:42:642  train_fault数据表写入1、1成功
2020-12-25 06:02:42:644  train_fault数据表写入2、1成功
2020-12-25 06:02:42:646  train_fault数据表写入3、1成功
2020-12-25 06:02:42:650  vt_info数据表，第0次写入成功
2020-12-25 06:02:42:654  vt_info数据表，第1次写入成功
2020-12-25 06:02:42:656  vt_info数据表，第2次写入成功
2020-12-25 06:02:42:660  vt_info数据表，第3次写入成功
2020-12-25 06:02:42:664  vt_info数据表，第4次写入成功
2020-12-25 06:02:42:668  vt_info数据表，第5次写入成功
2020-12-25 06:02:42:672  vt_info数据表，第6次写入成功
2020-12-25 06:02:42:676  vt_info数据表，第7次写入成功
2020-12-25 06:02:42:680  vt_info数据表，第8次写入成功
2020-12-25 06:02:42:682  vt_info数据表，第9次写入成功
2020-12-25 06:02:42:686  vt_info数据表，第10次写入成功
2020-12-25 06:02:42:690  vt_info数据表，第11次写入成功
2020-12-25 06:02:42:694  vt_info数据表，第12次写入成功
2020-12-25 06:02:42:698  vt_info数据表，第13次写入成功
2020-12-25 06:02:42:702  vt_info数据表，第14次写入成功
2020-12-25 06:02:42:704  vt_info数据表，第15次写入成功
2020-12-25 06:02:42:708  vt_info数据表，第16次写入成功
2020-12-25 06:02:42:712  vt_info数据表，第17次写入成功
2020-12-25 06:02:42:716  vt_info数据表，第18次写入成功
2020-12-25 06:02:42:720  vt_info数据表，第19次写入成功
2020-12-25 06:02:42:724  vt_info数据表，第20次写入成功
2020-12-25 06:02:42:728  vt_info数据表，第21次写入成功
2020-12-25 06:02:42:730  vt_info数据表，第22次写入成功
2020-12-25 06:02:42:736  vt_info数据表，第23次写入成功
2020-12-25 06:02:42:738  vt_info数据表，第24次写入成功
2020-12-25 06:02:42:742  vt_info数据表，第25次写入成功
2020-12-25 06:02:42:746  vt_info数据表，第26次写入成功
2020-12-25 06:02:42:750  vt_info数据表，第27次写入成功
2020-12-25 06:02:42:752  vt_info数据表，第28次写入成功
2020-12-25 06:02:42:756  vt_info数据表，第29次写入成功
2020-12-25 06:02:42:760  vt_info数据表，第30次写入成功
2020-12-25 06:02:42:764  vt_info数据表，第31次写入成功
2020-12-25 06:02:42:768  vt_info数据表，第32次写入成功
2020-12-25 06:02:42:772  vt_info数据表，第33次写入成功
2020-12-25 06:02:42:774  vt_info数据表，第34次写入成功
2020-12-25 06:02:42:778  vt_info数据表，第35次写入成功
2020-12-25 06:02:42:782  vt_info数据表，第36次写入成功
2020-12-25 06:02:42:786  vt_info数据表，第37次写入成功
2020-12-25 06:02:42:790  vt_info数据表，第38次写入成功
2020-12-25 06:02:42:794  vt_info数据表，第39次写入成功
2020-12-25 06:02:42:798  vt_info数据表，第40次写入成功
2020-12-25 06:02:42:800  vt_info数据表，第41次写入成功
2020-12-25 06:02:42:804  vt_info数据表，第42次写入成功
2020-12-25 06:02:42:808  vt_info数据表，第43次写入成功
2020-12-25 06:02:42:812  vt_info数据表，第44次写入成功
2020-12-25 06:02:42:816  vt_info数据表，第45次写入成功
2020-12-25 06:02:42:820  vt_info数据表，第46次写入成功
2020-12-25 06:02:42:824  vt_info数据表，第47次写入成功
2020-12-25 06:02:42:826  motor_info数据表，第0次写入成功
2020-12-25 06:02:42:828  motor_info数据表，第1次写入成功
2020-12-25 06:02:42:832  motor_info数据表，第2次写入成功
2020-12-25 06:02:42:834  motor_info数据表，第3次写入成功
2020-12-25 06:02:42:836  motor_info数据表，第4次写入成功
2020-12-25 06:02:42:840  motor_info数据表，第5次写入成功
2020-12-25 06:02:42:842  motor_info数据表，第6次写入成功
2020-12-25 06:02:42:846  motor_info数据表，第7次写入成功
2020-12-25 06:02:42:848  motor_info数据表，第8次写入成功
2020-12-25 06:02:42:850  motor_info数据表，第9次写入成功
2020-12-25 06:02:42:852  motor_info数据表，第10次写入成功
2020-12-25 06:02:42:856  motor_info数据表，第11次写入成功
2020-12-25 06:02:42:858  motor_info数据表，第12次写入成功
2020-12-25 06:02:42:862  motor_info数据表，第13次写入成功
2020-12-25 06:02:42:864  motor_info数据表，第14次写入成功
2020-12-25 06:02:42:884  motor_info数据表，第15次写入成功
2020-12-25 06:02:42:886  数据库关闭！
2020-12-25 06:10:26:723  收到来车信号，流水号：20201225061026，所有设备开始采集
2020-12-25 06:10:26:779  开启A/D采集
2020-12-25 06:11:06:544  收到离车信号，流水号：20201225061026，线号：0，车号：0，主控端：0，所有设备停止采集
2020-12-25 06:11:06:546  收到停止采集命令，开始停止采集
2020-12-25 06:11:06:552  停止采集数据
2020-12-25 06:11:06:554  采集连接已断开
2020-12-25 06:11:06:556  开始数据分析和落盘
2020-12-25 06:11:14:386  vibration1完成落盘
2020-12-25 06:11:20:897  vibration2完成落盘
2020-12-25 06:11:27:563  vibration3完成落盘
2020-12-25 06:11:34:332  vibration4完成落盘
2020-12-25 06:11:40:795  vibration5完成落盘
2020-12-25 06:11:47:313  vibration6完成落盘
2020-12-25 06:11:53:790  vibration7完成落盘
2020-12-25 06:12:00:307  vibration8完成落盘
2020-12-25 06:12:06:725  magnetic1完成落盘
2020-12-25 06:12:13:220  magnetic2完成落盘
2020-12-25 06:12:19:963  magnetic3完成落盘
2020-12-25 06:12:26:422  magnetic4完成落盘
2020-12-25 06:12:32:608  temperate1完成落盘
2020-12-25 06:12:38:845  temperate2完成落盘
2020-12-25 06:12:44:838  temperate3完成落盘
2020-12-25 06:12:50:949  temperate4完成落盘
2020-12-25 06:12:50:957  开始处理数据
2020-12-25 06:12:51:429  右侧计算完成
2020-12-25 06:12:51:709  左侧计算完成
2020-12-25 06:12:51:711  检查结果数据
2020-12-25 06:12:51:713  通知桌面显示数据
2020-12-25 06:12:51:723  开始写入数据库
2020-12-25 06:12:51:743  预警及报警参数加载完成
2020-12-25 06:12:51:745  数据库打开成功
2020-12-25 06:12:51:747  train_info数据表写入成功
2020-12-25 06:12:51:749  train_onlyid读取成功
2020-12-25 06:12:51:751  train_data数据表写入成功
2020-12-25 06:12:51:755  train_fault数据表写入1、1成功
2020-12-25 06:12:51:757  train_fault数据表写入2、1成功
2020-12-25 06:12:51:759  train_fault数据表写入3、1成功
2020-12-25 06:12:51:763  vt_info数据表，第0次写入成功
2020-12-25 06:12:51:767  vt_info数据表，第1次写入成功
2020-12-25 06:12:51:771  vt_info数据表，第2次写入成功
2020-12-25 06:12:51:773  vt_info数据表，第3次写入成功
2020-12-25 06:12:51:777  vt_info数据表，第4次写入成功
2020-12-25 06:12:51:781  vt_info数据表，第5次写入成功
2020-12-25 06:12:51:785  vt_info数据表，第6次写入成功
2020-12-25 06:12:51:789  vt_info数据表，第7次写入成功
2020-12-25 06:12:51:793  vt_info数据表，第8次写入成功
2020-12-25 06:12:51:797  vt_info数据表，第9次写入成功
2020-12-25 06:12:51:801  vt_info数据表，第10次写入成功
2020-12-25 06:12:51:803  vt_info数据表，第11次写入成功
2020-12-25 06:12:51:807  vt_info数据表，第12次写入成功
2020-12-25 06:12:51:811  vt_info数据表，第13次写入成功
2020-12-25 06:12:51:815  vt_info数据表，第14次写入成功
2020-12-25 06:12:51:819  vt_info数据表，第15次写入成功
2020-12-25 06:12:51:823  vt_info数据表，第16次写入成功
2020-12-25 06:12:51:827  vt_info数据表，第17次写入成功
2020-12-25 06:12:51:829  vt_info数据表，第18次写入成功
2020-12-25 06:12:51:833  vt_info数据表，第19次写入成功
2020-12-25 06:12:51:837  vt_info数据表，第20次写入成功
2020-12-25 06:12:51:841  vt_info数据表，第21次写入成功
2020-12-25 06:12:51:845  vt_info数据表，第22次写入成功
2020-12-25 06:12:51:849  vt_info数据表，第23次写入成功
2020-12-25 06:12:51:853  vt_info数据表，第24次写入成功
2020-12-25 06:12:51:855  vt_info数据表，第25次写入成功
2020-12-25 06:12:51:859  vt_info数据表，第26次写入成功
2020-12-25 06:12:51:863  vt_info数据表，第27次写入成功
2020-12-25 06:12:51:867  vt_info数据表，第28次写入成功
2020-12-25 06:12:51:871  vt_info数据表，第29次写入成功
2020-12-25 06:12:51:875  vt_info数据表，第30次写入成功
2020-12-25 06:12:51:877  vt_info数据表，第31次写入成功
2020-12-25 06:12:51:881  vt_info数据表，第32次写入成功
2020-12-25 06:12:51:885  vt_info数据表，第33次写入成功
2020-12-25 06:12:51:889  vt_info数据表，第34次写入成功
2020-12-25 06:12:51:893  vt_info数据表，第35次写入成功
2020-12-25 06:12:51:897  vt_info数据表，第36次写入成功
2020-12-25 06:12:51:901  vt_info数据表，第37次写入成功
2020-12-25 06:12:51:905  vt_info数据表，第38次写入成功
2020-12-25 06:12:51:907  vt_info数据表，第39次写入成功
2020-12-25 06:12:51:911  vt_info数据表，第40次写入成功
2020-12-25 06:12:51:915  vt_info数据表，第41次写入成功
2020-12-25 06:12:51:919  vt_info数据表，第42次写入成功
2020-12-25 06:12:51:923  vt_info数据表，第43次写入成功
2020-12-25 06:12:51:927  vt_info数据表，第44次写入成功
2020-12-25 06:12:51:931  vt_info数据表，第45次写入成功
2020-12-25 06:12:51:935  vt_info数据表，第46次写入成功
2020-12-25 06:12:51:937  vt_info数据表，第47次写入成功
2020-12-25 06:12:51:941  motor_info数据表，第0次写入成功
2020-12-25 06:12:51:943  motor_info数据表，第1次写入成功
2020-12-25 06:12:51:947  motor_info数据表，第2次写入成功
2020-12-25 06:12:51:949  motor_info数据表，第3次写入成功
2020-12-25 06:12:51:951  motor_info数据表，第4次写入成功
2020-12-25 06:12:51:955  motor_info数据表，第5次写入成功
2020-12-25 06:12:51:957  motor_info数据表，第6次写入成功
2020-12-25 06:12:51:959  motor_info数据表，第7次写入成功
2020-12-25 06:12:51:963  motor_info数据表，第8次写入成功
2020-12-25 06:12:51:965  motor_info数据表，第9次写入成功
2020-12-25 06:12:51:969  motor_info数据表，第10次写入成功
2020-12-25 06:12:51:971  motor_info数据表，第11次写入成功
2020-12-25 06:12:51:973  motor_info数据表，第12次写入成功
2020-12-25 06:12:51:977  motor_info数据表，第13次写入成功
2020-12-25 06:12:51:979  motor_info数据表，第14次写入成功
2020-12-25 06:12:51:999  motor_info数据表，第15次写入成功
2020-12-25 06:12:52:001  数据库关闭！
2020-12-25 06:15:23:685  收到来车信号，流水号：20201225061523，所有设备开始采集
2020-12-25 06:15:23:743  开启A/D采集
2020-12-25 06:16:03:559  收到离车信号，流水号：20201225061523，线号：0，车号：0，主控端：0，所有设备停止采集
2020-12-25 06:16:03:561  收到停止采集命令，开始停止采集
2020-12-25 06:16:03:565  停止采集数据
2020-12-25 06:16:03:567  采集连接已断开
2020-12-25 06:16:03:569  开始数据分析和落盘
2020-12-25 06:16:11:078  vibration1完成落盘
2020-12-25 06:16:17:780  vibration2完成落盘
2020-12-25 06:16:24:067  vibration3完成落盘
2020-12-25 06:16:30:554  vibration4完成落盘
2020-12-25 06:16:37:282  vibration5完成落盘
2020-12-25 06:16:44:005  vibration6完成落盘
2020-12-25 06:16:50:610  vibration7完成落盘
2020-12-25 06:16:56:848  vibration8完成落盘
2020-12-25 06:17:03:105  magnetic1完成落盘
2020-12-25 06:17:09:124  magnetic2完成落盘
2020-12-25 06:17:15:483  magnetic3完成落盘
2020-12-25 06:17:21:800  magnetic4完成落盘
2020-12-25 06:17:27:434  temperate1完成落盘
2020-12-25 06:17:33:095  temperate2完成落盘
2020-12-25 06:17:38:954  temperate3完成落盘
2020-12-25 06:17:44:657  temperate4完成落盘
2020-12-25 06:17:44:667  开始处理数据
2020-12-25 06:17:45:177  右侧计算完成
2020-12-25 06:17:45:457  左侧计算完成
2020-12-25 06:17:45:459  检查结果数据
2020-12-25 06:17:45:459  通知桌面显示数据
2020-12-25 06:17:45:471  开始写入数据库
2020-12-25 06:17:45:487  预警及报警参数加载完成
2020-12-25 06:17:45:489  数据库打开成功
2020-12-25 06:17:45:491  train_info数据表写入成功
2020-12-25 06:17:45:493  train_onlyid读取成功
2020-12-25 06:17:45:495  train_data数据表写入成功
2020-12-25 06:17:45:497  train_fault数据表写入1、1成功
2020-12-25 06:17:45:499  train_fault数据表写入2、1成功
2020-12-25 06:17:45:501  train_fault数据表写入3、1成功
2020-12-25 06:17:45:503  vt_info数据表，第0次写入成功
2020-12-25 06:17:45:505  vt_info数据表，第1次写入成功
2020-12-25 06:17:45:509  vt_info数据表，第2次写入成功
2020-12-25 06:17:45:513  vt_info数据表，第3次写入成功
2020-12-25 06:17:45:515  vt_info数据表，第4次写入成功
2020-12-25 06:17:45:519  vt_info数据表，第5次写入成功
2020-12-25 06:17:45:523  vt_info数据表，第6次写入成功
2020-12-25 06:17:45:527  vt_info数据表，第7次写入成功
2020-12-25 06:17:45:529  vt_info数据表，第8次写入成功
2020-12-25 06:17:45:533  vt_info数据表，第9次写入成功
2020-12-25 06:17:45:537  vt_info数据表，第10次写入成功
2020-12-25 06:17:45:539  vt_info数据表，第11次写入成功
2020-12-25 06:17:45:543  vt_info数据表，第12次写入成功
2020-12-25 06:17:45:547  vt_info数据表，第13次写入成功
2020-12-25 06:17:45:551  vt_info数据表，第14次写入成功
2020-12-25 06:17:45:555  vt_info数据表，第15次写入成功
2020-12-25 06:17:45:559  vt_info数据表，第16次写入成功
2020-12-25 06:17:45:563  vt_info数据表，第17次写入成功
2020-12-25 06:17:45:565  vt_info数据表，第18次写入成功
2020-12-25 06:17:45:569  vt_info数据表，第19次写入成功
2020-12-25 06:17:45:573  vt_info数据表，第20次写入成功
2020-12-25 06:17:45:577  vt_info数据表，第21次写入成功
2020-12-25 06:17:45:581  vt_info数据表，第22次写入成功
2020-12-25 06:17:45:585  vt_info数据表，第23次写入成功
2020-12-25 06:17:45:587  vt_info数据表，第24次写入成功
2020-12-25 06:17:45:591  vt_info数据表，第25次写入成功
2020-12-25 06:17:45:595  vt_info数据表，第26次写入成功
2020-12-25 06:17:45:599  vt_info数据表，第27次写入成功
2020-12-25 06:17:45:603  vt_info数据表，第28次写入成功
2020-12-25 06:17:45:607  vt_info数据表，第29次写入成功
2020-12-25 06:17:45:611  vt_info数据表，第30次写入成功
2020-12-25 06:17:45:613  vt_info数据表，第31次写入成功
2020-12-25 06:17:45:617  vt_info数据表，第32次写入成功
2020-12-25 06:17:45:621  vt_info数据表，第33次写入成功
2020-12-25 06:17:45:625  vt_info数据表，第34次写入成功
2020-12-25 06:17:45:629  vt_info数据表，第35次写入成功
2020-12-25 06:17:45:631  vt_info数据表，第36次写入成功
2020-12-25 06:17:45:635  vt_info数据表，第37次写入成功
2020-12-25 06:17:45:639  vt_info数据表，第38次写入成功
2020-12-25 06:17:45:643  vt_info数据表，第39次写入成功
2020-12-25 06:17:45:647  vt_info数据表，第40次写入成功
2020-12-25 06:17:45:651  vt_info数据表，第41次写入成功
2020-12-25 06:17:45:653  vt_info数据表，第42次写入成功
2020-12-25 06:17:45:657  vt_info数据表，第43次写入成功
2020-12-25 06:17:45:661  vt_info数据表，第44次写入成功
2020-12-25 06:17:45:665  vt_info数据表，第45次写入成功
2020-12-25 06:17:45:669  vt_info数据表，第46次写入成功
2020-12-25 06:17:45:673  vt_info数据表，第47次写入成功
2020-12-25 06:17:45:675  motor_info数据表，第0次写入成功
2020-12-25 06:17:45:679  motor_info数据表，第1次写入成功
2020-12-25 06:17:45:681  motor_info数据表，第2次写入成功
2020-12-25 06:17:45:683  motor_info数据表，第3次写入成功
2020-12-25 06:17:45:687  motor_info数据表，第4次写入成功
2020-12-25 06:17:45:689  motor_info数据表，第5次写入成功
2020-12-25 06:17:45:691  motor_info数据表，第6次写入成功
2020-12-25 06:17:45:695  motor_info数据表，第7次写入成功
2020-12-25 06:17:45:697  motor_info数据表，第8次写入成功
2020-12-25 06:17:45:699  motor_info数据表，第9次写入成功
2020-12-25 06:17:45:703  motor_info数据表，第10次写入成功
2020-12-25 06:17:45:705  motor_info数据表，第11次写入成功
2020-12-25 06:17:45:709  motor_info数据表，第12次写入成功
2020-12-25 06:17:45:711  motor_info数据表，第13次写入成功
2020-12-25 06:17:45:713  motor_info数据表，第14次写入成功
2020-12-25 06:17:45:733  motor_info数据表，第15次写入成功
2020-12-25 06:17:45:735  数据库关闭！
2020-12-25 06:30:24:458  收到来车信号，流水号：20201225063024，所有设备开始采集
2020-12-25 06:30:24:514  开启A/D采集
2020-12-25 06:31:04:356  收到离车信号，流水号：20201225063024，线号：0，车号：0，主控端：0，所有设备停止采集
2020-12-25 06:31:04:358  收到停止采集命令，开始停止采集
2020-12-25 06:31:04:364  停止采集数据
2020-12-25 06:31:04:366  采集连接已断开
2020-12-25 06:31:04:368  开始数据分析和落盘
2020-12-25 06:31:12:257  vibration1完成落盘
2020-12-25 06:31:18:716  vibration2完成落盘
2020-12-25 06:31:25:042  vibration3完成落盘
2020-12-25 06:31:31:145  vibration4完成落盘
2020-12-25 06:31:37:988  vibration5完成落盘
2020-12-25 06:31:44:220  vibration6完成落盘
2020-12-25 06:31:50:569  vibration7完成落盘
2020-12-25 06:31:57:114  vibration8完成落盘
2020-12-25 06:32:03:339  magnetic1完成落盘
2020-12-25 06:32:10:069  magnetic2完成落盘
2020-12-25 06:32:16:756  magnetic3完成落盘
2020-12-25 06:32:23:278  magnetic4完成落盘
2020-12-25 06:32:29:269  temperate1完成落盘
2020-12-25 06:32:35:422  temperate2完成落盘
2020-12-25 06:32:41:647  temperate3完成落盘
2020-12-25 06:32:47:604  temperate4完成落盘
2020-12-25 06:32:47:612  开始处理数据
2020-12-25 06:32:48:194  右侧计算完成
2020-12-25 06:32:48:585  左侧计算完成
2020-12-25 06:32:48:587  检查结果数据
2020-12-25 06:32:48:589  通知桌面显示数据
2020-12-25 06:32:48:605  开始写入数据库
2020-12-25 06:32:48:621  预警及报警参数加载完成
2020-12-25 06:32:48:623  数据库打开成功
2020-12-25 06:32:48:625  train_info数据表写入成功
2020-12-25 06:32:48:627  train_onlyid读取成功
2020-12-25 06:32:48:629  train_data数据表写入成功
2020-12-25 06:32:48:633  train_fault数据表写入1、1成功
2020-12-25 06:32:48:635  train_fault数据表写入2、1成功
2020-12-25 06:32:48:637  train_fault数据表写入3、1成功
2020-12-25 06:32:48:641  vt_info数据表，第0次写入成功
2020-12-25 06:32:48:645  vt_info数据表，第1次写入成功
2020-12-25 06:32:48:649  vt_info数据表，第2次写入成功
2020-12-25 06:32:48:651  vt_info数据表，第3次写入成功
2020-12-25 06:32:48:655  vt_info数据表，第4次写入成功
2020-12-25 06:32:48:659  vt_info数据表，第5次写入成功
2020-12-25 06:32:48:663  vt_info数据表，第6次写入成功
2020-12-25 06:32:48:667  vt_info数据表，第7次写入成功
2020-12-25 06:32:48:671  vt_info数据表，第8次写入成功
2020-12-25 06:32:48:675  vt_info数据表，第9次写入成功
2020-12-25 06:32:48:677  vt_info数据表，第10次写入成功
2020-12-25 06:32:48:681  vt_info数据表，第11次写入成功
2020-12-25 06:32:48:685  vt_info数据表，第12次写入成功
2020-12-25 06:32:48:689  vt_info数据表，第13次写入成功
2020-12-25 06:32:48:693  vt_info数据表，第14次写入成功
2020-12-25 06:32:48:697  vt_info数据表，第15次写入成功
2020-12-25 06:32:48:701  vt_info数据表，第16次写入成功
2020-12-25 06:32:48:703  vt_info数据表，第17次写入成功
2020-12-25 06:32:48:707  vt_info数据表，第18次写入成功
2020-12-25 06:32:48:711  vt_info数据表，第19次写入成功
2020-12-25 06:32:48:715  vt_info数据表，第20次写入成功
2020-12-25 06:32:48:719  vt_info数据表，第21次写入成功
2020-12-25 06:32:48:723  vt_info数据表，第22次写入成功
2020-12-25 06:32:48:725  vt_info数据表，第23次写入成功
2020-12-25 06:32:48:729  vt_info数据表，第24次写入成功
2020-12-25 06:32:48:733  vt_info数据表，第25次写入成功
2020-12-25 06:32:48:737  vt_info数据表，第26次写入成功
2020-12-25 06:32:48:741  vt_info数据表，第27次写入成功
2020-12-25 06:32:48:743  vt_info数据表，第28次写入成功
2020-12-25 06:32:48:747  vt_info数据表，第29次写入成功
2020-12-25 06:32:48:751  vt_info数据表，第30次写入成功
2020-12-25 06:32:48:755  vt_info数据表，第31次写入成功
2020-12-25 06:32:48:759  vt_info数据表，第32次写入成功
2020-12-25 06:32:48:763  vt_info数据表，第33次写入成功
2020-12-25 06:32:48:767  vt_info数据表，第34次写入成功
2020-12-25 06:32:48:769  vt_info数据表，第35次写入成功
2020-12-25 06:32:48:773  vt_info数据表，第36次写入成功
2020-12-25 06:32:48:777  vt_info数据表，第37次写入成功
2020-12-25 06:32:48:781  vt_info数据表，第38次写入成功
2020-12-25 06:32:48:785  vt_info数据表，第39次写入成功
2020-12-25 06:32:48:789  vt_info数据表，第40次写入成功
2020-12-25 06:32:48:793  vt_info数据表，第41次写入成功
2020-12-25 06:32:48:795  vt_info数据表，第42次写入成功
2020-12-25 06:32:48:799  vt_info数据表，第43次写入成功
2020-12-25 06:32:48:803  vt_info数据表，第44次写入成功
2020-12-25 06:32:48:807  vt_info数据表，第45次写入成功
2020-12-25 06:32:48:811  vt_info数据表，第46次写入成功
2020-12-25 06:32:48:815  vt_info数据表，第47次写入成功
2020-12-25 06:32:48:817  motor_info数据表，第0次写入成功
2020-12-25 06:32:48:819  motor_info数据表，第1次写入成功
2020-12-25 06:32:48:823  motor_info数据表，第2次写入成功
2020-12-25 06:32:48:825  motor_info数据表，第3次写入成功
2020-12-25 06:32:48:827  motor_info数据表，第4次写入成功
2020-12-25 06:32:48:831  motor_info数据表，第5次写入成功
2020-12-25 06:32:48:833  motor_info数据表，第6次写入成功
2020-12-25 06:32:48:835  motor_info数据表，第7次写入成功
2020-12-25 06:32:48:839  motor_info数据表，第8次写入成功
2020-12-25 06:32:48:841  motor_info数据表，第9次写入成功
2020-12-25 06:32:48:843  motor_info数据表，第10次写入成功
2020-12-25 06:32:48:847  motor_info数据表，第11次写入成功
2020-12-25 06:32:48:849  motor_info数据表，第12次写入成功
2020-12-25 06:32:48:851  motor_info数据表，第13次写入成功
2020-12-25 06:32:48:855  motor_info数据表，第14次写入成功
2020-12-25 06:32:48:875  motor_info数据表，第15次写入成功
2020-12-25 06:32:48:877  数据库关闭！
2020-12-25 06:38:39:491  收到来车信号，流水号：20201225063839，所有设备开始采集
2020-12-25 06:38:39:547  开启A/D采集
2020-12-25 06:39:19:358  收到离车信号，流水号：20201225063839，线号：0，车号：0，主控端：0，所有设备停止采集
2020-12-25 06:39:19:360  收到停止采集命令，开始停止采集
2020-12-25 06:39:19:364  停止采集数据
2020-12-25 06:39:19:366  采集连接已断开
2020-12-25 06:39:19:368  开始数据分析和落盘
2020-12-25 06:39:27:323  vibration1完成落盘
2020-12-25 06:39:33:653  vibration2完成落盘
2020-12-25 06:39:40:264  vibration3完成落盘
2020-12-25 06:39:46:593  vibration4完成落盘
2020-12-25 06:39:52:116  vibration5完成落盘
2020-12-25 06:39:58:103  vibration6完成落盘
2020-12-25 06:40:04:677  vibration7完成落盘
2020-12-25 06:40:11:372  vibration8完成落盘
2020-12-25 06:40:17:901  magnetic1完成落盘
2020-12-25 06:40:24:456  magnetic2完成落盘
2020-12-25 06:40:31:087  magnetic3完成落盘
2020-12-25 06:40:37:551  magnetic4完成落盘
2020-12-25 06:40:43:118  temperate1完成落盘
2020-12-25 06:40:49:227  temperate2完成落盘
2020-12-25 06:40:55:078  temperate3完成落盘
2020-12-25 06:41:01:637  temperate4完成落盘
2020-12-25 06:41:01:643  开始处理数据
2020-12-25 06:41:02:143  右侧计算完成
2020-12-25 06:41:02:437  左侧计算完成
2020-12-25 06:41:02:439  检查结果数据
2020-12-25 06:41:02:441  通知桌面显示数据
2020-12-25 06:41:02:457  开始写入数据库
2020-12-25 06:41:02:473  预警及报警参数加载完成
2020-12-25 06:41:02:475  数据库打开成功
2020-12-25 06:41:02:477  train_info数据表写入成功
2020-12-25 06:41:02:479  train_onlyid读取成功
2020-12-25 06:41:02:483  train_data数据表写入成功
2020-12-25 06:41:02:485  train_fault数据表写入1、1成功
2020-12-25 06:41:02:487  train_fault数据表写入2、1成功
2020-12-25 06:41:02:489  train_fault数据表写入3、1成功
2020-12-25 06:41:02:493  vt_info数据表，第0次写入成功
2020-12-25 06:41:02:497  vt_info数据表，第1次写入成功
2020-12-25 06:41:02:501  vt_info数据表，第2次写入成功
2020-12-25 06:41:02:505  vt_info数据表，第3次写入成功
2020-12-25 06:41:02:509  vt_info数据表，第4次写入成功
2020-12-25 06:41:02:513  vt_info数据表，第5次写入成功
2020-12-25 06:41:02:515  vt_info数据表，第6次写入成功
2020-12-25 06:41:02:519  vt_info数据表，第7次写入成功
2020-12-25 06:41:02:523  vt_info数据表，第8次写入成功
2020-12-25 06:41:02:527  vt_info数据表，第9次写入成功
2020-12-25 06:41:02:531  vt_info数据表，第10次写入成功
2020-12-25 06:41:02:535  vt_info数据表，第11次写入成功
2020-12-25 06:41:02:539  vt_info数据表，第12次写入成功
2020-12-25 06:41:02:541  vt_info数据表，第13次写入成功
2020-12-25 06:41:02:545  vt_info数据表，第14次写入成功
2020-12-25 06:41:02:549  vt_info数据表，第15次写入成功
2020-12-25 06:41:02:553  vt_info数据表，第16次写入成功
2020-12-25 06:41:02:557  vt_info数据表，第17次写入成功
2020-12-25 06:41:02:561  vt_info数据表，第18次写入成功
2020-12-25 06:41:02:565  vt_info数据表，第19次写入成功
2020-12-25 06:41:02:569  vt_info数据表，第20次写入成功
2020-12-25 06:41:02:571  vt_info数据表，第21次写入成功
2020-12-25 06:41:02:575  vt_info数据表，第22次写入成功
2020-12-25 06:41:02:579  vt_info数据表，第23次写入成功
2020-12-25 06:41:02:583  vt_info数据表，第24次写入成功
2020-12-25 06:41:02:587  vt_info数据表，第25次写入成功
2020-12-25 06:41:02:591  vt_info数据表，第26次写入成功
2020-12-25 06:41:02:593  vt_info数据表，第27次写入成功
2020-12-25 06:41:02:597  vt_info数据表，第28次写入成功
2020-12-25 06:41:02:601  vt_info数据表，第29次写入成功
2020-12-25 06:41:02:605  vt_info数据表，第30次写入成功
2020-12-25 06:41:02:609  vt_info数据表，第31次写入成功
2020-12-25 06:41:02:613  vt_info数据表，第32次写入成功
2020-12-25 06:41:02:617  vt_info数据表，第33次写入成功
2020-12-25 06:41:02:620  vt_info数据表，第34次写入成功
2020-12-25 06:41:02:623  vt_info数据表，第35次写入成功
2020-12-25 06:41:02:627  vt_info数据表，第36次写入成功
2020-12-25 06:41:02:631  vt_info数据表，第37次写入成功
2020-12-25 06:41:02:635  vt_info数据表，第38次写入成功
2020-12-25 06:41:02:640  vt_info数据表，第39次写入成功
2020-12-25 06:41:02:641  vt_info数据表，第40次写入成功
2020-12-25 06:41:02:645  vt_info数据表，第41次写入成功
2020-12-25 06:41:02:649  vt_info数据表，第42次写入成功
2020-12-25 06:41:02:654  vt_info数据表，第43次写入成功
2020-12-25 06:41:02:657  vt_info数据表，第44次写入成功
2020-12-25 06:41:02:662  vt_info数据表，第45次写入成功
2020-12-25 06:41:02:665  vt_info数据表，第46次写入成功
2020-12-25 06:41:02:667  vt_info数据表，第47次写入成功
2020-12-25 06:41:02:671  motor_info数据表，第0次写入成功
2020-12-25 06:41:02:673  motor_info数据表，第1次写入成功
2020-12-25 06:41:02:677  motor_info数据表，第2次写入成功
2020-12-25 06:41:02:679  motor_info数据表，第3次写入成功
2020-12-25 06:41:02:681  motor_info数据表，第4次写入成功
2020-12-25 06:41:02:685  motor_info数据表，第5次写入成功
2020-12-25 06:41:02:687  motor_info数据表，第6次写入成功
2020-12-25 06:41:02:689  motor_info数据表，第7次写入成功
2020-12-25 06:41:02:693  motor_info数据表，第8次写入成功
2020-12-25 06:41:02:695  motor_info数据表，第9次写入成功
2020-12-25 06:41:02:699  motor_info数据表，第10次写入成功
2020-12-25 06:41:02:701  motor_info数据表，第11次写入成功
2020-12-25 06:41:02:703  motor_info数据表，第12次写入成功
2020-12-25 06:41:02:708  motor_info数据表，第13次写入成功
2020-12-25 06:41:02:709  motor_info数据表，第14次写入成功
2020-12-25 06:41:02:729  motor_info数据表，第15次写入成功
2020-12-25 06:41:02:731  数据库关闭！
2020-12-25 06:41:59:589  收到来车信号，流水号：20201225064159，所有设备开始采集
2020-12-25 06:41:59:645  开启A/D采集
2020-12-25 06:42:39:432  收到离车信号，流水号：20201225064159，线号：0，车号：0，主控端：0，所有设备停止采集
2020-12-25 06:42:39:436  收到停止采集命令，开始停止采集
2020-12-25 06:42:39:440  停止采集数据
2020-12-25 06:42:39:442  采集连接已断开
2020-12-25 06:42:39:444  开始数据分析和落盘
2020-12-25 06:42:47:503  vibration1完成落盘
2020-12-25 06:42:53:865  vibration2完成落盘
2020-12-25 06:42:59:920  vibration3完成落盘
2020-12-25 06:43:06:197  vibration4完成落盘
2020-12-25 06:43:12:402  vibration5完成落盘
2020-12-25 06:43:18:509  vibration6完成落盘
2020-12-25 06:43:25:371  vibration7完成落盘
2020-12-25 06:43:31:794  vibration8完成落盘
2020-12-25 06:43:38:236  magnetic1完成落盘
2020-12-25 06:43:44:559  magnetic2完成落盘
2020-12-25 06:43:51:377  magnetic3完成落盘
2020-12-25 06:43:57:882  magnetic4完成落盘
2020-12-25 06:44:03:923  temperate1完成落盘
2020-12-25 06:44:09:474  temperate2完成落盘
2020-12-25 06:44:15:245  temperate3完成落盘
2020-12-25 06:44:21:481  temperate4完成落盘
2020-12-25 06:44:21:487  开始处理数据
2020-12-25 06:44:22:059  右侧计算完成
2020-12-25 06:44:22:487  左侧计算完成
2020-12-25 06:44:22:489  检查结果数据
2020-12-25 06:44:22:491  通知桌面显示数据
2020-12-25 06:44:22:507  开始写入数据库
2020-12-25 06:44:22:523  预警及报警参数加载完成
2020-12-25 06:44:22:525  数据库打开成功
2020-12-25 06:44:22:527  train_info数据表写入成功
2020-12-25 06:44:22:529  train_onlyid读取成功
2020-12-25 06:44:22:531  train_data数据表写入成功
2020-12-25 06:44:22:535  train_fault数据表写入1、1成功
2020-12-25 06:44:22:537  train_fault数据表写入2、1成功
2020-12-25 06:44:22:539  train_fault数据表写入3、1成功
2020-12-25 06:44:22:543  vt_info数据表，第0次写入成功
2020-12-25 06:44:22:547  vt_info数据表，第1次写入成功
2020-12-25 06:44:22:551  vt_info数据表，第2次写入成功
2020-12-25 06:44:22:553  vt_info数据表，第3次写入成功
2020-12-25 06:44:22:557  vt_info数据表，第4次写入成功
2020-12-25 06:44:22:561  vt_info数据表，第5次写入成功
2020-12-25 06:44:22:565  vt_info数据表，第6次写入成功
2020-12-25 06:44:22:569  vt_info数据表，第7次写入成功
2020-12-25 06:44:22:571  vt_info数据表，第8次写入成功
2020-12-25 06:44:22:575  vt_info数据表，第9次写入成功
2020-12-25 06:44:22:579  vt_info数据表，第10次写入成功
2020-12-25 06:44:22:583  vt_info数据表，第11次写入成功
2020-12-25 06:44:22:587  vt_info数据表，第12次写入成功
2020-12-25 06:44:22:591  vt_info数据表，第13次写入成功
2020-12-25 06:44:22:593  vt_info数据表，第14次写入成功
2020-12-25 06:44:22:597  vt_info数据表，第15次写入成功
2020-12-25 06:44:22:601  vt_info数据表，第16次写入成功
2020-12-25 06:44:22:605  vt_info数据表，第17次写入成功
2020-12-25 06:44:22:609  vt_info数据表，第18次写入成功
2020-12-25 06:44:22:613  vt_info数据表，第19次写入成功
2020-12-25 06:44:22:615  vt_info数据表，第20次写入成功
2020-12-25 06:44:22:619  vt_info数据表，第21次写入成功
2020-12-25 06:44:22:623  vt_info数据表，第22次写入成功
2020-12-25 06:44:22:627  vt_info数据表，第23次写入成功
2020-12-25 06:44:22:631  vt_info数据表，第24次写入成功
2020-12-25 06:44:22:635  vt_info数据表，第25次写入成功
2020-12-25 06:44:22:637  vt_info数据表，第26次写入成功
2020-12-25 06:44:22:641  vt_info数据表，第27次写入成功
2020-12-25 06:44:22:645  vt_info数据表，第28次写入成功
2020-12-25 06:44:22:649  vt_info数据表，第29次写入成功
2020-12-25 06:44:22:653  vt_info数据表，第30次写入成功
2020-12-25 06:44:22:657  vt_info数据表，第31次写入成功
2020-12-25 06:44:22:659  vt_info数据表，第32次写入成功
2020-12-25 06:44:22:663  vt_info数据表，第33次写入成功
2020-12-25 06:44:22:667  vt_info数据表，第34次写入成功
2020-12-25 06:44:22:671  vt_info数据表，第35次写入成功
2020-12-25 06:44:22:675  vt_info数据表，第36次写入成功
2020-12-25 06:44:22:677  vt_info数据表，第37次写入成功
2020-12-25 06:44:22:681  vt_info数据表，第38次写入成功
2020-12-25 06:44:22:685  vt_info数据表，第39次写入成功
2020-12-25 06:44:22:689  vt_info数据表，第40次写入成功
2020-12-25 06:44:22:693  vt_info数据表，第41次写入成功
2020-12-25 06:44:22:697  vt_info数据表，第42次写入成功
2020-12-25 06:44:22:701  vt_info数据表，第43次写入成功
2020-12-25 06:44:22:703  vt_info数据表，第44次写入成功
2020-12-25 06:44:22:707  vt_info数据表，第45次写入成功
2020-12-25 06:44:22:713  vt_info数据表，第46次写入成功
2020-12-25 06:44:22:715  vt_info数据表，第47次写入成功
2020-12-25 06:44:22:719  motor_info数据表，第0次写入成功
2020-12-25 06:44:22:721  motor_info数据表，第1次写入成功
2020-12-25 06:44:22:723  motor_info数据表，第2次写入成功
2020-12-25 06:44:22:727  motor_info数据表，第3次写入成功
2020-12-25 06:44:22:729  motor_info数据表，第4次写入成功
2020-12-25 06:44:22:731  motor_info数据表，第5次写入成功
2020-12-25 06:44:22:735  motor_info数据表，第6次写入成功
2020-12-25 06:44:22:737  motor_info数据表，第7次写入成功
2020-12-25 06:44:22:739  motor_info数据表，第8次写入成功
2020-12-25 06:44:22:743  motor_info数据表，第9次写入成功
2020-12-25 06:44:22:745  motor_info数据表，第10次写入成功
2020-12-25 06:44:22:747  motor_info数据表，第11次写入成功
2020-12-25 06:44:22:751  motor_info数据表，第12次写入成功
2020-12-25 06:44:22:753  motor_info数据表，第13次写入成功
2020-12-25 06:44:22:755  motor_info数据表，第14次写入成功
2020-12-25 06:44:22:775  motor_info数据表，第15次写入成功
2020-12-25 06:44:22:777  数据库关闭！
2020-12-25 06:49:51:071  收到来车信号，流水号：20201225064951，所有设备开始采集
2020-12-25 06:49:51:127  开启A/D采集
2020-12-25 06:50:30:955  收到离车信号，流水号：20201225064951，线号：0，车号：0，主控端：0，所有设备停止采集
2020-12-25 06:50:30:957  收到停止采集命令，开始停止采集
2020-12-25 06:50:30:963  停止采集数据
2020-12-25 06:50:30:965  采集连接已断开
2020-12-25 06:50:30:967  开始数据分析和落盘
2020-12-25 06:50:37:596  vibration1完成落盘
2020-12-25 06:50:43:075  vibration2完成落盘
2020-12-25 06:50:48:720  vibration3完成落盘
2020-12-25 06:50:54:001  vibration4完成落盘
2020-12-25 06:50:59:686  vibration5完成落盘
2020-12-25 06:51:05:059  vibration6完成落盘
2020-12-25 06:51:10:516  vibration7完成落盘
2020-12-25 06:51:15:775  vibration8完成落盘
2020-12-25 06:51:21:092  magnetic1完成落盘
2020-12-25 06:51:26:654  magnetic2完成落盘
2020-12-25 06:51:32:079  magnetic3完成落盘
2020-12-25 06:51:37:578  magnetic4完成落盘
2020-12-25 06:51:42:731  temperate1完成落盘
2020-12-25 06:51:47:907  temperate2完成落盘
2020-12-25 06:51:52:994  temperate3完成落盘
2020-12-25 06:51:58:215  temperate4完成落盘
2020-12-25 06:51:58:223  开始处理数据
2020-12-25 06:51:58:741  右侧计算完成
2020-12-25 06:51:59:095  左侧计算完成
2020-12-25 06:51:59:097  检查结果数据
2020-12-25 06:51:59:099  通知桌面显示数据
2020-12-25 06:51:59:115  开始写入数据库
2020-12-25 06:51:59:133  预警及报警参数加载完成
2020-12-25 06:51:59:135  数据库打开成功
2020-12-25 06:51:59:137  train_info数据表写入成功
2020-12-25 06:51:59:139  train_onlyid读取成功
2020-12-25 06:51:59:141  train_data数据表写入成功
2020-12-25 06:51:59:145  train_fault数据表写入1、1成功
2020-12-25 06:51:59:147  train_fault数据表写入2、1成功
2020-12-25 06:51:59:149  train_fault数据表写入3、1成功
2020-12-25 06:51:59:153  vt_info数据表，第0次写入成功
2020-12-25 06:51:59:157  vt_info数据表，第1次写入成功
2020-12-25 06:51:59:161  vt_info数据表，第2次写入成功
2020-12-25 06:51:59:163  vt_info数据表，第3次写入成功
2020-12-25 06:51:59:167  vt_info数据表，第4次写入成功
2020-12-25 06:51:59:171  vt_info数据表，第5次写入成功
2020-12-25 06:51:59:175  vt_info数据表，第6次写入成功
2020-12-25 06:51:59:179  vt_info数据表，第7次写入成功
2020-12-25 06:51:59:183  vt_info数据表，第8次写入成功
2020-12-25 06:51:59:187  vt_info数据表，第9次写入成功
2020-12-25 06:51:59:189  vt_info数据表，第10次写入成功
2020-12-25 06:51:59:193  vt_info数据表，第11次写入成功
2020-12-25 06:51:59:197  vt_info数据表，第12次写入成功
2020-12-25 06:51:59:201  vt_info数据表，第13次写入成功
2020-12-25 06:51:59:205  vt_info数据表，第14次写入成功
2020-12-25 06:51:59:209  vt_info数据表，第15次写入成功
2020-12-25 06:51:59:211  vt_info数据表，第16次写入成功
2020-12-25 06:51:59:215  vt_info数据表，第17次写入成功
2020-12-25 06:51:59:219  vt_info数据表，第18次写入成功
2020-12-25 06:51:59:223  vt_info数据表，第19次写入成功
2020-12-25 06:51:59:227  vt_info数据表，第20次写入成功
2020-12-25 06:51:59:231  vt_info数据表，第21次写入成功
2020-12-25 06:51:59:235  vt_info数据表，第22次写入成功
2020-12-25 06:51:59:237  vt_info数据表，第23次写入成功
2020-12-25 06:51:59:241  vt_info数据表，第24次写入成功
2020-12-25 06:51:59:245  vt_info数据表，第25次写入成功
2020-12-25 06:51:59:249  vt_info数据表，第26次写入成功
2020-12-25 06:51:59:253  vt_info数据表，第27次写入成功
2020-12-25 06:51:59:257  vt_info数据表，第28次写入成功
2020-12-25 06:51:59:261  vt_info数据表，第29次写入成功
2020-12-25 06:51:59:263  vt_info数据表，第30次写入成功
2020-12-25 06:51:59:267  vt_info数据表，第31次写入成功
2020-12-25 06:51:59:271  vt_info数据表，第32次写入成功
2020-12-25 06:51:59:275  vt_info数据表，第33次写入成功
2020-12-25 06:51:59:279  vt_info数据表，第34次写入成功
2020-12-25 06:51:59:283  vt_info数据表，第35次写入成功
2020-12-25 06:51:59:285  vt_info数据表，第36次写入成功
2020-12-25 06:51:59:289  vt_info数据表，第37次写入成功
2020-12-25 06:51:59:293  vt_info数据表，第38次写入成功
2020-12-25 06:51:59:297  vt_info数据表，第39次写入成功
2020-12-25 06:51:59:301  vt_info数据表，第40次写入成功
2020-12-25 06:51:59:305  vt_info数据表，第41次写入成功
2020-12-25 06:51:59:309  vt_info数据表，第42次写入成功
2020-12-25 06:51:59:313  vt_info数据表，第43次写入成功
2020-12-25 06:51:59:315  vt_info数据表，第44次写入成功
2020-12-25 06:51:59:319  vt_info数据表，第45次写入成功
2020-12-25 06:51:59:323  vt_info数据表，第46次写入成功
2020-12-25 06:51:59:327  vt_info数据表，第47次写入成功
2020-12-25 06:51:59:329  motor_info数据表，第0次写入成功
2020-12-25 06:51:59:333  motor_info数据表，第1次写入成功
2020-12-25 06:51:59:335  motor_info数据表，第2次写入成功
2020-12-25 06:51:59:337  motor_info数据表，第3次写入成功
2020-12-25 06:51:59:341  motor_info数据表，第4次写入成功
2020-12-25 06:51:59:343  motor_info数据表，第5次写入成功
2020-12-25 06:51:59:347  motor_info数据表，第6次写入成功
2020-12-25 06:51:59:349  motor_info数据表，第7次写入成功
2020-12-25 06:51:59:351  motor_info数据表，第8次写入成功
2020-12-25 06:51:59:355  motor_info数据表，第9次写入成功
2020-12-25 06:51:59:357  motor_info数据表，第10次写入成功
2020-12-25 06:51:59:361  motor_info数据表，第11次写入成功
2020-12-25 06:51:59:363  motor_info数据表，第12次写入成功
2020-12-25 06:51:59:365  motor_info数据表，第13次写入成功
2020-12-25 06:51:59:369  motor_info数据表，第14次写入成功
2020-12-25 06:51:59:389  motor_info数据表，第15次写入成功
2020-12-25 06:51:59:389  数据库关闭！
2020-12-25 06:59:11:867  收到来车信号，流水号：20201225065911，所有设备开始采集
2020-12-25 06:59:11:926  开启A/D采集
2020-12-25 06:59:51:680  收到离车信号，流水号：20201225065911，线号：0，车号：0，主控端：0，所有设备停止采集
2020-12-25 06:59:51:682  收到停止采集命令，开始停止采集
2020-12-25 06:59:51:688  停止采集数据
2020-12-25 06:59:51:690  采集连接已断开
2020-12-25 06:59:51:692  开始数据分析和落盘
2020-12-25 06:59:58:567  vibration1完成落盘
