2020-12-14 11:04:17:416  磁钢信号预处理完成，位置标记：1
2020-12-14 11:04:17:432  温度分轮成功，分轮数尺度为：48
2020-12-14 11:04:17:494  轴承端盖温度特征值计算完成, 位置标记：1
2020-12-14 11:04:17:557  电机温度计算完成, 位置标记：1
2020-12-14 11:04:17:557  电机温度计算完成, 位置标记：1
2020-12-14 11:04:17:557  电机温度计算完成, 位置标记：1
2020-12-14 11:04:17:557  电机温度计算完成, 位置标记：1
2020-12-14 11:04:17:572  电机温度计算完成, 位置标记：1
2020-12-14 11:04:17:572  电机温度计算完成, 位置标记：1
2020-12-14 11:04:17:572  电机温度计算完成, 位置标记：1
2020-12-14 11:04:17:572  电机温度计算完成, 位置标记：1
2020-12-14 11:04:17:572  车速为：36.7184位置标记为：1
2020-12-14 11:04:17:604  振动分轮计算完成, 位置标记：1
2020-12-14 11:04:17:885  振动特征值计算完成, 位置标记：1
2020-12-14 11:04:17:947  磁钢信号预处理完成，位置标记：0
2020-12-14 11:04:17:947  温度分轮成功，分轮数尺度为：48
2020-12-14 11:04:18:026  轴承端盖温度特征值计算完成, 位置标记：0
2020-12-14 11:04:18:088  电机温度计算完成, 位置标记：0
2020-12-14 11:04:18:088  电机温度计算完成, 位置标记：0
2020-12-14 11:04:18:088  电机温度计算完成, 位置标记：0
2020-12-14 11:04:18:088  电机温度计算完成, 位置标记：0
2020-12-14 11:04:18:088  电机温度计算完成, 位置标记：0
2020-12-14 11:04:18:104  电机温度计算完成, 位置标记：0
2020-12-14 11:04:18:104  电机温度计算完成, 位置标记：0
2020-12-14 11:04:18:104  电机温度计算完成, 位置标记：0
2020-12-14 11:04:18:104  车速为：36.7184位置标记为：0
2020-12-14 11:04:18:119  振动分轮计算完成, 位置标记：0
2020-12-14 11:04:18:401  振动特征值计算完成, 位置标记：0
2020-12-14 11:13:43:575  磁钢信号预处理完成，位置标记：1
2020-12-14 11:13:43:591  温度分轮成功，分轮数尺度为：48
2020-12-14 11:13:43:653  轴承端盖温度特征值计算完成, 位置标记：1
2020-12-14 11:13:43:716  电机温度计算完成, 位置标记：1
2020-12-14 11:13:43:716  电机温度计算完成, 位置标记：1
2020-12-14 11:13:43:731  电机温度计算完成, 位置标记：1
2020-12-14 11:13:43:731  电机温度计算完成, 位置标记：1
2020-12-14 11:13:43:731  电机温度计算完成, 位置标记：1
2020-12-14 11:13:43:731  电机温度计算完成, 位置标记：1
2020-12-14 11:13:43:731  电机温度计算完成, 位置标记：1
2020-12-14 11:13:43:747  电机温度计算完成, 位置标记：1
2020-12-14 11:13:43:747  车速为：36.6048位置标记为：1
2020-12-14 11:13:43:763  振动分轮计算完成, 位置标记：1
2020-12-14 11:13:44:028  振动特征值计算完成, 位置标记：1
2020-12-14 11:13:44:075  磁钢信号预处理完成，位置标记：0
2020-12-14 11:13:44:091  温度分轮成功，分轮数尺度为：48
2020-12-14 11:13:44:153  轴承端盖温度特征值计算完成, 位置标记：0
2020-12-14 11:13:44:216  电机温度计算完成, 位置标记：0
2020-12-14 11:13:44:216  电机温度计算完成, 位置标记：0
2020-12-14 11:13:44:216  电机温度计算完成, 位置标记：0
2020-12-14 11:13:44:231  电机温度计算完成, 位置标记：0
2020-12-14 11:13:44:231  电机温度计算完成, 位置标记：0
2020-12-14 11:13:44:231  电机温度计算完成, 位置标记：0
2020-12-14 11:13:44:231  电机温度计算完成, 位置标记：0
2020-12-14 11:13:44:231  电机温度计算完成, 位置标记：0
2020-12-14 11:13:44:231  车速为：36.6048位置标记为：0
2020-12-14 11:13:44:263  振动分轮计算完成, 位置标记：0
2020-12-14 11:13:44:544  振动特征值计算完成, 位置标记：0
2020-12-14 11:23:46:048  磁钢信号预处理完成，位置标记：1
2020-12-14 11:23:46:063  温度分轮成功，分轮数尺度为：48
2020-12-14 11:23:46:126  轴承端盖温度特征值计算完成, 位置标记：1
2020-12-14 11:23:46:188  电机温度计算完成, 位置标记：1
2020-12-14 11:23:46:188  电机温度计算完成, 位置标记：1
2020-12-14 11:23:46:188  电机温度计算完成, 位置标记：1
2020-12-14 11:23:46:204  电机温度计算完成, 位置标记：1
2020-12-14 11:23:46:204  电机温度计算完成, 位置标记：1
2020-12-14 11:23:46:204  电机温度计算完成, 位置标记：1
2020-12-14 11:23:46:204  电机温度计算完成, 位置标记：1
2020-12-14 11:23:46:204  电机温度计算完成, 位置标记：1
2020-12-14 11:23:46:204  车速为：36.7021位置标记为：1
2020-12-14 11:23:46:235  振动分轮计算完成, 位置标记：1
2020-12-14 11:23:46:516  振动特征值计算完成, 位置标记：1
2020-12-14 11:23:46:579  磁钢信号预处理完成，位置标记：0
2020-12-14 11:23:46:579  温度分轮成功，分轮数尺度为：48
2020-12-14 11:23:46:657  轴承端盖温度特征值计算完成, 位置标记：0
2020-12-14 11:23:46:719  电机温度计算完成, 位置标记：0
2020-12-14 11:23:46:719  电机温度计算完成, 位置标记：0
2020-12-14 11:23:46:719  电机温度计算完成, 位置标记：0
2020-12-14 11:23:46:719  电机温度计算完成, 位置标记：0
2020-12-14 11:23:46:719  电机温度计算完成, 位置标记：0
2020-12-14 11:23:46:735  电机温度计算完成, 位置标记：0
2020-12-14 11:23:46:735  电机温度计算完成, 位置标记：0
2020-12-14 11:23:46:735  电机温度计算完成, 位置标记：0
2020-12-14 11:23:46:735  车速为：36.7021位置标记为：0
2020-12-14 11:23:46:751  振动分轮计算完成, 位置标记：0
2020-12-14 11:23:47:048  振动特征值计算完成, 位置标记：0
2020-12-14 11:33:48:504  磁钢信号预处理完成，位置标记：1
2020-12-14 11:33:48:504  温度分轮成功，分轮数尺度为：48
2020-12-14 11:33:48:582  轴承端盖温度特征值计算完成, 位置标记：1
2020-12-14 11:33:48:645  电机温度计算完成, 位置标记：1
2020-12-14 11:33:48:645  电机温度计算完成, 位置标记：1
2020-12-14 11:33:48:645  电机温度计算完成, 位置标记：1
2020-12-14 11:33:48:645  电机温度计算完成, 位置标记：1
2020-12-14 11:33:48:645  电机温度计算完成, 位置标记：1
2020-12-14 11:33:48:661  电机温度计算完成, 位置标记：1
2020-12-14 11:33:48:661  电机温度计算完成, 位置标记：1
2020-12-14 11:33:48:661  电机温度计算完成, 位置标记：1
2020-12-14 11:33:48:661  车速为：36.6048位置标记为：1
2020-12-14 11:33:48:692  振动分轮计算完成, 位置标记：1
2020-12-14 11:33:48:973  振动特征值计算完成, 位置标记：1
2020-12-14 11:33:49:020  磁钢信号预处理完成，位置标记：0
2020-12-14 11:33:49:036  温度分轮成功，分轮数尺度为：48
2020-12-14 11:33:49:098  轴承端盖温度特征值计算完成, 位置标记：0
2020-12-14 11:33:49:161  电机温度计算完成, 位置标记：0
2020-12-14 11:33:49:161  电机温度计算完成, 位置标记：0
2020-12-14 11:33:49:176  电机温度计算完成, 位置标记：0
2020-12-14 11:33:49:176  电机温度计算完成, 位置标记：0
2020-12-14 11:33:49:176  电机温度计算完成, 位置标记：0
2020-12-14 11:33:49:176  电机温度计算完成, 位置标记：0
2020-12-14 11:33:49:176  电机温度计算完成, 位置标记：0
2020-12-14 11:33:49:176  电机温度计算完成, 位置标记：0
2020-12-14 11:33:49:192  车速为：36.6048位置标记为：0
2020-12-14 11:33:49:207  振动分轮计算完成, 位置标记：0
2020-12-14 11:33:49:489  振动特征值计算完成, 位置标记：0
2020-12-14 11:43:53:300  磁钢信号预处理完成，位置标记：1
2020-12-14 11:43:53:315  温度分轮成功，分轮数尺度为：48
2020-12-14 11:43:53:378  轴承端盖温度特征值计算完成, 位置标记：1
2020-12-14 11:43:53:440  电机温度计算完成, 位置标记：1
2020-12-14 11:43:53:440  电机温度计算完成, 位置标记：1
2020-12-14 11:43:53:456  电机温度计算完成, 位置标记：1
2020-12-14 11:43:53:456  电机温度计算完成, 位置标记：1
2020-12-14 11:43:53:456  电机温度计算完成, 位置标记：1
2020-12-14 11:43:53:456  电机温度计算完成, 位置标记：1
2020-12-14 11:43:53:456  电机温度计算完成, 位置标记：1
2020-12-14 11:43:53:472  电机温度计算完成, 位置标记：1
2020-12-14 11:43:53:472  车速为：36.6696位置标记为：1
2020-12-14 11:43:53:487  振动有效标记位计算异常，位置标记为：1
2020-12-14 11:43:53:534  磁钢信号预处理完成，位置标记：0
2020-12-14 11:43:53:550  温度分轮成功，分轮数尺度为：48
2020-12-14 11:43:53:612  轴承端盖温度特征值计算完成, 位置标记：0
2020-12-14 11:43:53:690  电机温度计算完成, 位置标记：0
2020-12-14 11:43:53:690  电机温度计算完成, 位置标记：0
2020-12-14 11:43:53:690  电机温度计算完成, 位置标记：0
2020-12-14 11:43:53:690  电机温度计算完成, 位置标记：0
2020-12-14 11:43:53:690  电机温度计算完成, 位置标记：0
2020-12-14 11:43:53:706  电机温度计算完成, 位置标记：0
2020-12-14 11:43:53:706  电机温度计算完成, 位置标记：0
2020-12-14 11:43:53:706  电机温度计算完成, 位置标记：0
2020-12-14 11:43:53:706  车速为：36.6696位置标记为：0
2020-12-14 11:43:53:722  振动有效标记位计算异常，位置标记为：0
2020-12-14 11:53:55:069  磁钢信号预处理完成，位置标记：1
2020-12-14 11:53:55:085  温度分轮成功，分轮数尺度为：48
2020-12-14 11:53:55:147  轴承端盖温度特征值计算完成, 位置标记：1
2020-12-14 11:53:55:210  电机温度计算完成, 位置标记：1
2020-12-14 11:53:55:210  电机温度计算完成, 位置标记：1
2020-12-14 11:53:55:210  电机温度计算完成, 位置标记：1
2020-12-14 11:53:55:225  电机温度计算完成, 位置标记：1
2020-12-14 11:53:55:225  电机温度计算完成, 位置标记：1
2020-12-14 11:53:55:225  电机温度计算完成, 位置标记：1
2020-12-14 11:53:55:225  电机温度计算完成, 位置标记：1
2020-12-14 11:53:55:225  电机温度计算完成, 位置标记：1
2020-12-14 11:53:55:225  车速为：36.6859位置标记为：1
2020-12-14 11:53:55:257  振动分轮计算完成, 位置标记：1
2020-12-14 11:53:55:538  振动特征值计算完成, 位置标记：1
2020-12-14 11:53:55:600  磁钢信号预处理完成，位置标记：0
2020-12-14 11:53:55:600  温度分轮成功，分轮数尺度为：48
2020-12-14 11:53:55:678  轴承端盖温度特征值计算完成, 位置标记：0
2020-12-14 11:53:55:741  电机温度计算完成, 位置标记：0
2020-12-14 11:53:55:741  电机温度计算完成, 位置标记：0
2020-12-14 11:53:55:741  电机温度计算完成, 位置标记：0
2020-12-14 11:53:55:741  电机温度计算完成, 位置标记：0
2020-12-14 11:53:55:757  电机温度计算完成, 位置标记：0
2020-12-14 11:53:55:757  电机温度计算完成, 位置标记：0
2020-12-14 11:53:55:757  电机温度计算完成, 位置标记：0
2020-12-14 11:53:55:757  电机温度计算完成, 位置标记：0
2020-12-14 11:53:55:757  车速为：36.6859位置标记为：0
2020-12-14 11:53:55:788  振动分轮计算完成, 位置标记：0
2020-12-14 11:53:56:069  振动特征值计算完成, 位置标记：0
