f:\software\acquition-software\vibration\广州南站\vibration\vaisp\vais\release\qrc_imageresource.obj
f:\software\acquition-software\vibration\广州南站\vibration\vaisp\vais\release\moc_tray_menu.obj
f:\software\acquition-software\vibration\广州南站\vibration\vaisp\vais\release\import_dll_class.obj
f:\software\acquition-software\vibration\广州南站\vibration\vaisp\vais\release\tray_menu.obj
f:\software\acquition-software\vibration\广州南站\vibration\vaisp\vais\release\vais_main_form.obj
f:\software\acquition-software\vibration\广州南站\vibration\vaisp\vais\release\moc_password_form.obj
f:\software\acquition-software\vibration\广州南站\vibration\vaisp\vais\release\main.obj
f:\software\acquition-software\vibration\广州南站\vibration\vaisp\vais\release\moc_vais_main_form.obj
f:\software\acquition-software\vibration\广州南站\vibration\vaisp\vais\release\simulate_trigger_ui.obj
f:\software\acquition-software\vibration\广州南站\vibration\vaisp\vais\release\moc_simulate_trigger_ui.obj
f:\software\acquition-software\vibration\广州南站\vibration\vaisp\vais\release\password_form.obj
f:\software\acquition-software\vibration\广州南站\vibration\vaisp\vais\generatedfiles\release\moc_vais_main_form.cpp
f:\software\acquition-software\vibration\广州南站\vibration\vaisp\vais\generatedfiles\release\moc_password_form.cpp
f:\software\acquition-software\vibration\广州南站\vibration\vaisp\vais\generatedfiles\release\moc_tray_menu.cpp
f:\software\acquition-software\vibration\广州南站\vibration\vaisp\vais\generatedfiles\release\moc_simulate_trigger_ui.cpp
f:\software\acquition-software\vibration\广州南站\vibration\vaisp\vais\generatedfiles\qrc_imageresource.cpp
f:\software\acquition-software\vibration\广州南站\vibration\vaisp\win32\release\vais.exe
f:\software\acquition-software\vibration\广州南站\vibration\vaisp\vais\release\vais.res
f:\software\acquition-software\vibration\广州南站\vibration\vaisp\vais\release\vais.tlog\cl.command.1.tlog
f:\software\acquition-software\vibration\广州南站\vibration\vaisp\vais\release\vais.tlog\cl.read.1.tlog
f:\software\acquition-software\vibration\广州南站\vibration\vaisp\vais\release\vais.tlog\cl.write.1.tlog
f:\software\acquition-software\vibration\广州南站\vibration\vaisp\vais\release\vais.tlog\custombuild.command.1.tlog
f:\software\acquition-software\vibration\广州南站\vibration\vaisp\vais\release\vais.tlog\custombuild.read.1.tlog
f:\software\acquition-software\vibration\广州南站\vibration\vaisp\vais\release\vais.tlog\custombuild.write.1.tlog
f:\software\acquition-software\vibration\广州南站\vibration\vaisp\vais\release\vais.tlog\link.command.1.tlog
f:\software\acquition-software\vibration\广州南站\vibration\vaisp\vais\release\vais.tlog\link.read.1.tlog
f:\software\acquition-software\vibration\广州南站\vibration\vaisp\vais\release\vais.tlog\link.write.1.tlog
f:\software\acquition-software\vibration\广州南站\vibration\vaisp\vais\release\vais.tlog\rc.command.1.tlog
f:\software\acquition-software\vibration\广州南站\vibration\vaisp\vais\release\vais.tlog\rc.read.1.tlog
f:\software\acquition-software\vibration\广州南站\vibration\vaisp\vais\release\vais.tlog\rc.write.1.tlog
