2020-12-22 05:24:45:618  磁钢信号预处理完成，位置标记：1
2020-12-22 05:24:45:636  温度分轮成功，分轮数尺度为：48
2020-12-22 05:24:45:709  轴承端盖温度特征值计算完成, 位置标记：1
2020-12-22 05:24:45:778  电机温度计算完成, 位置标记：1
2020-12-22 05:24:45:783  电机温度计算完成, 位置标记：1
2020-12-22 05:24:45:788  电机温度计算完成, 位置标记：1
2020-12-22 05:24:45:793  电机温度计算完成, 位置标记：1
2020-12-22 05:24:45:798  电机温度计算完成, 位置标记：1
2020-12-22 05:24:45:802  电机温度计算完成, 位置标记：1
2020-12-22 05:24:45:807  电机温度计算完成, 位置标记：1
2020-12-22 05:24:45:811  电机温度计算完成, 位置标记：1
2020-12-22 05:24:45:813  车速为：24.3673位置标记为：1
2020-12-22 05:24:45:841  振动分轮计算完成, 位置标记：1
2020-12-22 05:24:46:280  振动特征值计算完成, 位置标记：1
2020-12-22 05:24:46:363  磁钢信号预处理完成，位置标记：0
2020-12-22 05:24:46:377  温度分轮成功，分轮数尺度为：48
2020-12-22 05:24:46:437  轴承端盖温度特征值计算完成, 位置标记：0
2020-12-22 05:24:46:491  电机温度计算完成, 位置标记：0
2020-12-22 05:24:46:495  电机温度计算完成, 位置标记：0
2020-12-22 05:24:46:499  电机温度计算完成, 位置标记：0
2020-12-22 05:24:46:504  电机温度计算完成, 位置标记：0
2020-12-22 05:24:46:509  电机温度计算完成, 位置标记：0
2020-12-22 05:24:46:512  电机温度计算完成, 位置标记：0
2020-12-22 05:24:46:516  电机温度计算完成, 位置标记：0
2020-12-22 05:24:46:520  电机温度计算完成, 位置标记：0
2020-12-22 05:24:46:522  车速为：24.3673位置标记为：0
2020-12-22 05:24:46:548  振动分轮计算完成, 位置标记：0
2020-12-22 05:24:47:054  振动特征值计算完成, 位置标记：0
2020-12-22 05:42:42:254  磁钢信号预处理完成，位置标记：1
2020-12-22 05:42:42:267  温度分轮成功，分轮数尺度为：48
2020-12-22 05:42:42:329  轴承端盖温度特征值计算完成, 位置标记：1
2020-12-22 05:42:42:389  电机温度计算完成, 位置标记：1
2020-12-22 05:42:42:393  电机温度计算完成, 位置标记：1
2020-12-22 05:42:42:396  电机温度计算完成, 位置标记：1
2020-12-22 05:42:42:399  电机温度计算完成, 位置标记：1
2020-12-22 05:42:42:402  电机温度计算完成, 位置标记：1
2020-12-22 05:42:42:405  电机温度计算完成, 位置标记：1
2020-12-22 05:42:42:408  电机温度计算完成, 位置标记：1
2020-12-22 05:42:42:411  电机温度计算完成, 位置标记：1
2020-12-22 05:42:42:413  车速为：36.6696位置标记为：1
2020-12-22 05:42:42:436  振动分轮计算完成, 位置标记：1
2020-12-22 05:42:42:722  振动特征值计算完成, 位置标记：1
2020-12-22 05:42:42:774  磁钢信号预处理完成，位置标记：0
2020-12-22 05:42:42:786  温度分轮成功，分轮数尺度为：48
2020-12-22 05:42:42:848  轴承端盖温度特征值计算完成, 位置标记：0
2020-12-22 05:42:42:909  电机温度计算完成, 位置标记：0
2020-12-22 05:42:42:913  电机温度计算完成, 位置标记：0
2020-12-22 05:42:42:916  电机温度计算完成, 位置标记：0
2020-12-22 05:42:42:919  电机温度计算完成, 位置标记：0
2020-12-22 05:42:42:922  电机温度计算完成, 位置标记：0
2020-12-22 05:42:42:925  电机温度计算完成, 位置标记：0
2020-12-22 05:42:42:928  电机温度计算完成, 位置标记：0
2020-12-22 05:42:42:930  电机温度计算完成, 位置标记：0
2020-12-22 05:42:42:932  车速为：36.6696位置标记为：0
2020-12-22 05:42:42:953  振动分轮计算完成, 位置标记：0
2020-12-22 05:42:43:226  振动特征值计算完成, 位置标记：0
2020-12-22 05:54:17:017  磁钢信号预处理完成，位置标记：1
2020-12-22 05:54:17:029  温度分轮成功，分轮数尺度为：48
2020-12-22 05:54:17:092  轴承端盖温度特征值计算完成, 位置标记：1
2020-12-22 05:54:17:154  电机温度计算完成, 位置标记：1
2020-12-22 05:54:17:158  电机温度计算完成, 位置标记：1
2020-12-22 05:54:17:162  电机温度计算完成, 位置标记：1
2020-12-22 05:54:17:165  电机温度计算完成, 位置标记：1
2020-12-22 05:54:17:168  电机温度计算完成, 位置标记：1
2020-12-22 05:54:17:170  电机温度计算完成, 位置标记：1
2020-12-22 05:54:17:173  电机温度计算完成, 位置标记：1
2020-12-22 05:54:17:176  电机温度计算完成, 位置标记：1
2020-12-22 05:54:17:178  车速为：36.8327位置标记为：1
2020-12-22 05:54:17:201  振动分轮计算完成, 位置标记：1
2020-12-22 05:54:17:476  振动特征值计算完成, 位置标记：1
2020-12-22 05:54:17:528  磁钢信号预处理完成，位置标记：0
2020-12-22 05:54:17:542  温度分轮成功，分轮数尺度为：48
2020-12-22 05:54:17:605  轴承端盖温度特征值计算完成, 位置标记：0
2020-12-22 05:54:17:666  电机温度计算完成, 位置标记：0
2020-12-22 05:54:17:670  电机温度计算完成, 位置标记：0
2020-12-22 05:54:17:673  电机温度计算完成, 位置标记：0
2020-12-22 05:54:17:676  电机温度计算完成, 位置标记：0
2020-12-22 05:54:17:679  电机温度计算完成, 位置标记：0
2020-12-22 05:54:17:682  电机温度计算完成, 位置标记：0
2020-12-22 05:54:17:685  电机温度计算完成, 位置标记：0
2020-12-22 05:54:17:687  电机温度计算完成, 位置标记：0
2020-12-22 05:54:17:690  车速为：36.8327位置标记为：0
2020-12-22 05:54:17:713  振动分轮计算完成, 位置标记：0
2020-12-22 05:54:18:001  振动特征值计算完成, 位置标记：0
