2020-12-21 15:00:14:108  磁钢信号预处理完成，位置标记：1
2020-12-21 15:00:14:120  温度分轮成功，分轮数尺度为：48
2020-12-21 15:00:14:133  轴承端盖温度特征值计算完成, 位置标记：1
2020-12-21 15:00:14:142  电机温度计算完成, 位置标记：1
2020-12-21 15:00:14:145  电机温度计算完成, 位置标记：1
2020-12-21 15:00:14:149  电机温度计算完成, 位置标记：1
2020-12-21 15:00:14:152  电机温度计算完成, 位置标记：1
2020-12-21 15:00:14:156  电机温度计算完成, 位置标记：1
2020-12-21 15:00:14:159  电机温度计算完成, 位置标记：1
2020-12-21 15:00:14:164  电机温度计算完成, 位置标记：1
2020-12-21 15:00:14:168  电机温度计算完成, 位置标记：1
2020-12-21 15:00:14:169  车速为：72.5044位置标记为：1
2020-12-21 15:00:14:189  振动分轮计算完成, 位置标记：1
2020-12-21 15:00:14:520  振动特征值计算完成, 位置标记：1
2020-12-21 15:00:14:567  磁钢信号预处理完成，位置标记：0
2020-12-21 15:00:14:578  温度分轮成功，分轮数尺度为：48
2020-12-21 15:00:14:591  轴承端盖温度特征值计算完成, 位置标记：0
2020-12-21 15:00:14:600  电机温度计算完成, 位置标记：0
2020-12-21 15:00:14:603  电机温度计算完成, 位置标记：0
2020-12-21 15:00:14:607  电机温度计算完成, 位置标记：0
2020-12-21 15:00:14:610  电机温度计算完成, 位置标记：0
2020-12-21 15:00:14:613  电机温度计算完成, 位置标记：0
2020-12-21 15:00:14:617  电机温度计算完成, 位置标记：0
2020-12-21 15:00:14:620  电机温度计算完成, 位置标记：0
2020-12-21 15:00:14:624  电机温度计算完成, 位置标记：0
2020-12-21 15:00:14:624  车速为：72.5044位置标记为：0
2020-12-21 15:00:14:645  振动分轮计算完成, 位置标记：0
2020-12-21 15:00:14:975  振动特征值计算完成, 位置标记：0
2020-12-21 15:04:12:769  磁钢信号预处理完成，位置标记：1
2020-12-21 15:04:12:780  温度分轮成功，分轮数尺度为：48
2020-12-21 15:04:12:793  轴承端盖温度特征值计算完成, 位置标记：1
2020-12-21 15:04:12:801  电机温度计算完成, 位置标记：1
2020-12-21 15:04:12:804  电机温度计算完成, 位置标记：1
2020-12-21 15:04:12:808  电机温度计算完成, 位置标记：1
2020-12-21 15:04:12:811  电机温度计算完成, 位置标记：1
2020-12-21 15:04:12:815  电机温度计算完成, 位置标记：1
2020-12-21 15:04:12:818  电机温度计算完成, 位置标记：1
2020-12-21 15:04:12:822  电机温度计算完成, 位置标记：1
2020-12-21 15:04:12:826  电机温度计算完成, 位置标记：1
2020-12-21 15:04:12:826  车速为：79.0076位置标记为：1
2020-12-21 15:04:12:847  振动分轮计算完成, 位置标记：1
2020-12-21 15:04:13:188  振动特征值计算完成, 位置标记：1
2020-12-21 15:04:13:235  磁钢信号预处理完成，位置标记：0
2020-12-21 15:04:13:247  温度分轮成功，分轮数尺度为：48
2020-12-21 15:04:13:259  轴承端盖温度特征值计算完成, 位置标记：0
2020-12-21 15:04:13:268  电机温度计算完成, 位置标记：0
2020-12-21 15:04:13:271  电机温度计算完成, 位置标记：0
2020-12-21 15:04:13:275  电机温度计算完成, 位置标记：0
2020-12-21 15:04:13:278  电机温度计算完成, 位置标记：0
2020-12-21 15:04:13:282  电机温度计算完成, 位置标记：0
2020-12-21 15:04:13:286  电机温度计算完成, 位置标记：0
2020-12-21 15:04:13:289  电机温度计算完成, 位置标记：0
2020-12-21 15:04:13:293  电机温度计算完成, 位置标记：0
2020-12-21 15:04:13:293  车速为：79.0076位置标记为：0
2020-12-21 15:04:13:314  振动分轮计算完成, 位置标记：0
2020-12-21 15:04:13:643  振动特征值计算完成, 位置标记：0
2020-12-21 15:13:18:463  磁钢信号预处理完成，位置标记：1
2020-12-21 15:13:18:474  温度分轮成功，分轮数尺度为：48
2020-12-21 15:13:18:487  轴承端盖温度特征值计算完成, 位置标记：1
2020-12-21 15:13:18:496  电机温度计算完成, 位置标记：1
2020-12-21 15:13:18:500  电机温度计算完成, 位置标记：1
2020-12-21 15:13:18:503  电机温度计算完成, 位置标记：1
2020-12-21 15:13:18:507  电机温度计算完成, 位置标记：1
2020-12-21 15:13:18:510  电机温度计算完成, 位置标记：1
2020-12-21 15:13:18:514  电机温度计算完成, 位置标记：1
2020-12-21 15:13:18:517  电机温度计算完成, 位置标记：1
2020-12-21 15:13:18:523  电机温度计算完成, 位置标记：1
2020-12-21 15:13:18:523  车速为：79.2344位置标记为：1
2020-12-21 15:13:18:544  振动分轮计算完成, 位置标记：1
2020-12-21 15:13:18:883  振动特征值计算完成, 位置标记：1
2020-12-21 15:13:18:929  磁钢信号预处理完成，位置标记：0
2020-12-21 15:13:18:940  温度分轮成功，分轮数尺度为：48
2020-12-21 15:13:18:953  轴承端盖温度特征值计算完成, 位置标记：0
2020-12-21 15:13:18:962  电机温度计算完成, 位置标记：0
2020-12-21 15:13:18:966  电机温度计算完成, 位置标记：0
2020-12-21 15:13:18:969  电机温度计算完成, 位置标记：0
2020-12-21 15:13:18:973  电机温度计算完成, 位置标记：0
2020-12-21 15:13:18:976  电机温度计算完成, 位置标记：0
2020-12-21 15:13:18:980  电机温度计算完成, 位置标记：0
2020-12-21 15:13:18:984  电机温度计算完成, 位置标记：0
2020-12-21 15:13:18:987  电机温度计算完成, 位置标记：0
2020-12-21 15:13:18:988  车速为：79.2344位置标记为：0
2020-12-21 15:13:19:009  振动分轮计算完成, 位置标记：0
2020-12-21 15:13:19:343  振动特征值计算完成, 位置标记：0
2020-12-21 15:23:06:413  磁钢信号预处理完成，位置标记：1
2020-12-21 15:23:06:425  温度分轮成功，分轮数尺度为：48
2020-12-21 15:23:06:438  轴承端盖温度特征值计算完成, 位置标记：1
2020-12-21 15:23:06:446  电机温度计算完成, 位置标记：1
2020-12-21 15:23:06:450  电机温度计算完成, 位置标记：1
2020-12-21 15:23:06:453  电机温度计算完成, 位置标记：1
2020-12-21 15:23:06:457  电机温度计算完成, 位置标记：1
2020-12-21 15:23:06:460  电机温度计算完成, 位置标记：1
2020-12-21 15:23:06:464  电机温度计算完成, 位置标记：1
2020-12-21 15:23:06:468  电机温度计算完成, 位置标记：1
2020-12-21 15:23:06:472  电机温度计算完成, 位置标记：1
2020-12-21 15:23:06:472  车速为：78.8571位置标记为：1
2020-12-21 15:23:06:493  振动分轮计算完成, 位置标记：1
2020-12-21 15:23:06:830  振动特征值计算完成, 位置标记：1
2020-12-21 15:23:06:875  磁钢信号预处理完成，位置标记：0
2020-12-21 15:23:06:885  温度分轮成功，分轮数尺度为：48
2020-12-21 15:23:06:898  轴承端盖温度特征值计算完成, 位置标记：0
2020-12-21 15:23:06:907  电机温度计算完成, 位置标记：0
2020-12-21 15:23:06:910  电机温度计算完成, 位置标记：0
2020-12-21 15:23:06:914  电机温度计算完成, 位置标记：0
2020-12-21 15:23:06:917  电机温度计算完成, 位置标记：0
2020-12-21 15:23:06:921  电机温度计算完成, 位置标记：0
2020-12-21 15:23:06:925  电机温度计算完成, 位置标记：0
2020-12-21 15:23:06:928  电机温度计算完成, 位置标记：0
2020-12-21 15:23:06:932  电机温度计算完成, 位置标记：0
2020-12-21 15:23:06:932  车速为：78.8571位置标记为：0
2020-12-21 15:23:06:953  振动分轮计算完成, 位置标记：0
2020-12-21 15:23:07:293  振动特征值计算完成, 位置标记：0
2020-12-21 15:32:55:878  磁钢信号预处理完成，位置标记：1
2020-12-21 15:32:55:890  温度分轮成功，分轮数尺度为：48
2020-12-21 15:32:55:902  轴承端盖温度特征值计算完成, 位置标记：1
2020-12-21 15:32:55:910  电机温度计算完成, 位置标记：1
2020-12-21 15:32:55:914  电机温度计算完成, 位置标记：1
2020-12-21 15:32:55:917  电机温度计算完成, 位置标记：1
2020-12-21 15:32:55:921  电机温度计算完成, 位置标记：1
2020-12-21 15:32:55:924  电机温度计算完成, 位置标记：1
2020-12-21 15:32:55:928  电机温度计算完成, 位置标记：1
2020-12-21 15:32:55:931  电机温度计算完成, 位置标记：1
2020-12-21 15:32:55:935  电机温度计算完成, 位置标记：1
2020-12-21 15:32:55:936  车速为：79.0076位置标记为：1
2020-12-21 15:32:55:957  振动分轮计算完成, 位置标记：1
2020-12-21 15:32:56:295  振动特征值计算完成, 位置标记：1
2020-12-21 15:32:56:342  磁钢信号预处理完成，位置标记：0
2020-12-21 15:32:56:354  温度分轮成功，分轮数尺度为：48
2020-12-21 15:32:56:366  轴承端盖温度特征值计算完成, 位置标记：0
2020-12-21 15:32:56:374  电机温度计算完成, 位置标记：0
2020-12-21 15:32:56:377  电机温度计算完成, 位置标记：0
2020-12-21 15:32:56:381  电机温度计算完成, 位置标记：0
2020-12-21 15:32:56:384  电机温度计算完成, 位置标记：0
2020-12-21 15:32:56:388  电机温度计算完成, 位置标记：0
2020-12-21 15:32:56:391  电机温度计算完成, 位置标记：0
2020-12-21 15:32:56:395  电机温度计算完成, 位置标记：0
2020-12-21 15:32:56:398  电机温度计算完成, 位置标记：0
2020-12-21 15:32:56:399  车速为：79.0076位置标记为：0
2020-12-21 15:32:56:420  振动分轮计算完成, 位置标记：0
2020-12-21 15:32:56:756  振动特征值计算完成, 位置标记：0
2020-12-21 15:39:54:556  磁钢信号预处理完成，位置标记：1
2020-12-21 15:39:54:568  温度分轮成功，分轮数尺度为：48
2020-12-21 15:39:54:581  轴承端盖温度特征值计算完成, 位置标记：1
2020-12-21 15:39:54:589  电机温度计算完成, 位置标记：1
2020-12-21 15:39:54:593  电机温度计算完成, 位置标记：1
2020-12-21 15:39:54:596  电机温度计算完成, 位置标记：1
2020-12-21 15:39:54:599  电机温度计算完成, 位置标记：1
2020-12-21 15:39:54:603  电机温度计算完成, 位置标记：1
2020-12-21 15:39:54:606  电机温度计算完成, 位置标记：1
2020-12-21 15:39:54:612  电机温度计算完成, 位置标记：1
2020-12-21 15:39:54:615  电机温度计算完成, 位置标记：1
2020-12-21 15:39:54:616  车速为：78.7072位置标记为：1
2020-12-21 15:39:54:637  振动分轮计算完成, 位置标记：1
2020-12-21 15:39:54:964  振动特征值计算完成, 位置标记：1
2020-12-21 15:39:55:010  磁钢信号预处理完成，位置标记：0
2020-12-21 15:39:55:021  温度分轮成功，分轮数尺度为：48
2020-12-21 15:39:55:034  轴承端盖温度特征值计算完成, 位置标记：0
2020-12-21 15:39:55:043  电机温度计算完成, 位置标记：0
2020-12-21 15:39:55:046  电机温度计算完成, 位置标记：0
2020-12-21 15:39:55:050  电机温度计算完成, 位置标记：0
2020-12-21 15:39:55:053  电机温度计算完成, 位置标记：0
2020-12-21 15:39:55:057  电机温度计算完成, 位置标记：0
2020-12-21 15:39:55:060  电机温度计算完成, 位置标记：0
2020-12-21 15:39:55:064  电机温度计算完成, 位置标记：0
2020-12-21 15:39:55:067  电机温度计算完成, 位置标记：0
2020-12-21 15:39:55:068  车速为：78.7072位置标记为：0
2020-12-21 15:39:55:089  振动分轮计算完成, 位置标记：0
2020-12-21 15:39:55:413  振动特征值计算完成, 位置标记：0
2020-12-21 15:43:33:865  磁钢信号预处理完成，位置标记：1
2020-12-21 15:43:33:876  温度分轮成功，分轮数尺度为：48
2020-12-21 15:43:33:889  轴承端盖温度特征值计算完成, 位置标记：1
2020-12-21 15:43:33:897  电机温度计算完成, 位置标记：1
2020-12-21 15:43:33:901  电机温度计算完成, 位置标记：1
2020-12-21 15:43:33:904  电机温度计算完成, 位置标记：1
2020-12-21 15:43:33:908  电机温度计算完成, 位置标记：1
2020-12-21 15:43:33:911  电机温度计算完成, 位置标记：1
2020-12-21 15:43:33:915  电机温度计算完成, 位置标记：1
2020-12-21 15:43:33:918  电机温度计算完成, 位置标记：1
2020-12-21 15:43:33:922  电机温度计算完成, 位置标记：1
2020-12-21 15:43:33:923  车速为：79.4626位置标记为：1
2020-12-21 15:43:33:944  振动分轮计算完成, 位置标记：1
2020-12-21 15:43:34:241  振动特征值计算完成, 位置标记：1
2020-12-21 15:43:34:279  磁钢信号预处理完成，位置标记：0
2020-12-21 15:43:34:288  温度分轮成功，分轮数尺度为：48
2020-12-21 15:43:34:297  轴承端盖温度特征值计算完成, 位置标记：0
2020-12-21 15:43:34:304  电机温度计算完成, 位置标记：0
2020-12-21 15:43:34:306  电机温度计算完成, 位置标记：0
2020-12-21 15:43:34:309  电机温度计算完成, 位置标记：0
2020-12-21 15:43:34:312  电机温度计算完成, 位置标记：0
2020-12-21 15:43:34:314  电机温度计算完成, 位置标记：0
2020-12-21 15:43:34:317  电机温度计算完成, 位置标记：0
2020-12-21 15:43:34:319  电机温度计算完成, 位置标记：0
2020-12-21 15:43:34:322  电机温度计算完成, 位置标记：0
2020-12-21 15:43:34:323  车速为：79.4626位置标记为：0
2020-12-21 15:43:34:338  振动分轮计算完成, 位置标记：0
2020-12-21 15:43:34:584  振动特征值计算完成, 位置标记：0
2020-12-21 15:52:00:097  磁钢信号预处理完成，位置标记：1
2020-12-21 15:52:00:108  温度分轮成功，分轮数尺度为：48
2020-12-21 15:52:00:121  轴承端盖温度特征值计算完成, 位置标记：1
2020-12-21 15:52:00:130  电机温度计算完成, 位置标记：1
2020-12-21 15:52:00:135  电机温度计算完成, 位置标记：1
2020-12-21 15:52:00:138  电机温度计算完成, 位置标记：1
2020-12-21 15:52:00:142  电机温度计算完成, 位置标记：1
2020-12-21 15:52:00:145  电机温度计算完成, 位置标记：1
2020-12-21 15:52:00:148  电机温度计算完成, 位置标记：1
2020-12-21 15:52:00:152  电机温度计算完成, 位置标记：1
2020-12-21 15:52:00:156  电机温度计算完成, 位置标记：1
2020-12-21 15:52:00:156  车速为：79.4626位置标记为：1
2020-12-21 15:52:00:177  振动分轮计算完成, 位置标记：1
2020-12-21 15:52:00:514  振动特征值计算完成, 位置标记：1
2020-12-21 15:52:00:561  磁钢信号预处理完成，位置标记：0
2020-12-21 15:52:00:572  温度分轮成功，分轮数尺度为：48
2020-12-21 15:52:00:585  轴承端盖温度特征值计算完成, 位置标记：0
2020-12-21 15:52:00:594  电机温度计算完成, 位置标记：0
2020-12-21 15:52:00:597  电机温度计算完成, 位置标记：0
2020-12-21 15:52:00:601  电机温度计算完成, 位置标记：0
2020-12-21 15:52:00:604  电机温度计算完成, 位置标记：0
2020-12-21 15:52:00:608  电机温度计算完成, 位置标记：0
2020-12-21 15:52:00:611  电机温度计算完成, 位置标记：0
2020-12-21 15:52:00:615  电机温度计算完成, 位置标记：0
2020-12-21 15:52:00:618  电机温度计算完成, 位置标记：0
2020-12-21 15:52:00:619  车速为：79.4626位置标记为：0
2020-12-21 15:52:00:639  振动分轮计算完成, 位置标记：0
2020-12-21 15:52:00:978  振动特征值计算完成, 位置标记：0
