2020-12-28 20:01:02:232  收到来车信号，流水号：20201228200102，所有设备开始采集
2020-12-28 20:01:02:279  开启A/D采集
2020-12-28 20:01:23:627  收到离车信号，流水号：20201228200102，线号：14，车号：031032，主控端：1，所有设备停止采集
2020-12-28 20:01:23:629  收到停止采集命令，开始停止采集
2020-12-28 20:01:23:636  停止采集数据
2020-12-28 20:01:23:638  采集连接已断开
2020-12-28 20:01:23:640  开始数据分析和落盘
2020-12-28 20:01:27:368  vibration1完成落盘
2020-12-28 20:01:30:398  vibration2完成落盘
2020-12-28 20:01:33:733  vibration3完成落盘
2020-12-28 20:01:37:506  vibration4完成落盘
2020-12-28 20:01:40:924  vibration5完成落盘
2020-12-28 20:01:44:465  vibration6完成落盘
2020-12-28 20:01:47:909  vibration7完成落盘
2020-12-28 20:01:51:135  vibration8完成落盘
2020-12-28 20:01:54:786  magnetic1完成落盘
2020-12-28 20:01:58:301  magnetic2完成落盘
2020-12-28 20:02:01:570  magnetic3完成落盘
2020-12-28 20:02:04:907  magnetic4完成落盘
2020-12-28 20:02:08:108  temperate1完成落盘
2020-12-28 20:02:10:927  temperate2完成落盘
2020-12-28 20:02:13:855  temperate3完成落盘
2020-12-28 20:02:16:842  temperate4完成落盘
2020-12-28 20:02:16:852  开始处理数据
2020-12-28 20:02:17:407  右侧计算完成
2020-12-28 20:02:17:862  左侧计算完成
2020-12-28 20:02:17:864  检查结果数据
2020-12-28 20:02:17:866  通知桌面显示数据
2020-12-28 20:02:17:883  开始写入数据库
2020-12-28 20:02:17:904  预警及报警参数加载完成
2020-12-28 20:02:17:906  数据库打开成功
2020-12-28 20:02:17:908  train_info数据表写入成功
2020-12-28 20:02:18:039  train_onlyid读取成功
2020-12-28 20:02:18:043  train_data数据表写入成功
2020-12-28 20:02:18:047  vt_info数据表，第0次写入成功
2020-12-28 20:02:18:051  vt_info数据表，第1次写入成功
2020-12-28 20:02:18:055  vt_info数据表，第2次写入成功
2020-12-28 20:02:18:058  vt_info数据表，第3次写入成功
2020-12-28 20:02:18:062  vt_info数据表，第4次写入成功
2020-12-28 20:02:18:065  vt_info数据表，第5次写入成功
2020-12-28 20:02:18:069  vt_info数据表，第6次写入成功
2020-12-28 20:02:18:072  vt_info数据表，第7次写入成功
2020-12-28 20:02:18:076  vt_info数据表，第8次写入成功
2020-12-28 20:02:18:079  vt_info数据表，第9次写入成功
2020-12-28 20:02:18:083  vt_info数据表，第10次写入成功
2020-12-28 20:02:18:086  vt_info数据表，第11次写入成功
2020-12-28 20:02:18:090  vt_info数据表，第12次写入成功
2020-12-28 20:02:18:093  vt_info数据表，第13次写入成功
2020-12-28 20:02:18:097  vt_info数据表，第14次写入成功
2020-12-28 20:02:18:100  vt_info数据表，第15次写入成功
2020-12-28 20:02:18:104  vt_info数据表，第16次写入成功
2020-12-28 20:02:18:108  vt_info数据表，第17次写入成功
2020-12-28 20:02:18:112  vt_info数据表，第18次写入成功
2020-12-28 20:02:18:116  vt_info数据表，第19次写入成功
2020-12-28 20:02:18:119  vt_info数据表，第20次写入成功
2020-12-28 20:02:18:123  vt_info数据表，第21次写入成功
2020-12-28 20:02:18:127  vt_info数据表，第22次写入成功
2020-12-28 20:02:18:130  vt_info数据表，第23次写入成功
2020-12-28 20:02:18:134  vt_info数据表，第24次写入成功
2020-12-28 20:02:18:138  vt_info数据表，第25次写入成功
2020-12-28 20:02:18:141  vt_info数据表，第26次写入成功
2020-12-28 20:02:18:145  vt_info数据表，第27次写入成功
2020-12-28 20:02:18:148  vt_info数据表，第28次写入成功
2020-12-28 20:02:18:152  vt_info数据表，第29次写入成功
2020-12-28 20:02:18:156  vt_info数据表，第30次写入成功
2020-12-28 20:02:18:159  vt_info数据表，第31次写入成功
2020-12-28 20:02:18:163  vt_info数据表，第32次写入成功
2020-12-28 20:02:18:167  vt_info数据表，第33次写入成功
2020-12-28 20:02:18:170  vt_info数据表，第34次写入成功
2020-12-28 20:02:18:174  vt_info数据表，第35次写入成功
2020-12-28 20:02:18:177  vt_info数据表，第36次写入成功
2020-12-28 20:02:18:181  vt_info数据表，第37次写入成功
2020-12-28 20:02:18:185  vt_info数据表，第38次写入成功
2020-12-28 20:02:18:188  vt_info数据表，第39次写入成功
2020-12-28 20:02:18:192  vt_info数据表，第40次写入成功
2020-12-28 20:02:18:196  vt_info数据表，第41次写入成功
2020-12-28 20:02:18:200  vt_info数据表，第42次写入成功
2020-12-28 20:02:18:203  vt_info数据表，第43次写入成功
2020-12-28 20:02:18:207  vt_info数据表，第44次写入成功
2020-12-28 20:02:18:210  vt_info数据表，第45次写入成功
2020-12-28 20:02:18:214  vt_info数据表，第46次写入成功
2020-12-28 20:02:18:218  vt_info数据表，第47次写入成功
2020-12-28 20:02:18:220  motor_info数据表，第0次写入成功
2020-12-28 20:02:18:223  motor_info数据表，第1次写入成功
2020-12-28 20:02:18:226  motor_info数据表，第2次写入成功
2020-12-28 20:02:18:229  motor_info数据表，第3次写入成功
2020-12-28 20:02:18:231  motor_info数据表，第4次写入成功
2020-12-28 20:02:18:234  motor_info数据表，第5次写入成功
2020-12-28 20:02:18:237  motor_info数据表，第6次写入成功
2020-12-28 20:02:18:239  motor_info数据表，第7次写入成功
2020-12-28 20:02:18:242  motor_info数据表，第8次写入成功
2020-12-28 20:02:18:245  motor_info数据表，第9次写入成功
2020-12-28 20:02:18:248  motor_info数据表，第10次写入成功
2020-12-28 20:02:18:250  motor_info数据表，第11次写入成功
2020-12-28 20:02:18:253  motor_info数据表，第12次写入成功
2020-12-28 20:02:18:256  motor_info数据表，第13次写入成功
2020-12-28 20:02:18:259  motor_info数据表，第14次写入成功
2020-12-28 20:02:18:271  motor_info数据表，第15次写入成功
2020-12-28 20:02:18:273  数据库关闭！
2020-12-28 20:09:45:424  收到来车信号，流水号：20201228200945，所有设备开始采集
2020-12-28 20:09:45:470  开启A/D采集
2020-12-28 20:10:06:768  收到离车信号，流水号：20201228200945，线号：14，车号：049050，主控端：0，所有设备停止采集
2020-12-28 20:10:06:770  收到停止采集命令，开始停止采集
2020-12-28 20:10:06:774  停止采集数据
2020-12-28 20:10:06:776  采集连接已断开
2020-12-28 20:10:06:778  开始数据分析和落盘
2020-12-28 20:10:11:200  vibration1完成落盘
2020-12-28 20:10:14:978  vibration2完成落盘
2020-12-28 20:10:18:768  vibration3完成落盘
2020-12-28 20:10:22:582  vibration4完成落盘
2020-12-28 20:10:26:393  vibration5完成落盘
2020-12-28 20:10:30:190  vibration6完成落盘
2020-12-28 20:10:33:969  vibration7完成落盘
2020-12-28 20:10:37:782  vibration8完成落盘
2020-12-28 20:10:41:615  magnetic1完成落盘
2020-12-28 20:10:45:428  magnetic2完成落盘
2020-12-28 20:10:49:210  magnetic3完成落盘
2020-12-28 20:10:53:027  magnetic4完成落盘
2020-12-28 20:10:56:629  temperate1完成落盘
2020-12-28 20:11:00:241  temperate2完成落盘
2020-12-28 20:11:03:869  temperate3完成落盘
2020-12-28 20:11:07:418  temperate4完成落盘
2020-12-28 20:11:07:427  开始处理数据
2020-12-28 20:11:07:985  右侧计算完成
2020-12-28 20:11:08:443  左侧计算完成
2020-12-28 20:11:08:445  检查结果数据
2020-12-28 20:11:08:447  通知桌面显示数据
2020-12-28 20:11:08:463  开始写入数据库
2020-12-28 20:11:08:485  预警及报警参数加载完成
2020-12-28 20:11:08:487  数据库打开成功
2020-12-28 20:11:08:489  train_info数据表写入成功
2020-12-28 20:11:08:622  train_onlyid读取成功
2020-12-28 20:11:08:627  train_data数据表写入成功
2020-12-28 20:11:08:631  vt_info数据表，第0次写入成功
2020-12-28 20:11:08:634  vt_info数据表，第1次写入成功
2020-12-28 20:11:08:638  vt_info数据表，第2次写入成功
2020-12-28 20:11:08:641  vt_info数据表，第3次写入成功
2020-12-28 20:11:08:645  vt_info数据表，第4次写入成功
2020-12-28 20:11:08:648  vt_info数据表，第5次写入成功
2020-12-28 20:11:08:652  vt_info数据表，第6次写入成功
2020-12-28 20:11:08:655  vt_info数据表，第7次写入成功
2020-12-28 20:11:08:659  vt_info数据表，第8次写入成功
2020-12-28 20:11:08:663  vt_info数据表，第9次写入成功
2020-12-28 20:11:08:666  vt_info数据表，第10次写入成功
2020-12-28 20:11:08:670  vt_info数据表，第11次写入成功
2020-12-28 20:11:08:674  vt_info数据表，第12次写入成功
2020-12-28 20:11:08:677  vt_info数据表，第13次写入成功
2020-12-28 20:11:08:681  vt_info数据表，第14次写入成功
2020-12-28 20:11:08:684  vt_info数据表，第15次写入成功
2020-12-28 20:11:08:688  vt_info数据表，第16次写入成功
2020-12-28 20:11:08:692  vt_info数据表，第17次写入成功
2020-12-28 20:11:08:696  vt_info数据表，第18次写入成功
2020-12-28 20:11:08:699  vt_info数据表，第19次写入成功
2020-12-28 20:11:08:703  vt_info数据表，第20次写入成功
2020-12-28 20:11:08:707  vt_info数据表，第21次写入成功
2020-12-28 20:11:08:710  vt_info数据表，第22次写入成功
2020-12-28 20:11:08:714  vt_info数据表，第23次写入成功
2020-12-28 20:11:08:718  vt_info数据表，第24次写入成功
2020-12-28 20:11:08:722  vt_info数据表，第25次写入成功
2020-12-28 20:11:08:725  vt_info数据表，第26次写入成功
2020-12-28 20:11:08:729  vt_info数据表，第27次写入成功
2020-12-28 20:11:08:733  vt_info数据表，第28次写入成功
2020-12-28 20:11:08:736  vt_info数据表，第29次写入成功
2020-12-28 20:11:08:740  vt_info数据表，第30次写入成功
2020-12-28 20:11:08:744  vt_info数据表，第31次写入成功
2020-12-28 20:11:08:748  vt_info数据表，第32次写入成功
2020-12-28 20:11:08:751  vt_info数据表，第33次写入成功
2020-12-28 20:11:08:755  vt_info数据表，第34次写入成功
2020-12-28 20:11:08:759  vt_info数据表，第35次写入成功
2020-12-28 20:11:08:762  vt_info数据表，第36次写入成功
2020-12-28 20:11:08:766  vt_info数据表，第37次写入成功
2020-12-28 20:11:08:770  vt_info数据表，第38次写入成功
2020-12-28 20:11:08:773  vt_info数据表，第39次写入成功
2020-12-28 20:11:08:777  vt_info数据表，第40次写入成功
2020-12-28 20:11:08:781  vt_info数据表，第41次写入成功
2020-12-28 20:11:08:785  vt_info数据表，第42次写入成功
2020-12-28 20:11:08:788  vt_info数据表，第43次写入成功
2020-12-28 20:11:08:792  vt_info数据表，第44次写入成功
2020-12-28 20:11:08:796  vt_info数据表，第45次写入成功
2020-12-28 20:11:08:799  vt_info数据表，第46次写入成功
2020-12-28 20:11:08:803  vt_info数据表，第47次写入成功
2020-12-28 20:11:08:806  motor_info数据表，第0次写入成功
2020-12-28 20:11:08:809  motor_info数据表，第1次写入成功
2020-12-28 20:11:08:811  motor_info数据表，第2次写入成功
2020-12-28 20:11:08:814  motor_info数据表，第3次写入成功
2020-12-28 20:11:08:817  motor_info数据表，第4次写入成功
2020-12-28 20:11:08:819  motor_info数据表，第5次写入成功
2020-12-28 20:11:08:822  motor_info数据表，第6次写入成功
2020-12-28 20:11:08:825  motor_info数据表，第7次写入成功
2020-12-28 20:11:08:827  motor_info数据表，第8次写入成功
2020-12-28 20:11:08:830  motor_info数据表，第9次写入成功
2020-12-28 20:11:08:833  motor_info数据表，第10次写入成功
2020-12-28 20:11:08:835  motor_info数据表，第11次写入成功
2020-12-28 20:11:08:838  motor_info数据表，第12次写入成功
2020-12-28 20:11:08:841  motor_info数据表，第13次写入成功
2020-12-28 20:11:08:844  motor_info数据表，第14次写入成功
2020-12-28 20:11:08:855  motor_info数据表，第15次写入成功
2020-12-28 20:11:08:857  数据库关闭！
2020-12-28 20:16:04:726  收到来车信号，流水号：20201228201604，所有设备开始采集
2020-12-28 20:16:04:773  开启A/D采集
2020-12-28 20:16:25:923  收到离车信号，流水号：20201228201604，线号：14，车号：025026，主控端：0，所有设备停止采集
2020-12-28 20:16:25:925  收到停止采集命令，开始停止采集
2020-12-28 20:16:25:929  停止采集数据
2020-12-28 20:16:25:931  采集连接已断开
2020-12-28 20:16:25:933  开始数据分析和落盘
2020-12-28 20:16:29:741  vibration1完成落盘
2020-12-28 20:16:32:696  vibration2完成落盘
2020-12-28 20:16:36:034  vibration3完成落盘
2020-12-28 20:16:38:824  vibration4完成落盘
2020-12-28 20:16:41:852  vibration5完成落盘
2020-12-28 20:16:44:825  vibration6完成落盘
2020-12-28 20:16:48:521  vibration7完成落盘
2020-12-28 20:16:51:625  vibration8完成落盘
2020-12-28 20:16:55:121  magnetic1完成落盘
2020-12-28 20:16:58:621  magnetic2完成落盘
2020-12-28 20:17:01:912  magnetic3完成落盘
2020-12-28 20:17:05:011  magnetic4完成落盘
2020-12-28 20:17:07:957  temperate1完成落盘
2020-12-28 20:17:11:074  temperate2完成落盘
2020-12-28 20:17:14:344  temperate3完成落盘
2020-12-28 20:17:17:172  temperate4完成落盘
2020-12-28 20:17:17:180  开始处理数据
2020-12-28 20:17:17:664  右侧计算完成
2020-12-28 20:17:18:060  左侧计算完成
2020-12-28 20:17:18:063  检查结果数据
2020-12-28 20:17:18:065  通知桌面显示数据
2020-12-28 20:17:18:081  开始写入数据库
2020-12-28 20:17:18:102  预警及报警参数加载完成
2020-12-28 20:17:18:104  数据库打开成功
2020-12-28 20:17:18:106  train_info数据表写入成功
2020-12-28 20:17:18:239  train_onlyid读取成功
2020-12-28 20:17:18:244  train_data数据表写入成功
2020-12-28 20:17:18:247  vt_info数据表，第0次写入成功
2020-12-28 20:17:18:251  vt_info数据表，第1次写入成功
2020-12-28 20:17:18:255  vt_info数据表，第2次写入成功
2020-12-28 20:17:18:259  vt_info数据表，第3次写入成功
2020-12-28 20:17:18:262  vt_info数据表，第4次写入成功
2020-12-28 20:17:18:266  vt_info数据表，第5次写入成功
2020-12-28 20:17:18:269  vt_info数据表，第6次写入成功
2020-12-28 20:17:18:273  vt_info数据表，第7次写入成功
2020-12-28 20:17:18:277  vt_info数据表，第8次写入成功
2020-12-28 20:17:18:280  vt_info数据表，第9次写入成功
2020-12-28 20:17:18:284  vt_info数据表，第10次写入成功
2020-12-28 20:17:18:288  vt_info数据表，第11次写入成功
2020-12-28 20:17:18:291  vt_info数据表，第12次写入成功
2020-12-28 20:17:18:295  vt_info数据表，第13次写入成功
2020-12-28 20:17:18:298  vt_info数据表，第14次写入成功
2020-12-28 20:17:18:302  vt_info数据表，第15次写入成功
2020-12-28 20:17:18:306  vt_info数据表，第16次写入成功
2020-12-28 20:17:18:309  vt_info数据表，第17次写入成功
2020-12-28 20:17:18:313  vt_info数据表，第18次写入成功
2020-12-28 20:17:18:317  vt_info数据表，第19次写入成功
2020-12-28 20:17:18:320  vt_info数据表，第20次写入成功
2020-12-28 20:17:18:324  vt_info数据表，第21次写入成功
2020-12-28 20:17:18:328  vt_info数据表，第22次写入成功
2020-12-28 20:17:18:331  vt_info数据表，第23次写入成功
2020-12-28 20:17:18:335  vt_info数据表，第24次写入成功
2020-12-28 20:17:18:339  vt_info数据表，第25次写入成功
2020-12-28 20:17:18:342  vt_info数据表，第26次写入成功
2020-12-28 20:17:18:346  vt_info数据表，第27次写入成功
2020-12-28 20:17:18:349  vt_info数据表，第28次写入成功
2020-12-28 20:17:18:353  vt_info数据表，第29次写入成功
2020-12-28 20:17:18:357  vt_info数据表，第30次写入成功
2020-12-28 20:17:18:360  vt_info数据表，第31次写入成功
2020-12-28 20:17:18:364  vt_info数据表，第32次写入成功
2020-12-28 20:17:18:367  vt_info数据表，第33次写入成功
2020-12-28 20:17:18:371  vt_info数据表，第34次写入成功
2020-12-28 20:17:18:375  vt_info数据表，第35次写入成功
2020-12-28 20:17:18:379  vt_info数据表，第36次写入成功
2020-12-28 20:17:18:382  vt_info数据表，第37次写入成功
2020-12-28 20:17:18:386  vt_info数据表，第38次写入成功
2020-12-28 20:17:18:390  vt_info数据表，第39次写入成功
2020-12-28 20:17:18:393  vt_info数据表，第40次写入成功
2020-12-28 20:17:18:397  vt_info数据表，第41次写入成功
2020-12-28 20:17:18:400  vt_info数据表，第42次写入成功
2020-12-28 20:17:18:404  vt_info数据表，第43次写入成功
2020-12-28 20:17:18:408  vt_info数据表，第44次写入成功
2020-12-28 20:17:18:412  vt_info数据表，第45次写入成功
2020-12-28 20:17:18:415  vt_info数据表，第46次写入成功
2020-12-28 20:17:18:419  vt_info数据表，第47次写入成功
2020-12-28 20:17:18:422  motor_info数据表，第0次写入成功
2020-12-28 20:17:18:424  motor_info数据表，第1次写入成功
2020-12-28 20:17:18:427  motor_info数据表，第2次写入成功
2020-12-28 20:17:18:430  motor_info数据表，第3次写入成功
2020-12-28 20:17:18:432  motor_info数据表，第4次写入成功
2020-12-28 20:17:18:435  motor_info数据表，第5次写入成功
2020-12-28 20:17:18:438  motor_info数据表，第6次写入成功
2020-12-28 20:17:18:441  motor_info数据表，第7次写入成功
2020-12-28 20:17:18:443  motor_info数据表，第8次写入成功
2020-12-28 20:17:18:446  motor_info数据表，第9次写入成功
2020-12-28 20:17:18:449  motor_info数据表，第10次写入成功
2020-12-28 20:17:18:452  motor_info数据表，第11次写入成功
2020-12-28 20:17:18:454  motor_info数据表，第12次写入成功
2020-12-28 20:17:18:457  motor_info数据表，第13次写入成功
2020-12-28 20:17:18:460  motor_info数据表，第14次写入成功
2020-12-28 20:17:18:472  motor_info数据表，第15次写入成功
2020-12-28 20:17:18:474  数据库关闭！
2020-12-28 20:20:23:129  收到来车信号，流水号：20201228202023，所有设备开始采集
2020-12-28 20:20:23:175  开启A/D采集
2020-12-28 20:20:44:522  收到离车信号，流水号：20201228202023，线号：14，车号：053054，主控端：0，所有设备停止采集
2020-12-28 20:20:44:524  收到停止采集命令，开始停止采集
2020-12-28 20:20:44:529  停止采集数据
2020-12-28 20:20:44:531  采集连接已断开
2020-12-28 20:20:44:533  开始数据分析和落盘
2020-12-28 20:20:48:826  vibration1完成落盘
2020-12-28 20:20:52:598  vibration2完成落盘
2020-12-28 20:20:56:378  vibration3完成落盘
2020-12-28 20:21:00:173  vibration4完成落盘
2020-12-28 20:21:03:984  vibration5完成落盘
2020-12-28 20:21:07:788  vibration6完成落盘
2020-12-28 20:21:11:645  vibration7完成落盘
2020-12-28 20:21:15:477  vibration8完成落盘
2020-12-28 20:21:19:356  magnetic1完成落盘
2020-12-28 20:21:23:165  magnetic2完成落盘
2020-12-28 20:21:26:905  magnetic3完成落盘
2020-12-28 20:21:30:734  magnetic4完成落盘
2020-12-28 20:21:34:347  temperate1完成落盘
2020-12-28 20:21:37:965  temperate2完成落盘
2020-12-28 20:21:41:554  temperate3完成落盘
2020-12-28 20:21:45:145  temperate4完成落盘
2020-12-28 20:21:45:154  开始处理数据
2020-12-28 20:21:45:709  右侧计算完成
2020-12-28 20:21:46:159  左侧计算完成
2020-12-28 20:21:46:160  检查结果数据
2020-12-28 20:21:46:162  通知桌面显示数据
2020-12-28 20:21:46:179  开始写入数据库
2020-12-28 20:21:46:201  预警及报警参数加载完成
2020-12-28 20:21:46:203  数据库打开成功
2020-12-28 20:21:46:205  train_info数据表写入成功
2020-12-28 20:21:46:335  train_onlyid读取成功
2020-12-28 20:21:46:340  train_data数据表写入成功
2020-12-28 20:21:46:343  vt_info数据表，第0次写入成功
2020-12-28 20:21:46:347  vt_info数据表，第1次写入成功
2020-12-28 20:21:46:350  vt_info数据表，第2次写入成功
2020-12-28 20:21:46:354  vt_info数据表，第3次写入成功
2020-12-28 20:21:46:357  vt_info数据表，第4次写入成功
2020-12-28 20:21:46:361  vt_info数据表，第5次写入成功
2020-12-28 20:21:46:364  vt_info数据表，第6次写入成功
2020-12-28 20:21:46:368  vt_info数据表，第7次写入成功
2020-12-28 20:21:46:372  vt_info数据表，第8次写入成功
2020-12-28 20:21:46:375  vt_info数据表，第9次写入成功
2020-12-28 20:21:46:379  vt_info数据表，第10次写入成功
2020-12-28 20:21:46:382  vt_info数据表，第11次写入成功
2020-12-28 20:21:46:386  vt_info数据表，第12次写入成功
2020-12-28 20:21:46:390  vt_info数据表，第13次写入成功
2020-12-28 20:21:46:393  vt_info数据表，第14次写入成功
2020-12-28 20:21:46:397  vt_info数据表，第15次写入成功
2020-12-28 20:21:46:401  vt_info数据表，第16次写入成功
2020-12-28 20:21:46:404  vt_info数据表，第17次写入成功
2020-12-28 20:21:46:408  vt_info数据表，第18次写入成功
2020-12-28 20:21:46:412  vt_info数据表，第19次写入成功
2020-12-28 20:21:46:415  vt_info数据表，第20次写入成功
2020-12-28 20:21:46:419  vt_info数据表，第21次写入成功
2020-12-28 20:21:46:423  vt_info数据表，第22次写入成功
2020-12-28 20:21:46:427  vt_info数据表，第23次写入成功
2020-12-28 20:21:46:430  vt_info数据表，第24次写入成功
2020-12-28 20:21:46:434  vt_info数据表，第25次写入成功
2020-12-28 20:21:46:438  vt_info数据表，第26次写入成功
2020-12-28 20:21:46:441  vt_info数据表，第27次写入成功
2020-12-28 20:21:46:445  vt_info数据表，第28次写入成功
2020-12-28 20:21:46:448  vt_info数据表，第29次写入成功
2020-12-28 20:21:46:452  vt_info数据表，第30次写入成功
2020-12-28 20:21:46:456  vt_info数据表，第31次写入成功
2020-12-28 20:21:46:460  vt_info数据表，第32次写入成功
2020-12-28 20:21:46:463  vt_info数据表，第33次写入成功
2020-12-28 20:21:46:467  vt_info数据表，第34次写入成功
2020-12-28 20:21:46:471  vt_info数据表，第35次写入成功
2020-12-28 20:21:46:474  vt_info数据表，第36次写入成功
2020-12-28 20:21:46:478  vt_info数据表，第37次写入成功
2020-12-28 20:21:46:481  vt_info数据表，第38次写入成功
2020-12-28 20:21:46:485  vt_info数据表，第39次写入成功
2020-12-28 20:21:46:489  vt_info数据表，第40次写入成功
2020-12-28 20:21:46:493  vt_info数据表，第41次写入成功
2020-12-28 20:21:46:496  vt_info数据表，第42次写入成功
2020-12-28 20:21:46:500  vt_info数据表，第43次写入成功
2020-12-28 20:21:46:504  vt_info数据表，第44次写入成功
2020-12-28 20:21:46:507  vt_info数据表，第45次写入成功
2020-12-28 20:21:46:511  vt_info数据表，第46次写入成功
2020-12-28 20:21:46:515  vt_info数据表，第47次写入成功
2020-12-28 20:21:46:518  motor_info数据表，第0次写入成功
2020-12-28 20:21:46:520  motor_info数据表，第1次写入成功
2020-12-28 20:21:46:523  motor_info数据表，第2次写入成功
2020-12-28 20:21:46:526  motor_info数据表，第3次写入成功
2020-12-28 20:21:46:528  motor_info数据表，第4次写入成功
2020-12-28 20:21:46:531  motor_info数据表，第5次写入成功
2020-12-28 20:21:46:534  motor_info数据表，第6次写入成功
2020-12-28 20:21:46:536  motor_info数据表，第7次写入成功
2020-12-28 20:21:46:539  motor_info数据表，第8次写入成功
2020-12-28 20:21:46:541  motor_info数据表，第9次写入成功
2020-12-28 20:21:46:544  motor_info数据表，第10次写入成功
2020-12-28 20:21:46:547  motor_info数据表，第11次写入成功
2020-12-28 20:21:46:550  motor_info数据表，第12次写入成功
2020-12-28 20:21:46:553  motor_info数据表，第13次写入成功
2020-12-28 20:21:46:556  motor_info数据表，第14次写入成功
2020-12-28 20:21:46:567  motor_info数据表，第15次写入成功
2020-12-28 20:21:46:569  数据库关闭！
2020-12-28 20:29:15:028  收到来车信号，流水号：20201228202915，所有设备开始采集
2020-12-28 20:29:15:075  开启A/D采集
2020-12-28 20:29:36:526  收到离车信号，流水号：20201228202915，线号：14，车号：055056，主控端：1，所有设备停止采集
2020-12-28 20:29:36:528  收到停止采集命令，开始停止采集
2020-12-28 20:29:36:532  停止采集数据
2020-12-28 20:29:36:534  采集连接已断开
2020-12-28 20:29:36:536  开始数据分析和落盘
2020-12-28 20:29:40:976  vibration1完成落盘
2020-12-28 20:29:44:826  vibration2完成落盘
2020-12-28 20:29:48:649  vibration3完成落盘
2020-12-28 20:29:52:496  vibration4完成落盘
2020-12-28 20:29:56:340  vibration5完成落盘
2020-12-28 20:30:00:180  vibration6完成落盘
2020-12-28 20:30:04:039  vibration7完成落盘
2020-12-28 20:30:07:847  vibration8完成落盘
2020-12-28 20:30:11:741  magnetic1完成落盘
2020-12-28 20:30:15:574  magnetic2完成落盘
2020-12-28 20:30:19:385  magnetic3完成落盘
2020-12-28 20:30:23:203  magnetic4完成落盘
2020-12-28 20:30:26:839  temperate1完成落盘
2020-12-28 20:30:30:476  temperate2完成落盘
2020-12-28 20:30:34:120  temperate3完成落盘
2020-12-28 20:30:37:749  temperate4完成落盘
2020-12-28 20:30:37:758  开始处理数据
2020-12-28 20:30:38:319  右侧计算完成
2020-12-28 20:30:38:775  左侧计算完成
2020-12-28 20:30:38:777  检查结果数据
2020-12-28 20:30:38:779  通知桌面显示数据
2020-12-28 20:30:38:796  开始写入数据库
2020-12-28 20:30:38:817  预警及报警参数加载完成
2020-12-28 20:30:38:819  数据库打开成功
2020-12-28 20:30:38:821  train_info数据表写入成功
2020-12-28 20:30:38:954  train_onlyid读取成功
2020-12-28 20:30:38:959  train_data数据表写入成功
2020-12-28 20:30:38:963  vt_info数据表，第0次写入成功
2020-12-28 20:30:38:966  vt_info数据表，第1次写入成功
2020-12-28 20:30:38:970  vt_info数据表，第2次写入成功
2020-12-28 20:30:38:974  vt_info数据表，第3次写入成功
2020-12-28 20:30:38:978  vt_info数据表，第4次写入成功
2020-12-28 20:30:38:981  vt_info数据表，第5次写入成功
2020-12-28 20:30:38:985  vt_info数据表，第6次写入成功
2020-12-28 20:30:38:989  vt_info数据表，第7次写入成功
2020-12-28 20:30:38:993  vt_info数据表，第8次写入成功
2020-12-28 20:30:38:996  vt_info数据表，第9次写入成功
2020-12-28 20:30:39:000  vt_info数据表，第10次写入成功
2020-12-28 20:30:39:004  vt_info数据表，第11次写入成功
2020-12-28 20:30:39:007  vt_info数据表，第12次写入成功
2020-12-28 20:30:39:011  vt_info数据表，第13次写入成功
2020-12-28 20:30:39:015  vt_info数据表，第14次写入成功
2020-12-28 20:30:39:018  vt_info数据表，第15次写入成功
2020-12-28 20:30:39:022  vt_info数据表，第16次写入成功
2020-12-28 20:30:39:026  vt_info数据表，第17次写入成功
2020-12-28 20:30:39:030  vt_info数据表，第18次写入成功
2020-12-28 20:30:39:034  vt_info数据表，第19次写入成功
2020-12-28 20:30:39:037  vt_info数据表，第20次写入成功
2020-12-28 20:30:39:041  vt_info数据表，第21次写入成功
2020-12-28 20:30:39:045  vt_info数据表，第22次写入成功
2020-12-28 20:30:39:048  vt_info数据表，第23次写入成功
2020-12-28 20:30:39:052  vt_info数据表，第24次写入成功
2020-12-28 20:30:39:056  vt_info数据表，第25次写入成功
2020-12-28 20:30:39:059  vt_info数据表，第26次写入成功
2020-12-28 20:30:39:063  vt_info数据表，第27次写入成功
2020-12-28 20:30:39:067  vt_info数据表，第28次写入成功
2020-12-28 20:30:39:070  vt_info数据表，第29次写入成功
2020-12-28 20:30:39:074  vt_info数据表，第30次写入成功
2020-12-28 20:30:39:078  vt_info数据表，第31次写入成功
2020-12-28 20:30:39:082  vt_info数据表，第32次写入成功
2020-12-28 20:30:39:085  vt_info数据表，第33次写入成功
2020-12-28 20:30:39:089  vt_info数据表，第34次写入成功
2020-12-28 20:30:39:093  vt_info数据表，第35次写入成功
2020-12-28 20:30:39:097  vt_info数据表，第36次写入成功
2020-12-28 20:30:39:101  vt_info数据表，第37次写入成功
2020-12-28 20:30:39:105  vt_info数据表，第38次写入成功
2020-12-28 20:30:39:109  vt_info数据表，第39次写入成功
2020-12-28 20:30:39:112  vt_info数据表，第40次写入成功
2020-12-28 20:30:39:116  vt_info数据表，第41次写入成功
2020-12-28 20:30:39:120  vt_info数据表，第42次写入成功
2020-12-28 20:30:39:123  vt_info数据表，第43次写入成功
2020-12-28 20:30:39:127  vt_info数据表，第44次写入成功
2020-12-28 20:30:39:131  vt_info数据表，第45次写入成功
2020-12-28 20:30:39:135  vt_info数据表，第46次写入成功
2020-12-28 20:30:39:139  vt_info数据表，第47次写入成功
2020-12-28 20:30:39:141  motor_info数据表，第0次写入成功
2020-12-28 20:30:39:144  motor_info数据表，第1次写入成功
2020-12-28 20:30:39:147  motor_info数据表，第2次写入成功
2020-12-28 20:30:39:150  motor_info数据表，第3次写入成功
2020-12-28 20:30:39:152  motor_info数据表，第4次写入成功
2020-12-28 20:30:39:155  motor_info数据表，第5次写入成功
2020-12-28 20:30:39:158  motor_info数据表，第6次写入成功
2020-12-28 20:30:39:161  motor_info数据表，第7次写入成功
2020-12-28 20:30:39:163  motor_info数据表，第8次写入成功
2020-12-28 20:30:39:166  motor_info数据表，第9次写入成功
2020-12-28 20:30:39:169  motor_info数据表，第10次写入成功
2020-12-28 20:30:39:171  motor_info数据表，第11次写入成功
2020-12-28 20:30:39:174  motor_info数据表，第12次写入成功
2020-12-28 20:30:39:177  motor_info数据表，第13次写入成功
2020-12-28 20:30:39:179  motor_info数据表，第14次写入成功
2020-12-28 20:30:39:191  motor_info数据表，第15次写入成功
2020-12-28 20:30:39:193  数据库关闭！
2020-12-28 20:38:57:247  收到来车信号，流水号：20201228203857，所有设备开始采集
2020-12-28 20:38:57:294  开启A/D采集
2020-12-28 20:39:18:726  收到离车信号，流水号：20201228203857，线号：14，车号：029030，主控端：1，所有设备停止采集
2020-12-28 20:39:18:728  收到停止采集命令，开始停止采集
2020-12-28 20:39:18:734  停止采集数据
2020-12-28 20:39:18:736  采集连接已断开
2020-12-28 20:39:18:738  开始数据分析和落盘
2020-12-28 20:39:22:482  vibration1完成落盘
2020-12-28 20:39:25:456  vibration2完成落盘
2020-12-28 20:39:28:450  vibration3完成落盘
2020-12-28 20:39:31:432  vibration4完成落盘
2020-12-28 20:39:34:941  vibration5完成落盘
2020-12-28 20:39:38:484  vibration6完成落盘
2020-12-28 20:39:41:696  vibration7完成落盘
2020-12-28 20:39:44:864  vibration8完成落盘
2020-12-28 20:39:48:508  magnetic1完成落盘
2020-12-28 20:39:51:819  magnetic2完成落盘
2020-12-28 20:39:54:897  magnetic3完成落盘
2020-12-28 20:39:58:023  magnetic4完成落盘
2020-12-28 20:40:01:339  temperate1完成落盘
2020-12-28 20:40:04:165  temperate2完成落盘
2020-12-28 20:40:07:370  temperate3完成落盘
2020-12-28 20:40:10:617  temperate4完成落盘
2020-12-28 20:40:10:626  开始处理数据
2020-12-28 20:40:11:235  右侧计算完成
2020-12-28 20:40:11:742  左侧计算完成
2020-12-28 20:40:11:744  检查结果数据
2020-12-28 20:40:11:746  通知桌面显示数据
2020-12-28 20:40:11:762  开始写入数据库
2020-12-28 20:40:11:784  预警及报警参数加载完成
2020-12-28 20:40:11:786  数据库打开成功
2020-12-28 20:40:11:788  train_info数据表写入成功
2020-12-28 20:40:11:919  train_onlyid读取成功
2020-12-28 20:40:11:924  train_data数据表写入成功
2020-12-28 20:40:11:928  vt_info数据表，第0次写入成功
2020-12-28 20:40:11:931  vt_info数据表，第1次写入成功
2020-12-28 20:40:11:935  vt_info数据表，第2次写入成功
2020-12-28 20:40:11:939  vt_info数据表，第3次写入成功
2020-12-28 20:40:11:942  vt_info数据表，第4次写入成功
2020-12-28 20:40:11:946  vt_info数据表，第5次写入成功
2020-12-28 20:40:11:950  vt_info数据表，第6次写入成功
2020-12-28 20:40:11:953  vt_info数据表，第7次写入成功
2020-12-28 20:40:11:957  vt_info数据表，第8次写入成功
2020-12-28 20:40:11:961  vt_info数据表，第9次写入成功
2020-12-28 20:40:11:964  vt_info数据表，第10次写入成功
2020-12-28 20:40:11:968  vt_info数据表，第11次写入成功
2020-12-28 20:40:11:972  vt_info数据表，第12次写入成功
2020-12-28 20:40:11:975  vt_info数据表，第13次写入成功
2020-12-28 20:40:11:979  vt_info数据表，第14次写入成功
2020-12-28 20:40:11:982  vt_info数据表，第15次写入成功
2020-12-28 20:40:11:986  vt_info数据表，第16次写入成功
2020-12-28 20:40:11:990  vt_info数据表，第17次写入成功
2020-12-28 20:40:11:994  vt_info数据表，第18次写入成功
2020-12-28 20:40:11:997  vt_info数据表，第19次写入成功
2020-12-28 20:40:12:001  vt_info数据表，第20次写入成功
2020-12-28 20:40:12:005  vt_info数据表，第21次写入成功
2020-12-28 20:40:12:008  vt_info数据表，第22次写入成功
2020-12-28 20:40:12:012  vt_info数据表，第23次写入成功
2020-12-28 20:40:12:016  vt_info数据表，第24次写入成功
2020-12-28 20:40:12:019  vt_info数据表，第25次写入成功
2020-12-28 20:40:12:023  vt_info数据表，第26次写入成功
2020-12-28 20:40:12:027  vt_info数据表，第27次写入成功
2020-12-28 20:40:12:031  vt_info数据表，第28次写入成功
2020-12-28 20:40:12:034  vt_info数据表，第29次写入成功
2020-12-28 20:40:12:038  vt_info数据表，第30次写入成功
2020-12-28 20:40:12:042  vt_info数据表，第31次写入成功
2020-12-28 20:40:12:046  vt_info数据表，第32次写入成功
2020-12-28 20:40:12:050  vt_info数据表，第33次写入成功
2020-12-28 20:40:12:053  vt_info数据表，第34次写入成功
2020-12-28 20:40:12:057  vt_info数据表，第35次写入成功
2020-12-28 20:40:12:060  vt_info数据表，第36次写入成功
2020-12-28 20:40:12:064  vt_info数据表，第37次写入成功
2020-12-28 20:40:12:068  vt_info数据表，第38次写入成功
2020-12-28 20:40:12:071  vt_info数据表，第39次写入成功
2020-12-28 20:40:12:075  vt_info数据表，第40次写入成功
2020-12-28 20:40:12:080  vt_info数据表，第41次写入成功
2020-12-28 20:40:12:082  vt_info数据表，第42次写入成功
2020-12-28 20:40:12:087  vt_info数据表，第43次写入成功
2020-12-28 20:40:12:091  vt_info数据表，第44次写入成功
2020-12-28 20:40:12:093  vt_info数据表，第45次写入成功
2020-12-28 20:40:12:098  vt_info数据表，第46次写入成功
2020-12-28 20:40:12:101  vt_info数据表，第47次写入成功
2020-12-28 20:40:12:104  motor_info数据表，第0次写入成功
2020-12-28 20:40:12:107  motor_info数据表，第1次写入成功
2020-12-28 20:40:12:110  motor_info数据表，第2次写入成功
2020-12-28 20:40:12:112  motor_info数据表，第3次写入成功
2020-12-28 20:40:12:115  motor_info数据表，第4次写入成功
2020-12-28 20:40:12:118  motor_info数据表，第5次写入成功
2020-12-28 20:40:12:121  motor_info数据表，第6次写入成功
2020-12-28 20:40:12:123  motor_info数据表，第7次写入成功
2020-12-28 20:40:12:126  motor_info数据表，第8次写入成功
2020-12-28 20:40:12:129  motor_info数据表，第9次写入成功
2020-12-28 20:40:12:131  motor_info数据表，第10次写入成功
2020-12-28 20:40:12:134  motor_info数据表，第11次写入成功
2020-12-28 20:40:12:137  motor_info数据表，第12次写入成功
2020-12-28 20:40:12:139  motor_info数据表，第13次写入成功
2020-12-28 20:40:12:142  motor_info数据表，第14次写入成功
2020-12-28 20:40:12:154  motor_info数据表，第15次写入成功
2020-12-28 20:40:12:156  数据库关闭！
2020-12-28 20:48:37:624  收到来车信号，流水号：20201228204837，所有设备开始采集
2020-12-28 20:48:37:670  开启A/D采集
2020-12-28 20:48:59:026  收到离车信号，流水号：20201228204837，线号：14，车号：047048，主控端：0，所有设备停止采集
2020-12-28 20:48:59:028  收到停止采集命令，开始停止采集
2020-12-28 20:48:59:033  停止采集数据
2020-12-28 20:48:59:035  采集连接已断开
2020-12-28 20:48:59:037  开始数据分析和落盘
2020-12-28 20:49:03:369  vibration1完成落盘
2020-12-28 20:49:06:777  vibration2完成落盘
2020-12-28 20:49:09:603  vibration3完成落盘
2020-12-28 20:49:12:651  vibration4完成落盘
2020-12-28 20:49:15:966  vibration5完成落盘
2020-12-28 20:49:19:133  vibration6完成落盘
2020-12-28 20:49:22:487  vibration7完成落盘
2020-12-28 20:49:25:988  vibration8完成落盘
2020-12-28 20:49:29:334  magnetic1完成落盘
2020-12-28 20:49:32:687  magnetic2完成落盘
2020-12-28 20:49:35:776  magnetic3完成落盘
2020-12-28 20:49:38:916  magnetic4完成落盘
2020-12-28 20:49:42:215  temperate1完成落盘
2020-12-28 20:49:45:440  temperate2完成落盘
2020-12-28 20:49:48:687  temperate3完成落盘
2020-12-28 20:49:51:972  temperate4完成落盘
2020-12-28 20:49:51:982  开始处理数据
2020-12-28 20:49:52:513  右侧计算完成
2020-12-28 20:49:52:920  左侧计算完成
2020-12-28 20:49:52:922  检查结果数据
2020-12-28 20:49:52:924  通知桌面显示数据
2020-12-28 20:49:52:940  开始写入数据库
2020-12-28 20:49:52:960  预警及报警参数加载完成
2020-12-28 20:49:52:962  数据库打开成功
2020-12-28 20:49:52:964  train_info数据表写入成功
2020-12-28 20:49:53:094  train_onlyid读取成功
2020-12-28 20:49:53:098  train_data数据表写入成功
2020-12-28 20:49:53:102  vt_info数据表，第0次写入成功
2020-12-28 20:49:53:106  vt_info数据表，第1次写入成功
2020-12-28 20:49:53:110  vt_info数据表，第2次写入成功
2020-12-28 20:49:53:113  vt_info数据表，第3次写入成功
2020-12-28 20:49:53:117  vt_info数据表，第4次写入成功
2020-12-28 20:49:53:121  vt_info数据表，第5次写入成功
2020-12-28 20:49:53:124  vt_info数据表，第6次写入成功
2020-12-28 20:49:53:128  vt_info数据表，第7次写入成功
2020-12-28 20:49:53:132  vt_info数据表，第8次写入成功
2020-12-28 20:49:53:135  vt_info数据表，第9次写入成功
2020-12-28 20:49:53:139  vt_info数据表，第10次写入成功
2020-12-28 20:49:53:142  vt_info数据表，第11次写入成功
2020-12-28 20:49:53:146  vt_info数据表，第12次写入成功
2020-12-28 20:49:53:150  vt_info数据表，第13次写入成功
2020-12-28 20:49:53:154  vt_info数据表，第14次写入成功
2020-12-28 20:49:53:158  vt_info数据表，第15次写入成功
2020-12-28 20:49:53:161  vt_info数据表，第16次写入成功
2020-12-28 20:49:53:164  vt_info数据表，第17次写入成功
2020-12-28 20:49:53:168  vt_info数据表，第18次写入成功
2020-12-28 20:49:53:172  vt_info数据表，第19次写入成功
2020-12-28 20:49:53:176  vt_info数据表，第20次写入成功
2020-12-28 20:49:53:179  vt_info数据表，第21次写入成功
2020-12-28 20:49:53:183  vt_info数据表，第22次写入成功
2020-12-28 20:49:53:187  vt_info数据表，第23次写入成功
2020-12-28 20:49:53:190  vt_info数据表，第24次写入成功
2020-12-28 20:49:53:194  vt_info数据表，第25次写入成功
2020-12-28 20:49:53:198  vt_info数据表，第26次写入成功
2020-12-28 20:49:53:201  vt_info数据表，第27次写入成功
2020-12-28 20:49:53:205  vt_info数据表，第28次写入成功
2020-12-28 20:49:53:209  vt_info数据表，第29次写入成功
2020-12-28 20:49:53:213  vt_info数据表，第30次写入成功
2020-12-28 20:49:53:216  vt_info数据表，第31次写入成功
2020-12-28 20:49:53:220  vt_info数据表，第32次写入成功
2020-12-28 20:49:53:224  vt_info数据表，第33次写入成功
2020-12-28 20:49:53:227  vt_info数据表，第34次写入成功
2020-12-28 20:49:53:231  vt_info数据表，第35次写入成功
2020-12-28 20:49:53:234  vt_info数据表，第36次写入成功
2020-12-28 20:49:53:238  vt_info数据表，第37次写入成功
2020-12-28 20:49:53:242  vt_info数据表，第38次写入成功
2020-12-28 20:49:53:245  vt_info数据表，第39次写入成功
2020-12-28 20:49:53:249  vt_info数据表，第40次写入成功
2020-12-28 20:49:53:253  vt_info数据表，第41次写入成功
2020-12-28 20:49:53:256  vt_info数据表，第42次写入成功
2020-12-28 20:49:53:260  vt_info数据表，第43次写入成功
2020-12-28 20:49:53:263  vt_info数据表，第44次写入成功
2020-12-28 20:49:53:267  vt_info数据表，第45次写入成功
2020-12-28 20:49:53:271  vt_info数据表，第46次写入成功
2020-12-28 20:49:53:274  vt_info数据表，第47次写入成功
2020-12-28 20:49:53:277  motor_info数据表，第0次写入成功
2020-12-28 20:49:53:280  motor_info数据表，第1次写入成功
2020-12-28 20:49:53:283  motor_info数据表，第2次写入成功
2020-12-28 20:49:53:285  motor_info数据表，第3次写入成功
2020-12-28 20:49:53:288  motor_info数据表，第4次写入成功
2020-12-28 20:49:53:290  motor_info数据表，第5次写入成功
2020-12-28 20:49:53:293  motor_info数据表，第6次写入成功
2020-12-28 20:49:53:296  motor_info数据表，第7次写入成功
2020-12-28 20:49:53:299  motor_info数据表，第8次写入成功
2020-12-28 20:49:53:301  motor_info数据表，第9次写入成功
2020-12-28 20:49:53:304  motor_info数据表，第10次写入成功
2020-12-28 20:49:53:307  motor_info数据表，第11次写入成功
2020-12-28 20:49:53:310  motor_info数据表，第12次写入成功
2020-12-28 20:49:53:312  motor_info数据表，第13次写入成功
2020-12-28 20:49:53:315  motor_info数据表，第14次写入成功
2020-12-28 20:49:53:327  motor_info数据表，第15次写入成功
2020-12-28 20:49:53:329  数据库关闭！
2020-12-28 20:55:06:723  收到来车信号，流水号：20201228205506，所有设备开始采集
2020-12-28 20:55:06:770  开启A/D采集
2020-12-28 20:55:28:124  收到离车信号，流水号：20201228205506，线号：14，车号：013014，主控端：0，所有设备停止采集
2020-12-28 20:55:28:126  收到停止采集命令，开始停止采集
2020-12-28 20:55:28:129  停止采集数据
2020-12-28 20:55:28:131  采集连接已断开
2020-12-28 20:55:28:133  开始数据分析和落盘
2020-12-28 20:55:32:555  vibration1完成落盘
2020-12-28 20:55:36:381  vibration2完成落盘
2020-12-28 20:55:40:117  vibration3完成落盘
2020-12-28 20:55:43:911  vibration4完成落盘
2020-12-28 20:55:47:757  vibration5完成落盘
2020-12-28 20:55:51:617  vibration6完成落盘
2020-12-28 20:55:55:432  vibration7完成落盘
2020-12-28 20:55:59:214  vibration8完成落盘
2020-12-28 20:56:03:069  magnetic1完成落盘
2020-12-28 20:56:06:877  magnetic2完成落盘
2020-12-28 20:56:10:700  magnetic3完成落盘
2020-12-28 20:56:14:540  magnetic4完成落盘
2020-12-28 20:56:18:181  temperate1完成落盘
2020-12-28 20:56:21:792  temperate2完成落盘
2020-12-28 20:56:25:383  temperate3完成落盘
2020-12-28 20:56:28:995  temperate4完成落盘
2020-12-28 20:56:29:004  开始处理数据
2020-12-28 20:56:29:559  右侧计算完成
2020-12-28 20:56:30:015  左侧计算完成
2020-12-28 20:56:30:017  检查结果数据
2020-12-28 20:56:30:019  通知桌面显示数据
2020-12-28 20:56:30:035  开始写入数据库
2020-12-28 20:56:30:057  预警及报警参数加载完成
2020-12-28 20:56:30:059  数据库打开成功
2020-12-28 20:56:30:061  train_info数据表写入成功
2020-12-28 20:56:30:191  train_onlyid读取成功
2020-12-28 20:56:30:196  train_data数据表写入成功
2020-12-28 20:56:30:200  vt_info数据表，第0次写入成功
2020-12-28 20:56:30:204  vt_info数据表，第1次写入成功
2020-12-28 20:56:30:207  vt_info数据表，第2次写入成功
2020-12-28 20:56:30:211  vt_info数据表，第3次写入成功
2020-12-28 20:56:30:214  vt_info数据表，第4次写入成功
2020-12-28 20:56:30:219  vt_info数据表，第5次写入成功
2020-12-28 20:56:30:223  vt_info数据表，第6次写入成功
2020-12-28 20:56:30:227  vt_info数据表，第7次写入成功
2020-12-28 20:56:30:231  vt_info数据表，第8次写入成功
2020-12-28 20:56:30:234  vt_info数据表，第9次写入成功
2020-12-28 20:56:30:238  vt_info数据表，第10次写入成功
2020-12-28 20:56:30:242  vt_info数据表，第11次写入成功
2020-12-28 20:56:30:246  vt_info数据表，第12次写入成功
2020-12-28 20:56:30:249  vt_info数据表，第13次写入成功
2020-12-28 20:56:30:253  vt_info数据表，第14次写入成功
2020-12-28 20:56:30:257  vt_info数据表，第15次写入成功
2020-12-28 20:56:30:260  vt_info数据表，第16次写入成功
2020-12-28 20:56:30:264  vt_info数据表，第17次写入成功
2020-12-28 20:56:30:268  vt_info数据表，第18次写入成功
2020-12-28 20:56:30:272  vt_info数据表，第19次写入成功
2020-12-28 20:56:30:276  vt_info数据表，第20次写入成功
2020-12-28 20:56:30:279  vt_info数据表，第21次写入成功
2020-12-28 20:56:30:283  vt_info数据表，第22次写入成功
2020-12-28 20:56:30:287  vt_info数据表，第23次写入成功
2020-12-28 20:56:30:290  vt_info数据表，第24次写入成功
2020-12-28 20:56:30:294  vt_info数据表，第25次写入成功
2020-12-28 20:56:30:298  vt_info数据表，第26次写入成功
2020-12-28 20:56:30:301  vt_info数据表，第27次写入成功
2020-12-28 20:56:30:305  vt_info数据表，第28次写入成功
2020-12-28 20:56:30:309  vt_info数据表，第29次写入成功
2020-12-28 20:56:30:313  vt_info数据表，第30次写入成功
2020-12-28 20:56:30:317  vt_info数据表，第31次写入成功
2020-12-28 20:56:30:320  vt_info数据表，第32次写入成功
2020-12-28 20:56:30:324  vt_info数据表，第33次写入成功
2020-12-28 20:56:30:327  vt_info数据表，第34次写入成功
2020-12-28 20:56:30:331  vt_info数据表，第35次写入成功
2020-12-28 20:56:30:335  vt_info数据表，第36次写入成功
2020-12-28 20:56:30:339  vt_info数据表，第37次写入成功
2020-12-28 20:56:30:342  vt_info数据表，第38次写入成功
2020-12-28 20:56:30:346  vt_info数据表，第39次写入成功
2020-12-28 20:56:30:350  vt_info数据表，第40次写入成功
2020-12-28 20:56:30:353  vt_info数据表，第41次写入成功
2020-12-28 20:56:30:357  vt_info数据表，第42次写入成功
2020-12-28 20:56:30:361  vt_info数据表，第43次写入成功
2020-12-28 20:56:30:364  vt_info数据表，第44次写入成功
2020-12-28 20:56:30:368  vt_info数据表，第45次写入成功
2020-12-28 20:56:30:372  vt_info数据表，第46次写入成功
2020-12-28 20:56:30:375  vt_info数据表，第47次写入成功
2020-12-28 20:56:30:378  motor_info数据表，第0次写入成功
2020-12-28 20:56:30:381  motor_info数据表，第1次写入成功
2020-12-28 20:56:30:384  motor_info数据表，第2次写入成功
2020-12-28 20:56:30:386  motor_info数据表，第3次写入成功
2020-12-28 20:56:30:389  motor_info数据表，第4次写入成功
2020-12-28 20:56:30:392  motor_info数据表，第5次写入成功
2020-12-28 20:56:30:395  motor_info数据表，第6次写入成功
2020-12-28 20:56:30:397  motor_info数据表，第7次写入成功
2020-12-28 20:56:30:400  motor_info数据表，第8次写入成功
2020-12-28 20:56:30:403  motor_info数据表，第9次写入成功
2020-12-28 20:56:30:406  motor_info数据表，第10次写入成功
2020-12-28 20:56:30:409  motor_info数据表，第11次写入成功
2020-12-28 20:56:30:411  motor_info数据表，第12次写入成功
2020-12-28 20:56:30:414  motor_info数据表，第13次写入成功
2020-12-28 20:56:30:417  motor_info数据表，第14次写入成功
2020-12-28 20:56:30:429  motor_info数据表，第15次写入成功
2020-12-28 20:56:30:431  数据库关闭！
2020-12-28 20:59:05:126  收到来车信号，流水号：20201228205905，所有设备开始采集
2020-12-28 20:59:05:173  开启A/D采集
2020-12-28 20:59:26:523  收到离车信号，流水号：20201228205905，线号：14，车号：041042，主控端：1，所有设备停止采集
2020-12-28 20:59:26:525  收到停止采集命令，开始停止采集
2020-12-28 20:59:26:531  停止采集数据
2020-12-28 20:59:26:533  采集连接已断开
2020-12-28 20:59:26:535  开始数据分析和落盘
2020-12-28 20:59:30:958  vibration1完成落盘
2020-12-28 20:59:34:753  vibration2完成落盘
2020-12-28 20:59:38:554  vibration3完成落盘
2020-12-28 20:59:42:347  vibration4完成落盘
2020-12-28 20:59:46:182  vibration5完成落盘
2020-12-28 20:59:50:018  vibration6完成落盘
2020-12-28 20:59:53:851  vibration7完成落盘
2020-12-28 20:59:57:657  vibration8完成落盘
