2020-12-22 15:00:12:167  磁钢信号预处理完成，位置标记：1
2020-12-22 15:00:12:213  温度分轮成功，分轮数尺度为：48
2020-12-22 15:00:12:227  轴承端盖温度特征值计算完成, 位置标记：1
2020-12-22 15:00:12:237  电机温度计算完成, 位置标记：1
2020-12-22 15:00:12:240  电机温度计算完成, 位置标记：1
2020-12-22 15:00:12:244  电机温度计算完成, 位置标记：1
2020-12-22 15:00:12:248  电机温度计算完成, 位置标记：1
2020-12-22 15:00:12:251  电机温度计算完成, 位置标记：1
2020-12-22 15:00:12:254  电机温度计算完成, 位置标记：1
2020-12-22 15:00:12:258  电机温度计算完成, 位置标记：1
2020-12-22 15:00:12:262  电机温度计算完成, 位置标记：1
2020-12-22 15:00:12:264  车速为：72位置标记为：1
2020-12-22 15:00:12:285  振动分轮计算完成, 位置标记：1
2020-12-22 15:00:12:610  振动特征值计算完成, 位置标记：1
2020-12-22 15:00:12:652  磁钢信号预处理完成，位置标记：0
2020-12-22 15:00:12:663  温度分轮成功，分轮数尺度为：48
2020-12-22 15:00:12:675  轴承端盖温度特征值计算完成, 位置标记：0
2020-12-22 15:00:12:684  电机温度计算完成, 位置标记：0
2020-12-22 15:00:12:687  电机温度计算完成, 位置标记：0
2020-12-22 15:00:12:690  电机温度计算完成, 位置标记：0
2020-12-22 15:00:12:693  电机温度计算完成, 位置标记：0
2020-12-22 15:00:12:696  电机温度计算完成, 位置标记：0
2020-12-22 15:00:12:699  电机温度计算完成, 位置标记：0
2020-12-22 15:00:12:702  电机温度计算完成, 位置标记：0
2020-12-22 15:00:12:705  电机温度计算完成, 位置标记：0
2020-12-22 15:00:12:706  车速为：72位置标记为：0
2020-12-22 15:00:12:723  振动分轮计算完成, 位置标记：0
2020-12-22 15:00:13:041  振动特征值计算完成, 位置标记：0
2020-12-22 15:04:07:930  磁钢信号预处理完成，位置标记：1
2020-12-22 15:04:07:941  温度分轮成功，分轮数尺度为：48
2020-12-22 15:04:07:955  轴承端盖温度特征值计算完成, 位置标记：1
2020-12-22 15:04:07:965  电机温度计算完成, 位置标记：1
2020-12-22 15:04:07:968  电机温度计算完成, 位置标记：1
2020-12-22 15:04:07:972  电机温度计算完成, 位置标记：1
2020-12-22 15:04:07:975  电机温度计算完成, 位置标记：1
2020-12-22 15:04:07:978  电机温度计算完成, 位置标记：1
2020-12-22 15:04:07:982  电机温度计算完成, 位置标记：1
2020-12-22 15:04:07:985  电机温度计算完成, 位置标记：1
2020-12-22 15:04:07:989  电机温度计算完成, 位置标记：1
2020-12-22 15:04:07:990  车速为：79.3864位置标记为：1
2020-12-22 15:04:08:011  振动分轮计算完成, 位置标记：1
2020-12-22 15:04:08:347  振动特征值计算完成, 位置标记：1
2020-12-22 15:04:08:394  磁钢信号预处理完成，位置标记：0
2020-12-22 15:04:08:406  温度分轮成功，分轮数尺度为：48
2020-12-22 15:04:08:420  轴承端盖温度特征值计算完成, 位置标记：0
2020-12-22 15:04:08:429  电机温度计算完成, 位置标记：0
2020-12-22 15:04:08:433  电机温度计算完成, 位置标记：0
2020-12-22 15:04:08:436  电机温度计算完成, 位置标记：0
2020-12-22 15:04:08:440  电机温度计算完成, 位置标记：0
2020-12-22 15:04:08:443  电机温度计算完成, 位置标记：0
2020-12-22 15:04:08:447  电机温度计算完成, 位置标记：0
2020-12-22 15:04:08:450  电机温度计算完成, 位置标记：0
2020-12-22 15:04:08:454  电机温度计算完成, 位置标记：0
2020-12-22 15:04:08:455  车速为：79.3864位置标记为：0
2020-12-22 15:04:08:475  振动分轮计算完成, 位置标记：0
2020-12-22 15:04:08:812  振动特征值计算完成, 位置标记：0
2020-12-22 15:13:39:262  磁钢信号预处理完成，位置标记：1
2020-12-22 15:13:39:272  温度分轮成功，分轮数尺度为：48
2020-12-22 15:13:39:284  轴承端盖温度特征值计算完成, 位置标记：1
2020-12-22 15:13:39:293  电机温度计算完成, 位置标记：1
2020-12-22 15:13:39:296  电机温度计算完成, 位置标记：1
2020-12-22 15:13:39:300  电机温度计算完成, 位置标记：1
2020-12-22 15:13:39:303  电机温度计算完成, 位置标记：1
2020-12-22 15:13:39:306  电机温度计算完成, 位置标记：1
2020-12-22 15:13:39:309  电机温度计算完成, 位置标记：1
2020-12-22 15:13:39:312  电机温度计算完成, 位置标记：1
2020-12-22 15:13:39:316  电机温度计算完成, 位置标记：1
2020-12-22 15:13:39:316  车速为：79.3103位置标记为：1
2020-12-22 15:13:39:337  振动分轮计算完成, 位置标记：1
2020-12-22 15:13:39:650  振动特征值计算完成, 位置标记：1
2020-12-22 15:13:39:697  磁钢信号预处理完成，位置标记：0
2020-12-22 15:13:39:709  温度分轮成功，分轮数尺度为：48
2020-12-22 15:13:39:722  轴承端盖温度特征值计算完成, 位置标记：0
2020-12-22 15:13:39:730  电机温度计算完成, 位置标记：0
2020-12-22 15:13:39:734  电机温度计算完成, 位置标记：0
2020-12-22 15:13:39:737  电机温度计算完成, 位置标记：0
2020-12-22 15:13:39:741  电机温度计算完成, 位置标记：0
2020-12-22 15:13:39:745  电机温度计算完成, 位置标记：0
2020-12-22 15:13:39:748  电机温度计算完成, 位置标记：0
2020-12-22 15:13:39:752  电机温度计算完成, 位置标记：0
2020-12-22 15:13:39:755  电机温度计算完成, 位置标记：0
2020-12-22 15:13:39:756  车速为：79.3103位置标记为：0
2020-12-22 15:13:39:777  振动分轮计算完成, 位置标记：0
2020-12-22 15:13:40:114  振动特征值计算完成, 位置标记：0
2020-12-22 15:23:02:652  磁钢信号预处理完成，位置标记：1
2020-12-22 15:23:02:664  温度分轮成功，分轮数尺度为：48
2020-12-22 15:23:02:677  轴承端盖温度特征值计算完成, 位置标记：1
2020-12-22 15:23:02:686  电机温度计算完成, 位置标记：1
2020-12-22 15:23:02:689  电机温度计算完成, 位置标记：1
2020-12-22 15:23:02:693  电机温度计算完成, 位置标记：1
2020-12-22 15:23:02:696  电机温度计算完成, 位置标记：1
2020-12-22 15:23:02:699  电机温度计算完成, 位置标记：1
2020-12-22 15:23:02:703  电机温度计算完成, 位置标记：1
2020-12-22 15:23:02:706  电机温度计算完成, 位置标记：1
2020-12-22 15:23:02:710  电机温度计算完成, 位置标记：1
2020-12-22 15:23:02:711  车速为：78.7821位置标记为：1
2020-12-22 15:23:02:731  振动分轮计算完成, 位置标记：1
2020-12-22 15:23:03:067  振动特征值计算完成, 位置标记：1
2020-12-22 15:23:03:114  磁钢信号预处理完成，位置标记：0
2020-12-22 15:23:03:125  温度分轮成功，分轮数尺度为：48
2020-12-22 15:23:03:139  轴承端盖温度特征值计算完成, 位置标记：0
2020-12-22 15:23:03:148  电机温度计算完成, 位置标记：0
2020-12-22 15:23:03:151  电机温度计算完成, 位置标记：0
2020-12-22 15:23:03:155  电机温度计算完成, 位置标记：0
2020-12-22 15:23:03:158  电机温度计算完成, 位置标记：0
2020-12-22 15:23:03:162  电机温度计算完成, 位置标记：0
2020-12-22 15:23:03:165  电机温度计算完成, 位置标记：0
2020-12-22 15:23:03:169  电机温度计算完成, 位置标记：0
2020-12-22 15:23:03:172  电机温度计算完成, 位置标记：0
2020-12-22 15:23:03:173  车速为：78.7821位置标记为：0
2020-12-22 15:23:03:194  振动分轮计算完成, 位置标记：0
2020-12-22 15:23:03:531  振动特征值计算完成, 位置标记：0
2020-12-22 15:32:48:520  磁钢信号预处理完成，位置标记：1
2020-12-22 15:32:48:531  温度分轮成功，分轮数尺度为：48
2020-12-22 15:32:48:544  轴承端盖温度特征值计算完成, 位置标记：1
2020-12-22 15:32:48:553  电机温度计算完成, 位置标记：1
2020-12-22 15:32:48:556  电机温度计算完成, 位置标记：1
2020-12-22 15:32:48:560  电机温度计算完成, 位置标记：1
2020-12-22 15:32:48:563  电机温度计算完成, 位置标记：1
2020-12-22 15:32:48:567  电机温度计算完成, 位置标记：1
2020-12-22 15:32:48:570  电机温度计算完成, 位置标记：1
2020-12-22 15:32:48:575  电机温度计算完成, 位置标记：1
2020-12-22 15:32:48:580  电机温度计算完成, 位置标记：1
2020-12-22 15:32:48:581  车速为：79.3103位置标记为：1
2020-12-22 15:32:48:602  振动分轮计算完成, 位置标记：1
2020-12-22 15:32:48:942  振动特征值计算完成, 位置标记：1
2020-12-22 15:32:48:987  磁钢信号预处理完成，位置标记：0
2020-12-22 15:32:48:999  温度分轮成功，分轮数尺度为：48
2020-12-22 15:32:49:012  轴承端盖温度特征值计算完成, 位置标记：0
2020-12-22 15:32:49:021  电机温度计算完成, 位置标记：0
2020-12-22 15:32:49:024  电机温度计算完成, 位置标记：0
2020-12-22 15:32:49:028  电机温度计算完成, 位置标记：0
2020-12-22 15:32:49:031  电机温度计算完成, 位置标记：0
2020-12-22 15:32:49:035  电机温度计算完成, 位置标记：0
2020-12-22 15:32:49:038  电机温度计算完成, 位置标记：0
2020-12-22 15:32:49:042  电机温度计算完成, 位置标记：0
2020-12-22 15:32:49:045  电机温度计算完成, 位置标记：0
2020-12-22 15:32:49:046  车速为：79.3103位置标记为：0
2020-12-22 15:32:49:067  振动分轮计算完成, 位置标记：0
2020-12-22 15:32:49:404  振动特征值计算完成, 位置标记：0
2020-12-22 15:39:43:002  磁钢信号预处理完成，位置标记：1
2020-12-22 15:39:43:014  温度分轮成功，分轮数尺度为：48
2020-12-22 15:39:43:028  轴承端盖温度特征值计算完成, 位置标记：1
2020-12-22 15:39:43:039  电机温度计算完成, 位置标记：1
2020-12-22 15:39:43:042  电机温度计算完成, 位置标记：1
2020-12-22 15:39:43:046  电机温度计算完成, 位置标记：1
2020-12-22 15:39:43:049  电机温度计算完成, 位置标记：1
2020-12-22 15:39:43:052  电机温度计算完成, 位置标记：1
2020-12-22 15:39:43:056  电机温度计算完成, 位置标记：1
2020-12-22 15:39:43:059  电机温度计算完成, 位置标记：1
2020-12-22 15:39:43:063  电机温度计算完成, 位置标记：1
2020-12-22 15:39:43:063  车速为：70.7692位置标记为：1
2020-12-22 15:39:43:084  振动分轮计算完成, 位置标记：1
2020-12-22 15:39:43:410  振动特征值计算完成, 位置标记：1
2020-12-22 15:39:43:456  磁钢信号预处理完成，位置标记：0
2020-12-22 15:39:43:468  温度分轮成功，分轮数尺度为：48
2020-12-22 15:39:43:482  轴承端盖温度特征值计算完成, 位置标记：0
2020-12-22 15:39:43:492  电机温度计算完成, 位置标记：0
2020-12-22 15:39:43:496  电机温度计算完成, 位置标记：0
2020-12-22 15:39:43:499  电机温度计算完成, 位置标记：0
2020-12-22 15:39:43:502  电机温度计算完成, 位置标记：0
2020-12-22 15:39:43:506  电机温度计算完成, 位置标记：0
2020-12-22 15:39:43:509  电机温度计算完成, 位置标记：0
2020-12-22 15:39:43:513  电机温度计算完成, 位置标记：0
2020-12-22 15:39:43:516  电机温度计算完成, 位置标记：0
2020-12-22 15:39:43:517  车速为：70.7692位置标记为：0
2020-12-22 15:39:43:537  振动分轮计算完成, 位置标记：0
2020-12-22 15:39:43:861  振动特征值计算完成, 位置标记：0
2020-12-22 15:44:03:060  磁钢信号预处理完成，位置标记：1
2020-12-22 15:44:03:071  温度分轮成功，分轮数尺度为：48
2020-12-22 15:44:03:085  轴承端盖温度特征值计算完成, 位置标记：1
2020-12-22 15:44:03:094  电机温度计算完成, 位置标记：1
2020-12-22 15:44:03:097  电机温度计算完成, 位置标记：1
2020-12-22 15:44:03:101  电机温度计算完成, 位置标记：1
2020-12-22 15:44:03:104  电机温度计算完成, 位置标记：1
2020-12-22 15:44:03:108  电机温度计算完成, 位置标记：1
2020-12-22 15:44:03:112  电机温度计算完成, 位置标记：1
2020-12-22 15:44:03:115  电机温度计算完成, 位置标记：1
2020-12-22 15:44:03:119  电机温度计算完成, 位置标记：1
2020-12-22 15:44:03:119  车速为：79.0831位置标记为：1
2020-12-22 15:44:03:140  振动分轮计算完成, 位置标记：1
2020-12-22 15:44:03:481  振动特征值计算完成, 位置标记：1
2020-12-22 15:44:03:527  磁钢信号预处理完成，位置标记：0
2020-12-22 15:44:03:538  温度分轮成功，分轮数尺度为：48
2020-12-22 15:44:03:551  轴承端盖温度特征值计算完成, 位置标记：0
2020-12-22 15:44:03:560  电机温度计算完成, 位置标记：0
2020-12-22 15:44:03:564  电机温度计算完成, 位置标记：0
2020-12-22 15:44:03:567  电机温度计算完成, 位置标记：0
2020-12-22 15:44:03:571  电机温度计算完成, 位置标记：0
2020-12-22 15:44:03:574  电机温度计算完成, 位置标记：0
2020-12-22 15:44:03:578  电机温度计算完成, 位置标记：0
2020-12-22 15:44:03:583  电机温度计算完成, 位置标记：0
2020-12-22 15:44:03:586  电机温度计算完成, 位置标记：0
2020-12-22 15:44:03:587  车速为：79.0831位置标记为：0
2020-12-22 15:44:03:608  振动分轮计算完成, 位置标记：0
2020-12-22 15:44:03:941  振动特征值计算完成, 位置标记：0
2020-12-22 15:51:54:791  磁钢信号预处理完成，位置标记：1
2020-12-22 15:51:54:802  温度分轮成功，分轮数尺度为：48
2020-12-22 15:51:54:816  轴承端盖温度特征值计算完成, 位置标记：1
2020-12-22 15:51:54:825  电机温度计算完成, 位置标记：1
2020-12-22 15:51:54:829  电机温度计算完成, 位置标记：1
2020-12-22 15:51:54:833  电机温度计算完成, 位置标记：1
2020-12-22 15:51:54:836  电机温度计算完成, 位置标记：1
2020-12-22 15:51:54:840  电机温度计算完成, 位置标记：1
2020-12-22 15:51:54:843  电机温度计算完成, 位置标记：1
2020-12-22 15:51:54:847  电机温度计算完成, 位置标记：1
2020-12-22 15:51:54:850  电机温度计算完成, 位置标记：1
2020-12-22 15:51:54:851  车速为：79.1587位置标记为：1
2020-12-22 15:51:54:872  振动分轮计算完成, 位置标记：1
2020-12-22 15:51:55:207  振动特征值计算完成, 位置标记：1
2020-12-22 15:51:55:255  磁钢信号预处理完成，位置标记：0
2020-12-22 15:51:55:266  温度分轮成功，分轮数尺度为：48
2020-12-22 15:51:55:280  轴承端盖温度特征值计算完成, 位置标记：0
2020-12-22 15:51:55:289  电机温度计算完成, 位置标记：0
2020-12-22 15:51:55:293  电机温度计算完成, 位置标记：0
2020-12-22 15:51:55:296  电机温度计算完成, 位置标记：0
2020-12-22 15:51:55:299  电机温度计算完成, 位置标记：0
2020-12-22 15:51:55:303  电机温度计算完成, 位置标记：0
2020-12-22 15:51:55:306  电机温度计算完成, 位置标记：0
2020-12-22 15:51:55:310  电机温度计算完成, 位置标记：0
2020-12-22 15:51:55:313  电机温度计算完成, 位置标记：0
2020-12-22 15:51:55:314  车速为：79.1587位置标记为：0
2020-12-22 15:51:55:334  振动分轮计算完成, 位置标记：0
2020-12-22 15:51:55:669  振动特征值计算完成, 位置标记：0
