2020-12-18 17:00:00:185  magnetic4完成落盘
2020-12-18 17:00:04:225  temperate1完成落盘
2020-12-18 17:00:08:200  temperate2完成落盘
2020-12-18 17:00:12:237  temperate3完成落盘
2020-12-18 17:00:16:289  temperate4完成落盘
2020-12-18 17:00:16:297  开始处理数据
2020-12-18 17:00:16:854  右侧计算完成
2020-12-18 17:00:17:308  左侧计算完成
2020-12-18 17:00:17:310  检查结果数据
2020-12-18 17:00:17:311  通知桌面显示数据
2020-12-18 17:00:17:328  开始写入数据库
2020-12-18 17:00:17:357  预警及报警参数加载完成
2020-12-18 17:00:17:358  数据库打开成功
2020-12-18 17:00:17:360  train_info数据表写入成功
2020-12-18 17:00:17:541  train_onlyid读取成功
2020-12-18 17:00:17:543  train_data数据表写入成功
2020-12-18 17:00:17:544  vt_info数据表，第0次写入成功
2020-12-18 17:00:17:546  vt_info数据表，第1次写入成功
2020-12-18 17:00:17:547  vt_info数据表，第2次写入成功
2020-12-18 17:00:17:549  vt_info数据表，第3次写入成功
2020-12-18 17:00:17:550  vt_info数据表，第4次写入成功
2020-12-18 17:00:17:552  vt_info数据表，第5次写入成功
2020-12-18 17:00:17:553  vt_info数据表，第6次写入成功
2020-12-18 17:00:17:555  vt_info数据表，第7次写入成功
2020-12-18 17:00:17:557  vt_info数据表，第8次写入成功
2020-12-18 17:00:17:558  vt_info数据表，第9次写入成功
2020-12-18 17:00:17:560  vt_info数据表，第10次写入成功
2020-12-18 17:00:17:561  vt_info数据表，第11次写入成功
2020-12-18 17:00:17:563  vt_info数据表，第12次写入成功
2020-12-18 17:00:17:564  vt_info数据表，第13次写入成功
2020-12-18 17:00:17:566  vt_info数据表，第14次写入成功
2020-12-18 17:00:17:598  vt_info数据表，第15次写入成功
2020-12-18 17:00:17:600  vt_info数据表，第16次写入成功
2020-12-18 17:00:17:602  vt_info数据表，第17次写入成功
2020-12-18 17:00:17:604  vt_info数据表，第18次写入成功
2020-12-18 17:00:17:605  vt_info数据表，第19次写入成功
2020-12-18 17:00:17:607  vt_info数据表，第20次写入成功
2020-12-18 17:00:17:608  vt_info数据表，第21次写入成功
2020-12-18 17:00:17:610  vt_info数据表，第22次写入成功
2020-12-18 17:00:17:611  vt_info数据表，第23次写入成功
2020-12-18 17:00:17:613  vt_info数据表，第24次写入成功
2020-12-18 17:00:17:615  vt_info数据表，第25次写入成功
2020-12-18 17:00:17:616  vt_info数据表，第26次写入成功
2020-12-18 17:00:17:618  vt_info数据表，第27次写入成功
2020-12-18 17:00:17:619  vt_info数据表，第28次写入成功
2020-12-18 17:00:17:621  vt_info数据表，第29次写入成功
2020-12-18 17:00:17:623  vt_info数据表，第30次写入成功
2020-12-18 17:00:17:655  vt_info数据表，第31次写入成功
2020-12-18 17:00:17:657  vt_info数据表，第32次写入成功
2020-12-18 17:00:17:659  vt_info数据表，第33次写入成功
2020-12-18 17:00:17:660  vt_info数据表，第34次写入成功
2020-12-18 17:00:17:662  vt_info数据表，第35次写入成功
2020-12-18 17:00:17:664  vt_info数据表，第36次写入成功
2020-12-18 17:00:17:665  vt_info数据表，第37次写入成功
2020-12-18 17:00:17:667  vt_info数据表，第38次写入成功
2020-12-18 17:00:17:669  vt_info数据表，第39次写入成功
2020-12-18 17:00:17:670  vt_info数据表，第40次写入成功
2020-12-18 17:00:17:672  vt_info数据表，第41次写入成功
2020-12-18 17:00:17:673  vt_info数据表，第42次写入成功
2020-12-18 17:00:17:675  vt_info数据表，第43次写入成功
2020-12-18 17:00:17:677  vt_info数据表，第44次写入成功
2020-12-18 17:00:17:678  vt_info数据表，第45次写入成功
2020-12-18 17:00:17:720  vt_info数据表，第46次写入成功
2020-12-18 17:00:17:721  vt_info数据表，第47次写入成功
2020-12-18 17:00:17:723  motor_info数据表，第0次写入成功
2020-12-18 17:00:17:724  motor_info数据表，第1次写入成功
2020-12-18 17:00:17:726  motor_info数据表，第2次写入成功
2020-12-18 17:00:17:727  motor_info数据表，第3次写入成功
2020-12-18 17:00:17:729  motor_info数据表，第4次写入成功
2020-12-18 17:00:17:730  motor_info数据表，第5次写入成功
2020-12-18 17:00:17:732  motor_info数据表，第6次写入成功
2020-12-18 17:00:17:733  motor_info数据表，第7次写入成功
2020-12-18 17:00:17:735  motor_info数据表，第8次写入成功
2020-12-18 17:00:17:736  motor_info数据表，第9次写入成功
2020-12-18 17:00:17:738  motor_info数据表，第10次写入成功
2020-12-18 17:00:17:739  motor_info数据表，第11次写入成功
2020-12-18 17:00:17:741  motor_info数据表，第12次写入成功
2020-12-18 17:00:17:742  motor_info数据表，第13次写入成功
2020-12-18 17:00:17:744  motor_info数据表，第14次写入成功
2020-12-18 17:00:17:745  motor_info数据表，第15次写入成功
2020-12-18 17:00:17:747  数据库关闭！
2020-12-18 17:06:10:868  收到来车信号，流水号：20201218170610，所有设备开始采集
2020-12-18 17:06:10:935  开启A/D采集
2020-12-18 17:06:32:321  收到离车信号，流水号：20201218170610，线号：14，车号：025026，主控端：1，所有设备停止采集
2020-12-18 17:06:32:355  收到停止采集命令，开始停止采集
2020-12-18 17:06:32:394  停止采集数据
2020-12-18 17:06:32:396  采集连接已断开
2020-12-18 17:06:32:397  开始数据分析和落盘
2020-12-18 17:06:36:716  vibration1完成落盘
2020-12-18 17:06:39:668  vibration2完成落盘
2020-12-18 17:06:43:027  vibration3完成落盘
2020-12-18 17:06:46:009  vibration4完成落盘
2020-12-18 17:06:49:021  vibration5完成落盘
2020-12-18 17:06:52:569  vibration6完成落盘
2020-12-18 17:06:55:777  vibration7完成落盘
2020-12-18 17:06:59:245  vibration8完成落盘
2020-12-18 17:07:02:376  magnetic1完成落盘
2020-12-18 17:07:05:348  magnetic2完成落盘
2020-12-18 17:07:08:429  magnetic3完成落盘
2020-12-18 17:07:11:874  magnetic4完成落盘
2020-12-18 17:07:14:845  temperate1完成落盘
2020-12-18 17:07:18:013  temperate2完成落盘
2020-12-18 17:07:21:327  temperate3完成落盘
2020-12-18 17:07:24:287  temperate4完成落盘
2020-12-18 17:07:24:294  开始处理数据
2020-12-18 17:07:24:895  右侧计算完成
2020-12-18 17:07:25:397  左侧计算完成
2020-12-18 17:07:25:398  检查结果数据
2020-12-18 17:07:25:400  通知桌面显示数据
2020-12-18 17:07:25:416  开始写入数据库
2020-12-18 17:07:25:444  预警及报警参数加载完成
2020-12-18 17:07:25:446  数据库打开成功
2020-12-18 17:07:25:447  train_info数据表写入成功
2020-12-18 17:07:25:622  train_onlyid读取成功
2020-12-18 17:07:25:623  train_data数据表写入成功
2020-12-18 17:07:25:624  vt_info数据表，第0次写入成功
2020-12-18 17:07:25:626  vt_info数据表，第1次写入成功
2020-12-18 17:07:25:627  vt_info数据表，第2次写入成功
2020-12-18 17:07:25:628  vt_info数据表，第3次写入成功
2020-12-18 17:07:25:630  vt_info数据表，第4次写入成功
2020-12-18 17:07:25:632  vt_info数据表，第5次写入成功
2020-12-18 17:07:25:633  vt_info数据表，第6次写入成功
2020-12-18 17:07:25:635  vt_info数据表，第7次写入成功
2020-12-18 17:07:25:636  vt_info数据表，第8次写入成功
2020-12-18 17:07:25:638  vt_info数据表，第9次写入成功
2020-12-18 17:07:25:640  vt_info数据表，第10次写入成功
2020-12-18 17:07:25:641  vt_info数据表，第11次写入成功
2020-12-18 17:07:25:643  vt_info数据表，第12次写入成功
2020-12-18 17:07:25:644  vt_info数据表，第13次写入成功
2020-12-18 17:07:25:676  vt_info数据表，第14次写入成功
2020-12-18 17:07:25:678  vt_info数据表，第15次写入成功
2020-12-18 17:07:25:680  vt_info数据表，第16次写入成功
2020-12-18 17:07:25:681  vt_info数据表，第17次写入成功
2020-12-18 17:07:25:683  vt_info数据表，第18次写入成功
2020-12-18 17:07:25:684  vt_info数据表，第19次写入成功
2020-12-18 17:07:25:686  vt_info数据表，第20次写入成功
2020-12-18 17:07:25:687  vt_info数据表，第21次写入成功
2020-12-18 17:07:25:689  vt_info数据表，第22次写入成功
2020-12-18 17:07:25:690  vt_info数据表，第23次写入成功
2020-12-18 17:07:25:692  vt_info数据表，第24次写入成功
2020-12-18 17:07:25:694  vt_info数据表，第25次写入成功
2020-12-18 17:07:25:695  vt_info数据表，第26次写入成功
2020-12-18 17:07:25:697  vt_info数据表，第27次写入成功
2020-12-18 17:07:25:698  vt_info数据表，第28次写入成功
2020-12-18 17:07:25:700  vt_info数据表，第29次写入成功
2020-12-18 17:07:25:733  vt_info数据表，第30次写入成功
2020-12-18 17:07:25:735  vt_info数据表，第31次写入成功
2020-12-18 17:07:25:736  vt_info数据表，第32次写入成功
2020-12-18 17:07:25:738  vt_info数据表，第33次写入成功
2020-12-18 17:07:25:740  vt_info数据表，第34次写入成功
2020-12-18 17:07:25:742  vt_info数据表，第35次写入成功
2020-12-18 17:07:25:743  vt_info数据表，第36次写入成功
2020-12-18 17:07:25:745  vt_info数据表，第37次写入成功
2020-12-18 17:07:25:747  vt_info数据表，第38次写入成功
2020-12-18 17:07:25:748  vt_info数据表，第39次写入成功
2020-12-18 17:07:25:750  vt_info数据表，第40次写入成功
2020-12-18 17:07:25:751  vt_info数据表，第41次写入成功
2020-12-18 17:07:25:753  vt_info数据表，第42次写入成功
2020-12-18 17:07:25:754  vt_info数据表，第43次写入成功
2020-12-18 17:07:25:786  vt_info数据表，第44次写入成功
2020-12-18 17:07:25:788  vt_info数据表，第45次写入成功
2020-12-18 17:07:25:789  vt_info数据表，第46次写入成功
2020-12-18 17:07:25:800  vt_info数据表，第47次写入成功
2020-12-18 17:07:25:802  motor_info数据表，第0次写入成功
2020-12-18 17:07:25:803  motor_info数据表，第1次写入成功
2020-12-18 17:07:25:805  motor_info数据表，第2次写入成功
2020-12-18 17:07:25:807  motor_info数据表，第3次写入成功
2020-12-18 17:07:25:808  motor_info数据表，第4次写入成功
2020-12-18 17:07:25:810  motor_info数据表，第5次写入成功
2020-12-18 17:07:25:811  motor_info数据表，第6次写入成功
2020-12-18 17:07:25:813  motor_info数据表，第7次写入成功
2020-12-18 17:07:25:814  motor_info数据表，第8次写入成功
2020-12-18 17:07:25:815  motor_info数据表，第9次写入成功
2020-12-18 17:07:25:817  motor_info数据表，第10次写入成功
2020-12-18 17:07:25:818  motor_info数据表，第11次写入成功
2020-12-18 17:07:25:820  motor_info数据表，第12次写入成功
2020-12-18 17:07:25:822  motor_info数据表，第13次写入成功
2020-12-18 17:07:25:823  motor_info数据表，第14次写入成功
2020-12-18 17:07:25:856  motor_info数据表，第15次写入成功
2020-12-18 17:07:25:857  数据库关闭！
2020-12-18 17:14:40:727  收到来车信号，流水号：20201218171440，所有设备开始采集
2020-12-18 17:14:40:795  开启A/D采集
2020-12-18 17:15:02:121  收到离车信号，流水号：20201218171440，线号：14，车号：005006，主控端：0，所有设备停止采集
2020-12-18 17:15:02:156  收到停止采集命令，开始停止采集
2020-12-18 17:15:02:195  停止采集数据
2020-12-18 17:15:02:196  采集连接已断开
2020-12-18 17:15:02:198  开始数据分析和落盘
2020-12-18 17:15:07:009  vibration1完成落盘
2020-12-18 17:15:11:198  vibration2完成落盘
2020-12-18 17:15:15:402  vibration3完成落盘
2020-12-18 17:15:19:603  vibration4完成落盘
2020-12-18 17:15:23:752  vibration5完成落盘
2020-12-18 17:15:27:840  vibration6完成落盘
2020-12-18 17:15:32:057  vibration7完成落盘
2020-12-18 17:15:36:038  vibration8完成落盘
2020-12-18 17:15:40:244  magnetic1完成落盘
2020-12-18 17:15:44:462  magnetic2完成落盘
2020-12-18 17:15:48:353  magnetic3完成落盘
2020-12-18 17:15:52:543  magnetic4完成落盘
2020-12-18 17:15:56:458  temperate1完成落盘
2020-12-18 17:16:00:475  temperate2完成落盘
2020-12-18 17:16:04:428  temperate3完成落盘
2020-12-18 17:16:08:437  temperate4完成落盘
2020-12-18 17:16:08:445  开始处理数据
2020-12-18 17:16:09:007  右侧计算完成
2020-12-18 17:16:09:467  左侧计算完成
2020-12-18 17:16:09:468  检查结果数据
2020-12-18 17:16:09:470  通知桌面显示数据
2020-12-18 17:16:09:486  开始写入数据库
2020-12-18 17:16:09:515  预警及报警参数加载完成
2020-12-18 17:16:09:517  数据库打开成功
2020-12-18 17:16:09:518  train_info数据表写入成功
2020-12-18 17:16:09:702  train_onlyid读取成功
2020-12-18 17:16:09:704  train_data数据表写入成功
2020-12-18 17:16:09:705  vt_info数据表，第0次写入成功
2020-12-18 17:16:09:707  vt_info数据表，第1次写入成功
2020-12-18 17:16:09:708  vt_info数据表，第2次写入成功
2020-12-18 17:16:09:710  vt_info数据表，第3次写入成功
2020-12-18 17:16:09:712  vt_info数据表，第4次写入成功
2020-12-18 17:16:09:713  vt_info数据表，第5次写入成功
2020-12-18 17:16:09:715  vt_info数据表，第6次写入成功
2020-12-18 17:16:09:716  vt_info数据表，第7次写入成功
2020-12-18 17:16:09:718  vt_info数据表，第8次写入成功
2020-12-18 17:16:09:719  vt_info数据表，第9次写入成功
2020-12-18 17:16:09:721  vt_info数据表，第10次写入成功
2020-12-18 17:16:09:722  vt_info数据表，第11次写入成功
2020-12-18 17:16:09:724  vt_info数据表，第12次写入成功
2020-12-18 17:16:09:725  vt_info数据表，第13次写入成功
2020-12-18 17:16:09:727  vt_info数据表，第14次写入成功
2020-12-18 17:16:09:729  vt_info数据表，第15次写入成功
2020-12-18 17:16:09:761  vt_info数据表，第16次写入成功
2020-12-18 17:16:09:762  vt_info数据表，第17次写入成功
2020-12-18 17:16:09:764  vt_info数据表，第18次写入成功
2020-12-18 17:16:09:766  vt_info数据表，第19次写入成功
2020-12-18 17:16:09:767  vt_info数据表，第20次写入成功
2020-12-18 17:16:09:769  vt_info数据表，第21次写入成功
2020-12-18 17:16:09:771  vt_info数据表，第22次写入成功
2020-12-18 17:16:09:772  vt_info数据表，第23次写入成功
2020-12-18 17:16:09:774  vt_info数据表，第24次写入成功
2020-12-18 17:16:09:776  vt_info数据表，第25次写入成功
2020-12-18 17:16:09:777  vt_info数据表，第26次写入成功
2020-12-18 17:16:09:779  vt_info数据表，第27次写入成功
2020-12-18 17:16:09:780  vt_info数据表，第28次写入成功
2020-12-18 17:16:09:782  vt_info数据表，第29次写入成功
2020-12-18 17:16:09:784  vt_info数据表，第30次写入成功
2020-12-18 17:16:09:785  vt_info数据表，第31次写入成功
2020-12-18 17:16:09:787  vt_info数据表，第32次写入成功
2020-12-18 17:16:09:819  vt_info数据表，第33次写入成功
2020-12-18 17:16:09:821  vt_info数据表，第34次写入成功
2020-12-18 17:16:09:823  vt_info数据表，第35次写入成功
2020-12-18 17:16:09:824  vt_info数据表，第36次写入成功
2020-12-18 17:16:09:826  vt_info数据表，第37次写入成功
2020-12-18 17:16:09:828  vt_info数据表，第38次写入成功
2020-12-18 17:16:09:829  vt_info数据表，第39次写入成功
2020-12-18 17:16:09:831  vt_info数据表，第40次写入成功
2020-12-18 17:16:09:832  vt_info数据表，第41次写入成功
2020-12-18 17:16:09:834  vt_info数据表，第42次写入成功
2020-12-18 17:16:09:836  vt_info数据表，第43次写入成功
2020-12-18 17:16:09:837  vt_info数据表，第44次写入成功
2020-12-18 17:16:09:839  vt_info数据表，第45次写入成功
2020-12-18 17:16:09:840  vt_info数据表，第46次写入成功
2020-12-18 17:16:09:842  vt_info数据表，第47次写入成功
2020-12-18 17:16:09:844  motor_info数据表，第0次写入成功
2020-12-18 17:16:09:885  motor_info数据表，第1次写入成功
2020-12-18 17:16:09:886  motor_info数据表，第2次写入成功
2020-12-18 17:16:09:888  motor_info数据表，第3次写入成功
2020-12-18 17:16:09:890  motor_info数据表，第4次写入成功
2020-12-18 17:16:09:891  motor_info数据表，第5次写入成功
2020-12-18 17:16:09:893  motor_info数据表，第6次写入成功
2020-12-18 17:16:09:894  motor_info数据表，第7次写入成功
2020-12-18 17:16:09:896  motor_info数据表，第8次写入成功
2020-12-18 17:16:09:897  motor_info数据表，第9次写入成功
2020-12-18 17:16:09:899  motor_info数据表，第10次写入成功
2020-12-18 17:16:09:900  motor_info数据表，第11次写入成功
2020-12-18 17:16:09:902  motor_info数据表，第12次写入成功
2020-12-18 17:16:09:903  motor_info数据表，第13次写入成功
2020-12-18 17:16:09:905  motor_info数据表，第14次写入成功
2020-12-18 17:16:09:906  motor_info数据表，第15次写入成功
2020-12-18 17:16:09:908  数据库关闭！
2020-12-18 17:23:12:900  收到来车信号，流水号：20201218172312，所有设备开始采集
2020-12-18 17:23:12:967  开启A/D采集
2020-12-18 17:23:34:358  收到离车信号，流水号：20201218172312，线号：14，车号：029030，主控端：0，所有设备停止采集
2020-12-18 17:23:34:392  收到停止采集命令，开始停止采集
2020-12-18 17:23:34:429  停止采集数据
2020-12-18 17:23:34:431  采集连接已断开
2020-12-18 17:23:34:433  开始数据分析和落盘
2020-12-18 17:23:39:186  vibration1完成落盘
2020-12-18 17:23:43:416  vibration2完成落盘
2020-12-18 17:23:47:580  vibration3完成落盘
2020-12-18 17:23:51:775  vibration4完成落盘
2020-12-18 17:23:55:868  vibration5完成落盘
2020-12-18 17:24:00:031  vibration6完成落盘
2020-12-18 17:24:04:191  vibration7完成落盘
2020-12-18 17:24:08:348  vibration8完成落盘
2020-12-18 17:24:12:487  magnetic1完成落盘
2020-12-18 17:24:16:655  magnetic2完成落盘
2020-12-18 17:24:20:817  magnetic3完成落盘
2020-12-18 17:24:24:973  magnetic4完成落盘
2020-12-18 17:24:28:985  temperate1完成落盘
2020-12-18 17:24:32:912  temperate2完成落盘
2020-12-18 17:24:36:924  temperate3完成落盘
2020-12-18 17:24:40:881  temperate4完成落盘
2020-12-18 17:24:40:889  开始处理数据
2020-12-18 17:24:41:451  右侧计算完成
2020-12-18 17:24:41:912  左侧计算完成
2020-12-18 17:24:41:913  检查结果数据
2020-12-18 17:24:41:915  通知桌面显示数据
2020-12-18 17:24:41:932  开始写入数据库
2020-12-18 17:24:41:960  预警及报警参数加载完成
2020-12-18 17:24:41:962  数据库打开成功
2020-12-18 17:24:41:963  train_info数据表写入成功
2020-12-18 17:24:42:146  train_onlyid读取成功
2020-12-18 17:24:42:148  train_data数据表写入成功
2020-12-18 17:24:42:149  vt_info数据表，第0次写入成功
2020-12-18 17:24:42:151  vt_info数据表，第1次写入成功
2020-12-18 17:24:42:153  vt_info数据表，第2次写入成功
2020-12-18 17:24:42:154  vt_info数据表，第3次写入成功
2020-12-18 17:24:42:155  vt_info数据表，第4次写入成功
2020-12-18 17:24:42:157  vt_info数据表，第5次写入成功
2020-12-18 17:24:42:159  vt_info数据表，第6次写入成功
2020-12-18 17:24:42:160  vt_info数据表，第7次写入成功
2020-12-18 17:24:42:162  vt_info数据表，第8次写入成功
2020-12-18 17:24:42:163  vt_info数据表，第9次写入成功
2020-12-18 17:24:42:164  vt_info数据表，第10次写入成功
2020-12-18 17:24:42:166  vt_info数据表，第11次写入成功
2020-12-18 17:24:42:168  vt_info数据表，第12次写入成功
2020-12-18 17:24:42:169  vt_info数据表，第13次写入成功
2020-12-18 17:24:42:171  vt_info数据表，第14次写入成功
2020-12-18 17:24:42:173  vt_info数据表，第15次写入成功
2020-12-18 17:24:42:205  vt_info数据表，第16次写入成功
2020-12-18 17:24:42:207  vt_info数据表，第17次写入成功
2020-12-18 17:24:42:208  vt_info数据表，第18次写入成功
2020-12-18 17:24:42:210  vt_info数据表，第19次写入成功
2020-12-18 17:24:42:211  vt_info数据表，第20次写入成功
2020-12-18 17:24:42:213  vt_info数据表，第21次写入成功
2020-12-18 17:24:42:214  vt_info数据表，第22次写入成功
2020-12-18 17:24:42:216  vt_info数据表，第23次写入成功
2020-12-18 17:24:42:218  vt_info数据表，第24次写入成功
2020-12-18 17:24:42:220  vt_info数据表，第25次写入成功
2020-12-18 17:24:42:221  vt_info数据表，第26次写入成功
2020-12-18 17:24:42:223  vt_info数据表，第27次写入成功
2020-12-18 17:24:42:224  vt_info数据表，第28次写入成功
2020-12-18 17:24:42:226  vt_info数据表，第29次写入成功
2020-12-18 17:24:42:227  vt_info数据表，第30次写入成功
2020-12-18 17:24:42:229  vt_info数据表，第31次写入成功
2020-12-18 17:24:42:261  vt_info数据表，第32次写入成功
2020-12-18 17:24:42:262  vt_info数据表，第33次写入成功
2020-12-18 17:24:42:264  vt_info数据表，第34次写入成功
2020-12-18 17:24:42:266  vt_info数据表，第35次写入成功
2020-12-18 17:24:42:267  vt_info数据表，第36次写入成功
2020-12-18 17:24:42:269  vt_info数据表，第37次写入成功
2020-12-18 17:24:42:271  vt_info数据表，第38次写入成功
2020-12-18 17:24:42:272  vt_info数据表，第39次写入成功
2020-12-18 17:24:42:274  vt_info数据表，第40次写入成功
2020-12-18 17:24:42:276  vt_info数据表，第41次写入成功
2020-12-18 17:24:42:277  vt_info数据表，第42次写入成功
2020-12-18 17:24:42:279  vt_info数据表，第43次写入成功
2020-12-18 17:24:42:281  vt_info数据表，第44次写入成功
2020-12-18 17:24:42:283  vt_info数据表，第45次写入成功
2020-12-18 17:24:42:284  vt_info数据表，第46次写入成功
2020-12-18 17:24:42:326  vt_info数据表，第47次写入成功
2020-12-18 17:24:42:327  motor_info数据表，第0次写入成功
2020-12-18 17:24:42:329  motor_info数据表，第1次写入成功
2020-12-18 17:24:42:330  motor_info数据表，第2次写入成功
2020-12-18 17:24:42:332  motor_info数据表，第3次写入成功
2020-12-18 17:24:42:333  motor_info数据表，第4次写入成功
2020-12-18 17:24:42:335  motor_info数据表，第5次写入成功
2020-12-18 17:24:42:336  motor_info数据表，第6次写入成功
2020-12-18 17:24:42:338  motor_info数据表，第7次写入成功
2020-12-18 17:24:42:339  motor_info数据表，第8次写入成功
2020-12-18 17:24:42:341  motor_info数据表，第9次写入成功
2020-12-18 17:24:42:342  motor_info数据表，第10次写入成功
2020-12-18 17:24:42:344  motor_info数据表，第11次写入成功
2020-12-18 17:24:42:345  motor_info数据表，第12次写入成功
2020-12-18 17:24:42:347  motor_info数据表，第13次写入成功
2020-12-18 17:24:42:348  motor_info数据表，第14次写入成功
2020-12-18 17:24:42:350  motor_info数据表，第15次写入成功
2020-12-18 17:24:42:351  数据库关闭！
2020-12-18 17:29:31:223  收到来车信号，流水号：20201218172931，所有设备开始采集
2020-12-18 17:29:31:290  开启A/D采集
2020-12-18 17:29:52:723  收到离车信号，流水号：20201218172931，线号：14，车号：033034，主控端：1，所有设备停止采集
2020-12-18 17:29:52:757  收到停止采集命令，开始停止采集
2020-12-18 17:29:52:794  停止采集数据
2020-12-18 17:29:52:795  采集连接已断开
2020-12-18 17:29:52:797  开始数据分析和落盘
2020-12-18 17:29:57:614  vibration1完成落盘
2020-12-18 17:30:01:768  vibration2完成落盘
2020-12-18 17:30:05:982  vibration3完成落盘
2020-12-18 17:30:10:223  vibration4完成落盘
2020-12-18 17:30:14:432  vibration5完成落盘
2020-12-18 17:30:18:595  vibration6完成落盘
2020-12-18 17:30:22:818  vibration7完成落盘
2020-12-18 17:30:26:634  vibration8完成落盘
2020-12-18 17:30:30:815  magnetic1完成落盘
2020-12-18 17:30:35:016  magnetic2完成落盘
2020-12-18 17:30:39:203  magnetic3完成落盘
2020-12-18 17:30:43:267  magnetic4完成落盘
2020-12-18 17:30:47:280  temperate1完成落盘
2020-12-18 17:30:51:045  temperate2完成落盘
2020-12-18 17:30:54:894  temperate3完成落盘
2020-12-18 17:30:58:911  temperate4完成落盘
2020-12-18 17:30:58:917  开始处理数据
2020-12-18 17:30:59:477  右侧计算完成
2020-12-18 17:30:59:918  左侧计算完成
2020-12-18 17:30:59:919  检查结果数据
2020-12-18 17:30:59:921  通知桌面显示数据
2020-12-18 17:30:59:938  开始写入数据库
2020-12-18 17:30:59:965  预警及报警参数加载完成
2020-12-18 17:30:59:967  数据库打开成功
2020-12-18 17:30:59:968  train_info数据表写入成功
2020-12-18 17:31:00:136  train_onlyid读取成功
2020-12-18 17:31:00:137  train_data数据表写入成功
2020-12-18 17:31:00:138  vt_info数据表，第0次写入成功
2020-12-18 17:31:00:140  vt_info数据表，第1次写入成功
2020-12-18 17:31:00:142  vt_info数据表，第2次写入成功
2020-12-18 17:31:00:144  vt_info数据表，第3次写入成功
2020-12-18 17:31:00:145  vt_info数据表，第4次写入成功
2020-12-18 17:31:00:147  vt_info数据表，第5次写入成功
2020-12-18 17:31:00:148  vt_info数据表，第6次写入成功
2020-12-18 17:31:00:150  vt_info数据表，第7次写入成功
2020-12-18 17:31:00:152  vt_info数据表，第8次写入成功
2020-12-18 17:31:00:153  vt_info数据表，第9次写入成功
2020-12-18 17:31:00:155  vt_info数据表，第10次写入成功
2020-12-18 17:31:00:156  vt_info数据表，第11次写入成功
2020-12-18 17:31:00:158  vt_info数据表，第12次写入成功
2020-12-18 17:31:00:189  vt_info数据表，第13次写入成功
2020-12-18 17:31:00:191  vt_info数据表，第14次写入成功
2020-12-18 17:31:00:193  vt_info数据表，第15次写入成功
2020-12-18 17:31:00:194  vt_info数据表，第16次写入成功
2020-12-18 17:31:00:196  vt_info数据表，第17次写入成功
2020-12-18 17:31:00:197  vt_info数据表，第18次写入成功
2020-12-18 17:31:00:199  vt_info数据表，第19次写入成功
2020-12-18 17:31:00:201  vt_info数据表，第20次写入成功
2020-12-18 17:31:00:202  vt_info数据表，第21次写入成功
2020-12-18 17:31:00:204  vt_info数据表，第22次写入成功
2020-12-18 17:31:00:206  vt_info数据表，第23次写入成功
2020-12-18 17:31:00:207  vt_info数据表，第24次写入成功
2020-12-18 17:31:00:209  vt_info数据表，第25次写入成功
2020-12-18 17:31:00:210  vt_info数据表，第26次写入成功
2020-12-18 17:31:00:212  vt_info数据表，第27次写入成功
2020-12-18 17:31:00:244  vt_info数据表，第28次写入成功
2020-12-18 17:31:00:246  vt_info数据表，第29次写入成功
2020-12-18 17:31:00:248  vt_info数据表，第30次写入成功
2020-12-18 17:31:00:249  vt_info数据表，第31次写入成功
2020-12-18 17:31:00:251  vt_info数据表，第32次写入成功
2020-12-18 17:31:00:252  vt_info数据表，第33次写入成功
2020-12-18 17:31:00:254  vt_info数据表，第34次写入成功
2020-12-18 17:31:00:255  vt_info数据表，第35次写入成功
2020-12-18 17:31:00:257  vt_info数据表，第36次写入成功
2020-12-18 17:31:00:259  vt_info数据表，第37次写入成功
2020-12-18 17:31:00:261  vt_info数据表，第38次写入成功
2020-12-18 17:31:00:262  vt_info数据表，第39次写入成功
2020-12-18 17:31:00:264  vt_info数据表，第40次写入成功
2020-12-18 17:31:00:265  vt_info数据表，第41次写入成功
2020-12-18 17:31:00:267  vt_info数据表，第42次写入成功
2020-12-18 17:31:00:299  vt_info数据表，第43次写入成功
2020-12-18 17:31:00:301  vt_info数据表，第44次写入成功
2020-12-18 17:31:00:302  vt_info数据表，第45次写入成功
2020-12-18 17:31:00:304  vt_info数据表，第46次写入成功
2020-12-18 17:31:00:306  vt_info数据表，第47次写入成功
2020-12-18 17:31:00:316  motor_info数据表，第0次写入成功
2020-12-18 17:31:00:318  motor_info数据表，第1次写入成功
2020-12-18 17:31:00:320  motor_info数据表，第2次写入成功
2020-12-18 17:31:00:321  motor_info数据表，第3次写入成功
2020-12-18 17:31:00:323  motor_info数据表，第4次写入成功
2020-12-18 17:31:00:324  motor_info数据表，第5次写入成功
2020-12-18 17:31:00:326  motor_info数据表，第6次写入成功
2020-12-18 17:31:00:327  motor_info数据表，第7次写入成功
2020-12-18 17:31:00:329  motor_info数据表，第8次写入成功
2020-12-18 17:31:00:330  motor_info数据表，第9次写入成功
2020-12-18 17:31:00:332  motor_info数据表，第10次写入成功
2020-12-18 17:31:00:333  motor_info数据表，第11次写入成功
2020-12-18 17:31:00:335  motor_info数据表，第12次写入成功
2020-12-18 17:31:00:366  motor_info数据表，第13次写入成功
2020-12-18 17:31:00:368  motor_info数据表，第14次写入成功
2020-12-18 17:31:00:369  motor_info数据表，第15次写入成功
2020-12-18 17:31:00:371  数据库关闭！
2020-12-18 17:32:53:328  收到来车信号，流水号：20201218173253，所有设备开始采集
2020-12-18 17:32:53:395  开启A/D采集
2020-12-18 17:33:14:724  收到离车信号，流水号：20201218173253，线号：14，车号：001002，主控端：1，所有设备停止采集
2020-12-18 17:33:14:759  收到停止采集命令，开始停止采集
2020-12-18 17:33:14:795  停止采集数据
2020-12-18 17:33:14:797  采集连接已断开
2020-12-18 17:33:14:798  开始数据分析和落盘
2020-12-18 17:33:19:550  vibration1完成落盘
2020-12-18 17:33:23:776  vibration2完成落盘
2020-12-18 17:33:28:012  vibration3完成落盘
2020-12-18 17:33:32:224  vibration4完成落盘
2020-12-18 17:33:36:423  vibration5完成落盘
2020-12-18 17:33:40:636  vibration6完成落盘
2020-12-18 17:33:44:857  vibration7完成落盘
2020-12-18 17:33:49:079  vibration8完成落盘
2020-12-18 17:33:53:357  magnetic1完成落盘
2020-12-18 17:33:57:487  magnetic2完成落盘
2020-12-18 17:34:01:580  magnetic3完成落盘
2020-12-18 17:34:05:778  magnetic4完成落盘
2020-12-18 17:34:09:668  temperate1完成落盘
2020-12-18 17:34:13:606  temperate2完成落盘
2020-12-18 17:34:17:634  temperate3完成落盘
2020-12-18 17:34:21:631  temperate4完成落盘
2020-12-18 17:34:21:638  开始处理数据
2020-12-18 17:34:22:196  右侧计算完成
2020-12-18 17:34:22:638  左侧计算完成
2020-12-18 17:34:22:640  检查结果数据
2020-12-18 17:34:22:641  通知桌面显示数据
2020-12-18 17:34:22:657  开始写入数据库
2020-12-18 17:34:22:685  预警及报警参数加载完成
2020-12-18 17:34:22:687  数据库打开成功
2020-12-18 17:34:22:688  train_info数据表写入成功
2020-12-18 17:34:22:867  train_onlyid读取成功
2020-12-18 17:34:22:869  train_data数据表写入成功
2020-12-18 17:34:22:870  vt_info数据表，第0次写入成功
2020-12-18 17:34:22:872  vt_info数据表，第1次写入成功
2020-12-18 17:34:22:873  vt_info数据表，第2次写入成功
2020-12-18 17:34:22:875  vt_info数据表，第3次写入成功
2020-12-18 17:34:22:876  vt_info数据表，第4次写入成功
2020-12-18 17:34:22:878  vt_info数据表，第5次写入成功
2020-12-18 17:34:22:880  vt_info数据表，第6次写入成功
2020-12-18 17:34:22:881  vt_info数据表，第7次写入成功
2020-12-18 17:34:22:883  vt_info数据表，第8次写入成功
2020-12-18 17:34:22:884  vt_info数据表，第9次写入成功
2020-12-18 17:34:22:886  vt_info数据表，第10次写入成功
2020-12-18 17:34:22:889  vt_info数据表，第11次写入成功
2020-12-18 17:34:22:890  vt_info数据表，第12次写入成功
2020-12-18 17:34:22:891  vt_info数据表，第13次写入成功
2020-12-18 17:34:22:893  vt_info数据表，第14次写入成功
2020-12-18 17:34:22:925  vt_info数据表，第15次写入成功
2020-12-18 17:34:22:927  vt_info数据表，第16次写入成功
2020-12-18 17:34:22:929  vt_info数据表，第17次写入成功
2020-12-18 17:34:22:930  vt_info数据表，第18次写入成功
2020-12-18 17:34:22:932  vt_info数据表，第19次写入成功
2020-12-18 17:34:22:933  vt_info数据表，第20次写入成功
2020-12-18 17:34:22:935  vt_info数据表，第21次写入成功
2020-12-18 17:34:22:937  vt_info数据表，第22次写入成功
2020-12-18 17:34:22:938  vt_info数据表，第23次写入成功
2020-12-18 17:34:22:940  vt_info数据表，第24次写入成功
2020-12-18 17:34:22:941  vt_info数据表，第25次写入成功
2020-12-18 17:34:22:943  vt_info数据表，第26次写入成功
2020-12-18 17:34:22:945  vt_info数据表，第27次写入成功
2020-12-18 17:34:22:946  vt_info数据表，第28次写入成功
2020-12-18 17:34:22:948  vt_info数据表，第29次写入成功
2020-12-18 17:34:22:980  vt_info数据表，第30次写入成功
2020-12-18 17:34:22:982  vt_info数据表，第31次写入成功
2020-12-18 17:34:22:984  vt_info数据表，第32次写入成功
2020-12-18 17:34:22:985  vt_info数据表，第33次写入成功
2020-12-18 17:34:22:987  vt_info数据表，第34次写入成功
2020-12-18 17:34:22:988  vt_info数据表，第35次写入成功
2020-12-18 17:34:22:990  vt_info数据表，第36次写入成功
2020-12-18 17:34:22:992  vt_info数据表，第37次写入成功
2020-12-18 17:34:22:993  vt_info数据表，第38次写入成功
2020-12-18 17:34:22:995  vt_info数据表，第39次写入成功
2020-12-18 17:34:22:997  vt_info数据表，第40次写入成功
2020-12-18 17:34:22:998  vt_info数据表，第41次写入成功
2020-12-18 17:34:23:000  vt_info数据表，第42次写入成功
2020-12-18 17:34:23:002  vt_info数据表，第43次写入成功
2020-12-18 17:34:23:003  vt_info数据表，第44次写入成功
2020-12-18 17:34:23:045  vt_info数据表，第45次写入成功
2020-12-18 17:34:23:047  vt_info数据表，第46次写入成功
2020-12-18 17:34:23:048  vt_info数据表，第47次写入成功
2020-12-18 17:34:23:050  motor_info数据表，第0次写入成功
2020-12-18 17:34:23:051  motor_info数据表，第1次写入成功
2020-12-18 17:34:23:053  motor_info数据表，第2次写入成功
2020-12-18 17:34:23:054  motor_info数据表，第3次写入成功
2020-12-18 17:34:23:056  motor_info数据表，第4次写入成功
2020-12-18 17:34:23:057  motor_info数据表，第5次写入成功
2020-12-18 17:34:23:059  motor_info数据表，第6次写入成功
2020-12-18 17:34:23:060  motor_info数据表，第7次写入成功
2020-12-18 17:34:23:062  motor_info数据表，第8次写入成功
2020-12-18 17:34:23:063  motor_info数据表，第9次写入成功
2020-12-18 17:34:23:065  motor_info数据表，第10次写入成功
2020-12-18 17:34:23:066  motor_info数据表，第11次写入成功
2020-12-18 17:34:23:068  motor_info数据表，第12次写入成功
2020-12-18 17:34:23:069  motor_info数据表，第13次写入成功
2020-12-18 17:34:23:071  motor_info数据表，第14次写入成功
2020-12-18 17:34:23:072  motor_info数据表，第15次写入成功
2020-12-18 17:34:23:074  数据库关闭！
2020-12-18 17:39:35:726  收到来车信号，流水号：20201218173935，所有设备开始采集
2020-12-18 17:39:35:793  开启A/D采集
2020-12-18 17:39:57:126  收到离车信号，流水号：20201218173935，线号：14，车号：037038，主控端：0，所有设备停止采集
2020-12-18 17:39:57:160  收到停止采集命令，开始停止采集
2020-12-18 17:39:57:197  停止采集数据
2020-12-18 17:39:57:199  采集连接已断开
2020-12-18 17:39:57:201  开始数据分析和落盘
2020-12-18 17:40:01:672  vibration1完成落盘
2020-12-18 17:40:05:753  vibration2完成落盘
2020-12-18 17:40:09:931  vibration3完成落盘
2020-12-18 17:40:14:149  vibration4完成落盘
2020-12-18 17:40:18:328  vibration5完成落盘
2020-12-18 17:40:22:549  vibration6完成落盘
2020-12-18 17:40:26:733  vibration7完成落盘
2020-12-18 17:40:30:916  vibration8完成落盘
2020-12-18 17:40:35:016  magnetic1完成落盘
2020-12-18 17:40:39:197  magnetic2完成落盘
2020-12-18 17:40:43:297  magnetic3完成落盘
2020-12-18 17:40:47:223  magnetic4完成落盘
2020-12-18 17:40:51:178  temperate1完成落盘
2020-12-18 17:40:55:133  temperate2完成落盘
2020-12-18 17:40:59:078  temperate3完成落盘
2020-12-18 17:41:03:088  temperate4完成落盘
2020-12-18 17:41:03:095  开始处理数据
2020-12-18 17:41:03:631  右侧计算完成
2020-12-18 17:41:04:088  左侧计算完成
2020-12-18 17:41:04:090  检查结果数据
2020-12-18 17:41:04:091  通知桌面显示数据
2020-12-18 17:41:04:107  开始写入数据库
2020-12-18 17:41:04:133  预警及报警参数加载完成
2020-12-18 17:41:04:135  数据库打开成功
2020-12-18 17:41:04:136  train_info数据表写入成功
2020-12-18 17:41:04:290  train_onlyid读取成功
2020-12-18 17:41:04:291  train_data数据表写入成功
2020-12-18 17:41:04:292  vt_info数据表，第0次写入成功
2020-12-18 17:41:04:294  vt_info数据表，第1次写入成功
2020-12-18 17:41:04:295  vt_info数据表，第2次写入成功
2020-12-18 17:41:04:296  vt_info数据表，第3次写入成功
2020-12-18 17:41:04:298  vt_info数据表，第4次写入成功
2020-12-18 17:41:04:299  vt_info数据表，第5次写入成功
2020-12-18 17:41:04:300  vt_info数据表，第6次写入成功
2020-12-18 17:41:04:301  vt_info数据表，第7次写入成功
2020-12-18 17:41:04:326  vt_info数据表，第8次写入成功
2020-12-18 17:41:04:328  vt_info数据表，第9次写入成功
2020-12-18 17:41:04:329  vt_info数据表，第10次写入成功
2020-12-18 17:41:04:330  vt_info数据表，第11次写入成功
2020-12-18 17:41:04:331  vt_info数据表，第12次写入成功
2020-12-18 17:41:04:333  vt_info数据表，第13次写入成功
2020-12-18 17:41:04:334  vt_info数据表，第14次写入成功
2020-12-18 17:41:04:335  vt_info数据表，第15次写入成功
2020-12-18 17:41:04:336  vt_info数据表，第16次写入成功
2020-12-18 17:41:04:338  vt_info数据表，第17次写入成功
2020-12-18 17:41:04:364  vt_info数据表，第18次写入成功
2020-12-18 17:41:04:365  vt_info数据表，第19次写入成功
2020-12-18 17:41:04:367  vt_info数据表，第20次写入成功
2020-12-18 17:41:04:368  vt_info数据表，第21次写入成功
2020-12-18 17:41:04:370  vt_info数据表，第22次写入成功
2020-12-18 17:41:04:372  vt_info数据表，第23次写入成功
2020-12-18 17:41:04:373  vt_info数据表，第24次写入成功
2020-12-18 17:41:04:374  vt_info数据表，第25次写入成功
2020-12-18 17:41:04:376  vt_info数据表，第26次写入成功
2020-12-18 17:41:04:377  vt_info数据表，第27次写入成功
2020-12-18 17:41:04:378  vt_info数据表，第28次写入成功
2020-12-18 17:41:04:404  vt_info数据表，第29次写入成功
2020-12-18 17:41:04:405  vt_info数据表，第30次写入成功
2020-12-18 17:41:04:407  vt_info数据表，第31次写入成功
2020-12-18 17:41:04:408  vt_info数据表，第32次写入成功
2020-12-18 17:41:04:409  vt_info数据表，第33次写入成功
2020-12-18 17:41:04:411  vt_info数据表，第34次写入成功
2020-12-18 17:41:04:412  vt_info数据表，第35次写入成功
2020-12-18 17:41:04:413  vt_info数据表，第36次写入成功
2020-12-18 17:41:04:414  vt_info数据表，第37次写入成功
2020-12-18 17:41:04:416  vt_info数据表，第38次写入成功
2020-12-18 17:41:04:417  vt_info数据表，第39次写入成功
2020-12-18 17:41:04:443  vt_info数据表，第40次写入成功
2020-12-18 17:41:04:444  vt_info数据表，第41次写入成功
2020-12-18 17:41:04:446  vt_info数据表，第42次写入成功
2020-12-18 17:41:04:447  vt_info数据表，第43次写入成功
2020-12-18 17:41:04:448  vt_info数据表，第44次写入成功
2020-12-18 17:41:04:449  vt_info数据表，第45次写入成功
2020-12-18 17:41:04:451  vt_info数据表，第46次写入成功
2020-12-18 17:41:04:452  vt_info数据表，第47次写入成功
2020-12-18 17:41:04:453  motor_info数据表，第0次写入成功
2020-12-18 17:41:04:454  motor_info数据表，第1次写入成功
2020-12-18 17:41:04:455  motor_info数据表，第2次写入成功
2020-12-18 17:41:04:457  motor_info数据表，第3次写入成功
2020-12-18 17:41:04:491  motor_info数据表，第4次写入成功
2020-12-18 17:41:04:493  motor_info数据表，第5次写入成功
2020-12-18 17:41:04:495  motor_info数据表，第6次写入成功
2020-12-18 17:41:04:496  motor_info数据表，第7次写入成功
2020-12-18 17:41:04:498  motor_info数据表，第8次写入成功
2020-12-18 17:41:04:499  motor_info数据表，第9次写入成功
2020-12-18 17:41:04:501  motor_info数据表，第10次写入成功
2020-12-18 17:41:04:502  motor_info数据表，第11次写入成功
2020-12-18 17:41:04:504  motor_info数据表，第12次写入成功
2020-12-18 17:41:04:505  motor_info数据表，第13次写入成功
2020-12-18 17:41:04:507  motor_info数据表，第14次写入成功
2020-12-18 17:41:04:508  motor_info数据表，第15次写入成功
2020-12-18 17:41:04:510  数据库关闭！
2020-12-18 17:48:10:826  收到来车信号，流水号：20201218174810，所有设备开始采集
2020-12-18 17:48:10:893  开启A/D采集
2020-12-18 17:48:32:223  收到离车信号，流水号：20201218174810，线号：14，车号：057058，主控端：0，所有设备停止采集
2020-12-18 17:48:32:257  收到停止采集命令，开始停止采集
2020-12-18 17:48:32:293  停止采集数据
2020-12-18 17:48:32:295  采集连接已断开
2020-12-18 17:48:32:296  开始数据分析和落盘
2020-12-18 17:48:37:095  vibration1完成落盘
2020-12-18 17:48:41:297  vibration2完成落盘
2020-12-18 17:48:45:516  vibration3完成落盘
2020-12-18 17:48:49:672  vibration4完成落盘
2020-12-18 17:48:53:890  vibration5完成落盘
2020-12-18 17:48:57:873  vibration6完成落盘
2020-12-18 17:49:01:865  vibration7完成落盘
2020-12-18 17:49:05:964  vibration8完成落盘
2020-12-18 17:49:10:225  magnetic1完成落盘
2020-12-18 17:49:14:440  magnetic2完成落盘
2020-12-18 17:49:18:619  magnetic3完成落盘
2020-12-18 17:49:22:771  magnetic4完成落盘
2020-12-18 17:49:26:736  temperate1完成落盘
2020-12-18 17:49:30:701  temperate2完成落盘
2020-12-18 17:49:34:657  temperate3完成落盘
2020-12-18 17:49:38:635  temperate4完成落盘
2020-12-18 17:49:38:643  开始处理数据
2020-12-18 17:49:39:203  右侧计算完成
2020-12-18 17:49:39:659  左侧计算完成
2020-12-18 17:49:39:660  检查结果数据
2020-12-18 17:49:39:662  通知桌面显示数据
2020-12-18 17:49:39:678  开始写入数据库
2020-12-18 17:49:39:707  预警及报警参数加载完成
2020-12-18 17:49:39:708  数据库打开成功
2020-12-18 17:49:39:710  train_info数据表写入成功
2020-12-18 17:49:39:893  train_onlyid读取成功
2020-12-18 17:49:39:895  train_data数据表写入成功
2020-12-18 17:49:39:897  vt_info数据表，第0次写入成功
2020-12-18 17:49:39:898  vt_info数据表，第1次写入成功
2020-12-18 17:49:39:900  vt_info数据表，第2次写入成功
2020-12-18 17:49:39:901  vt_info数据表，第3次写入成功
2020-12-18 17:49:39:903  vt_info数据表，第4次写入成功
2020-12-18 17:49:39:904  vt_info数据表，第5次写入成功
2020-12-18 17:49:39:906  vt_info数据表，第6次写入成功
2020-12-18 17:49:39:907  vt_info数据表，第7次写入成功
2020-12-18 17:49:39:909  vt_info数据表，第8次写入成功
2020-12-18 17:49:39:910  vt_info数据表，第9次写入成功
2020-12-18 17:49:39:912  vt_info数据表，第10次写入成功
2020-12-18 17:49:39:913  vt_info数据表，第11次写入成功
2020-12-18 17:49:39:915  vt_info数据表，第12次写入成功
2020-12-18 17:49:39:916  vt_info数据表，第13次写入成功
2020-12-18 17:49:39:918  vt_info数据表，第14次写入成功
2020-12-18 17:49:39:920  vt_info数据表，第15次写入成功
2020-12-18 17:49:39:952  vt_info数据表，第16次写入成功
2020-12-18 17:49:39:954  vt_info数据表，第17次写入成功
2020-12-18 17:49:39:955  vt_info数据表，第18次写入成功
2020-12-18 17:49:39:957  vt_info数据表，第19次写入成功
2020-12-18 17:49:39:959  vt_info数据表，第20次写入成功
2020-12-18 17:49:39:960  vt_info数据表，第21次写入成功
2020-12-18 17:49:39:962  vt_info数据表，第22次写入成功
2020-12-18 17:49:39:963  vt_info数据表，第23次写入成功
2020-12-18 17:49:39:965  vt_info数据表，第24次写入成功
2020-12-18 17:49:39:966  vt_info数据表，第25次写入成功
2020-12-18 17:49:39:968  vt_info数据表，第26次写入成功
2020-12-18 17:49:39:970  vt_info数据表，第27次写入成功
2020-12-18 17:49:39:971  vt_info数据表，第28次写入成功
2020-12-18 17:49:39:973  vt_info数据表，第29次写入成功
2020-12-18 17:49:39:975  vt_info数据表，第30次写入成功
2020-12-18 17:49:39:976  vt_info数据表，第31次写入成功
2020-12-18 17:49:40:009  vt_info数据表，第32次写入成功
2020-12-18 17:49:40:011  vt_info数据表，第33次写入成功
2020-12-18 17:49:40:013  vt_info数据表，第34次写入成功
2020-12-18 17:49:40:014  vt_info数据表，第35次写入成功
2020-12-18 17:49:40:016  vt_info数据表，第36次写入成功
2020-12-18 17:49:40:017  vt_info数据表，第37次写入成功
2020-12-18 17:49:40:019  vt_info数据表，第38次写入成功
2020-12-18 17:49:40:021  vt_info数据表，第39次写入成功
2020-12-18 17:49:40:022  vt_info数据表，第40次写入成功
2020-12-18 17:49:40:024  vt_info数据表，第41次写入成功
2020-12-18 17:49:40:025  vt_info数据表，第42次写入成功
2020-12-18 17:49:40:027  vt_info数据表，第43次写入成功
2020-12-18 17:49:40:028  vt_info数据表，第44次写入成功
2020-12-18 17:49:40:030  vt_info数据表，第45次写入成功
2020-12-18 17:49:40:032  vt_info数据表，第46次写入成功
2020-12-18 17:49:40:033  vt_info数据表，第47次写入成功
2020-12-18 17:49:40:075  motor_info数据表，第0次写入成功
2020-12-18 17:49:40:077  motor_info数据表，第1次写入成功
2020-12-18 17:49:40:078  motor_info数据表，第2次写入成功
2020-12-18 17:49:40:080  motor_info数据表，第3次写入成功
2020-12-18 17:49:40:081  motor_info数据表，第4次写入成功
2020-12-18 17:49:40:083  motor_info数据表，第5次写入成功
2020-12-18 17:49:40:084  motor_info数据表，第6次写入成功
2020-12-18 17:49:40:086  motor_info数据表，第7次写入成功
2020-12-18 17:49:40:088  motor_info数据表，第8次写入成功
2020-12-18 17:49:40:089  motor_info数据表，第9次写入成功
2020-12-18 17:49:40:090  motor_info数据表，第10次写入成功
2020-12-18 17:49:40:092  motor_info数据表，第11次写入成功
2020-12-18 17:49:40:093  motor_info数据表，第12次写入成功
2020-12-18 17:49:40:095  motor_info数据表，第13次写入成功
2020-12-18 17:49:40:097  motor_info数据表，第14次写入成功
2020-12-18 17:49:40:098  motor_info数据表，第15次写入成功
2020-12-18 17:49:40:100  数据库关闭！
2020-12-18 17:56:34:623  收到来车信号，流水号：20201218175634，所有设备开始采集
2020-12-18 17:56:34:691  开启A/D采集
2020-12-18 17:56:56:022  收到离车信号，流水号：20201218175634，线号：14，车号：003004，主控端：1，所有设备停止采集
2020-12-18 17:56:56:055  收到停止采集命令，开始停止采集
2020-12-18 17:56:56:091  停止采集数据
2020-12-18 17:56:56:092  采集连接已断开
2020-12-18 17:56:56:094  开始数据分析和落盘
2020-12-18 17:57:00:864  vibration1完成落盘
2020-12-18 17:57:05:113  vibration2完成落盘
2020-12-18 17:57:09:341  vibration3完成落盘
2020-12-18 17:57:13:562  vibration4完成落盘
2020-12-18 17:57:17:800  vibration5完成落盘
2020-12-18 17:57:21:946  vibration6完成落盘
2020-12-18 17:57:26:141  vibration7完成落盘
2020-12-18 17:57:30:314  vibration8完成落盘
2020-12-18 17:57:34:420  magnetic1完成落盘
2020-12-18 17:57:38:570  magnetic2完成落盘
2020-12-18 17:57:42:742  magnetic3完成落盘
2020-12-18 17:57:46:861  magnetic4完成落盘
2020-12-18 17:57:50:897  temperate1完成落盘
2020-12-18 17:57:54:912  temperate2完成落盘
2020-12-18 17:57:58:875  temperate3完成落盘
2020-12-18 17:58:02:860  temperate4完成落盘
2020-12-18 17:58:02:868  开始处理数据
2020-12-18 17:58:03:420  右侧计算完成
2020-12-18 17:58:03:880  左侧计算完成
2020-12-18 17:58:03:882  检查结果数据
2020-12-18 17:58:03:883  通知桌面显示数据
2020-12-18 17:58:03:900  开始写入数据库
2020-12-18 17:58:03:928  预警及报警参数加载完成
2020-12-18 17:58:03:930  数据库打开成功
2020-12-18 17:58:03:931  train_info数据表写入成功
2020-12-18 17:58:04:111  train_onlyid读取成功
2020-12-18 17:58:04:112  train_data数据表写入成功
2020-12-18 17:58:04:114  vt_info数据表，第0次写入成功
2020-12-18 17:58:04:116  vt_info数据表，第1次写入成功
2020-12-18 17:58:04:117  vt_info数据表，第2次写入成功
2020-12-18 17:58:04:119  vt_info数据表，第3次写入成功
2020-12-18 17:58:04:120  vt_info数据表，第4次写入成功
2020-12-18 17:58:04:122  vt_info数据表，第5次写入成功
2020-12-18 17:58:04:123  vt_info数据表，第6次写入成功
2020-12-18 17:58:04:125  vt_info数据表，第7次写入成功
2020-12-18 17:58:04:126  vt_info数据表，第8次写入成功
2020-12-18 17:58:04:128  vt_info数据表，第9次写入成功
2020-12-18 17:58:04:129  vt_info数据表，第10次写入成功
2020-12-18 17:58:04:131  vt_info数据表，第11次写入成功
2020-12-18 17:58:04:133  vt_info数据表，第12次写入成功
2020-12-18 17:58:04:134  vt_info数据表，第13次写入成功
2020-12-18 17:58:04:136  vt_info数据表，第14次写入成功
2020-12-18 17:58:04:137  vt_info数据表，第15次写入成功
2020-12-18 17:58:04:169  vt_info数据表，第16次写入成功
2020-12-18 17:58:04:171  vt_info数据表，第17次写入成功
2020-12-18 17:58:04:173  vt_info数据表，第18次写入成功
2020-12-18 17:58:04:174  vt_info数据表，第19次写入成功
2020-12-18 17:58:04:176  vt_info数据表，第20次写入成功
2020-12-18 17:58:04:178  vt_info数据表，第21次写入成功
2020-12-18 17:58:04:179  vt_info数据表，第22次写入成功
2020-12-18 17:58:04:181  vt_info数据表，第23次写入成功
2020-12-18 17:58:04:183  vt_info数据表，第24次写入成功
2020-12-18 17:58:04:184  vt_info数据表，第25次写入成功
2020-12-18 17:58:04:186  vt_info数据表，第26次写入成功
2020-12-18 17:58:04:187  vt_info数据表，第27次写入成功
2020-12-18 17:58:04:189  vt_info数据表，第28次写入成功
2020-12-18 17:58:04:191  vt_info数据表，第29次写入成功
2020-12-18 17:58:04:192  vt_info数据表，第30次写入成功
2020-12-18 17:58:04:194  vt_info数据表，第31次写入成功
2020-12-18 17:58:04:226  vt_info数据表，第32次写入成功
2020-12-18 17:58:04:228  vt_info数据表，第33次写入成功
2020-12-18 17:58:04:229  vt_info数据表，第34次写入成功
2020-12-18 17:58:04:231  vt_info数据表，第35次写入成功
2020-12-18 17:58:04:233  vt_info数据表，第36次写入成功
2020-12-18 17:58:04:234  vt_info数据表，第37次写入成功
2020-12-18 17:58:04:236  vt_info数据表，第38次写入成功
2020-12-18 17:58:04:237  vt_info数据表，第39次写入成功
2020-12-18 17:58:04:239  vt_info数据表，第40次写入成功
2020-12-18 17:58:04:241  vt_info数据表，第41次写入成功
2020-12-18 17:58:04:242  vt_info数据表，第42次写入成功
2020-12-18 17:58:04:244  vt_info数据表，第43次写入成功
2020-12-18 17:58:04:245  vt_info数据表，第44次写入成功
2020-12-18 17:58:04:247  vt_info数据表，第45次写入成功
2020-12-18 17:58:04:249  vt_info数据表，第46次写入成功
2020-12-18 17:58:04:250  vt_info数据表，第47次写入成功
2020-12-18 17:58:04:252  motor_info数据表，第0次写入成功
2020-12-18 17:58:04:294  motor_info数据表，第1次写入成功
2020-12-18 17:58:04:295  motor_info数据表，第2次写入成功
2020-12-18 17:58:04:297  motor_info数据表，第3次写入成功
2020-12-18 17:58:04:298  motor_info数据表，第4次写入成功
2020-12-18 17:58:04:300  motor_info数据表，第5次写入成功
2020-12-18 17:58:04:301  motor_info数据表，第6次写入成功
2020-12-18 17:58:04:303  motor_info数据表，第7次写入成功
2020-12-18 17:58:04:304  motor_info数据表，第8次写入成功
2020-12-18 17:58:04:306  motor_info数据表，第9次写入成功
2020-12-18 17:58:04:308  motor_info数据表，第10次写入成功
2020-12-18 17:58:04:309  motor_info数据表，第11次写入成功
2020-12-18 17:58:04:311  motor_info数据表，第12次写入成功
2020-12-18 17:58:04:312  motor_info数据表，第13次写入成功
2020-12-18 17:58:04:314  motor_info数据表，第14次写入成功
2020-12-18 17:58:04:315  motor_info数据表，第15次写入成功
2020-12-18 17:58:04:317  数据库关闭！
