2020-12-22 19:01:48:953  收到来车信号，流水号：20201222190148，所有设备开始采集
2020-12-22 19:01:48:991  开启A/D采集
2020-12-22 19:02:10:344  收到离车信号，流水号：20201222190148，线号：14，车号：019020，主控端：1，所有设备停止采集
2020-12-22 19:02:10:345  收到停止采集命令，开始停止采集
2020-12-22 19:02:10:350  停止采集数据
2020-12-22 19:02:10:351  采集连接已断开
2020-12-22 19:02:10:353  开始数据分析和落盘
2020-12-22 19:02:15:151  vibration1完成落盘
2020-12-22 19:02:19:348  vibration2完成落盘
2020-12-22 19:02:23:393  vibration3完成落盘
2020-12-22 19:02:27:570  vibration4完成落盘
2020-12-22 19:02:31:794  vibration5完成落盘
2020-12-22 19:02:35:970  vibration6完成落盘
2020-12-22 19:02:40:215  vibration7完成落盘
2020-12-22 19:02:44:420  vibration8完成落盘
2020-12-22 19:02:48:674  magnetic1完成落盘
2020-12-22 19:02:52:890  magnetic2完成落盘
2020-12-22 19:02:57:022  magnetic3完成落盘
2020-12-22 19:03:01:143  magnetic4完成落盘
2020-12-22 19:03:05:117  temperate1完成落盘
2020-12-22 19:03:09:145  temperate2完成落盘
2020-12-22 19:03:13:167  temperate3完成落盘
2020-12-22 19:03:17:133  temperate4完成落盘
2020-12-22 19:03:17:141  开始处理数据
2020-12-22 19:03:17:693  右侧计算完成
2020-12-22 19:03:18:153  左侧计算完成
2020-12-22 19:03:18:154  检查结果数据
2020-12-22 19:03:18:156  通知桌面显示数据
2020-12-22 19:03:18:173  开始写入数据库
2020-12-22 19:03:18:194  预警及报警参数加载完成
2020-12-22 19:03:18:195  数据库打开成功
2020-12-22 19:03:18:197  train_info数据表写入成功
2020-12-22 19:03:18:325  train_onlyid读取成功
2020-12-22 19:03:18:330  train_data数据表写入成功
2020-12-22 19:03:18:333  vt_info数据表，第0次写入成功
2020-12-22 19:03:18:337  vt_info数据表，第1次写入成功
2020-12-22 19:03:18:341  vt_info数据表，第2次写入成功
2020-12-22 19:03:18:345  vt_info数据表，第3次写入成功
2020-12-22 19:03:18:348  vt_info数据表，第4次写入成功
2020-12-22 19:03:18:352  vt_info数据表，第5次写入成功
2020-12-22 19:03:18:356  vt_info数据表，第6次写入成功
2020-12-22 19:03:18:359  vt_info数据表，第7次写入成功
2020-12-22 19:03:18:363  vt_info数据表，第8次写入成功
2020-12-22 19:03:18:367  vt_info数据表，第9次写入成功
2020-12-22 19:03:18:371  vt_info数据表，第10次写入成功
2020-12-22 19:03:18:374  vt_info数据表，第11次写入成功
2020-12-22 19:03:18:378  vt_info数据表，第12次写入成功
2020-12-22 19:03:18:382  vt_info数据表，第13次写入成功
2020-12-22 19:03:18:386  vt_info数据表，第14次写入成功
2020-12-22 19:03:18:389  vt_info数据表，第15次写入成功
2020-12-22 19:03:18:393  vt_info数据表，第16次写入成功
2020-12-22 19:03:18:397  vt_info数据表，第17次写入成功
2020-12-22 19:03:18:401  vt_info数据表，第18次写入成功
2020-12-22 19:03:18:404  vt_info数据表，第19次写入成功
2020-12-22 19:03:18:408  vt_info数据表，第20次写入成功
2020-12-22 19:03:18:412  vt_info数据表，第21次写入成功
2020-12-22 19:03:18:416  vt_info数据表，第22次写入成功
2020-12-22 19:03:18:419  vt_info数据表，第23次写入成功
2020-12-22 19:03:18:423  vt_info数据表，第24次写入成功
2020-12-22 19:03:18:427  vt_info数据表，第25次写入成功
2020-12-22 19:03:18:430  vt_info数据表，第26次写入成功
2020-12-22 19:03:18:434  vt_info数据表，第27次写入成功
2020-12-22 19:03:18:438  vt_info数据表，第28次写入成功
2020-12-22 19:03:18:441  vt_info数据表，第29次写入成功
2020-12-22 19:03:18:445  vt_info数据表，第30次写入成功
2020-12-22 19:03:18:449  vt_info数据表，第31次写入成功
2020-12-22 19:03:18:452  vt_info数据表，第32次写入成功
2020-12-22 19:03:18:456  vt_info数据表，第33次写入成功
2020-12-22 19:03:18:460  vt_info数据表，第34次写入成功
2020-12-22 19:03:18:464  vt_info数据表，第35次写入成功
2020-12-22 19:03:18:467  vt_info数据表，第36次写入成功
2020-12-22 19:03:18:471  vt_info数据表，第37次写入成功
2020-12-22 19:03:18:475  vt_info数据表，第38次写入成功
2020-12-22 19:03:18:479  vt_info数据表，第39次写入成功
2020-12-22 19:03:18:482  vt_info数据表，第40次写入成功
2020-12-22 19:03:18:486  vt_info数据表，第41次写入成功
2020-12-22 19:03:18:490  vt_info数据表，第42次写入成功
2020-12-22 19:03:18:493  vt_info数据表，第43次写入成功
2020-12-22 19:03:18:497  vt_info数据表，第44次写入成功
2020-12-22 19:03:18:501  vt_info数据表，第45次写入成功
2020-12-22 19:03:18:505  vt_info数据表，第46次写入成功
2020-12-22 19:03:18:508  vt_info数据表，第47次写入成功
2020-12-22 19:03:18:511  motor_info数据表，第0次写入成功
2020-12-22 19:03:18:514  motor_info数据表，第1次写入成功
2020-12-22 19:03:18:517  motor_info数据表，第2次写入成功
2020-12-22 19:03:18:520  motor_info数据表，第3次写入成功
2020-12-22 19:03:18:522  motor_info数据表，第4次写入成功
2020-12-22 19:03:18:525  motor_info数据表，第5次写入成功
2020-12-22 19:03:18:528  motor_info数据表，第6次写入成功
2020-12-22 19:03:18:531  motor_info数据表，第7次写入成功
2020-12-22 19:03:18:534  motor_info数据表，第8次写入成功
2020-12-22 19:03:18:536  motor_info数据表，第9次写入成功
2020-12-22 19:03:18:539  motor_info数据表，第10次写入成功
2020-12-22 19:03:18:542  motor_info数据表，第11次写入成功
2020-12-22 19:03:18:545  motor_info数据表，第12次写入成功
2020-12-22 19:03:18:548  motor_info数据表，第13次写入成功
2020-12-22 19:03:18:550  motor_info数据表，第14次写入成功
2020-12-22 19:03:18:563  motor_info数据表，第15次写入成功
2020-12-22 19:03:18:564  数据库关闭！
2020-12-22 19:07:54:848  收到来车信号，流水号：20201222190754，所有设备开始采集
2020-12-22 19:07:54:886  开启A/D采集
2020-12-22 19:08:16:033  收到离车信号，流水号：20201222190754，线号：14，车号：023024，主控端：0，所有设备停止采集
2020-12-22 19:08:16:035  收到停止采集命令，开始停止采集
2020-12-22 19:08:16:038  停止采集数据
2020-12-22 19:08:16:040  采集连接已断开
2020-12-22 19:08:16:042  开始数据分析和落盘
2020-12-22 19:08:20:044  vibration1完成落盘
2020-12-22 19:08:23:725  vibration2完成落盘
2020-12-22 19:08:27:043  vibration3完成落盘
2020-12-22 19:08:30:335  vibration4完成落盘
2020-12-22 19:08:33:754  vibration5完成落盘
2020-12-22 19:08:37:057  vibration6完成落盘
2020-12-22 19:08:40:420  vibration7完成落盘
2020-12-22 19:08:43:533  vibration8完成落盘
2020-12-22 19:08:46:666  magnetic1完成落盘
2020-12-22 19:08:50:426  magnetic2完成落盘
2020-12-22 19:08:54:389  magnetic3完成落盘
2020-12-22 19:08:58:007  magnetic4完成落盘
2020-12-22 19:09:01:685  temperate1完成落盘
2020-12-22 19:09:05:251  temperate2完成落盘
2020-12-22 19:09:08:699  temperate3完成落盘
2020-12-22 19:09:12:130  temperate4完成落盘
2020-12-22 19:09:12:136  开始处理数据
2020-12-22 19:09:12:643  右侧计算完成
2020-12-22 19:09:13:086  左侧计算完成
2020-12-22 19:09:13:087  检查结果数据
2020-12-22 19:09:13:089  通知桌面显示数据
2020-12-22 19:09:13:106  开始写入数据库
2020-12-22 19:09:13:126  预警及报警参数加载完成
2020-12-22 19:09:13:127  数据库打开成功
2020-12-22 19:09:13:129  train_info数据表写入成功
2020-12-22 19:09:13:255  train_onlyid读取成功
2020-12-22 19:09:13:259  train_data数据表写入成功
2020-12-22 19:09:13:263  vt_info数据表，第0次写入成功
2020-12-22 19:09:13:267  vt_info数据表，第1次写入成功
2020-12-22 19:09:13:271  vt_info数据表，第2次写入成功
2020-12-22 19:09:13:274  vt_info数据表，第3次写入成功
2020-12-22 19:09:13:278  vt_info数据表，第4次写入成功
2020-12-22 19:09:13:282  vt_info数据表，第5次写入成功
2020-12-22 19:09:13:286  vt_info数据表，第6次写入成功
2020-12-22 19:09:13:289  vt_info数据表，第7次写入成功
2020-12-22 19:09:13:293  vt_info数据表，第8次写入成功
2020-12-22 19:09:13:297  vt_info数据表，第9次写入成功
2020-12-22 19:09:13:300  vt_info数据表，第10次写入成功
2020-12-22 19:09:13:304  vt_info数据表，第11次写入成功
2020-12-22 19:09:13:307  vt_info数据表，第12次写入成功
2020-12-22 19:09:13:311  vt_info数据表，第13次写入成功
2020-12-22 19:09:13:315  vt_info数据表，第14次写入成功
2020-12-22 19:09:13:318  vt_info数据表，第15次写入成功
2020-12-22 19:09:13:322  vt_info数据表，第16次写入成功
2020-12-22 19:09:13:326  vt_info数据表，第17次写入成功
2020-12-22 19:09:13:329  vt_info数据表，第18次写入成功
2020-12-22 19:09:13:333  vt_info数据表，第19次写入成功
2020-12-22 19:09:13:337  vt_info数据表，第20次写入成功
2020-12-22 19:09:13:341  vt_info数据表，第21次写入成功
2020-12-22 19:09:13:344  vt_info数据表，第22次写入成功
2020-12-22 19:09:13:348  vt_info数据表，第23次写入成功
2020-12-22 19:09:13:351  vt_info数据表，第24次写入成功
2020-12-22 19:09:13:355  vt_info数据表，第25次写入成功
2020-12-22 19:09:13:358  vt_info数据表，第26次写入成功
2020-12-22 19:09:13:362  vt_info数据表，第27次写入成功
2020-12-22 19:09:13:366  vt_info数据表，第28次写入成功
2020-12-22 19:09:13:370  vt_info数据表，第29次写入成功
2020-12-22 19:09:13:373  vt_info数据表，第30次写入成功
2020-12-22 19:09:13:377  vt_info数据表，第31次写入成功
2020-12-22 19:09:13:381  vt_info数据表，第32次写入成功
2020-12-22 19:09:13:384  vt_info数据表，第33次写入成功
2020-12-22 19:09:13:388  vt_info数据表，第34次写入成功
2020-12-22 19:09:13:391  vt_info数据表，第35次写入成功
2020-12-22 19:09:13:395  vt_info数据表，第36次写入成功
2020-12-22 19:09:13:399  vt_info数据表，第37次写入成功
2020-12-22 19:09:13:403  vt_info数据表，第38次写入成功
2020-12-22 19:09:13:406  vt_info数据表，第39次写入成功
2020-12-22 19:09:13:410  vt_info数据表，第40次写入成功
2020-12-22 19:09:13:414  vt_info数据表，第41次写入成功
2020-12-22 19:09:13:417  vt_info数据表，第42次写入成功
2020-12-22 19:09:13:421  vt_info数据表，第43次写入成功
2020-12-22 19:09:13:424  vt_info数据表，第44次写入成功
2020-12-22 19:09:13:428  vt_info数据表，第45次写入成功
2020-12-22 19:09:13:432  vt_info数据表，第46次写入成功
2020-12-22 19:09:13:435  vt_info数据表，第47次写入成功
2020-12-22 19:09:13:438  motor_info数据表，第0次写入成功
2020-12-22 19:09:13:441  motor_info数据表，第1次写入成功
2020-12-22 19:09:13:444  motor_info数据表，第2次写入成功
2020-12-22 19:09:13:447  motor_info数据表，第3次写入成功
2020-12-22 19:09:13:449  motor_info数据表，第4次写入成功
2020-12-22 19:09:13:452  motor_info数据表，第5次写入成功
2020-12-22 19:09:13:455  motor_info数据表，第6次写入成功
2020-12-22 19:09:13:457  motor_info数据表，第7次写入成功
2020-12-22 19:09:13:460  motor_info数据表，第8次写入成功
2020-12-22 19:09:13:463  motor_info数据表，第9次写入成功
2020-12-22 19:09:13:466  motor_info数据表，第10次写入成功
2020-12-22 19:09:13:468  motor_info数据表，第11次写入成功
2020-12-22 19:09:13:471  motor_info数据表，第12次写入成功
2020-12-22 19:09:13:474  motor_info数据表，第13次写入成功
2020-12-22 19:09:13:477  motor_info数据表，第14次写入成功
2020-12-22 19:09:13:488  motor_info数据表，第15次写入成功
2020-12-22 19:09:13:490  数据库关闭！
2020-12-22 19:11:58:448  收到来车信号，流水号：20201222191158，所有设备开始采集
2020-12-22 19:11:58:486  开启A/D采集
2020-12-22 19:12:19:845  收到离车信号，流水号：20201222191158，线号：14，车号：005006，主控端：0，所有设备停止采集
2020-12-22 19:12:19:847  收到停止采集命令，开始停止采集
2020-12-22 19:12:19:850  停止采集数据
2020-12-22 19:12:19:852  采集连接已断开
2020-12-22 19:12:19:853  开始数据分析和落盘
2020-12-22 19:12:24:691  vibration1完成落盘
2020-12-22 19:12:28:782  vibration2完成落盘
2020-12-22 19:12:33:028  vibration3完成落盘
2020-12-22 19:12:37:222  vibration4完成落盘
2020-12-22 19:12:41:446  vibration5完成落盘
2020-12-22 19:12:45:722  vibration6完成落盘
2020-12-22 19:12:49:966  vibration7完成落盘
2020-12-22 19:12:54:208  vibration8完成落盘
2020-12-22 19:12:58:471  magnetic1完成落盘
2020-12-22 19:13:02:605  magnetic2完成落盘
2020-12-22 19:13:06:814  magnetic3完成落盘
2020-12-22 19:13:10:964  magnetic4完成落盘
2020-12-22 19:13:14:950  temperate1完成落盘
2020-12-22 19:13:18:878  temperate2完成落盘
2020-12-22 19:13:22:873  temperate3完成落盘
2020-12-22 19:13:26:900  temperate4完成落盘
2020-12-22 19:13:26:908  开始处理数据
2020-12-22 19:13:27:466  右侧计算完成
2020-12-22 19:13:27:926  左侧计算完成
2020-12-22 19:13:27:927  检查结果数据
2020-12-22 19:13:27:929  通知桌面显示数据
2020-12-22 19:13:27:946  开始写入数据库
2020-12-22 19:13:27:969  预警及报警参数加载完成
2020-12-22 19:13:27:969  数据库打开成功
2020-12-22 19:13:27:972  train_info数据表写入成功
2020-12-22 19:13:28:098  train_onlyid读取成功
2020-12-22 19:13:28:102  train_data数据表写入成功
2020-12-22 19:13:28:106  vt_info数据表，第0次写入成功
2020-12-22 19:13:28:110  vt_info数据表，第1次写入成功
2020-12-22 19:13:28:113  vt_info数据表，第2次写入成功
2020-12-22 19:13:28:117  vt_info数据表，第3次写入成功
2020-12-22 19:13:28:120  vt_info数据表，第4次写入成功
2020-12-22 19:13:28:124  vt_info数据表，第5次写入成功
2020-12-22 19:13:28:128  vt_info数据表，第6次写入成功
2020-12-22 19:13:28:132  vt_info数据表，第7次写入成功
2020-12-22 19:13:28:135  vt_info数据表，第8次写入成功
2020-12-22 19:13:28:139  vt_info数据表，第9次写入成功
2020-12-22 19:13:28:143  vt_info数据表，第10次写入成功
2020-12-22 19:13:28:146  vt_info数据表，第11次写入成功
2020-12-22 19:13:28:150  vt_info数据表，第12次写入成功
2020-12-22 19:13:28:154  vt_info数据表，第13次写入成功
2020-12-22 19:13:28:157  vt_info数据表，第14次写入成功
2020-12-22 19:13:28:161  vt_info数据表，第15次写入成功
2020-12-22 19:13:28:165  vt_info数据表，第16次写入成功
2020-12-22 19:13:28:169  vt_info数据表，第17次写入成功
2020-12-22 19:13:28:172  vt_info数据表，第18次写入成功
2020-12-22 19:13:28:176  vt_info数据表，第19次写入成功
2020-12-22 19:13:28:180  vt_info数据表，第20次写入成功
2020-12-22 19:13:28:183  vt_info数据表，第21次写入成功
2020-12-22 19:13:28:187  vt_info数据表，第22次写入成功
2020-12-22 19:13:28:191  vt_info数据表，第23次写入成功
2020-12-22 19:13:28:194  vt_info数据表，第24次写入成功
2020-12-22 19:13:28:198  vt_info数据表，第25次写入成功
2020-12-22 19:13:28:202  vt_info数据表，第26次写入成功
2020-12-22 19:13:28:205  vt_info数据表，第27次写入成功
2020-12-22 19:13:28:209  vt_info数据表，第28次写入成功
2020-12-22 19:13:28:212  vt_info数据表，第29次写入成功
2020-12-22 19:13:28:216  vt_info数据表，第30次写入成功
2020-12-22 19:13:28:220  vt_info数据表，第31次写入成功
2020-12-22 19:13:28:224  vt_info数据表，第32次写入成功
2020-12-22 19:13:28:227  vt_info数据表，第33次写入成功
2020-12-22 19:13:28:231  vt_info数据表，第34次写入成功
2020-12-22 19:13:28:235  vt_info数据表，第35次写入成功
2020-12-22 19:13:28:239  vt_info数据表，第36次写入成功
2020-12-22 19:13:28:242  vt_info数据表，第37次写入成功
2020-12-22 19:13:28:246  vt_info数据表，第38次写入成功
2020-12-22 19:13:28:250  vt_info数据表，第39次写入成功
2020-12-22 19:13:28:253  vt_info数据表，第40次写入成功
2020-12-22 19:13:28:257  vt_info数据表，第41次写入成功
2020-12-22 19:13:28:261  vt_info数据表，第42次写入成功
2020-12-22 19:13:28:264  vt_info数据表，第43次写入成功
2020-12-22 19:13:28:268  vt_info数据表，第44次写入成功
2020-12-22 19:13:28:272  vt_info数据表，第45次写入成功
2020-12-22 19:13:28:275  vt_info数据表，第46次写入成功
2020-12-22 19:13:28:279  vt_info数据表，第47次写入成功
2020-12-22 19:13:28:282  motor_info数据表，第0次写入成功
2020-12-22 19:13:28:285  motor_info数据表，第1次写入成功
2020-12-22 19:13:28:287  motor_info数据表，第2次写入成功
2020-12-22 19:13:28:290  motor_info数据表，第3次写入成功
2020-12-22 19:13:28:293  motor_info数据表，第4次写入成功
2020-12-22 19:13:28:296  motor_info数据表，第5次写入成功
2020-12-22 19:13:28:298  motor_info数据表，第6次写入成功
2020-12-22 19:13:28:301  motor_info数据表，第7次写入成功
2020-12-22 19:13:28:304  motor_info数据表，第8次写入成功
2020-12-22 19:13:28:306  motor_info数据表，第9次写入成功
2020-12-22 19:13:28:309  motor_info数据表，第10次写入成功
2020-12-22 19:13:28:312  motor_info数据表，第11次写入成功
2020-12-22 19:13:28:314  motor_info数据表，第12次写入成功
2020-12-22 19:13:28:317  motor_info数据表，第13次写入成功
2020-12-22 19:13:28:320  motor_info数据表，第14次写入成功
2020-12-22 19:13:28:332  motor_info数据表，第15次写入成功
2020-12-22 19:13:28:334  数据库关闭！
2020-12-22 19:18:23:644  收到来车信号，流水号：20201222191823，所有设备开始采集
2020-12-22 19:18:23:682  开启A/D采集
2020-12-22 19:18:45:017  收到离车信号，流水号：20201222191823，线号：14，车号：029030，主控端：0，所有设备停止采集
2020-12-22 19:18:45:018  收到停止采集命令，开始停止采集
2020-12-22 19:18:45:024  停止采集数据
2020-12-22 19:18:45:025  采集连接已断开
2020-12-22 19:18:45:027  开始数据分析和落盘
2020-12-22 19:18:49:804  vibration1完成落盘
2020-12-22 19:18:54:039  vibration2完成落盘
2020-12-22 19:18:58:291  vibration3完成落盘
2020-12-22 19:19:02:511  vibration4完成落盘
2020-12-22 19:19:06:768  vibration5完成落盘
2020-12-22 19:19:11:035  vibration6完成落盘
2020-12-22 19:19:15:261  vibration7完成落盘
2020-12-22 19:19:19:509  vibration8完成落盘
2020-12-22 19:19:23:795  magnetic1完成落盘
2020-12-22 19:19:28:003  magnetic2完成落盘
2020-12-22 19:19:32:247  magnetic3完成落盘
2020-12-22 19:19:36:491  magnetic4完成落盘
2020-12-22 19:19:40:551  temperate1完成落盘
2020-12-22 19:19:44:573  temperate2完成落盘
2020-12-22 19:19:48:623  temperate3完成落盘
2020-12-22 19:19:52:654  temperate4完成落盘
2020-12-22 19:19:52:663  开始处理数据
2020-12-22 19:19:53:236  右侧计算完成
2020-12-22 19:19:53:696  左侧计算完成
2020-12-22 19:19:53:698  检查结果数据
2020-12-22 19:19:53:699  通知桌面显示数据
2020-12-22 19:19:53:716  开始写入数据库
2020-12-22 19:19:53:739  预警及报警参数加载完成
2020-12-22 19:19:53:740  数据库打开成功
2020-12-22 19:19:53:742  train_info数据表写入成功
2020-12-22 19:19:53:868  train_onlyid读取成功
2020-12-22 19:19:53:872  train_data数据表写入成功
2020-12-22 19:19:53:876  vt_info数据表，第0次写入成功
2020-12-22 19:19:53:880  vt_info数据表，第1次写入成功
2020-12-22 19:19:53:883  vt_info数据表，第2次写入成功
2020-12-22 19:19:53:887  vt_info数据表，第3次写入成功
2020-12-22 19:19:53:890  vt_info数据表，第4次写入成功
2020-12-22 19:19:53:894  vt_info数据表，第5次写入成功
2020-12-22 19:19:53:897  vt_info数据表，第6次写入成功
2020-12-22 19:19:53:901  vt_info数据表，第7次写入成功
2020-12-22 19:19:53:905  vt_info数据表，第8次写入成功
2020-12-22 19:19:53:908  vt_info数据表，第9次写入成功
2020-12-22 19:19:53:912  vt_info数据表，第10次写入成功
2020-12-22 19:19:53:915  vt_info数据表，第11次写入成功
2020-12-22 19:19:53:919  vt_info数据表，第12次写入成功
2020-12-22 19:19:53:923  vt_info数据表，第13次写入成功
2020-12-22 19:19:53:927  vt_info数据表，第14次写入成功
2020-12-22 19:19:53:930  vt_info数据表，第15次写入成功
2020-12-22 19:19:53:934  vt_info数据表，第16次写入成功
2020-12-22 19:19:53:938  vt_info数据表，第17次写入成功
2020-12-22 19:19:53:942  vt_info数据表，第18次写入成功
2020-12-22 19:19:53:946  vt_info数据表，第19次写入成功
2020-12-22 19:19:53:949  vt_info数据表，第20次写入成功
2020-12-22 19:19:53:953  vt_info数据表，第21次写入成功
2020-12-22 19:19:53:957  vt_info数据表，第22次写入成功
2020-12-22 19:19:53:960  vt_info数据表，第23次写入成功
2020-12-22 19:19:53:964  vt_info数据表，第24次写入成功
2020-12-22 19:19:53:968  vt_info数据表，第25次写入成功
2020-12-22 19:19:53:972  vt_info数据表，第26次写入成功
2020-12-22 19:19:53:975  vt_info数据表，第27次写入成功
2020-12-22 19:19:53:979  vt_info数据表，第28次写入成功
2020-12-22 19:19:53:983  vt_info数据表，第29次写入成功
2020-12-22 19:19:53:987  vt_info数据表，第30次写入成功
2020-12-22 19:19:53:990  vt_info数据表，第31次写入成功
2020-12-22 19:19:53:994  vt_info数据表，第32次写入成功
2020-12-22 19:19:53:998  vt_info数据表，第33次写入成功
2020-12-22 19:19:54:002  vt_info数据表，第34次写入成功
2020-12-22 19:19:54:005  vt_info数据表，第35次写入成功
2020-12-22 19:19:54:009  vt_info数据表，第36次写入成功
2020-12-22 19:19:54:013  vt_info数据表，第37次写入成功
2020-12-22 19:19:54:017  vt_info数据表，第38次写入成功
2020-12-22 19:19:54:021  vt_info数据表，第39次写入成功
2020-12-22 19:19:54:024  vt_info数据表，第40次写入成功
2020-12-22 19:19:54:028  vt_info数据表，第41次写入成功
2020-12-22 19:19:54:032  vt_info数据表，第42次写入成功
2020-12-22 19:19:54:036  vt_info数据表，第43次写入成功
2020-12-22 19:19:54:039  vt_info数据表，第44次写入成功
2020-12-22 19:19:54:043  vt_info数据表，第45次写入成功
2020-12-22 19:19:54:047  vt_info数据表，第46次写入成功
2020-12-22 19:19:54:052  vt_info数据表，第47次写入成功
2020-12-22 19:19:54:055  motor_info数据表，第0次写入成功
2020-12-22 19:19:54:057  motor_info数据表，第1次写入成功
2020-12-22 19:19:54:060  motor_info数据表，第2次写入成功
2020-12-22 19:19:54:063  motor_info数据表，第3次写入成功
2020-12-22 19:19:54:066  motor_info数据表，第4次写入成功
2020-12-22 19:19:54:069  motor_info数据表，第5次写入成功
2020-12-22 19:19:54:072  motor_info数据表，第6次写入成功
2020-12-22 19:19:54:074  motor_info数据表，第7次写入成功
2020-12-22 19:19:54:077  motor_info数据表，第8次写入成功
2020-12-22 19:19:54:080  motor_info数据表，第9次写入成功
2020-12-22 19:19:54:083  motor_info数据表，第10次写入成功
2020-12-22 19:19:54:086  motor_info数据表，第11次写入成功
2020-12-22 19:19:54:089  motor_info数据表，第12次写入成功
2020-12-22 19:19:54:091  motor_info数据表，第13次写入成功
2020-12-22 19:19:54:094  motor_info数据表，第14次写入成功
2020-12-22 19:19:54:106  motor_info数据表，第15次写入成功
2020-12-22 19:19:54:108  数据库关闭！
2020-12-22 19:26:47:745  收到来车信号，流水号：20201222192647，所有设备开始采集
2020-12-22 19:26:47:784  开启A/D采集
2020-12-22 19:27:09:144  收到离车信号，流水号：20201222192647，线号：14，车号：031032，主控端：1，所有设备停止采集
2020-12-22 19:27:09:146  收到停止采集命令，开始停止采集
2020-12-22 19:27:09:151  停止采集数据
2020-12-22 19:27:09:153  采集连接已断开
2020-12-22 19:27:09:155  开始数据分析和落盘
2020-12-22 19:27:13:976  vibration1完成落盘
2020-12-22 19:27:18:175  vibration2完成落盘
2020-12-22 19:27:22:364  vibration3完成落盘
2020-12-22 19:27:26:557  vibration4完成落盘
2020-12-22 19:27:30:698  vibration5完成落盘
2020-12-22 19:27:34:922  vibration6完成落盘
2020-12-22 19:27:39:126  vibration7完成落盘
2020-12-22 19:27:43:215  vibration8完成落盘
2020-12-22 19:27:47:447  magnetic1完成落盘
2020-12-22 19:27:51:628  magnetic2完成落盘
2020-12-22 19:27:55:827  magnetic3完成落盘
2020-12-22 19:28:00:036  magnetic4完成落盘
2020-12-22 19:28:04:048  temperate1完成落盘
2020-12-22 19:28:08:000  temperate2完成落盘
2020-12-22 19:28:11:991  temperate3完成落盘
2020-12-22 19:28:15:998  temperate4完成落盘
2020-12-22 19:28:16:006  开始处理数据
2020-12-22 19:28:16:561  右侧计算完成
2020-12-22 19:28:16:984  左侧计算完成
2020-12-22 19:28:16:985  检查结果数据
2020-12-22 19:28:16:987  通知桌面显示数据
2020-12-22 19:28:17:004  开始写入数据库
2020-12-22 19:28:17:026  预警及报警参数加载完成
2020-12-22 19:28:17:027  数据库打开成功
2020-12-22 19:28:17:029  train_info数据表写入成功
2020-12-22 19:28:17:155  train_onlyid读取成功
2020-12-22 19:28:17:160  train_data数据表写入成功
2020-12-22 19:28:17:164  vt_info数据表，第0次写入成功
2020-12-22 19:28:17:167  vt_info数据表，第1次写入成功
2020-12-22 19:28:17:171  vt_info数据表，第2次写入成功
2020-12-22 19:28:17:176  vt_info数据表，第3次写入成功
2020-12-22 19:28:17:178  vt_info数据表，第4次写入成功
2020-12-22 19:28:17:182  vt_info数据表，第5次写入成功
2020-12-22 19:28:17:186  vt_info数据表，第6次写入成功
2020-12-22 19:28:17:189  vt_info数据表，第7次写入成功
2020-12-22 19:28:17:193  vt_info数据表，第8次写入成功
2020-12-22 19:28:17:197  vt_info数据表，第9次写入成功
2020-12-22 19:28:17:200  vt_info数据表，第10次写入成功
2020-12-22 19:28:17:204  vt_info数据表，第11次写入成功
2020-12-22 19:28:17:208  vt_info数据表，第12次写入成功
2020-12-22 19:28:17:211  vt_info数据表，第13次写入成功
2020-12-22 19:28:17:215  vt_info数据表，第14次写入成功
2020-12-22 19:28:17:219  vt_info数据表，第15次写入成功
2020-12-22 19:28:17:222  vt_info数据表，第16次写入成功
2020-12-22 19:28:17:226  vt_info数据表，第17次写入成功
2020-12-22 19:28:17:231  vt_info数据表，第18次写入成功
2020-12-22 19:28:17:235  vt_info数据表，第19次写入成功
2020-12-22 19:28:17:238  vt_info数据表，第20次写入成功
2020-12-22 19:28:17:242  vt_info数据表，第21次写入成功
2020-12-22 19:28:17:246  vt_info数据表，第22次写入成功
2020-12-22 19:28:17:250  vt_info数据表，第23次写入成功
2020-12-22 19:28:17:253  vt_info数据表，第24次写入成功
2020-12-22 19:28:17:257  vt_info数据表，第25次写入成功
2020-12-22 19:28:17:261  vt_info数据表，第26次写入成功
2020-12-22 19:28:17:264  vt_info数据表，第27次写入成功
2020-12-22 19:28:17:268  vt_info数据表，第28次写入成功
2020-12-22 19:28:17:272  vt_info数据表，第29次写入成功
2020-12-22 19:28:17:275  vt_info数据表，第30次写入成功
2020-12-22 19:28:17:279  vt_info数据表，第31次写入成功
2020-12-22 19:28:17:283  vt_info数据表，第32次写入成功
2020-12-22 19:28:17:286  vt_info数据表，第33次写入成功
2020-12-22 19:28:17:290  vt_info数据表，第34次写入成功
2020-12-22 19:28:17:294  vt_info数据表，第35次写入成功
2020-12-22 19:28:17:297  vt_info数据表，第36次写入成功
2020-12-22 19:28:17:301  vt_info数据表，第37次写入成功
2020-12-22 19:28:17:305  vt_info数据表，第38次写入成功
2020-12-22 19:28:17:309  vt_info数据表，第39次写入成功
2020-12-22 19:28:17:312  vt_info数据表，第40次写入成功
2020-12-22 19:28:17:316  vt_info数据表，第41次写入成功
2020-12-22 19:28:17:320  vt_info数据表，第42次写入成功
2020-12-22 19:28:17:323  vt_info数据表，第43次写入成功
2020-12-22 19:28:17:327  vt_info数据表，第44次写入成功
2020-12-22 19:28:17:331  vt_info数据表，第45次写入成功
2020-12-22 19:28:17:334  vt_info数据表，第46次写入成功
2020-12-22 19:28:17:338  vt_info数据表，第47次写入成功
2020-12-22 19:28:17:341  motor_info数据表，第0次写入成功
2020-12-22 19:28:17:343  motor_info数据表，第1次写入成功
2020-12-22 19:28:17:346  motor_info数据表，第2次写入成功
2020-12-22 19:28:17:349  motor_info数据表，第3次写入成功
2020-12-22 19:28:17:352  motor_info数据表，第4次写入成功
2020-12-22 19:28:17:354  motor_info数据表，第5次写入成功
2020-12-22 19:28:17:357  motor_info数据表，第6次写入成功
2020-12-22 19:28:17:360  motor_info数据表，第7次写入成功
2020-12-22 19:28:17:363  motor_info数据表，第8次写入成功
2020-12-22 19:28:17:365  motor_info数据表，第9次写入成功
2020-12-22 19:28:17:368  motor_info数据表，第10次写入成功
2020-12-22 19:28:17:371  motor_info数据表，第11次写入成功
2020-12-22 19:28:17:374  motor_info数据表，第12次写入成功
2020-12-22 19:28:17:377  motor_info数据表，第13次写入成功
2020-12-22 19:28:17:379  motor_info数据表，第14次写入成功
2020-12-22 19:28:17:391  motor_info数据表，第15次写入成功
2020-12-22 19:28:17:392  数据库关闭！
2020-12-22 19:34:56:145  收到来车信号，流水号：20201222193456，所有设备开始采集
2020-12-22 19:34:56:183  开启A/D采集
2020-12-22 19:35:17:494  收到离车信号，流水号：20201222193456，线号：14，车号：045046，主控端：0，所有设备停止采集
2020-12-22 19:35:17:496  收到停止采集命令，开始停止采集
2020-12-22 19:35:17:501  停止采集数据
2020-12-22 19:35:17:503  采集连接已断开
2020-12-22 19:35:17:504  开始数据分析和落盘
2020-12-22 19:35:22:304  vibration1完成落盘
2020-12-22 19:35:26:497  vibration2完成落盘
2020-12-22 19:35:30:698  vibration3完成落盘
2020-12-22 19:35:34:839  vibration4完成落盘
2020-12-22 19:35:39:051  vibration5完成落盘
2020-12-22 19:35:43:277  vibration6完成落盘
2020-12-22 19:35:47:474  vibration7完成落盘
2020-12-22 19:35:51:693  vibration8完成落盘
2020-12-22 19:35:55:937  magnetic1完成落盘
2020-12-22 19:36:00:118  magnetic2完成落盘
2020-12-22 19:36:04:281  magnetic3完成落盘
2020-12-22 19:36:08:438  magnetic4完成落盘
2020-12-22 19:36:12:455  temperate1完成落盘
2020-12-22 19:36:16:460  temperate2完成落盘
2020-12-22 19:36:20:377  temperate3完成落盘
2020-12-22 19:36:24:372  temperate4完成落盘
2020-12-22 19:36:24:380  开始处理数据
2020-12-22 19:36:24:939  右侧计算完成
2020-12-22 19:36:25:394  左侧计算完成
2020-12-22 19:36:25:396  检查结果数据
2020-12-22 19:36:25:397  通知桌面显示数据
2020-12-22 19:36:25:414  开始写入数据库
2020-12-22 19:36:25:437  预警及报警参数加载完成
2020-12-22 19:36:25:438  数据库打开成功
2020-12-22 19:36:25:440  train_info数据表写入成功
2020-12-22 19:36:25:566  train_onlyid读取成功
2020-12-22 19:36:25:571  train_data数据表写入成功
2020-12-22 19:36:25:575  vt_info数据表，第0次写入成功
2020-12-22 19:36:25:578  vt_info数据表，第1次写入成功
2020-12-22 19:36:25:582  vt_info数据表，第2次写入成功
2020-12-22 19:36:25:586  vt_info数据表，第3次写入成功
2020-12-22 19:36:25:590  vt_info数据表，第4次写入成功
2020-12-22 19:36:25:593  vt_info数据表，第5次写入成功
2020-12-22 19:36:25:597  vt_info数据表，第6次写入成功
2020-12-22 19:36:25:601  vt_info数据表，第7次写入成功
2020-12-22 19:36:25:604  vt_info数据表，第8次写入成功
2020-12-22 19:36:25:608  vt_info数据表，第9次写入成功
2020-12-22 19:36:25:612  vt_info数据表，第10次写入成功
2020-12-22 19:36:25:616  vt_info数据表，第11次写入成功
2020-12-22 19:36:25:619  vt_info数据表，第12次写入成功
2020-12-22 19:36:25:623  vt_info数据表，第13次写入成功
2020-12-22 19:36:25:627  vt_info数据表，第14次写入成功
2020-12-22 19:36:25:630  vt_info数据表，第15次写入成功
2020-12-22 19:36:25:634  vt_info数据表，第16次写入成功
2020-12-22 19:36:25:638  vt_info数据表，第17次写入成功
2020-12-22 19:36:25:642  vt_info数据表，第18次写入成功
2020-12-22 19:36:25:645  vt_info数据表，第19次写入成功
2020-12-22 19:36:25:649  vt_info数据表，第20次写入成功
2020-12-22 19:36:25:653  vt_info数据表，第21次写入成功
2020-12-22 19:36:25:656  vt_info数据表，第22次写入成功
2020-12-22 19:36:25:660  vt_info数据表，第23次写入成功
2020-12-22 19:36:25:664  vt_info数据表，第24次写入成功
2020-12-22 19:36:25:667  vt_info数据表，第25次写入成功
2020-12-22 19:36:25:671  vt_info数据表，第26次写入成功
2020-12-22 19:36:25:675  vt_info数据表，第27次写入成功
2020-12-22 19:36:25:679  vt_info数据表，第28次写入成功
2020-12-22 19:36:25:682  vt_info数据表，第29次写入成功
2020-12-22 19:36:25:686  vt_info数据表，第30次写入成功
2020-12-22 19:36:25:690  vt_info数据表，第31次写入成功
2020-12-22 19:36:25:693  vt_info数据表，第32次写入成功
2020-12-22 19:36:25:697  vt_info数据表，第33次写入成功
2020-12-22 19:36:25:701  vt_info数据表，第34次写入成功
2020-12-22 19:36:25:704  vt_info数据表，第35次写入成功
2020-12-22 19:36:25:708  vt_info数据表，第36次写入成功
2020-12-22 19:36:25:712  vt_info数据表，第37次写入成功
2020-12-22 19:36:25:715  vt_info数据表，第38次写入成功
2020-12-22 19:36:25:719  vt_info数据表，第39次写入成功
2020-12-22 19:36:25:723  vt_info数据表，第40次写入成功
2020-12-22 19:36:25:726  vt_info数据表，第41次写入成功
2020-12-22 19:36:25:730  vt_info数据表，第42次写入成功
2020-12-22 19:36:25:734  vt_info数据表，第43次写入成功
2020-12-22 19:36:25:738  vt_info数据表，第44次写入成功
2020-12-22 19:36:25:741  vt_info数据表，第45次写入成功
2020-12-22 19:36:25:745  vt_info数据表，第46次写入成功
2020-12-22 19:36:25:749  vt_info数据表，第47次写入成功
2020-12-22 19:36:25:752  motor_info数据表，第0次写入成功
2020-12-22 19:36:25:754  motor_info数据表，第1次写入成功
2020-12-22 19:36:25:757  motor_info数据表，第2次写入成功
2020-12-22 19:36:25:760  motor_info数据表，第3次写入成功
2020-12-22 19:36:25:763  motor_info数据表，第4次写入成功
2020-12-22 19:36:25:766  motor_info数据表，第5次写入成功
2020-12-22 19:36:25:768  motor_info数据表，第6次写入成功
2020-12-22 19:36:25:771  motor_info数据表，第7次写入成功
2020-12-22 19:36:25:774  motor_info数据表，第8次写入成功
2020-12-22 19:36:25:777  motor_info数据表，第9次写入成功
2020-12-22 19:36:25:779  motor_info数据表，第10次写入成功
2020-12-22 19:36:25:782  motor_info数据表，第11次写入成功
2020-12-22 19:36:25:785  motor_info数据表，第12次写入成功
2020-12-22 19:36:25:788  motor_info数据表，第13次写入成功
2020-12-22 19:36:25:791  motor_info数据表，第14次写入成功
2020-12-22 19:36:25:803  motor_info数据表，第15次写入成功
2020-12-22 19:36:25:804  数据库关闭！
2020-12-22 19:41:01:346  收到来车信号，流水号：20201222194101，所有设备开始采集
2020-12-22 19:41:01:384  开启A/D采集
2020-12-22 19:41:22:846  收到离车信号，流水号：20201222194101，线号：14，车号：055056，主控端：1，所有设备停止采集
2020-12-22 19:41:22:848  收到停止采集命令，开始停止采集
2020-12-22 19:41:22:852  停止采集数据
2020-12-22 19:41:22:854  采集连接已断开
2020-12-22 19:41:22:855  开始数据分析和落盘
2020-12-22 19:41:27:587  vibration1完成落盘
2020-12-22 19:41:31:821  vibration2完成落盘
2020-12-22 19:41:36:005  vibration3完成落盘
2020-12-22 19:41:40:251  vibration4完成落盘
2020-12-22 19:41:44:509  vibration5完成落盘
2020-12-22 19:41:48:759  vibration6完成落盘
2020-12-22 19:41:52:953  vibration7完成落盘
2020-12-22 19:41:57:214  vibration8完成落盘
2020-12-22 19:42:01:492  magnetic1完成落盘
2020-12-22 19:42:05:730  magnetic2完成落盘
2020-12-22 19:42:09:921  magnetic3完成落盘
2020-12-22 19:42:14:138  magnetic4完成落盘
2020-12-22 19:42:18:154  temperate1完成落盘
2020-12-22 19:42:22:222  temperate2完成落盘
2020-12-22 19:42:26:253  temperate3完成落盘
2020-12-22 19:42:30:279  temperate4完成落盘
2020-12-22 19:42:30:289  开始处理数据
2020-12-22 19:42:30:858  右侧计算完成
2020-12-22 19:42:31:301  左侧计算完成
2020-12-22 19:42:31:303  检查结果数据
2020-12-22 19:42:31:304  通知桌面显示数据
2020-12-22 19:42:31:321  开始写入数据库
2020-12-22 19:42:31:344  预警及报警参数加载完成
2020-12-22 19:42:31:346  数据库打开成功
2020-12-22 19:42:31:347  train_info数据表写入成功
2020-12-22 19:42:31:474  train_onlyid读取成功
2020-12-22 19:42:31:478  train_data数据表写入成功
2020-12-22 19:42:31:482  vt_info数据表，第0次写入成功
2020-12-22 19:42:31:486  vt_info数据表，第1次写入成功
2020-12-22 19:42:31:490  vt_info数据表，第2次写入成功
2020-12-22 19:42:31:493  vt_info数据表，第3次写入成功
2020-12-22 19:42:31:497  vt_info数据表，第4次写入成功
2020-12-22 19:42:31:501  vt_info数据表，第5次写入成功
2020-12-22 19:42:31:505  vt_info数据表，第6次写入成功
2020-12-22 19:42:31:508  vt_info数据表，第7次写入成功
2020-12-22 19:42:31:512  vt_info数据表，第8次写入成功
2020-12-22 19:42:31:516  vt_info数据表，第9次写入成功
2020-12-22 19:42:31:520  vt_info数据表，第10次写入成功
2020-12-22 19:42:31:524  vt_info数据表，第11次写入成功
2020-12-22 19:42:31:527  vt_info数据表，第12次写入成功
2020-12-22 19:42:31:531  vt_info数据表，第13次写入成功
2020-12-22 19:42:31:535  vt_info数据表，第14次写入成功
2020-12-22 19:42:31:538  vt_info数据表，第15次写入成功
2020-12-22 19:42:31:542  vt_info数据表，第16次写入成功
2020-12-22 19:42:31:546  vt_info数据表，第17次写入成功
2020-12-22 19:42:31:549  vt_info数据表，第18次写入成功
2020-12-22 19:42:31:553  vt_info数据表，第19次写入成功
2020-12-22 19:42:31:557  vt_info数据表，第20次写入成功
2020-12-22 19:42:31:560  vt_info数据表，第21次写入成功
2020-12-22 19:42:31:564  vt_info数据表，第22次写入成功
2020-12-22 19:42:31:568  vt_info数据表，第23次写入成功
2020-12-22 19:42:31:571  vt_info数据表，第24次写入成功
2020-12-22 19:42:31:575  vt_info数据表，第25次写入成功
2020-12-22 19:42:31:579  vt_info数据表，第26次写入成功
2020-12-22 19:42:31:583  vt_info数据表，第27次写入成功
2020-12-22 19:42:31:587  vt_info数据表，第28次写入成功
2020-12-22 19:42:31:590  vt_info数据表，第29次写入成功
2020-12-22 19:42:31:594  vt_info数据表，第30次写入成功
2020-12-22 19:42:31:598  vt_info数据表，第31次写入成功
2020-12-22 19:42:31:601  vt_info数据表，第32次写入成功
2020-12-22 19:42:31:605  vt_info数据表，第33次写入成功
2020-12-22 19:42:31:609  vt_info数据表，第34次写入成功
2020-12-22 19:42:31:613  vt_info数据表，第35次写入成功
2020-12-22 19:42:31:616  vt_info数据表，第36次写入成功
2020-12-22 19:42:31:620  vt_info数据表，第37次写入成功
2020-12-22 19:42:31:624  vt_info数据表，第38次写入成功
2020-12-22 19:42:31:627  vt_info数据表，第39次写入成功
2020-12-22 19:42:31:631  vt_info数据表，第40次写入成功
2020-12-22 19:42:31:635  vt_info数据表，第41次写入成功
2020-12-22 19:42:31:639  vt_info数据表，第42次写入成功
2020-12-22 19:42:31:642  vt_info数据表，第43次写入成功
2020-12-22 19:42:31:646  vt_info数据表，第44次写入成功
2020-12-22 19:42:31:650  vt_info数据表，第45次写入成功
2020-12-22 19:42:31:654  vt_info数据表，第46次写入成功
2020-12-22 19:42:31:657  vt_info数据表，第47次写入成功
2020-12-22 19:42:31:660  motor_info数据表，第0次写入成功
2020-12-22 19:42:31:663  motor_info数据表，第1次写入成功
2020-12-22 19:42:31:665  motor_info数据表，第2次写入成功
2020-12-22 19:42:31:668  motor_info数据表，第3次写入成功
2020-12-22 19:42:31:671  motor_info数据表，第4次写入成功
2020-12-22 19:42:31:674  motor_info数据表，第5次写入成功
2020-12-22 19:42:31:676  motor_info数据表，第6次写入成功
2020-12-22 19:42:31:679  motor_info数据表，第7次写入成功
2020-12-22 19:42:31:682  motor_info数据表，第8次写入成功
2020-12-22 19:42:31:685  motor_info数据表，第9次写入成功
2020-12-22 19:42:31:687  motor_info数据表，第10次写入成功
2020-12-22 19:42:31:690  motor_info数据表，第11次写入成功
2020-12-22 19:42:31:693  motor_info数据表，第12次写入成功
2020-12-22 19:42:31:696  motor_info数据表，第13次写入成功
2020-12-22 19:42:31:698  motor_info数据表，第14次写入成功
2020-12-22 19:42:31:711  motor_info数据表，第15次写入成功
2020-12-22 19:42:31:712  数据库关闭！
2020-12-22 19:44:57:947  收到来车信号，流水号：20201222194457，所有设备开始采集
2020-12-22 19:44:57:986  开启A/D采集
2020-12-22 19:45:19:449  收到离车信号，流水号：20201222194457，线号：14，车号：025026，主控端：0，所有设备停止采集
2020-12-22 19:45:19:451  收到停止采集命令，开始停止采集
2020-12-22 19:45:19:457  停止采集数据
2020-12-22 19:45:19:459  采集连接已断开
2020-12-22 19:45:19:460  开始数据分析和落盘
2020-12-22 19:45:24:150  vibration1完成落盘
2020-12-22 19:45:28:393  vibration2完成落盘
2020-12-22 19:45:32:583  vibration3完成落盘
2020-12-22 19:45:36:820  vibration4完成落盘
2020-12-22 19:45:41:029  vibration5完成落盘
2020-12-22 19:45:45:255  vibration6完成落盘
2020-12-22 19:45:49:516  vibration7完成落盘
2020-12-22 19:45:53:716  vibration8完成落盘
2020-12-22 19:45:58:013  magnetic1完成落盘
2020-12-22 19:46:02:225  magnetic2完成落盘
2020-12-22 19:46:06:308  magnetic3完成落盘
2020-12-22 19:46:10:531  magnetic4完成落盘
2020-12-22 19:46:14:540  temperate1完成落盘
2020-12-22 19:46:18:589  temperate2完成落盘
2020-12-22 19:46:22:614  temperate3完成落盘
2020-12-22 19:46:26:570  temperate4完成落盘
2020-12-22 19:46:26:579  开始处理数据
2020-12-22 19:46:27:063  右侧计算完成
2020-12-22 19:46:27:498  左侧计算完成
2020-12-22 19:46:27:500  检查结果数据
2020-12-22 19:46:27:501  通知桌面显示数据
2020-12-22 19:46:27:518  开始写入数据库
2020-12-22 19:46:27:541  预警及报警参数加载完成
2020-12-22 19:46:27:542  数据库打开成功
2020-12-22 19:46:27:544  train_info数据表写入成功
2020-12-22 19:46:27:672  train_onlyid读取成功
2020-12-22 19:46:27:676  train_data数据表写入成功
2020-12-22 19:46:27:680  vt_info数据表，第0次写入成功
2020-12-22 19:46:27:684  vt_info数据表，第1次写入成功
2020-12-22 19:46:27:688  vt_info数据表，第2次写入成功
2020-12-22 19:46:27:691  vt_info数据表，第3次写入成功
2020-12-22 19:46:27:695  vt_info数据表，第4次写入成功
2020-12-22 19:46:27:699  vt_info数据表，第5次写入成功
2020-12-22 19:46:27:703  vt_info数据表，第6次写入成功
2020-12-22 19:46:27:706  vt_info数据表，第7次写入成功
2020-12-22 19:46:27:710  vt_info数据表，第8次写入成功
2020-12-22 19:46:27:714  vt_info数据表，第9次写入成功
2020-12-22 19:46:27:718  vt_info数据表，第10次写入成功
2020-12-22 19:46:27:721  vt_info数据表，第11次写入成功
2020-12-22 19:46:27:725  vt_info数据表，第12次写入成功
2020-12-22 19:46:27:729  vt_info数据表，第13次写入成功
2020-12-22 19:46:27:733  vt_info数据表，第14次写入成功
2020-12-22 19:46:27:736  vt_info数据表，第15次写入成功
2020-12-22 19:46:27:740  vt_info数据表，第16次写入成功
2020-12-22 19:46:27:744  vt_info数据表，第17次写入成功
2020-12-22 19:46:27:747  vt_info数据表，第18次写入成功
2020-12-22 19:46:27:751  vt_info数据表，第19次写入成功
2020-12-22 19:46:27:755  vt_info数据表，第20次写入成功
2020-12-22 19:46:27:758  vt_info数据表，第21次写入成功
2020-12-22 19:46:27:762  vt_info数据表，第22次写入成功
2020-12-22 19:46:27:766  vt_info数据表，第23次写入成功
2020-12-22 19:46:27:770  vt_info数据表，第24次写入成功
2020-12-22 19:46:27:773  vt_info数据表，第25次写入成功
2020-12-22 19:46:27:777  vt_info数据表，第26次写入成功
2020-12-22 19:46:27:781  vt_info数据表，第27次写入成功
2020-12-22 19:46:27:784  vt_info数据表，第28次写入成功
2020-12-22 19:46:27:788  vt_info数据表，第29次写入成功
2020-12-22 19:46:27:792  vt_info数据表，第30次写入成功
2020-12-22 19:46:27:795  vt_info数据表，第31次写入成功
2020-12-22 19:46:27:799  vt_info数据表，第32次写入成功
2020-12-22 19:46:27:803  vt_info数据表，第33次写入成功
2020-12-22 19:46:27:806  vt_info数据表，第34次写入成功
2020-12-22 19:46:27:810  vt_info数据表，第35次写入成功
2020-12-22 19:46:27:814  vt_info数据表，第36次写入成功
2020-12-22 19:46:27:818  vt_info数据表，第37次写入成功
2020-12-22 19:46:27:821  vt_info数据表，第38次写入成功
2020-12-22 19:46:27:825  vt_info数据表，第39次写入成功
2020-12-22 19:46:27:829  vt_info数据表，第40次写入成功
2020-12-22 19:46:27:833  vt_info数据表，第41次写入成功
2020-12-22 19:46:27:836  vt_info数据表，第42次写入成功
2020-12-22 19:46:27:840  vt_info数据表，第43次写入成功
2020-12-22 19:46:27:844  vt_info数据表，第44次写入成功
2020-12-22 19:46:27:847  vt_info数据表，第45次写入成功
2020-12-22 19:46:27:851  vt_info数据表，第46次写入成功
2020-12-22 19:46:27:855  vt_info数据表，第47次写入成功
2020-12-22 19:46:27:858  motor_info数据表，第0次写入成功
2020-12-22 19:46:27:860  motor_info数据表，第1次写入成功
2020-12-22 19:46:27:863  motor_info数据表，第2次写入成功
2020-12-22 19:46:27:866  motor_info数据表，第3次写入成功
2020-12-22 19:46:27:868  motor_info数据表，第4次写入成功
2020-12-22 19:46:27:871  motor_info数据表，第5次写入成功
2020-12-22 19:46:27:874  motor_info数据表，第6次写入成功
2020-12-22 19:46:27:877  motor_info数据表，第7次写入成功
2020-12-22 19:46:27:879  motor_info数据表，第8次写入成功
2020-12-22 19:46:27:882  motor_info数据表，第9次写入成功
2020-12-22 19:46:27:885  motor_info数据表，第10次写入成功
2020-12-22 19:46:27:888  motor_info数据表，第11次写入成功
2020-12-22 19:46:27:890  motor_info数据表，第12次写入成功
2020-12-22 19:46:27:893  motor_info数据表，第13次写入成功
2020-12-22 19:46:27:896  motor_info数据表，第14次写入成功
2020-12-22 19:46:27:908  motor_info数据表，第15次写入成功
2020-12-22 19:46:27:910  数据库关闭！
2020-12-22 19:51:44:246  收到来车信号，流水号：20201222195144，所有设备开始采集
2020-12-22 19:51:44:284  开启A/D采集
2020-12-22 19:52:05:744  收到离车信号，流水号：20201222195144，线号：14，车号：041042，主控端：0，所有设备停止采集
2020-12-22 19:52:05:745  收到停止采集命令，开始停止采集
2020-12-22 19:52:05:751  停止采集数据
2020-12-22 19:52:05:753  采集连接已断开
2020-12-22 19:52:05:754  开始数据分析和落盘
2020-12-22 19:52:10:589  vibration1完成落盘
2020-12-22 19:52:14:837  vibration2完成落盘
2020-12-22 19:52:19:045  vibration3完成落盘
2020-12-22 19:52:23:302  vibration4完成落盘
2020-12-22 19:52:27:472  vibration5完成落盘
2020-12-22 19:52:31:722  vibration6完成落盘
2020-12-22 19:52:35:939  vibration7完成落盘
2020-12-22 19:52:40:156  vibration8完成落盘
2020-12-22 19:52:44:433  magnetic1完成落盘
2020-12-22 19:52:48:495  magnetic2完成落盘
2020-12-22 19:52:52:694  magnetic3完成落盘
2020-12-22 19:52:56:827  magnetic4完成落盘
2020-12-22 19:53:00:815  temperate1完成落盘
2020-12-22 19:53:04:840  temperate2完成落盘
2020-12-22 19:53:08:863  temperate3完成落盘
2020-12-22 19:53:12:876  temperate4完成落盘
2020-12-22 19:53:12:885  开始处理数据
2020-12-22 19:53:13:431  右侧计算完成
2020-12-22 19:53:13:893  左侧计算完成
2020-12-22 19:53:13:895  检查结果数据
2020-12-22 19:53:13:896  通知桌面显示数据
2020-12-22 19:53:13:913  开始写入数据库
2020-12-22 19:53:13:935  预警及报警参数加载完成
2020-12-22 19:53:13:937  数据库打开成功
2020-12-22 19:53:13:938  train_info数据表写入成功
2020-12-22 19:53:14:064  train_onlyid读取成功
2020-12-22 19:53:14:068  train_data数据表写入成功
2020-12-22 19:53:14:072  vt_info数据表，第0次写入成功
2020-12-22 19:53:14:076  vt_info数据表，第1次写入成功
2020-12-22 19:53:14:079  vt_info数据表，第2次写入成功
2020-12-22 19:53:14:083  vt_info数据表，第3次写入成功
2020-12-22 19:53:14:087  vt_info数据表，第4次写入成功
2020-12-22 19:53:14:090  vt_info数据表，第5次写入成功
2020-12-22 19:53:14:094  vt_info数据表，第6次写入成功
2020-12-22 19:53:14:098  vt_info数据表，第7次写入成功
2020-12-22 19:53:14:101  vt_info数据表，第8次写入成功
2020-12-22 19:53:14:105  vt_info数据表，第9次写入成功
2020-12-22 19:53:14:109  vt_info数据表，第10次写入成功
2020-12-22 19:53:14:112  vt_info数据表，第11次写入成功
2020-12-22 19:53:14:116  vt_info数据表，第12次写入成功
2020-12-22 19:53:14:120  vt_info数据表，第13次写入成功
2020-12-22 19:53:14:123  vt_info数据表，第14次写入成功
2020-12-22 19:53:14:127  vt_info数据表，第15次写入成功
2020-12-22 19:53:14:130  vt_info数据表，第16次写入成功
2020-12-22 19:53:14:134  vt_info数据表，第17次写入成功
2020-12-22 19:53:14:138  vt_info数据表，第18次写入成功
2020-12-22 19:53:14:142  vt_info数据表，第19次写入成功
2020-12-22 19:53:14:145  vt_info数据表，第20次写入成功
2020-12-22 19:53:14:149  vt_info数据表，第21次写入成功
2020-12-22 19:53:14:153  vt_info数据表，第22次写入成功
2020-12-22 19:53:14:156  vt_info数据表，第23次写入成功
2020-12-22 19:53:14:160  vt_info数据表，第24次写入成功
2020-12-22 19:53:14:164  vt_info数据表，第25次写入成功
2020-12-22 19:53:14:167  vt_info数据表，第26次写入成功
2020-12-22 19:53:14:171  vt_info数据表，第27次写入成功
2020-12-22 19:53:14:175  vt_info数据表，第28次写入成功
2020-12-22 19:53:14:178  vt_info数据表，第29次写入成功
2020-12-22 19:53:14:182  vt_info数据表，第30次写入成功
2020-12-22 19:53:14:185  vt_info数据表，第31次写入成功
2020-12-22 19:53:14:189  vt_info数据表，第32次写入成功
2020-12-22 19:53:14:193  vt_info数据表，第33次写入成功
2020-12-22 19:53:14:196  vt_info数据表，第34次写入成功
2020-12-22 19:53:14:200  vt_info数据表，第35次写入成功
2020-12-22 19:53:14:203  vt_info数据表，第36次写入成功
2020-12-22 19:53:14:207  vt_info数据表，第37次写入成功
2020-12-22 19:53:14:211  vt_info数据表，第38次写入成功
2020-12-22 19:53:14:215  vt_info数据表，第39次写入成功
2020-12-22 19:53:14:218  vt_info数据表，第40次写入成功
2020-12-22 19:53:14:222  vt_info数据表，第41次写入成功
2020-12-22 19:53:14:226  vt_info数据表，第42次写入成功
2020-12-22 19:53:14:229  vt_info数据表，第43次写入成功
2020-12-22 19:53:14:233  vt_info数据表，第44次写入成功
2020-12-22 19:53:14:237  vt_info数据表，第45次写入成功
2020-12-22 19:53:14:241  vt_info数据表，第46次写入成功
2020-12-22 19:53:14:244  vt_info数据表，第47次写入成功
2020-12-22 19:53:14:247  motor_info数据表，第0次写入成功
2020-12-22 19:53:14:250  motor_info数据表，第1次写入成功
2020-12-22 19:53:14:253  motor_info数据表，第2次写入成功
2020-12-22 19:53:14:255  motor_info数据表，第3次写入成功
2020-12-22 19:53:14:258  motor_info数据表，第4次写入成功
2020-12-22 19:53:14:261  motor_info数据表，第5次写入成功
2020-12-22 19:53:14:264  motor_info数据表，第6次写入成功
2020-12-22 19:53:14:266  motor_info数据表，第7次写入成功
2020-12-22 19:53:14:269  motor_info数据表，第8次写入成功
2020-12-22 19:53:14:272  motor_info数据表，第9次写入成功
2020-12-22 19:53:14:275  motor_info数据表，第10次写入成功
2020-12-22 19:53:14:277  motor_info数据表，第11次写入成功
2020-12-22 19:53:14:280  motor_info数据表，第12次写入成功
2020-12-22 19:53:14:283  motor_info数据表，第13次写入成功
2020-12-22 19:53:14:286  motor_info数据表，第14次写入成功
2020-12-22 19:53:14:298  motor_info数据表，第15次写入成功
2020-12-22 19:53:14:300  数据库关闭！
