2020-12-27 13:07:09:857  磁钢信号预处理完成，位置标记：1
2020-12-27 13:07:09:867  温度分轮成功，分轮数尺度为：48
2020-12-27 13:07:09:932  轴承端盖温度特征值计算完成, 位置标记：1
2020-12-27 13:07:09:980  电机温度计算完成, 位置标记：1
2020-12-27 13:07:09:982  电机温度计算完成, 位置标记：1
2020-12-27 13:07:09:985  电机温度计算完成, 位置标记：1
2020-12-27 13:07:09:987  电机温度计算完成, 位置标记：1
2020-12-27 13:07:09:989  电机温度计算完成, 位置标记：1
2020-12-27 13:07:09:991  电机温度计算完成, 位置标记：1
2020-12-27 13:07:09:992  电机温度计算完成, 位置标记：1
2020-12-27 13:07:09:994  电机温度计算完成, 位置标记：1
2020-12-27 13:07:09:995  车速为：36.8位置标记为：1
2020-12-27 13:07:10:012  振动分轮计算完成, 位置标记：1
2020-12-27 13:07:10:213  振动特征值计算完成, 位置标记：1
2020-12-27 13:07:10:255  磁钢信号预处理完成，位置标记：0
2020-12-27 13:07:10:263  温度分轮成功，分轮数尺度为：48
2020-12-27 13:07:10:310  轴承端盖温度特征值计算完成, 位置标记：0
2020-12-27 13:07:10:354  电机温度计算完成, 位置标记：0
2020-12-27 13:07:10:356  电机温度计算完成, 位置标记：0
2020-12-27 13:07:10:358  电机温度计算完成, 位置标记：0
2020-12-27 13:07:10:361  电机温度计算完成, 位置标记：0
2020-12-27 13:07:10:363  电机温度计算完成, 位置标记：0
2020-12-27 13:07:10:365  电机温度计算完成, 位置标记：0
2020-12-27 13:07:10:366  电机温度计算完成, 位置标记：0
2020-12-27 13:07:10:368  电机温度计算完成, 位置标记：0
2020-12-27 13:07:10:369  车速为：36.8位置标记为：0
2020-12-27 13:07:10:385  振动分轮计算完成, 位置标记：0
2020-12-27 13:07:10:588  振动特征值计算完成, 位置标记：0
2020-12-27 13:17:19:646  磁钢信号预处理完成，位置标记：1
2020-12-27 13:17:19:654  温度分轮成功，分轮数尺度为：48
2020-12-27 13:17:19:701  轴承端盖温度特征值计算完成, 位置标记：1
2020-12-27 13:17:19:747  电机温度计算完成, 位置标记：1
2020-12-27 13:17:19:750  电机温度计算完成, 位置标记：1
2020-12-27 13:17:19:752  电机温度计算完成, 位置标记：1
2020-12-27 13:17:19:755  电机温度计算完成, 位置标记：1
2020-12-27 13:17:19:757  电机温度计算完成, 位置标记：1
2020-12-27 13:17:19:758  电机温度计算完成, 位置标记：1
2020-12-27 13:17:19:760  电机温度计算完成, 位置标记：1
2020-12-27 13:17:19:762  电机温度计算完成, 位置标记：1
2020-12-27 13:17:19:764  车速为：36.5402位置标记为：1
2020-12-27 13:17:19:780  振动分轮计算完成, 位置标记：1
2020-12-27 13:17:19:983  振动特征值计算完成, 位置标记：1
2020-12-27 13:17:20:023  磁钢信号预处理完成，位置标记：0
2020-12-27 13:17:20:034  温度分轮成功，分轮数尺度为：48
2020-12-27 13:17:20:082  轴承端盖温度特征值计算完成, 位置标记：0
2020-12-27 13:17:20:130  电机温度计算完成, 位置标记：0
2020-12-27 13:17:20:133  电机温度计算完成, 位置标记：0
2020-12-27 13:17:20:135  电机温度计算完成, 位置标记：0
2020-12-27 13:17:20:138  电机温度计算完成, 位置标记：0
2020-12-27 13:17:20:140  电机温度计算完成, 位置标记：0
2020-12-27 13:17:20:142  电机温度计算完成, 位置标记：0
2020-12-27 13:17:20:145  电机温度计算完成, 位置标记：0
2020-12-27 13:17:20:147  电机温度计算完成, 位置标记：0
2020-12-27 13:17:20:149  车速为：36.5402位置标记为：0
2020-12-27 13:17:20:166  振动分轮计算完成, 位置标记：0
2020-12-27 13:17:20:387  振动特征值计算完成, 位置标记：0
2020-12-27 13:27:07:857  磁钢信号预处理完成，位置标记：1
2020-12-27 13:27:07:866  温度分轮成功，分轮数尺度为：48
2020-12-27 13:27:07:911  轴承端盖温度特征值计算完成, 位置标记：1
2020-12-27 13:27:07:956  电机温度计算完成, 位置标记：1
2020-12-27 13:27:07:958  电机温度计算完成, 位置标记：1
2020-12-27 13:27:07:961  电机温度计算完成, 位置标记：1
2020-12-27 13:27:07:964  电机温度计算完成, 位置标记：1
2020-12-27 13:27:07:967  电机温度计算完成, 位置标记：1
2020-12-27 13:27:07:970  电机温度计算完成, 位置标记：1
2020-12-27 13:27:07:973  电机温度计算完成, 位置标记：1
2020-12-27 13:27:07:975  电机温度计算完成, 位置标记：1
2020-12-27 13:27:07:977  车速为：36.8164位置标记为：1
2020-12-27 13:27:08:000  振动分轮计算完成, 位置标记：1
2020-12-27 13:27:08:272  振动特征值计算完成, 位置标记：1
2020-12-27 13:27:08:319  磁钢信号预处理完成，位置标记：0
2020-12-27 13:27:08:330  温度分轮成功，分轮数尺度为：48
2020-12-27 13:27:08:389  轴承端盖温度特征值计算完成, 位置标记：0
2020-12-27 13:27:08:443  电机温度计算完成, 位置标记：0
2020-12-27 13:27:08:446  电机温度计算完成, 位置标记：0
2020-12-27 13:27:08:449  电机温度计算完成, 位置标记：0
2020-12-27 13:27:08:451  电机温度计算完成, 位置标记：0
2020-12-27 13:27:08:454  电机温度计算完成, 位置标记：0
2020-12-27 13:27:08:456  电机温度计算完成, 位置标记：0
2020-12-27 13:27:08:459  电机温度计算完成, 位置标记：0
2020-12-27 13:27:08:461  电机温度计算完成, 位置标记：0
2020-12-27 13:27:08:463  车速为：36.8164位置标记为：0
2020-12-27 13:27:08:486  振动分轮计算完成, 位置标记：0
2020-12-27 13:27:08:814  振动特征值计算完成, 位置标记：0
2020-12-27 13:37:02:889  磁钢信号预处理完成，位置标记：1
2020-12-27 13:37:02:901  温度分轮成功，分轮数尺度为：48
2020-12-27 13:37:02:960  轴承端盖温度特征值计算完成, 位置标记：1
2020-12-27 13:37:03:014  电机温度计算完成, 位置标记：1
2020-12-27 13:37:03:017  电机温度计算完成, 位置标记：1
2020-12-27 13:37:03:020  电机温度计算完成, 位置标记：1
2020-12-27 13:37:03:023  电机温度计算完成, 位置标记：1
2020-12-27 13:37:03:025  电机温度计算完成, 位置标记：1
2020-12-27 13:37:03:027  电机温度计算完成, 位置标记：1
2020-12-27 13:37:03:030  电机温度计算完成, 位置标记：1
2020-12-27 13:37:03:032  电机温度计算完成, 位置标记：1
2020-12-27 13:37:03:033  车速为：36.621位置标记为：1
2020-12-27 13:37:03:052  振动分轮计算完成, 位置标记：1
2020-12-27 13:37:03:267  振动特征值计算完成, 位置标记：1
2020-12-27 13:37:03:308  磁钢信号预处理完成，位置标记：0
2020-12-27 13:37:03:318  温度分轮成功，分轮数尺度为：48
2020-12-27 13:37:03:365  轴承端盖温度特征值计算完成, 位置标记：0
2020-12-27 13:37:03:410  电机温度计算完成, 位置标记：0
2020-12-27 13:37:03:412  电机温度计算完成, 位置标记：0
2020-12-27 13:37:03:416  电机温度计算完成, 位置标记：0
2020-12-27 13:37:03:418  电机温度计算完成, 位置标记：0
2020-12-27 13:37:03:420  电机温度计算完成, 位置标记：0
2020-12-27 13:37:03:422  电机温度计算完成, 位置标记：0
2020-12-27 13:37:03:424  电机温度计算完成, 位置标记：0
2020-12-27 13:37:03:426  电机温度计算完成, 位置标记：0
2020-12-27 13:37:03:427  车速为：36.621位置标记为：0
2020-12-27 13:37:03:447  振动分轮计算完成, 位置标记：0
2020-12-27 13:37:03:662  振动特征值计算完成, 位置标记：0
2020-12-27 13:46:57:269  磁钢信号预处理完成，位置标记：1
2020-12-27 13:46:57:279  温度分轮成功，分轮数尺度为：48
2020-12-27 13:46:57:335  轴承端盖温度特征值计算完成, 位置标记：1
2020-12-27 13:46:57:386  电机温度计算完成, 位置标记：1
2020-12-27 13:46:57:389  电机温度计算完成, 位置标记：1
2020-12-27 13:46:57:391  电机温度计算完成, 位置标记：1
2020-12-27 13:46:57:394  电机温度计算完成, 位置标记：1
2020-12-27 13:46:57:396  电机温度计算完成, 位置标记：1
2020-12-27 13:46:57:398  电机温度计算完成, 位置标记：1
2020-12-27 13:46:57:400  电机温度计算完成, 位置标记：1
2020-12-27 13:46:57:403  电机温度计算完成, 位置标记：1
2020-12-27 13:46:57:404  车速为：36.751位置标记为：1
2020-12-27 13:46:57:423  振动分轮计算完成, 位置标记：1
2020-12-27 13:46:57:632  振动特征值计算完成, 位置标记：1
2020-12-27 13:46:57:672  磁钢信号预处理完成，位置标记：0
2020-12-27 13:46:57:681  温度分轮成功，分轮数尺度为：48
2020-12-27 13:46:57:732  轴承端盖温度特征值计算完成, 位置标记：0
2020-12-27 13:46:57:781  电机温度计算完成, 位置标记：0
2020-12-27 13:46:57:783  电机温度计算完成, 位置标记：0
2020-12-27 13:46:57:786  电机温度计算完成, 位置标记：0
2020-12-27 13:46:57:788  电机温度计算完成, 位置标记：0
2020-12-27 13:46:57:790  电机温度计算完成, 位置标记：0
2020-12-27 13:46:57:792  电机温度计算完成, 位置标记：0
2020-12-27 13:46:57:794  电机温度计算完成, 位置标记：0
2020-12-27 13:46:57:796  电机温度计算完成, 位置标记：0
2020-12-27 13:46:57:796  车速为：36.751位置标记为：0
2020-12-27 13:46:57:813  振动分轮计算完成, 位置标记：0
2020-12-27 13:46:58:022  振动特征值计算完成, 位置标记：0
2020-12-27 13:56:54:610  磁钢信号预处理完成，位置标记：1
2020-12-27 13:56:54:623  温度分轮成功，分轮数尺度为：48
2020-12-27 13:56:54:690  轴承端盖温度特征值计算完成, 位置标记：1
2020-12-27 13:56:54:751  电机温度计算完成, 位置标记：1
2020-12-27 13:56:54:754  电机温度计算完成, 位置标记：1
2020-12-27 13:56:54:757  电机温度计算完成, 位置标记：1
2020-12-27 13:56:54:759  电机温度计算完成, 位置标记：1
2020-12-27 13:56:54:762  电机温度计算完成, 位置标记：1
2020-12-27 13:56:54:765  电机温度计算完成, 位置标记：1
2020-12-27 13:56:54:767  电机温度计算完成, 位置标记：1
2020-12-27 13:56:54:770  电机温度计算完成, 位置标记：1
2020-12-27 13:56:54:771  车速为：36.7184位置标记为：1
2020-12-27 13:56:54:793  振动分轮计算完成, 位置标记：1
2020-12-27 13:56:55:028  振动特征值计算完成, 位置标记：1
2020-12-27 13:56:55:078  磁钢信号预处理完成，位置标记：0
2020-12-27 13:56:55:090  温度分轮成功，分轮数尺度为：48
2020-12-27 13:56:55:156  轴承端盖温度特征值计算完成, 位置标记：0
2020-12-27 13:56:55:218  电机温度计算完成, 位置标记：0
2020-12-27 13:56:55:222  电机温度计算完成, 位置标记：0
2020-12-27 13:56:55:225  电机温度计算完成, 位置标记：0
2020-12-27 13:56:55:228  电机温度计算完成, 位置标记：0
2020-12-27 13:56:55:231  电机温度计算完成, 位置标记：0
2020-12-27 13:56:55:234  电机温度计算完成, 位置标记：0
2020-12-27 13:56:55:236  电机温度计算完成, 位置标记：0
2020-12-27 13:56:55:239  电机温度计算完成, 位置标记：0
2020-12-27 13:56:55:241  车速为：36.7184位置标记为：0
2020-12-27 13:56:55:263  振动分轮计算完成, 位置标记：0
2020-12-27 13:56:55:544  振动特征值计算完成, 位置标记：0
