2020-12-19 06:09:44:932  磁钢信号预处理完成，位置标记：1
2020-12-19 06:09:45:010  温度分轮成功，分轮数尺度为：0
2020-12-19 06:09:45:011  m_nAxleMarkG2数据异常，位置标记：1
2020-12-19 06:09:45:012  m_nAxleMarkG2数据不是48个，数据异常，位置标记：1
2020-12-19 06:09:45:034  车速为：inf位置标记为：1
2020-12-19 06:09:45:103  振动有效标记位计算异常，位置标记为：1
2020-12-19 06:09:45:441  磁钢信号预处理完成，位置标记：0
2020-12-19 06:09:45:505  温度分轮成功，分轮数尺度为：0
2020-12-19 06:09:45:506  m_nAxleMarkG2数据异常，位置标记：0
2020-12-19 06:09:45:506  m_nAxleMarkG2数据不是48个，数据异常，位置标记：0
2020-12-19 06:09:45:525  车速为：inf位置标记为：0
2020-12-19 06:09:45:582  振动有效标记位计算异常，位置标记为：0
2020-12-19 06:22:23:229  磁钢信号预处理完成，位置标记：1
2020-12-19 06:22:23:291  温度分轮成功，分轮数尺度为：0
2020-12-19 06:22:23:292  m_nAxleMarkG2数据异常，位置标记：1
2020-12-19 06:22:23:293  m_nAxleMarkG2数据不是48个，数据异常，位置标记：1
2020-12-19 06:22:23:312  车速为：inf位置标记为：1
2020-12-19 06:22:23:371  振动有效标记位计算异常，位置标记为：1
2020-12-19 06:22:23:617  磁钢信号预处理完成，位置标记：0
2020-12-19 06:22:23:666  温度分轮成功，分轮数尺度为：0
2020-12-19 06:22:23:667  m_nAxleMarkG2数据异常，位置标记：0
2020-12-19 06:22:23:667  m_nAxleMarkG2数据不是48个，数据异常，位置标记：0
2020-12-19 06:22:23:682  车速为：inf位置标记为：0
2020-12-19 06:22:23:725  振动有效标记位计算异常，位置标记为：0
2020-12-19 06:36:29:948  磁钢信号预处理完成，位置标记：1
2020-12-19 06:36:30:012  温度分轮成功，分轮数尺度为：0
2020-12-19 06:36:30:012  m_nAxleMarkG2数据异常，位置标记：1
2020-12-19 06:36:30:013  m_nAxleMarkG2数据不是48个，数据异常，位置标记：1
2020-12-19 06:36:30:033  车速为：inf位置标记为：1
2020-12-19 06:36:30:093  振动有效标记位计算异常，位置标记为：1
2020-12-19 06:36:30:376  磁钢信号预处理完成，位置标记：0
2020-12-19 06:36:30:440  温度分轮成功，分轮数尺度为：0
2020-12-19 06:36:30:441  m_nAxleMarkG2数据异常，位置标记：0
2020-12-19 06:36:30:441  m_nAxleMarkG2数据不是48个，数据异常，位置标记：0
2020-12-19 06:36:30:461  车速为：inf位置标记为：0
2020-12-19 06:36:30:521  振动有效标记位计算异常，位置标记为：0
2020-12-19 06:49:29:758  磁钢信号预处理完成，位置标记：1
2020-12-19 06:49:29:821  温度分轮成功，分轮数尺度为：0
2020-12-19 06:49:29:822  m_nAxleMarkG2数据异常，位置标记：1
2020-12-19 06:49:29:822  m_nAxleMarkG2数据不是48个，数据异常，位置标记：1
2020-12-19 06:49:29:842  车速为：inf位置标记为：1
2020-12-19 06:49:29:903  振动有效标记位计算异常，位置标记为：1
2020-12-19 06:49:30:257  磁钢信号预处理完成，位置标记：0
2020-12-19 06:49:30:333  温度分轮成功，分轮数尺度为：0
2020-12-19 06:49:30:334  m_nAxleMarkG2数据异常，位置标记：0
2020-12-19 06:49:30:335  m_nAxleMarkG2数据不是48个，数据异常，位置标记：0
2020-12-19 06:49:30:359  车速为：inf位置标记为：0
2020-12-19 06:49:30:433  振动有效标记位计算异常，位置标记为：0
2020-12-19 06:59:46:845  磁钢信号预处理完成，位置标记：1
2020-12-19 06:59:46:905  温度分轮成功，分轮数尺度为：0
2020-12-19 06:59:46:905  m_nAxleMarkG2数据异常，位置标记：1
2020-12-19 06:59:46:906  m_nAxleMarkG2数据不是48个，数据异常，位置标记：1
2020-12-19 06:59:46:925  车速为：inf位置标记为：1
2020-12-19 06:59:46:978  振动有效标记位计算异常，位置标记为：1
2020-12-19 06:59:47:222  磁钢信号预处理完成，位置标记：0
2020-12-19 06:59:47:277  温度分轮成功，分轮数尺度为：0
2020-12-19 06:59:47:278  m_nAxleMarkG2数据异常，位置标记：0
2020-12-19 06:59:47:279  m_nAxleMarkG2数据不是48个，数据异常，位置标记：0
2020-12-19 06:59:47:296  车速为：inf位置标记为：0
2020-12-19 06:59:47:345  振动有效标记位计算异常，位置标记为：0
