2020-12-31 14:05:56:653  磁钢信号预处理完成，位置标记：1
2020-12-31 14:05:56:664  温度分轮成功，分轮数尺度为：48
2020-12-31 14:05:56:679  轴承端盖温度特征值计算完成, 位置标记：1
2020-12-31 14:05:56:688  电机温度计算完成, 位置标记：1
2020-12-31 14:05:56:692  电机温度计算完成, 位置标记：1
2020-12-31 14:05:56:695  电机温度计算完成, 位置标记：1
2020-12-31 14:05:56:699  电机温度计算完成, 位置标记：1
2020-12-31 14:05:56:702  电机温度计算完成, 位置标记：1
2020-12-31 14:05:56:706  电机温度计算完成, 位置标记：1
2020-12-31 14:05:56:709  电机温度计算完成, 位置标记：1
2020-12-31 14:05:56:713  电机温度计算完成, 位置标记：1
2020-12-31 14:05:56:714  车速为：79.2344位置标记为：1
2020-12-31 14:05:56:735  振动分轮计算完成, 位置标记：1
2020-12-31 14:05:57:029  振动特征值计算完成, 位置标记：1
2020-12-31 14:05:57:072  磁钢信号预处理完成，位置标记：0
2020-12-31 14:05:57:083  温度分轮成功，分轮数尺度为：48
2020-12-31 14:05:57:097  轴承端盖温度特征值计算完成, 位置标记：0
2020-12-31 14:05:57:107  电机温度计算完成, 位置标记：0
2020-12-31 14:05:57:110  电机温度计算完成, 位置标记：0
2020-12-31 14:05:57:113  电机温度计算完成, 位置标记：0
2020-12-31 14:05:57:116  电机温度计算完成, 位置标记：0
2020-12-31 14:05:57:119  电机温度计算完成, 位置标记：0
2020-12-31 14:05:57:121  电机温度计算完成, 位置标记：0
2020-12-31 14:05:57:124  电机温度计算完成, 位置标记：0
2020-12-31 14:05:57:126  电机温度计算完成, 位置标记：0
2020-12-31 14:05:57:127  车速为：79.2344位置标记为：0
2020-12-31 14:05:57:143  振动分轮计算完成, 位置标记：0
2020-12-31 14:05:57:460  振动特征值计算完成, 位置标记：0
2020-12-31 14:11:18:224  磁钢信号预处理完成，位置标记：1
2020-12-31 14:11:18:235  温度分轮成功，分轮数尺度为：48
2020-12-31 14:11:18:249  轴承端盖温度特征值计算完成, 位置标记：1
2020-12-31 14:11:18:260  电机温度计算完成, 位置标记：1
2020-12-31 14:11:18:264  电机温度计算完成, 位置标记：1
2020-12-31 14:11:18:268  电机温度计算完成, 位置标记：1
2020-12-31 14:11:18:272  电机温度计算完成, 位置标记：1
2020-12-31 14:11:18:275  电机温度计算完成, 位置标记：1
2020-12-31 14:11:18:278  电机温度计算完成, 位置标记：1
2020-12-31 14:11:18:282  电机温度计算完成, 位置标记：1
2020-12-31 14:11:18:285  电机温度计算完成, 位置标记：1
2020-12-31 14:11:18:286  车速为：68.543位置标记为：1
2020-12-31 14:11:18:307  振动分轮计算完成, 位置标记：1
2020-12-31 14:11:18:649  振动特征值计算完成, 位置标记：1
2020-12-31 14:11:18:696  磁钢信号预处理完成，位置标记：0
2020-12-31 14:11:18:708  温度分轮成功，分轮数尺度为：48
2020-12-31 14:11:18:722  轴承端盖温度特征值计算完成, 位置标记：0
2020-12-31 14:11:18:733  电机温度计算完成, 位置标记：0
2020-12-31 14:11:18:736  电机温度计算完成, 位置标记：0
2020-12-31 14:11:18:740  电机温度计算完成, 位置标记：0
2020-12-31 14:11:18:743  电机温度计算完成, 位置标记：0
2020-12-31 14:11:18:747  电机温度计算完成, 位置标记：0
2020-12-31 14:11:18:750  电机温度计算完成, 位置标记：0
2020-12-31 14:11:18:753  电机温度计算完成, 位置标记：0
2020-12-31 14:11:18:757  电机温度计算完成, 位置标记：0
2020-12-31 14:11:18:757  车速为：68.543位置标记为：0
2020-12-31 14:11:18:778  振动分轮计算完成, 位置标记：0
2020-12-31 14:11:19:123  振动特征值计算完成, 位置标记：0
2020-12-31 14:15:18:570  磁钢信号预处理完成，位置标记：1
2020-12-31 14:15:18:580  温度分轮成功，分轮数尺度为：48
2020-12-31 14:15:18:594  轴承端盖温度特征值计算完成, 位置标记：1
2020-12-31 14:15:18:603  电机温度计算完成, 位置标记：1
2020-12-31 14:15:18:607  电机温度计算完成, 位置标记：1
2020-12-31 14:15:18:610  电机温度计算完成, 位置标记：1
2020-12-31 14:15:18:614  电机温度计算完成, 位置标记：1
2020-12-31 14:15:18:617  电机温度计算完成, 位置标记：1
2020-12-31 14:15:18:621  电机温度计算完成, 位置标记：1
2020-12-31 14:15:18:624  电机温度计算完成, 位置标记：1
2020-12-31 14:15:18:628  电机温度计算完成, 位置标记：1
2020-12-31 14:15:18:629  车速为：79.3864位置标记为：1
2020-12-31 14:15:18:650  振动分轮计算完成, 位置标记：1
2020-12-31 14:15:18:985  振动特征值计算完成, 位置标记：1
2020-12-31 14:15:19:031  磁钢信号预处理完成，位置标记：0
2020-12-31 14:15:19:042  温度分轮成功，分轮数尺度为：48
2020-12-31 14:15:19:056  轴承端盖温度特征值计算完成, 位置标记：0
2020-12-31 14:15:19:065  电机温度计算完成, 位置标记：0
2020-12-31 14:15:19:069  电机温度计算完成, 位置标记：0
2020-12-31 14:15:19:072  电机温度计算完成, 位置标记：0
2020-12-31 14:15:19:076  电机温度计算完成, 位置标记：0
2020-12-31 14:15:19:079  电机温度计算完成, 位置标记：0
2020-12-31 14:15:19:083  电机温度计算完成, 位置标记：0
2020-12-31 14:15:19:086  电机温度计算完成, 位置标记：0
2020-12-31 14:15:19:090  电机温度计算完成, 位置标记：0
2020-12-31 14:15:19:091  车速为：79.3864位置标记为：0
2020-12-31 14:15:19:112  振动分轮计算完成, 位置标记：0
2020-12-31 14:15:19:444  振动特征值计算完成, 位置标记：0
2020-12-31 14:22:05:595  磁钢信号预处理完成，位置标记：1
2020-12-31 14:22:05:606  温度分轮成功，分轮数尺度为：48
2020-12-31 14:22:05:619  轴承端盖温度特征值计算完成, 位置标记：1
2020-12-31 14:22:05:628  电机温度计算完成, 位置标记：1
2020-12-31 14:22:05:631  电机温度计算完成, 位置标记：1
2020-12-31 14:22:05:635  电机温度计算完成, 位置标记：1
2020-12-31 14:22:05:638  电机温度计算完成, 位置标记：1
2020-12-31 14:22:05:641  电机温度计算完成, 位置标记：1
2020-12-31 14:22:05:645  电机温度计算完成, 位置标记：1
2020-12-31 14:22:05:648  电机温度计算完成, 位置标记：1
2020-12-31 14:22:05:651  电机温度计算完成, 位置标记：1
2020-12-31 14:22:05:652  车速为：79.1587位置标记为：1
2020-12-31 14:22:05:673  振动分轮计算完成, 位置标记：1
2020-12-31 14:22:06:006  振动特征值计算完成, 位置标记：1
2020-12-31 14:22:06:049  磁钢信号预处理完成，位置标记：0
2020-12-31 14:22:06:059  温度分轮成功，分轮数尺度为：48
2020-12-31 14:22:06:072  轴承端盖温度特征值计算完成, 位置标记：0
2020-12-31 14:22:06:080  电机温度计算完成, 位置标记：0
2020-12-31 14:22:06:083  电机温度计算完成, 位置标记：0
2020-12-31 14:22:06:086  电机温度计算完成, 位置标记：0
2020-12-31 14:22:06:090  电机温度计算完成, 位置标记：0
2020-12-31 14:22:06:094  电机温度计算完成, 位置标记：0
2020-12-31 14:22:06:097  电机温度计算完成, 位置标记：0
2020-12-31 14:22:06:101  电机温度计算完成, 位置标记：0
2020-12-31 14:22:06:104  电机温度计算完成, 位置标记：0
2020-12-31 14:22:06:105  车速为：79.1587位置标记为：0
2020-12-31 14:22:06:126  振动分轮计算完成, 位置标记：0
2020-12-31 14:22:06:462  振动特征值计算完成, 位置标记：0
2020-12-31 14:28:59:358  磁钢信号预处理完成，位置标记：1
2020-12-31 14:28:59:369  温度分轮成功，分轮数尺度为：48
2020-12-31 14:28:59:382  轴承端盖温度特征值计算完成, 位置标记：1
2020-12-31 14:28:59:391  电机温度计算完成, 位置标记：1
2020-12-31 14:28:59:395  电机温度计算完成, 位置标记：1
2020-12-31 14:28:59:398  电机温度计算完成, 位置标记：1
2020-12-31 14:28:59:402  电机温度计算完成, 位置标记：1
2020-12-31 14:28:59:405  电机温度计算完成, 位置标记：1
2020-12-31 14:28:59:409  电机温度计算完成, 位置标记：1
2020-12-31 14:28:59:412  电机温度计算完成, 位置标记：1
2020-12-31 14:28:59:416  电机温度计算完成, 位置标记：1
2020-12-31 14:28:59:417  车速为：79.7688位置标记为：1
2020-12-31 14:28:59:438  振动分轮计算完成, 位置标记：1
2020-12-31 14:28:59:768  振动特征值计算完成, 位置标记：1
2020-12-31 14:28:59:813  磁钢信号预处理完成，位置标记：0
2020-12-31 14:28:59:823  温度分轮成功，分轮数尺度为：48
2020-12-31 14:28:59:835  轴承端盖温度特征值计算完成, 位置标记：0
2020-12-31 14:28:59:843  电机温度计算完成, 位置标记：0
2020-12-31 14:28:59:846  电机温度计算完成, 位置标记：0
2020-12-31 14:28:59:850  电机温度计算完成, 位置标记：0
2020-12-31 14:28:59:853  电机温度计算完成, 位置标记：0
2020-12-31 14:28:59:856  电机温度计算完成, 位置标记：0
2020-12-31 14:28:59:859  电机温度计算完成, 位置标记：0
2020-12-31 14:28:59:862  电机温度计算完成, 位置标记：0
2020-12-31 14:28:59:865  电机温度计算完成, 位置标记：0
2020-12-31 14:28:59:866  车速为：79.7688位置标记为：0
2020-12-31 14:28:59:885  振动分轮计算完成, 位置标记：0
2020-12-31 14:29:00:217  振动特征值计算完成, 位置标记：0
2020-12-31 14:34:16:484  磁钢信号预处理完成，位置标记：1
2020-12-31 14:34:16:495  温度分轮成功，分轮数尺度为：48
2020-12-31 14:34:16:508  轴承端盖温度特征值计算完成, 位置标记：1
2020-12-31 14:34:16:517  电机温度计算完成, 位置标记：1
2020-12-31 14:34:16:521  电机温度计算完成, 位置标记：1
2020-12-31 14:34:16:524  电机温度计算完成, 位置标记：1
2020-12-31 14:34:16:528  电机温度计算完成, 位置标记：1
2020-12-31 14:34:16:531  电机温度计算完成, 位置标记：1
2020-12-31 14:34:16:535  电机温度计算完成, 位置标记：1
2020-12-31 14:34:16:538  电机温度计算完成, 位置标记：1
2020-12-31 14:34:16:542  电机温度计算完成, 位置标记：1
2020-12-31 14:34:16:543  车速为：79.3103位置标记为：1
2020-12-31 14:34:16:564  振动分轮计算完成, 位置标记：1
2020-12-31 14:34:16:891  振动特征值计算完成, 位置标记：1
2020-12-31 14:34:16:937  磁钢信号预处理完成，位置标记：0
2020-12-31 14:34:16:948  温度分轮成功，分轮数尺度为：48
2020-12-31 14:34:16:962  轴承端盖温度特征值计算完成, 位置标记：0
2020-12-31 14:34:16:971  电机温度计算完成, 位置标记：0
2020-12-31 14:34:16:974  电机温度计算完成, 位置标记：0
2020-12-31 14:34:16:978  电机温度计算完成, 位置标记：0
2020-12-31 14:34:16:981  电机温度计算完成, 位置标记：0
2020-12-31 14:34:16:984  电机温度计算完成, 位置标记：0
2020-12-31 14:34:16:988  电机温度计算完成, 位置标记：0
2020-12-31 14:34:16:991  电机温度计算完成, 位置标记：0
2020-12-31 14:34:16:995  电机温度计算完成, 位置标记：0
2020-12-31 14:34:16:996  车速为：79.3103位置标记为：0
2020-12-31 14:34:17:016  振动分轮计算完成, 位置标记：0
2020-12-31 14:34:17:353  振动特征值计算完成, 位置标记：0
2020-12-31 14:40:16:064  磁钢信号预处理完成，位置标记：1
2020-12-31 14:40:16:075  温度分轮成功，分轮数尺度为：48
2020-12-31 14:40:16:088  轴承端盖温度特征值计算完成, 位置标记：1
2020-12-31 14:40:16:096  电机温度计算完成, 位置标记：1
2020-12-31 14:40:16:099  电机温度计算完成, 位置标记：1
2020-12-31 14:40:16:103  电机温度计算完成, 位置标记：1
2020-12-31 14:40:16:106  电机温度计算完成, 位置标记：1
2020-12-31 14:40:16:110  电机温度计算完成, 位置标记：1
2020-12-31 14:40:16:113  电机温度计算完成, 位置标记：1
2020-12-31 14:40:16:117  电机温度计算完成, 位置标记：1
2020-12-31 14:40:16:120  电机温度计算完成, 位置标记：1
2020-12-31 14:40:16:121  车速为：79.2344位置标记为：1
2020-12-31 14:40:16:142  振动分轮计算完成, 位置标记：1
2020-12-31 14:40:16:475  振动特征值计算完成, 位置标记：1
2020-12-31 14:40:16:519  磁钢信号预处理完成，位置标记：0
2020-12-31 14:40:16:530  温度分轮成功，分轮数尺度为：48
2020-12-31 14:40:16:543  轴承端盖温度特征值计算完成, 位置标记：0
2020-12-31 14:40:16:552  电机温度计算完成, 位置标记：0
2020-12-31 14:40:16:555  电机温度计算完成, 位置标记：0
2020-12-31 14:40:16:559  电机温度计算完成, 位置标记：0
2020-12-31 14:40:16:562  电机温度计算完成, 位置标记：0
2020-12-31 14:40:16:566  电机温度计算完成, 位置标记：0
2020-12-31 14:40:16:569  电机温度计算完成, 位置标记：0
2020-12-31 14:40:16:573  电机温度计算完成, 位置标记：0
2020-12-31 14:40:16:576  电机温度计算完成, 位置标记：0
2020-12-31 14:40:16:577  车速为：79.2344位置标记为：0
2020-12-31 14:40:16:598  振动分轮计算完成, 位置标记：0
2020-12-31 14:40:16:921  振动特征值计算完成, 位置标记：0
2020-12-31 14:45:54:245  磁钢信号预处理完成，位置标记：1
2020-12-31 14:45:54:255  温度分轮成功，分轮数尺度为：48
2020-12-31 14:45:54:268  轴承端盖温度特征值计算完成, 位置标记：1
2020-12-31 14:45:54:276  电机温度计算完成, 位置标记：1
2020-12-31 14:45:54:280  电机温度计算完成, 位置标记：1
2020-12-31 14:45:54:283  电机温度计算完成, 位置标记：1
2020-12-31 14:45:54:286  电机温度计算完成, 位置标记：1
2020-12-31 14:45:54:289  电机温度计算完成, 位置标记：1
2020-12-31 14:45:54:292  电机温度计算完成, 位置标记：1
2020-12-31 14:45:54:296  电机温度计算完成, 位置标记：1
2020-12-31 14:45:54:299  电机温度计算完成, 位置标记：1
2020-12-31 14:45:54:300  车速为：79.1587位置标记为：1
2020-12-31 14:45:54:320  振动分轮计算完成, 位置标记：1
2020-12-31 14:45:54:626  振动特征值计算完成, 位置标记：1
2020-12-31 14:45:54:670  磁钢信号预处理完成，位置标记：0
2020-12-31 14:45:54:681  温度分轮成功，分轮数尺度为：48
2020-12-31 14:45:54:694  轴承端盖温度特征值计算完成, 位置标记：0
2020-12-31 14:45:54:703  电机温度计算完成, 位置标记：0
2020-12-31 14:45:54:706  电机温度计算完成, 位置标记：0
2020-12-31 14:45:54:710  电机温度计算完成, 位置标记：0
2020-12-31 14:45:54:713  电机温度计算完成, 位置标记：0
2020-12-31 14:45:54:717  电机温度计算完成, 位置标记：0
2020-12-31 14:45:54:720  电机温度计算完成, 位置标记：0
2020-12-31 14:45:54:723  电机温度计算完成, 位置标记：0
2020-12-31 14:45:54:727  电机温度计算完成, 位置标记：0
2020-12-31 14:45:54:728  车速为：79.1587位置标记为：0
2020-12-31 14:45:54:749  振动分轮计算完成, 位置标记：0
2020-12-31 14:45:55:084  振动特征值计算完成, 位置标记：0
2020-12-31 14:51:17:173  磁钢信号预处理完成，位置标记：1
2020-12-31 14:51:17:184  温度分轮成功，分轮数尺度为：48
2020-12-31 14:51:17:198  轴承端盖温度特征值计算完成, 位置标记：1
2020-12-31 14:51:17:208  电机温度计算完成, 位置标记：1
2020-12-31 14:51:17:211  电机温度计算完成, 位置标记：1
2020-12-31 14:51:17:215  电机温度计算完成, 位置标记：1
2020-12-31 14:51:17:218  电机温度计算完成, 位置标记：1
2020-12-31 14:51:17:222  电机温度计算完成, 位置标记：1
2020-12-31 14:51:17:225  电机温度计算完成, 位置标记：1
2020-12-31 14:51:17:229  电机温度计算完成, 位置标记：1
2020-12-31 14:51:17:232  电机温度计算完成, 位置标记：1
2020-12-31 14:51:17:233  车速为：79.3864位置标记为：1
2020-12-31 14:51:17:255  振动分轮计算完成, 位置标记：1
2020-12-31 14:51:17:584  振动特征值计算完成, 位置标记：1
2020-12-31 14:51:17:629  磁钢信号预处理完成，位置标记：0
2020-12-31 14:51:17:639  温度分轮成功，分轮数尺度为：48
2020-12-31 14:51:17:652  轴承端盖温度特征值计算完成, 位置标记：0
2020-12-31 14:51:17:661  电机温度计算完成, 位置标记：0
2020-12-31 14:51:17:664  电机温度计算完成, 位置标记：0
2020-12-31 14:51:17:667  电机温度计算完成, 位置标记：0
2020-12-31 14:51:17:671  电机温度计算完成, 位置标记：0
2020-12-31 14:51:17:674  电机温度计算完成, 位置标记：0
2020-12-31 14:51:17:678  电机温度计算完成, 位置标记：0
2020-12-31 14:51:17:681  电机温度计算完成, 位置标记：0
2020-12-31 14:51:17:685  电机温度计算完成, 位置标记：0
2020-12-31 14:51:17:686  车速为：79.3864位置标记为：0
2020-12-31 14:51:17:708  振动分轮计算完成, 位置标记：0
2020-12-31 14:51:18:045  振动特征值计算完成, 位置标记：0
2020-12-31 14:57:11:796  磁钢信号预处理完成，位置标记：1
2020-12-31 14:57:11:807  温度分轮成功，分轮数尺度为：48
2020-12-31 14:57:11:820  轴承端盖温度特征值计算完成, 位置标记：1
2020-12-31 14:57:11:830  电机温度计算完成, 位置标记：1
2020-12-31 14:57:11:833  电机温度计算完成, 位置标记：1
2020-12-31 14:57:11:837  电机温度计算完成, 位置标记：1
2020-12-31 14:57:11:840  电机温度计算完成, 位置标记：1
2020-12-31 14:57:11:844  电机温度计算完成, 位置标记：1
2020-12-31 14:57:11:847  电机温度计算完成, 位置标记：1
2020-12-31 14:57:11:851  电机温度计算完成, 位置标记：1
2020-12-31 14:57:11:855  电机温度计算完成, 位置标记：1
2020-12-31 14:57:11:855  车速为：79.3103位置标记为：1
2020-12-31 14:57:11:877  振动分轮计算完成, 位置标记：1
2020-12-31 14:57:12:208  振动特征值计算完成, 位置标记：1
2020-12-31 14:57:12:251  磁钢信号预处理完成，位置标记：0
2020-12-31 14:57:12:261  温度分轮成功，分轮数尺度为：48
2020-12-31 14:57:12:274  轴承端盖温度特征值计算完成, 位置标记：0
2020-12-31 14:57:12:282  电机温度计算完成, 位置标记：0
2020-12-31 14:57:12:285  电机温度计算完成, 位置标记：0
2020-12-31 14:57:12:288  电机温度计算完成, 位置标记：0
2020-12-31 14:57:12:292  电机温度计算完成, 位置标记：0
2020-12-31 14:57:12:295  电机温度计算完成, 位置标记：0
2020-12-31 14:57:12:299  电机温度计算完成, 位置标记：0
2020-12-31 14:57:12:302  电机温度计算完成, 位置标记：0
2020-12-31 14:57:12:305  电机温度计算完成, 位置标记：0
2020-12-31 14:57:12:305  车速为：79.3103位置标记为：0
2020-12-31 14:57:12:323  振动分轮计算完成, 位置标记：0
2020-12-31 14:57:12:589  振动特征值计算完成, 位置标记：0
