2020-12-31 14:04:38:780  收到来车信号，流水号：20201231140438，所有设备开始采集
2020-12-31 14:04:38:829  开启A/D采集
2020-12-31 14:05:00:246  收到离车信号，流水号：20201231140438，线号：14，车号：025026，主控端：0，所有设备停止采集
2020-12-31 14:05:00:247  收到停止采集命令，开始停止采集
2020-12-31 14:05:00:251  停止采集数据
2020-12-31 14:05:00:253  采集连接已断开
2020-12-31 14:05:00:255  开始数据分析和落盘
2020-12-31 14:05:04:506  vibration1完成落盘
2020-12-31 14:05:08:138  vibration2完成落盘
2020-12-31 14:05:11:544  vibration3完成落盘
2020-12-31 14:05:15:014  vibration4完成落盘
2020-12-31 14:05:18:722  vibration5完成落盘
2020-12-31 14:05:22:462  vibration6完成落盘
2020-12-31 14:05:26:048  vibration7完成落盘
2020-12-31 14:05:29:655  vibration8完成落盘
2020-12-31 14:05:32:983  magnetic1完成落盘
2020-12-31 14:05:36:489  magnetic2完成落盘
2020-12-31 14:05:39:740  magnetic3完成落盘
2020-12-31 14:05:43:217  magnetic4完成落盘
2020-12-31 14:05:46:730  temperate1完成落盘
2020-12-31 14:05:49:984  temperate2完成落盘
2020-12-31 14:05:53:394  temperate3完成落盘
2020-12-31 14:05:56:515  temperate4完成落盘
2020-12-31 14:05:56:522  开始处理数据
2020-12-31 14:05:57:035  右侧计算完成
2020-12-31 14:05:57:462  左侧计算完成
2020-12-31 14:05:57:464  检查结果数据
2020-12-31 14:05:57:466  通知桌面显示数据
2020-12-31 14:05:57:483  开始写入数据库
2020-12-31 14:05:57:505  预警及报警参数加载完成
2020-12-31 14:05:57:507  数据库打开成功
2020-12-31 14:05:57:508  train_info数据表写入成功
2020-12-31 14:05:57:643  train_onlyid读取成功
2020-12-31 14:05:57:647  train_data数据表写入成功
2020-12-31 14:05:57:651  vt_info数据表，第0次写入成功
2020-12-31 14:05:57:655  vt_info数据表，第1次写入成功
2020-12-31 14:05:57:658  vt_info数据表，第2次写入成功
2020-12-31 14:05:57:662  vt_info数据表，第3次写入成功
2020-12-31 14:05:57:666  vt_info数据表，第4次写入成功
2020-12-31 14:05:57:669  vt_info数据表，第5次写入成功
2020-12-31 14:05:57:673  vt_info数据表，第6次写入成功
2020-12-31 14:05:57:677  vt_info数据表，第7次写入成功
2020-12-31 14:05:57:680  vt_info数据表，第8次写入成功
2020-12-31 14:05:57:684  vt_info数据表，第9次写入成功
2020-12-31 14:05:57:688  vt_info数据表，第10次写入成功
2020-12-31 14:05:57:691  vt_info数据表，第11次写入成功
2020-12-31 14:05:57:695  vt_info数据表，第12次写入成功
2020-12-31 14:05:57:699  vt_info数据表，第13次写入成功
2020-12-31 14:05:57:703  vt_info数据表，第14次写入成功
2020-12-31 14:05:57:706  vt_info数据表，第15次写入成功
2020-12-31 14:05:57:710  vt_info数据表，第16次写入成功
2020-12-31 14:05:57:714  vt_info数据表，第17次写入成功
2020-12-31 14:05:57:717  vt_info数据表，第18次写入成功
2020-12-31 14:05:57:721  vt_info数据表，第19次写入成功
2020-12-31 14:05:57:725  vt_info数据表，第20次写入成功
2020-12-31 14:05:57:728  vt_info数据表，第21次写入成功
2020-12-31 14:05:57:732  vt_info数据表，第22次写入成功
2020-12-31 14:05:57:735  vt_info数据表，第23次写入成功
2020-12-31 14:05:57:739  vt_info数据表，第24次写入成功
2020-12-31 14:05:57:743  vt_info数据表，第25次写入成功
2020-12-31 14:05:57:746  vt_info数据表，第26次写入成功
2020-12-31 14:05:57:750  vt_info数据表，第27次写入成功
2020-12-31 14:05:57:754  vt_info数据表，第28次写入成功
2020-12-31 14:05:57:757  vt_info数据表，第29次写入成功
2020-12-31 14:05:57:761  vt_info数据表，第30次写入成功
2020-12-31 14:05:57:764  vt_info数据表，第31次写入成功
2020-12-31 14:05:57:768  vt_info数据表，第32次写入成功
2020-12-31 14:05:57:772  vt_info数据表，第33次写入成功
2020-12-31 14:05:57:776  vt_info数据表，第34次写入成功
2020-12-31 14:05:57:779  vt_info数据表，第35次写入成功
2020-12-31 14:05:57:783  vt_info数据表，第36次写入成功
2020-12-31 14:05:57:787  vt_info数据表，第37次写入成功
2020-12-31 14:05:57:790  vt_info数据表，第38次写入成功
2020-12-31 14:05:57:794  vt_info数据表，第39次写入成功
2020-12-31 14:05:57:797  vt_info数据表，第40次写入成功
2020-12-31 14:05:57:801  vt_info数据表，第41次写入成功
2020-12-31 14:05:57:805  vt_info数据表，第42次写入成功
2020-12-31 14:05:57:808  vt_info数据表，第43次写入成功
2020-12-31 14:05:57:812  vt_info数据表，第44次写入成功
2020-12-31 14:05:57:816  vt_info数据表，第45次写入成功
2020-12-31 14:05:57:819  vt_info数据表，第46次写入成功
2020-12-31 14:05:57:823  vt_info数据表，第47次写入成功
2020-12-31 14:05:57:826  motor_info数据表，第0次写入成功
2020-12-31 14:05:57:829  motor_info数据表，第1次写入成功
2020-12-31 14:05:57:831  motor_info数据表，第2次写入成功
2020-12-31 14:05:57:834  motor_info数据表，第3次写入成功
2020-12-31 14:05:57:837  motor_info数据表，第4次写入成功
2020-12-31 14:05:57:840  motor_info数据表，第5次写入成功
2020-12-31 14:05:57:842  motor_info数据表，第6次写入成功
2020-12-31 14:05:57:845  motor_info数据表，第7次写入成功
2020-12-31 14:05:57:848  motor_info数据表，第8次写入成功
2020-12-31 14:05:57:851  motor_info数据表，第9次写入成功
2020-12-31 14:05:57:853  motor_info数据表，第10次写入成功
2020-12-31 14:05:57:856  motor_info数据表，第11次写入成功
2020-12-31 14:05:57:859  motor_info数据表，第12次写入成功
2020-12-31 14:05:57:862  motor_info数据表，第13次写入成功
2020-12-31 14:05:57:864  motor_info数据表，第14次写入成功
2020-12-31 14:05:57:877  motor_info数据表，第15次写入成功
2020-12-31 14:05:57:878  数据库关闭！
2020-12-31 14:09:59:047  收到来车信号，流水号：20201231140959，所有设备开始采集
2020-12-31 14:09:59:094  开启A/D采集
2020-12-31 14:10:20:943  收到离车信号，流水号：20201231140959，线号：14，车号：057058，主控端：0，所有设备停止采集
2020-12-31 14:10:20:944  收到停止采集命令，开始停止采集
2020-12-31 14:10:20:948  停止采集数据
2020-12-31 14:10:20:950  采集连接已断开
2020-12-31 14:10:20:952  开始数据分析和落盘
2020-12-31 14:10:25:329  vibration1完成落盘
2020-12-31 14:10:29:085  vibration2完成落盘
2020-12-31 14:10:32:937  vibration3完成落盘
2020-12-31 14:10:36:563  vibration4完成落盘
2020-12-31 14:10:40:132  vibration5完成落盘
2020-12-31 14:10:43:400  vibration6完成落盘
2020-12-31 14:10:46:960  vibration7完成落盘
2020-12-31 14:10:50:551  vibration8完成落盘
2020-12-31 14:10:54:277  magnetic1完成落盘
2020-12-31 14:10:57:661  magnetic2完成落盘
2020-12-31 14:11:00:996  magnetic3完成落盘
2020-12-31 14:11:04:874  magnetic4完成落盘
2020-12-31 14:11:08:415  temperate1完成落盘
2020-12-31 14:11:11:323  temperate2完成落盘
2020-12-31 14:11:14:638  temperate3完成落盘
2020-12-31 14:11:18:062  temperate4完成落盘
2020-12-31 14:11:18:073  开始处理数据
2020-12-31 14:11:18:658  右侧计算完成
2020-12-31 14:11:19:126  左侧计算完成
2020-12-31 14:11:19:128  检查结果数据
2020-12-31 14:11:19:129  通知桌面显示数据
2020-12-31 14:11:19:146  开始写入数据库
2020-12-31 14:11:19:169  预警及报警参数加载完成
2020-12-31 14:11:19:170  数据库打开成功
2020-12-31 14:11:19:172  train_info数据表写入成功
2020-12-31 14:11:19:305  train_onlyid读取成功
2020-12-31 14:11:19:309  train_data数据表写入成功
2020-12-31 14:11:19:313  vt_info数据表，第0次写入成功
2020-12-31 14:11:19:317  vt_info数据表，第1次写入成功
2020-12-31 14:11:19:320  vt_info数据表，第2次写入成功
2020-12-31 14:11:19:324  vt_info数据表，第3次写入成功
2020-12-31 14:11:19:328  vt_info数据表，第4次写入成功
2020-12-31 14:11:19:331  vt_info数据表，第5次写入成功
2020-12-31 14:11:19:335  vt_info数据表，第6次写入成功
2020-12-31 14:11:19:339  vt_info数据表，第7次写入成功
2020-12-31 14:11:19:343  vt_info数据表，第8次写入成功
2020-12-31 14:11:19:347  vt_info数据表，第9次写入成功
2020-12-31 14:11:19:350  vt_info数据表，第10次写入成功
2020-12-31 14:11:19:354  vt_info数据表，第11次写入成功
2020-12-31 14:11:19:358  vt_info数据表，第12次写入成功
2020-12-31 14:11:19:362  vt_info数据表，第13次写入成功
2020-12-31 14:11:19:365  vt_info数据表，第14次写入成功
2020-12-31 14:11:19:369  vt_info数据表，第15次写入成功
2020-12-31 14:11:19:373  vt_info数据表，第16次写入成功
2020-12-31 14:11:19:377  vt_info数据表，第17次写入成功
2020-12-31 14:11:19:381  vt_info数据表，第18次写入成功
2020-12-31 14:11:19:385  vt_info数据表，第19次写入成功
2020-12-31 14:11:19:388  vt_info数据表，第20次写入成功
2020-12-31 14:11:19:392  vt_info数据表，第21次写入成功
2020-12-31 14:11:19:396  vt_info数据表，第22次写入成功
2020-12-31 14:11:19:399  vt_info数据表，第23次写入成功
2020-12-31 14:11:19:403  vt_info数据表，第24次写入成功
2020-12-31 14:11:19:410  vt_info数据表，第25次写入成功
2020-12-31 14:11:19:413  vt_info数据表，第26次写入成功
2020-12-31 14:11:19:417  vt_info数据表，第27次写入成功
2020-12-31 14:11:19:421  vt_info数据表，第28次写入成功
2020-12-31 14:11:19:425  vt_info数据表，第29次写入成功
2020-12-31 14:11:19:428  vt_info数据表，第30次写入成功
2020-12-31 14:11:19:432  vt_info数据表，第31次写入成功
2020-12-31 14:11:19:436  vt_info数据表，第32次写入成功
2020-12-31 14:11:19:440  vt_info数据表，第33次写入成功
2020-12-31 14:11:19:444  vt_info数据表，第34次写入成功
2020-12-31 14:11:19:447  vt_info数据表，第35次写入成功
2020-12-31 14:11:19:451  vt_info数据表，第36次写入成功
2020-12-31 14:11:19:455  vt_info数据表，第37次写入成功
2020-12-31 14:11:19:460  vt_info数据表，第38次写入成功
2020-12-31 14:11:19:464  vt_info数据表，第39次写入成功
2020-12-31 14:11:19:467  vt_info数据表，第40次写入成功
2020-12-31 14:11:19:471  vt_info数据表，第41次写入成功
2020-12-31 14:11:19:475  vt_info数据表，第42次写入成功
2020-12-31 14:11:19:479  vt_info数据表，第43次写入成功
2020-12-31 14:11:19:483  vt_info数据表，第44次写入成功
2020-12-31 14:11:19:488  vt_info数据表，第45次写入成功
2020-12-31 14:11:19:491  vt_info数据表，第46次写入成功
2020-12-31 14:11:19:495  vt_info数据表，第47次写入成功
2020-12-31 14:11:19:498  motor_info数据表，第0次写入成功
2020-12-31 14:11:19:501  motor_info数据表，第1次写入成功
2020-12-31 14:11:19:504  motor_info数据表，第2次写入成功
2020-12-31 14:11:19:507  motor_info数据表，第3次写入成功
2020-12-31 14:11:19:510  motor_info数据表，第4次写入成功
2020-12-31 14:11:19:512  motor_info数据表，第5次写入成功
2020-12-31 14:11:19:515  motor_info数据表，第6次写入成功
2020-12-31 14:11:19:518  motor_info数据表，第7次写入成功
2020-12-31 14:11:19:521  motor_info数据表，第8次写入成功
2020-12-31 14:11:19:524  motor_info数据表，第9次写入成功
2020-12-31 14:11:19:527  motor_info数据表，第10次写入成功
2020-12-31 14:11:19:530  motor_info数据表，第11次写入成功
2020-12-31 14:11:19:533  motor_info数据表，第12次写入成功
2020-12-31 14:11:19:536  motor_info数据表，第13次写入成功
2020-12-31 14:11:19:539  motor_info数据表，第14次写入成功
2020-12-31 14:11:19:552  motor_info数据表，第15次写入成功
2020-12-31 14:11:19:553  数据库关闭！
2020-12-31 14:13:55:646  收到来车信号，流水号：20201231141355，所有设备开始采集
2020-12-31 14:13:55:694  开启A/D采集
2020-12-31 14:14:16:943  收到离车信号，流水号：20201231141355，线号：14，车号：013014，主控端：0，所有设备停止采集
2020-12-31 14:14:16:945  收到停止采集命令，开始停止采集
2020-12-31 14:14:16:951  停止采集数据
2020-12-31 14:14:16:952  采集连接已断开
2020-12-31 14:14:16:954  开始数据分析和落盘
2020-12-31 14:14:21:398  vibration1完成落盘
2020-12-31 14:14:25:249  vibration2完成落盘
2020-12-31 14:14:29:136  vibration3完成落盘
2020-12-31 14:14:32:940  vibration4完成落盘
2020-12-31 14:14:36:762  vibration5完成落盘
2020-12-31 14:14:40:559  vibration6完成落盘
2020-12-31 14:14:44:408  vibration7完成落盘
2020-12-31 14:14:48:260  vibration8完成落盘
2020-12-31 14:14:52:173  magnetic1完成落盘
2020-12-31 14:14:56:030  magnetic2完成落盘
2020-12-31 14:14:59:902  magnetic3完成落盘
2020-12-31 14:15:03:741  magnetic4完成落盘
2020-12-31 14:15:07:406  temperate1完成落盘
2020-12-31 14:15:11:080  temperate2完成落盘
2020-12-31 14:15:14:752  temperate3完成落盘
2020-12-31 14:15:18:433  temperate4完成落盘
2020-12-31 14:15:18:441  开始处理数据
2020-12-31 14:15:18:992  右侧计算完成
2020-12-31 14:15:19:447  左侧计算完成
2020-12-31 14:15:19:448  检查结果数据
2020-12-31 14:15:19:450  通知桌面显示数据
2020-12-31 14:15:19:466  开始写入数据库
2020-12-31 14:15:19:489  预警及报警参数加载完成
2020-12-31 14:15:19:491  数据库打开成功
2020-12-31 14:15:19:493  train_info数据表写入成功
2020-12-31 14:15:19:626  train_onlyid读取成功
2020-12-31 14:15:19:631  train_data数据表写入成功
2020-12-31 14:15:19:635  vt_info数据表，第0次写入成功
2020-12-31 14:15:19:638  vt_info数据表，第1次写入成功
2020-12-31 14:15:19:642  vt_info数据表，第2次写入成功
2020-12-31 14:15:19:646  vt_info数据表，第3次写入成功
2020-12-31 14:15:19:649  vt_info数据表，第4次写入成功
2020-12-31 14:15:19:653  vt_info数据表，第5次写入成功
2020-12-31 14:15:19:657  vt_info数据表，第6次写入成功
2020-12-31 14:15:19:661  vt_info数据表，第7次写入成功
2020-12-31 14:15:19:664  vt_info数据表，第8次写入成功
2020-12-31 14:15:19:668  vt_info数据表，第9次写入成功
2020-12-31 14:15:19:672  vt_info数据表，第10次写入成功
2020-12-31 14:15:19:676  vt_info数据表，第11次写入成功
2020-12-31 14:15:19:679  vt_info数据表，第12次写入成功
2020-12-31 14:15:19:683  vt_info数据表，第13次写入成功
2020-12-31 14:15:19:687  vt_info数据表，第14次写入成功
2020-12-31 14:15:19:691  vt_info数据表，第15次写入成功
2020-12-31 14:15:19:694  vt_info数据表，第16次写入成功
2020-12-31 14:15:19:698  vt_info数据表，第17次写入成功
2020-12-31 14:15:19:702  vt_info数据表，第18次写入成功
2020-12-31 14:15:19:705  vt_info数据表，第19次写入成功
2020-12-31 14:15:19:709  vt_info数据表，第20次写入成功
2020-12-31 14:15:19:713  vt_info数据表，第21次写入成功
2020-12-31 14:15:19:717  vt_info数据表，第22次写入成功
2020-12-31 14:15:19:720  vt_info数据表，第23次写入成功
2020-12-31 14:15:19:724  vt_info数据表，第24次写入成功
2020-12-31 14:15:19:728  vt_info数据表，第25次写入成功
2020-12-31 14:15:19:732  vt_info数据表，第26次写入成功
2020-12-31 14:15:19:735  vt_info数据表，第27次写入成功
2020-12-31 14:15:19:739  vt_info数据表，第28次写入成功
2020-12-31 14:15:19:743  vt_info数据表，第29次写入成功
2020-12-31 14:15:19:747  vt_info数据表，第30次写入成功
2020-12-31 14:15:19:750  vt_info数据表，第31次写入成功
2020-12-31 14:15:19:754  vt_info数据表，第32次写入成功
2020-12-31 14:15:19:758  vt_info数据表，第33次写入成功
2020-12-31 14:15:19:761  vt_info数据表，第34次写入成功
2020-12-31 14:15:19:765  vt_info数据表，第35次写入成功
2020-12-31 14:15:19:769  vt_info数据表，第36次写入成功
2020-12-31 14:15:19:773  vt_info数据表，第37次写入成功
2020-12-31 14:15:19:776  vt_info数据表，第38次写入成功
2020-12-31 14:15:19:780  vt_info数据表，第39次写入成功
2020-12-31 14:15:19:784  vt_info数据表，第40次写入成功
2020-12-31 14:15:19:788  vt_info数据表，第41次写入成功
2020-12-31 14:15:19:791  vt_info数据表，第42次写入成功
2020-12-31 14:15:19:795  vt_info数据表，第43次写入成功
2020-12-31 14:15:19:799  vt_info数据表，第44次写入成功
2020-12-31 14:15:19:803  vt_info数据表，第45次写入成功
2020-12-31 14:15:19:807  vt_info数据表，第46次写入成功
2020-12-31 14:15:19:810  vt_info数据表，第47次写入成功
2020-12-31 14:15:19:813  motor_info数据表，第0次写入成功
2020-12-31 14:15:19:816  motor_info数据表，第1次写入成功
2020-12-31 14:15:19:819  motor_info数据表，第2次写入成功
2020-12-31 14:15:19:821  motor_info数据表，第3次写入成功
2020-12-31 14:15:19:824  motor_info数据表，第4次写入成功
2020-12-31 14:15:19:827  motor_info数据表，第5次写入成功
2020-12-31 14:15:19:830  motor_info数据表，第6次写入成功
2020-12-31 14:15:19:833  motor_info数据表，第7次写入成功
2020-12-31 14:15:19:836  motor_info数据表，第8次写入成功
2020-12-31 14:15:19:838  motor_info数据表，第9次写入成功
2020-12-31 14:15:19:841  motor_info数据表，第10次写入成功
2020-12-31 14:15:19:844  motor_info数据表，第11次写入成功
2020-12-31 14:15:19:847  motor_info数据表，第12次写入成功
2020-12-31 14:15:19:850  motor_info数据表，第13次写入成功
2020-12-31 14:15:19:852  motor_info数据表，第14次写入成功
2020-12-31 14:15:19:864  motor_info数据表，第15次写入成功
2020-12-31 14:15:19:866  数据库关闭！
2020-12-31 14:20:47:646  收到来车信号，流水号：20201231142047，所有设备开始采集
2020-12-31 14:20:47:694  开启A/D采集
2020-12-31 14:21:08:943  收到离车信号，流水号：20201231142047，线号：14，车号：051052，主控端：0，所有设备停止采集
2020-12-31 14:21:08:945  收到停止采集命令，开始停止采集
2020-12-31 14:21:08:950  停止采集数据
2020-12-31 14:21:08:952  采集连接已断开
2020-12-31 14:21:08:953  开始数据分析和落盘
2020-12-31 14:21:13:112  vibration1完成落盘
2020-12-31 14:21:16:744  vibration2完成落盘
2020-12-31 14:21:20:122  vibration3完成落盘
2020-12-31 14:21:23:562  vibration4完成落盘
2020-12-31 14:21:26:927  vibration5完成落盘
2020-12-31 14:21:30:664  vibration6完成落盘
2020-12-31 14:21:34:089  vibration7完成落盘
2020-12-31 14:21:37:967  vibration8完成落盘
2020-12-31 14:21:41:466  magnetic1完成落盘
2020-12-31 14:21:44:915  magnetic2完成落盘
2020-12-31 14:21:48:353  magnetic3完成落盘
2020-12-31 14:21:51:696  magnetic4完成落盘
2020-12-31 14:21:55:352  temperate1完成落盘
2020-12-31 14:21:58:860  temperate2完成落盘
2020-12-31 14:22:02:263  temperate3完成落盘
2020-12-31 14:22:05:492  temperate4完成落盘
2020-12-31 14:22:05:499  开始处理数据
2020-12-31 14:22:06:012  右侧计算完成
2020-12-31 14:22:06:465  左侧计算完成
2020-12-31 14:22:06:467  检查结果数据
2020-12-31 14:22:06:469  通知桌面显示数据
2020-12-31 14:22:06:483  开始写入数据库
2020-12-31 14:22:06:530  预警及报警参数加载完成
2020-12-31 14:22:06:532  数据库打开成功
2020-12-31 14:22:06:553  train_info数据表写入成功
2020-12-31 14:22:06:685  train_onlyid读取成功
2020-12-31 14:22:06:719  train_data数据表写入成功
2020-12-31 14:22:06:723  vt_info数据表，第0次写入成功
2020-12-31 14:22:06:727  vt_info数据表，第1次写入成功
2020-12-31 14:22:06:731  vt_info数据表，第2次写入成功
2020-12-31 14:22:06:735  vt_info数据表，第3次写入成功
2020-12-31 14:22:06:755  vt_info数据表，第4次写入成功
2020-12-31 14:22:06:759  vt_info数据表，第5次写入成功
2020-12-31 14:22:06:763  vt_info数据表，第6次写入成功
2020-12-31 14:22:06:769  vt_info数据表，第7次写入成功
2020-12-31 14:22:06:773  vt_info数据表，第8次写入成功
2020-12-31 14:22:06:777  vt_info数据表，第9次写入成功
2020-12-31 14:22:06:781  vt_info数据表，第10次写入成功
2020-12-31 14:22:06:785  vt_info数据表，第11次写入成功
2020-12-31 14:22:06:789  vt_info数据表，第12次写入成功
2020-12-31 14:22:06:793  vt_info数据表，第13次写入成功
2020-12-31 14:22:06:797  vt_info数据表，第14次写入成功
2020-12-31 14:22:06:801  vt_info数据表，第15次写入成功
2020-12-31 14:22:06:805  vt_info数据表，第16次写入成功
2020-12-31 14:22:06:809  vt_info数据表，第17次写入成功
2020-12-31 14:22:06:813  vt_info数据表，第18次写入成功
2020-12-31 14:22:06:816  vt_info数据表，第19次写入成功
2020-12-31 14:22:06:820  vt_info数据表，第20次写入成功
2020-12-31 14:22:06:824  vt_info数据表，第21次写入成功
2020-12-31 14:22:06:828  vt_info数据表，第22次写入成功
2020-12-31 14:22:06:832  vt_info数据表，第23次写入成功
2020-12-31 14:22:06:836  vt_info数据表，第24次写入成功
2020-12-31 14:22:06:840  vt_info数据表，第25次写入成功
2020-12-31 14:22:06:844  vt_info数据表，第26次写入成功
2020-12-31 14:22:06:848  vt_info数据表，第27次写入成功
2020-12-31 14:22:06:852  vt_info数据表，第28次写入成功
2020-12-31 14:22:06:856  vt_info数据表，第29次写入成功
2020-12-31 14:22:06:859  vt_info数据表，第30次写入成功
2020-12-31 14:22:06:863  vt_info数据表，第31次写入成功
2020-12-31 14:22:06:867  vt_info数据表，第32次写入成功
2020-12-31 14:22:06:871  vt_info数据表，第33次写入成功
2020-12-31 14:22:06:875  vt_info数据表，第34次写入成功
2020-12-31 14:22:06:879  vt_info数据表，第35次写入成功
2020-12-31 14:22:06:883  vt_info数据表，第36次写入成功
2020-12-31 14:22:06:887  vt_info数据表，第37次写入成功
2020-12-31 14:22:06:891  vt_info数据表，第38次写入成功
2020-12-31 14:22:06:895  vt_info数据表，第39次写入成功
2020-12-31 14:22:06:899  vt_info数据表，第40次写入成功
2020-12-31 14:22:06:902  vt_info数据表，第41次写入成功
2020-12-31 14:22:06:906  vt_info数据表，第42次写入成功
2020-12-31 14:22:06:910  vt_info数据表，第43次写入成功
2020-12-31 14:22:06:914  vt_info数据表，第44次写入成功
2020-12-31 14:22:06:918  vt_info数据表，第45次写入成功
2020-12-31 14:22:06:922  vt_info数据表，第46次写入成功
2020-12-31 14:22:06:926  vt_info数据表，第47次写入成功
2020-12-31 14:22:06:970  motor_info数据表，第0次写入成功
2020-12-31 14:22:06:973  motor_info数据表，第1次写入成功
2020-12-31 14:22:06:976  motor_info数据表，第2次写入成功
2020-12-31 14:22:06:979  motor_info数据表，第3次写入成功
2020-12-31 14:22:06:982  motor_info数据表，第4次写入成功
2020-12-31 14:22:06:985  motor_info数据表，第5次写入成功
2020-12-31 14:22:06:987  motor_info数据表，第6次写入成功
2020-12-31 14:22:06:991  motor_info数据表，第7次写入成功
2020-12-31 14:22:06:994  motor_info数据表，第8次写入成功
2020-12-31 14:22:06:997  motor_info数据表，第9次写入成功
2020-12-31 14:22:06:999  motor_info数据表，第10次写入成功
2020-12-31 14:22:07:002  motor_info数据表，第11次写入成功
2020-12-31 14:22:07:005  motor_info数据表，第12次写入成功
2020-12-31 14:22:07:008  motor_info数据表，第13次写入成功
2020-12-31 14:22:07:011  motor_info数据表，第14次写入成功
2020-12-31 14:22:07:023  motor_info数据表，第15次写入成功
2020-12-31 14:22:07:025  数据库关闭！
2020-12-31 14:27:40:750  收到来车信号，流水号：20201231142740，所有设备开始采集
2020-12-31 14:27:40:797  开启A/D采集
2020-12-31 14:28:02:043  收到离车信号，流水号：20201231142740，线号：14，车号：055056，主控端：1，所有设备停止采集
2020-12-31 14:28:02:045  收到停止采集命令，开始停止采集
2020-12-31 14:28:02:048  停止采集数据
2020-12-31 14:28:02:049  采集连接已断开
2020-12-31 14:28:02:051  开始数据分析和落盘
2020-12-31 14:28:06:030  vibration1完成落盘
2020-12-31 14:28:09:545  vibration2完成落盘
2020-12-31 14:28:13:142  vibration3完成落盘
2020-12-31 14:28:16:484  vibration4完成落盘
2020-12-31 14:28:19:867  vibration5完成落盘
2020-12-31 14:28:23:464  vibration6完成落盘
2020-12-31 14:28:27:237  vibration7完成落盘
2020-12-31 14:28:31:132  vibration8完成落盘
2020-12-31 14:28:34:682  magnetic1完成落盘
2020-12-31 14:28:38:339  magnetic2完成落盘
2020-12-31 14:28:41:916  magnetic3完成落盘
2020-12-31 14:28:45:347  magnetic4完成落盘
2020-12-31 14:28:48:842  temperate1完成落盘
2020-12-31 14:28:52:189  temperate2完成落盘
2020-12-31 14:28:55:734  temperate3完成落盘
2020-12-31 14:28:59:231  temperate4完成落盘
2020-12-31 14:28:59:239  开始处理数据
2020-12-31 14:28:59:777  右侧计算完成
2020-12-31 14:29:00:219  左侧计算完成
2020-12-31 14:29:00:221  检查结果数据
2020-12-31 14:29:00:223  通知桌面显示数据
2020-12-31 14:29:00:239  开始写入数据库
2020-12-31 14:29:00:260  预警及报警参数加载完成
2020-12-31 14:29:00:262  数据库打开成功
2020-12-31 14:29:00:264  train_info数据表写入成功
2020-12-31 14:29:00:397  train_onlyid读取成功
2020-12-31 14:29:00:401  train_data数据表写入成功
2020-12-31 14:29:00:405  vt_info数据表，第0次写入成功
2020-12-31 14:29:00:409  vt_info数据表，第1次写入成功
2020-12-31 14:29:00:412  vt_info数据表，第2次写入成功
2020-12-31 14:29:00:452  vt_info数据表，第3次写入成功
2020-12-31 14:29:00:456  vt_info数据表，第4次写入成功
2020-12-31 14:29:00:460  vt_info数据表，第5次写入成功
2020-12-31 14:29:00:464  vt_info数据表，第6次写入成功
2020-12-31 14:29:00:468  vt_info数据表，第7次写入成功
2020-12-31 14:29:00:472  vt_info数据表，第8次写入成功
2020-12-31 14:29:00:476  vt_info数据表，第9次写入成功
2020-12-31 14:29:00:479  vt_info数据表，第10次写入成功
2020-12-31 14:29:00:483  vt_info数据表，第11次写入成功
2020-12-31 14:29:00:487  vt_info数据表，第12次写入成功
2020-12-31 14:29:00:491  vt_info数据表，第13次写入成功
2020-12-31 14:29:00:495  vt_info数据表，第14次写入成功
2020-12-31 14:29:00:499  vt_info数据表，第15次写入成功
2020-12-31 14:29:00:503  vt_info数据表，第16次写入成功
2020-12-31 14:29:00:507  vt_info数据表，第17次写入成功
2020-12-31 14:29:00:511  vt_info数据表，第18次写入成功
2020-12-31 14:29:00:515  vt_info数据表，第19次写入成功
2020-12-31 14:29:00:518  vt_info数据表，第20次写入成功
2020-12-31 14:29:00:522  vt_info数据表，第21次写入成功
2020-12-31 14:29:00:526  vt_info数据表，第22次写入成功
2020-12-31 14:29:00:530  vt_info数据表，第23次写入成功
2020-12-31 14:29:00:534  vt_info数据表，第24次写入成功
2020-12-31 14:29:00:538  vt_info数据表，第25次写入成功
2020-12-31 14:29:00:542  vt_info数据表，第26次写入成功
2020-12-31 14:29:00:546  vt_info数据表，第27次写入成功
2020-12-31 14:29:00:550  vt_info数据表，第28次写入成功
2020-12-31 14:29:00:553  vt_info数据表，第29次写入成功
2020-12-31 14:29:00:557  vt_info数据表，第30次写入成功
2020-12-31 14:29:00:561  vt_info数据表，第31次写入成功
2020-12-31 14:29:00:565  vt_info数据表，第32次写入成功
2020-12-31 14:29:00:569  vt_info数据表，第33次写入成功
2020-12-31 14:29:00:572  vt_info数据表，第34次写入成功
2020-12-31 14:29:00:576  vt_info数据表，第35次写入成功
2020-12-31 14:29:00:580  vt_info数据表，第36次写入成功
2020-12-31 14:29:00:584  vt_info数据表，第37次写入成功
2020-12-31 14:29:00:588  vt_info数据表，第38次写入成功
2020-12-31 14:29:00:592  vt_info数据表，第39次写入成功
2020-12-31 14:29:00:596  vt_info数据表，第40次写入成功
2020-12-31 14:29:00:600  vt_info数据表，第41次写入成功
2020-12-31 14:29:00:604  vt_info数据表，第42次写入成功
2020-12-31 14:29:00:607  vt_info数据表，第43次写入成功
2020-12-31 14:29:00:611  vt_info数据表，第44次写入成功
2020-12-31 14:29:00:615  vt_info数据表，第45次写入成功
2020-12-31 14:29:00:619  vt_info数据表，第46次写入成功
2020-12-31 14:29:00:623  vt_info数据表，第47次写入成功
2020-12-31 14:29:00:626  motor_info数据表，第0次写入成功
2020-12-31 14:29:00:629  motor_info数据表，第1次写入成功
2020-12-31 14:29:00:632  motor_info数据表，第2次写入成功
2020-12-31 14:29:00:635  motor_info数据表，第3次写入成功
2020-12-31 14:29:00:638  motor_info数据表，第4次写入成功
2020-12-31 14:29:00:641  motor_info数据表，第5次写入成功
2020-12-31 14:29:00:644  motor_info数据表，第6次写入成功
2020-12-31 14:29:00:647  motor_info数据表，第7次写入成功
2020-12-31 14:29:00:650  motor_info数据表，第8次写入成功
2020-12-31 14:29:00:653  motor_info数据表，第9次写入成功
2020-12-31 14:29:00:655  motor_info数据表，第10次写入成功
2020-12-31 14:29:00:675  motor_info数据表，第11次写入成功
2020-12-31 14:29:00:678  motor_info数据表，第12次写入成功
2020-12-31 14:29:00:681  motor_info数据表，第13次写入成功
2020-12-31 14:29:00:684  motor_info数据表，第14次写入成功
2020-12-31 14:29:00:696  motor_info数据表，第15次写入成功
2020-12-31 14:29:00:697  数据库关闭！
2020-12-31 14:33:00:147  收到来车信号，流水号：20201231143300，所有设备开始采集
2020-12-31 14:33:00:194  开启A/D采集
2020-12-31 14:33:21:545  收到离车信号，流水号：20201231143300，线号：14，车号：019020，主控端：0，所有设备停止采集
2020-12-31 14:33:21:547  收到停止采集命令，开始停止采集
2020-12-31 14:33:21:552  停止采集数据
2020-12-31 14:33:21:553  采集连接已断开
2020-12-31 14:33:21:555  开始数据分析和落盘
2020-12-31 14:33:25:465  vibration1完成落盘
2020-12-31 14:33:28:885  vibration2完成落盘
2020-12-31 14:33:32:395  vibration3完成落盘
2020-12-31 14:33:35:691  vibration4完成落盘
2020-12-31 14:33:39:093  vibration5完成落盘
2020-12-31 14:33:42:177  vibration6完成落盘
2020-12-31 14:33:45:616  vibration7完成落盘
2020-12-31 14:33:49:145  vibration8完成落盘
2020-12-31 14:33:52:841  magnetic1完成落盘
2020-12-31 14:33:56:420  magnetic2完成落盘
2020-12-31 14:33:59:925  magnetic3完成落盘
2020-12-31 14:34:03:626  magnetic4完成落盘
2020-12-31 14:34:06:883  temperate1完成落盘
2020-12-31 14:34:09:697  temperate2完成落盘
2020-12-31 14:34:13:231  temperate3完成落盘
2020-12-31 14:34:16:350  temperate4完成落盘
2020-12-31 14:34:16:358  开始处理数据
2020-12-31 14:34:16:898  右侧计算完成
2020-12-31 14:34:17:356  左侧计算完成
2020-12-31 14:34:17:358  检查结果数据
2020-12-31 14:34:17:360  通知桌面显示数据
2020-12-31 14:34:17:376  开始写入数据库
2020-12-31 14:34:17:394  预警及报警参数加载完成
2020-12-31 14:34:17:396  数据库打开成功
2020-12-31 14:34:17:398  train_info数据表写入成功
2020-12-31 14:34:17:532  train_onlyid读取成功
2020-12-31 14:34:17:537  train_data数据表写入成功
2020-12-31 14:34:17:541  vt_info数据表，第0次写入成功
2020-12-31 14:34:17:544  vt_info数据表，第1次写入成功
2020-12-31 14:34:17:548  vt_info数据表，第2次写入成功
2020-12-31 14:34:17:552  vt_info数据表，第3次写入成功
2020-12-31 14:34:17:555  vt_info数据表，第4次写入成功
2020-12-31 14:34:17:559  vt_info数据表，第5次写入成功
2020-12-31 14:34:17:563  vt_info数据表，第6次写入成功
2020-12-31 14:34:17:566  vt_info数据表，第7次写入成功
2020-12-31 14:34:17:570  vt_info数据表，第8次写入成功
2020-12-31 14:34:17:574  vt_info数据表，第9次写入成功
2020-12-31 14:34:17:577  vt_info数据表，第10次写入成功
2020-12-31 14:34:17:581  vt_info数据表，第11次写入成功
2020-12-31 14:34:17:585  vt_info数据表，第12次写入成功
2020-12-31 14:34:17:589  vt_info数据表，第13次写入成功
2020-12-31 14:34:17:592  vt_info数据表，第14次写入成功
2020-12-31 14:34:17:596  vt_info数据表，第15次写入成功
2020-12-31 14:34:17:600  vt_info数据表，第16次写入成功
2020-12-31 14:34:17:603  vt_info数据表，第17次写入成功
2020-12-31 14:34:17:607  vt_info数据表，第18次写入成功
2020-12-31 14:34:17:611  vt_info数据表，第19次写入成功
2020-12-31 14:34:17:614  vt_info数据表，第20次写入成功
2020-12-31 14:34:17:618  vt_info数据表，第21次写入成功
2020-12-31 14:34:17:622  vt_info数据表，第22次写入成功
2020-12-31 14:34:17:626  vt_info数据表，第23次写入成功
2020-12-31 14:34:17:629  vt_info数据表，第24次写入成功
2020-12-31 14:34:17:633  vt_info数据表，第25次写入成功
2020-12-31 14:34:17:637  vt_info数据表，第26次写入成功
2020-12-31 14:34:17:640  vt_info数据表，第27次写入成功
2020-12-31 14:34:17:644  vt_info数据表，第28次写入成功
2020-12-31 14:34:17:648  vt_info数据表，第29次写入成功
2020-12-31 14:34:17:651  vt_info数据表，第30次写入成功
2020-12-31 14:34:17:655  vt_info数据表，第31次写入成功
2020-12-31 14:34:17:659  vt_info数据表，第32次写入成功
2020-12-31 14:34:17:662  vt_info数据表，第33次写入成功
2020-12-31 14:34:17:666  vt_info数据表，第34次写入成功
2020-12-31 14:34:17:670  vt_info数据表，第35次写入成功
2020-12-31 14:34:17:674  vt_info数据表，第36次写入成功
2020-12-31 14:34:17:677  vt_info数据表，第37次写入成功
2020-12-31 14:34:17:681  vt_info数据表，第38次写入成功
2020-12-31 14:34:17:684  vt_info数据表，第39次写入成功
2020-12-31 14:34:17:688  vt_info数据表，第40次写入成功
2020-12-31 14:34:17:692  vt_info数据表，第41次写入成功
2020-12-31 14:34:17:695  vt_info数据表，第42次写入成功
2020-12-31 14:34:17:699  vt_info数据表，第43次写入成功
2020-12-31 14:34:17:703  vt_info数据表，第44次写入成功
2020-12-31 14:34:17:706  vt_info数据表，第45次写入成功
2020-12-31 14:34:17:710  vt_info数据表，第46次写入成功
2020-12-31 14:34:17:714  vt_info数据表，第47次写入成功
2020-12-31 14:34:17:716  motor_info数据表，第0次写入成功
2020-12-31 14:34:17:719  motor_info数据表，第1次写入成功
2020-12-31 14:34:17:722  motor_info数据表，第2次写入成功
2020-12-31 14:34:17:725  motor_info数据表，第3次写入成功
2020-12-31 14:34:17:728  motor_info数据表，第4次写入成功
2020-12-31 14:34:17:731  motor_info数据表，第5次写入成功
2020-12-31 14:34:17:733  motor_info数据表，第6次写入成功
2020-12-31 14:34:17:736  motor_info数据表，第7次写入成功
2020-12-31 14:34:17:739  motor_info数据表，第8次写入成功
2020-12-31 14:34:17:742  motor_info数据表，第9次写入成功
2020-12-31 14:34:17:745  motor_info数据表，第10次写入成功
2020-12-31 14:34:17:748  motor_info数据表，第11次写入成功
2020-12-31 14:34:17:751  motor_info数据表，第12次写入成功
2020-12-31 14:34:17:753  motor_info数据表，第13次写入成功
2020-12-31 14:34:17:756  motor_info数据表，第14次写入成功
2020-12-31 14:34:17:769  motor_info数据表，第15次写入成功
2020-12-31 14:34:17:770  数据库关闭！
2020-12-31 14:38:53:444  收到来车信号，流水号：20201231143853，所有设备开始采集
2020-12-31 14:38:53:491  开启A/D采集
2020-12-31 14:39:14:748  收到离车信号，流水号：20201231143853，线号：14，车号：023024，主控端：0，所有设备停止采集
2020-12-31 14:39:14:750  收到停止采集命令，开始停止采集
2020-12-31 14:39:14:756  停止采集数据
2020-12-31 14:39:14:758  采集连接已断开
2020-12-31 14:39:14:760  开始数据分析和落盘
2020-12-31 14:39:19:174  vibration1完成落盘
2020-12-31 14:39:23:017  vibration2完成落盘
2020-12-31 14:39:26:863  vibration3完成落盘
2020-12-31 14:39:30:666  vibration4完成落盘
2020-12-31 14:39:34:509  vibration5完成落盘
2020-12-31 14:39:38:362  vibration6完成落盘
2020-12-31 14:39:42:210  vibration7完成落盘
2020-12-31 14:39:46:075  vibration8完成落盘
2020-12-31 14:39:49:968  magnetic1完成落盘
2020-12-31 14:39:53:813  magnetic2完成落盘
2020-12-31 14:39:57:633  magnetic3完成落盘
2020-12-31 14:40:01:424  magnetic4完成落盘
2020-12-31 14:40:05:027  temperate1完成落盘
2020-12-31 14:40:08:638  temperate2完成落盘
2020-12-31 14:40:12:274  temperate3完成落盘
2020-12-31 14:40:15:922  temperate4完成落盘
2020-12-31 14:40:15:929  开始处理数据
2020-12-31 14:40:16:481  右侧计算完成
2020-12-31 14:40:16:924  左侧计算完成
2020-12-31 14:40:16:926  检查结果数据
2020-12-31 14:40:16:928  通知桌面显示数据
2020-12-31 14:40:16:944  开始写入数据库
2020-12-31 14:40:16:966  预警及报警参数加载完成
2020-12-31 14:40:16:967  数据库打开成功
2020-12-31 14:40:16:969  train_info数据表写入成功
2020-12-31 14:40:17:104  train_onlyid读取成功
2020-12-31 14:40:17:108  train_data数据表写入成功
2020-12-31 14:40:17:112  vt_info数据表，第0次写入成功
2020-12-31 14:40:17:116  vt_info数据表，第1次写入成功
2020-12-31 14:40:17:119  vt_info数据表，第2次写入成功
2020-12-31 14:40:17:123  vt_info数据表，第3次写入成功
2020-12-31 14:40:17:127  vt_info数据表，第4次写入成功
2020-12-31 14:40:17:130  vt_info数据表，第5次写入成功
2020-12-31 14:40:17:134  vt_info数据表，第6次写入成功
2020-12-31 14:40:17:137  vt_info数据表，第7次写入成功
2020-12-31 14:40:17:141  vt_info数据表，第8次写入成功
2020-12-31 14:40:17:145  vt_info数据表，第9次写入成功
2020-12-31 14:40:17:148  vt_info数据表，第10次写入成功
2020-12-31 14:40:17:152  vt_info数据表，第11次写入成功
2020-12-31 14:40:17:155  vt_info数据表，第12次写入成功
2020-12-31 14:40:17:159  vt_info数据表，第13次写入成功
2020-12-31 14:40:17:163  vt_info数据表，第14次写入成功
2020-12-31 14:40:17:166  vt_info数据表，第15次写入成功
2020-12-31 14:40:17:170  vt_info数据表，第16次写入成功
2020-12-31 14:40:17:173  vt_info数据表，第17次写入成功
2020-12-31 14:40:17:177  vt_info数据表，第18次写入成功
2020-12-31 14:40:17:181  vt_info数据表，第19次写入成功
2020-12-31 14:40:17:184  vt_info数据表，第20次写入成功
2020-12-31 14:40:17:188  vt_info数据表，第21次写入成功
2020-12-31 14:40:17:192  vt_info数据表，第22次写入成功
2020-12-31 14:40:17:195  vt_info数据表，第23次写入成功
2020-12-31 14:40:17:199  vt_info数据表，第24次写入成功
2020-12-31 14:40:17:203  vt_info数据表，第25次写入成功
2020-12-31 14:40:17:206  vt_info数据表，第26次写入成功
2020-12-31 14:40:17:210  vt_info数据表，第27次写入成功
2020-12-31 14:40:17:214  vt_info数据表，第28次写入成功
2020-12-31 14:40:17:217  vt_info数据表，第29次写入成功
2020-12-31 14:40:17:221  vt_info数据表，第30次写入成功
2020-12-31 14:40:17:224  vt_info数据表，第31次写入成功
2020-12-31 14:40:17:228  vt_info数据表，第32次写入成功
2020-12-31 14:40:17:232  vt_info数据表，第33次写入成功
2020-12-31 14:40:17:235  vt_info数据表，第34次写入成功
2020-12-31 14:40:17:239  vt_info数据表，第35次写入成功
2020-12-31 14:40:17:243  vt_info数据表，第36次写入成功
2020-12-31 14:40:17:247  vt_info数据表，第37次写入成功
2020-12-31 14:40:17:250  vt_info数据表，第38次写入成功
2020-12-31 14:40:17:254  vt_info数据表，第39次写入成功
2020-12-31 14:40:17:258  vt_info数据表，第40次写入成功
2020-12-31 14:40:17:261  vt_info数据表，第41次写入成功
2020-12-31 14:40:17:265  vt_info数据表，第42次写入成功
2020-12-31 14:40:17:269  vt_info数据表，第43次写入成功
2020-12-31 14:40:17:272  vt_info数据表，第44次写入成功
2020-12-31 14:40:17:276  vt_info数据表，第45次写入成功
2020-12-31 14:40:17:280  vt_info数据表，第46次写入成功
2020-12-31 14:40:17:283  vt_info数据表，第47次写入成功
2020-12-31 14:40:17:286  motor_info数据表，第0次写入成功
2020-12-31 14:40:17:289  motor_info数据表，第1次写入成功
2020-12-31 14:40:17:292  motor_info数据表，第2次写入成功
2020-12-31 14:40:17:295  motor_info数据表，第3次写入成功
2020-12-31 14:40:17:297  motor_info数据表，第4次写入成功
2020-12-31 14:40:17:300  motor_info数据表，第5次写入成功
2020-12-31 14:40:17:303  motor_info数据表，第6次写入成功
2020-12-31 14:40:17:306  motor_info数据表，第7次写入成功
2020-12-31 14:40:17:309  motor_info数据表，第8次写入成功
2020-12-31 14:40:17:311  motor_info数据表，第9次写入成功
2020-12-31 14:40:17:314  motor_info数据表，第10次写入成功
2020-12-31 14:40:17:317  motor_info数据表，第11次写入成功
2020-12-31 14:40:17:319  motor_info数据表，第12次写入成功
2020-12-31 14:40:17:322  motor_info数据表，第13次写入成功
2020-12-31 14:40:17:325  motor_info数据表，第14次写入成功
2020-12-31 14:40:17:337  motor_info数据表，第15次写入成功
2020-12-31 14:40:17:339  数据库关闭！
2020-12-31 14:44:37:648  收到来车信号，流水号：20201231144437，所有设备开始采集
2020-12-31 14:44:37:696  开启A/D采集
2020-12-31 14:44:59:046  收到离车信号，流水号：20201231144437，线号：14，车号：017018，主控端：0，所有设备停止采集
2020-12-31 14:44:59:048  收到停止采集命令，开始停止采集
2020-12-31 14:44:59:054  停止采集数据
2020-12-31 14:44:59:056  采集连接已断开
2020-12-31 14:44:59:058  开始数据分析和落盘
2020-12-31 14:45:02:939  vibration1完成落盘
2020-12-31 14:45:06:474  vibration2完成落盘
2020-12-31 14:45:10:159  vibration3完成落盘
2020-12-31 14:45:13:929  vibration4完成落盘
2020-12-31 14:45:17:544  vibration5完成落盘
2020-12-31 14:45:20:855  vibration6完成落盘
2020-12-31 14:45:23:830  vibration7完成落盘
2020-12-31 14:45:27:599  vibration8完成落盘
2020-12-31 14:45:31:133  magnetic1完成落盘
2020-12-31 14:45:34:329  magnetic2完成落盘
2020-12-31 14:45:37:638  magnetic3完成落盘
2020-12-31 14:45:40:927  magnetic4完成落盘
2020-12-31 14:45:44:035  temperate1完成落盘
2020-12-31 14:45:47:306  temperate2完成落盘
2020-12-31 14:45:50:921  temperate3完成落盘
2020-12-31 14:45:54:113  temperate4完成落盘
2020-12-31 14:45:54:119  开始处理数据
2020-12-31 14:45:54:631  右侧计算完成
2020-12-31 14:45:55:087  左侧计算完成
2020-12-31 14:45:55:088  检查结果数据
2020-12-31 14:45:55:090  通知桌面显示数据
2020-12-31 14:45:55:106  开始写入数据库
2020-12-31 14:45:55:127  预警及报警参数加载完成
2020-12-31 14:45:55:129  数据库打开成功
2020-12-31 14:45:55:130  train_info数据表写入成功
2020-12-31 14:45:55:265  train_onlyid读取成功
2020-12-31 14:45:55:269  train_data数据表写入成功
2020-12-31 14:45:55:273  vt_info数据表，第0次写入成功
2020-12-31 14:45:55:276  vt_info数据表，第1次写入成功
2020-12-31 14:45:55:280  vt_info数据表，第2次写入成功
2020-12-31 14:45:55:283  vt_info数据表，第3次写入成功
2020-12-31 14:45:55:287  vt_info数据表，第4次写入成功
2020-12-31 14:45:55:291  vt_info数据表，第5次写入成功
2020-12-31 14:45:55:294  vt_info数据表，第6次写入成功
2020-12-31 14:45:55:298  vt_info数据表，第7次写入成功
2020-12-31 14:45:55:302  vt_info数据表，第8次写入成功
2020-12-31 14:45:55:305  vt_info数据表，第9次写入成功
2020-12-31 14:45:55:309  vt_info数据表，第10次写入成功
2020-12-31 14:45:55:313  vt_info数据表，第11次写入成功
2020-12-31 14:45:55:316  vt_info数据表，第12次写入成功
2020-12-31 14:45:55:320  vt_info数据表，第13次写入成功
2020-12-31 14:45:55:324  vt_info数据表，第14次写入成功
2020-12-31 14:45:55:327  vt_info数据表，第15次写入成功
2020-12-31 14:45:55:331  vt_info数据表，第16次写入成功
2020-12-31 14:45:55:335  vt_info数据表，第17次写入成功
2020-12-31 14:45:55:338  vt_info数据表，第18次写入成功
2020-12-31 14:45:55:342  vt_info数据表，第19次写入成功
2020-12-31 14:45:55:346  vt_info数据表，第20次写入成功
2020-12-31 14:45:55:349  vt_info数据表，第21次写入成功
2020-12-31 14:45:55:353  vt_info数据表，第22次写入成功
2020-12-31 14:45:55:357  vt_info数据表，第23次写入成功
2020-12-31 14:45:55:360  vt_info数据表，第24次写入成功
2020-12-31 14:45:55:364  vt_info数据表，第25次写入成功
2020-12-31 14:45:55:367  vt_info数据表，第26次写入成功
2020-12-31 14:45:55:371  vt_info数据表，第27次写入成功
2020-12-31 14:45:55:375  vt_info数据表，第28次写入成功
2020-12-31 14:45:55:378  vt_info数据表，第29次写入成功
2020-12-31 14:45:55:382  vt_info数据表，第30次写入成功
2020-12-31 14:45:55:386  vt_info数据表，第31次写入成功
2020-12-31 14:45:55:389  vt_info数据表，第32次写入成功
2020-12-31 14:45:55:393  vt_info数据表，第33次写入成功
2020-12-31 14:45:55:397  vt_info数据表，第34次写入成功
2020-12-31 14:45:55:400  vt_info数据表，第35次写入成功
2020-12-31 14:45:55:404  vt_info数据表，第36次写入成功
2020-12-31 14:45:55:407  vt_info数据表，第37次写入成功
2020-12-31 14:45:55:411  vt_info数据表，第38次写入成功
2020-12-31 14:45:55:415  vt_info数据表，第39次写入成功
2020-12-31 14:45:55:418  vt_info数据表，第40次写入成功
2020-12-31 14:45:55:422  vt_info数据表，第41次写入成功
2020-12-31 14:45:55:425  vt_info数据表，第42次写入成功
2020-12-31 14:45:55:429  vt_info数据表，第43次写入成功
2020-12-31 14:45:55:433  vt_info数据表，第44次写入成功
2020-12-31 14:45:55:436  vt_info数据表，第45次写入成功
2020-12-31 14:45:55:440  vt_info数据表，第46次写入成功
2020-12-31 14:45:55:443  vt_info数据表，第47次写入成功
2020-12-31 14:45:55:446  motor_info数据表，第0次写入成功
2020-12-31 14:45:55:449  motor_info数据表，第1次写入成功
2020-12-31 14:45:55:452  motor_info数据表，第2次写入成功
2020-12-31 14:45:55:455  motor_info数据表，第3次写入成功
2020-12-31 14:45:55:457  motor_info数据表，第4次写入成功
2020-12-31 14:45:55:460  motor_info数据表，第5次写入成功
2020-12-31 14:45:55:463  motor_info数据表，第6次写入成功
2020-12-31 14:45:55:466  motor_info数据表，第7次写入成功
2020-12-31 14:45:55:468  motor_info数据表，第8次写入成功
2020-12-31 14:45:55:471  motor_info数据表，第9次写入成功
2020-12-31 14:45:55:474  motor_info数据表，第10次写入成功
2020-12-31 14:45:55:477  motor_info数据表，第11次写入成功
2020-12-31 14:45:55:480  motor_info数据表，第12次写入成功
2020-12-31 14:45:55:482  motor_info数据表，第13次写入成功
2020-12-31 14:45:55:485  motor_info数据表，第14次写入成功
2020-12-31 14:45:55:497  motor_info数据表，第15次写入成功
2020-12-31 14:45:55:499  数据库关闭！
2020-12-31 14:49:59:545  收到来车信号，流水号：20201231144959，所有设备开始采集
2020-12-31 14:49:59:592  开启A/D采集
2020-12-31 14:50:20:943  收到离车信号，流水号：20201231144959，线号：14，车号：035036，主控端：0，所有设备停止采集
2020-12-31 14:50:20:945  收到停止采集命令，开始停止采集
2020-12-31 14:50:20:951  停止采集数据
2020-12-31 14:50:20:953  采集连接已断开
2020-12-31 14:50:20:954  开始数据分析和落盘
2020-12-31 14:50:25:095  vibration1完成落盘
2020-12-31 14:50:28:899  vibration2完成落盘
2020-12-31 14:50:32:535  vibration3完成落盘
2020-12-31 14:50:36:045  vibration4完成落盘
2020-12-31 14:50:39:137  vibration5完成落盘
2020-12-31 14:50:42:185  vibration6完成落盘
2020-12-31 14:50:45:729  vibration7完成落盘
2020-12-31 14:50:49:334  vibration8完成落盘
2020-12-31 14:50:53:102  magnetic1完成落盘
2020-12-31 14:50:56:522  magnetic2完成落盘
2020-12-31 14:50:59:994  magnetic3完成落盘
2020-12-31 14:51:03:740  magnetic4完成落盘
2020-12-31 14:51:07:091  temperate1完成落盘
2020-12-31 14:51:10:613  temperate2完成落盘
2020-12-31 14:51:13:727  temperate3完成落盘
2020-12-31 14:51:17:022  temperate4完成落盘
2020-12-31 14:51:17:028  开始处理数据
2020-12-31 14:51:17:593  右侧计算完成
2020-12-31 14:51:18:048  左侧计算完成
2020-12-31 14:51:18:050  检查结果数据
2020-12-31 14:51:18:051  通知桌面显示数据
2020-12-31 14:51:18:067  开始写入数据库
2020-12-31 14:51:18:091  预警及报警参数加载完成
2020-12-31 14:51:18:092  数据库打开成功
2020-12-31 14:51:18:094  train_info数据表写入成功
2020-12-31 14:51:18:226  train_onlyid读取成功
2020-12-31 14:51:18:230  train_data数据表写入成功
2020-12-31 14:51:18:234  vt_info数据表，第0次写入成功
2020-12-31 14:51:18:238  vt_info数据表，第1次写入成功
2020-12-31 14:51:18:241  vt_info数据表，第2次写入成功
2020-12-31 14:51:18:245  vt_info数据表，第3次写入成功
2020-12-31 14:51:18:248  vt_info数据表，第4次写入成功
2020-12-31 14:51:18:252  vt_info数据表，第5次写入成功
2020-12-31 14:51:18:255  vt_info数据表，第6次写入成功
2020-12-31 14:51:18:259  vt_info数据表，第7次写入成功
2020-12-31 14:51:18:262  vt_info数据表，第8次写入成功
2020-12-31 14:51:18:266  vt_info数据表，第9次写入成功
2020-12-31 14:51:18:270  vt_info数据表，第10次写入成功
2020-12-31 14:51:18:273  vt_info数据表，第11次写入成功
2020-12-31 14:51:18:277  vt_info数据表，第12次写入成功
2020-12-31 14:51:18:281  vt_info数据表，第13次写入成功
2020-12-31 14:51:18:284  vt_info数据表，第14次写入成功
2020-12-31 14:51:18:288  vt_info数据表，第15次写入成功
2020-12-31 14:51:18:292  vt_info数据表，第16次写入成功
2020-12-31 14:51:18:295  vt_info数据表，第17次写入成功
2020-12-31 14:51:18:299  vt_info数据表，第18次写入成功
2020-12-31 14:51:18:303  vt_info数据表，第19次写入成功
2020-12-31 14:51:18:307  vt_info数据表，第20次写入成功
2020-12-31 14:51:18:310  vt_info数据表，第21次写入成功
2020-12-31 14:51:18:314  vt_info数据表，第22次写入成功
2020-12-31 14:51:18:317  vt_info数据表，第23次写入成功
2020-12-31 14:51:18:321  vt_info数据表，第24次写入成功
2020-12-31 14:51:18:325  vt_info数据表，第25次写入成功
2020-12-31 14:51:18:329  vt_info数据表，第26次写入成功
2020-12-31 14:51:18:332  vt_info数据表，第27次写入成功
2020-12-31 14:51:18:336  vt_info数据表，第28次写入成功
2020-12-31 14:51:18:340  vt_info数据表，第29次写入成功
2020-12-31 14:51:18:344  vt_info数据表，第30次写入成功
2020-12-31 14:51:18:347  vt_info数据表，第31次写入成功
2020-12-31 14:51:18:351  vt_info数据表，第32次写入成功
2020-12-31 14:51:18:354  vt_info数据表，第33次写入成功
2020-12-31 14:51:18:358  vt_info数据表，第34次写入成功
2020-12-31 14:51:18:362  vt_info数据表，第35次写入成功
2020-12-31 14:51:18:366  vt_info数据表，第36次写入成功
2020-12-31 14:51:18:369  vt_info数据表，第37次写入成功
2020-12-31 14:51:18:373  vt_info数据表，第38次写入成功
2020-12-31 14:51:18:377  vt_info数据表，第39次写入成功
2020-12-31 14:51:18:380  vt_info数据表，第40次写入成功
2020-12-31 14:51:18:384  vt_info数据表，第41次写入成功
2020-12-31 14:51:18:387  vt_info数据表，第42次写入成功
2020-12-31 14:51:18:393  vt_info数据表，第43次写入成功
2020-12-31 14:51:18:396  vt_info数据表，第44次写入成功
2020-12-31 14:51:18:400  vt_info数据表，第45次写入成功
2020-12-31 14:51:18:404  vt_info数据表，第46次写入成功
2020-12-31 14:51:18:408  vt_info数据表，第47次写入成功
2020-12-31 14:51:18:410  motor_info数据表，第0次写入成功
2020-12-31 14:51:18:413  motor_info数据表，第1次写入成功
2020-12-31 14:51:18:416  motor_info数据表，第2次写入成功
2020-12-31 14:51:18:419  motor_info数据表，第3次写入成功
2020-12-31 14:51:18:422  motor_info数据表，第4次写入成功
2020-12-31 14:51:18:424  motor_info数据表，第5次写入成功
2020-12-31 14:51:18:427  motor_info数据表，第6次写入成功
2020-12-31 14:51:18:430  motor_info数据表，第7次写入成功
2020-12-31 14:51:18:432  motor_info数据表，第8次写入成功
2020-12-31 14:51:18:435  motor_info数据表，第9次写入成功
2020-12-31 14:51:18:438  motor_info数据表，第10次写入成功
2020-12-31 14:51:18:440  motor_info数据表，第11次写入成功
2020-12-31 14:51:18:443  motor_info数据表，第12次写入成功
2020-12-31 14:51:18:446  motor_info数据表，第13次写入成功
2020-12-31 14:51:18:449  motor_info数据表，第14次写入成功
2020-12-31 14:51:18:461  motor_info数据表，第15次写入成功
2020-12-31 14:51:18:462  数据库关闭！
2020-12-31 14:55:53:546  收到来车信号，流水号：20201231145553，所有设备开始采集
2020-12-31 14:55:53:593  开启A/D采集
2020-12-31 14:56:14:943  收到离车信号，流水号：20201231145553，线号：14，车号：003004，主控端：1，所有设备停止采集
2020-12-31 14:56:14:945  收到停止采集命令，开始停止采集
2020-12-31 14:56:14:952  停止采集数据
2020-12-31 14:56:14:954  采集连接已断开
2020-12-31 14:56:14:956  开始数据分析和落盘
2020-12-31 14:56:19:388  vibration1完成落盘
2020-12-31 14:56:22:643  vibration2完成落盘
2020-12-31 14:56:26:003  vibration3完成落盘
2020-12-31 14:56:29:664  vibration4完成落盘
2020-12-31 14:56:33:520  vibration5完成落盘
2020-12-31 14:56:37:073  vibration6完成落盘
2020-12-31 14:56:40:903  vibration7完成落盘
2020-12-31 14:56:44:778  vibration8完成落盘
2020-12-31 14:56:48:250  magnetic1完成落盘
2020-12-31 14:56:51:580  magnetic2完成落盘
2020-12-31 14:56:54:934  magnetic3完成落盘
2020-12-31 14:56:58:393  magnetic4完成落盘
2020-12-31 14:57:01:839  temperate1完成落盘
2020-12-31 14:57:05:092  temperate2完成落盘
2020-12-31 14:57:08:372  temperate3完成落盘
2020-12-31 14:57:11:667  temperate4完成落盘
2020-12-31 14:57:11:674  开始处理数据
2020-12-31 14:57:12:215  右侧计算完成
2020-12-31 14:57:12:592  左侧计算完成
2020-12-31 14:57:12:594  检查结果数据
2020-12-31 14:57:12:595  通知桌面显示数据
2020-12-31 14:57:12:611  开始写入数据库
2020-12-31 14:57:12:627  预警及报警参数加载完成
2020-12-31 14:57:12:629  数据库打开成功
2020-12-31 14:57:12:631  train_info数据表写入成功
2020-12-31 14:57:12:764  train_onlyid读取成功
2020-12-31 14:57:12:772  train_data数据表写入成功
2020-12-31 14:57:12:776  vt_info数据表，第0次写入成功
2020-12-31 14:57:12:780  vt_info数据表，第1次写入成功
2020-12-31 14:57:12:783  vt_info数据表，第2次写入成功
2020-12-31 14:57:12:787  vt_info数据表，第3次写入成功
2020-12-31 14:57:12:790  vt_info数据表，第4次写入成功
2020-12-31 14:57:12:794  vt_info数据表，第5次写入成功
2020-12-31 14:57:12:798  vt_info数据表，第6次写入成功
2020-12-31 14:57:12:801  vt_info数据表，第7次写入成功
2020-12-31 14:57:12:805  vt_info数据表，第8次写入成功
2020-12-31 14:57:12:808  vt_info数据表，第9次写入成功
2020-12-31 14:57:12:812  vt_info数据表，第10次写入成功
2020-12-31 14:57:12:816  vt_info数据表，第11次写入成功
2020-12-31 14:57:12:819  vt_info数据表，第12次写入成功
2020-12-31 14:57:12:823  vt_info数据表，第13次写入成功
2020-12-31 14:57:12:826  vt_info数据表，第14次写入成功
2020-12-31 14:57:12:830  vt_info数据表，第15次写入成功
2020-12-31 14:57:12:834  vt_info数据表，第16次写入成功
2020-12-31 14:57:12:837  vt_info数据表，第17次写入成功
2020-12-31 14:57:12:841  vt_info数据表，第18次写入成功
2020-12-31 14:57:12:844  vt_info数据表，第19次写入成功
2020-12-31 14:57:12:848  vt_info数据表，第20次写入成功
2020-12-31 14:57:12:852  vt_info数据表，第21次写入成功
2020-12-31 14:57:12:855  vt_info数据表，第22次写入成功
2020-12-31 14:57:12:859  vt_info数据表，第23次写入成功
2020-12-31 14:57:12:862  vt_info数据表，第24次写入成功
2020-12-31 14:57:12:866  vt_info数据表，第25次写入成功
2020-12-31 14:57:12:870  vt_info数据表，第26次写入成功
2020-12-31 14:57:12:873  vt_info数据表，第27次写入成功
2020-12-31 14:57:12:877  vt_info数据表，第28次写入成功
2020-12-31 14:57:12:881  vt_info数据表，第29次写入成功
2020-12-31 14:57:12:884  vt_info数据表，第30次写入成功
2020-12-31 14:57:12:888  vt_info数据表，第31次写入成功
2020-12-31 14:57:12:891  vt_info数据表，第32次写入成功
2020-12-31 14:57:12:895  vt_info数据表，第33次写入成功
2020-12-31 14:57:12:899  vt_info数据表，第34次写入成功
2020-12-31 14:57:12:903  vt_info数据表，第35次写入成功
2020-12-31 14:57:12:906  vt_info数据表，第36次写入成功
2020-12-31 14:57:12:910  vt_info数据表，第37次写入成功
2020-12-31 14:57:12:913  vt_info数据表，第38次写入成功
2020-12-31 14:57:12:917  vt_info数据表，第39次写入成功
2020-12-31 14:57:12:921  vt_info数据表，第40次写入成功
2020-12-31 14:57:12:924  vt_info数据表，第41次写入成功
2020-12-31 14:57:12:928  vt_info数据表，第42次写入成功
2020-12-31 14:57:12:931  vt_info数据表，第43次写入成功
2020-12-31 14:57:12:935  vt_info数据表，第44次写入成功
2020-12-31 14:57:12:939  vt_info数据表，第45次写入成功
2020-12-31 14:57:12:942  vt_info数据表，第46次写入成功
2020-12-31 14:57:12:946  vt_info数据表，第47次写入成功
2020-12-31 14:57:12:949  motor_info数据表，第0次写入成功
2020-12-31 14:57:12:951  motor_info数据表，第1次写入成功
2020-12-31 14:57:12:954  motor_info数据表，第2次写入成功
2020-12-31 14:57:12:957  motor_info数据表，第3次写入成功
2020-12-31 14:57:12:959  motor_info数据表，第4次写入成功
2020-12-31 14:57:12:962  motor_info数据表，第5次写入成功
2020-12-31 14:57:12:965  motor_info数据表，第6次写入成功
2020-12-31 14:57:12:967  motor_info数据表，第7次写入成功
2020-12-31 14:57:12:970  motor_info数据表，第8次写入成功
2020-12-31 14:57:12:973  motor_info数据表，第9次写入成功
2020-12-31 14:57:12:975  motor_info数据表，第10次写入成功
2020-12-31 14:57:12:978  motor_info数据表，第11次写入成功
2020-12-31 14:57:12:981  motor_info数据表，第12次写入成功
2020-12-31 14:57:12:984  motor_info数据表，第13次写入成功
2020-12-31 14:57:12:986  motor_info数据表，第14次写入成功
2020-12-31 14:57:12:998  motor_info数据表，第15次写入成功
2020-12-31 14:57:13:000  数据库关闭！
