2020-12-10 20:04:55:168  磁钢信号预处理完成，位置标记：1
2020-12-10 20:04:55:199  温度分轮成功，分轮数尺度为：48
2020-12-10 20:04:55:262  轴承端盖温度特征值计算完成, 位置标记：1
2020-12-10 20:04:55:340  电机温度计算完成, 位置标记：1
2020-12-10 20:04:55:340  电机温度计算完成, 位置标记：1
2020-12-10 20:04:55:340  电机温度计算完成, 位置标记：1
2020-12-10 20:04:55:340  电机温度计算完成, 位置标记：1
2020-12-10 20:04:55:340  电机温度计算完成, 位置标记：1
2020-12-10 20:04:55:356  电机温度计算完成, 位置标记：1
2020-12-10 20:04:55:356  电机温度计算完成, 位置标记：1
2020-12-10 20:04:55:356  电机温度计算完成, 位置标记：1
2020-12-10 20:04:55:356  车速为：14.1805位置标记为：1
2020-12-10 20:04:55:387  振动有效标记位计算异常，位置标记为：1
2020-12-10 20:04:55:434  磁钢信号预处理完成，位置标记：0
2020-12-10 20:04:55:449  温度分轮成功，分轮数尺度为：48
2020-12-10 20:04:55:512  轴承端盖温度特征值计算完成, 位置标记：0
2020-12-10 20:04:55:574  电机温度计算完成, 位置标记：0
2020-12-10 20:04:55:590  电机温度计算完成, 位置标记：0
2020-12-10 20:04:55:590  电机温度计算完成, 位置标记：0
2020-12-10 20:04:55:590  电机温度计算完成, 位置标记：0
2020-12-10 20:04:55:590  电机温度计算完成, 位置标记：0
2020-12-10 20:04:55:590  电机温度计算完成, 位置标记：0
2020-12-10 20:04:55:590  电机温度计算完成, 位置标记：0
2020-12-10 20:04:55:606  电机温度计算完成, 位置标记：0
2020-12-10 20:04:55:606  车速为：14.1805位置标记为：0
2020-12-10 20:04:55:621  振动有效标记位计算异常，位置标记为：0
2020-12-10 20:14:43:524  磁钢信号预处理完成，位置标记：1
2020-12-10 20:14:43:539  温度分轮成功，分轮数尺度为：48
2020-12-10 20:14:43:602  轴承端盖温度特征值计算完成, 位置标记：1
2020-12-10 20:14:43:664  电机温度计算完成, 位置标记：1
2020-12-10 20:14:43:680  电机温度计算完成, 位置标记：1
2020-12-10 20:14:43:680  电机温度计算完成, 位置标记：1
2020-12-10 20:14:43:680  电机温度计算完成, 位置标记：1
2020-12-10 20:14:43:680  电机温度计算完成, 位置标记：1
2020-12-10 20:14:43:680  电机温度计算完成, 位置标记：1
2020-12-10 20:14:43:696  电机温度计算完成, 位置标记：1
2020-12-10 20:14:43:696  电机温度计算完成, 位置标记：1
2020-12-10 20:14:43:696  车速为：14.1466位置标记为：1
2020-12-10 20:14:43:727  振动有效标记位计算异常，位置标记为：1
2020-12-10 20:14:43:789  磁钢信号预处理完成，位置标记：0
2020-12-10 20:14:43:805  温度分轮成功，分轮数尺度为：48
2020-12-10 20:14:43:883  轴承端盖温度特征值计算完成, 位置标记：0
2020-12-10 20:14:43:946  电机温度计算完成, 位置标记：0
2020-12-10 20:14:43:961  电机温度计算完成, 位置标记：0
2020-12-10 20:14:43:961  电机温度计算完成, 位置标记：0
2020-12-10 20:14:43:961  电机温度计算完成, 位置标记：0
2020-12-10 20:14:43:961  电机温度计算完成, 位置标记：0
2020-12-10 20:14:43:961  电机温度计算完成, 位置标记：0
2020-12-10 20:14:43:977  电机温度计算完成, 位置标记：0
2020-12-10 20:14:43:977  电机温度计算完成, 位置标记：0
2020-12-10 20:14:43:977  车速为：14.1466位置标记为：0
2020-12-10 20:14:43:993  振动有效标记位计算异常，位置标记为：0
