2020-12-22 11:04:19:507  磁钢信号预处理完成，位置标记：1
2020-12-22 11:04:19:520  温度分轮成功，分轮数尺度为：48
2020-12-22 11:04:19:583  轴承端盖温度特征值计算完成, 位置标记：1
2020-12-22 11:04:19:644  电机温度计算完成, 位置标记：1
2020-12-22 11:04:19:647  电机温度计算完成, 位置标记：1
2020-12-22 11:04:19:650  电机温度计算完成, 位置标记：1
2020-12-22 11:04:19:653  电机温度计算完成, 位置标记：1
2020-12-22 11:04:19:656  电机温度计算完成, 位置标记：1
2020-12-22 11:04:19:658  电机温度计算完成, 位置标记：1
2020-12-22 11:04:19:661  电机温度计算完成, 位置标记：1
2020-12-22 11:04:19:663  电机温度计算完成, 位置标记：1
2020-12-22 11:04:19:665  车速为：36.6859位置标记为：1
2020-12-22 11:04:19:686  振动分轮计算完成, 位置标记：1
2020-12-22 11:04:19:967  振动特征值计算完成, 位置标记：1
2020-12-22 11:04:20:022  磁钢信号预处理完成，位置标记：0
2020-12-22 11:04:20:035  温度分轮成功，分轮数尺度为：48
2020-12-22 11:04:20:098  轴承端盖温度特征值计算完成, 位置标记：0
2020-12-22 11:04:20:159  电机温度计算完成, 位置标记：0
2020-12-22 11:04:20:162  电机温度计算完成, 位置标记：0
2020-12-22 11:04:20:166  电机温度计算完成, 位置标记：0
2020-12-22 11:04:20:169  电机温度计算完成, 位置标记：0
2020-12-22 11:04:20:171  电机温度计算完成, 位置标记：0
2020-12-22 11:04:20:174  电机温度计算完成, 位置标记：0
2020-12-22 11:04:20:177  电机温度计算完成, 位置标记：0
2020-12-22 11:04:20:180  电机温度计算完成, 位置标记：0
2020-12-22 11:04:20:182  车速为：36.6859位置标记为：0
2020-12-22 11:04:20:205  振动分轮计算完成, 位置标记：0
2020-12-22 11:04:20:495  振动特征值计算完成, 位置标记：0
2020-12-22 11:13:44:479  磁钢信号预处理完成，位置标记：1
2020-12-22 11:13:44:491  温度分轮成功，分轮数尺度为：48
2020-12-22 11:13:44:557  轴承端盖温度特征值计算完成, 位置标记：1
2020-12-22 11:13:44:620  电机温度计算完成, 位置标记：1
2020-12-22 11:13:44:623  电机温度计算完成, 位置标记：1
2020-12-22 11:13:44:626  电机温度计算完成, 位置标记：1
2020-12-22 11:13:44:629  电机温度计算完成, 位置标记：1
2020-12-22 11:13:44:632  电机温度计算完成, 位置标记：1
2020-12-22 11:13:44:635  电机温度计算完成, 位置标记：1
2020-12-22 11:13:44:638  电机温度计算完成, 位置标记：1
2020-12-22 11:13:44:640  电机温度计算完成, 位置标记：1
2020-12-22 11:13:44:642  车速为：36.621位置标记为：1
2020-12-22 11:13:44:665  振动分轮计算完成, 位置标记：1
2020-12-22 11:13:44:931  振动特征值计算完成, 位置标记：1
2020-12-22 11:13:44:986  磁钢信号预处理完成，位置标记：0
2020-12-22 11:13:44:998  温度分轮成功，分轮数尺度为：48
2020-12-22 11:13:45:066  轴承端盖温度特征值计算完成, 位置标记：0
2020-12-22 11:13:45:130  电机温度计算完成, 位置标记：0
2020-12-22 11:13:45:133  电机温度计算完成, 位置标记：0
2020-12-22 11:13:45:137  电机温度计算完成, 位置标记：0
2020-12-22 11:13:45:140  电机温度计算完成, 位置标记：0
2020-12-22 11:13:45:143  电机温度计算完成, 位置标记：0
2020-12-22 11:13:45:146  电机温度计算完成, 位置标记：0
2020-12-22 11:13:45:148  电机温度计算完成, 位置标记：0
2020-12-22 11:13:45:151  电机温度计算完成, 位置标记：0
2020-12-22 11:13:45:152  车速为：36.621位置标记为：0
2020-12-22 11:13:45:175  振动分轮计算完成, 位置标记：0
2020-12-22 11:13:45:462  振动特征值计算完成, 位置标记：0
2020-12-22 11:23:52:272  磁钢信号预处理完成，位置标记：1
2020-12-22 11:23:52:285  温度分轮成功，分轮数尺度为：48
2020-12-22 11:23:52:350  轴承端盖温度特征值计算完成, 位置标记：1
2020-12-22 11:23:52:412  电机温度计算完成, 位置标记：1
2020-12-22 11:23:52:415  电机温度计算完成, 位置标记：1
2020-12-22 11:23:52:418  电机温度计算完成, 位置标记：1
2020-12-22 11:23:52:421  电机温度计算完成, 位置标记：1
2020-12-22 11:23:52:424  电机温度计算完成, 位置标记：1
2020-12-22 11:23:52:426  电机温度计算完成, 位置标记：1
2020-12-22 11:23:52:429  电机温度计算完成, 位置标记：1
2020-12-22 11:23:52:432  电机温度计算完成, 位置标记：1
2020-12-22 11:23:52:433  车速为：36.7184位置标记为：1
2020-12-22 11:23:52:454  振动分轮计算完成, 位置标记：1
2020-12-22 11:23:52:743  振动特征值计算完成, 位置标记：1
2020-12-22 11:23:52:799  磁钢信号预处理完成，位置标记：0
2020-12-22 11:23:52:811  温度分轮成功，分轮数尺度为：48
2020-12-22 11:23:52:876  轴承端盖温度特征值计算完成, 位置标记：0
2020-12-22 11:23:52:939  电机温度计算完成, 位置标记：0
2020-12-22 11:23:52:942  电机温度计算完成, 位置标记：0
2020-12-22 11:23:52:946  电机温度计算完成, 位置标记：0
2020-12-22 11:23:52:949  电机温度计算完成, 位置标记：0
2020-12-22 11:23:52:951  电机温度计算完成, 位置标记：0
2020-12-22 11:23:52:954  电机温度计算完成, 位置标记：0
2020-12-22 11:23:52:957  电机温度计算完成, 位置标记：0
2020-12-22 11:23:52:960  电机温度计算完成, 位置标记：0
2020-12-22 11:23:52:961  车速为：36.7184位置标记为：0
2020-12-22 11:23:52:984  振动分轮计算完成, 位置标记：0
2020-12-22 11:23:53:273  振动特征值计算完成, 位置标记：0
2020-12-22 11:33:58:692  磁钢信号预处理完成，位置标记：1
2020-12-22 11:33:58:701  温度分轮成功，分轮数尺度为：48
2020-12-22 11:33:58:748  轴承端盖温度特征值计算完成, 位置标记：1
2020-12-22 11:33:58:793  电机温度计算完成, 位置标记：1
2020-12-22 11:33:58:796  电机温度计算完成, 位置标记：1
2020-12-22 11:33:58:798  电机温度计算完成, 位置标记：1
2020-12-22 11:33:58:801  电机温度计算完成, 位置标记：1
2020-12-22 11:33:58:804  电机温度计算完成, 位置标记：1
2020-12-22 11:33:58:806  电机温度计算完成, 位置标记：1
2020-12-22 11:33:58:808  电机温度计算完成, 位置标记：1
2020-12-22 11:33:58:810  电机温度计算完成, 位置标记：1
2020-12-22 11:33:58:812  车速为：36.7021位置标记为：1
2020-12-22 11:33:58:835  振动分轮计算完成, 位置标记：1
2020-12-22 11:33:59:087  振动特征值计算完成, 位置标记：1
2020-12-22 11:33:59:133  磁钢信号预处理完成，位置标记：0
2020-12-22 11:33:59:145  温度分轮成功，分轮数尺度为：48
2020-12-22 11:33:59:213  轴承端盖温度特征值计算完成, 位置标记：0
2020-12-22 11:33:59:278  电机温度计算完成, 位置标记：0
2020-12-22 11:33:59:281  电机温度计算完成, 位置标记：0
2020-12-22 11:33:59:285  电机温度计算完成, 位置标记：0
2020-12-22 11:33:59:288  电机温度计算完成, 位置标记：0
2020-12-22 11:33:59:291  电机温度计算完成, 位置标记：0
2020-12-22 11:33:59:293  电机温度计算完成, 位置标记：0
2020-12-22 11:33:59:296  电机温度计算完成, 位置标记：0
2020-12-22 11:33:59:299  电机温度计算完成, 位置标记：0
2020-12-22 11:33:59:301  车速为：36.7021位置标记为：0
2020-12-22 11:33:59:324  振动分轮计算完成, 位置标记：0
2020-12-22 11:33:59:612  振动特征值计算完成, 位置标记：0
2020-12-22 11:43:35:443  磁钢信号预处理完成，位置标记：1
2020-12-22 11:43:35:456  温度分轮成功，分轮数尺度为：48
2020-12-22 11:43:35:521  轴承端盖温度特征值计算完成, 位置标记：1
2020-12-22 11:43:35:585  电机温度计算完成, 位置标记：1
2020-12-22 11:43:35:588  电机温度计算完成, 位置标记：1
2020-12-22 11:43:35:591  电机温度计算完成, 位置标记：1
2020-12-22 11:43:35:594  电机温度计算完成, 位置标记：1
2020-12-22 11:43:35:597  电机温度计算完成, 位置标记：1
2020-12-22 11:43:35:600  电机温度计算完成, 位置标记：1
2020-12-22 11:43:35:603  电机温度计算完成, 位置标记：1
2020-12-22 11:43:35:605  电机温度计算完成, 位置标记：1
2020-12-22 11:43:35:607  车速为：36.6534位置标记为：1
2020-12-22 11:43:35:630  振动分轮计算完成, 位置标记：1
2020-12-22 11:43:35:890  振动特征值计算完成, 位置标记：1
2020-12-22 11:43:35:936  磁钢信号预处理完成，位置标记：0
2020-12-22 11:43:35:948  温度分轮成功，分轮数尺度为：48
2020-12-22 11:43:36:002  轴承端盖温度特征值计算完成, 位置标记：0
2020-12-22 11:43:36:056  电机温度计算完成, 位置标记：0
2020-12-22 11:43:36:059  电机温度计算完成, 位置标记：0
2020-12-22 11:43:36:062  电机温度计算完成, 位置标记：0
2020-12-22 11:43:36:065  电机温度计算完成, 位置标记：0
2020-12-22 11:43:36:067  电机温度计算完成, 位置标记：0
2020-12-22 11:43:36:069  电机温度计算完成, 位置标记：0
2020-12-22 11:43:36:072  电机温度计算完成, 位置标记：0
2020-12-22 11:43:36:074  电机温度计算完成, 位置标记：0
2020-12-22 11:43:36:075  车速为：36.6534位置标记为：0
2020-12-22 11:43:36:096  振动分轮计算完成, 位置标记：0
2020-12-22 11:43:36:350  振动特征值计算完成, 位置标记：0
2020-12-22 11:53:49:604  磁钢信号预处理完成，位置标记：1
2020-12-22 11:53:49:616  温度分轮成功，分轮数尺度为：48
2020-12-22 11:53:49:682  轴承端盖温度特征值计算完成, 位置标记：1
2020-12-22 11:53:49:746  电机温度计算完成, 位置标记：1
2020-12-22 11:53:49:750  电机温度计算完成, 位置标记：1
2020-12-22 11:53:49:753  电机温度计算完成, 位置标记：1
2020-12-22 11:53:49:756  电机温度计算完成, 位置标记：1
2020-12-22 11:53:49:759  电机温度计算完成, 位置标记：1
2020-12-22 11:53:49:762  电机温度计算完成, 位置标记：1
2020-12-22 11:53:49:765  电机温度计算完成, 位置标记：1
2020-12-22 11:53:49:767  电机温度计算完成, 位置标记：1
2020-12-22 11:53:49:769  车速为：36.7837位置标记为：1
2020-12-22 11:53:49:792  振动分轮计算完成, 位置标记：1
2020-12-22 11:53:50:076  振动特征值计算完成, 位置标记：1
2020-12-22 11:53:50:131  磁钢信号预处理完成，位置标记：0
2020-12-22 11:53:50:143  温度分轮成功，分轮数尺度为：48
2020-12-22 11:53:50:210  轴承端盖温度特征值计算完成, 位置标记：0
2020-12-22 11:53:50:272  电机温度计算完成, 位置标记：0
2020-12-22 11:53:50:276  电机温度计算完成, 位置标记：0
2020-12-22 11:53:50:279  电机温度计算完成, 位置标记：0
2020-12-22 11:53:50:282  电机温度计算完成, 位置标记：0
2020-12-22 11:53:50:285  电机温度计算完成, 位置标记：0
2020-12-22 11:53:50:288  电机温度计算完成, 位置标记：0
2020-12-22 11:53:50:291  电机温度计算完成, 位置标记：0
2020-12-22 11:53:50:293  电机温度计算完成, 位置标记：0
2020-12-22 11:53:50:295  车速为：36.7837位置标记为：0
2020-12-22 11:53:50:318  振动分轮计算完成, 位置标记：0
2020-12-22 11:53:50:606  振动特征值计算完成, 位置标记：0
