2020-12-28 08:03:57:672  磁钢信号预处理完成，位置标记：1
2020-12-28 08:03:57:685  温度分轮成功，分轮数尺度为：48
2020-12-28 08:03:57:748  轴承端盖温度特征值计算完成, 位置标记：1
2020-12-28 08:03:57:805  电机温度计算完成, 位置标记：1
2020-12-28 08:03:57:808  电机温度计算完成, 位置标记：1
2020-12-28 08:03:57:811  电机温度计算完成, 位置标记：1
2020-12-28 08:03:57:814  电机温度计算完成, 位置标记：1
2020-12-28 08:03:57:817  电机温度计算完成, 位置标记：1
2020-12-28 08:03:57:819  电机温度计算完成, 位置标记：1
2020-12-28 08:03:57:822  电机温度计算完成, 位置标记：1
2020-12-28 08:03:57:825  电机温度计算完成, 位置标记：1
2020-12-28 08:03:57:827  车速为：36.7673位置标记为：1
2020-12-28 08:03:57:849  振动分轮计算完成, 位置标记：1
2020-12-28 08:03:58:114  振动特征值计算完成, 位置标记：1
2020-12-28 08:03:58:165  磁钢信号预处理完成，位置标记：0
2020-12-28 08:03:58:176  温度分轮成功，分轮数尺度为：48
2020-12-28 08:03:58:233  轴承端盖温度特征值计算完成, 位置标记：0
2020-12-28 08:03:58:287  电机温度计算完成, 位置标记：0
2020-12-28 08:03:58:291  电机温度计算完成, 位置标记：0
2020-12-28 08:03:58:293  电机温度计算完成, 位置标记：0
2020-12-28 08:03:58:296  电机温度计算完成, 位置标记：0
2020-12-28 08:03:58:298  电机温度计算完成, 位置标记：0
2020-12-28 08:03:58:301  电机温度计算完成, 位置标记：0
2020-12-28 08:03:58:303  电机温度计算完成, 位置标记：0
2020-12-28 08:03:58:306  电机温度计算完成, 位置标记：0
2020-12-28 08:03:58:307  车速为：36.7673位置标记为：0
2020-12-28 08:03:58:325  振动分轮计算完成, 位置标记：0
2020-12-28 08:03:58:605  振动特征值计算完成, 位置标记：0
2020-12-28 08:14:07:390  磁钢信号预处理完成，位置标记：1
2020-12-28 08:14:07:399  温度分轮成功，分轮数尺度为：48
2020-12-28 08:14:07:462  轴承端盖温度特征值计算完成, 位置标记：1
2020-12-28 08:14:07:525  电机温度计算完成, 位置标记：1
2020-12-28 08:14:07:528  电机温度计算完成, 位置标记：1
2020-12-28 08:14:07:531  电机温度计算完成, 位置标记：1
2020-12-28 08:14:07:534  电机温度计算完成, 位置标记：1
2020-12-28 08:14:07:537  电机温度计算完成, 位置标记：1
2020-12-28 08:14:07:540  电机温度计算完成, 位置标记：1
2020-12-28 08:14:07:542  电机温度计算完成, 位置标记：1
2020-12-28 08:14:07:544  电机温度计算完成, 位置标记：1
2020-12-28 08:14:07:545  车速为：36.8位置标记为：1
2020-12-28 08:14:07:561  振动分轮计算完成, 位置标记：1
2020-12-28 08:14:07:764  振动特征值计算完成, 位置标记：1
2020-12-28 08:14:07:810  磁钢信号预处理完成，位置标记：0
2020-12-28 08:14:07:820  温度分轮成功，分轮数尺度为：48
2020-12-28 08:14:07:879  轴承端盖温度特征值计算完成, 位置标记：0
2020-12-28 08:14:07:937  电机温度计算完成, 位置标记：0
2020-12-28 08:14:07:940  电机温度计算完成, 位置标记：0
2020-12-28 08:14:07:943  电机温度计算完成, 位置标记：0
2020-12-28 08:14:07:945  电机温度计算完成, 位置标记：0
2020-12-28 08:14:07:948  电机温度计算完成, 位置标记：0
2020-12-28 08:14:07:950  电机温度计算完成, 位置标记：0
2020-12-28 08:14:07:952  电机温度计算完成, 位置标记：0
2020-12-28 08:14:07:955  电机温度计算完成, 位置标记：0
2020-12-28 08:14:07:956  车速为：36.8位置标记为：0
2020-12-28 08:14:07:976  振动分轮计算完成, 位置标记：0
2020-12-28 08:14:08:203  振动特征值计算完成, 位置标记：0
2020-12-28 08:23:55:384  磁钢信号预处理完成，位置标记：1
2020-12-28 08:23:55:393  温度分轮成功，分轮数尺度为：48
2020-12-28 08:23:55:441  轴承端盖温度特征值计算完成, 位置标记：1
2020-12-28 08:23:55:504  电机温度计算完成, 位置标记：1
2020-12-28 08:23:55:508  电机温度计算完成, 位置标记：1
2020-12-28 08:23:55:511  电机温度计算完成, 位置标记：1
2020-12-28 08:23:55:514  电机温度计算完成, 位置标记：1
2020-12-28 08:23:55:517  电机温度计算完成, 位置标记：1
2020-12-28 08:23:55:520  电机温度计算完成, 位置标记：1
2020-12-28 08:23:55:523  电机温度计算完成, 位置标记：1
2020-12-28 08:23:55:525  电机温度计算完成, 位置标记：1
2020-12-28 08:23:55:527  车速为：36.7837位置标记为：1
2020-12-28 08:23:55:548  振动分轮计算完成, 位置标记：1
2020-12-28 08:23:55:829  振动特征值计算完成, 位置标记：1
2020-12-28 08:23:55:884  磁钢信号预处理完成，位置标记：0
2020-12-28 08:23:55:896  温度分轮成功，分轮数尺度为：48
2020-12-28 08:23:55:962  轴承端盖温度特征值计算完成, 位置标记：0
2020-12-28 08:23:56:025  电机温度计算完成, 位置标记：0
2020-12-28 08:23:56:029  电机温度计算完成, 位置标记：0
2020-12-28 08:23:56:032  电机温度计算完成, 位置标记：0
2020-12-28 08:23:56:035  电机温度计算完成, 位置标记：0
2020-12-28 08:23:56:038  电机温度计算完成, 位置标记：0
2020-12-28 08:23:56:040  电机温度计算完成, 位置标记：0
2020-12-28 08:23:56:043  电机温度计算完成, 位置标记：0
2020-12-28 08:23:56:046  电机温度计算完成, 位置标记：0
2020-12-28 08:23:56:047  车速为：36.7837位置标记为：0
2020-12-28 08:23:56:071  振动分轮计算完成, 位置标记：0
2020-12-28 08:23:56:359  振动特征值计算完成, 位置标记：0
2020-12-28 08:34:03:768  磁钢信号预处理完成，位置标记：1
2020-12-28 08:34:03:781  温度分轮成功，分轮数尺度为：48
2020-12-28 08:34:03:847  轴承端盖温度特征值计算完成, 位置标记：1
2020-12-28 08:34:03:912  电机温度计算完成, 位置标记：1
2020-12-28 08:34:03:915  电机温度计算完成, 位置标记：1
2020-12-28 08:34:03:919  电机温度计算完成, 位置标记：1
2020-12-28 08:34:03:922  电机温度计算完成, 位置标记：1
2020-12-28 08:34:03:925  电机温度计算完成, 位置标记：1
2020-12-28 08:34:03:927  电机温度计算完成, 位置标记：1
2020-12-28 08:34:03:930  电机温度计算完成, 位置标记：1
2020-12-28 08:34:03:933  电机温度计算完成, 位置标记：1
2020-12-28 08:34:03:934  车速为：36.621位置标记为：1
2020-12-28 08:34:03:957  振动分轮计算完成, 位置标记：1
2020-12-28 08:34:04:241  振动特征值计算完成, 位置标记：1
2020-12-28 08:34:04:296  磁钢信号预处理完成，位置标记：0
2020-12-28 08:34:04:309  温度分轮成功，分轮数尺度为：48
2020-12-28 08:34:04:375  轴承端盖温度特征值计算完成, 位置标记：0
2020-12-28 08:34:04:439  电机温度计算完成, 位置标记：0
2020-12-28 08:34:04:443  电机温度计算完成, 位置标记：0
2020-12-28 08:34:04:446  电机温度计算完成, 位置标记：0
2020-12-28 08:34:04:449  电机温度计算完成, 位置标记：0
2020-12-28 08:34:04:452  电机温度计算完成, 位置标记：0
2020-12-28 08:34:04:455  电机温度计算完成, 位置标记：0
2020-12-28 08:34:04:458  电机温度计算完成, 位置标记：0
2020-12-28 08:34:04:461  电机温度计算完成, 位置标记：0
2020-12-28 08:34:04:463  车速为：36.621位置标记为：0
2020-12-28 08:34:04:486  振动分轮计算完成, 位置标记：0
2020-12-28 08:34:04:772  振动特征值计算完成, 位置标记：0
2020-12-28 08:44:06:014  磁钢信号预处理完成，位置标记：1
2020-12-28 08:44:06:026  温度分轮成功，分轮数尺度为：48
2020-12-28 08:44:06:091  轴承端盖温度特征值计算完成, 位置标记：1
2020-12-28 08:44:06:156  电机温度计算完成, 位置标记：1
2020-12-28 08:44:06:160  电机温度计算完成, 位置标记：1
2020-12-28 08:44:06:163  电机温度计算完成, 位置标记：1
2020-12-28 08:44:06:166  电机温度计算完成, 位置标记：1
2020-12-28 08:44:06:169  电机温度计算完成, 位置标记：1
2020-12-28 08:44:06:172  电机温度计算完成, 位置标记：1
2020-12-28 08:44:06:175  电机温度计算完成, 位置标记：1
2020-12-28 08:44:06:177  电机温度计算完成, 位置标记：1
2020-12-28 08:44:06:179  车速为：36.7673位置标记为：1
2020-12-28 08:44:06:202  振动有效标记位计算异常，位置标记为：1
2020-12-28 08:44:06:256  磁钢信号预处理完成，位置标记：0
2020-12-28 08:44:06:268  温度分轮成功，分轮数尺度为：48
2020-12-28 08:44:06:333  轴承端盖温度特征值计算完成, 位置标记：0
2020-12-28 08:44:06:397  电机温度计算完成, 位置标记：0
2020-12-28 08:44:06:400  电机温度计算完成, 位置标记：0
2020-12-28 08:44:06:404  电机温度计算完成, 位置标记：0
2020-12-28 08:44:06:407  电机温度计算完成, 位置标记：0
2020-12-28 08:44:06:410  电机温度计算完成, 位置标记：0
2020-12-28 08:44:06:412  电机温度计算完成, 位置标记：0
2020-12-28 08:44:06:415  电机温度计算完成, 位置标记：0
2020-12-28 08:44:06:418  电机温度计算完成, 位置标记：0
2020-12-28 08:44:06:420  车速为：36.7673位置标记为：0
2020-12-28 08:44:06:442  振动有效标记位计算异常，位置标记为：0
2020-12-28 08:53:15:336  磁钢信号预处理完成，位置标记：1
2020-12-28 08:53:15:345  温度分轮成功，分轮数尺度为：48
2020-12-28 08:53:15:392  轴承端盖温度特征值计算完成, 位置标记：1
2020-12-28 08:53:15:456  电机温度计算完成, 位置标记：1
2020-12-28 08:53:15:459  电机温度计算完成, 位置标记：1
2020-12-28 08:53:15:463  电机温度计算完成, 位置标记：1
2020-12-28 08:53:15:466  电机温度计算完成, 位置标记：1
2020-12-28 08:53:15:468  电机温度计算完成, 位置标记：1
2020-12-28 08:53:15:471  电机温度计算完成, 位置标记：1
2020-12-28 08:53:15:474  电机温度计算完成, 位置标记：1
2020-12-28 08:53:15:476  电机温度计算完成, 位置标记：1
2020-12-28 08:53:15:478  车速为：36.621位置标记为：1
2020-12-28 08:53:15:502  振动分轮计算完成, 位置标记：1
2020-12-28 08:53:15:713  振动特征值计算完成, 位置标记：1
2020-12-28 08:53:15:753  磁钢信号预处理完成，位置标记：0
2020-12-28 08:53:15:762  温度分轮成功，分轮数尺度为：48
2020-12-28 08:53:15:808  轴承端盖温度特征值计算完成, 位置标记：0
2020-12-28 08:53:15:853  电机温度计算完成, 位置标记：0
2020-12-28 08:53:15:856  电机温度计算完成, 位置标记：0
2020-12-28 08:53:15:858  电机温度计算完成, 位置标记：0
2020-12-28 08:53:15:860  电机温度计算完成, 位置标记：0
2020-12-28 08:53:15:862  电机温度计算完成, 位置标记：0
2020-12-28 08:53:15:865  电机温度计算完成, 位置标记：0
2020-12-28 08:53:15:866  电机温度计算完成, 位置标记：0
2020-12-28 08:53:15:868  电机温度计算完成, 位置标记：0
2020-12-28 08:53:15:869  车速为：36.621位置标记为：0
2020-12-28 08:53:15:885  振动分轮计算完成, 位置标记：0
2020-12-28 08:53:16:086  振动特征值计算完成, 位置标记：0
