2020-12-23 08:03:50:658  磁钢信号预处理完成，位置标记：1
2020-12-23 08:03:50:671  温度分轮成功，分轮数尺度为：48
2020-12-23 08:03:50:736  轴承端盖温度特征值计算完成, 位置标记：1
2020-12-23 08:03:50:799  电机温度计算完成, 位置标记：1
2020-12-23 08:03:50:802  电机温度计算完成, 位置标记：1
2020-12-23 08:03:50:805  电机温度计算完成, 位置标记：1
2020-12-23 08:03:50:808  电机温度计算完成, 位置标记：1
2020-12-23 08:03:50:811  电机温度计算完成, 位置标记：1
2020-12-23 08:03:50:813  电机温度计算完成, 位置标记：1
2020-12-23 08:03:50:816  电机温度计算完成, 位置标记：1
2020-12-23 08:03:50:818  电机温度计算完成, 位置标记：1
2020-12-23 08:03:50:820  车速为：36.751位置标记为：1
2020-12-23 08:03:50:841  振动分轮计算完成, 位置标记：1
2020-12-23 08:03:51:130  振动特征值计算完成, 位置标记：1
2020-12-23 08:03:51:184  磁钢信号预处理完成，位置标记：0
2020-12-23 08:03:51:197  温度分轮成功，分轮数尺度为：48
2020-12-23 08:03:51:261  轴承端盖温度特征值计算完成, 位置标记：0
2020-12-23 08:03:51:323  电机温度计算完成, 位置标记：0
2020-12-23 08:03:51:327  电机温度计算完成, 位置标记：0
2020-12-23 08:03:51:330  电机温度计算完成, 位置标记：0
2020-12-23 08:03:51:333  电机温度计算完成, 位置标记：0
2020-12-23 08:03:51:336  电机温度计算完成, 位置标记：0
2020-12-23 08:03:51:339  电机温度计算完成, 位置标记：0
2020-12-23 08:03:51:342  电机温度计算完成, 位置标记：0
2020-12-23 08:03:51:344  电机温度计算完成, 位置标记：0
2020-12-23 08:03:51:346  车速为：36.751位置标记为：0
2020-12-23 08:03:51:369  振动分轮计算完成, 位置标记：0
2020-12-23 08:03:51:655  振动特征值计算完成, 位置标记：0
2020-12-23 08:14:14:795  磁钢信号预处理完成，位置标记：1
2020-12-23 08:14:14:808  温度分轮成功，分轮数尺度为：48
2020-12-23 08:14:14:873  轴承端盖温度特征值计算完成, 位置标记：1
2020-12-23 08:14:14:938  电机温度计算完成, 位置标记：1
2020-12-23 08:14:14:941  电机温度计算完成, 位置标记：1
2020-12-23 08:14:14:945  电机温度计算完成, 位置标记：1
2020-12-23 08:14:14:948  电机温度计算完成, 位置标记：1
2020-12-23 08:14:14:950  电机温度计算完成, 位置标记：1
2020-12-23 08:14:14:953  电机温度计算完成, 位置标记：1
2020-12-23 08:14:14:956  电机温度计算完成, 位置标记：1
2020-12-23 08:14:14:959  电机温度计算完成, 位置标记：1
2020-12-23 08:14:14:960  车速为：36.4437位置标记为：1
2020-12-23 08:14:14:983  振动分轮计算完成, 位置标记：1
2020-12-23 08:14:15:267  振动特征值计算完成, 位置标记：1
2020-12-23 08:14:15:317  磁钢信号预处理完成，位置标记：0
2020-12-23 08:14:15:329  温度分轮成功，分轮数尺度为：48
2020-12-23 08:14:15:395  轴承端盖温度特征值计算完成, 位置标记：0
2020-12-23 08:14:15:460  电机温度计算完成, 位置标记：0
2020-12-23 08:14:15:464  电机温度计算完成, 位置标记：0
2020-12-23 08:14:15:467  电机温度计算完成, 位置标记：0
2020-12-23 08:14:15:470  电机温度计算完成, 位置标记：0
2020-12-23 08:14:15:473  电机温度计算完成, 位置标记：0
2020-12-23 08:14:15:476  电机温度计算完成, 位置标记：0
2020-12-23 08:14:15:479  电机温度计算完成, 位置标记：0
2020-12-23 08:14:15:481  电机温度计算完成, 位置标记：0
2020-12-23 08:14:15:483  车速为：36.4437位置标记为：0
2020-12-23 08:14:15:507  振动分轮计算完成, 位置标记：0
2020-12-23 08:14:15:795  振动特征值计算完成, 位置标记：0
2020-12-23 08:23:56:404  磁钢信号预处理完成，位置标记：1
2020-12-23 08:23:56:416  温度分轮成功，分轮数尺度为：48
2020-12-23 08:23:56:482  轴承端盖温度特征值计算完成, 位置标记：1
2020-12-23 08:23:56:544  电机温度计算完成, 位置标记：1
2020-12-23 08:23:56:547  电机温度计算完成, 位置标记：1
2020-12-23 08:23:56:551  电机温度计算完成, 位置标记：1
2020-12-23 08:23:56:554  电机温度计算完成, 位置标记：1
2020-12-23 08:23:56:557  电机温度计算完成, 位置标记：1
2020-12-23 08:23:56:559  电机温度计算完成, 位置标记：1
2020-12-23 08:23:56:562  电机温度计算完成, 位置标记：1
2020-12-23 08:23:56:565  电机温度计算完成, 位置标记：1
2020-12-23 08:23:56:567  车速为：36.7347位置标记为：1
2020-12-23 08:23:56:589  振动分轮计算完成, 位置标记：1
2020-12-23 08:23:56:874  振动特征值计算完成, 位置标记：1
2020-12-23 08:23:56:929  磁钢信号预处理完成，位置标记：0
2020-12-23 08:23:56:941  温度分轮成功，分轮数尺度为：48
2020-12-23 08:23:57:008  轴承端盖温度特征值计算完成, 位置标记：0
2020-12-23 08:23:57:072  电机温度计算完成, 位置标记：0
2020-12-23 08:23:57:075  电机温度计算完成, 位置标记：0
2020-12-23 08:23:57:078  电机温度计算完成, 位置标记：0
2020-12-23 08:23:57:081  电机温度计算完成, 位置标记：0
2020-12-23 08:23:57:084  电机温度计算完成, 位置标记：0
2020-12-23 08:23:57:087  电机温度计算完成, 位置标记：0
2020-12-23 08:23:57:090  电机温度计算完成, 位置标记：0
2020-12-23 08:23:57:092  电机温度计算完成, 位置标记：0
2020-12-23 08:23:57:094  车速为：36.7347位置标记为：0
2020-12-23 08:23:57:118  振动分轮计算完成, 位置标记：0
2020-12-23 08:23:57:400  振动特征值计算完成, 位置标记：0
2020-12-23 08:33:50:590  磁钢信号预处理完成，位置标记：1
2020-12-23 08:33:50:603  温度分轮成功，分轮数尺度为：48
2020-12-23 08:33:50:668  轴承端盖温度特征值计算完成, 位置标记：1
2020-12-23 08:33:50:733  电机温度计算完成, 位置标记：1
2020-12-23 08:33:50:736  电机温度计算完成, 位置标记：1
2020-12-23 08:33:50:739  电机温度计算完成, 位置标记：1
2020-12-23 08:33:50:742  电机温度计算完成, 位置标记：1
2020-12-23 08:33:50:745  电机温度计算完成, 位置标记：1
2020-12-23 08:33:50:748  电机温度计算完成, 位置标记：1
2020-12-23 08:33:50:751  电机温度计算完成, 位置标记：1
2020-12-23 08:33:50:753  电机温度计算完成, 位置标记：1
2020-12-23 08:33:50:755  车速为：36.5563位置标记为：1
2020-12-23 08:33:50:777  振动分轮计算完成, 位置标记：1
2020-12-23 08:33:51:057  振动特征值计算完成, 位置标记：1
2020-12-23 08:33:51:112  磁钢信号预处理完成，位置标记：0
2020-12-23 08:33:51:125  温度分轮成功，分轮数尺度为：48
2020-12-23 08:33:51:190  轴承端盖温度特征值计算完成, 位置标记：0
2020-12-23 08:33:51:252  电机温度计算完成, 位置标记：0
2020-12-23 08:33:51:256  电机温度计算完成, 位置标记：0
2020-12-23 08:33:51:259  电机温度计算完成, 位置标记：0
2020-12-23 08:33:51:262  电机温度计算完成, 位置标记：0
2020-12-23 08:33:51:265  电机温度计算完成, 位置标记：0
2020-12-23 08:33:51:268  电机温度计算完成, 位置标记：0
2020-12-23 08:33:51:271  电机温度计算完成, 位置标记：0
2020-12-23 08:33:51:273  电机温度计算完成, 位置标记：0
2020-12-23 08:33:51:275  车速为：36.5563位置标记为：0
2020-12-23 08:33:51:298  振动分轮计算完成, 位置标记：0
2020-12-23 08:33:51:587  振动特征值计算完成, 位置标记：0
2020-12-23 08:43:42:736  磁钢信号预处理完成，位置标记：1
2020-12-23 08:43:42:745  温度分轮成功，分轮数尺度为：48
2020-12-23 08:43:42:791  轴承端盖温度特征值计算完成, 位置标记：1
2020-12-23 08:43:42:836  电机温度计算完成, 位置标记：1
2020-12-23 08:43:42:838  电机温度计算完成, 位置标记：1
2020-12-23 08:43:42:841  电机温度计算完成, 位置标记：1
2020-12-23 08:43:42:844  电机温度计算完成, 位置标记：1
2020-12-23 08:43:42:847  电机温度计算完成, 位置标记：1
2020-12-23 08:43:42:849  电机温度计算完成, 位置标记：1
2020-12-23 08:43:42:853  电机温度计算完成, 位置标记：1
2020-12-23 08:43:42:855  电机温度计算完成, 位置标记：1
2020-12-23 08:43:42:857  车速为：36.7673位置标记为：1
2020-12-23 08:43:42:880  振动有效标记位计算异常，位置标记为：1
2020-12-23 08:43:42:928  磁钢信号预处理完成，位置标记：0
2020-12-23 08:43:42:939  温度分轮成功，分轮数尺度为：48
2020-12-23 08:43:42:994  轴承端盖温度特征值计算完成, 位置标记：0
2020-12-23 08:43:43:046  电机温度计算完成, 位置标记：0
2020-12-23 08:43:43:050  电机温度计算完成, 位置标记：0
2020-12-23 08:43:43:053  电机温度计算完成, 位置标记：0
2020-12-23 08:43:43:056  电机温度计算完成, 位置标记：0
2020-12-23 08:43:43:059  电机温度计算完成, 位置标记：0
2020-12-23 08:43:43:062  电机温度计算完成, 位置标记：0
2020-12-23 08:43:43:065  电机温度计算完成, 位置标记：0
2020-12-23 08:43:43:068  电机温度计算完成, 位置标记：0
2020-12-23 08:43:43:070  车速为：36.7673位置标记为：0
2020-12-23 08:43:43:093  振动有效标记位计算异常，位置标记为：0
2020-12-23 08:53:11:363  磁钢信号预处理完成，位置标记：1
2020-12-23 08:53:11:372  温度分轮成功，分轮数尺度为：48
2020-12-23 08:53:11:436  轴承端盖温度特征值计算完成, 位置标记：1
2020-12-23 08:53:11:501  电机温度计算完成, 位置标记：1
2020-12-23 08:53:11:505  电机温度计算完成, 位置标记：1
2020-12-23 08:53:11:508  电机温度计算完成, 位置标记：1
2020-12-23 08:53:11:511  电机温度计算完成, 位置标记：1
2020-12-23 08:53:11:514  电机温度计算完成, 位置标记：1
2020-12-23 08:53:11:516  电机温度计算完成, 位置标记：1
2020-12-23 08:53:11:518  电机温度计算完成, 位置标记：1
2020-12-23 08:53:11:520  电机温度计算完成, 位置标记：1
2020-12-23 08:53:11:522  车速为：36.6696位置标记为：1
2020-12-23 08:53:11:538  振动分轮计算完成, 位置标记：1
2020-12-23 08:53:11:758  振动特征值计算完成, 位置标记：1
2020-12-23 08:53:11:806  磁钢信号预处理完成，位置标记：0
2020-12-23 08:53:11:818  温度分轮成功，分轮数尺度为：48
2020-12-23 08:53:11:885  轴承端盖温度特征值计算完成, 位置标记：0
2020-12-23 08:53:11:950  电机温度计算完成, 位置标记：0
2020-12-23 08:53:11:954  电机温度计算完成, 位置标记：0
2020-12-23 08:53:11:957  电机温度计算完成, 位置标记：0
2020-12-23 08:53:11:961  电机温度计算完成, 位置标记：0
2020-12-23 08:53:11:964  电机温度计算完成, 位置标记：0
2020-12-23 08:53:11:966  电机温度计算完成, 位置标记：0
2020-12-23 08:53:11:969  电机温度计算完成, 位置标记：0
2020-12-23 08:53:11:972  电机温度计算完成, 位置标记：0
2020-12-23 08:53:11:973  车速为：36.6696位置标记为：0
2020-12-23 08:53:11:997  振动分轮计算完成, 位置标记：0
2020-12-23 08:53:12:260  振动特征值计算完成, 位置标记：0
