2020-12-22 21:05:57:110  磁钢信号预处理完成，位置标记：1
2020-12-22 21:05:57:123  温度分轮成功，分轮数尺度为：48
2020-12-22 21:05:57:189  轴承端盖温度特征值计算完成, 位置标记：1
2020-12-22 21:05:57:251  电机温度计算完成, 位置标记：1
2020-12-22 21:05:57:254  电机温度计算完成, 位置标记：1
2020-12-22 21:05:57:257  电机温度计算完成, 位置标记：1
2020-12-22 21:05:57:260  电机温度计算完成, 位置标记：1
2020-12-22 21:05:57:262  电机温度计算完成, 位置标记：1
2020-12-22 21:05:57:265  电机温度计算完成, 位置标记：1
2020-12-22 21:05:57:267  电机温度计算完成, 位置标记：1
2020-12-22 21:05:57:270  电机温度计算完成, 位置标记：1
2020-12-22 21:05:57:271  车速为：36.4116位置标记为：1
2020-12-22 21:05:57:282  振动有效标记位计算异常，位置标记为：1
2020-12-22 21:05:57:332  磁钢信号预处理完成，位置标记：0
2020-12-22 21:05:57:343  温度分轮成功，分轮数尺度为：48
2020-12-22 21:05:57:399  轴承端盖温度特征值计算完成, 位置标记：0
2020-12-22 21:05:57:451  电机温度计算完成, 位置标记：0
2020-12-22 21:05:57:454  电机温度计算完成, 位置标记：0
2020-12-22 21:05:57:456  电机温度计算完成, 位置标记：0
2020-12-22 21:05:57:459  电机温度计算完成, 位置标记：0
2020-12-22 21:05:57:462  电机温度计算完成, 位置标记：0
2020-12-22 21:05:57:465  电机温度计算完成, 位置标记：0
2020-12-22 21:05:57:467  电机温度计算完成, 位置标记：0
2020-12-22 21:05:57:470  电机温度计算完成, 位置标记：0
2020-12-22 21:05:57:471  车速为：36.4116位置标记为：0
2020-12-22 21:05:57:481  振动有效标记位计算异常，位置标记为：0
2020-12-22 21:17:54:521  磁钢信号预处理完成，位置标记：1
2020-12-22 21:17:54:534  温度分轮成功，分轮数尺度为：48
2020-12-22 21:17:54:600  轴承端盖温度特征值计算完成, 位置标记：1
2020-12-22 21:17:54:663  电机温度计算完成, 位置标记：1
2020-12-22 21:17:54:666  电机温度计算完成, 位置标记：1
2020-12-22 21:17:54:670  电机温度计算完成, 位置标记：1
2020-12-22 21:17:54:673  电机温度计算完成, 位置标记：1
2020-12-22 21:17:54:676  电机温度计算完成, 位置标记：1
2020-12-22 21:17:54:679  电机温度计算完成, 位置标记：1
2020-12-22 21:17:54:681  电机温度计算完成, 位置标记：1
2020-12-22 21:17:54:684  电机温度计算完成, 位置标记：1
2020-12-22 21:17:54:686  车速为：36.8164位置标记为：1
2020-12-22 21:17:54:709  振动分轮计算完成, 位置标记：1
2020-12-22 21:17:54:980  振动特征值计算完成, 位置标记：1
2020-12-22 21:17:55:035  磁钢信号预处理完成，位置标记：0
2020-12-22 21:17:55:048  温度分轮成功，分轮数尺度为：48
2020-12-22 21:17:55:114  轴承端盖温度特征值计算完成, 位置标记：0
2020-12-22 21:17:55:177  电机温度计算完成, 位置标记：0
2020-12-22 21:17:55:180  电机温度计算完成, 位置标记：0
2020-12-22 21:17:55:183  电机温度计算完成, 位置标记：0
2020-12-22 21:17:55:187  电机温度计算完成, 位置标记：0
2020-12-22 21:17:55:190  电机温度计算完成, 位置标记：0
2020-12-22 21:17:55:193  电机温度计算完成, 位置标记：0
2020-12-22 21:17:55:196  电机温度计算完成, 位置标记：0
2020-12-22 21:17:55:198  电机温度计算完成, 位置标记：0
2020-12-22 21:17:55:199  车速为：36.8164位置标记为：0
2020-12-22 21:17:55:222  振动分轮计算完成, 位置标记：0
2020-12-22 21:17:55:508  振动特征值计算完成, 位置标记：0
2020-12-22 21:29:05:404  磁钢信号预处理完成，位置标记：1
2020-12-22 21:29:05:417  温度分轮成功，分轮数尺度为：48
2020-12-22 21:29:05:485  轴承端盖温度特征值计算完成, 位置标记：1
2020-12-22 21:29:05:549  电机温度计算完成, 位置标记：1
2020-12-22 21:29:05:552  电机温度计算完成, 位置标记：1
2020-12-22 21:29:05:554  电机温度计算完成, 位置标记：1
2020-12-22 21:29:05:557  电机温度计算完成, 位置标记：1
2020-12-22 21:29:05:559  电机温度计算完成, 位置标记：1
2020-12-22 21:29:05:562  电机温度计算完成, 位置标记：1
2020-12-22 21:29:05:564  电机温度计算完成, 位置标记：1
2020-12-22 21:29:05:566  电机温度计算完成, 位置标记：1
2020-12-22 21:29:05:567  车速为：36.5724位置标记为：1
2020-12-22 21:29:05:586  振动分轮计算完成, 位置标记：1
2020-12-22 21:29:05:796  振动特征值计算完成, 位置标记：1
2020-12-22 21:29:05:838  磁钢信号预处理完成，位置标记：0
2020-12-22 21:29:05:846  温度分轮成功，分轮数尺度为：48
2020-12-22 21:29:05:900  轴承端盖温度特征值计算完成, 位置标记：0
2020-12-22 21:29:05:954  电机温度计算完成, 位置标记：0
2020-12-22 21:29:05:957  电机温度计算完成, 位置标记：0
2020-12-22 21:29:05:959  电机温度计算完成, 位置标记：0
2020-12-22 21:29:05:962  电机温度计算完成, 位置标记：0
2020-12-22 21:29:05:964  电机温度计算完成, 位置标记：0
2020-12-22 21:29:05:966  电机温度计算完成, 位置标记：0
2020-12-22 21:29:05:968  电机温度计算完成, 位置标记：0
2020-12-22 21:29:05:970  电机温度计算完成, 位置标记：0
2020-12-22 21:29:05:971  车速为：36.5724位置标记为：0
2020-12-22 21:29:05:994  振动分轮计算完成, 位置标记：0
2020-12-22 21:29:06:264  振动特征值计算完成, 位置标记：0
2020-12-22 21:41:16:708  磁钢信号预处理完成，位置标记：1
2020-12-22 21:41:16:721  温度分轮成功，分轮数尺度为：48
2020-12-22 21:41:16:783  轴承端盖温度特征值计算完成, 位置标记：1
2020-12-22 21:41:16:842  电机温度计算完成, 位置标记：1
2020-12-22 21:41:16:845  电机温度计算完成, 位置标记：1
2020-12-22 21:41:16:849  电机温度计算完成, 位置标记：1
2020-12-22 21:41:16:851  电机温度计算完成, 位置标记：1
2020-12-22 21:41:16:854  电机温度计算完成, 位置标记：1
2020-12-22 21:41:16:856  电机温度计算完成, 位置标记：1
2020-12-22 21:41:16:859  电机温度计算完成, 位置标记：1
2020-12-22 21:41:16:861  电机温度计算完成, 位置标记：1
2020-12-22 21:41:16:863  车速为：36.621位置标记为：1
2020-12-22 21:41:16:885  振动分轮计算完成, 位置标记：1
2020-12-22 21:41:17:170  振动特征值计算完成, 位置标记：1
2020-12-22 21:41:17:225  磁钢信号预处理完成，位置标记：0
2020-12-22 21:41:17:238  温度分轮成功，分轮数尺度为：48
2020-12-22 21:41:17:303  轴承端盖温度特征值计算完成, 位置标记：0
2020-12-22 21:41:17:367  电机温度计算完成, 位置标记：0
2020-12-22 21:41:17:370  电机温度计算完成, 位置标记：0
2020-12-22 21:41:17:373  电机温度计算完成, 位置标记：0
2020-12-22 21:41:17:376  电机温度计算完成, 位置标记：0
2020-12-22 21:41:17:379  电机温度计算完成, 位置标记：0
2020-12-22 21:41:17:382  电机温度计算完成, 位置标记：0
2020-12-22 21:41:17:385  电机温度计算完成, 位置标记：0
2020-12-22 21:41:17:387  电机温度计算完成, 位置标记：0
2020-12-22 21:41:17:389  车速为：36.621位置标记为：0
2020-12-22 21:41:17:412  振动分轮计算完成, 位置标记：0
2020-12-22 21:41:17:697  振动特征值计算完成, 位置标记：0
2020-12-22 21:53:04:107  磁钢信号预处理完成，位置标记：1
2020-12-22 21:53:04:117  温度分轮成功，分轮数尺度为：48
2020-12-22 21:53:04:167  轴承端盖温度特征值计算完成, 位置标记：1
2020-12-22 21:53:04:221  电机温度计算完成, 位置标记：1
2020-12-22 21:53:04:225  电机温度计算完成, 位置标记：1
2020-12-22 21:53:04:229  电机温度计算完成, 位置标记：1
2020-12-22 21:53:04:233  电机温度计算完成, 位置标记：1
2020-12-22 21:53:04:236  电机温度计算完成, 位置标记：1
2020-12-22 21:53:04:239  电机温度计算完成, 位置标记：1
2020-12-22 21:53:04:241  电机温度计算完成, 位置标记：1
2020-12-22 21:53:04:244  电机温度计算完成, 位置标记：1
2020-12-22 21:53:04:246  车速为：36.8655位置标记为：1
2020-12-22 21:53:04:264  振动分轮计算完成, 位置标记：1
2020-12-22 21:53:04:509  振动特征值计算完成, 位置标记：1
2020-12-22 21:53:04:557  磁钢信号预处理完成，位置标记：0
2020-12-22 21:53:04:568  温度分轮成功，分轮数尺度为：48
2020-12-22 21:53:04:621  轴承端盖温度特征值计算完成, 位置标记：0
2020-12-22 21:53:04:671  电机温度计算完成, 位置标记：0
2020-12-22 21:53:04:674  电机温度计算完成, 位置标记：0
2020-12-22 21:53:04:676  电机温度计算完成, 位置标记：0
2020-12-22 21:53:04:679  电机温度计算完成, 位置标记：0
2020-12-22 21:53:04:681  电机温度计算完成, 位置标记：0
2020-12-22 21:53:04:683  电机温度计算完成, 位置标记：0
2020-12-22 21:53:04:685  电机温度计算完成, 位置标记：0
2020-12-22 21:53:04:688  电机温度计算完成, 位置标记：0
2020-12-22 21:53:04:690  车速为：36.8655位置标记为：0
2020-12-22 21:53:04:713  振动分轮计算完成, 位置标记：0
2020-12-22 21:53:04:993  振动特征值计算完成, 位置标记：0
