2020-12-16 23:04:34:033  磁钢信号预处理完成，位置标记：1
2020-12-16 23:04:34:044  温度分轮成功，分轮数尺度为：48
2020-12-16 23:04:34:103  轴承端盖温度特征值计算完成, 位置标记：1
2020-12-16 23:04:34:160  电机温度计算完成, 位置标记：1
2020-12-16 23:04:34:163  电机温度计算完成, 位置标记：1
2020-12-16 23:04:34:166  电机温度计算完成, 位置标记：1
2020-12-16 23:04:34:169  电机温度计算完成, 位置标记：1
2020-12-16 23:04:34:172  电机温度计算完成, 位置标记：1
2020-12-16 23:04:34:175  电机温度计算完成, 位置标记：1
2020-12-16 23:04:34:177  电机温度计算完成, 位置标记：1
2020-12-16 23:04:34:180  电机温度计算完成, 位置标记：1
2020-12-16 23:04:34:181  车速为：36.882位置标记为：1
2020-12-16 23:04:34:203  振动有效标记位计算异常，位置标记为：1
2020-12-16 23:04:34:255  磁钢信号预处理完成，位置标记：0
2020-12-16 23:04:34:267  温度分轮成功，分轮数尺度为：48
2020-12-16 23:04:34:331  轴承端盖温度特征值计算完成, 位置标记：0
2020-12-16 23:04:34:392  电机温度计算完成, 位置标记：0
2020-12-16 23:04:34:395  电机温度计算完成, 位置标记：0
2020-12-16 23:04:34:398  电机温度计算完成, 位置标记：0
2020-12-16 23:04:34:401  电机温度计算完成, 位置标记：0
2020-12-16 23:04:34:404  电机温度计算完成, 位置标记：0
2020-12-16 23:04:34:407  电机温度计算完成, 位置标记：0
2020-12-16 23:04:34:410  电机温度计算完成, 位置标记：0
2020-12-16 23:04:34:412  电机温度计算完成, 位置标记：0
2020-12-16 23:04:34:414  车速为：36.882位置标记为：0
2020-12-16 23:04:34:437  振动有效标记位计算异常，位置标记为：0
2020-12-16 23:38:43:628  磁钢信号预处理完成，位置标记：1
2020-12-16 23:38:43:637  温度分轮成功，分轮数尺度为：48
2020-12-16 23:38:43:652  轴承端盖温度特征值计算完成, 位置标记：1
2020-12-16 23:38:43:664  电机温度计算完成, 位置标记：1
2020-12-16 23:38:43:667  电机温度计算完成, 位置标记：1
2020-12-16 23:38:43:669  电机温度计算完成, 位置标记：1
2020-12-16 23:38:43:671  电机温度计算完成, 位置标记：1
2020-12-16 23:38:43:674  电机温度计算完成, 位置标记：1
2020-12-16 23:38:43:676  电机温度计算完成, 位置标记：1
2020-12-16 23:38:43:678  电机温度计算完成, 位置标记：1
2020-12-16 23:38:43:680  电机温度计算完成, 位置标记：1
2020-12-16 23:38:43:681  车速为：91.1894位置标记为：1
2020-12-16 23:38:43:689  振动有效标记位计算异常，位置标记为：1
2020-12-16 23:38:43:726  磁钢信号预处理完成，位置标记：0
2020-12-16 23:38:43:734  温度分轮成功，分轮数尺度为：48
2020-12-16 23:38:43:749  轴承端盖温度特征值计算完成, 位置标记：0
2020-12-16 23:38:43:762  电机温度计算完成, 位置标记：0
2020-12-16 23:38:43:765  电机温度计算完成, 位置标记：0
2020-12-16 23:38:43:767  电机温度计算完成, 位置标记：0
2020-12-16 23:38:43:769  电机温度计算完成, 位置标记：0
2020-12-16 23:38:43:771  电机温度计算完成, 位置标记：0
2020-12-16 23:38:43:773  电机温度计算完成, 位置标记：0
2020-12-16 23:38:43:776  电机温度计算完成, 位置标记：0
2020-12-16 23:38:43:778  电机温度计算完成, 位置标记：0
2020-12-16 23:38:43:779  车速为：91.1894位置标记为：0
2020-12-16 23:38:43:787  振动有效标记位计算异常，位置标记为：0
