2020-12-26 22:01:38:496  磁钢信号预处理完成，位置标记：1
2020-12-26 22:01:38:516  温度分轮成功，分轮数尺度为：48
2020-12-26 22:01:38:538  轴承端盖温度特征值计算完成, 位置标记：1
2020-12-26 22:01:38:560  电机温度计算完成, 位置标记：1
2020-12-26 22:01:38:564  电机温度计算完成, 位置标记：1
2020-12-26 22:01:38:566  电机温度计算完成, 位置标记：1
2020-12-26 22:01:38:570  电机温度计算完成, 位置标记：1
2020-12-26 22:01:38:572  电机温度计算完成, 位置标记：1
2020-12-26 22:01:38:574  电机温度计算完成, 位置标记：1
2020-12-26 22:01:38:578  电机温度计算完成, 位置标记：1
2020-12-26 22:01:38:580  电机温度计算完成, 位置标记：1
2020-12-26 22:01:38:582  车速为：36.8位置标记为：1
2020-12-26 22:01:38:618  振动分轮计算完成, 位置标记：1
2020-12-26 22:01:38:832  振动特征值计算完成, 位置标记：1
2020-12-26 22:01:38:896  磁钢信号预处理完成，位置标记：0
2020-12-26 22:01:38:913  温度分轮成功，分轮数尺度为：48
2020-12-26 22:01:38:933  轴承端盖温度特征值计算完成, 位置标记：0
2020-12-26 22:01:38:955  电机温度计算完成, 位置标记：0
2020-12-26 22:01:38:957  电机温度计算完成, 位置标记：0
2020-12-26 22:01:38:961  电机温度计算完成, 位置标记：0
2020-12-26 22:01:38:963  电机温度计算完成, 位置标记：0
2020-12-26 22:01:38:967  电机温度计算完成, 位置标记：0
2020-12-26 22:01:38:969  电机温度计算完成, 位置标记：0
2020-12-26 22:01:38:971  电机温度计算完成, 位置标记：0
2020-12-26 22:01:38:975  电机温度计算完成, 位置标记：0
2020-12-26 22:01:38:975  车速为：36.8位置标记为：0
2020-12-26 22:01:39:013  振动分轮计算完成, 位置标记：0
2020-12-26 22:01:39:257  振动特征值计算完成, 位置标记：0
2020-12-26 22:24:55:726  磁钢信号预处理完成，位置标记：1
2020-12-26 22:24:55:740  温度分轮成功，分轮数尺度为：48
2020-12-26 22:24:55:752  轴承端盖温度特征值计算完成, 位置标记：1
2020-12-26 22:24:55:764  电机温度计算完成, 位置标记：1
2020-12-26 22:24:55:766  电机温度计算完成, 位置标记：1
2020-12-26 22:24:55:768  电机温度计算完成, 位置标记：1
2020-12-26 22:24:55:770  电机温度计算完成, 位置标记：1
2020-12-26 22:24:55:770  电机温度计算完成, 位置标记：1
2020-12-26 22:24:55:772  电机温度计算完成, 位置标记：1
2020-12-26 22:24:55:774  电机温度计算完成, 位置标记：1
2020-12-26 22:24:55:776  电机温度计算完成, 位置标记：1
2020-12-26 22:24:55:776  车速为：43.8559位置标记为：1
2020-12-26 22:24:55:802  振动分轮计算完成, 位置标记：1
2020-12-26 22:24:55:961  振动特征值计算完成, 位置标记：1
2020-12-26 22:24:56:025  磁钢信号预处理完成，位置标记：0
2020-12-26 22:24:56:045  温度分轮成功，分轮数尺度为：48
2020-12-26 22:24:56:063  轴承端盖温度特征值计算完成, 位置标记：0
2020-12-26 22:24:56:081  电机温度计算完成, 位置标记：0
2020-12-26 22:24:56:083  电机温度计算完成, 位置标记：0
2020-12-26 22:24:56:085  电机温度计算完成, 位置标记：0
2020-12-26 22:24:56:089  电机温度计算完成, 位置标记：0
2020-12-26 22:24:56:091  电机温度计算完成, 位置标记：0
2020-12-26 22:24:56:093  电机温度计算完成, 位置标记：0
2020-12-26 22:24:56:095  电机温度计算完成, 位置标记：0
2020-12-26 22:24:56:097  电机温度计算完成, 位置标记：0
2020-12-26 22:24:56:099  车速为：43.8559位置标记为：0
2020-12-26 22:24:56:129  振动分轮计算完成, 位置标记：0
2020-12-26 22:24:56:271  振动特征值计算完成, 位置标记：0
2020-12-26 22:40:12:981  磁钢信号预处理完成，位置标记：1
2020-12-26 22:40:13:001  温度分轮成功，分轮数尺度为：48
2020-12-26 22:40:13:019  轴承端盖温度特征值计算完成, 位置标记：1
2020-12-26 22:40:13:037  电机温度计算完成, 位置标记：1
2020-12-26 22:40:13:039  电机温度计算完成, 位置标记：1
2020-12-26 22:40:13:041  电机温度计算完成, 位置标记：1
2020-12-26 22:40:13:045  电机温度计算完成, 位置标记：1
2020-12-26 22:40:13:047  电机温度计算完成, 位置标记：1
2020-12-26 22:40:13:049  电机温度计算完成, 位置标记：1
2020-12-26 22:40:13:051  电机温度计算完成, 位置标记：1
2020-12-26 22:40:13:053  电机温度计算完成, 位置标记：1
2020-12-26 22:40:13:055  车速为：43.9957位置标记为：1
2020-12-26 22:40:13:081  振动分轮计算完成, 位置标记：1
2020-12-26 22:40:13:243  振动特征值计算完成, 位置标记：1
2020-12-26 22:40:13:308  磁钢信号预处理完成，位置标记：0
2020-12-26 22:40:13:321  温度分轮成功，分轮数尺度为：48
2020-12-26 22:40:13:334  轴承端盖温度特征值计算完成, 位置标记：0
2020-12-26 22:40:13:346  电机温度计算完成, 位置标记：0
2020-12-26 22:40:13:348  电机温度计算完成, 位置标记：0
2020-12-26 22:40:13:350  电机温度计算完成, 位置标记：0
2020-12-26 22:40:13:352  电机温度计算完成, 位置标记：0
2020-12-26 22:40:13:354  电机温度计算完成, 位置标记：0
2020-12-26 22:40:13:355  电机温度计算完成, 位置标记：0
2020-12-26 22:40:13:355  电机温度计算完成, 位置标记：0
2020-12-26 22:40:13:358  电机温度计算完成, 位置标记：0
2020-12-26 22:40:13:358  车速为：43.9957位置标记为：0
2020-12-26 22:40:13:386  振动分轮计算完成, 位置标记：0
2020-12-26 22:40:13:530  振动特征值计算完成, 位置标记：0
2020-12-26 22:48:11:026  磁钢信号预处理完成，位置标记：1
2020-12-26 22:48:11:048  温度分轮成功，分轮数尺度为：48
2020-12-26 22:48:11:068  轴承端盖温度特征值计算完成, 位置标记：1
2020-12-26 22:48:11:090  电机温度计算完成, 位置标记：1
2020-12-26 22:48:11:092  电机温度计算完成, 位置标记：1
2020-12-26 22:48:11:096  电机温度计算完成, 位置标记：1
2020-12-26 22:48:11:098  电机温度计算完成, 位置标记：1
2020-12-26 22:48:11:102  电机温度计算完成, 位置标记：1
2020-12-26 22:48:11:104  电机温度计算完成, 位置标记：1
2020-12-26 22:48:11:108  电机温度计算完成, 位置标记：1
2020-12-26 22:48:11:110  电机温度计算完成, 位置标记：1
2020-12-26 22:48:11:110  车速为：36.3796位置标记为：1
2020-12-26 22:48:11:142  振动分轮计算完成, 位置标记：1
2020-12-26 22:48:11:312  振动特征值计算完成, 位置标记：1
2020-12-26 22:48:11:378  磁钢信号预处理完成，位置标记：0
2020-12-26 22:48:11:392  温度分轮成功，分轮数尺度为：48
2020-12-26 22:48:11:408  轴承端盖温度特征值计算完成, 位置标记：0
2020-12-26 22:48:11:422  电机温度计算完成, 位置标记：0
2020-12-26 22:48:11:426  电机温度计算完成, 位置标记：0
2020-12-26 22:48:11:428  电机温度计算完成, 位置标记：0
2020-12-26 22:48:11:430  电机温度计算完成, 位置标记：0
2020-12-26 22:48:11:432  电机温度计算完成, 位置标记：0
2020-12-26 22:48:11:434  电机温度计算完成, 位置标记：0
2020-12-26 22:48:11:436  电机温度计算完成, 位置标记：0
2020-12-26 22:48:11:438  电机温度计算完成, 位置标记：0
2020-12-26 22:48:11:438  车速为：36.3796位置标记为：0
2020-12-26 22:48:11:466  振动分轮计算完成, 位置标记：0
2020-12-26 22:48:11:658  振动特征值计算完成, 位置标记：0
2020-12-26 22:55:53:169  磁钢信号预处理完成，位置标记：1
2020-12-26 22:55:53:189  温度分轮成功，分轮数尺度为：48
2020-12-26 22:55:53:207  轴承端盖温度特征值计算完成, 位置标记：1
2020-12-26 22:55:53:225  电机温度计算完成, 位置标记：1
2020-12-26 22:55:53:227  电机温度计算完成, 位置标记：1
2020-12-26 22:55:53:231  电机温度计算完成, 位置标记：1
2020-12-26 22:55:53:233  电机温度计算完成, 位置标记：1
2020-12-26 22:55:53:235  电机温度计算完成, 位置标记：1
2020-12-26 22:55:53:237  电机温度计算完成, 位置标记：1
2020-12-26 22:55:53:239  电机温度计算完成, 位置标记：1
2020-12-26 22:55:53:243  电机温度计算完成, 位置标记：1
2020-12-26 22:55:53:243  车速为：43.8792位置标记为：1
2020-12-26 22:55:53:281  振动分轮计算完成, 位置标记：1
2020-12-26 22:55:53:477  振动特征值计算完成, 位置标记：1
2020-12-26 22:55:53:551  磁钢信号预处理完成，位置标记：0
2020-12-26 22:55:53:567  温度分轮成功，分轮数尺度为：48
2020-12-26 22:55:53:581  轴承端盖温度特征值计算完成, 位置标记：0
2020-12-26 22:55:53:595  电机温度计算完成, 位置标记：0
2020-12-26 22:55:53:597  电机温度计算完成, 位置标记：0
2020-12-26 22:55:53:599  电机温度计算完成, 位置标记：0
2020-12-26 22:55:53:601  电机温度计算完成, 位置标记：0
2020-12-26 22:55:53:603  电机温度计算完成, 位置标记：0
2020-12-26 22:55:53:605  电机温度计算完成, 位置标记：0
2020-12-26 22:55:53:607  电机温度计算完成, 位置标记：0
2020-12-26 22:55:53:609  电机温度计算完成, 位置标记：0
2020-12-26 22:55:53:609  车速为：43.8792位置标记为：0
2020-12-26 22:55:53:645  振动分轮计算完成, 位置标记：0
2020-12-26 22:55:53:838  振动特征值计算完成, 位置标记：0
