2020-12-19 21:01:24:804  磁钢信号预处理完成，位置标记：1
2020-12-19 21:01:24:815  温度分轮成功，分轮数尺度为：48
2020-12-19 21:01:24:828  轴承端盖温度特征值计算完成, 位置标记：1
2020-12-19 21:01:24:836  电机温度计算完成, 位置标记：1
2020-12-19 21:01:24:839  电机温度计算完成, 位置标记：1
2020-12-19 21:01:24:843  电机温度计算完成, 位置标记：1
2020-12-19 21:01:24:846  电机温度计算完成, 位置标记：1
2020-12-19 21:01:24:850  电机温度计算完成, 位置标记：1
2020-12-19 21:01:24:853  电机温度计算完成, 位置标记：1
2020-12-19 21:01:24:858  电机温度计算完成, 位置标记：1
2020-12-19 21:01:24:862  电机温度计算完成, 位置标记：1
2020-12-19 21:01:24:863  车速为：79.0076位置标记为：1
2020-12-19 21:01:24:884  振动分轮计算完成, 位置标记：1
2020-12-19 21:01:25:224  振动特征值计算完成, 位置标记：1
2020-12-19 21:01:25:271  磁钢信号预处理完成，位置标记：0
2020-12-19 21:01:25:281  温度分轮成功，分轮数尺度为：48
2020-12-19 21:01:25:293  轴承端盖温度特征值计算完成, 位置标记：0
2020-12-19 21:01:25:301  电机温度计算完成, 位置标记：0
2020-12-19 21:01:25:304  电机温度计算完成, 位置标记：0
2020-12-19 21:01:25:308  电机温度计算完成, 位置标记：0
2020-12-19 21:01:25:311  电机温度计算完成, 位置标记：0
2020-12-19 21:01:25:315  电机温度计算完成, 位置标记：0
2020-12-19 21:01:25:318  电机温度计算完成, 位置标记：0
2020-12-19 21:01:25:322  电机温度计算完成, 位置标记：0
2020-12-19 21:01:25:325  电机温度计算完成, 位置标记：0
2020-12-19 21:01:25:326  车速为：79.0076位置标记为：0
2020-12-19 21:01:25:347  振动分轮计算完成, 位置标记：0
2020-12-19 21:01:25:680  振动特征值计算完成, 位置标记：0
2020-12-19 21:10:03:985  磁钢信号预处理完成，位置标记：1
2020-12-19 21:10:03:996  温度分轮成功，分轮数尺度为：48
2020-12-19 21:10:04:008  轴承端盖温度特征值计算完成, 位置标记：1
2020-12-19 21:10:04:016  电机温度计算完成, 位置标记：1
2020-12-19 21:10:04:020  电机温度计算完成, 位置标记：1
2020-12-19 21:10:04:023  电机温度计算完成, 位置标记：1
2020-12-19 21:10:04:027  电机温度计算完成, 位置标记：1
2020-12-19 21:10:04:030  电机温度计算完成, 位置标记：1
2020-12-19 21:10:04:034  电机温度计算完成, 位置标记：1
2020-12-19 21:10:04:037  电机温度计算完成, 位置标记：1
2020-12-19 21:10:04:041  电机温度计算完成, 位置标记：1
2020-12-19 21:10:04:042  车速为：78.7821位置标记为：1
2020-12-19 21:10:04:062  振动分轮计算完成, 位置标记：1
2020-12-19 21:10:04:399  振动特征值计算完成, 位置标记：1
2020-12-19 21:10:04:442  磁钢信号预处理完成，位置标记：0
2020-12-19 21:10:04:453  温度分轮成功，分轮数尺度为：48
2020-12-19 21:10:04:464  轴承端盖温度特征值计算完成, 位置标记：0
2020-12-19 21:10:04:472  电机温度计算完成, 位置标记：0
2020-12-19 21:10:04:476  电机温度计算完成, 位置标记：0
2020-12-19 21:10:04:479  电机温度计算完成, 位置标记：0
2020-12-19 21:10:04:483  电机温度计算完成, 位置标记：0
2020-12-19 21:10:04:486  电机温度计算完成, 位置标记：0
2020-12-19 21:10:04:490  电机温度计算完成, 位置标记：0
2020-12-19 21:10:04:494  电机温度计算完成, 位置标记：0
2020-12-19 21:10:04:497  电机温度计算完成, 位置标记：0
2020-12-19 21:10:04:498  车速为：78.7821位置标记为：0
2020-12-19 21:10:04:519  振动分轮计算完成, 位置标记：0
2020-12-19 21:10:04:859  振动特征值计算完成, 位置标记：0
2020-12-19 21:20:00:124  磁钢信号预处理完成，位置标记：1
2020-12-19 21:20:00:135  温度分轮成功，分轮数尺度为：48
2020-12-19 21:20:00:148  轴承端盖温度特征值计算完成, 位置标记：1
2020-12-19 21:20:00:157  电机温度计算完成, 位置标记：1
2020-12-19 21:20:00:160  电机温度计算完成, 位置标记：1
2020-12-19 21:20:00:164  电机温度计算完成, 位置标记：1
2020-12-19 21:20:00:168  电机温度计算完成, 位置标记：1
2020-12-19 21:20:00:171  电机温度计算完成, 位置标记：1
2020-12-19 21:20:00:175  电机温度计算完成, 位置标记：1
2020-12-19 21:20:00:178  电机温度计算完成, 位置标记：1
2020-12-19 21:20:00:184  电机温度计算完成, 位置标记：1
2020-12-19 21:20:00:185  车速为：79.4626位置标记为：1
2020-12-19 21:20:00:206  振动分轮计算完成, 位置标记：1
2020-12-19 21:20:00:524  振动特征值计算完成, 位置标记：1
2020-12-19 21:20:00:568  磁钢信号预处理完成，位置标记：0
2020-12-19 21:20:00:579  温度分轮成功，分轮数尺度为：48
2020-12-19 21:20:00:591  轴承端盖温度特征值计算完成, 位置标记：0
2020-12-19 21:20:00:600  电机温度计算完成, 位置标记：0
2020-12-19 21:20:00:604  电机温度计算完成, 位置标记：0
2020-12-19 21:20:00:607  电机温度计算完成, 位置标记：0
2020-12-19 21:20:00:611  电机温度计算完成, 位置标记：0
2020-12-19 21:20:00:614  电机温度计算完成, 位置标记：0
2020-12-19 21:20:00:618  电机温度计算完成, 位置标记：0
2020-12-19 21:20:00:622  电机温度计算完成, 位置标记：0
2020-12-19 21:20:00:625  电机温度计算完成, 位置标记：0
2020-12-19 21:20:00:626  车速为：79.4626位置标记为：0
2020-12-19 21:20:00:647  振动分轮计算完成, 位置标记：0
2020-12-19 21:20:00:985  振动特征值计算完成, 位置标记：0
2020-12-19 21:29:31:004  磁钢信号预处理完成，位置标记：1
2020-12-19 21:29:31:016  温度分轮成功，分轮数尺度为：48
2020-12-19 21:29:31:028  轴承端盖温度特征值计算完成, 位置标记：1
2020-12-19 21:29:31:040  电机温度计算完成, 位置标记：1
2020-12-19 21:29:31:047  电机温度计算完成, 位置标记：1
2020-12-19 21:29:31:050  电机温度计算完成, 位置标记：1
2020-12-19 21:29:31:054  电机温度计算完成, 位置标记：1
2020-12-19 21:29:31:057  电机温度计算完成, 位置标记：1
2020-12-19 21:29:31:061  电机温度计算完成, 位置标记：1
2020-12-19 21:29:31:064  电机温度计算完成, 位置标记：1
2020-12-19 21:29:31:068  电机温度计算完成, 位置标记：1
2020-12-19 21:29:31:068  车速为：79.3103位置标记为：1
2020-12-19 21:29:31:089  振动分轮计算完成, 位置标记：1
2020-12-19 21:29:31:429  振动特征值计算完成, 位置标记：1
2020-12-19 21:29:31:475  磁钢信号预处理完成，位置标记：0
2020-12-19 21:29:31:487  温度分轮成功，分轮数尺度为：48
2020-12-19 21:29:31:500  轴承端盖温度特征值计算完成, 位置标记：0
2020-12-19 21:29:31:509  电机温度计算完成, 位置标记：0
2020-12-19 21:29:31:512  电机温度计算完成, 位置标记：0
2020-12-19 21:29:31:516  电机温度计算完成, 位置标记：0
2020-12-19 21:29:31:527  电机温度计算完成, 位置标记：0
2020-12-19 21:29:31:531  电机温度计算完成, 位置标记：0
2020-12-19 21:29:31:534  电机温度计算完成, 位置标记：0
2020-12-19 21:29:31:538  电机温度计算完成, 位置标记：0
2020-12-19 21:29:31:541  电机温度计算完成, 位置标记：0
2020-12-19 21:29:31:542  车速为：79.3103位置标记为：0
2020-12-19 21:29:31:563  振动分轮计算完成, 位置标记：0
2020-12-19 21:29:31:901  振动特征值计算完成, 位置标记：0
2020-12-19 21:36:26:021  磁钢信号预处理完成，位置标记：1
2020-12-19 21:36:26:032  温度分轮成功，分轮数尺度为：48
2020-12-19 21:36:26:044  轴承端盖温度特征值计算完成, 位置标记：1
2020-12-19 21:36:26:052  电机温度计算完成, 位置标记：1
2020-12-19 21:36:26:056  电机温度计算完成, 位置标记：1
2020-12-19 21:36:26:061  电机温度计算完成, 位置标记：1
2020-12-19 21:36:26:071  电机温度计算完成, 位置标记：1
2020-12-19 21:36:26:074  电机温度计算完成, 位置标记：1
2020-12-19 21:36:26:078  电机温度计算完成, 位置标记：1
2020-12-19 21:36:26:081  电机温度计算完成, 位置标记：1
2020-12-19 21:36:26:085  电机温度计算完成, 位置标记：1
2020-12-19 21:36:26:086  车速为：80.4665位置标记为：1
2020-12-19 21:36:26:106  振动分轮计算完成, 位置标记：1
2020-12-19 21:36:26:438  振动特征值计算完成, 位置标记：1
2020-12-19 21:36:26:486  磁钢信号预处理完成，位置标记：0
2020-12-19 21:36:26:497  温度分轮成功，分轮数尺度为：48
2020-12-19 21:36:26:510  轴承端盖温度特征值计算完成, 位置标记：0
2020-12-19 21:36:26:518  电机温度计算完成, 位置标记：0
2020-12-19 21:36:26:522  电机温度计算完成, 位置标记：0
2020-12-19 21:36:26:534  电机温度计算完成, 位置标记：0
2020-12-19 21:36:26:538  电机温度计算完成, 位置标记：0
2020-12-19 21:36:26:541  电机温度计算完成, 位置标记：0
2020-12-19 21:36:26:545  电机温度计算完成, 位置标记：0
2020-12-19 21:36:26:548  电机温度计算完成, 位置标记：0
2020-12-19 21:36:26:552  电机温度计算完成, 位置标记：0
2020-12-19 21:36:26:553  车速为：80.4665位置标记为：0
2020-12-19 21:36:26:574  振动分轮计算完成, 位置标记：0
2020-12-19 21:36:26:902  振动特征值计算完成, 位置标记：0
2020-12-19 21:40:41:748  磁钢信号预处理完成，位置标记：1
2020-12-19 21:40:41:759  温度分轮成功，分轮数尺度为：50
2020-12-19 21:40:41:760  m_nAxleMarkG2数据异常，位置标记：1
2020-12-19 21:40:41:761  m_nAxleMarkG2数据不是48个，数据异常，位置标记：1
2020-12-19 21:40:41:762  车速为：79.692位置标记为：1
2020-12-19 21:40:41:782  振动分轮计算完成, 位置标记：1
2020-12-19 21:40:42:116  振动特征值计算完成, 位置标记：1
2020-12-19 21:40:42:162  磁钢信号预处理完成，位置标记：0
2020-12-19 21:40:42:174  温度分轮成功，分轮数尺度为：50
2020-12-19 21:40:42:174  m_nAxleMarkG2数据异常，位置标记：0
2020-12-19 21:40:42:175  m_nAxleMarkG2数据不是48个，数据异常，位置标记：0
2020-12-19 21:40:42:176  车速为：79.692位置标记为：0
2020-12-19 21:40:42:196  振动分轮计算完成, 位置标记：0
2020-12-19 21:40:42:532  振动特征值计算完成, 位置标记：0
2020-12-19 21:48:41:870  磁钢信号预处理完成，位置标记：1
2020-12-19 21:48:41:881  温度分轮成功，分轮数尺度为：48
2020-12-19 21:48:41:893  轴承端盖温度特征值计算完成, 位置标记：1
2020-12-19 21:48:41:902  电机温度计算完成, 位置标记：1
2020-12-19 21:48:41:905  电机温度计算完成, 位置标记：1
2020-12-19 21:48:41:909  电机温度计算完成, 位置标记：1
2020-12-19 21:48:41:912  电机温度计算完成, 位置标记：1
2020-12-19 21:48:41:916  电机温度计算完成, 位置标记：1
2020-12-19 21:48:41:919  电机温度计算完成, 位置标记：1
2020-12-19 21:48:41:923  电机温度计算完成, 位置标记：1
2020-12-19 21:48:41:926  电机温度计算完成, 位置标记：1
2020-12-19 21:48:41:927  车速为：79.4626位置标记为：1
2020-12-19 21:48:41:948  振动分轮计算完成, 位置标记：1
2020-12-19 21:48:42:286  振动特征值计算完成, 位置标记：1
2020-12-19 21:48:42:333  磁钢信号预处理完成，位置标记：0
2020-12-19 21:48:42:344  温度分轮成功，分轮数尺度为：48
2020-12-19 21:48:42:357  轴承端盖温度特征值计算完成, 位置标记：0
2020-12-19 21:48:42:365  电机温度计算完成, 位置标记：0
2020-12-19 21:48:42:368  电机温度计算完成, 位置标记：0
2020-12-19 21:48:42:372  电机温度计算完成, 位置标记：0
2020-12-19 21:48:42:375  电机温度计算完成, 位置标记：0
2020-12-19 21:48:42:379  电机温度计算完成, 位置标记：0
2020-12-19 21:48:42:383  电机温度计算完成, 位置标记：0
2020-12-19 21:48:42:386  电机温度计算完成, 位置标记：0
2020-12-19 21:48:42:390  电机温度计算完成, 位置标记：0
2020-12-19 21:48:42:390  车速为：79.4626位置标记为：0
2020-12-19 21:48:42:411  振动分轮计算完成, 位置标记：0
2020-12-19 21:48:42:746  振动特征值计算完成, 位置标记：0
2020-12-19 21:59:35:512  磁钢信号预处理完成，位置标记：1
2020-12-19 21:59:35:523  温度分轮成功，分轮数尺度为：48
2020-12-19 21:59:35:536  轴承端盖温度特征值计算完成, 位置标记：1
2020-12-19 21:59:35:545  电机温度计算完成, 位置标记：1
2020-12-19 21:59:35:548  电机温度计算完成, 位置标记：1
2020-12-19 21:59:35:552  电机温度计算完成, 位置标记：1
2020-12-19 21:59:35:555  电机温度计算完成, 位置标记：1
2020-12-19 21:59:35:559  电机温度计算完成, 位置标记：1
2020-12-19 21:59:35:562  电机温度计算完成, 位置标记：1
2020-12-19 21:59:35:566  电机温度计算完成, 位置标记：1
2020-12-19 21:59:35:569  电机温度计算完成, 位置标记：1
2020-12-19 21:59:35:570  车速为：78.9323位置标记为：1
2020-12-19 21:59:35:591  振动分轮计算完成, 位置标记：1
2020-12-19 21:59:35:938  振动特征值计算完成, 位置标记：1
2020-12-19 21:59:35:987  磁钢信号预处理完成，位置标记：0
2020-12-19 21:59:35:999  温度分轮成功，分轮数尺度为：48
2020-12-19 21:59:36:012  轴承端盖温度特征值计算完成, 位置标记：0
2020-12-19 21:59:36:021  电机温度计算完成, 位置标记：0
2020-12-19 21:59:36:024  电机温度计算完成, 位置标记：0
2020-12-19 21:59:36:028  电机温度计算完成, 位置标记：0
2020-12-19 21:59:36:031  电机温度计算完成, 位置标记：0
2020-12-19 21:59:36:035  电机温度计算完成, 位置标记：0
2020-12-19 21:59:36:038  电机温度计算完成, 位置标记：0
2020-12-19 21:59:36:041  电机温度计算完成, 位置标记：0
2020-12-19 21:59:36:045  电机温度计算完成, 位置标记：0
2020-12-19 21:59:36:046  车速为：78.9323位置标记为：0
2020-12-19 21:59:36:066  振动分轮计算完成, 位置标记：0
2020-12-19 21:59:36:415  振动特征值计算完成, 位置标记：0
