2020-12-13 20:06:18:048  磁钢信号预处理完成，位置标记：1
2020-12-13 20:06:18:064  温度分轮成功，分轮数尺度为：48
2020-12-13 20:06:18:126  轴承端盖温度特征值计算完成, 位置标记：1
2020-12-13 20:06:18:189  电机温度计算完成, 位置标记：1
2020-12-13 20:06:18:189  电机温度计算完成, 位置标记：1
2020-12-13 20:06:18:189  电机温度计算完成, 位置标记：1
2020-12-13 20:06:18:204  电机温度计算完成, 位置标记：1
2020-12-13 20:06:18:204  电机温度计算完成, 位置标记：1
2020-12-13 20:06:18:204  电机温度计算完成, 位置标记：1
2020-12-13 20:06:18:204  电机温度计算完成, 位置标记：1
2020-12-13 20:06:18:204  电机温度计算完成, 位置标记：1
2020-12-13 20:06:18:204  车速为：36.5724位置标记为：1
2020-12-13 20:06:18:235  振动分轮计算完成, 位置标记：1
2020-12-13 20:06:18:485  振动特征值计算完成, 位置标记：1
2020-12-13 20:06:18:548  磁钢信号预处理完成，位置标记：0
2020-12-13 20:06:18:548  温度分轮成功，分轮数尺度为：48
2020-12-13 20:06:18:626  轴承端盖温度特征值计算完成, 位置标记：0
2020-12-13 20:06:18:689  电机温度计算完成, 位置标记：0
2020-12-13 20:06:18:689  电机温度计算完成, 位置标记：0
2020-12-13 20:06:18:689  电机温度计算完成, 位置标记：0
2020-12-13 20:06:18:689  电机温度计算完成, 位置标记：0
2020-12-13 20:06:18:704  电机温度计算完成, 位置标记：0
2020-12-13 20:06:18:704  电机温度计算完成, 位置标记：0
2020-12-13 20:06:18:704  电机温度计算完成, 位置标记：0
2020-12-13 20:06:18:704  电机温度计算完成, 位置标记：0
2020-12-13 20:06:18:704  车速为：36.5724位置标记为：0
2020-12-13 20:06:18:735  振动分轮计算完成, 位置标记：0
2020-12-13 20:06:19:017  振动特征值计算完成, 位置标记：0
2020-12-13 20:18:11:677  磁钢信号预处理完成，位置标记：1
2020-12-13 20:18:11:693  温度分轮成功，分轮数尺度为：48
2020-12-13 20:18:11:755  轴承端盖温度特征值计算完成, 位置标记：1
2020-12-13 20:18:11:818  电机温度计算完成, 位置标记：1
2020-12-13 20:18:11:833  电机温度计算完成, 位置标记：1
2020-12-13 20:18:11:833  电机温度计算完成, 位置标记：1
2020-12-13 20:18:11:833  电机温度计算完成, 位置标记：1
2020-12-13 20:18:11:833  电机温度计算完成, 位置标记：1
2020-12-13 20:18:11:833  电机温度计算完成, 位置标记：1
2020-12-13 20:18:11:849  电机温度计算完成, 位置标记：1
2020-12-13 20:18:11:849  电机温度计算完成, 位置标记：1
2020-12-13 20:18:11:849  车速为：36.4918位置标记为：1
2020-12-13 20:18:11:865  振动分轮计算完成, 位置标记：1
2020-12-13 20:18:12:162  振动特征值计算完成, 位置标记：1
2020-12-13 20:18:12:208  磁钢信号预处理完成，位置标记：0
2020-12-13 20:18:12:224  温度分轮成功，分轮数尺度为：48
2020-12-13 20:18:12:287  轴承端盖温度特征值计算完成, 位置标记：0
2020-12-13 20:18:12:349  电机温度计算完成, 位置标记：0
2020-12-13 20:18:12:349  电机温度计算完成, 位置标记：0
2020-12-13 20:18:12:365  电机温度计算完成, 位置标记：0
2020-12-13 20:18:12:365  电机温度计算完成, 位置标记：0
2020-12-13 20:18:12:365  电机温度计算完成, 位置标记：0
2020-12-13 20:18:12:365  电机温度计算完成, 位置标记：0
2020-12-13 20:18:12:365  电机温度计算完成, 位置标记：0
2020-12-13 20:18:12:380  电机温度计算完成, 位置标记：0
2020-12-13 20:18:12:380  车速为：36.4918位置标记为：0
2020-12-13 20:18:12:396  振动分轮计算完成, 位置标记：0
2020-12-13 20:18:12:693  振动特征值计算完成, 位置标记：0
2020-12-13 20:29:50:697  磁钢信号预处理完成，位置标记：1
2020-12-13 20:29:50:713  温度分轮成功，分轮数尺度为：48
2020-12-13 20:29:50:775  轴承端盖温度特征值计算完成, 位置标记：1
2020-12-13 20:29:50:838  电机温度计算完成, 位置标记：1
2020-12-13 20:29:50:838  电机温度计算完成, 位置标记：1
2020-12-13 20:29:50:838  电机温度计算完成, 位置标记：1
2020-12-13 20:29:50:838  电机温度计算完成, 位置标记：1
2020-12-13 20:29:50:838  电机温度计算完成, 位置标记：1
2020-12-13 20:29:50:853  电机温度计算完成, 位置标记：1
2020-12-13 20:29:50:853  电机温度计算完成, 位置标记：1
2020-12-13 20:29:50:853  电机温度计算完成, 位置标记：1
2020-12-13 20:29:50:853  车速为：36.7184位置标记为：1
2020-12-13 20:29:50:869  振动有效标记位计算异常，位置标记为：1
2020-12-13 20:29:50:916  磁钢信号预处理完成，位置标记：0
2020-12-13 20:29:50:931  温度分轮成功，分轮数尺度为：48
2020-12-13 20:29:50:994  轴承端盖温度特征值计算完成, 位置标记：0
2020-12-13 20:29:51:041  电机温度计算完成, 位置标记：0
2020-12-13 20:29:51:056  电机温度计算完成, 位置标记：0
2020-12-13 20:29:51:056  电机温度计算完成, 位置标记：0
2020-12-13 20:29:51:056  电机温度计算完成, 位置标记：0
2020-12-13 20:29:51:056  电机温度计算完成, 位置标记：0
2020-12-13 20:29:51:056  电机温度计算完成, 位置标记：0
2020-12-13 20:29:51:072  电机温度计算完成, 位置标记：0
2020-12-13 20:29:51:072  电机温度计算完成, 位置标记：0
2020-12-13 20:29:51:072  车速为：36.7184位置标记为：0
2020-12-13 20:29:51:088  振动有效标记位计算异常，位置标记为：0
2020-12-13 20:41:36:563  磁钢信号预处理完成，位置标记：1
2020-12-13 20:41:36:578  温度分轮成功，分轮数尺度为：48
2020-12-13 20:41:36:641  轴承端盖温度特征值计算完成, 位置标记：1
2020-12-13 20:41:36:703  电机温度计算完成, 位置标记：1
2020-12-13 20:41:36:719  电机温度计算完成, 位置标记：1
2020-12-13 20:41:36:719  电机温度计算完成, 位置标记：1
2020-12-13 20:41:36:719  电机温度计算完成, 位置标记：1
2020-12-13 20:41:36:719  电机温度计算完成, 位置标记：1
2020-12-13 20:41:36:719  电机温度计算完成, 位置标记：1
2020-12-13 20:41:36:719  电机温度计算完成, 位置标记：1
2020-12-13 20:41:36:735  电机温度计算完成, 位置标记：1
2020-12-13 20:41:36:735  车速为：36.6048位置标记为：1
2020-12-13 20:41:36:750  振动分轮计算完成, 位置标记：1
2020-12-13 20:41:37:032  振动特征值计算完成, 位置标记：1
2020-12-13 20:41:37:078  磁钢信号预处理完成，位置标记：0
2020-12-13 20:41:37:094  温度分轮成功，分轮数尺度为：48
2020-12-13 20:41:37:157  轴承端盖温度特征值计算完成, 位置标记：0
2020-12-13 20:41:37:219  电机温度计算完成, 位置标记：0
2020-12-13 20:41:37:219  电机温度计算完成, 位置标记：0
2020-12-13 20:41:37:219  电机温度计算完成, 位置标记：0
2020-12-13 20:41:37:235  电机温度计算完成, 位置标记：0
2020-12-13 20:41:37:235  电机温度计算完成, 位置标记：0
2020-12-13 20:41:37:235  电机温度计算完成, 位置标记：0
2020-12-13 20:41:37:235  电机温度计算完成, 位置标记：0
2020-12-13 20:41:37:235  电机温度计算完成, 位置标记：0
2020-12-13 20:41:37:235  车速为：36.6048位置标记为：0
2020-12-13 20:41:37:266  振动分轮计算完成, 位置标记：0
2020-12-13 20:41:37:547  振动特征值计算完成, 位置标记：0
2020-12-13 20:53:17:484  磁钢信号预处理完成，位置标记：1
2020-12-13 20:53:17:500  温度分轮成功，分轮数尺度为：48
2020-12-13 20:53:17:563  轴承端盖温度特征值计算完成, 位置标记：1
2020-12-13 20:53:17:625  电机温度计算完成, 位置标记：1
2020-12-13 20:53:17:625  电机温度计算完成, 位置标记：1
2020-12-13 20:53:17:641  电机温度计算完成, 位置标记：1
2020-12-13 20:53:17:641  电机温度计算完成, 位置标记：1
2020-12-13 20:53:17:641  电机温度计算完成, 位置标记：1
2020-12-13 20:53:17:641  电机温度计算完成, 位置标记：1
2020-12-13 20:53:17:641  电机温度计算完成, 位置标记：1
2020-12-13 20:53:17:641  电机温度计算完成, 位置标记：1
2020-12-13 20:53:17:641  车速为：36.751位置标记为：1
2020-12-13 20:53:17:672  振动分轮计算完成, 位置标记：1
2020-12-13 20:53:17:953  振动特征值计算完成, 位置标记：1
2020-12-13 20:53:18:000  磁钢信号预处理完成，位置标记：0
2020-12-13 20:53:18:016  温度分轮成功，分轮数尺度为：48
2020-12-13 20:53:18:078  轴承端盖温度特征值计算完成, 位置标记：0
2020-12-13 20:53:18:141  电机温度计算完成, 位置标记：0
2020-12-13 20:53:18:156  电机温度计算完成, 位置标记：0
2020-12-13 20:53:18:156  电机温度计算完成, 位置标记：0
2020-12-13 20:53:18:156  电机温度计算完成, 位置标记：0
2020-12-13 20:53:18:156  电机温度计算完成, 位置标记：0
2020-12-13 20:53:18:156  电机温度计算完成, 位置标记：0
2020-12-13 20:53:18:172  电机温度计算完成, 位置标记：0
2020-12-13 20:53:18:172  电机温度计算完成, 位置标记：0
2020-12-13 20:53:18:172  车速为：36.751位置标记为：0
2020-12-13 20:53:18:188  振动分轮计算完成, 位置标记：0
2020-12-13 20:53:18:484  振动特征值计算完成, 位置标记：0
