2020-12-17 17:00:14:915  磁钢信号预处理完成，位置标记：1
2020-12-17 17:00:15:003  温度分轮成功，分轮数尺度为：0
2020-12-17 17:00:15:003  m_nAxleMarkG2数据异常，位置标记：1
2020-12-17 17:00:15:004  m_nAxleMarkG2数据不是48个，数据异常，位置标记：1
2020-12-17 17:00:15:027  车速为：inf位置标记为：1
2020-12-17 17:00:15:097  振动有效标记位计算异常，位置标记为：1
2020-12-17 17:00:15:451  磁钢信号预处理完成，位置标记：0
2020-12-17 17:00:15:526  温度分轮成功，分轮数尺度为：0
2020-12-17 17:00:15:527  m_nAxleMarkG2数据异常，位置标记：0
2020-12-17 17:00:15:528  m_nAxleMarkG2数据不是48个，数据异常，位置标记：0
2020-12-17 17:00:15:550  车速为：inf位置标记为：0
2020-12-17 17:00:15:622  振动有效标记位计算异常，位置标记为：0
2020-12-17 17:09:32:904  磁钢信号预处理完成，位置标记：1
2020-12-17 17:09:32:966  温度分轮成功，分轮数尺度为：0
2020-12-17 17:09:32:967  m_nAxleMarkG2数据异常，位置标记：1
2020-12-17 17:09:32:968  m_nAxleMarkG2数据不是48个，数据异常，位置标记：1
2020-12-17 17:09:32:987  车速为：inf位置标记为：1
2020-12-17 17:09:33:046  振动有效标记位计算异常，位置标记为：1
2020-12-17 17:09:33:343  磁钢信号预处理完成，位置标记：0
2020-12-17 17:09:33:406  温度分轮成功，分轮数尺度为：0
2020-12-17 17:09:33:407  m_nAxleMarkG2数据异常，位置标记：0
2020-12-17 17:09:33:408  m_nAxleMarkG2数据不是48个，数据异常，位置标记：0
2020-12-17 17:09:33:427  车速为：inf位置标记为：0
2020-12-17 17:09:33:487  振动有效标记位计算异常，位置标记为：0
2020-12-17 17:19:38:968  磁钢信号预处理完成，位置标记：1
2020-12-17 17:19:39:022  温度分轮成功，分轮数尺度为：0
2020-12-17 17:19:39:023  m_nAxleMarkG2数据异常，位置标记：1
2020-12-17 17:19:39:023  m_nAxleMarkG2数据不是48个，数据异常，位置标记：1
2020-12-17 17:19:39:039  车速为：inf位置标记为：1
2020-12-17 17:19:39:086  振动有效标记位计算异常，位置标记为：1
2020-12-17 17:19:39:351  磁钢信号预处理完成，位置标记：0
2020-12-17 17:19:39:410  温度分轮成功，分轮数尺度为：0
2020-12-17 17:19:39:411  m_nAxleMarkG2数据异常，位置标记：0
2020-12-17 17:19:39:411  m_nAxleMarkG2数据不是48个，数据异常，位置标记：0
2020-12-17 17:19:39:429  车速为：inf位置标记为：0
2020-12-17 17:19:39:484  振动有效标记位计算异常，位置标记为：0
2020-12-17 17:30:19:635  磁钢信号预处理完成，位置标记：1
2020-12-17 17:30:19:702  温度分轮成功，分轮数尺度为：0
2020-12-17 17:30:19:703  m_nAxleMarkG2数据异常，位置标记：1
2020-12-17 17:30:19:704  m_nAxleMarkG2数据不是48个，数据异常，位置标记：1
2020-12-17 17:30:19:723  车速为：inf位置标记为：1
2020-12-17 17:30:19:789  振动有效标记位计算异常，位置标记为：1
2020-12-17 17:30:20:117  磁钢信号预处理完成，位置标记：0
2020-12-17 17:30:20:189  温度分轮成功，分轮数尺度为：0
2020-12-17 17:30:20:189  m_nAxleMarkG2数据异常，位置标记：0
2020-12-17 17:30:20:190  m_nAxleMarkG2数据不是48个，数据异常，位置标记：0
2020-12-17 17:30:20:212  车速为：inf位置标记为：0
2020-12-17 17:30:20:278  振动有效标记位计算异常，位置标记为：0
2020-12-17 17:40:04:778  磁钢信号预处理完成，位置标记：1
2020-12-17 17:40:04:843  温度分轮成功，分轮数尺度为：0
2020-12-17 17:40:04:844  m_nAxleMarkG2数据异常，位置标记：1
2020-12-17 17:40:04:844  m_nAxleMarkG2数据不是48个，数据异常，位置标记：1
2020-12-17 17:40:04:865  车速为：inf位置标记为：1
2020-12-17 17:40:04:927  振动有效标记位计算异常，位置标记为：1
2020-12-17 17:40:05:239  磁钢信号预处理完成，位置标记：0
2020-12-17 17:40:05:306  温度分轮成功，分轮数尺度为：0
2020-12-17 17:40:05:306  m_nAxleMarkG2数据异常，位置标记：0
2020-12-17 17:40:05:307  m_nAxleMarkG2数据不是48个，数据异常，位置标记：0
2020-12-17 17:40:05:327  车速为：inf位置标记为：0
2020-12-17 17:40:05:389  振动有效标记位计算异常，位置标记为：0
2020-12-17 17:49:18:212  磁钢信号预处理完成，位置标记：1
2020-12-17 17:49:18:268  温度分轮成功，分轮数尺度为：0
2020-12-17 17:49:18:269  m_nAxleMarkG2数据异常，位置标记：1
2020-12-17 17:49:18:269  m_nAxleMarkG2数据不是48个，数据异常，位置标记：1
2020-12-17 17:49:18:287  车速为：inf位置标记为：1
2020-12-17 17:49:18:341  振动有效标记位计算异常，位置标记为：1
2020-12-17 17:49:18:608  磁钢信号预处理完成，位置标记：0
2020-12-17 17:49:18:660  温度分轮成功，分轮数尺度为：0
2020-12-17 17:49:18:660  m_nAxleMarkG2数据异常，位置标记：0
2020-12-17 17:49:18:661  m_nAxleMarkG2数据不是48个，数据异常，位置标记：0
2020-12-17 17:49:18:677  车速为：inf位置标记为：0
2020-12-17 17:49:18:727  振动有效标记位计算异常，位置标记为：0
2020-12-17 17:59:43:841  磁钢信号预处理完成，位置标记：1
2020-12-17 17:59:43:904  温度分轮成功，分轮数尺度为：0
2020-12-17 17:59:43:905  m_nAxleMarkG2数据异常，位置标记：1
2020-12-17 17:59:43:905  m_nAxleMarkG2数据不是48个，数据异常，位置标记：1
2020-12-17 17:59:43:924  车速为：inf位置标记为：1
2020-12-17 17:59:43:983  振动有效标记位计算异常，位置标记为：1
2020-12-17 17:59:44:278  磁钢信号预处理完成，位置标记：0
2020-12-17 17:59:44:340  温度分轮成功，分轮数尺度为：0
2020-12-17 17:59:44:340  m_nAxleMarkG2数据异常，位置标记：0
2020-12-17 17:59:44:341  m_nAxleMarkG2数据不是48个，数据异常，位置标记：0
2020-12-17 17:59:44:360  车速为：inf位置标记为：0
2020-12-17 17:59:44:421  振动有效标记位计算异常，位置标记为：0
