2020-12-17 17:00:02:550  temperate1完成落盘
2020-12-17 17:00:06:451  temperate2完成落盘
2020-12-17 17:00:10:427  temperate3完成落盘
2020-12-17 17:00:14:401  temperate4完成落盘
2020-12-17 17:00:14:409  开始处理数据
2020-12-17 17:00:14:943  右侧计算完成
2020-12-17 17:00:15:394  左侧计算完成
2020-12-17 17:00:15:396  检查结果数据
2020-12-17 17:00:15:398  通知桌面显示数据
2020-12-17 17:00:15:415  开始写入数据库
2020-12-17 17:00:15:443  预警及报警参数加载完成
2020-12-17 17:00:15:444  数据库打开成功
2020-12-17 17:00:15:446  train_info数据表写入成功
2020-12-17 17:00:15:627  train_onlyid读取成功
2020-12-17 17:00:15:629  train_data数据表写入成功
2020-12-17 17:00:15:630  vt_info数据表，第0次写入成功
2020-12-17 17:00:15:632  vt_info数据表，第1次写入成功
2020-12-17 17:00:15:633  vt_info数据表，第2次写入成功
2020-12-17 17:00:15:635  vt_info数据表，第3次写入成功
2020-12-17 17:00:15:636  vt_info数据表，第4次写入成功
2020-12-17 17:00:15:638  vt_info数据表，第5次写入成功
2020-12-17 17:00:15:639  vt_info数据表，第6次写入成功
2020-12-17 17:00:15:641  vt_info数据表，第7次写入成功
2020-12-17 17:00:15:642  vt_info数据表，第8次写入成功
2020-12-17 17:00:15:644  vt_info数据表，第9次写入成功
2020-12-17 17:00:15:645  vt_info数据表，第10次写入成功
2020-12-17 17:00:15:647  vt_info数据表，第11次写入成功
2020-12-17 17:00:15:649  vt_info数据表，第12次写入成功
2020-12-17 17:00:15:650  vt_info数据表，第13次写入成功
2020-12-17 17:00:15:682  vt_info数据表，第14次写入成功
2020-12-17 17:00:15:684  vt_info数据表，第15次写入成功
2020-12-17 17:00:15:686  vt_info数据表，第16次写入成功
2020-12-17 17:00:15:687  vt_info数据表，第17次写入成功
2020-12-17 17:00:15:689  vt_info数据表，第18次写入成功
2020-12-17 17:00:15:690  vt_info数据表，第19次写入成功
2020-12-17 17:00:15:692  vt_info数据表，第20次写入成功
2020-12-17 17:00:15:693  vt_info数据表，第21次写入成功
2020-12-17 17:00:15:695  vt_info数据表，第22次写入成功
2020-12-17 17:00:15:696  vt_info数据表，第23次写入成功
2020-12-17 17:00:15:698  vt_info数据表，第24次写入成功
2020-12-17 17:00:15:699  vt_info数据表，第25次写入成功
2020-12-17 17:00:15:701  vt_info数据表，第26次写入成功
2020-12-17 17:00:15:703  vt_info数据表，第27次写入成功
2020-12-17 17:00:15:704  vt_info数据表，第28次写入成功
2020-12-17 17:00:15:736  vt_info数据表，第29次写入成功
2020-12-17 17:00:15:738  vt_info数据表，第30次写入成功
2020-12-17 17:00:15:739  vt_info数据表，第31次写入成功
2020-12-17 17:00:15:741  vt_info数据表，第32次写入成功
2020-12-17 17:00:15:743  vt_info数据表，第33次写入成功
2020-12-17 17:00:15:744  vt_info数据表，第34次写入成功
2020-12-17 17:00:15:746  vt_info数据表，第35次写入成功
2020-12-17 17:00:15:748  vt_info数据表，第36次写入成功
2020-12-17 17:00:15:749  vt_info数据表，第37次写入成功
2020-12-17 17:00:15:751  vt_info数据表，第38次写入成功
2020-12-17 17:00:15:752  vt_info数据表，第39次写入成功
2020-12-17 17:00:15:754  vt_info数据表，第40次写入成功
2020-12-17 17:00:15:756  vt_info数据表，第41次写入成功
2020-12-17 17:00:15:757  vt_info数据表，第42次写入成功
2020-12-17 17:00:15:759  vt_info数据表，第43次写入成功
2020-12-17 17:00:15:791  vt_info数据表，第44次写入成功
2020-12-17 17:00:15:793  vt_info数据表，第45次写入成功
2020-12-17 17:00:15:794  vt_info数据表，第46次写入成功
2020-12-17 17:00:15:805  vt_info数据表，第47次写入成功
2020-12-17 17:00:15:807  motor_info数据表，第0次写入成功
2020-12-17 17:00:15:808  motor_info数据表，第1次写入成功
2020-12-17 17:00:15:810  motor_info数据表，第2次写入成功
2020-12-17 17:00:15:811  motor_info数据表，第3次写入成功
2020-12-17 17:00:15:813  motor_info数据表，第4次写入成功
2020-12-17 17:00:15:814  motor_info数据表，第5次写入成功
2020-12-17 17:00:15:816  motor_info数据表，第6次写入成功
2020-12-17 17:00:15:817  motor_info数据表，第7次写入成功
2020-12-17 17:00:15:819  motor_info数据表，第8次写入成功
2020-12-17 17:00:15:820  motor_info数据表，第9次写入成功
2020-12-17 17:00:15:822  motor_info数据表，第10次写入成功
2020-12-17 17:00:15:823  motor_info数据表，第11次写入成功
2020-12-17 17:00:15:825  motor_info数据表，第12次写入成功
2020-12-17 17:00:15:826  motor_info数据表，第13次写入成功
2020-12-17 17:00:15:828  motor_info数据表，第14次写入成功
2020-12-17 17:00:15:860  motor_info数据表，第15次写入成功
2020-12-17 17:00:15:862  数据库关闭！
2020-12-17 17:05:51:225  收到来车信号，流水号：20201217170551，所有设备开始采集
2020-12-17 17:05:51:292  开启A/D采集
2020-12-17 17:06:12:617  收到离车信号，流水号：20201217170551，线号：14，车号：025026，主控端：1，所有设备停止采集
2020-12-17 17:06:12:652  收到停止采集命令，开始停止采集
2020-12-17 17:06:12:691  停止采集数据
2020-12-17 17:06:12:693  采集连接已断开
2020-12-17 17:06:12:695  开始数据分析和落盘
2020-12-17 17:06:16:446  vibration1完成落盘
2020-12-17 17:06:19:550  vibration2完成落盘
2020-12-17 17:06:22:527  vibration3完成落盘
2020-12-17 17:06:25:492  vibration4完成落盘
2020-12-17 17:06:28:662  vibration5完成落盘
2020-12-17 17:06:31:734  vibration6完成落盘
2020-12-17 17:06:35:050  vibration7完成落盘
2020-12-17 17:06:38:546  vibration8完成落盘
2020-12-17 17:06:41:754  magnetic1完成落盘
2020-12-17 17:06:45:002  magnetic2完成落盘
2020-12-17 17:06:48:580  magnetic3完成落盘
2020-12-17 17:06:51:924  magnetic4完成落盘
2020-12-17 17:06:54:821  temperate1完成落盘
2020-12-17 17:06:57:892  temperate2完成落盘
2020-12-17 17:07:01:186  temperate3完成落盘
2020-12-17 17:07:04:295  temperate4完成落盘
2020-12-17 17:07:04:299  开始处理数据
2020-12-17 17:07:04:838  右侧计算完成
2020-12-17 17:07:05:204  左侧计算完成
2020-12-17 17:07:05:206  检查结果数据
2020-12-17 17:07:05:207  通知桌面显示数据
2020-12-17 17:07:05:224  开始写入数据库
2020-12-17 17:07:05:251  预警及报警参数加载完成
2020-12-17 17:07:05:253  数据库打开成功
2020-12-17 17:07:05:254  train_info数据表写入成功
2020-12-17 17:07:05:416  train_onlyid读取成功
2020-12-17 17:07:05:418  train_data数据表写入成功
2020-12-17 17:07:05:420  vt_info数据表，第0次写入成功
2020-12-17 17:07:05:421  vt_info数据表，第1次写入成功
2020-12-17 17:07:05:422  vt_info数据表，第2次写入成功
2020-12-17 17:07:05:423  vt_info数据表，第3次写入成功
2020-12-17 17:07:05:425  vt_info数据表，第4次写入成功
2020-12-17 17:07:05:426  vt_info数据表，第5次写入成功
2020-12-17 17:07:05:427  vt_info数据表，第6次写入成功
2020-12-17 17:07:05:428  vt_info数据表，第7次写入成功
2020-12-17 17:07:05:430  vt_info数据表，第8次写入成功
2020-12-17 17:07:05:431  vt_info数据表，第9次写入成功
2020-12-17 17:07:05:432  vt_info数据表，第10次写入成功
2020-12-17 17:07:05:434  vt_info数据表，第11次写入成功
2020-12-17 17:07:05:435  vt_info数据表，第12次写入成功
2020-12-17 17:07:05:461  vt_info数据表，第13次写入成功
2020-12-17 17:07:05:462  vt_info数据表，第14次写入成功
2020-12-17 17:07:05:463  vt_info数据表，第15次写入成功
2020-12-17 17:07:05:465  vt_info数据表，第16次写入成功
2020-12-17 17:07:05:466  vt_info数据表，第17次写入成功
2020-12-17 17:07:05:467  vt_info数据表，第18次写入成功
2020-12-17 17:07:05:469  vt_info数据表，第19次写入成功
2020-12-17 17:07:05:470  vt_info数据表，第20次写入成功
2020-12-17 17:07:05:471  vt_info数据表，第21次写入成功
2020-12-17 17:07:05:472  vt_info数据表，第22次写入成功
2020-12-17 17:07:05:474  vt_info数据表，第23次写入成功
2020-12-17 17:07:05:475  vt_info数据表，第24次写入成功
2020-12-17 17:07:05:501  vt_info数据表，第25次写入成功
2020-12-17 17:07:05:502  vt_info数据表，第26次写入成功
2020-12-17 17:07:05:504  vt_info数据表，第27次写入成功
2020-12-17 17:07:05:505  vt_info数据表，第28次写入成功
2020-12-17 17:07:05:506  vt_info数据表，第29次写入成功
2020-12-17 17:07:05:507  vt_info数据表，第30次写入成功
2020-12-17 17:07:05:509  vt_info数据表，第31次写入成功
2020-12-17 17:07:05:510  vt_info数据表，第32次写入成功
2020-12-17 17:07:05:512  vt_info数据表，第33次写入成功
2020-12-17 17:07:05:513  vt_info数据表，第34次写入成功
2020-12-17 17:07:05:514  vt_info数据表，第35次写入成功
2020-12-17 17:07:05:540  vt_info数据表，第36次写入成功
2020-12-17 17:07:05:542  vt_info数据表，第37次写入成功
2020-12-17 17:07:05:543  vt_info数据表，第38次写入成功
2020-12-17 17:07:05:544  vt_info数据表，第39次写入成功
2020-12-17 17:07:05:546  vt_info数据表，第40次写入成功
2020-12-17 17:07:05:547  vt_info数据表，第41次写入成功
2020-12-17 17:07:05:548  vt_info数据表，第42次写入成功
2020-12-17 17:07:05:549  vt_info数据表，第43次写入成功
2020-12-17 17:07:05:551  vt_info数据表，第44次写入成功
2020-12-17 17:07:05:552  vt_info数据表，第45次写入成功
2020-12-17 17:07:05:553  vt_info数据表，第46次写入成功
2020-12-17 17:07:05:579  vt_info数据表，第47次写入成功
2020-12-17 17:07:05:581  motor_info数据表，第0次写入成功
2020-12-17 17:07:05:582  motor_info数据表，第1次写入成功
2020-12-17 17:07:05:583  motor_info数据表，第2次写入成功
2020-12-17 17:07:05:592  motor_info数据表，第3次写入成功
2020-12-17 17:07:05:594  motor_info数据表，第4次写入成功
2020-12-17 17:07:05:595  motor_info数据表，第5次写入成功
2020-12-17 17:07:05:597  motor_info数据表，第6次写入成功
2020-12-17 17:07:05:598  motor_info数据表，第7次写入成功
2020-12-17 17:07:05:600  motor_info数据表，第8次写入成功
2020-12-17 17:07:05:601  motor_info数据表，第9次写入成功
2020-12-17 17:07:05:602  motor_info数据表，第10次写入成功
2020-12-17 17:07:05:603  motor_info数据表，第11次写入成功
2020-12-17 17:07:05:605  motor_info数据表，第12次写入成功
2020-12-17 17:07:05:606  motor_info数据表，第13次写入成功
2020-12-17 17:07:05:632  motor_info数据表，第14次写入成功
2020-12-17 17:07:05:633  motor_info数据表，第15次写入成功
2020-12-17 17:07:05:634  数据库关闭！
2020-12-17 17:14:32:889  收到来车信号，流水号：20201217171432，所有设备开始采集
2020-12-17 17:14:32:956  开启A/D采集
2020-12-17 17:14:54:380  收到离车信号，流水号：20201217171432，线号：14，车号：033034，主控端：1，所有设备停止采集
2020-12-17 17:14:54:414  收到停止采集命令，开始停止采集
2020-12-17 17:14:54:450  停止采集数据
2020-12-17 17:14:54:452  采集连接已断开
2020-12-17 17:14:54:454  开始数据分析和落盘
2020-12-17 17:14:59:284  vibration1完成落盘
2020-12-17 17:15:03:312  vibration2完成落盘
2020-12-17 17:15:07:555  vibration3完成落盘
2020-12-17 17:15:11:665  vibration4完成落盘
2020-12-17 17:15:15:877  vibration5完成落盘
2020-12-17 17:15:20:083  vibration6完成落盘
2020-12-17 17:15:24:206  vibration7完成落盘
2020-12-17 17:15:28:247  vibration8完成落盘
2020-12-17 17:15:32:503  magnetic1完成落盘
2020-12-17 17:15:36:725  magnetic2完成落盘
2020-12-17 17:15:40:986  magnetic3完成落盘
2020-12-17 17:15:45:219  magnetic4完成落盘
2020-12-17 17:15:49:286  temperate1完成落盘
2020-12-17 17:15:53:277  temperate2完成落盘
2020-12-17 17:15:57:310  temperate3完成落盘
2020-12-17 17:16:01:324  temperate4完成落盘
2020-12-17 17:16:01:332  开始处理数据
2020-12-17 17:16:01:864  右侧计算完成
2020-12-17 17:16:02:326  左侧计算完成
2020-12-17 17:16:02:327  检查结果数据
2020-12-17 17:16:02:329  通知桌面显示数据
2020-12-17 17:16:02:346  开始写入数据库
2020-12-17 17:16:02:374  预警及报警参数加载完成
2020-12-17 17:16:02:376  数据库打开成功
2020-12-17 17:16:02:377  train_info数据表写入成功
2020-12-17 17:16:02:563  train_onlyid读取成功
2020-12-17 17:16:02:565  train_data数据表写入成功
2020-12-17 17:16:02:566  vt_info数据表，第0次写入成功
2020-12-17 17:16:02:568  vt_info数据表，第1次写入成功
2020-12-17 17:16:02:569  vt_info数据表，第2次写入成功
2020-12-17 17:16:02:571  vt_info数据表，第3次写入成功
2020-12-17 17:16:02:572  vt_info数据表，第4次写入成功
2020-12-17 17:16:02:574  vt_info数据表，第5次写入成功
2020-12-17 17:16:02:576  vt_info数据表，第6次写入成功
2020-12-17 17:16:02:577  vt_info数据表，第7次写入成功
2020-12-17 17:16:02:579  vt_info数据表，第8次写入成功
2020-12-17 17:16:02:580  vt_info数据表，第9次写入成功
2020-12-17 17:16:02:582  vt_info数据表，第10次写入成功
2020-12-17 17:16:02:583  vt_info数据表，第11次写入成功
2020-12-17 17:16:02:585  vt_info数据表，第12次写入成功
2020-12-17 17:16:02:586  vt_info数据表，第13次写入成功
2020-12-17 17:16:02:588  vt_info数据表，第14次写入成功
2020-12-17 17:16:02:589  vt_info数据表，第15次写入成功
2020-12-17 17:16:02:591  vt_info数据表，第16次写入成功
2020-12-17 17:16:02:623  vt_info数据表，第17次写入成功
2020-12-17 17:16:02:625  vt_info数据表，第18次写入成功
2020-12-17 17:16:02:627  vt_info数据表，第19次写入成功
2020-12-17 17:16:02:628  vt_info数据表，第20次写入成功
2020-12-17 17:16:02:630  vt_info数据表，第21次写入成功
2020-12-17 17:16:02:632  vt_info数据表，第22次写入成功
2020-12-17 17:16:02:633  vt_info数据表，第23次写入成功
2020-12-17 17:16:02:635  vt_info数据表，第24次写入成功
2020-12-17 17:16:02:636  vt_info数据表，第25次写入成功
2020-12-17 17:16:02:638  vt_info数据表，第26次写入成功
2020-12-17 17:16:02:639  vt_info数据表，第27次写入成功
2020-12-17 17:16:02:641  vt_info数据表，第28次写入成功
2020-12-17 17:16:02:643  vt_info数据表，第29次写入成功
2020-12-17 17:16:02:644  vt_info数据表，第30次写入成功
2020-12-17 17:16:02:646  vt_info数据表，第31次写入成功
2020-12-17 17:16:02:647  vt_info数据表，第32次写入成功
2020-12-17 17:16:02:649  vt_info数据表，第33次写入成功
2020-12-17 17:16:02:682  vt_info数据表，第34次写入成功
2020-12-17 17:16:02:683  vt_info数据表，第35次写入成功
2020-12-17 17:16:02:685  vt_info数据表，第36次写入成功
2020-12-17 17:16:02:687  vt_info数据表，第37次写入成功
2020-12-17 17:16:02:688  vt_info数据表，第38次写入成功
2020-12-17 17:16:02:690  vt_info数据表，第39次写入成功
2020-12-17 17:16:02:692  vt_info数据表，第40次写入成功
2020-12-17 17:16:02:693  vt_info数据表，第41次写入成功
2020-12-17 17:16:02:695  vt_info数据表，第42次写入成功
2020-12-17 17:16:02:697  vt_info数据表，第43次写入成功
2020-12-17 17:16:02:698  vt_info数据表，第44次写入成功
2020-12-17 17:16:02:700  vt_info数据表，第45次写入成功
2020-12-17 17:16:02:702  vt_info数据表，第46次写入成功
2020-12-17 17:16:02:703  vt_info数据表，第47次写入成功
2020-12-17 17:16:02:705  motor_info数据表，第0次写入成功
2020-12-17 17:16:02:706  motor_info数据表，第1次写入成功
2020-12-17 17:16:02:748  motor_info数据表，第2次写入成功
2020-12-17 17:16:02:750  motor_info数据表，第3次写入成功
2020-12-17 17:16:02:752  motor_info数据表，第4次写入成功
2020-12-17 17:16:02:753  motor_info数据表，第5次写入成功
2020-12-17 17:16:02:755  motor_info数据表，第6次写入成功
2020-12-17 17:16:02:756  motor_info数据表，第7次写入成功
2020-12-17 17:16:02:758  motor_info数据表，第8次写入成功
2020-12-17 17:16:02:759  motor_info数据表，第9次写入成功
2020-12-17 17:16:02:761  motor_info数据表，第10次写入成功
2020-12-17 17:16:02:762  motor_info数据表，第11次写入成功
2020-12-17 17:16:02:764  motor_info数据表，第12次写入成功
2020-12-17 17:16:02:765  motor_info数据表，第13次写入成功
2020-12-17 17:16:02:767  motor_info数据表，第14次写入成功
2020-12-17 17:16:02:768  motor_info数据表，第15次写入成功
2020-12-17 17:16:02:770  数据库关闭！
2020-12-17 17:22:59:398  收到来车信号，流水号：20201217172259，所有设备开始采集
2020-12-17 17:22:59:466  开启A/D采集
2020-12-17 17:23:20:820  收到离车信号，流水号：20201217172259，线号：14，车号：045046，主控端：0，所有设备停止采集
2020-12-17 17:23:20:854  收到停止采集命令，开始停止采集
2020-12-17 17:23:20:891  停止采集数据
2020-12-17 17:23:20:893  采集连接已断开
2020-12-17 17:23:20:895  开始数据分析和落盘
2020-12-17 17:23:25:695  vibration1完成落盘
2020-12-17 17:23:29:877  vibration2完成落盘
2020-12-17 17:23:34:021  vibration3完成落盘
2020-12-17 17:23:38:230  vibration4完成落盘
2020-12-17 17:23:42:412  vibration5完成落盘
2020-12-17 17:23:46:613  vibration6完成落盘
2020-12-17 17:23:50:785  vibration7完成落盘
2020-12-17 17:23:54:832  vibration8完成落盘
2020-12-17 17:23:59:053  magnetic1完成落盘
2020-12-17 17:24:03:239  magnetic2完成落盘
2020-12-17 17:24:07:409  magnetic3完成落盘
2020-12-17 17:24:11:601  magnetic4完成落盘
2020-12-17 17:24:15:542  temperate1完成落盘
2020-12-17 17:24:19:543  temperate2完成落盘
2020-12-17 17:24:23:485  temperate3完成落盘
2020-12-17 17:24:27:462  temperate4完成落盘
2020-12-17 17:24:27:468  开始处理数据
2020-12-17 17:24:28:009  右侧计算完成
2020-12-17 17:24:28:464  左侧计算完成
2020-12-17 17:24:28:465  检查结果数据
2020-12-17 17:24:28:467  通知桌面显示数据
2020-12-17 17:24:28:484  开始写入数据库
2020-12-17 17:24:28:512  预警及报警参数加载完成
2020-12-17 17:24:28:514  数据库打开成功
2020-12-17 17:24:28:515  train_info数据表写入成功
2020-12-17 17:24:28:695  train_onlyid读取成功
2020-12-17 17:24:28:697  train_data数据表写入成功
2020-12-17 17:24:28:698  vt_info数据表，第0次写入成功
2020-12-17 17:24:28:700  vt_info数据表，第1次写入成功
2020-12-17 17:24:28:702  vt_info数据表，第2次写入成功
2020-12-17 17:24:28:703  vt_info数据表，第3次写入成功
2020-12-17 17:24:28:705  vt_info数据表，第4次写入成功
2020-12-17 17:24:28:706  vt_info数据表，第5次写入成功
2020-12-17 17:24:28:708  vt_info数据表，第6次写入成功
2020-12-17 17:24:28:709  vt_info数据表，第7次写入成功
2020-12-17 17:24:28:711  vt_info数据表，第8次写入成功
2020-12-17 17:24:28:712  vt_info数据表，第9次写入成功
2020-12-17 17:24:28:714  vt_info数据表，第10次写入成功
2020-12-17 17:24:28:715  vt_info数据表，第11次写入成功
2020-12-17 17:24:28:717  vt_info数据表，第12次写入成功
2020-12-17 17:24:28:719  vt_info数据表，第13次写入成功
2020-12-17 17:24:28:751  vt_info数据表，第14次写入成功
2020-12-17 17:24:28:753  vt_info数据表，第15次写入成功
2020-12-17 17:24:28:754  vt_info数据表，第16次写入成功
2020-12-17 17:24:28:756  vt_info数据表，第17次写入成功
2020-12-17 17:24:28:757  vt_info数据表，第18次写入成功
2020-12-17 17:24:28:759  vt_info数据表，第19次写入成功
2020-12-17 17:24:28:761  vt_info数据表，第20次写入成功
2020-12-17 17:24:28:762  vt_info数据表，第21次写入成功
2020-12-17 17:24:28:764  vt_info数据表，第22次写入成功
2020-12-17 17:24:28:765  vt_info数据表，第23次写入成功
2020-12-17 17:24:28:767  vt_info数据表，第24次写入成功
2020-12-17 17:24:28:768  vt_info数据表，第25次写入成功
2020-12-17 17:24:28:770  vt_info数据表，第26次写入成功
2020-12-17 17:24:28:771  vt_info数据表，第27次写入成功
2020-12-17 17:24:28:773  vt_info数据表，第28次写入成功
2020-12-17 17:24:28:775  vt_info数据表，第29次写入成功
2020-12-17 17:24:28:807  vt_info数据表，第30次写入成功
2020-12-17 17:24:28:808  vt_info数据表，第31次写入成功
2020-12-17 17:24:28:810  vt_info数据表，第32次写入成功
2020-12-17 17:24:28:812  vt_info数据表，第33次写入成功
2020-12-17 17:24:28:813  vt_info数据表，第34次写入成功
2020-12-17 17:24:28:815  vt_info数据表，第35次写入成功
2020-12-17 17:24:28:816  vt_info数据表，第36次写入成功
2020-12-17 17:24:28:818  vt_info数据表，第37次写入成功
2020-12-17 17:24:28:820  vt_info数据表，第38次写入成功
2020-12-17 17:24:28:821  vt_info数据表，第39次写入成功
2020-12-17 17:24:28:823  vt_info数据表，第40次写入成功
2020-12-17 17:24:28:824  vt_info数据表，第41次写入成功
2020-12-17 17:24:28:826  vt_info数据表，第42次写入成功
2020-12-17 17:24:28:827  vt_info数据表，第43次写入成功
2020-12-17 17:24:28:829  vt_info数据表，第44次写入成功
2020-12-17 17:24:28:861  vt_info数据表，第45次写入成功
2020-12-17 17:24:28:862  vt_info数据表，第46次写入成功
2020-12-17 17:24:28:873  vt_info数据表，第47次写入成功
2020-12-17 17:24:28:875  motor_info数据表，第0次写入成功
2020-12-17 17:24:28:876  motor_info数据表，第1次写入成功
2020-12-17 17:24:28:878  motor_info数据表，第2次写入成功
2020-12-17 17:24:28:879  motor_info数据表，第3次写入成功
2020-12-17 17:24:28:881  motor_info数据表，第4次写入成功
2020-12-17 17:24:28:882  motor_info数据表，第5次写入成功
2020-12-17 17:24:28:884  motor_info数据表，第6次写入成功
2020-12-17 17:24:28:885  motor_info数据表，第7次写入成功
2020-12-17 17:24:28:887  motor_info数据表，第8次写入成功
2020-12-17 17:24:28:888  motor_info数据表，第9次写入成功
2020-12-17 17:24:28:890  motor_info数据表，第10次写入成功
2020-12-17 17:24:28:891  motor_info数据表，第11次写入成功
2020-12-17 17:24:28:893  motor_info数据表，第12次写入成功
2020-12-17 17:24:28:894  motor_info数据表，第13次写入成功
2020-12-17 17:24:28:896  motor_info数据表，第14次写入成功
2020-12-17 17:24:28:928  motor_info数据表，第15次写入成功
2020-12-17 17:24:28:930  数据库关闭！
2020-12-17 17:28:44:325  收到来车信号，流水号：20201217172844，所有设备开始采集
2020-12-17 17:28:44:393  开启A/D采集
2020-12-17 17:29:05:619  收到离车信号，流水号：20201217172844，线号：14，车号：047048，主控端：1，所有设备停止采集
2020-12-17 17:29:05:653  收到停止采集命令，开始停止采集
2020-12-17 17:29:05:688  停止采集数据
2020-12-17 17:29:05:690  采集连接已断开
2020-12-17 17:29:05:692  开始数据分析和落盘
2020-12-17 17:29:10:470  vibration1完成落盘
2020-12-17 17:29:14:661  vibration2完成落盘
2020-12-17 17:29:18:796  vibration3完成落盘
2020-12-17 17:29:22:999  vibration4完成落盘
2020-12-17 17:29:27:018  vibration5完成落盘
2020-12-17 17:29:31:132  vibration6完成落盘
2020-12-17 17:29:35:308  vibration7完成落盘
2020-12-17 17:29:39:391  vibration8完成落盘
2020-12-17 17:29:43:547  magnetic1完成落盘
2020-12-17 17:29:47:680  magnetic2完成落盘
2020-12-17 17:29:51:876  magnetic3完成落盘
2020-12-17 17:29:56:051  magnetic4完成落盘
2020-12-17 17:29:59:908  temperate1完成落盘
2020-12-17 17:30:03:862  temperate2完成落盘
2020-12-17 17:30:07:833  temperate3完成落盘
2020-12-17 17:30:11:766  temperate4完成落盘
2020-12-17 17:30:11:775  开始处理数据
2020-12-17 17:30:12:312  右侧计算完成
2020-12-17 17:30:12:762  左侧计算完成
2020-12-17 17:30:12:764  检查结果数据
2020-12-17 17:30:12:765  通知桌面显示数据
2020-12-17 17:30:12:782  开始写入数据库
2020-12-17 17:30:12:811  预警及报警参数加载完成
2020-12-17 17:30:12:812  数据库打开成功
2020-12-17 17:30:12:814  train_info数据表写入成功
2020-12-17 17:30:12:994  train_onlyid读取成功
2020-12-17 17:30:12:995  train_data数据表写入成功
2020-12-17 17:30:12:997  vt_info数据表，第0次写入成功
2020-12-17 17:30:12:998  vt_info数据表，第1次写入成功
2020-12-17 17:30:13:000  vt_info数据表，第2次写入成功
2020-12-17 17:30:13:001  vt_info数据表，第3次写入成功
2020-12-17 17:30:13:003  vt_info数据表，第4次写入成功
2020-12-17 17:30:13:004  vt_info数据表，第5次写入成功
2020-12-17 17:30:13:006  vt_info数据表，第6次写入成功
2020-12-17 17:30:13:008  vt_info数据表，第7次写入成功
2020-12-17 17:30:13:009  vt_info数据表，第8次写入成功
2020-12-17 17:30:13:011  vt_info数据表，第9次写入成功
2020-12-17 17:30:13:012  vt_info数据表，第10次写入成功
2020-12-17 17:30:13:014  vt_info数据表，第11次写入成功
2020-12-17 17:30:13:015  vt_info数据表，第12次写入成功
2020-12-17 17:30:13:017  vt_info数据表，第13次写入成功
2020-12-17 17:30:13:018  vt_info数据表，第14次写入成功
2020-12-17 17:30:13:051  vt_info数据表，第15次写入成功
2020-12-17 17:30:13:052  vt_info数据表，第16次写入成功
2020-12-17 17:30:13:054  vt_info数据表，第17次写入成功
2020-12-17 17:30:13:056  vt_info数据表，第18次写入成功
2020-12-17 17:30:13:057  vt_info数据表，第19次写入成功
2020-12-17 17:30:13:059  vt_info数据表，第20次写入成功
2020-12-17 17:30:13:061  vt_info数据表，第21次写入成功
2020-12-17 17:30:13:062  vt_info数据表，第22次写入成功
2020-12-17 17:30:13:064  vt_info数据表，第23次写入成功
2020-12-17 17:30:13:066  vt_info数据表，第24次写入成功
2020-12-17 17:30:13:067  vt_info数据表，第25次写入成功
2020-12-17 17:30:13:069  vt_info数据表，第26次写入成功
2020-12-17 17:30:13:071  vt_info数据表，第27次写入成功
2020-12-17 17:30:13:073  vt_info数据表，第28次写入成功
2020-12-17 17:30:13:074  vt_info数据表，第29次写入成功
2020-12-17 17:30:13:107  vt_info数据表，第30次写入成功
2020-12-17 17:30:13:108  vt_info数据表，第31次写入成功
2020-12-17 17:30:13:110  vt_info数据表，第32次写入成功
2020-12-17 17:30:13:112  vt_info数据表，第33次写入成功
2020-12-17 17:30:13:113  vt_info数据表，第34次写入成功
2020-12-17 17:30:13:115  vt_info数据表，第35次写入成功
2020-12-17 17:30:13:116  vt_info数据表，第36次写入成功
2020-12-17 17:30:13:118  vt_info数据表，第37次写入成功
2020-12-17 17:30:13:120  vt_info数据表，第38次写入成功
2020-12-17 17:30:13:122  vt_info数据表，第39次写入成功
2020-12-17 17:30:13:123  vt_info数据表，第40次写入成功
2020-12-17 17:30:13:125  vt_info数据表，第41次写入成功
2020-12-17 17:30:13:126  vt_info数据表，第42次写入成功
2020-12-17 17:30:13:128  vt_info数据表，第43次写入成功
2020-12-17 17:30:13:130  vt_info数据表，第44次写入成功
2020-12-17 17:30:13:171  vt_info数据表，第45次写入成功
2020-12-17 17:30:13:173  vt_info数据表，第46次写入成功
2020-12-17 17:30:13:174  vt_info数据表，第47次写入成功
2020-12-17 17:30:13:176  motor_info数据表，第0次写入成功
2020-12-17 17:30:13:177  motor_info数据表，第1次写入成功
2020-12-17 17:30:13:179  motor_info数据表，第2次写入成功
2020-12-17 17:30:13:181  motor_info数据表，第3次写入成功
2020-12-17 17:30:13:182  motor_info数据表，第4次写入成功
2020-12-17 17:30:13:184  motor_info数据表，第5次写入成功
2020-12-17 17:30:13:185  motor_info数据表，第6次写入成功
2020-12-17 17:30:13:187  motor_info数据表，第7次写入成功
2020-12-17 17:30:13:188  motor_info数据表，第8次写入成功
2020-12-17 17:30:13:190  motor_info数据表，第9次写入成功
2020-12-17 17:30:13:191  motor_info数据表，第10次写入成功
2020-12-17 17:30:13:193  motor_info数据表，第11次写入成功
2020-12-17 17:30:13:195  motor_info数据表，第12次写入成功
2020-12-17 17:30:13:196  motor_info数据表，第13次写入成功
2020-12-17 17:30:13:198  motor_info数据表，第14次写入成功
2020-12-17 17:30:13:199  motor_info数据表，第15次写入成功
2020-12-17 17:30:13:201  数据库关闭！
2020-12-17 17:32:49:022  收到来车信号，流水号：20201217173248，所有设备开始采集
2020-12-17 17:32:49:090  开启A/D采集
2020-12-17 17:33:10:353  收到离车信号，流水号：20201217173248，线号：21，车号：031032，主控端：1，所有设备停止采集
2020-12-17 17:33:10:387  收到停止采集命令，开始停止采集
2020-12-17 17:33:10:426  停止采集数据
2020-12-17 17:33:10:428  采集连接已断开
2020-12-17 17:33:10:429  开始数据分析和落盘
2020-12-17 17:33:15:190  vibration1完成落盘
2020-12-17 17:33:19:234  vibration2完成落盘
2020-12-17 17:33:23:378  vibration3完成落盘
2020-12-17 17:33:27:575  vibration4完成落盘
2020-12-17 17:33:31:823  vibration5完成落盘
2020-12-17 17:33:36:027  vibration6完成落盘
2020-12-17 17:33:40:209  vibration7完成落盘
2020-12-17 17:33:44:435  vibration8完成落盘
2020-12-17 17:33:48:643  magnetic1完成落盘
2020-12-17 17:33:52:811  magnetic2完成落盘
2020-12-17 17:33:56:988  magnetic3完成落盘
2020-12-17 17:34:01:183  magnetic4完成落盘
2020-12-17 17:34:05:181  temperate1完成落盘
2020-12-17 17:34:09:174  temperate2完成落盘
2020-12-17 17:34:13:149  temperate3完成落盘
2020-12-17 17:34:17:156  temperate4完成落盘
2020-12-17 17:34:17:162  开始处理数据
2020-12-17 17:34:17:720  右侧计算完成
2020-12-17 17:34:18:177  左侧计算完成
2020-12-17 17:34:18:178  检查结果数据
2020-12-17 17:34:18:180  通知桌面显示数据
2020-12-17 17:34:18:197  开始写入数据库
2020-12-17 17:34:18:225  预警及报警参数加载完成
2020-12-17 17:34:18:227  数据库打开成功
2020-12-17 17:34:18:228  train_info数据表写入成功
2020-12-17 17:34:18:410  train_onlyid读取成功
2020-12-17 17:34:18:412  train_data数据表写入成功
2020-12-17 17:34:18:413  vt_info数据表，第0次写入成功
2020-12-17 17:34:18:415  vt_info数据表，第1次写入成功
2020-12-17 17:34:18:416  vt_info数据表，第2次写入成功
2020-12-17 17:34:18:418  vt_info数据表，第3次写入成功
2020-12-17 17:34:18:419  vt_info数据表，第4次写入成功
2020-12-17 17:34:18:421  vt_info数据表，第5次写入成功
2020-12-17 17:34:18:422  vt_info数据表，第6次写入成功
2020-12-17 17:34:18:424  vt_info数据表，第7次写入成功
2020-12-17 17:34:18:426  vt_info数据表，第8次写入成功
2020-12-17 17:34:18:427  vt_info数据表，第9次写入成功
2020-12-17 17:34:18:429  vt_info数据表，第10次写入成功
2020-12-17 17:34:18:430  vt_info数据表，第11次写入成功
2020-12-17 17:34:18:432  vt_info数据表，第12次写入成功
2020-12-17 17:34:18:433  vt_info数据表，第13次写入成功
2020-12-17 17:34:18:435  vt_info数据表，第14次写入成功
2020-12-17 17:34:18:436  vt_info数据表，第15次写入成功
2020-12-17 17:34:18:438  vt_info数据表，第16次写入成功
2020-12-17 17:34:18:470  vt_info数据表，第17次写入成功
2020-12-17 17:34:18:472  vt_info数据表，第18次写入成功
2020-12-17 17:34:18:474  vt_info数据表，第19次写入成功
2020-12-17 17:34:18:475  vt_info数据表，第20次写入成功
2020-12-17 17:34:18:477  vt_info数据表，第21次写入成功
2020-12-17 17:34:18:478  vt_info数据表，第22次写入成功
2020-12-17 17:34:18:480  vt_info数据表，第23次写入成功
2020-12-17 17:34:18:482  vt_info数据表，第24次写入成功
2020-12-17 17:34:18:483  vt_info数据表，第25次写入成功
2020-12-17 17:34:18:485  vt_info数据表，第26次写入成功
2020-12-17 17:34:18:486  vt_info数据表，第27次写入成功
2020-12-17 17:34:18:488  vt_info数据表，第28次写入成功
2020-12-17 17:34:18:490  vt_info数据表，第29次写入成功
2020-12-17 17:34:18:491  vt_info数据表，第30次写入成功
2020-12-17 17:34:18:493  vt_info数据表，第31次写入成功
2020-12-17 17:34:18:495  vt_info数据表，第32次写入成功
2020-12-17 17:34:18:527  vt_info数据表，第33次写入成功
2020-12-17 17:34:18:528  vt_info数据表，第34次写入成功
2020-12-17 17:34:18:530  vt_info数据表，第35次写入成功
2020-12-17 17:34:18:532  vt_info数据表，第36次写入成功
2020-12-17 17:34:18:533  vt_info数据表，第37次写入成功
2020-12-17 17:34:18:535  vt_info数据表，第38次写入成功
2020-12-17 17:34:18:537  vt_info数据表，第39次写入成功
2020-12-17 17:34:18:538  vt_info数据表，第40次写入成功
2020-12-17 17:34:18:540  vt_info数据表，第41次写入成功
2020-12-17 17:34:18:541  vt_info数据表，第42次写入成功
2020-12-17 17:34:18:543  vt_info数据表，第43次写入成功
2020-12-17 17:34:18:544  vt_info数据表，第44次写入成功
2020-12-17 17:34:18:546  vt_info数据表，第45次写入成功
2020-12-17 17:34:18:548  vt_info数据表，第46次写入成功
2020-12-17 17:34:18:549  vt_info数据表，第47次写入成功
2020-12-17 17:34:18:551  motor_info数据表，第0次写入成功
2020-12-17 17:34:18:594  motor_info数据表，第1次写入成功
2020-12-17 17:34:18:595  motor_info数据表，第2次写入成功
2020-12-17 17:34:18:598  motor_info数据表，第3次写入成功
2020-12-17 17:34:18:599  motor_info数据表，第4次写入成功
2020-12-17 17:34:18:601  motor_info数据表，第5次写入成功
2020-12-17 17:34:18:602  motor_info数据表，第6次写入成功
2020-12-17 17:34:18:604  motor_info数据表，第7次写入成功
2020-12-17 17:34:18:605  motor_info数据表，第8次写入成功
2020-12-17 17:34:18:607  motor_info数据表，第9次写入成功
2020-12-17 17:34:18:608  motor_info数据表，第10次写入成功
2020-12-17 17:34:18:609  motor_info数据表，第11次写入成功
2020-12-17 17:34:18:611  motor_info数据表，第12次写入成功
2020-12-17 17:34:18:613  motor_info数据表，第13次写入成功
2020-12-17 17:34:18:614  motor_info数据表，第14次写入成功
2020-12-17 17:34:18:616  motor_info数据表，第15次写入成功
2020-12-17 17:34:18:616  数据库关闭！
2020-12-17 17:39:17:375  收到来车信号，流水号：20201217173917，所有设备开始采集
2020-12-17 17:39:17:442  开启A/D采集
2020-12-17 17:39:38:845  收到离车信号，流水号：20201217173917，线号：14，车号：039040，主控端：0，所有设备停止采集
2020-12-17 17:39:38:879  收到停止采集命令，开始停止采集
2020-12-17 17:39:38:917  停止采集数据
2020-12-17 17:39:38:919  采集连接已断开
2020-12-17 17:39:38:921  开始数据分析和落盘
2020-12-17 17:39:43:771  vibration1完成落盘
2020-12-17 17:39:47:980  vibration2完成落盘
2020-12-17 17:39:52:098  vibration3完成落盘
2020-12-17 17:39:56:352  vibration4完成落盘
2020-12-17 17:40:00:565  vibration5完成落盘
2020-12-17 17:40:04:794  vibration6完成落盘
2020-12-17 17:40:08:990  vibration7完成落盘
2020-12-17 17:40:13:216  vibration8完成落盘
2020-12-17 17:40:17:485  magnetic1完成落盘
2020-12-17 17:40:21:686  magnetic2完成落盘
2020-12-17 17:40:25:807  magnetic3完成落盘
2020-12-17 17:40:30:060  magnetic4完成落盘
2020-12-17 17:40:34:041  temperate1完成落盘
2020-12-17 17:40:38:098  temperate2完成落盘
2020-12-17 17:40:42:110  temperate3完成落盘
2020-12-17 17:40:46:001  temperate4完成落盘
2020-12-17 17:40:46:008  开始处理数据
2020-12-17 17:40:46:567  右侧计算完成
2020-12-17 17:40:47:030  左侧计算完成
2020-12-17 17:40:47:031  检查结果数据
2020-12-17 17:40:47:033  通知桌面显示数据
2020-12-17 17:40:47:049  开始写入数据库
2020-12-17 17:40:47:078  预警及报警参数加载完成
2020-12-17 17:40:47:080  数据库打开成功
2020-12-17 17:40:47:081  train_info数据表写入成功
2020-12-17 17:40:47:265  train_onlyid读取成功
2020-12-17 17:40:47:267  train_data数据表写入成功
2020-12-17 17:40:47:269  vt_info数据表，第0次写入成功
2020-12-17 17:40:47:270  vt_info数据表，第1次写入成功
2020-12-17 17:40:47:272  vt_info数据表，第2次写入成功
2020-12-17 17:40:47:273  vt_info数据表，第3次写入成功
2020-12-17 17:40:47:275  vt_info数据表，第4次写入成功
2020-12-17 17:40:47:276  vt_info数据表，第5次写入成功
2020-12-17 17:40:47:278  vt_info数据表，第6次写入成功
2020-12-17 17:40:47:280  vt_info数据表，第7次写入成功
2020-12-17 17:40:47:281  vt_info数据表，第8次写入成功
2020-12-17 17:40:47:283  vt_info数据表，第9次写入成功
2020-12-17 17:40:47:284  vt_info数据表，第10次写入成功
2020-12-17 17:40:47:286  vt_info数据表，第11次写入成功
2020-12-17 17:40:47:287  vt_info数据表，第12次写入成功
2020-12-17 17:40:47:289  vt_info数据表，第13次写入成功
2020-12-17 17:40:47:290  vt_info数据表，第14次写入成功
2020-12-17 17:40:47:292  vt_info数据表，第15次写入成功
2020-12-17 17:40:47:324  vt_info数据表，第16次写入成功
2020-12-17 17:40:47:325  vt_info数据表，第17次写入成功
2020-12-17 17:40:47:327  vt_info数据表，第18次写入成功
2020-12-17 17:40:47:329  vt_info数据表，第19次写入成功
2020-12-17 17:40:47:330  vt_info数据表，第20次写入成功
2020-12-17 17:40:47:332  vt_info数据表，第21次写入成功
2020-12-17 17:40:47:334  vt_info数据表，第22次写入成功
2020-12-17 17:40:47:335  vt_info数据表，第23次写入成功
2020-12-17 17:40:47:337  vt_info数据表，第24次写入成功
2020-12-17 17:40:47:339  vt_info数据表，第25次写入成功
2020-12-17 17:40:47:340  vt_info数据表，第26次写入成功
2020-12-17 17:40:47:342  vt_info数据表，第27次写入成功
2020-12-17 17:40:47:343  vt_info数据表，第28次写入成功
2020-12-17 17:40:47:345  vt_info数据表，第29次写入成功
2020-12-17 17:40:47:346  vt_info数据表，第30次写入成功
2020-12-17 17:40:47:348  vt_info数据表，第31次写入成功
2020-12-17 17:40:47:380  vt_info数据表，第32次写入成功
2020-12-17 17:40:47:382  vt_info数据表，第33次写入成功
2020-12-17 17:40:47:384  vt_info数据表，第34次写入成功
2020-12-17 17:40:47:385  vt_info数据表，第35次写入成功
2020-12-17 17:40:47:387  vt_info数据表，第36次写入成功
2020-12-17 17:40:47:388  vt_info数据表，第37次写入成功
2020-12-17 17:40:47:390  vt_info数据表，第38次写入成功
2020-12-17 17:40:47:392  vt_info数据表，第39次写入成功
2020-12-17 17:40:47:393  vt_info数据表，第40次写入成功
2020-12-17 17:40:47:395  vt_info数据表，第41次写入成功
2020-12-17 17:40:47:397  vt_info数据表，第42次写入成功
2020-12-17 17:40:47:398  vt_info数据表，第43次写入成功
2020-12-17 17:40:47:400  vt_info数据表，第44次写入成功
2020-12-17 17:40:47:401  vt_info数据表，第45次写入成功
2020-12-17 17:40:47:403  vt_info数据表，第46次写入成功
2020-12-17 17:40:47:446  vt_info数据表，第47次写入成功
2020-12-17 17:40:47:447  motor_info数据表，第0次写入成功
2020-12-17 17:40:47:449  motor_info数据表，第1次写入成功
2020-12-17 17:40:47:451  motor_info数据表，第2次写入成功
2020-12-17 17:40:47:452  motor_info数据表，第3次写入成功
2020-12-17 17:40:47:454  motor_info数据表，第4次写入成功
2020-12-17 17:40:47:455  motor_info数据表，第5次写入成功
2020-12-17 17:40:47:457  motor_info数据表，第6次写入成功
2020-12-17 17:40:47:458  motor_info数据表，第7次写入成功
2020-12-17 17:40:47:460  motor_info数据表，第8次写入成功
2020-12-17 17:40:47:461  motor_info数据表，第9次写入成功
2020-12-17 17:40:47:463  motor_info数据表，第10次写入成功
2020-12-17 17:40:47:464  motor_info数据表，第11次写入成功
2020-12-17 17:40:47:466  motor_info数据表，第12次写入成功
2020-12-17 17:40:47:467  motor_info数据表，第13次写入成功
2020-12-17 17:40:47:469  motor_info数据表，第14次写入成功
2020-12-17 17:40:47:470  motor_info数据表，第15次写入成功
2020-12-17 17:40:47:472  数据库关闭！
2020-12-17 17:47:46:122  收到来车信号，流水号：20201217174746，所有设备开始采集
2020-12-17 17:47:46:189  开启A/D采集
2020-12-17 17:48:07:515  收到离车信号，流水号：20201217174746，线号：14，车号：049050，主控端：0，所有设备停止采集
2020-12-17 17:48:07:550  收到停止采集命令，开始停止采集
2020-12-17 17:48:07:587  停止采集数据
2020-12-17 17:48:07:589  采集连接已断开
2020-12-17 17:48:07:591  开始数据分析和落盘
2020-12-17 17:48:11:592  vibration1完成落盘
2020-12-17 17:48:14:890  vibration2完成落盘
2020-12-17 17:48:18:004  vibration3完成落盘
2020-12-17 17:48:21:217  vibration4完成落盘
2020-12-17 17:48:24:256  vibration5完成落盘
2020-12-17 17:48:27:394  vibration6完成落盘
2020-12-17 17:48:30:502  vibration7完成落盘
2020-12-17 17:48:33:482  vibration8完成落盘
2020-12-17 17:48:36:512  magnetic1完成落盘
2020-12-17 17:48:39:610  magnetic2完成落盘
2020-12-17 17:48:42:610  magnetic3完成落盘
2020-12-17 17:48:45:717  magnetic4完成落盘
2020-12-17 17:48:48:925  temperate1完成落盘
2020-12-17 17:48:52:447  temperate2完成落盘
2020-12-17 17:48:55:692  temperate3完成落盘
2020-12-17 17:48:58:636  temperate4完成落盘
2020-12-17 17:48:58:644  开始处理数据
2020-12-17 17:48:59:148  右侧计算完成
2020-12-17 17:48:59:482  左侧计算完成
2020-12-17 17:48:59:484  检查结果数据
2020-12-17 17:48:59:485  通知桌面显示数据
2020-12-17 17:48:59:498  开始写入数据库
2020-12-17 17:48:59:627  预警及报警参数加载完成
2020-12-17 17:48:59:628  数据库打开成功
2020-12-17 17:48:59:629  train_info数据表写入成功
2020-12-17 17:48:59:650  train_onlyid读取成功
2020-12-17 17:48:59:670  train_data数据表写入成功
2020-12-17 17:48:59:671  vt_info数据表，第0次写入成功
2020-12-17 17:48:59:672  vt_info数据表，第1次写入成功
2020-12-17 17:48:59:674  vt_info数据表，第2次写入成功
2020-12-17 17:48:59:675  vt_info数据表，第3次写入成功
2020-12-17 17:48:59:696  vt_info数据表，第4次写入成功
2020-12-17 17:48:59:697  vt_info数据表，第5次写入成功
2020-12-17 17:48:59:698  vt_info数据表，第6次写入成功
2020-12-17 17:48:59:699  vt_info数据表，第7次写入成功
2020-12-17 17:48:59:700  vt_info数据表，第8次写入成功
2020-12-17 17:48:59:702  vt_info数据表，第9次写入成功
2020-12-17 17:48:59:703  vt_info数据表，第10次写入成功
2020-12-17 17:48:59:705  vt_info数据表，第11次写入成功
2020-12-17 17:48:59:733  vt_info数据表，第12次写入成功
2020-12-17 17:48:59:734  vt_info数据表，第13次写入成功
2020-12-17 17:48:59:736  vt_info数据表，第14次写入成功
2020-12-17 17:48:59:737  vt_info数据表，第15次写入成功
2020-12-17 17:48:59:738  vt_info数据表，第16次写入成功
2020-12-17 17:48:59:740  vt_info数据表，第17次写入成功
2020-12-17 17:48:59:742  vt_info数据表，第18次写入成功
2020-12-17 17:48:59:743  vt_info数据表，第19次写入成功
2020-12-17 17:48:59:745  vt_info数据表，第20次写入成功
2020-12-17 17:48:59:746  vt_info数据表，第21次写入成功
2020-12-17 17:48:59:748  vt_info数据表，第22次写入成功
2020-12-17 17:48:59:781  vt_info数据表，第23次写入成功
2020-12-17 17:48:59:782  vt_info数据表，第24次写入成功
2020-12-17 17:48:59:784  vt_info数据表，第25次写入成功
2020-12-17 17:48:59:786  vt_info数据表，第26次写入成功
2020-12-17 17:48:59:787  vt_info数据表，第27次写入成功
2020-12-17 17:48:59:789  vt_info数据表，第28次写入成功
2020-12-17 17:48:59:790  vt_info数据表，第29次写入成功
2020-12-17 17:48:59:792  vt_info数据表，第30次写入成功
2020-12-17 17:48:59:794  vt_info数据表，第31次写入成功
2020-12-17 17:48:59:795  vt_info数据表，第32次写入成功
2020-12-17 17:48:59:797  vt_info数据表，第33次写入成功
2020-12-17 17:48:59:798  vt_info数据表，第34次写入成功
2020-12-17 17:48:59:800  vt_info数据表，第35次写入成功
2020-12-17 17:48:59:802  vt_info数据表，第36次写入成功
2020-12-17 17:48:59:835  vt_info数据表，第37次写入成功
2020-12-17 17:48:59:836  vt_info数据表，第38次写入成功
2020-12-17 17:48:59:838  vt_info数据表，第39次写入成功
2020-12-17 17:48:59:840  vt_info数据表，第40次写入成功
2020-12-17 17:48:59:841  vt_info数据表，第41次写入成功
2020-12-17 17:48:59:843  vt_info数据表，第42次写入成功
2020-12-17 17:48:59:845  vt_info数据表，第43次写入成功
2020-12-17 17:48:59:846  vt_info数据表，第44次写入成功
2020-12-17 17:48:59:848  vt_info数据表，第45次写入成功
2020-12-17 17:48:59:850  vt_info数据表，第46次写入成功
2020-12-17 17:48:59:851  vt_info数据表，第47次写入成功
2020-12-17 17:48:59:853  motor_info数据表，第0次写入成功
2020-12-17 17:48:59:854  motor_info数据表，第1次写入成功
2020-12-17 17:48:59:856  motor_info数据表，第2次写入成功
2020-12-17 17:48:59:858  motor_info数据表，第3次写入成功
2020-12-17 17:48:59:859  motor_info数据表，第4次写入成功
2020-12-17 17:48:59:870  motor_info数据表，第5次写入成功
2020-12-17 17:48:59:903  motor_info数据表，第6次写入成功
2020-12-17 17:48:59:904  motor_info数据表，第7次写入成功
2020-12-17 17:48:59:906  motor_info数据表，第8次写入成功
2020-12-17 17:48:59:907  motor_info数据表，第9次写入成功
2020-12-17 17:48:59:909  motor_info数据表，第10次写入成功
2020-12-17 17:48:59:910  motor_info数据表，第11次写入成功
2020-12-17 17:48:59:911  motor_info数据表，第12次写入成功
2020-12-17 17:48:59:913  motor_info数据表，第13次写入成功
2020-12-17 17:48:59:914  motor_info数据表，第14次写入成功
2020-12-17 17:48:59:916  motor_info数据表，第15次写入成功
2020-12-17 17:48:59:917  数据库关闭！
2020-12-17 17:55:44:224  收到来车信号，流水号：20201217175544，所有设备开始采集
2020-12-17 17:55:44:291  开启A/D采集
2020-12-17 17:56:05:721  收到离车信号，流水号：20201217175544，线号：14，车号：009010，主控端：1，所有设备停止采集
2020-12-17 17:56:05:756  收到停止采集命令，开始停止采集
2020-12-17 17:56:05:794  停止采集数据
2020-12-17 17:56:05:795  采集连接已断开
2020-12-17 17:56:05:797  开始数据分析和落盘
2020-12-17 17:56:10:637  vibration1完成落盘
2020-12-17 17:56:14:876  vibration2完成落盘
2020-12-17 17:56:19:103  vibration3完成落盘
2020-12-17 17:56:23:311  vibration4完成落盘
2020-12-17 17:56:27:559  vibration5完成落盘
2020-12-17 17:56:31:708  vibration6完成落盘
2020-12-17 17:56:35:917  vibration7完成落盘
2020-12-17 17:56:39:971  vibration8完成落盘
2020-12-17 17:56:44:284  magnetic1完成落盘
2020-12-17 17:56:48:468  magnetic2完成落盘
2020-12-17 17:56:52:685  magnetic3完成落盘
2020-12-17 17:56:56:923  magnetic4完成落盘
2020-12-17 17:57:00:967  temperate1完成落盘
2020-12-17 17:57:04:929  temperate2完成落盘
2020-12-17 17:57:08:781  temperate3完成落盘
2020-12-17 17:57:12:779  temperate4完成落盘
2020-12-17 17:57:12:785  开始处理数据
2020-12-17 17:57:13:349  右侧计算完成
2020-12-17 17:57:13:812  左侧计算完成
2020-12-17 17:57:13:814  检查结果数据
2020-12-17 17:57:13:816  通知桌面显示数据
2020-12-17 17:57:13:832  开始写入数据库
2020-12-17 17:57:13:861  预警及报警参数加载完成
2020-12-17 17:57:13:863  数据库打开成功
2020-12-17 17:57:13:865  train_info数据表写入成功
2020-12-17 17:57:14:047  train_onlyid读取成功
2020-12-17 17:57:14:048  train_data数据表写入成功
2020-12-17 17:57:14:050  vt_info数据表，第0次写入成功
2020-12-17 17:57:14:052  vt_info数据表，第1次写入成功
2020-12-17 17:57:14:053  vt_info数据表，第2次写入成功
2020-12-17 17:57:14:055  vt_info数据表，第3次写入成功
2020-12-17 17:57:14:057  vt_info数据表，第4次写入成功
2020-12-17 17:57:14:058  vt_info数据表，第5次写入成功
2020-12-17 17:57:14:060  vt_info数据表，第6次写入成功
2020-12-17 17:57:14:061  vt_info数据表，第7次写入成功
2020-12-17 17:57:14:063  vt_info数据表，第8次写入成功
2020-12-17 17:57:14:064  vt_info数据表，第9次写入成功
2020-12-17 17:57:14:066  vt_info数据表，第10次写入成功
2020-12-17 17:57:14:068  vt_info数据表，第11次写入成功
2020-12-17 17:57:14:069  vt_info数据表，第12次写入成功
2020-12-17 17:57:14:071  vt_info数据表，第13次写入成功
2020-12-17 17:57:14:072  vt_info数据表，第14次写入成功
2020-12-17 17:57:14:074  vt_info数据表，第15次写入成功
2020-12-17 17:57:14:075  vt_info数据表，第16次写入成功
2020-12-17 17:57:14:108  vt_info数据表，第17次写入成功
2020-12-17 17:57:14:109  vt_info数据表，第18次写入成功
2020-12-17 17:57:14:111  vt_info数据表，第19次写入成功
2020-12-17 17:57:14:112  vt_info数据表，第20次写入成功
2020-12-17 17:57:14:114  vt_info数据表，第21次写入成功
2020-12-17 17:57:14:116  vt_info数据表，第22次写入成功
2020-12-17 17:57:14:117  vt_info数据表，第23次写入成功
2020-12-17 17:57:14:119  vt_info数据表，第24次写入成功
2020-12-17 17:57:14:121  vt_info数据表，第25次写入成功
2020-12-17 17:57:14:122  vt_info数据表，第26次写入成功
2020-12-17 17:57:14:124  vt_info数据表，第27次写入成功
2020-12-17 17:57:14:125  vt_info数据表，第28次写入成功
2020-12-17 17:57:14:127  vt_info数据表，第29次写入成功
2020-12-17 17:57:14:129  vt_info数据表，第30次写入成功
2020-12-17 17:57:14:130  vt_info数据表，第31次写入成功
2020-12-17 17:57:14:132  vt_info数据表，第32次写入成功
2020-12-17 17:57:14:133  vt_info数据表，第33次写入成功
2020-12-17 17:57:14:166  vt_info数据表，第34次写入成功
2020-12-17 17:57:14:168  vt_info数据表，第35次写入成功
2020-12-17 17:57:14:169  vt_info数据表，第36次写入成功
2020-12-17 17:57:14:171  vt_info数据表，第37次写入成功
2020-12-17 17:57:14:172  vt_info数据表，第38次写入成功
2020-12-17 17:57:14:174  vt_info数据表，第39次写入成功
2020-12-17 17:57:14:176  vt_info数据表，第40次写入成功
2020-12-17 17:57:14:177  vt_info数据表，第41次写入成功
2020-12-17 17:57:14:179  vt_info数据表，第42次写入成功
2020-12-17 17:57:14:180  vt_info数据表，第43次写入成功
2020-12-17 17:57:14:182  vt_info数据表，第44次写入成功
2020-12-17 17:57:14:184  vt_info数据表，第45次写入成功
2020-12-17 17:57:14:185  vt_info数据表，第46次写入成功
2020-12-17 17:57:14:187  vt_info数据表，第47次写入成功
2020-12-17 17:57:14:189  motor_info数据表，第0次写入成功
2020-12-17 17:57:14:190  motor_info数据表，第1次写入成功
2020-12-17 17:57:14:192  motor_info数据表，第2次写入成功
2020-12-17 17:57:14:234  motor_info数据表，第3次写入成功
2020-12-17 17:57:14:236  motor_info数据表，第4次写入成功
2020-12-17 17:57:14:237  motor_info数据表，第5次写入成功
2020-12-17 17:57:14:239  motor_info数据表，第6次写入成功
2020-12-17 17:57:14:241  motor_info数据表，第7次写入成功
2020-12-17 17:57:14:242  motor_info数据表，第8次写入成功
2020-12-17 17:57:14:244  motor_info数据表，第9次写入成功
2020-12-17 17:57:14:245  motor_info数据表，第10次写入成功
2020-12-17 17:57:14:247  motor_info数据表，第11次写入成功
2020-12-17 17:57:14:248  motor_info数据表，第12次写入成功
2020-12-17 17:57:14:250  motor_info数据表，第13次写入成功
2020-12-17 17:57:14:251  motor_info数据表，第14次写入成功
2020-12-17 17:57:14:253  motor_info数据表，第15次写入成功
2020-12-17 17:57:14:255  数据库关闭！
