2020-12-27 06:18:45:988  磁钢信号预处理完成，位置标记：1
2020-12-27 06:18:46:008  温度分轮成功，分轮数尺度为：48
2020-12-27 06:18:46:024  轴承端盖温度特征值计算完成, 位置标记：1
2020-12-27 06:18:46:042  电机温度计算完成, 位置标记：1
2020-12-27 06:18:46:044  电机温度计算完成, 位置标记：1
2020-12-27 06:18:46:048  电机温度计算完成, 位置标记：1
2020-12-27 06:18:46:050  电机温度计算完成, 位置标记：1
2020-12-27 06:18:46:052  电机温度计算完成, 位置标记：1
2020-12-27 06:18:46:056  电机温度计算完成, 位置标记：1
2020-12-27 06:18:46:058  电机温度计算完成, 位置标记：1
2020-12-27 06:18:46:060  电机温度计算完成, 位置标记：1
2020-12-27 06:18:46:062  车速为：43.8559位置标记为：1
2020-12-27 06:18:46:100  振动分轮计算完成, 位置标记：1
2020-12-27 06:18:46:304  振动特征值计算完成, 位置标记：1
2020-12-27 06:18:46:380  磁钢信号预处理完成，位置标记：0
2020-12-27 06:18:46:398  温度分轮成功，分轮数尺度为：48
2020-12-27 06:18:46:412  轴承端盖温度特征值计算完成, 位置标记：0
2020-12-27 06:18:46:430  电机温度计算完成, 位置标记：0
2020-12-27 06:18:46:432  电机温度计算完成, 位置标记：0
2020-12-27 06:18:46:434  电机温度计算完成, 位置标记：0
2020-12-27 06:18:46:438  电机温度计算完成, 位置标记：0
2020-12-27 06:18:46:440  电机温度计算完成, 位置标记：0
2020-12-27 06:18:46:442  电机温度计算完成, 位置标记：0
2020-12-27 06:18:46:444  电机温度计算完成, 位置标记：0
2020-12-27 06:18:46:446  电机温度计算完成, 位置标记：0
2020-12-27 06:18:46:448  车速为：43.8559位置标记为：0
2020-12-27 06:18:46:486  振动分轮计算完成, 位置标记：0
2020-12-27 06:18:46:690  振动特征值计算完成, 位置标记：0
2020-12-27 06:32:31:455  磁钢信号预处理完成，位置标记：1
2020-12-27 06:32:31:475  温度分轮成功，分轮数尺度为：48
2020-12-27 06:32:31:493  轴承端盖温度特征值计算完成, 位置标记：1
2020-12-27 06:32:31:511  电机温度计算完成, 位置标记：1
2020-12-27 06:32:31:515  电机温度计算完成, 位置标记：1
2020-12-27 06:32:31:517  电机温度计算完成, 位置标记：1
2020-12-27 06:32:31:519  电机温度计算完成, 位置标记：1
2020-12-27 06:32:31:523  电机温度计算完成, 位置标记：1
2020-12-27 06:32:31:525  电机温度计算完成, 位置标记：1
2020-12-27 06:32:31:527  电机温度计算完成, 位置标记：1
2020-12-27 06:32:31:529  电机温度计算完成, 位置标记：1
2020-12-27 06:32:31:531  车速为：43.7864位置标记为：1
2020-12-27 06:32:31:567  振动分轮计算完成, 位置标记：1
2020-12-27 06:32:31:758  振动特征值计算完成, 位置标记：1
2020-12-27 06:32:31:830  磁钢信号预处理完成，位置标记：0
2020-12-27 06:32:31:848  温度分轮成功，分轮数尺度为：48
2020-12-27 06:32:31:862  轴承端盖温度特征值计算完成, 位置标记：0
2020-12-27 06:32:31:878  电机温度计算完成, 位置标记：0
2020-12-27 06:32:31:880  电机温度计算完成, 位置标记：0
2020-12-27 06:32:31:882  电机温度计算完成, 位置标记：0
2020-12-27 06:32:31:884  电机温度计算完成, 位置标记：0
2020-12-27 06:32:31:886  电机温度计算完成, 位置标记：0
2020-12-27 06:32:31:888  电机温度计算完成, 位置标记：0
2020-12-27 06:32:31:892  电机温度计算完成, 位置标记：0
2020-12-27 06:32:31:894  电机温度计算完成, 位置标记：0
2020-12-27 06:32:31:894  车速为：43.7864位置标记为：0
2020-12-27 06:32:31:928  振动分轮计算完成, 位置标记：0
2020-12-27 06:32:32:090  振动特征值计算完成, 位置标记：0
2020-12-27 06:37:43:018  磁钢信号预处理完成，位置标记：1
2020-12-27 06:37:43:038  温度分轮成功，分轮数尺度为：48
2020-12-27 06:37:43:054  轴承端盖温度特征值计算完成, 位置标记：1
2020-12-27 06:37:43:070  电机温度计算完成, 位置标记：1
2020-12-27 06:37:43:072  电机温度计算完成, 位置标记：1
2020-12-27 06:37:43:074  电机温度计算完成, 位置标记：1
2020-12-27 06:37:43:076  电机温度计算完成, 位置标记：1
2020-12-27 06:37:43:080  电机温度计算完成, 位置标记：1
2020-12-27 06:37:43:082  电机温度计算完成, 位置标记：1
2020-12-27 06:37:43:084  电机温度计算完成, 位置标记：1
2020-12-27 06:37:43:086  电机温度计算完成, 位置标记：1
2020-12-27 06:37:43:086  车速为：43.8327位置标记为：1
2020-12-27 06:37:43:122  振动分轮计算完成, 位置标记：1
2020-12-27 06:37:43:288  振动特征值计算完成, 位置标记：1
2020-12-27 06:37:43:354  磁钢信号预处理完成，位置标记：0
2020-12-27 06:37:43:370  温度分轮成功，分轮数尺度为：48
2020-12-27 06:37:43:382  轴承端盖温度特征值计算完成, 位置标记：0
2020-12-27 06:37:43:394  电机温度计算完成, 位置标记：0
2020-12-27 06:37:43:396  电机温度计算完成, 位置标记：0
2020-12-27 06:37:43:400  电机温度计算完成, 位置标记：0
2020-12-27 06:37:43:402  电机温度计算完成, 位置标记：0
2020-12-27 06:37:43:404  电机温度计算完成, 位置标记：0
2020-12-27 06:37:43:404  电机温度计算完成, 位置标记：0
2020-12-27 06:37:43:406  电机温度计算完成, 位置标记：0
2020-12-27 06:37:43:408  电机温度计算完成, 位置标记：0
2020-12-27 06:37:43:408  车速为：43.8327位置标记为：0
2020-12-27 06:37:43:436  振动分轮计算完成, 位置标记：0
2020-12-27 06:37:43:584  振动特征值计算完成, 位置标记：0
2020-12-27 06:50:59:004  磁钢信号预处理完成，位置标记：1
2020-12-27 06:50:59:024  温度分轮成功，分轮数尺度为：48
2020-12-27 06:50:59:042  轴承端盖温度特征值计算完成, 位置标记：1
2020-12-27 06:50:59:060  电机温度计算完成, 位置标记：1
2020-12-27 06:50:59:062  电机温度计算完成, 位置标记：1
2020-12-27 06:50:59:064  电机温度计算完成, 位置标记：1
2020-12-27 06:50:59:068  电机温度计算完成, 位置标记：1
2020-12-27 06:50:59:070  电机温度计算完成, 位置标记：1
2020-12-27 06:50:59:072  电机温度计算完成, 位置标记：1
2020-12-27 06:50:59:074  电机温度计算完成, 位置标记：1
2020-12-27 06:50:59:078  电机温度计算完成, 位置标记：1
2020-12-27 06:50:59:078  车速为：43.5102位置标记为：1
2020-12-27 06:50:59:116  振动分轮计算完成, 位置标记：1
2020-12-27 06:50:59:320  振动特征值计算完成, 位置标记：1
2020-12-27 06:50:59:402  磁钢信号预处理完成，位置标记：0
2020-12-27 06:50:59:422  温度分轮成功，分轮数尺度为：48
2020-12-27 06:50:59:440  轴承端盖温度特征值计算完成, 位置标记：0
2020-12-27 06:50:59:458  电机温度计算完成, 位置标记：0
2020-12-27 06:50:59:460  电机温度计算完成, 位置标记：0
2020-12-27 06:50:59:462  电机温度计算完成, 位置标记：0
2020-12-27 06:50:59:464  电机温度计算完成, 位置标记：0
2020-12-27 06:50:59:468  电机温度计算完成, 位置标记：0
2020-12-27 06:50:59:470  电机温度计算完成, 位置标记：0
2020-12-27 06:50:59:472  电机温度计算完成, 位置标记：0
2020-12-27 06:50:59:474  电机温度计算完成, 位置标记：0
2020-12-27 06:50:59:476  车速为：43.5102位置标记为：0
2020-12-27 06:50:59:514  振动分轮计算完成, 位置标记：0
2020-12-27 06:50:59:702  振动特征值计算完成, 位置标记：0
