2020-12-26 07:05:55:978  收到来车信号，流水号：20201226070555，所有设备开始采集
2020-12-26 07:05:56:036  开启A/D采集
2020-12-26 07:06:05:897  收到离车信号，流水号：20201226070555，线号：0，车号：0，主控端：0，所有设备停止采集
2020-12-26 07:06:05:903  收到停止采集命令，开始停止采集
2020-12-26 07:06:05:907  停止采集数据
2020-12-26 07:06:05:909  采集连接已断开
2020-12-26 07:06:05:911  开始数据分析和落盘
2020-12-26 07:06:07:904  vibration1完成落盘
2020-12-26 07:06:09:616  vibration2完成落盘
2020-12-26 07:06:11:161  vibration3完成落盘
2020-12-26 07:06:12:843  vibration4完成落盘
2020-12-26 07:06:14:394  vibration5完成落盘
2020-12-26 07:06:15:994  vibration6完成落盘
2020-12-26 07:06:17:694  vibration7完成落盘
2020-12-26 07:06:19:268  vibration8完成落盘
2020-12-26 07:06:20:735  magnetic1完成落盘
2020-12-26 07:06:22:114  magnetic2完成落盘
2020-12-26 07:06:23:746  magnetic3完成落盘
2020-12-26 07:06:25:476  magnetic4完成落盘
2020-12-26 07:06:27:110  temperate1完成落盘
2020-12-26 07:06:28:516  temperate2完成落盘
2020-12-26 07:06:29:902  temperate3完成落盘
2020-12-26 07:06:31:442  temperate4完成落盘
2020-12-26 07:06:31:450  开始处理数据
2020-12-26 07:06:31:500  右侧计算完成
2020-12-26 07:06:31:522  左侧计算完成
2020-12-26 07:06:31:524  检查结果数据
2020-12-26 07:06:31:526  通知桌面显示数据
2020-12-26 07:06:31:542  开始写入数据库
2020-12-26 07:06:31:556  预警及报警参数加载完成
2020-12-26 07:06:31:558  数据库打开成功
2020-12-26 07:06:31:562  train_info数据表写入成功
2020-12-26 07:06:31:564  train_onlyid读取成功
2020-12-26 07:06:31:688  train_data数据表写入失败
2020-12-26 07:06:31:806  vt_info数据表，第0次写入失败
2020-12-26 07:06:31:923  vt_info数据表，第1次写入失败
2020-12-26 07:06:32:031  vt_info数据表，第2次写入失败
2020-12-26 07:06:32:131  vt_info数据表，第3次写入失败
2020-12-26 07:06:32:223  vt_info数据表，第4次写入失败
2020-12-26 07:06:32:313  vt_info数据表，第5次写入失败
2020-12-26 07:06:32:414  vt_info数据表，第6次写入失败
2020-12-26 07:06:32:510  vt_info数据表，第7次写入失败
2020-12-26 07:06:32:588  vt_info数据表，第8次写入失败
2020-12-26 07:06:32:684  vt_info数据表，第9次写入失败
2020-12-26 07:06:32:784  vt_info数据表，第10次写入失败
2020-12-26 07:06:32:866  vt_info数据表，第11次写入失败
2020-12-26 07:06:32:968  vt_info数据表，第12次写入失败
2020-12-26 07:06:33:082  vt_info数据表，第13次写入失败
2020-12-26 07:06:33:196  vt_info数据表，第14次写入失败
2020-12-26 07:06:33:310  vt_info数据表，第15次写入失败
2020-12-26 07:06:33:422  vt_info数据表，第16次写入失败
2020-12-26 07:06:33:536  vt_info数据表，第17次写入失败
2020-12-26 07:06:33:652  vt_info数据表，第18次写入失败
2020-12-26 07:06:33:764  vt_info数据表，第19次写入失败
2020-12-26 07:06:33:876  vt_info数据表，第20次写入失败
2020-12-26 07:06:33:984  vt_info数据表，第21次写入失败
2020-12-26 07:06:34:094  vt_info数据表，第22次写入失败
2020-12-26 07:06:34:208  vt_info数据表，第23次写入失败
2020-12-26 07:06:34:320  vt_info数据表，第24次写入失败
2020-12-26 07:06:34:411  vt_info数据表，第25次写入失败
2020-12-26 07:06:34:501  vt_info数据表，第26次写入失败
2020-12-26 07:06:34:589  vt_info数据表，第27次写入失败
2020-12-26 07:06:34:685  vt_info数据表，第28次写入失败
2020-12-26 07:06:34:799  vt_info数据表，第29次写入失败
2020-12-26 07:06:34:913  vt_info数据表，第30次写入失败
2020-12-26 07:06:35:027  vt_info数据表，第31次写入失败
2020-12-26 07:06:35:143  vt_info数据表，第32次写入失败
2020-12-26 07:06:35:257  vt_info数据表，第33次写入失败
2020-12-26 07:06:35:372  vt_info数据表，第34次写入失败
2020-12-26 07:06:35:488  vt_info数据表，第35次写入失败
2020-12-26 07:06:35:602  vt_info数据表，第36次写入失败
2020-12-26 07:06:35:718  vt_info数据表，第37次写入失败
2020-12-26 07:06:35:826  vt_info数据表，第38次写入失败
2020-12-26 07:06:35:928  vt_info数据表，第39次写入失败
2020-12-26 07:06:36:036  vt_info数据表，第40次写入失败
2020-12-26 07:06:36:148  vt_info数据表，第41次写入失败
2020-12-26 07:06:36:254  vt_info数据表，第42次写入失败
2020-12-26 07:06:36:363  vt_info数据表，第43次写入失败
2020-12-26 07:06:36:478  vt_info数据表，第44次写入失败
2020-12-26 07:06:36:592  vt_info数据表，第45次写入失败
2020-12-26 07:06:36:706  vt_info数据表，第46次写入失败
2020-12-26 07:06:36:820  vt_info数据表，第47次写入失败
2020-12-26 07:06:36:934  motor_info数据表，第0次写入失败
2020-12-26 07:06:37:050  motor_info数据表，第1次写入失败
2020-12-26 07:06:37:165  motor_info数据表，第2次写入失败
2020-12-26 07:06:37:275  motor_info数据表，第3次写入失败
2020-12-26 07:06:37:384  motor_info数据表，第4次写入失败
2020-12-26 07:06:37:472  motor_info数据表，第5次写入失败
2020-12-26 07:06:37:580  motor_info数据表，第6次写入失败
2020-12-26 07:06:37:664  motor_info数据表，第7次写入失败
2020-12-26 07:06:37:744  motor_info数据表，第8次写入失败
2020-12-26 07:06:37:830  motor_info数据表，第9次写入失败
2020-12-26 07:06:37:912  motor_info数据表，第10次写入失败
2020-12-26 07:06:38:018  motor_info数据表，第11次写入失败
2020-12-26 07:06:38:136  motor_info数据表，第12次写入失败
2020-12-26 07:06:38:250  motor_info数据表，第13次写入失败
2020-12-26 07:06:38:361  motor_info数据表，第14次写入失败
2020-12-26 07:06:38:473  motor_info数据表，第15次写入失败
2020-12-26 07:06:38:475  数据库关闭！
2020-12-26 07:10:37:888  收到来车信号，流水号：20201226071037，所有设备开始采集
2020-12-26 07:10:37:916  开启A/D采集
2020-12-26 07:11:17:682  收到离车信号，流水号：20201226071037，线号：0，车号：0，主控端：0，所有设备停止采集
2020-12-26 07:11:17:684  收到停止采集命令，开始停止采集
2020-12-26 07:11:17:690  停止采集数据
2020-12-26 07:11:17:692  采集连接已断开
2020-12-26 07:11:17:694  开始数据分析和落盘
2020-12-26 07:11:25:158  vibration1完成落盘
2020-12-26 07:11:31:446  vibration2完成落盘
2020-12-26 07:11:38:018  vibration3完成落盘
2020-12-26 07:11:44:526  vibration4完成落盘
2020-12-26 07:11:51:357  vibration5完成落盘
2020-12-26 07:11:57:209  vibration6完成落盘
2020-12-26 07:12:02:979  vibration7完成落盘
2020-12-26 07:12:09:047  vibration8完成落盘
2020-12-26 07:12:15:853  magnetic1完成落盘
2020-12-26 07:12:22:431  magnetic2完成落盘
2020-12-26 07:12:28:887  magnetic3完成落盘
2020-12-26 07:12:35:385  magnetic4完成落盘
2020-12-26 07:12:41:767  temperate1完成落盘
2020-12-26 07:12:47:871  temperate2完成落盘
2020-12-26 07:12:53:918  temperate3完成落盘
2020-12-26 07:13:00:225  temperate4完成落盘
2020-12-26 07:13:00:233  开始处理数据
2020-12-26 07:13:00:776  右侧计算完成
2020-12-26 07:13:01:156  左侧计算完成
2020-12-26 07:13:01:158  检查结果数据
2020-12-26 07:13:01:160  通知桌面显示数据
2020-12-26 07:13:01:176  开始写入数据库
2020-12-26 07:13:01:192  预警及报警参数加载完成
2020-12-26 07:13:01:194  数据库打开成功
2020-12-26 07:13:01:196  train_info数据表写入成功
2020-12-26 07:13:01:198  train_onlyid读取成功
2020-12-26 07:13:01:202  train_data数据表写入成功
2020-12-26 07:13:01:206  train_fault数据表写入1、1成功
2020-12-26 07:13:01:208  train_fault数据表写入2、1成功
2020-12-26 07:13:01:210  train_fault数据表写入3、1成功
2020-12-26 07:13:01:214  vt_info数据表，第0次写入成功
2020-12-26 07:13:01:218  vt_info数据表，第1次写入成功
2020-12-26 07:13:01:222  vt_info数据表，第2次写入成功
2020-12-26 07:13:01:224  vt_info数据表，第3次写入成功
2020-12-26 07:13:01:228  vt_info数据表，第4次写入成功
2020-12-26 07:13:01:232  vt_info数据表，第5次写入成功
2020-12-26 07:13:01:236  vt_info数据表，第6次写入成功
2020-12-26 07:13:01:240  vt_info数据表，第7次写入成功
2020-12-26 07:13:01:244  vt_info数据表，第8次写入成功
2020-12-26 07:13:01:246  vt_info数据表，第9次写入成功
2020-12-26 07:13:01:250  vt_info数据表，第10次写入成功
2020-12-26 07:13:01:254  vt_info数据表，第11次写入成功
2020-12-26 07:13:01:258  vt_info数据表，第12次写入成功
2020-12-26 07:13:01:262  vt_info数据表，第13次写入成功
2020-12-26 07:13:01:266  vt_info数据表，第14次写入成功
2020-12-26 07:13:01:268  vt_info数据表，第15次写入成功
2020-12-26 07:13:01:272  vt_info数据表，第16次写入成功
2020-12-26 07:13:01:276  vt_info数据表，第17次写入成功
2020-12-26 07:13:01:280  vt_info数据表，第18次写入成功
2020-12-26 07:13:01:284  vt_info数据表，第19次写入成功
2020-12-26 07:13:01:288  vt_info数据表，第20次写入成功
2020-12-26 07:13:01:292  vt_info数据表，第21次写入成功
2020-12-26 07:13:01:296  vt_info数据表，第22次写入成功
2020-12-26 07:13:01:298  vt_info数据表，第23次写入成功
2020-12-26 07:13:01:302  vt_info数据表，第24次写入成功
2020-12-26 07:13:01:306  vt_info数据表，第25次写入成功
2020-12-26 07:13:01:310  vt_info数据表，第26次写入成功
2020-12-26 07:13:01:314  vt_info数据表，第27次写入成功
2020-12-26 07:13:01:318  vt_info数据表，第28次写入成功
2020-12-26 07:13:01:320  vt_info数据表，第29次写入成功
2020-12-26 07:13:01:324  vt_info数据表，第30次写入成功
2020-12-26 07:13:01:328  vt_info数据表，第31次写入成功
2020-12-26 07:13:01:332  vt_info数据表，第32次写入成功
2020-12-26 07:13:01:336  vt_info数据表，第33次写入成功
2020-12-26 07:13:01:340  vt_info数据表，第34次写入成功
2020-12-26 07:13:01:344  vt_info数据表，第35次写入成功
2020-12-26 07:13:01:347  vt_info数据表，第36次写入成功
2020-12-26 07:13:01:351  vt_info数据表，第37次写入成功
2020-12-26 07:13:01:356  vt_info数据表，第38次写入成功
2020-12-26 07:13:01:360  vt_info数据表，第39次写入成功
2020-12-26 07:13:01:363  vt_info数据表，第40次写入成功
2020-12-26 07:13:01:367  vt_info数据表，第41次写入成功
2020-12-26 07:13:01:371  vt_info数据表，第42次写入成功
2020-12-26 07:13:01:374  vt_info数据表，第43次写入成功
2020-12-26 07:13:01:378  vt_info数据表，第44次写入成功
2020-12-26 07:13:01:382  vt_info数据表，第45次写入成功
2020-12-26 07:13:01:386  vt_info数据表，第46次写入成功
2020-12-26 07:13:01:390  vt_info数据表，第47次写入成功
2020-12-26 07:13:01:393  motor_info数据表，第0次写入成功
2020-12-26 07:13:01:395  motor_info数据表，第1次写入成功
2020-12-26 07:13:01:398  motor_info数据表，第2次写入成功
2020-12-26 07:13:01:401  motor_info数据表，第3次写入成功
2020-12-26 07:13:01:403  motor_info数据表，第4次写入成功
2020-12-26 07:13:01:407  motor_info数据表，第5次写入成功
2020-12-26 07:13:01:409  motor_info数据表，第6次写入成功
2020-12-26 07:13:01:411  motor_info数据表，第7次写入成功
2020-12-26 07:13:01:415  motor_info数据表，第8次写入成功
2020-12-26 07:13:01:417  motor_info数据表，第9次写入成功
2020-12-26 07:13:01:419  motor_info数据表，第10次写入成功
2020-12-26 07:13:01:423  motor_info数据表，第11次写入成功
2020-12-26 07:13:01:425  motor_info数据表，第12次写入成功
2020-12-26 07:13:01:427  motor_info数据表，第13次写入成功
2020-12-26 07:13:01:431  motor_info数据表，第14次写入成功
2020-12-26 07:13:01:451  motor_info数据表，第15次写入成功
2020-12-26 07:13:01:453  数据库关闭！
2020-12-26 07:14:57:172  收到来车信号，流水号：20201226071457，所有设备开始采集
2020-12-26 07:14:57:230  开启A/D采集
2020-12-26 07:15:36:980  收到离车信号，流水号：20201226071457，线号：0，车号：0，主控端：0，所有设备停止采集
2020-12-26 07:15:36:982  收到停止采集命令，开始停止采集
2020-12-26 07:15:36:988  停止采集数据
2020-12-26 07:15:36:990  采集连接已断开
2020-12-26 07:15:36:994  开始数据分析和落盘
2020-12-26 07:15:44:852  vibration1完成落盘
2020-12-26 07:15:51:387  vibration2完成落盘
2020-12-26 07:15:58:044  vibration3完成落盘
2020-12-26 07:16:04:491  vibration4完成落盘
2020-12-26 07:16:10:780  vibration5完成落盘
2020-12-26 07:16:17:409  vibration6完成落盘
2020-12-26 07:16:24:361  vibration7完成落盘
2020-12-26 07:16:30:840  vibration8完成落盘
2020-12-26 07:16:37:283  magnetic1完成落盘
2020-12-26 07:16:44:188  magnetic2完成落盘
2020-12-26 07:16:51:179  magnetic3完成落盘
2020-12-26 07:16:57:934  magnetic4完成落盘
2020-12-26 07:17:04:459  temperate1完成落盘
2020-12-26 07:17:10:554  temperate2完成落盘
2020-12-26 07:17:16:168  temperate3完成落盘
2020-12-26 07:17:22:464  temperate4完成落盘
2020-12-26 07:17:22:472  开始处理数据
2020-12-26 07:17:23:012  右侧计算完成
2020-12-26 07:17:23:338  左侧计算完成
2020-12-26 07:17:23:340  检查结果数据
2020-12-26 07:17:23:342  通知桌面显示数据
2020-12-26 07:17:23:358  开始写入数据库
2020-12-26 07:17:23:373  预警及报警参数加载完成
2020-12-26 07:17:23:375  数据库打开成功
2020-12-26 07:17:23:377  train_info数据表写入成功
2020-12-26 07:17:23:379  train_onlyid读取成功
2020-12-26 07:17:23:383  train_data数据表写入成功
2020-12-26 07:17:23:385  train_fault数据表写入1、1成功
2020-12-26 07:17:23:388  train_fault数据表写入2、1成功
2020-12-26 07:17:23:389  train_fault数据表写入3、1成功
2020-12-26 07:17:23:393  vt_info数据表，第0次写入成功
2020-12-26 07:17:23:397  vt_info数据表，第1次写入成功
2020-12-26 07:17:23:401  vt_info数据表，第2次写入成功
2020-12-26 07:17:23:405  vt_info数据表，第3次写入成功
2020-12-26 07:17:23:409  vt_info数据表，第4次写入成功
2020-12-26 07:17:23:413  vt_info数据表，第5次写入成功
2020-12-26 07:17:23:415  vt_info数据表，第6次写入成功
2020-12-26 07:17:23:419  vt_info数据表，第7次写入成功
2020-12-26 07:17:23:423  vt_info数据表，第8次写入成功
2020-12-26 07:17:23:427  vt_info数据表，第9次写入成功
2020-12-26 07:17:23:431  vt_info数据表，第10次写入成功
2020-12-26 07:17:23:435  vt_info数据表，第11次写入成功
2020-12-26 07:17:23:437  vt_info数据表，第12次写入成功
2020-12-26 07:17:23:441  vt_info数据表，第13次写入成功
2020-12-26 07:17:23:445  vt_info数据表，第14次写入成功
2020-12-26 07:17:23:449  vt_info数据表，第15次写入成功
2020-12-26 07:17:23:453  vt_info数据表，第16次写入成功
2020-12-26 07:17:23:457  vt_info数据表，第17次写入成功
2020-12-26 07:17:23:459  vt_info数据表，第18次写入成功
2020-12-26 07:17:23:463  vt_info数据表，第19次写入成功
2020-12-26 07:17:23:467  vt_info数据表，第20次写入成功
2020-12-26 07:17:23:471  vt_info数据表，第21次写入成功
2020-12-26 07:17:23:475  vt_info数据表，第22次写入成功
2020-12-26 07:17:23:479  vt_info数据表，第23次写入成功
2020-12-26 07:17:23:481  vt_info数据表，第24次写入成功
2020-12-26 07:17:23:485  vt_info数据表，第25次写入成功
2020-12-26 07:17:23:489  vt_info数据表，第26次写入成功
2020-12-26 07:17:23:493  vt_info数据表，第27次写入成功
2020-12-26 07:17:23:497  vt_info数据表，第28次写入成功
2020-12-26 07:17:23:501  vt_info数据表，第29次写入成功
2020-12-26 07:17:23:505  vt_info数据表，第30次写入成功
2020-12-26 07:17:23:507  vt_info数据表，第31次写入成功
2020-12-26 07:17:23:511  vt_info数据表，第32次写入成功
2020-12-26 07:17:23:515  vt_info数据表，第33次写入成功
2020-12-26 07:17:23:519  vt_info数据表，第34次写入成功
2020-12-26 07:17:23:523  vt_info数据表，第35次写入成功
2020-12-26 07:17:23:527  vt_info数据表，第36次写入成功
2020-12-26 07:17:23:529  vt_info数据表，第37次写入成功
2020-12-26 07:17:23:533  vt_info数据表，第38次写入成功
2020-12-26 07:17:23:537  vt_info数据表，第39次写入成功
2020-12-26 07:17:23:541  vt_info数据表，第40次写入成功
2020-12-26 07:17:23:545  vt_info数据表，第41次写入成功
2020-12-26 07:17:23:549  vt_info数据表，第42次写入成功
2020-12-26 07:17:23:551  vt_info数据表，第43次写入成功
2020-12-26 07:17:23:555  vt_info数据表，第44次写入成功
2020-12-26 07:17:23:559  vt_info数据表，第45次写入成功
2020-12-26 07:17:23:563  vt_info数据表，第46次写入成功
2020-12-26 07:17:23:567  vt_info数据表，第47次写入成功
2020-12-26 07:17:23:569  motor_info数据表，第0次写入成功
2020-12-26 07:17:23:571  motor_info数据表，第1次写入成功
2020-12-26 07:17:23:575  motor_info数据表，第2次写入成功
2020-12-26 07:17:23:577  motor_info数据表，第3次写入成功
2020-12-26 07:17:23:581  motor_info数据表，第4次写入成功
2020-12-26 07:17:23:583  motor_info数据表，第5次写入成功
2020-12-26 07:17:23:585  motor_info数据表，第6次写入成功
2020-12-26 07:17:23:589  motor_info数据表，第7次写入成功
2020-12-26 07:17:23:591  motor_info数据表，第8次写入成功
2020-12-26 07:17:23:593  motor_info数据表，第9次写入成功
2020-12-26 07:17:23:597  motor_info数据表，第10次写入成功
2020-12-26 07:17:23:599  motor_info数据表，第11次写入成功
2020-12-26 07:17:23:601  motor_info数据表，第12次写入成功
2020-12-26 07:17:23:605  motor_info数据表，第13次写入成功
2020-12-26 07:17:23:607  motor_info数据表，第14次写入成功
2020-12-26 07:17:23:627  motor_info数据表，第15次写入成功
2020-12-26 07:17:23:629  数据库关闭！
2020-12-26 07:28:10:438  收到来车信号，流水号：20201226072810，所有设备开始采集
2020-12-26 07:28:10:496  开启A/D采集
2020-12-26 07:28:50:347  收到离车信号，流水号：20201226072810，线号：0，车号：0，主控端：0，所有设备停止采集
2020-12-26 07:28:50:349  收到停止采集命令，开始停止采集
2020-12-26 07:28:50:353  停止采集数据
2020-12-26 07:28:50:355  采集连接已断开
2020-12-26 07:28:50:357  开始数据分析和落盘
2020-12-26 07:28:58:537  vibration1完成落盘
2020-12-26 07:29:05:029  vibration2完成落盘
2020-12-26 07:29:11:224  vibration3完成落盘
2020-12-26 07:29:17:694  vibration4完成落盘
2020-12-26 07:29:24:352  vibration5完成落盘
2020-12-26 07:29:30:652  vibration6完成落盘
2020-12-26 07:29:36:636  vibration7完成落盘
2020-12-26 07:29:42:986  vibration8完成落盘
2020-12-26 07:29:49:767  magnetic1完成落盘
2020-12-26 07:29:56:431  magnetic2完成落盘
2020-12-26 07:30:02:303  magnetic3完成落盘
2020-12-26 07:30:08:702  magnetic4完成落盘
2020-12-26 07:30:14:347  temperate1完成落盘
2020-12-26 07:30:20:295  temperate2完成落盘
2020-12-26 07:30:26:008  temperate3完成落盘
2020-12-26 07:30:32:184  temperate4完成落盘
2020-12-26 07:30:32:192  开始处理数据
2020-12-26 07:30:32:766  右侧计算完成
2020-12-26 07:30:33:138  左侧计算完成
2020-12-26 07:30:33:140  检查结果数据
2020-12-26 07:30:33:142  通知桌面显示数据
2020-12-26 07:30:33:158  开始写入数据库
2020-12-26 07:30:33:174  预警及报警参数加载完成
2020-12-26 07:30:33:176  数据库打开成功
2020-12-26 07:30:33:178  train_info数据表写入成功
2020-12-26 07:30:33:180  train_onlyid读取成功
2020-12-26 07:30:33:184  train_data数据表写入成功
2020-12-26 07:30:33:188  train_fault数据表写入1、1成功
2020-12-26 07:30:33:190  train_fault数据表写入2、1成功
2020-12-26 07:30:33:192  train_fault数据表写入3、1成功
2020-12-26 07:30:33:196  vt_info数据表，第0次写入成功
2020-12-26 07:30:33:200  vt_info数据表，第1次写入成功
2020-12-26 07:30:33:204  vt_info数据表，第2次写入成功
2020-12-26 07:30:33:208  vt_info数据表，第3次写入成功
2020-12-26 07:30:33:212  vt_info数据表，第4次写入成功
2020-12-26 07:30:33:216  vt_info数据表，第5次写入成功
2020-12-26 07:30:33:218  vt_info数据表，第6次写入成功
2020-12-26 07:30:33:222  vt_info数据表，第7次写入成功
2020-12-26 07:30:33:226  vt_info数据表，第8次写入成功
2020-12-26 07:30:33:230  vt_info数据表，第9次写入成功
2020-12-26 07:30:33:234  vt_info数据表，第10次写入成功
2020-12-26 07:30:33:238  vt_info数据表，第11次写入成功
2020-12-26 07:30:33:240  vt_info数据表，第12次写入成功
2020-12-26 07:30:33:244  vt_info数据表，第13次写入成功
2020-12-26 07:30:33:248  vt_info数据表，第14次写入成功
2020-12-26 07:30:33:252  vt_info数据表，第15次写入成功
2020-12-26 07:30:33:256  vt_info数据表，第16次写入成功
2020-12-26 07:30:33:260  vt_info数据表，第17次写入成功
2020-12-26 07:30:33:262  vt_info数据表，第18次写入成功
2020-12-26 07:30:33:266  vt_info数据表，第19次写入成功
2020-12-26 07:30:33:270  vt_info数据表，第20次写入成功
2020-12-26 07:30:33:274  vt_info数据表，第21次写入成功
2020-12-26 07:30:33:278  vt_info数据表，第22次写入成功
2020-12-26 07:30:33:282  vt_info数据表，第23次写入成功
2020-12-26 07:30:33:284  vt_info数据表，第24次写入成功
2020-12-26 07:30:33:288  vt_info数据表，第25次写入成功
2020-12-26 07:30:33:292  vt_info数据表，第26次写入成功
2020-12-26 07:30:33:296  vt_info数据表，第27次写入成功
2020-12-26 07:30:33:300  vt_info数据表，第28次写入成功
2020-12-26 07:30:33:304  vt_info数据表，第29次写入成功
2020-12-26 07:30:33:307  vt_info数据表，第30次写入成功
2020-12-26 07:30:33:311  vt_info数据表，第31次写入成功
2020-12-26 07:30:33:315  vt_info数据表，第32次写入成功
2020-12-26 07:30:33:318  vt_info数据表，第33次写入成功
2020-12-26 07:30:33:322  vt_info数据表，第34次写入成功
2020-12-26 07:30:33:326  vt_info数据表，第35次写入成功
2020-12-26 07:30:33:330  vt_info数据表，第36次写入成功
2020-12-26 07:30:33:335  vt_info数据表，第37次写入成功
2020-12-26 07:30:33:338  vt_info数据表，第38次写入成功
2020-12-26 07:30:33:341  vt_info数据表，第39次写入成功
2020-12-26 07:30:33:345  vt_info数据表，第40次写入成功
2020-12-26 07:30:33:349  vt_info数据表，第41次写入成功
2020-12-26 07:30:33:353  vt_info数据表，第42次写入成功
2020-12-26 07:30:33:356  vt_info数据表，第43次写入成功
2020-12-26 07:30:33:360  vt_info数据表，第44次写入成功
2020-12-26 07:30:33:364  vt_info数据表，第45次写入成功
2020-12-26 07:30:33:366  vt_info数据表，第46次写入成功
2020-12-26 07:30:33:370  vt_info数据表，第47次写入成功
2020-12-26 07:30:33:372  motor_info数据表，第0次写入成功
2020-12-26 07:30:33:376  motor_info数据表，第1次写入成功
2020-12-26 07:30:33:378  motor_info数据表，第2次写入成功
2020-12-26 07:30:33:382  motor_info数据表，第3次写入成功
2020-12-26 07:30:33:384  motor_info数据表，第4次写入成功
2020-12-26 07:30:33:386  motor_info数据表，第5次写入成功
2020-12-26 07:30:33:390  motor_info数据表，第6次写入成功
2020-12-26 07:30:33:392  motor_info数据表，第7次写入成功
2020-12-26 07:30:33:394  motor_info数据表，第8次写入成功
2020-12-26 07:30:33:398  motor_info数据表，第9次写入成功
2020-12-26 07:30:33:400  motor_info数据表，第10次写入成功
2020-12-26 07:30:33:402  motor_info数据表，第11次写入成功
2020-12-26 07:30:33:406  motor_info数据表，第12次写入成功
2020-12-26 07:30:33:408  motor_info数据表，第13次写入成功
2020-12-26 07:30:33:410  motor_info数据表，第14次写入成功
2020-12-26 07:30:33:430  motor_info数据表，第15次写入成功
2020-12-26 07:30:33:432  数据库关闭！
2020-12-26 07:32:36:391  收到来车信号，流水号：20201226073236，所有设备开始采集
2020-12-26 07:32:36:449  开启A/D采集
2020-12-26 07:33:16:345  收到离车信号，流水号：20201226073236，线号：0，车号：0，主控端：0，所有设备停止采集
2020-12-26 07:33:16:347  收到停止采集命令，开始停止采集
2020-12-26 07:33:16:351  停止采集数据
2020-12-26 07:33:16:353  采集连接已断开
2020-12-26 07:33:16:355  开始数据分析和落盘
2020-12-26 07:33:23:262  vibration1完成落盘
2020-12-26 07:33:29:244  vibration2完成落盘
2020-12-26 07:33:34:748  vibration3完成落盘
2020-12-26 07:33:40:077  vibration4完成落盘
2020-12-26 07:33:45:476  vibration5完成落盘
2020-12-26 07:33:51:276  vibration6完成落盘
2020-12-26 07:33:56:732  vibration7完成落盘
2020-12-26 07:34:02:281  vibration8完成落盘
2020-12-26 07:34:08:136  magnetic1完成落盘
2020-12-26 07:34:13:796  magnetic2完成落盘
2020-12-26 07:34:19:333  magnetic3完成落盘
2020-12-26 07:34:24:948  magnetic4完成落盘
2020-12-26 07:34:29:936  temperate1完成落盘
2020-12-26 07:34:35:234  temperate2完成落盘
2020-12-26 07:34:40:574  temperate3完成落盘
2020-12-26 07:34:46:238  temperate4完成落盘
2020-12-26 07:34:46:246  开始处理数据
2020-12-26 07:34:46:701  右侧计算完成
2020-12-26 07:34:47:027  左侧计算完成
2020-12-26 07:34:47:029  检查结果数据
2020-12-26 07:34:47:031  通知桌面显示数据
2020-12-26 07:34:47:047  开始写入数据库
2020-12-26 07:34:47:057  预警及报警参数加载完成
2020-12-26 07:34:47:059  数据库打开成功
2020-12-26 07:34:47:061  train_info数据表写入成功
2020-12-26 07:34:47:063  train_onlyid读取成功
2020-12-26 07:34:47:067  train_data数据表写入成功
2020-12-26 07:34:47:069  train_fault数据表写入1、1成功
2020-12-26 07:34:47:071  train_fault数据表写入2、1成功
2020-12-26 07:34:47:073  train_fault数据表写入3、1成功
2020-12-26 07:34:47:077  vt_info数据表，第0次写入成功
2020-12-26 07:34:47:081  vt_info数据表，第1次写入成功
2020-12-26 07:34:47:085  vt_info数据表，第2次写入成功
2020-12-26 07:34:47:087  vt_info数据表，第3次写入成功
2020-12-26 07:34:47:091  vt_info数据表，第4次写入成功
2020-12-26 07:34:47:095  vt_info数据表，第5次写入成功
2020-12-26 07:34:47:099  vt_info数据表，第6次写入成功
2020-12-26 07:34:47:101  vt_info数据表，第7次写入成功
2020-12-26 07:34:47:105  vt_info数据表，第8次写入成功
2020-12-26 07:34:47:109  vt_info数据表，第9次写入成功
2020-12-26 07:34:47:113  vt_info数据表，第10次写入成功
2020-12-26 07:34:47:117  vt_info数据表，第11次写入成功
2020-12-26 07:34:47:119  vt_info数据表，第12次写入成功
2020-12-26 07:34:47:123  vt_info数据表，第13次写入成功
2020-12-26 07:34:47:127  vt_info数据表，第14次写入成功
2020-12-26 07:34:47:131  vt_info数据表，第15次写入成功
2020-12-26 07:34:47:133  vt_info数据表，第16次写入成功
2020-12-26 07:34:47:137  vt_info数据表，第17次写入成功
2020-12-26 07:34:47:141  vt_info数据表，第18次写入成功
2020-12-26 07:34:47:145  vt_info数据表，第19次写入成功
2020-12-26 07:34:47:149  vt_info数据表，第20次写入成功
2020-12-26 07:34:47:151  vt_info数据表，第21次写入成功
2020-12-26 07:34:47:156  vt_info数据表，第22次写入成功
2020-12-26 07:34:47:159  vt_info数据表，第23次写入成功
2020-12-26 07:34:47:163  vt_info数据表，第24次写入成功
2020-12-26 07:34:47:167  vt_info数据表，第25次写入成功
2020-12-26 07:34:47:169  vt_info数据表，第26次写入成功
2020-12-26 07:34:47:174  vt_info数据表，第27次写入成功
2020-12-26 07:34:47:177  vt_info数据表，第28次写入成功
2020-12-26 07:34:47:181  vt_info数据表，第29次写入成功
2020-12-26 07:34:47:185  vt_info数据表，第30次写入成功
2020-12-26 07:34:47:189  vt_info数据表，第31次写入成功
2020-12-26 07:34:47:192  vt_info数据表，第32次写入成功
2020-12-26 07:34:47:195  vt_info数据表，第33次写入成功
2020-12-26 07:34:47:199  vt_info数据表，第34次写入成功
2020-12-26 07:34:47:203  vt_info数据表，第35次写入成功
2020-12-26 07:34:47:207  vt_info数据表，第36次写入成功
2020-12-26 07:34:47:211  vt_info数据表，第37次写入成功
2020-12-26 07:34:47:214  vt_info数据表，第38次写入成功
2020-12-26 07:34:47:218  vt_info数据表，第39次写入成功
2020-12-26 07:34:47:221  vt_info数据表，第40次写入成功
2020-12-26 07:34:47:225  vt_info数据表，第41次写入成功
2020-12-26 07:34:47:229  vt_info数据表，第42次写入成功
2020-12-26 07:34:47:233  vt_info数据表，第43次写入成功
2020-12-26 07:34:47:235  vt_info数据表，第44次写入成功
2020-12-26 07:34:47:241  vt_info数据表，第45次写入成功
2020-12-26 07:34:47:245  vt_info数据表，第46次写入成功
2020-12-26 07:34:47:249  vt_info数据表，第47次写入成功
2020-12-26 07:34:47:251  motor_info数据表，第0次写入成功
2020-12-26 07:34:47:253  motor_info数据表，第1次写入成功
2020-12-26 07:34:47:257  motor_info数据表，第2次写入成功
2020-12-26 07:34:47:259  motor_info数据表，第3次写入成功
2020-12-26 07:34:47:263  motor_info数据表，第4次写入成功
2020-12-26 07:34:47:265  motor_info数据表，第5次写入成功
2020-12-26 07:34:47:268  motor_info数据表，第6次写入成功
2020-12-26 07:34:47:271  motor_info数据表，第7次写入成功
2020-12-26 07:34:47:274  motor_info数据表，第8次写入成功
2020-12-26 07:34:47:276  motor_info数据表，第9次写入成功
2020-12-26 07:34:47:279  motor_info数据表，第10次写入成功
2020-12-26 07:34:47:281  motor_info数据表，第11次写入成功
2020-12-26 07:34:47:283  motor_info数据表，第12次写入成功
2020-12-26 07:34:47:287  motor_info数据表，第13次写入成功
2020-12-26 07:34:47:289  motor_info数据表，第14次写入成功
2020-12-26 07:34:47:309  motor_info数据表，第15次写入成功
2020-12-26 07:34:47:311  数据库关闭！
2020-12-26 07:41:24:680  收到来车信号，流水号：20201226074124，所有设备开始采集
2020-12-26 07:41:24:740  开启A/D采集
2020-12-26 07:42:04:500  收到离车信号，流水号：20201226074124，线号：0，车号：0，主控端：0，所有设备停止采集
2020-12-26 07:42:04:502  收到停止采集命令，开始停止采集
2020-12-26 07:42:04:506  停止采集数据
2020-12-26 07:42:04:508  采集连接已断开
2020-12-26 07:42:04:510  开始数据分析和落盘
2020-12-26 07:42:12:649  vibration1完成落盘
2020-12-26 07:42:19:360  vibration2完成落盘
2020-12-26 07:42:26:054  vibration3完成落盘
2020-12-26 07:42:31:826  vibration4完成落盘
2020-12-26 07:42:38:116  vibration5完成落盘
2020-12-26 07:42:44:714  vibration6完成落盘
2020-12-26 07:42:51:528  vibration7完成落盘
2020-12-26 07:42:58:229  vibration8完成落盘
2020-12-26 07:43:05:102  magnetic1完成落盘
2020-12-26 07:43:12:085  magnetic2完成落盘
2020-12-26 07:43:18:740  magnetic3完成落盘
2020-12-26 07:43:25:368  magnetic4完成落盘
2020-12-26 07:43:31:423  temperate1完成落盘
2020-12-26 07:43:37:654  temperate2完成落盘
2020-12-26 07:43:43:826  temperate3完成落盘
2020-12-26 07:43:50:339  temperate4完成落盘
2020-12-26 07:43:50:351  开始处理数据
2020-12-26 07:43:50:845  右侧计算完成
2020-12-26 07:43:51:174  左侧计算完成
2020-12-26 07:43:51:176  检查结果数据
2020-12-26 07:43:51:178  通知桌面显示数据
2020-12-26 07:43:51:194  开始写入数据库
2020-12-26 07:43:51:211  预警及报警参数加载完成
2020-12-26 07:43:51:212  数据库打开成功
2020-12-26 07:43:51:214  train_info数据表写入成功
2020-12-26 07:43:51:216  train_onlyid读取成功
2020-12-26 07:43:51:221  train_data数据表写入成功
2020-12-26 07:43:51:222  train_fault数据表写入1、1成功
2020-12-26 07:43:51:224  train_fault数据表写入2、1成功
2020-12-26 07:43:51:229  train_fault数据表写入3、1成功
2020-12-26 07:43:51:233  vt_info数据表，第0次写入成功
2020-12-26 07:43:51:236  vt_info数据表，第1次写入成功
2020-12-26 07:43:51:238  vt_info数据表，第2次写入成功
2020-12-26 07:43:51:242  vt_info数据表，第3次写入成功
2020-12-26 07:43:51:246  vt_info数据表，第4次写入成功
2020-12-26 07:43:51:251  vt_info数据表，第5次写入成功
2020-12-26 07:43:51:254  vt_info数据表，第6次写入成功
2020-12-26 07:43:51:258  vt_info数据表，第7次写入成功
2020-12-26 07:43:51:263  vt_info数据表，第8次写入成功
2020-12-26 07:43:51:267  vt_info数据表，第9次写入成功
2020-12-26 07:43:51:271  vt_info数据表，第10次写入成功
2020-12-26 07:43:51:272  vt_info数据表，第11次写入成功
2020-12-26 07:43:51:276  vt_info数据表，第12次写入成功
2020-12-26 07:43:51:282  vt_info数据表，第13次写入成功
2020-12-26 07:43:51:286  vt_info数据表，第14次写入成功
2020-12-26 07:43:51:289  vt_info数据表，第15次写入成功
2020-12-26 07:43:51:293  vt_info数据表，第16次写入成功
2020-12-26 07:43:51:297  vt_info数据表，第17次写入成功
2020-12-26 07:43:51:301  vt_info数据表，第18次写入成功
2020-12-26 07:43:51:305  vt_info数据表，第19次写入成功
2020-12-26 07:43:51:308  vt_info数据表，第20次写入成功
2020-12-26 07:43:51:312  vt_info数据表，第21次写入成功
2020-12-26 07:43:51:316  vt_info数据表，第22次写入成功
2020-12-26 07:43:51:320  vt_info数据表，第23次写入成功
2020-12-26 07:43:51:324  vt_info数据表，第24次写入成功
2020-12-26 07:43:51:328  vt_info数据表，第25次写入成功
2020-12-26 07:43:51:330  vt_info数据表，第26次写入成功
2020-12-26 07:43:51:334  vt_info数据表，第27次写入成功
2020-12-26 07:43:51:338  vt_info数据表，第28次写入成功
2020-12-26 07:43:51:342  vt_info数据表，第29次写入成功
2020-12-26 07:43:51:346  vt_info数据表，第30次写入成功
2020-12-26 07:43:51:350  vt_info数据表，第31次写入成功
2020-12-26 07:43:51:354  vt_info数据表，第32次写入成功
2020-12-26 07:43:51:358  vt_info数据表，第33次写入成功
2020-12-26 07:43:51:362  vt_info数据表，第34次写入成功
2020-12-26 07:43:51:364  vt_info数据表，第35次写入成功
2020-12-26 07:43:51:368  vt_info数据表，第36次写入成功
2020-12-26 07:43:51:372  vt_info数据表，第37次写入成功
2020-12-26 07:43:51:376  vt_info数据表，第38次写入成功
2020-12-26 07:43:51:381  vt_info数据表，第39次写入成功
2020-12-26 07:43:51:385  vt_info数据表，第40次写入成功
2020-12-26 07:43:51:387  vt_info数据表，第41次写入成功
2020-12-26 07:43:51:391  vt_info数据表，第42次写入成功
2020-12-26 07:43:51:395  vt_info数据表，第43次写入成功
2020-12-26 07:43:51:399  vt_info数据表，第44次写入成功
2020-12-26 07:43:51:403  vt_info数据表，第45次写入成功
2020-12-26 07:43:51:407  vt_info数据表，第46次写入成功
2020-12-26 07:43:51:411  vt_info数据表，第47次写入成功
2020-12-26 07:43:51:413  motor_info数据表，第0次写入成功
2020-12-26 07:43:51:417  motor_info数据表，第1次写入成功
2020-12-26 07:43:51:419  motor_info数据表，第2次写入成功
2020-12-26 07:43:51:423  motor_info数据表，第3次写入成功
2020-12-26 07:43:51:425  motor_info数据表，第4次写入成功
2020-12-26 07:43:51:427  motor_info数据表，第5次写入成功
2020-12-26 07:43:51:431  motor_info数据表，第6次写入成功
2020-12-26 07:43:51:433  motor_info数据表，第7次写入成功
2020-12-26 07:43:51:437  motor_info数据表，第8次写入成功
2020-12-26 07:43:51:439  motor_info数据表，第9次写入成功
2020-12-26 07:43:51:441  motor_info数据表，第10次写入成功
2020-12-26 07:43:51:445  motor_info数据表，第11次写入成功
2020-12-26 07:43:51:447  motor_info数据表，第12次写入成功
2020-12-26 07:43:51:451  motor_info数据表，第13次写入成功
2020-12-26 07:43:51:453  motor_info数据表，第14次写入成功
2020-12-26 07:43:51:473  motor_info数据表，第15次写入成功
2020-12-26 07:43:51:475  数据库关闭！
2020-12-26 07:46:16:494  收到来车信号，流水号：20201226074616，所有设备开始采集
2020-12-26 07:46:16:552  开启A/D采集
2020-12-26 07:46:56:314  收到离车信号，流水号：20201226074616，线号：0，车号：0，主控端：0，所有设备停止采集
2020-12-26 07:46:56:317  收到停止采集命令，开始停止采集
2020-12-26 07:46:56:319  停止采集数据
2020-12-26 07:46:56:322  采集连接已断开
2020-12-26 07:46:56:324  开始数据分析和落盘
2020-12-26 07:47:03:578  vibration1完成落盘
2020-12-26 07:47:09:597  vibration2完成落盘
2020-12-26 07:47:15:780  vibration3完成落盘
2020-12-26 07:47:21:761  vibration4完成落盘
2020-12-26 07:47:27:701  vibration5完成落盘
2020-12-26 07:47:34:145  vibration6完成落盘
2020-12-26 07:47:39:983  vibration7完成落盘
2020-12-26 07:47:45:976  vibration8完成落盘
2020-12-26 07:47:51:800  magnetic1完成落盘
2020-12-26 07:47:58:155  magnetic2完成落盘
2020-12-26 07:48:03:983  magnetic3完成落盘
2020-12-26 07:48:10:138  magnetic4完成落盘
2020-12-26 07:48:15:792  temperate1完成落盘
2020-12-26 07:48:21:147  temperate2完成落盘
2020-12-26 07:48:26:880  temperate3完成落盘
2020-12-26 07:48:32:766  temperate4完成落盘
2020-12-26 07:48:32:776  开始处理数据
2020-12-26 07:48:33:306  右侧计算完成
2020-12-26 07:48:33:634  左侧计算完成
2020-12-26 07:48:33:636  检查结果数据
2020-12-26 07:48:33:638  通知桌面显示数据
2020-12-26 07:48:33:654  开始写入数据库
2020-12-26 07:48:33:670  预警及报警参数加载完成
2020-12-26 07:48:33:672  数据库打开成功
2020-12-26 07:48:33:674  train_info数据表写入成功
2020-12-26 07:48:33:676  train_onlyid读取成功
2020-12-26 07:48:33:680  train_data数据表写入成功
2020-12-26 07:48:33:682  train_fault数据表写入1、1成功
2020-12-26 07:48:33:684  train_fault数据表写入2、1成功
2020-12-26 07:48:33:686  train_fault数据表写入3、1成功
2020-12-26 07:48:33:690  vt_info数据表，第0次写入成功
2020-12-26 07:48:33:694  vt_info数据表，第1次写入成功
2020-12-26 07:48:33:698  vt_info数据表，第2次写入成功
2020-12-26 07:48:33:702  vt_info数据表，第3次写入成功
2020-12-26 07:48:33:706  vt_info数据表，第4次写入成功
2020-12-26 07:48:33:708  vt_info数据表，第5次写入成功
2020-12-26 07:48:33:712  vt_info数据表，第6次写入成功
2020-12-26 07:48:33:716  vt_info数据表，第7次写入成功
2020-12-26 07:48:33:720  vt_info数据表，第8次写入成功
2020-12-26 07:48:33:724  vt_info数据表，第9次写入成功
2020-12-26 07:48:33:728  vt_info数据表，第10次写入成功
2020-12-26 07:48:33:730  vt_info数据表，第11次写入成功
2020-12-26 07:48:33:734  vt_info数据表，第12次写入成功
2020-12-26 07:48:33:738  vt_info数据表，第13次写入成功
2020-12-26 07:48:33:742  vt_info数据表，第14次写入成功
2020-12-26 07:48:33:746  vt_info数据表，第15次写入成功
2020-12-26 07:48:33:750  vt_info数据表，第16次写入成功
2020-12-26 07:48:33:754  vt_info数据表，第17次写入成功
2020-12-26 07:48:33:758  vt_info数据表，第18次写入成功
2020-12-26 07:48:33:760  vt_info数据表，第19次写入成功
2020-12-26 07:48:33:764  vt_info数据表，第20次写入成功
2020-12-26 07:48:33:768  vt_info数据表，第21次写入成功
2020-12-26 07:48:33:772  vt_info数据表，第22次写入成功
2020-12-26 07:48:33:776  vt_info数据表，第23次写入成功
2020-12-26 07:48:33:780  vt_info数据表，第24次写入成功
2020-12-26 07:48:33:782  vt_info数据表，第25次写入成功
2020-12-26 07:48:33:786  vt_info数据表，第26次写入成功
2020-12-26 07:48:33:790  vt_info数据表，第27次写入成功
2020-12-26 07:48:33:794  vt_info数据表，第28次写入成功
2020-12-26 07:48:33:798  vt_info数据表，第29次写入成功
2020-12-26 07:48:33:802  vt_info数据表，第30次写入成功
2020-12-26 07:48:33:804  vt_info数据表，第31次写入成功
2020-12-26 07:48:33:808  vt_info数据表，第32次写入成功
2020-12-26 07:48:33:812  vt_info数据表，第33次写入成功
2020-12-26 07:48:33:816  vt_info数据表，第34次写入成功
2020-12-26 07:48:33:820  vt_info数据表，第35次写入成功
2020-12-26 07:48:33:824  vt_info数据表，第36次写入成功
2020-12-26 07:48:33:828  vt_info数据表，第37次写入成功
2020-12-26 07:48:33:830  vt_info数据表，第38次写入成功
2020-12-26 07:48:33:834  vt_info数据表，第39次写入成功
2020-12-26 07:48:33:838  vt_info数据表，第40次写入成功
2020-12-26 07:48:33:842  vt_info数据表，第41次写入成功
2020-12-26 07:48:33:846  vt_info数据表，第42次写入成功
2020-12-26 07:48:33:850  vt_info数据表，第43次写入成功
2020-12-26 07:48:33:852  vt_info数据表，第44次写入成功
2020-12-26 07:48:33:856  vt_info数据表，第45次写入成功
2020-12-26 07:48:33:860  vt_info数据表，第46次写入成功
2020-12-26 07:48:33:864  vt_info数据表，第47次写入成功
2020-12-26 07:48:33:866  motor_info数据表，第0次写入成功
2020-12-26 07:48:33:870  motor_info数据表，第1次写入成功
2020-12-26 07:48:33:872  motor_info数据表，第2次写入成功
2020-12-26 07:48:33:876  motor_info数据表，第3次写入成功
2020-12-26 07:48:33:878  motor_info数据表，第4次写入成功
2020-12-26 07:48:33:880  motor_info数据表，第5次写入成功
2020-12-26 07:48:33:884  motor_info数据表，第6次写入成功
2020-12-26 07:48:33:886  motor_info数据表，第7次写入成功
2020-12-26 07:48:33:888  motor_info数据表，第8次写入成功
2020-12-26 07:48:33:892  motor_info数据表，第9次写入成功
2020-12-26 07:48:33:894  motor_info数据表，第10次写入成功
2020-12-26 07:48:33:896  motor_info数据表，第11次写入成功
2020-12-26 07:48:33:900  motor_info数据表，第12次写入成功
2020-12-26 07:48:33:902  motor_info数据表，第13次写入成功
2020-12-26 07:48:33:904  motor_info数据表，第14次写入成功
2020-12-26 07:48:33:924  motor_info数据表，第15次写入成功
2020-12-26 07:48:33:926  数据库关闭！
2020-12-26 07:50:10:817  收到来车信号，流水号：20201226075010，所有设备开始采集
2020-12-26 07:50:10:875  开启A/D采集
2020-12-26 07:50:50:609  收到离车信号，流水号：20201226075010，线号：0，车号：0，主控端：0，所有设备停止采集
2020-12-26 07:50:50:611  收到停止采集命令，开始停止采集
2020-12-26 07:50:50:618  停止采集数据
2020-12-26 07:50:50:621  采集连接已断开
2020-12-26 07:50:50:622  开始数据分析和落盘
2020-12-26 07:50:58:339  vibration1完成落盘
2020-12-26 07:51:05:092  vibration2完成落盘
2020-12-26 07:51:11:898  vibration3完成落盘
2020-12-26 07:51:18:713  vibration4完成落盘
2020-12-26 07:51:25:543  vibration5完成落盘
2020-12-26 07:51:32:425  vibration6完成落盘
2020-12-26 07:51:39:190  vibration7完成落盘
2020-12-26 07:51:45:913  vibration8完成落盘
2020-12-26 07:51:52:941  magnetic1完成落盘
2020-12-26 07:51:59:815  magnetic2完成落盘
2020-12-26 07:52:06:625  magnetic3完成落盘
2020-12-26 07:52:13:367  magnetic4完成落盘
2020-12-26 07:52:19:581  temperate1完成落盘
2020-12-26 07:52:26:013  temperate2完成落盘
2020-12-26 07:52:32:697  temperate3完成落盘
2020-12-26 07:52:38:690  temperate4完成落盘
2020-12-26 07:52:38:700  开始处理数据
2020-12-26 07:52:39:216  右侧计算完成
2020-12-26 07:52:39:521  左侧计算完成
2020-12-26 07:52:39:523  检查结果数据
2020-12-26 07:52:39:525  通知桌面显示数据
2020-12-26 07:52:39:537  开始写入数据库
2020-12-26 07:52:39:555  预警及报警参数加载完成
2020-12-26 07:52:39:557  数据库打开成功
2020-12-26 07:52:39:559  train_info数据表写入成功
2020-12-26 07:52:39:561  train_onlyid读取成功
2020-12-26 07:52:39:565  train_data数据表写入成功
2020-12-26 07:52:39:567  train_fault数据表写入1、1成功
2020-12-26 07:52:39:571  train_fault数据表写入2、1成功
2020-12-26 07:52:39:573  train_fault数据表写入3、1成功
2020-12-26 07:52:39:577  vt_info数据表，第0次写入成功
2020-12-26 07:52:39:581  vt_info数据表，第1次写入成功
2020-12-26 07:52:39:583  vt_info数据表，第2次写入成功
2020-12-26 07:52:39:587  vt_info数据表，第3次写入成功
2020-12-26 07:52:39:591  vt_info数据表，第4次写入成功
2020-12-26 07:52:39:595  vt_info数据表，第5次写入成功
2020-12-26 07:52:39:599  vt_info数据表，第6次写入成功
2020-12-26 07:52:39:601  vt_info数据表，第7次写入成功
2020-12-26 07:52:39:605  vt_info数据表，第8次写入成功
2020-12-26 07:52:39:609  vt_info数据表，第9次写入成功
2020-12-26 07:52:39:613  vt_info数据表，第10次写入成功
2020-12-26 07:52:39:617  vt_info数据表，第11次写入成功
2020-12-26 07:52:39:621  vt_info数据表，第12次写入成功
2020-12-26 07:52:39:623  vt_info数据表，第13次写入成功
2020-12-26 07:52:39:627  vt_info数据表，第14次写入成功
2020-12-26 07:52:39:631  vt_info数据表，第15次写入成功
2020-12-26 07:52:39:635  vt_info数据表，第16次写入成功
2020-12-26 07:52:39:639  vt_info数据表，第17次写入成功
2020-12-26 07:52:39:641  vt_info数据表，第18次写入成功
2020-12-26 07:52:39:645  vt_info数据表，第19次写入成功
2020-12-26 07:52:39:649  vt_info数据表，第20次写入成功
2020-12-26 07:52:39:653  vt_info数据表，第21次写入成功
2020-12-26 07:52:39:657  vt_info数据表，第22次写入成功
2020-12-26 07:52:39:661  vt_info数据表，第23次写入成功
2020-12-26 07:52:39:663  vt_info数据表，第24次写入成功
2020-12-26 07:52:39:667  vt_info数据表，第25次写入成功
2020-12-26 07:52:39:671  vt_info数据表，第26次写入成功
2020-12-26 07:52:39:675  vt_info数据表，第27次写入成功
2020-12-26 07:52:39:679  vt_info数据表，第28次写入成功
2020-12-26 07:52:39:683  vt_info数据表，第29次写入成功
2020-12-26 07:52:39:685  vt_info数据表，第30次写入成功
2020-12-26 07:52:39:689  vt_info数据表，第31次写入成功
2020-12-26 07:52:39:693  vt_info数据表，第32次写入成功
2020-12-26 07:52:39:697  vt_info数据表，第33次写入成功
2020-12-26 07:52:39:701  vt_info数据表，第34次写入成功
2020-12-26 07:52:39:705  vt_info数据表，第35次写入成功
2020-12-26 07:52:39:709  vt_info数据表，第36次写入成功
2020-12-26 07:52:39:711  vt_info数据表，第37次写入成功
2020-12-26 07:52:39:715  vt_info数据表，第38次写入成功
2020-12-26 07:52:39:719  vt_info数据表，第39次写入成功
2020-12-26 07:52:39:723  vt_info数据表，第40次写入成功
2020-12-26 07:52:39:727  vt_info数据表，第41次写入成功
2020-12-26 07:52:39:731  vt_info数据表，第42次写入成功
2020-12-26 07:52:39:733  vt_info数据表，第43次写入成功
2020-12-26 07:52:39:737  vt_info数据表，第44次写入成功
2020-12-26 07:52:39:741  vt_info数据表，第45次写入成功
2020-12-26 07:52:39:745  vt_info数据表，第46次写入成功
2020-12-26 07:52:39:749  vt_info数据表，第47次写入成功
2020-12-26 07:52:39:751  motor_info数据表，第0次写入成功
2020-12-26 07:52:39:755  motor_info数据表，第1次写入成功
2020-12-26 07:52:39:757  motor_info数据表，第2次写入成功
2020-12-26 07:52:39:759  motor_info数据表，第3次写入成功
2020-12-26 07:52:39:763  motor_info数据表，第4次写入成功
2020-12-26 07:52:39:765  motor_info数据表，第5次写入成功
2020-12-26 07:52:39:769  motor_info数据表，第6次写入成功
2020-12-26 07:52:39:771  motor_info数据表，第7次写入成功
2020-12-26 07:52:39:773  motor_info数据表，第8次写入成功
2020-12-26 07:52:39:777  motor_info数据表，第9次写入成功
2020-12-26 07:52:39:779  motor_info数据表，第10次写入成功
2020-12-26 07:52:39:781  motor_info数据表，第11次写入成功
2020-12-26 07:52:39:785  motor_info数据表，第12次写入成功
2020-12-26 07:52:39:787  motor_info数据表，第13次写入成功
2020-12-26 07:52:39:791  motor_info数据表，第14次写入成功
2020-12-26 07:52:39:811  motor_info数据表，第15次写入成功
2020-12-26 07:52:39:813  数据库关闭！
2020-12-26 07:54:31:410  收到来车信号，流水号：20201226075431，所有设备开始采集
2020-12-26 07:54:31:468  开启A/D采集
2020-12-26 07:55:11:312  收到离车信号，流水号：20201226075431，线号：0，车号：0，主控端：0，所有设备停止采集
2020-12-26 07:55:11:313  收到停止采集命令，开始停止采集
2020-12-26 07:55:11:319  停止采集数据
2020-12-26 07:55:11:321  采集连接已断开
2020-12-26 07:55:11:323  开始数据分析和落盘
2020-12-26 07:55:19:078  vibration1完成落盘
2020-12-26 07:55:25:265  vibration2完成落盘
2020-12-26 07:55:31:558  vibration3完成落盘
2020-12-26 07:55:38:452  vibration4完成落盘
2020-12-26 07:55:45:177  vibration5完成落盘
2020-12-26 07:55:51:606  vibration6完成落盘
2020-12-26 07:55:58:013  vibration7完成落盘
2020-12-26 07:56:04:505  vibration8完成落盘
2020-12-26 07:56:11:116  magnetic1完成落盘
2020-12-26 07:56:17:503  magnetic2完成落盘
2020-12-26 07:56:23:666  magnetic3完成落盘
2020-12-26 07:56:30:352  magnetic4完成落盘
2020-12-26 07:56:36:532  temperate1完成落盘
2020-12-26 07:56:42:908  temperate2完成落盘
2020-12-26 07:56:48:930  temperate3完成落盘
2020-12-26 07:56:55:558  temperate4完成落盘
2020-12-26 07:56:55:566  开始处理数据
2020-12-26 07:56:56:164  右侧计算完成
2020-12-26 07:56:56:565  左侧计算完成
2020-12-26 07:56:56:567  检查结果数据
2020-12-26 07:56:56:569  通知桌面显示数据
2020-12-26 07:56:56:585  开始写入数据库
2020-12-26 07:56:56:601  预警及报警参数加载完成
2020-12-26 07:56:56:603  数据库打开成功
2020-12-26 07:56:56:605  train_info数据表写入成功
2020-12-26 07:56:56:607  train_onlyid读取成功
2020-12-26 07:56:56:611  train_data数据表写入成功
2020-12-26 07:56:56:613  train_fault数据表写入1、1成功
2020-12-26 07:56:56:615  train_fault数据表写入2、1成功
2020-12-26 07:56:56:617  train_fault数据表写入3、1成功
2020-12-26 07:56:56:621  vt_info数据表，第0次写入成功
2020-12-26 07:56:56:625  vt_info数据表，第1次写入成功
2020-12-26 07:56:56:629  vt_info数据表，第2次写入成功
2020-12-26 07:56:56:633  vt_info数据表，第3次写入成功
2020-12-26 07:56:56:637  vt_info数据表，第4次写入成功
2020-12-26 07:56:56:639  vt_info数据表，第5次写入成功
2020-12-26 07:56:56:643  vt_info数据表，第6次写入成功
2020-12-26 07:56:56:647  vt_info数据表，第7次写入成功
2020-12-26 07:56:56:651  vt_info数据表，第8次写入成功
2020-12-26 07:56:56:655  vt_info数据表，第9次写入成功
2020-12-26 07:56:56:659  vt_info数据表，第10次写入成功
2020-12-26 07:56:56:661  vt_info数据表，第11次写入成功
2020-12-26 07:56:56:665  vt_info数据表，第12次写入成功
2020-12-26 07:56:56:669  vt_info数据表，第13次写入成功
2020-12-26 07:56:56:673  vt_info数据表，第14次写入成功
2020-12-26 07:56:56:677  vt_info数据表，第15次写入成功
2020-12-26 07:56:56:681  vt_info数据表，第16次写入成功
2020-12-26 07:56:56:685  vt_info数据表，第17次写入成功
2020-12-26 07:56:56:687  vt_info数据表，第18次写入成功
2020-12-26 07:56:56:691  vt_info数据表，第19次写入成功
2020-12-26 07:56:56:695  vt_info数据表，第20次写入成功
2020-12-26 07:56:56:699  vt_info数据表，第21次写入成功
2020-12-26 07:56:56:704  vt_info数据表，第22次写入成功
2020-12-26 07:56:56:707  vt_info数据表，第23次写入成功
2020-12-26 07:56:56:709  vt_info数据表，第24次写入成功
2020-12-26 07:56:56:713  vt_info数据表，第25次写入成功
2020-12-26 07:56:56:717  vt_info数据表，第26次写入成功
2020-12-26 07:56:56:721  vt_info数据表，第27次写入成功
2020-12-26 07:56:56:726  vt_info数据表，第28次写入成功
2020-12-26 07:56:56:730  vt_info数据表，第29次写入成功
2020-12-26 07:56:56:731  vt_info数据表，第30次写入成功
2020-12-26 07:56:56:735  vt_info数据表，第31次写入成功
2020-12-26 07:56:56:740  vt_info数据表，第32次写入成功
2020-12-26 07:56:56:744  vt_info数据表，第33次写入成功
2020-12-26 07:56:56:748  vt_info数据表，第34次写入成功
2020-12-26 07:56:56:752  vt_info数据表，第35次写入成功
2020-12-26 07:56:56:753  vt_info数据表，第36次写入成功
2020-12-26 07:56:56:757  vt_info数据表，第37次写入成功
2020-12-26 07:56:56:762  vt_info数据表，第38次写入成功
2020-12-26 07:56:56:766  vt_info数据表，第39次写入成功
2020-12-26 07:56:56:770  vt_info数据表，第40次写入成功
2020-12-26 07:56:56:771  vt_info数据表，第41次写入成功
2020-12-26 07:56:56:775  vt_info数据表，第42次写入成功
2020-12-26 07:56:56:779  vt_info数据表，第43次写入成功
2020-12-26 07:56:56:784  vt_info数据表，第44次写入成功
2020-12-26 07:56:56:788  vt_info数据表，第45次写入成功
2020-12-26 07:56:56:792  vt_info数据表，第46次写入成功
2020-12-26 07:56:56:795  vt_info数据表，第47次写入成功
2020-12-26 07:56:56:798  motor_info数据表，第0次写入成功
2020-12-26 07:56:56:799  motor_info数据表，第1次写入成功
2020-12-26 07:56:56:804  motor_info数据表，第2次写入成功
2020-12-26 07:56:56:806  motor_info数据表，第3次写入成功
2020-12-26 07:56:56:807  motor_info数据表，第4次写入成功
2020-12-26 07:56:56:811  motor_info数据表，第5次写入成功
2020-12-26 07:56:56:813  motor_info数据表，第6次写入成功
2020-12-26 07:56:56:818  motor_info数据表，第7次写入成功
2020-12-26 07:56:56:820  motor_info数据表，第8次写入成功
2020-12-26 07:56:56:821  motor_info数据表，第9次写入成功
2020-12-26 07:56:56:826  motor_info数据表，第10次写入成功
2020-12-26 07:56:56:827  motor_info数据表，第11次写入成功
2020-12-26 07:56:56:829  motor_info数据表，第12次写入成功
2020-12-26 07:56:56:834  motor_info数据表，第13次写入成功
2020-12-26 07:56:56:836  motor_info数据表，第14次写入成功
2020-12-26 07:56:56:856  motor_info数据表，第15次写入成功
2020-12-26 07:56:56:858  数据库关闭！
