2020-12-19 18:01:30:048  磁钢信号预处理完成，位置标记：1
2020-12-19 18:01:30:060  温度分轮成功，分轮数尺度为：48
2020-12-19 18:01:30:073  轴承端盖温度特征值计算完成, 位置标记：1
2020-12-19 18:01:30:082  电机温度计算完成, 位置标记：1
2020-12-19 18:01:30:085  电机温度计算完成, 位置标记：1
2020-12-19 18:01:30:089  电机温度计算完成, 位置标记：1
2020-12-19 18:01:30:092  电机温度计算完成, 位置标记：1
2020-12-19 18:01:30:096  电机温度计算完成, 位置标记：1
2020-12-19 18:01:30:099  电机温度计算完成, 位置标记：1
2020-12-19 18:01:30:103  电机温度计算完成, 位置标记：1
2020-12-19 18:01:30:106  电机温度计算完成, 位置标记：1
2020-12-19 18:01:30:107  车速为：79.0076位置标记为：1
2020-12-19 18:01:30:128  振动分轮计算完成, 位置标记：1
2020-12-19 18:01:30:462  振动特征值计算完成, 位置标记：1
2020-12-19 18:01:30:507  磁钢信号预处理完成，位置标记：0
2020-12-19 18:01:30:519  温度分轮成功，分轮数尺度为：48
2020-12-19 18:01:30:534  轴承端盖温度特征值计算完成, 位置标记：0
2020-12-19 18:01:30:543  电机温度计算完成, 位置标记：0
2020-12-19 18:01:30:546  电机温度计算完成, 位置标记：0
2020-12-19 18:01:30:550  电机温度计算完成, 位置标记：0
2020-12-19 18:01:30:553  电机温度计算完成, 位置标记：0
2020-12-19 18:01:30:557  电机温度计算完成, 位置标记：0
2020-12-19 18:01:30:560  电机温度计算完成, 位置标记：0
2020-12-19 18:01:30:564  电机温度计算完成, 位置标记：0
2020-12-19 18:01:30:567  电机温度计算完成, 位置标记：0
2020-12-19 18:01:30:568  车速为：79.0076位置标记为：0
2020-12-19 18:01:30:588  振动分轮计算完成, 位置标记：0
2020-12-19 18:01:30:925  振动特征值计算完成, 位置标记：0
2020-12-19 18:08:53:284  磁钢信号预处理完成，位置标记：1
2020-12-19 18:08:53:295  温度分轮成功，分轮数尺度为：48
2020-12-19 18:08:53:308  轴承端盖温度特征值计算完成, 位置标记：1
2020-12-19 18:08:53:316  电机温度计算完成, 位置标记：1
2020-12-19 18:08:53:320  电机温度计算完成, 位置标记：1
2020-12-19 18:08:53:323  电机温度计算完成, 位置标记：1
2020-12-19 18:08:53:327  电机温度计算完成, 位置标记：1
2020-12-19 18:08:53:330  电机温度计算完成, 位置标记：1
2020-12-19 18:08:53:334  电机温度计算完成, 位置标记：1
2020-12-19 18:08:53:337  电机温度计算完成, 位置标记：1
2020-12-19 18:08:53:341  电机温度计算完成, 位置标记：1
2020-12-19 18:08:53:342  车速为：79.0831位置标记为：1
2020-12-19 18:08:53:362  振动分轮计算完成, 位置标记：1
2020-12-19 18:08:53:700  振动特征值计算完成, 位置标记：1
2020-12-19 18:08:53:747  磁钢信号预处理完成，位置标记：0
2020-12-19 18:08:53:758  温度分轮成功，分轮数尺度为：48
2020-12-19 18:08:53:771  轴承端盖温度特征值计算完成, 位置标记：0
2020-12-19 18:08:53:779  电机温度计算完成, 位置标记：0
2020-12-19 18:08:53:783  电机温度计算完成, 位置标记：0
2020-12-19 18:08:53:786  电机温度计算完成, 位置标记：0
2020-12-19 18:08:53:790  电机温度计算完成, 位置标记：0
2020-12-19 18:08:53:793  电机温度计算完成, 位置标记：0
2020-12-19 18:08:53:797  电机温度计算完成, 位置标记：0
2020-12-19 18:08:53:800  电机温度计算完成, 位置标记：0
2020-12-19 18:08:53:805  电机温度计算完成, 位置标记：0
2020-12-19 18:08:53:805  车速为：79.0831位置标记为：0
2020-12-19 18:08:53:826  振动分轮计算完成, 位置标记：0
2020-12-19 18:08:54:157  振动特征值计算完成, 位置标记：0
2020-12-19 18:17:31:460  磁钢信号预处理完成，位置标记：1
2020-12-19 18:17:31:471  温度分轮成功，分轮数尺度为：48
2020-12-19 18:17:31:484  轴承端盖温度特征值计算完成, 位置标记：1
2020-12-19 18:17:31:492  电机温度计算完成, 位置标记：1
2020-12-19 18:17:31:496  电机温度计算完成, 位置标记：1
2020-12-19 18:17:31:499  电机温度计算完成, 位置标记：1
2020-12-19 18:17:31:502  电机温度计算完成, 位置标记：1
2020-12-19 18:17:31:506  电机温度计算完成, 位置标记：1
2020-12-19 18:17:31:509  电机温度计算完成, 位置标记：1
2020-12-19 18:17:31:513  电机温度计算完成, 位置标记：1
2020-12-19 18:17:31:517  电机温度计算完成, 位置标记：1
2020-12-19 18:17:31:517  车速为：79.3103位置标记为：1
2020-12-19 18:17:31:538  振动分轮计算完成, 位置标记：1
2020-12-19 18:17:31:875  振动特征值计算完成, 位置标记：1
2020-12-19 18:17:31:922  磁钢信号预处理完成，位置标记：0
2020-12-19 18:17:31:933  温度分轮成功，分轮数尺度为：48
2020-12-19 18:17:31:945  轴承端盖温度特征值计算完成, 位置标记：0
2020-12-19 18:17:31:954  电机温度计算完成, 位置标记：0
2020-12-19 18:17:31:958  电机温度计算完成, 位置标记：0
2020-12-19 18:17:31:962  电机温度计算完成, 位置标记：0
2020-12-19 18:17:31:965  电机温度计算完成, 位置标记：0
2020-12-19 18:17:31:969  电机温度计算完成, 位置标记：0
2020-12-19 18:17:31:972  电机温度计算完成, 位置标记：0
2020-12-19 18:17:31:976  电机温度计算完成, 位置标记：0
2020-12-19 18:17:31:979  电机温度计算完成, 位置标记：0
2020-12-19 18:17:31:979  车速为：79.3103位置标记为：0
2020-12-19 18:17:32:001  振动分轮计算完成, 位置标记：0
2020-12-19 18:17:32:338  振动特征值计算完成, 位置标记：0
2020-12-19 18:26:18:058  磁钢信号预处理完成，位置标记：1
2020-12-19 18:26:18:069  温度分轮成功，分轮数尺度为：48
2020-12-19 18:26:18:082  轴承端盖温度特征值计算完成, 位置标记：1
2020-12-19 18:26:18:090  电机温度计算完成, 位置标记：1
2020-12-19 18:26:18:093  电机温度计算完成, 位置标记：1
2020-12-19 18:26:18:097  电机温度计算完成, 位置标记：1
2020-12-19 18:26:18:100  电机温度计算完成, 位置标记：1
2020-12-19 18:26:18:104  电机温度计算完成, 位置标记：1
2020-12-19 18:26:18:107  电机温度计算完成, 位置标记：1
2020-12-19 18:26:18:111  电机温度计算完成, 位置标记：1
2020-12-19 18:26:18:115  电机温度计算完成, 位置标记：1
2020-12-19 18:26:18:117  车速为：79.3103位置标记为：1
2020-12-19 18:26:18:138  振动分轮计算完成, 位置标记：1
2020-12-19 18:26:18:458  振动特征值计算完成, 位置标记：1
2020-12-19 18:26:18:501  磁钢信号预处理完成，位置标记：0
2020-12-19 18:26:18:510  温度分轮成功，分轮数尺度为：48
2020-12-19 18:26:18:521  轴承端盖温度特征值计算完成, 位置标记：0
2020-12-19 18:26:18:528  电机温度计算完成, 位置标记：0
2020-12-19 18:26:18:531  电机温度计算完成, 位置标记：0
2020-12-19 18:26:18:534  电机温度计算完成, 位置标记：0
2020-12-19 18:26:18:538  电机温度计算完成, 位置标记：0
2020-12-19 18:26:18:541  电机温度计算完成, 位置标记：0
2020-12-19 18:26:18:545  电机温度计算完成, 位置标记：0
2020-12-19 18:26:18:548  电机温度计算完成, 位置标记：0
2020-12-19 18:26:18:552  电机温度计算完成, 位置标记：0
2020-12-19 18:26:18:552  车速为：79.3103位置标记为：0
2020-12-19 18:26:18:574  振动分轮计算完成, 位置标记：0
2020-12-19 18:26:18:909  振动特征值计算完成, 位置标记：0
2020-12-19 18:32:32:634  磁钢信号预处理完成，位置标记：1
2020-12-19 18:32:32:645  温度分轮成功，分轮数尺度为：48
2020-12-19 18:32:32:658  轴承端盖温度特征值计算完成, 位置标记：1
2020-12-19 18:32:32:668  电机温度计算完成, 位置标记：1
2020-12-19 18:32:32:671  电机温度计算完成, 位置标记：1
2020-12-19 18:32:32:675  电机温度计算完成, 位置标记：1
2020-12-19 18:32:32:678  电机温度计算完成, 位置标记：1
2020-12-19 18:32:32:681  电机温度计算完成, 位置标记：1
2020-12-19 18:32:32:685  电机温度计算完成, 位置标记：1
2020-12-19 18:32:32:688  电机温度计算完成, 位置标记：1
2020-12-19 18:32:32:692  电机温度计算完成, 位置标记：1
2020-12-19 18:32:32:693  车速为：71.9374位置标记为：1
2020-12-19 18:32:32:714  振动分轮计算完成, 位置标记：1
2020-12-19 18:32:33:045  振动特征值计算完成, 位置标记：1
2020-12-19 18:32:33:093  磁钢信号预处理完成，位置标记：0
2020-12-19 18:32:33:105  温度分轮成功，分轮数尺度为：48
2020-12-19 18:32:33:119  轴承端盖温度特征值计算完成, 位置标记：0
2020-12-19 18:32:33:128  电机温度计算完成, 位置标记：0
2020-12-19 18:32:33:132  电机温度计算完成, 位置标记：0
2020-12-19 18:32:33:135  电机温度计算完成, 位置标记：0
2020-12-19 18:32:33:139  电机温度计算完成, 位置标记：0
2020-12-19 18:32:33:142  电机温度计算完成, 位置标记：0
2020-12-19 18:32:33:146  电机温度计算完成, 位置标记：0
2020-12-19 18:32:33:149  电机温度计算完成, 位置标记：0
2020-12-19 18:32:33:152  电机温度计算完成, 位置标记：0
2020-12-19 18:32:33:153  车速为：71.9374位置标记为：0
2020-12-19 18:32:33:174  振动分轮计算完成, 位置标记：0
2020-12-19 18:32:33:470  振动特征值计算完成, 位置标记：0
2020-12-19 18:36:18:295  磁钢信号预处理完成，位置标记：1
2020-12-19 18:36:18:306  温度分轮成功，分轮数尺度为：48
2020-12-19 18:36:18:319  轴承端盖温度特征值计算完成, 位置标记：1
2020-12-19 18:36:18:328  电机温度计算完成, 位置标记：1
2020-12-19 18:36:18:331  电机温度计算完成, 位置标记：1
2020-12-19 18:36:18:335  电机温度计算完成, 位置标记：1
2020-12-19 18:36:18:339  电机温度计算完成, 位置标记：1
2020-12-19 18:36:18:342  电机温度计算完成, 位置标记：1
2020-12-19 18:36:18:346  电机温度计算完成, 位置标记：1
2020-12-19 18:36:18:350  电机温度计算完成, 位置标记：1
2020-12-19 18:36:18:355  电机温度计算完成, 位置标记：1
2020-12-19 18:36:18:356  车速为：79.0831位置标记为：1
2020-12-19 18:36:18:376  振动分轮计算完成, 位置标记：1
2020-12-19 18:36:18:712  振动特征值计算完成, 位置标记：1
2020-12-19 18:36:18:759  磁钢信号预处理完成，位置标记：0
2020-12-19 18:36:18:770  温度分轮成功，分轮数尺度为：48
2020-12-19 18:36:18:784  轴承端盖温度特征值计算完成, 位置标记：0
2020-12-19 18:36:18:792  电机温度计算完成, 位置标记：0
2020-12-19 18:36:18:796  电机温度计算完成, 位置标记：0
2020-12-19 18:36:18:799  电机温度计算完成, 位置标记：0
2020-12-19 18:36:18:803  电机温度计算完成, 位置标记：0
2020-12-19 18:36:18:806  电机温度计算完成, 位置标记：0
2020-12-19 18:36:18:810  电机温度计算完成, 位置标记：0
2020-12-19 18:36:18:813  电机温度计算完成, 位置标记：0
2020-12-19 18:36:18:817  电机温度计算完成, 位置标记：0
2020-12-19 18:36:18:817  车速为：79.0831位置标记为：0
2020-12-19 18:36:18:838  振动分轮计算完成, 位置标记：0
2020-12-19 18:36:19:176  振动特征值计算完成, 位置标记：0
2020-12-19 18:43:53:452  磁钢信号预处理完成，位置标记：1
2020-12-19 18:43:53:464  温度分轮成功，分轮数尺度为：48
2020-12-19 18:43:53:477  轴承端盖温度特征值计算完成, 位置标记：1
2020-12-19 18:43:53:485  电机温度计算完成, 位置标记：1
2020-12-19 18:43:53:489  电机温度计算完成, 位置标记：1
2020-12-19 18:43:53:492  电机温度计算完成, 位置标记：1
2020-12-19 18:43:53:496  电机温度计算完成, 位置标记：1
2020-12-19 18:43:53:499  电机温度计算完成, 位置标记：1
2020-12-19 18:43:53:503  电机温度计算完成, 位置标记：1
2020-12-19 18:43:53:508  电机温度计算完成, 位置标记：1
2020-12-19 18:43:53:512  电机温度计算完成, 位置标记：1
2020-12-19 18:43:53:512  车速为：79.1587位置标记为：1
2020-12-19 18:43:53:533  振动分轮计算完成, 位置标记：1
2020-12-19 18:43:53:873  振动特征值计算完成, 位置标记：1
2020-12-19 18:43:53:919  磁钢信号预处理完成，位置标记：0
2020-12-19 18:43:53:930  温度分轮成功，分轮数尺度为：48
2020-12-19 18:43:53:943  轴承端盖温度特征值计算完成, 位置标记：0
2020-12-19 18:43:53:951  电机温度计算完成, 位置标记：0
2020-12-19 18:43:53:955  电机温度计算完成, 位置标记：0
2020-12-19 18:43:53:958  电机温度计算完成, 位置标记：0
2020-12-19 18:43:53:962  电机温度计算完成, 位置标记：0
2020-12-19 18:43:53:965  电机温度计算完成, 位置标记：0
2020-12-19 18:43:53:969  电机温度计算完成, 位置标记：0
2020-12-19 18:43:53:972  电机温度计算完成, 位置标记：0
2020-12-19 18:43:53:976  电机温度计算完成, 位置标记：0
2020-12-19 18:43:53:977  车速为：79.1587位置标记为：0
2020-12-19 18:43:53:997  振动分轮计算完成, 位置标记：0
2020-12-19 18:43:54:332  振动特征值计算完成, 位置标记：0
2020-12-19 18:52:34:129  磁钢信号预处理完成，位置标记：1
2020-12-19 18:52:34:141  温度分轮成功，分轮数尺度为：48
2020-12-19 18:52:34:154  轴承端盖温度特征值计算完成, 位置标记：1
2020-12-19 18:52:34:163  电机温度计算完成, 位置标记：1
2020-12-19 18:52:34:166  电机温度计算完成, 位置标记：1
2020-12-19 18:52:34:170  电机温度计算完成, 位置标记：1
2020-12-19 18:52:34:173  电机温度计算完成, 位置标记：1
2020-12-19 18:52:34:177  电机温度计算完成, 位置标记：1
2020-12-19 18:52:34:180  电机温度计算完成, 位置标记：1
2020-12-19 18:52:34:184  电机温度计算完成, 位置标记：1
2020-12-19 18:52:34:187  电机温度计算完成, 位置标记：1
2020-12-19 18:52:34:188  车速为：79.0831位置标记为：1
2020-12-19 18:52:34:208  振动分轮计算完成, 位置标记：1
2020-12-19 18:52:34:538  振动特征值计算完成, 位置标记：1
2020-12-19 18:52:34:585  磁钢信号预处理完成，位置标记：0
2020-12-19 18:52:34:596  温度分轮成功，分轮数尺度为：48
2020-12-19 18:52:34:610  轴承端盖温度特征值计算完成, 位置标记：0
2020-12-19 18:52:34:619  电机温度计算完成, 位置标记：0
2020-12-19 18:52:34:622  电机温度计算完成, 位置标记：0
2020-12-19 18:52:34:626  电机温度计算完成, 位置标记：0
2020-12-19 18:52:34:629  电机温度计算完成, 位置标记：0
2020-12-19 18:52:34:633  电机温度计算完成, 位置标记：0
2020-12-19 18:52:34:636  电机温度计算完成, 位置标记：0
2020-12-19 18:52:34:640  电机温度计算完成, 位置标记：0
2020-12-19 18:52:34:644  电机温度计算完成, 位置标记：0
2020-12-19 18:52:34:644  车速为：79.0831位置标记为：0
2020-12-19 18:52:34:665  振动分轮计算完成, 位置标记：0
2020-12-19 18:52:35:002  振动特征值计算完成, 位置标记：0
