e:\developstation-yd\project-git\optris-irigu\dealfile\x64\release\vc120.pdb
e:\developstation-yd\project-git\optris-irigu\dealfile\generatedfiles\release\moc_mysql_helper.cpp
e:\developstation-yd\project-git\optris-irigu\exec-release\dealfile.lib
e:\developstation-yd\project-git\optris-irigu\exec-release\dealfile.exp
e:\developstation-yd\project-git\optris-irigu\exec-release\dealfile.ilk
e:\developstation-yd\project-git\optris-irigu\exec-release\dealfile.dll
e:\developstation-yd\project-git\optris-irigu\exec-release\dealfile.pdb
e:\developstation-yd\project-git\optris-irigu\dealfile\x64\release\ini_helper.obj
e:\developstation-yd\project-git\optris-irigu\dealfile\x64\release\log_helper.obj
e:\developstation-yd\project-git\optris-irigu\dealfile\x64\release\moc_mysql_helper.obj
e:\developstation-yd\project-git\optris-irigu\dealfile\x64\release\mysql_helper.obj
e:\developstation-yd\project-git\optris-irigu\dealfile\..\exec-release\dealfile.dll
e:\developstation-yd\project-git\optris-irigu\dealfile\x64\release\dealfile.tlog\cl.command.1.tlog
e:\developstation-yd\project-git\optris-irigu\dealfile\x64\release\dealfile.tlog\cl.read.1.tlog
e:\developstation-yd\project-git\optris-irigu\dealfile\x64\release\dealfile.tlog\cl.write.1.tlog
e:\developstation-yd\project-git\optris-irigu\dealfile\x64\release\dealfile.tlog\custombuild.command.1.tlog
e:\developstation-yd\project-git\optris-irigu\dealfile\x64\release\dealfile.tlog\custombuild.read.1.tlog
e:\developstation-yd\project-git\optris-irigu\dealfile\x64\release\dealfile.tlog\custombuild.write.1.tlog
e:\developstation-yd\project-git\optris-irigu\dealfile\x64\release\dealfile.tlog\dealfile.write.1u.tlog
e:\developstation-yd\project-git\optris-irigu\dealfile\x64\release\dealfile.tlog\link.command.1.tlog
e:\developstation-yd\project-git\optris-irigu\dealfile\x64\release\dealfile.tlog\link.read.1.tlog
e:\developstation-yd\project-git\optris-irigu\dealfile\x64\release\dealfile.tlog\link.write.1.tlog
