2020-12-12 12:07:15:801  磁钢信号预处理完成，位置标记：1
2020-12-12 12:07:15:816  温度分轮成功，分轮数尺度为：48
2020-12-12 12:07:15:879  轴承端盖温度特征值计算完成, 位置标记：1
2020-12-12 12:07:15:941  电机温度计算完成, 位置标记：1
2020-12-12 12:07:15:957  电机温度计算完成, 位置标记：1
2020-12-12 12:07:15:957  电机温度计算完成, 位置标记：1
2020-12-12 12:07:15:957  电机温度计算完成, 位置标记：1
2020-12-12 12:07:15:957  电机温度计算完成, 位置标记：1
2020-12-12 12:07:15:957  电机温度计算完成, 位置标记：1
2020-12-12 12:07:15:973  电机温度计算完成, 位置标记：1
2020-12-12 12:07:15:973  电机温度计算完成, 位置标记：1
2020-12-12 12:07:15:973  车速为：36.5079位置标记为：1
2020-12-12 12:07:15:988  振动分轮计算完成, 位置标记：1
2020-12-12 12:07:16:285  振动特征值计算完成, 位置标记：1
2020-12-12 12:07:16:332  磁钢信号预处理完成，位置标记：0
2020-12-12 12:07:16:348  温度分轮成功，分轮数尺度为：48
2020-12-12 12:07:16:410  轴承端盖温度特征值计算完成, 位置标记：0
2020-12-12 12:07:16:473  电机温度计算完成, 位置标记：0
2020-12-12 12:07:16:473  电机温度计算完成, 位置标记：0
2020-12-12 12:07:16:488  电机温度计算完成, 位置标记：0
2020-12-12 12:07:16:488  电机温度计算完成, 位置标记：0
2020-12-12 12:07:16:488  电机温度计算完成, 位置标记：0
2020-12-12 12:07:16:488  电机温度计算完成, 位置标记：0
2020-12-12 12:07:16:488  电机温度计算完成, 位置标记：0
2020-12-12 12:07:16:504  电机温度计算完成, 位置标记：0
2020-12-12 12:07:16:504  车速为：36.5079位置标记为：0
2020-12-12 12:07:16:520  振动分轮计算完成, 位置标记：0
2020-12-12 12:07:16:801  振动特征值计算完成, 位置标记：0
2020-12-12 12:17:27:369  磁钢信号预处理完成，位置标记：1
2020-12-12 12:17:27:384  温度分轮成功，分轮数尺度为：48
2020-12-12 12:17:27:447  轴承端盖温度特征值计算完成, 位置标记：1
2020-12-12 12:17:27:509  电机温度计算完成, 位置标记：1
2020-12-12 12:17:27:509  电机温度计算完成, 位置标记：1
2020-12-12 12:17:27:525  电机温度计算完成, 位置标记：1
2020-12-12 12:17:27:525  电机温度计算完成, 位置标记：1
2020-12-12 12:17:27:525  电机温度计算完成, 位置标记：1
2020-12-12 12:17:27:525  电机温度计算完成, 位置标记：1
2020-12-12 12:17:27:525  电机温度计算完成, 位置标记：1
2020-12-12 12:17:27:540  电机温度计算完成, 位置标记：1
2020-12-12 12:17:27:540  车速为：36.6372位置标记为：1
2020-12-12 12:17:27:556  振动分轮计算完成, 位置标记：1
2020-12-12 12:17:27:837  振动特征值计算完成, 位置标记：1
2020-12-12 12:17:27:900  磁钢信号预处理完成，位置标记：0
2020-12-12 12:17:27:915  温度分轮成功，分轮数尺度为：48
2020-12-12 12:17:27:978  轴承端盖温度特征值计算完成, 位置标记：0
2020-12-12 12:17:28:040  电机温度计算完成, 位置标记：0
2020-12-12 12:17:28:040  电机温度计算完成, 位置标记：0
2020-12-12 12:17:28:040  电机温度计算完成, 位置标记：0
2020-12-12 12:17:28:056  电机温度计算完成, 位置标记：0
2020-12-12 12:17:28:056  电机温度计算完成, 位置标记：0
2020-12-12 12:17:28:056  电机温度计算完成, 位置标记：0
2020-12-12 12:17:28:056  电机温度计算完成, 位置标记：0
2020-12-12 12:17:28:056  电机温度计算完成, 位置标记：0
2020-12-12 12:17:28:056  车速为：36.6372位置标记为：0
2020-12-12 12:17:28:087  振动分轮计算完成, 位置标记：0
2020-12-12 12:17:28:369  振动特征值计算完成, 位置标记：0
2020-12-12 12:27:31:649  磁钢信号预处理完成，位置标记：1
2020-12-12 12:27:31:665  温度分轮成功，分轮数尺度为：48
2020-12-12 12:27:31:727  轴承端盖温度特征值计算完成, 位置标记：1
2020-12-12 12:27:31:790  电机温度计算完成, 位置标记：1
2020-12-12 12:27:31:790  电机温度计算完成, 位置标记：1
2020-12-12 12:27:31:790  电机温度计算完成, 位置标记：1
2020-12-12 12:27:31:805  电机温度计算完成, 位置标记：1
2020-12-12 12:27:31:805  电机温度计算完成, 位置标记：1
2020-12-12 12:27:31:805  电机温度计算完成, 位置标记：1
2020-12-12 12:27:31:805  电机温度计算完成, 位置标记：1
2020-12-12 12:27:31:805  电机温度计算完成, 位置标记：1
2020-12-12 12:27:31:805  车速为：36.524位置标记为：1
2020-12-12 12:27:31:837  振动分轮计算完成, 位置标记：1
2020-12-12 12:27:32:118  振动特征值计算完成, 位置标记：1
2020-12-12 12:27:32:180  磁钢信号预处理完成，位置标记：0
2020-12-12 12:27:32:196  温度分轮成功，分轮数尺度为：48
2020-12-12 12:27:32:258  轴承端盖温度特征值计算完成, 位置标记：0
2020-12-12 12:27:32:321  电机温度计算完成, 位置标记：0
2020-12-12 12:27:32:321  电机温度计算完成, 位置标记：0
2020-12-12 12:27:32:321  电机温度计算完成, 位置标记：0
2020-12-12 12:27:32:321  电机温度计算完成, 位置标记：0
2020-12-12 12:27:32:321  电机温度计算完成, 位置标记：0
2020-12-12 12:27:32:337  电机温度计算完成, 位置标记：0
2020-12-12 12:27:32:337  电机温度计算完成, 位置标记：0
2020-12-12 12:27:32:337  电机温度计算完成, 位置标记：0
2020-12-12 12:27:32:337  车速为：36.524位置标记为：0
2020-12-12 12:27:32:368  振动分轮计算完成, 位置标记：0
2020-12-12 12:27:32:649  振动特征值计算完成, 位置标记：0
2020-12-12 12:37:10:286  磁钢信号预处理完成，位置标记：1
2020-12-12 12:37:10:302  温度分轮成功，分轮数尺度为：48
2020-12-12 12:37:10:364  轴承端盖温度特征值计算完成, 位置标记：1
2020-12-12 12:37:10:427  电机温度计算完成, 位置标记：1
2020-12-12 12:37:10:427  电机温度计算完成, 位置标记：1
2020-12-12 12:37:10:442  电机温度计算完成, 位置标记：1
2020-12-12 12:37:10:442  电机温度计算完成, 位置标记：1
2020-12-12 12:37:10:442  电机温度计算完成, 位置标记：1
2020-12-12 12:37:10:442  电机温度计算完成, 位置标记：1
2020-12-12 12:37:10:442  电机温度计算完成, 位置标记：1
2020-12-12 12:37:10:442  电机温度计算完成, 位置标记：1
2020-12-12 12:37:10:458  车速为：36.6372位置标记为：1
2020-12-12 12:37:10:474  振动有效标记位计算异常，位置标记为：1
2020-12-12 12:37:10:521  磁钢信号预处理完成，位置标记：0
2020-12-12 12:37:10:536  温度分轮成功，分轮数尺度为：48
2020-12-12 12:37:10:614  轴承端盖温度特征值计算完成, 位置标记：0
2020-12-12 12:37:10:677  电机温度计算完成, 位置标记：0
2020-12-12 12:37:10:677  电机温度计算完成, 位置标记：0
2020-12-12 12:37:10:677  电机温度计算完成, 位置标记：0
2020-12-12 12:37:10:677  电机温度计算完成, 位置标记：0
2020-12-12 12:37:10:677  电机温度计算完成, 位置标记：0
2020-12-12 12:37:10:677  电机温度计算完成, 位置标记：0
2020-12-12 12:37:10:692  电机温度计算完成, 位置标记：0
2020-12-12 12:37:10:692  电机温度计算完成, 位置标记：0
2020-12-12 12:37:10:692  车速为：36.6372位置标记为：0
2020-12-12 12:37:10:708  振动有效标记位计算异常，位置标记为：0
2020-12-12 12:47:10:628  磁钢信号预处理完成，位置标记：1
2020-12-12 12:47:10:643  温度分轮成功，分轮数尺度为：48
2020-12-12 12:47:10:706  轴承端盖温度特征值计算完成, 位置标记：1
2020-12-12 12:47:10:768  电机温度计算完成, 位置标记：1
2020-12-12 12:47:10:768  电机温度计算完成, 位置标记：1
2020-12-12 12:47:10:768  电机温度计算完成, 位置标记：1
2020-12-12 12:47:10:784  电机温度计算完成, 位置标记：1
2020-12-12 12:47:10:784  电机温度计算完成, 位置标记：1
2020-12-12 12:47:10:784  电机温度计算完成, 位置标记：1
2020-12-12 12:47:10:784  电机温度计算完成, 位置标记：1
2020-12-12 12:47:10:784  电机温度计算完成, 位置标记：1
2020-12-12 12:47:10:784  车速为：36.5079位置标记为：1
2020-12-12 12:47:10:815  振动分轮计算完成, 位置标记：1
2020-12-12 12:47:11:097  振动特征值计算完成, 位置标记：1
2020-12-12 12:47:11:159  磁钢信号预处理完成，位置标记：0
2020-12-12 12:47:11:159  温度分轮成功，分轮数尺度为：48
2020-12-12 12:47:11:237  轴承端盖温度特征值计算完成, 位置标记：0
2020-12-12 12:47:11:300  电机温度计算完成, 位置标记：0
2020-12-12 12:47:11:300  电机温度计算完成, 位置标记：0
2020-12-12 12:47:11:300  电机温度计算完成, 位置标记：0
2020-12-12 12:47:11:300  电机温度计算完成, 位置标记：0
2020-12-12 12:47:11:315  电机温度计算完成, 位置标记：0
2020-12-12 12:47:11:315  电机温度计算完成, 位置标记：0
2020-12-12 12:47:11:315  电机温度计算完成, 位置标记：0
2020-12-12 12:47:11:315  电机温度计算完成, 位置标记：0
2020-12-12 12:47:11:315  车速为：36.5079位置标记为：0
2020-12-12 12:47:11:347  振动分轮计算完成, 位置标记：0
2020-12-12 12:47:11:628  振动特征值计算完成, 位置标记：0
2020-12-12 12:57:16:694  磁钢信号预处理完成，位置标记：1
2020-12-12 12:57:16:710  温度分轮成功，分轮数尺度为：48
2020-12-12 12:57:16:772  轴承端盖温度特征值计算完成, 位置标记：1
2020-12-12 12:57:16:819  电机温度计算完成, 位置标记：1
2020-12-12 12:57:16:835  电机温度计算完成, 位置标记：1
2020-12-12 12:57:16:835  电机温度计算完成, 位置标记：1
2020-12-12 12:57:16:835  电机温度计算完成, 位置标记：1
2020-12-12 12:57:16:835  电机温度计算完成, 位置标记：1
2020-12-12 12:57:16:850  电机温度计算完成, 位置标记：1
2020-12-12 12:57:16:850  电机温度计算完成, 位置标记：1
2020-12-12 12:57:16:850  电机温度计算完成, 位置标记：1
2020-12-12 12:57:16:850  车速为：36.7837位置标记为：1
2020-12-12 12:57:16:866  振动分轮计算完成, 位置标记：1
2020-12-12 12:57:17:147  振动特征值计算完成, 位置标记：1
2020-12-12 12:57:17:194  磁钢信号预处理完成，位置标记：0
2020-12-12 12:57:17:210  温度分轮成功，分轮数尺度为：48
2020-12-12 12:57:17:272  轴承端盖温度特征值计算完成, 位置标记：0
2020-12-12 12:57:17:319  电机温度计算完成, 位置标记：0
2020-12-12 12:57:17:319  电机温度计算完成, 位置标记：0
2020-12-12 12:57:17:319  电机温度计算完成, 位置标记：0
2020-12-12 12:57:17:319  电机温度计算完成, 位置标记：0
2020-12-12 12:57:17:319  电机温度计算完成, 位置标记：0
2020-12-12 12:57:17:335  电机温度计算完成, 位置标记：0
2020-12-12 12:57:17:335  电机温度计算完成, 位置标记：0
2020-12-12 12:57:17:335  电机温度计算完成, 位置标记：0
2020-12-12 12:57:17:335  车速为：36.7837位置标记为：0
2020-12-12 12:57:17:366  振动分轮计算完成, 位置标记：0
2020-12-12 12:57:17:647  振动特征值计算完成, 位置标记：0
