2020-12-15 12:03:42:073  磁钢信号预处理完成，位置标记：1
2020-12-15 12:03:42:073  温度分轮成功，分轮数尺度为：48
2020-12-15 12:03:42:135  轴承端盖温度特征值计算完成, 位置标记：1
2020-12-15 12:03:42:214  电机温度计算完成, 位置标记：1
2020-12-15 12:03:42:214  电机温度计算完成, 位置标记：1
2020-12-15 12:03:42:214  电机温度计算完成, 位置标记：1
2020-12-15 12:03:42:214  电机温度计算完成, 位置标记：1
2020-12-15 12:03:42:214  电机温度计算完成, 位置标记：1
2020-12-15 12:03:42:229  电机温度计算完成, 位置标记：1
2020-12-15 12:03:42:229  电机温度计算完成, 位置标记：1
2020-12-15 12:03:42:229  电机温度计算完成, 位置标记：1
2020-12-15 12:03:42:229  车速为：36.6859位置标记为：1
2020-12-15 12:03:42:245  振动分轮计算完成, 位置标记：1
2020-12-15 12:03:42:620  振动特征值计算完成, 位置标记：1
2020-12-15 12:03:42:667  磁钢信号预处理完成，位置标记：0
2020-12-15 12:03:42:682  温度分轮成功，分轮数尺度为：48
2020-12-15 12:03:42:745  轴承端盖温度特征值计算完成, 位置标记：0
2020-12-15 12:03:42:807  电机温度计算完成, 位置标记：0
2020-12-15 12:03:42:807  电机温度计算完成, 位置标记：0
2020-12-15 12:03:42:807  电机温度计算完成, 位置标记：0
2020-12-15 12:03:42:823  电机温度计算完成, 位置标记：0
2020-12-15 12:03:42:823  电机温度计算完成, 位置标记：0
2020-12-15 12:03:42:823  电机温度计算完成, 位置标记：0
2020-12-15 12:03:42:823  电机温度计算完成, 位置标记：0
2020-12-15 12:03:42:823  电机温度计算完成, 位置标记：0
2020-12-15 12:03:42:823  车速为：36.6859位置标记为：0
2020-12-15 12:03:42:854  振动分轮计算完成, 位置标记：0
2020-12-15 12:03:43:135  振动特征值计算完成, 位置标记：0
2020-12-15 12:13:37:234  磁钢信号预处理完成，位置标记：1
2020-12-15 12:13:37:249  温度分轮成功，分轮数尺度为：48
2020-12-15 12:13:37:327  轴承端盖温度特征值计算完成, 位置标记：1
2020-12-15 12:13:37:390  电机温度计算完成, 位置标记：1
2020-12-15 12:13:37:390  电机温度计算完成, 位置标记：1
2020-12-15 12:13:37:390  电机温度计算完成, 位置标记：1
2020-12-15 12:13:37:406  电机温度计算完成, 位置标记：1
2020-12-15 12:13:37:406  电机温度计算完成, 位置标记：1
2020-12-15 12:13:37:406  电机温度计算完成, 位置标记：1
2020-12-15 12:13:37:406  电机温度计算完成, 位置标记：1
2020-12-15 12:13:37:406  电机温度计算完成, 位置标记：1
2020-12-15 12:13:37:406  车速为：36.5724位置标记为：1
2020-12-15 12:13:37:437  振动有效标记位计算异常，位置标记为：1
2020-12-15 12:13:37:499  磁钢信号预处理完成，位置标记：0
2020-12-15 12:13:37:499  温度分轮成功，分轮数尺度为：48
2020-12-15 12:13:37:562  轴承端盖温度特征值计算完成, 位置标记：0
2020-12-15 12:13:37:609  电机温度计算完成, 位置标记：0
2020-12-15 12:13:37:624  电机温度计算完成, 位置标记：0
2020-12-15 12:13:37:624  电机温度计算完成, 位置标记：0
2020-12-15 12:13:37:624  电机温度计算完成, 位置标记：0
2020-12-15 12:13:37:624  电机温度计算完成, 位置标记：0
2020-12-15 12:13:37:624  电机温度计算完成, 位置标记：0
2020-12-15 12:13:37:624  电机温度计算完成, 位置标记：0
2020-12-15 12:13:37:640  电机温度计算完成, 位置标记：0
2020-12-15 12:13:37:640  车速为：36.5724位置标记为：0
2020-12-15 12:13:37:656  振动有效标记位计算异常，位置标记为：0
2020-12-15 12:23:40:563  磁钢信号预处理完成，位置标记：1
2020-12-15 12:23:40:576  温度分轮成功，分轮数尺度为：48
2020-12-15 12:23:40:642  轴承端盖温度特征值计算完成, 位置标记：1
2020-12-15 12:23:40:707  电机温度计算完成, 位置标记：1
2020-12-15 12:23:40:710  电机温度计算完成, 位置标记：1
2020-12-15 12:23:40:713  电机温度计算完成, 位置标记：1
2020-12-15 12:23:40:716  电机温度计算完成, 位置标记：1
2020-12-15 12:23:40:718  电机温度计算完成, 位置标记：1
2020-12-15 12:23:40:721  电机温度计算完成, 位置标记：1
2020-12-15 12:23:40:724  电机温度计算完成, 位置标记：1
2020-12-15 12:23:40:726  电机温度计算完成, 位置标记：1
2020-12-15 12:23:40:728  车速为：36.7837位置标记为：1
2020-12-15 12:23:40:752  振动分轮计算完成, 位置标记：1
2020-12-15 12:23:41:040  振动特征值计算完成, 位置标记：1
2020-12-15 12:23:41:095  磁钢信号预处理完成，位置标记：0
2020-12-15 12:23:41:108  温度分轮成功，分轮数尺度为：48
2020-12-15 12:23:41:174  轴承端盖温度特征值计算完成, 位置标记：0
2020-12-15 12:23:41:239  电机温度计算完成, 位置标记：0
2020-12-15 12:23:41:243  电机温度计算完成, 位置标记：0
2020-12-15 12:23:41:246  电机温度计算完成, 位置标记：0
2020-12-15 12:23:41:249  电机温度计算完成, 位置标记：0
2020-12-15 12:23:41:252  电机温度计算完成, 位置标记：0
2020-12-15 12:23:41:255  电机温度计算完成, 位置标记：0
2020-12-15 12:23:41:258  电机温度计算完成, 位置标记：0
2020-12-15 12:23:41:260  电机温度计算完成, 位置标记：0
2020-12-15 12:23:41:262  车速为：36.7837位置标记为：0
2020-12-15 12:23:41:285  振动分轮计算完成, 位置标记：0
2020-12-15 12:23:41:575  振动特征值计算完成, 位置标记：0
2020-12-15 12:33:48:357  磁钢信号预处理完成，位置标记：1
2020-12-15 12:33:48:369  温度分轮成功，分轮数尺度为：48
2020-12-15 12:33:48:434  轴承端盖温度特征值计算完成, 位置标记：1
2020-12-15 12:33:48:498  电机温度计算完成, 位置标记：1
2020-12-15 12:33:48:502  电机温度计算完成, 位置标记：1
2020-12-15 12:33:48:505  电机温度计算完成, 位置标记：1
2020-12-15 12:33:48:508  电机温度计算完成, 位置标记：1
2020-12-15 12:33:48:511  电机温度计算完成, 位置标记：1
2020-12-15 12:33:48:513  电机温度计算完成, 位置标记：1
2020-12-15 12:33:48:516  电机温度计算完成, 位置标记：1
2020-12-15 12:33:48:519  电机温度计算完成, 位置标记：1
2020-12-15 12:33:48:521  车速为：36.7673位置标记为：1
2020-12-15 12:33:48:544  振动分轮计算完成, 位置标记：1
2020-12-15 12:33:48:833  振动特征值计算完成, 位置标记：1
2020-12-15 12:33:48:885  磁钢信号预处理完成，位置标记：0
2020-12-15 12:33:48:897  温度分轮成功，分轮数尺度为：48
2020-12-15 12:33:48:961  轴承端盖温度特征值计算完成, 位置标记：0
2020-12-15 12:33:49:025  电机温度计算完成, 位置标记：0
2020-12-15 12:33:49:029  电机温度计算完成, 位置标记：0
2020-12-15 12:33:49:032  电机温度计算完成, 位置标记：0
2020-12-15 12:33:49:035  电机温度计算完成, 位置标记：0
2020-12-15 12:33:49:038  电机温度计算完成, 位置标记：0
2020-12-15 12:33:49:041  电机温度计算完成, 位置标记：0
2020-12-15 12:33:49:044  电机温度计算完成, 位置标记：0
2020-12-15 12:33:49:046  电机温度计算完成, 位置标记：0
2020-12-15 12:33:49:048  车速为：36.7673位置标记为：0
2020-12-15 12:33:49:071  振动分轮计算完成, 位置标记：0
2020-12-15 12:33:49:361  振动特征值计算完成, 位置标记：0
2020-12-15 12:43:51:708  磁钢信号预处理完成，位置标记：1
2020-12-15 12:43:51:721  温度分轮成功，分轮数尺度为：48
2020-12-15 12:43:51:788  轴承端盖温度特征值计算完成, 位置标记：1
2020-12-15 12:43:51:853  电机温度计算完成, 位置标记：1
2020-12-15 12:43:51:856  电机温度计算完成, 位置标记：1
2020-12-15 12:43:51:860  电机温度计算完成, 位置标记：1
2020-12-15 12:43:51:863  电机温度计算完成, 位置标记：1
2020-12-15 12:43:51:867  电机温度计算完成, 位置标记：1
2020-12-15 12:43:51:869  电机温度计算完成, 位置标记：1
2020-12-15 12:43:51:872  电机温度计算完成, 位置标记：1
2020-12-15 12:43:51:875  电机温度计算完成, 位置标记：1
2020-12-15 12:43:51:877  车速为：36.5886位置标记为：1
2020-12-15 12:43:51:899  振动分轮计算完成, 位置标记：1
2020-12-15 12:43:52:190  振动特征值计算完成, 位置标记：1
2020-12-15 12:43:52:245  磁钢信号预处理完成，位置标记：0
2020-12-15 12:43:52:257  温度分轮成功，分轮数尺度为：48
2020-12-15 12:43:52:324  轴承端盖温度特征值计算完成, 位置标记：0
2020-12-15 12:43:52:389  电机温度计算完成, 位置标记：0
2020-12-15 12:43:52:393  电机温度计算完成, 位置标记：0
2020-12-15 12:43:52:396  电机温度计算完成, 位置标记：0
2020-12-15 12:43:52:399  电机温度计算完成, 位置标记：0
2020-12-15 12:43:52:402  电机温度计算完成, 位置标记：0
2020-12-15 12:43:52:405  电机温度计算完成, 位置标记：0
2020-12-15 12:43:52:407  电机温度计算完成, 位置标记：0
2020-12-15 12:43:52:410  电机温度计算完成, 位置标记：0
2020-12-15 12:43:52:412  车速为：36.5886位置标记为：0
2020-12-15 12:43:52:435  振动分轮计算完成, 位置标记：0
2020-12-15 12:43:52:723  振动特征值计算完成, 位置标记：0
2020-12-15 12:53:33:333  磁钢信号预处理完成，位置标记：1
2020-12-15 12:53:33:345  温度分轮成功，分轮数尺度为：48
2020-12-15 12:53:33:412  轴承端盖温度特征值计算完成, 位置标记：1
2020-12-15 12:53:33:477  电机温度计算完成, 位置标记：1
2020-12-15 12:53:33:480  电机温度计算完成, 位置标记：1
2020-12-15 12:53:33:483  电机温度计算完成, 位置标记：1
2020-12-15 12:53:33:486  电机温度计算完成, 位置标记：1
2020-12-15 12:53:33:489  电机温度计算完成, 位置标记：1
2020-12-15 12:53:33:492  电机温度计算完成, 位置标记：1
2020-12-15 12:53:33:495  电机温度计算完成, 位置标记：1
2020-12-15 12:53:33:497  电机温度计算完成, 位置标记：1
2020-12-15 12:53:33:499  车速为：36.7837位置标记为：1
2020-12-15 12:53:33:522  振动分轮计算完成, 位置标记：1
2020-12-15 12:53:33:798  振动特征值计算完成, 位置标记：1
2020-12-15 12:53:33:853  磁钢信号预处理完成，位置标记：0
2020-12-15 12:53:33:865  温度分轮成功，分轮数尺度为：48
2020-12-15 12:53:33:932  轴承端盖温度特征值计算完成, 位置标记：0
2020-12-15 12:53:33:998  电机温度计算完成, 位置标记：0
2020-12-15 12:53:34:001  电机温度计算完成, 位置标记：0
2020-12-15 12:53:34:004  电机温度计算完成, 位置标记：0
2020-12-15 12:53:34:008  电机温度计算完成, 位置标记：0
2020-12-15 12:53:34:010  电机温度计算完成, 位置标记：0
2020-12-15 12:53:34:013  电机温度计算完成, 位置标记：0
2020-12-15 12:53:34:016  电机温度计算完成, 位置标记：0
2020-12-15 12:53:34:018  电机温度计算完成, 位置标记：0
2020-12-15 12:53:34:020  车速为：36.7837位置标记为：0
2020-12-15 12:53:34:043  振动分轮计算完成, 位置标记：0
2020-12-15 12:53:34:331  振动特征值计算完成, 位置标记：0
