2020-12-16 15:02:47:211  磁钢信号预处理完成，位置标记：1
2020-12-16 15:02:47:223  温度分轮成功，分轮数尺度为：48
2020-12-16 15:02:47:290  轴承端盖温度特征值计算完成, 位置标记：1
2020-12-16 15:02:47:355  电机温度计算完成, 位置标记：1
2020-12-16 15:02:47:359  电机温度计算完成, 位置标记：1
2020-12-16 15:02:47:362  电机温度计算完成, 位置标记：1
2020-12-16 15:02:47:365  电机温度计算完成, 位置标记：1
2020-12-16 15:02:47:368  电机温度计算完成, 位置标记：1
2020-12-16 15:02:47:371  电机温度计算完成, 位置标记：1
2020-12-16 15:02:47:373  电机温度计算完成, 位置标记：1
2020-12-16 15:02:47:376  电机温度计算完成, 位置标记：1
2020-12-16 15:02:47:377  车速为：36.621位置标记为：1
2020-12-16 15:02:47:400  振动分轮计算完成, 位置标记：1
2020-12-16 15:02:47:671  振动特征值计算完成, 位置标记：1
2020-12-16 15:02:47:720  磁钢信号预处理完成，位置标记：0
2020-12-16 15:02:47:730  温度分轮成功，分轮数尺度为：48
2020-12-16 15:02:47:783  轴承端盖温度特征值计算完成, 位置标记：0
2020-12-16 15:02:47:833  电机温度计算完成, 位置标记：0
2020-12-16 15:02:47:835  电机温度计算完成, 位置标记：0
2020-12-16 15:02:47:838  电机温度计算完成, 位置标记：0
2020-12-16 15:02:47:840  电机温度计算完成, 位置标记：0
2020-12-16 15:02:47:842  电机温度计算完成, 位置标记：0
2020-12-16 15:02:47:845  电机温度计算完成, 位置标记：0
2020-12-16 15:02:47:847  电机温度计算完成, 位置标记：0
2020-12-16 15:02:47:849  电机温度计算完成, 位置标记：0
2020-12-16 15:02:47:850  车速为：36.621位置标记为：0
2020-12-16 15:02:47:873  振动分轮计算完成, 位置标记：0
2020-12-16 15:02:48:160  振动特征值计算完成, 位置标记：0
2020-12-16 15:13:13:168  磁钢信号预处理完成，位置标记：1
2020-12-16 15:13:13:180  温度分轮成功，分轮数尺度为：48
2020-12-16 15:13:13:250  轴承端盖温度特征值计算完成, 位置标记：1
2020-12-16 15:13:13:316  电机温度计算完成, 位置标记：1
2020-12-16 15:13:13:320  电机温度计算完成, 位置标记：1
2020-12-16 15:13:13:323  电机温度计算完成, 位置标记：1
2020-12-16 15:13:13:326  电机温度计算完成, 位置标记：1
2020-12-16 15:13:13:329  电机温度计算完成, 位置标记：1
2020-12-16 15:13:13:332  电机温度计算完成, 位置标记：1
2020-12-16 15:13:13:334  电机温度计算完成, 位置标记：1
2020-12-16 15:13:13:337  电机温度计算完成, 位置标记：1
2020-12-16 15:13:13:339  车速为：36.5724位置标记为：1
2020-12-16 15:13:13:362  振动分轮计算完成, 位置标记：1
2020-12-16 15:13:13:650  振动特征值计算完成, 位置标记：1
2020-12-16 15:13:13:704  磁钢信号预处理完成，位置标记：0
2020-12-16 15:13:13:716  温度分轮成功，分轮数尺度为：48
2020-12-16 15:13:13:784  轴承端盖温度特征值计算完成, 位置标记：0
2020-12-16 15:13:13:849  电机温度计算完成, 位置标记：0
2020-12-16 15:13:13:852  电机温度计算完成, 位置标记：0
2020-12-16 15:13:13:856  电机温度计算完成, 位置标记：0
2020-12-16 15:13:13:859  电机温度计算完成, 位置标记：0
2020-12-16 15:13:13:861  电机温度计算完成, 位置标记：0
2020-12-16 15:13:13:864  电机温度计算完成, 位置标记：0
2020-12-16 15:13:13:867  电机温度计算完成, 位置标记：0
2020-12-16 15:13:13:869  电机温度计算完成, 位置标记：0
2020-12-16 15:13:13:871  车速为：36.5724位置标记为：0
2020-12-16 15:13:13:895  振动分轮计算完成, 位置标记：0
2020-12-16 15:13:14:180  振动特征值计算完成, 位置标记：0
2020-12-16 15:23:29:843  磁钢信号预处理完成，位置标记：1
2020-12-16 15:23:29:855  温度分轮成功，分轮数尺度为：48
2020-12-16 15:23:29:920  轴承端盖温度特征值计算完成, 位置标记：1
2020-12-16 15:23:29:984  电机温度计算完成, 位置标记：1
2020-12-16 15:23:29:988  电机温度计算完成, 位置标记：1
2020-12-16 15:23:29:991  电机温度计算完成, 位置标记：1
2020-12-16 15:23:29:994  电机温度计算完成, 位置标记：1
2020-12-16 15:23:29:997  电机温度计算完成, 位置标记：1
2020-12-16 15:23:30:000  电机温度计算完成, 位置标记：1
2020-12-16 15:23:30:002  电机温度计算完成, 位置标记：1
2020-12-16 15:23:30:005  电机温度计算完成, 位置标记：1
2020-12-16 15:23:30:007  车速为：36.7184位置标记为：1
2020-12-16 15:23:30:029  振动分轮计算完成, 位置标记：1
2020-12-16 15:23:30:314  振动特征值计算完成, 位置标记：1
2020-12-16 15:23:30:369  磁钢信号预处理完成，位置标记：0
2020-12-16 15:23:30:382  温度分轮成功，分轮数尺度为：48
2020-12-16 15:23:30:448  轴承端盖温度特征值计算完成, 位置标记：0
2020-12-16 15:23:30:507  电机温度计算完成, 位置标记：0
2020-12-16 15:23:30:510  电机温度计算完成, 位置标记：0
2020-12-16 15:23:30:513  电机温度计算完成, 位置标记：0
2020-12-16 15:23:30:516  电机温度计算完成, 位置标记：0
2020-12-16 15:23:30:519  电机温度计算完成, 位置标记：0
2020-12-16 15:23:30:522  电机温度计算完成, 位置标记：0
2020-12-16 15:23:30:524  电机温度计算完成, 位置标记：0
2020-12-16 15:23:30:527  电机温度计算完成, 位置标记：0
2020-12-16 15:23:30:528  车速为：36.7184位置标记为：0
2020-12-16 15:23:30:550  振动分轮计算完成, 位置标记：0
2020-12-16 15:23:30:826  振动特征值计算完成, 位置标记：0
2020-12-16 15:33:09:866  磁钢信号预处理完成，位置标记：1
2020-12-16 15:33:09:878  温度分轮成功，分轮数尺度为：48
2020-12-16 15:33:09:945  轴承端盖温度特征值计算完成, 位置标记：1
2020-12-16 15:33:10:010  电机温度计算完成, 位置标记：1
2020-12-16 15:33:10:014  电机温度计算完成, 位置标记：1
2020-12-16 15:33:10:017  电机温度计算完成, 位置标记：1
2020-12-16 15:33:10:020  电机温度计算完成, 位置标记：1
2020-12-16 15:33:10:023  电机温度计算完成, 位置标记：1
2020-12-16 15:33:10:026  电机温度计算完成, 位置标记：1
2020-12-16 15:33:10:028  电机温度计算完成, 位置标记：1
2020-12-16 15:33:10:031  电机温度计算完成, 位置标记：1
2020-12-16 15:33:10:033  车速为：36.6372位置标记为：1
2020-12-16 15:33:10:056  振动分轮计算完成, 位置标记：1
2020-12-16 15:33:10:345  振动特征值计算完成, 位置标记：1
2020-12-16 15:33:10:399  磁钢信号预处理完成，位置标记：0
2020-12-16 15:33:10:412  温度分轮成功，分轮数尺度为：48
2020-12-16 15:33:10:479  轴承端盖温度特征值计算完成, 位置标记：0
2020-12-16 15:33:10:544  电机温度计算完成, 位置标记：0
2020-12-16 15:33:10:548  电机温度计算完成, 位置标记：0
2020-12-16 15:33:10:551  电机温度计算完成, 位置标记：0
2020-12-16 15:33:10:554  电机温度计算完成, 位置标记：0
2020-12-16 15:33:10:556  电机温度计算完成, 位置标记：0
2020-12-16 15:33:10:559  电机温度计算完成, 位置标记：0
2020-12-16 15:33:10:562  电机温度计算完成, 位置标记：0
2020-12-16 15:33:10:564  电机温度计算完成, 位置标记：0
2020-12-16 15:33:10:566  车速为：36.6372位置标记为：0
2020-12-16 15:33:10:589  振动分轮计算完成, 位置标记：0
2020-12-16 15:33:10:864  振动特征值计算完成, 位置标记：0
2020-12-16 15:43:19:082  磁钢信号预处理完成，位置标记：1
2020-12-16 15:43:19:095  温度分轮成功，分轮数尺度为：48
2020-12-16 15:43:19:143  轴承端盖温度特征值计算完成, 位置标记：1
2020-12-16 15:43:19:189  电机温度计算完成, 位置标记：1
2020-12-16 15:43:19:191  电机温度计算完成, 位置标记：1
2020-12-16 15:43:19:193  电机温度计算完成, 位置标记：1
2020-12-16 15:43:19:196  电机温度计算完成, 位置标记：1
2020-12-16 15:43:19:199  电机温度计算完成, 位置标记：1
2020-12-16 15:43:19:202  电机温度计算完成, 位置标记：1
2020-12-16 15:43:19:204  电机温度计算完成, 位置标记：1
2020-12-16 15:43:19:207  电机温度计算完成, 位置标记：1
2020-12-16 15:43:19:209  车速为：36.5724位置标记为：1
2020-12-16 15:43:19:231  振动分轮计算完成, 位置标记：1
2020-12-16 15:43:19:506  振动特征值计算完成, 位置标记：1
2020-12-16 15:43:19:557  磁钢信号预处理完成，位置标记：0
2020-12-16 15:43:19:568  温度分轮成功，分轮数尺度为：48
2020-12-16 15:43:19:626  轴承端盖温度特征值计算完成, 位置标记：0
2020-12-16 15:43:19:691  电机温度计算完成, 位置标记：0
2020-12-16 15:43:19:694  电机温度计算完成, 位置标记：0
2020-12-16 15:43:19:697  电机温度计算完成, 位置标记：0
2020-12-16 15:43:19:700  电机温度计算完成, 位置标记：0
2020-12-16 15:43:19:703  电机温度计算完成, 位置标记：0
2020-12-16 15:43:19:706  电机温度计算完成, 位置标记：0
2020-12-16 15:43:19:709  电机温度计算完成, 位置标记：0
2020-12-16 15:43:19:711  电机温度计算完成, 位置标记：0
2020-12-16 15:43:19:713  车速为：36.5724位置标记为：0
2020-12-16 15:43:19:736  振动分轮计算完成, 位置标记：0
2020-12-16 15:43:20:025  振动特征值计算完成, 位置标记：0
2020-12-16 15:53:04:570  磁钢信号预处理完成，位置标记：1
2020-12-16 15:53:04:583  温度分轮成功，分轮数尺度为：48
2020-12-16 15:53:04:647  轴承端盖温度特征值计算完成, 位置标记：1
2020-12-16 15:53:04:699  电机温度计算完成, 位置标记：1
2020-12-16 15:53:04:701  电机温度计算完成, 位置标记：1
2020-12-16 15:53:04:704  电机温度计算完成, 位置标记：1
2020-12-16 15:53:04:706  电机温度计算完成, 位置标记：1
2020-12-16 15:53:04:708  电机温度计算完成, 位置标记：1
2020-12-16 15:53:04:710  电机温度计算完成, 位置标记：1
2020-12-16 15:53:04:712  电机温度计算完成, 位置标记：1
2020-12-16 15:53:04:713  电机温度计算完成, 位置标记：1
2020-12-16 15:53:04:715  车速为：36.9478位置标记为：1
2020-12-16 15:53:04:731  振动分轮计算完成, 位置标记：1
2020-12-16 15:53:04:934  振动特征值计算完成, 位置标记：1
2020-12-16 15:53:04:974  磁钢信号预处理完成，位置标记：0
2020-12-16 15:53:04:983  温度分轮成功，分轮数尺度为：48
2020-12-16 15:53:05:030  轴承端盖温度特征值计算完成, 位置标记：0
2020-12-16 15:53:05:073  电机温度计算完成, 位置标记：0
2020-12-16 15:53:05:076  电机温度计算完成, 位置标记：0
2020-12-16 15:53:05:078  电机温度计算完成, 位置标记：0
2020-12-16 15:53:05:080  电机温度计算完成, 位置标记：0
2020-12-16 15:53:05:082  电机温度计算完成, 位置标记：0
2020-12-16 15:53:05:084  电机温度计算完成, 位置标记：0
2020-12-16 15:53:05:086  电机温度计算完成, 位置标记：0
2020-12-16 15:53:05:088  电机温度计算完成, 位置标记：0
2020-12-16 15:53:05:089  车速为：36.9478位置标记为：0
2020-12-16 15:53:05:104  振动分轮计算完成, 位置标记：0
2020-12-16 15:53:05:387  振动特征值计算完成, 位置标记：0
