2020-12-22 07:04:13:677  磁钢信号预处理完成，位置标记：1
2020-12-22 07:04:13:715  温度分轮成功，分轮数尺度为：48
2020-12-22 07:04:13:764  轴承端盖温度特征值计算完成, 位置标记：1
2020-12-22 07:04:13:809  电机温度计算完成, 位置标记：1
2020-12-22 07:04:13:811  电机温度计算完成, 位置标记：1
2020-12-22 07:04:13:814  电机温度计算完成, 位置标记：1
2020-12-22 07:04:13:816  电机温度计算完成, 位置标记：1
2020-12-22 07:04:13:818  电机温度计算完成, 位置标记：1
2020-12-22 07:04:13:820  电机温度计算完成, 位置标记：1
2020-12-22 07:04:13:822  电机温度计算完成, 位置标记：1
2020-12-22 07:04:13:824  电机温度计算完成, 位置标记：1
2020-12-22 07:04:13:825  车速为：36.7184位置标记为：1
2020-12-22 07:04:13:848  振动分轮计算完成, 位置标记：1
2020-12-22 07:04:14:134  振动特征值计算完成, 位置标记：1
2020-12-22 07:04:14:189  磁钢信号预处理完成，位置标记：0
2020-12-22 07:04:14:202  温度分轮成功，分轮数尺度为：48
2020-12-22 07:04:14:265  轴承端盖温度特征值计算完成, 位置标记：0
2020-12-22 07:04:14:326  电机温度计算完成, 位置标记：0
2020-12-22 07:04:14:329  电机温度计算完成, 位置标记：0
2020-12-22 07:04:14:332  电机温度计算完成, 位置标记：0
2020-12-22 07:04:14:335  电机温度计算完成, 位置标记：0
2020-12-22 07:04:14:338  电机温度计算完成, 位置标记：0
2020-12-22 07:04:14:341  电机温度计算完成, 位置标记：0
2020-12-22 07:04:14:343  电机温度计算完成, 位置标记：0
2020-12-22 07:04:14:346  电机温度计算完成, 位置标记：0
2020-12-22 07:04:14:347  车速为：36.7184位置标记为：0
2020-12-22 07:04:14:370  振动分轮计算完成, 位置标记：0
2020-12-22 07:04:14:652  振动特征值计算完成, 位置标记：0
2020-12-22 07:14:01:758  磁钢信号预处理完成，位置标记：1
2020-12-22 07:14:01:770  温度分轮成功，分轮数尺度为：48
2020-12-22 07:14:01:837  轴承端盖温度特征值计算完成, 位置标记：1
2020-12-22 07:14:01:902  电机温度计算完成, 位置标记：1
2020-12-22 07:14:01:905  电机温度计算完成, 位置标记：1
2020-12-22 07:14:01:909  电机温度计算完成, 位置标记：1
2020-12-22 07:14:01:912  电机温度计算完成, 位置标记：1
2020-12-22 07:14:01:915  电机温度计算完成, 位置标记：1
2020-12-22 07:14:01:917  电机温度计算完成, 位置标记：1
2020-12-22 07:14:01:920  电机温度计算完成, 位置标记：1
2020-12-22 07:14:01:923  电机温度计算完成, 位置标记：1
2020-12-22 07:14:01:924  车速为：36.7021位置标记为：1
2020-12-22 07:14:01:947  振动分轮计算完成, 位置标记：1
2020-12-22 07:14:02:218  振动特征值计算完成, 位置标记：1
2020-12-22 07:14:02:265  磁钢信号预处理完成，位置标记：0
2020-12-22 07:14:02:276  温度分轮成功，分轮数尺度为：48
2020-12-22 07:14:02:335  轴承端盖温度特征值计算完成, 位置标记：0
2020-12-22 07:14:02:394  电机温度计算完成, 位置标记：0
2020-12-22 07:14:02:397  电机温度计算完成, 位置标记：0
2020-12-22 07:14:02:400  电机温度计算完成, 位置标记：0
2020-12-22 07:14:02:403  电机温度计算完成, 位置标记：0
2020-12-22 07:14:02:405  电机温度计算完成, 位置标记：0
2020-12-22 07:14:02:408  电机温度计算完成, 位置标记：0
2020-12-22 07:14:02:410  电机温度计算完成, 位置标记：0
2020-12-22 07:14:02:412  电机温度计算完成, 位置标记：0
2020-12-22 07:14:02:414  车速为：36.7021位置标记为：0
2020-12-22 07:14:02:433  振动分轮计算完成, 位置标记：0
2020-12-22 07:14:02:662  振动特征值计算完成, 位置标记：0
2020-12-22 07:24:05:493  磁钢信号预处理完成，位置标记：1
2020-12-22 07:24:05:506  温度分轮成功，分轮数尺度为：48
2020-12-22 07:24:05:571  轴承端盖温度特征值计算完成, 位置标记：1
2020-12-22 07:24:05:634  电机温度计算完成, 位置标记：1
2020-12-22 07:24:05:638  电机温度计算完成, 位置标记：1
2020-12-22 07:24:05:641  电机温度计算完成, 位置标记：1
2020-12-22 07:24:05:644  电机温度计算完成, 位置标记：1
2020-12-22 07:24:05:647  电机温度计算完成, 位置标记：1
2020-12-22 07:24:05:650  电机温度计算完成, 位置标记：1
2020-12-22 07:24:05:653  电机温度计算完成, 位置标记：1
2020-12-22 07:24:05:655  电机温度计算完成, 位置标记：1
2020-12-22 07:24:05:657  车速为：36.6859位置标记为：1
2020-12-22 07:24:05:680  振动分轮计算完成, 位置标记：1
2020-12-22 07:24:05:967  振动特征值计算完成, 位置标记：1
2020-12-22 07:24:06:022  磁钢信号预处理完成，位置标记：0
2020-12-22 07:24:06:034  温度分轮成功，分轮数尺度为：48
2020-12-22 07:24:06:100  轴承端盖温度特征值计算完成, 位置标记：0
2020-12-22 07:24:06:163  电机温度计算完成, 位置标记：0
2020-12-22 07:24:06:167  电机温度计算完成, 位置标记：0
2020-12-22 07:24:06:170  电机温度计算完成, 位置标记：0
2020-12-22 07:24:06:173  电机温度计算完成, 位置标记：0
2020-12-22 07:24:06:176  电机温度计算完成, 位置标记：0
2020-12-22 07:24:06:179  电机温度计算完成, 位置标记：0
2020-12-22 07:24:06:181  电机温度计算完成, 位置标记：0
2020-12-22 07:24:06:184  电机温度计算完成, 位置标记：0
2020-12-22 07:24:06:186  车速为：36.6859位置标记为：0
2020-12-22 07:24:06:209  振动分轮计算完成, 位置标记：0
2020-12-22 07:24:06:497  振动特征值计算完成, 位置标记：0
2020-12-22 07:34:10:664  磁钢信号预处理完成，位置标记：1
2020-12-22 07:34:10:677  温度分轮成功，分轮数尺度为：48
2020-12-22 07:34:10:740  轴承端盖温度特征值计算完成, 位置标记：1
2020-12-22 07:34:10:802  电机温度计算完成, 位置标记：1
2020-12-22 07:34:10:805  电机温度计算完成, 位置标记：1
2020-12-22 07:34:10:809  电机温度计算完成, 位置标记：1
2020-12-22 07:34:10:812  电机温度计算完成, 位置标记：1
2020-12-22 07:34:10:815  电机温度计算完成, 位置标记：1
2020-12-22 07:34:10:818  电机温度计算完成, 位置标记：1
2020-12-22 07:34:10:820  电机温度计算完成, 位置标记：1
2020-12-22 07:34:10:823  电机温度计算完成, 位置标记：1
2020-12-22 07:34:10:825  车速为：36.8491位置标记为：1
2020-12-22 07:34:10:847  振动分轮计算完成, 位置标记：1
2020-12-22 07:34:11:127  振动特征值计算完成, 位置标记：1
2020-12-22 07:34:11:182  磁钢信号预处理完成，位置标记：0
2020-12-22 07:34:11:194  温度分轮成功，分轮数尺度为：48
2020-12-22 07:34:11:257  轴承端盖温度特征值计算完成, 位置标记：0
2020-12-22 07:34:11:314  电机温度计算完成, 位置标记：0
2020-12-22 07:34:11:317  电机温度计算完成, 位置标记：0
2020-12-22 07:34:11:320  电机温度计算完成, 位置标记：0
2020-12-22 07:34:11:323  电机温度计算完成, 位置标记：0
2020-12-22 07:34:11:326  电机温度计算完成, 位置标记：0
2020-12-22 07:34:11:329  电机温度计算完成, 位置标记：0
2020-12-22 07:34:11:332  电机温度计算完成, 位置标记：0
2020-12-22 07:34:11:334  电机温度计算完成, 位置标记：0
2020-12-22 07:34:11:336  车速为：36.8491位置标记为：0
2020-12-22 07:34:11:359  振动分轮计算完成, 位置标记：0
2020-12-22 07:34:11:649  振动特征值计算完成, 位置标记：0
2020-12-22 07:44:09:477  磁钢信号预处理完成，位置标记：1
2020-12-22 07:44:09:489  温度分轮成功，分轮数尺度为：48
2020-12-22 07:44:09:552  轴承端盖温度特征值计算完成, 位置标记：1
2020-12-22 07:44:09:615  电机温度计算完成, 位置标记：1
2020-12-22 07:44:09:618  电机温度计算完成, 位置标记：1
2020-12-22 07:44:09:622  电机温度计算完成, 位置标记：1
2020-12-22 07:44:09:625  电机温度计算完成, 位置标记：1
2020-12-22 07:44:09:628  电机温度计算完成, 位置标记：1
2020-12-22 07:44:09:630  电机温度计算完成, 位置标记：1
2020-12-22 07:44:09:633  电机温度计算完成, 位置标记：1
2020-12-22 07:44:09:636  电机温度计算完成, 位置标记：1
2020-12-22 07:44:09:637  车速为：36.7184位置标记为：1
2020-12-22 07:44:09:659  振动分轮计算完成, 位置标记：1
2020-12-22 07:44:09:947  振动特征值计算完成, 位置标记：1
2020-12-22 07:44:10:002  磁钢信号预处理完成，位置标记：0
2020-12-22 07:44:10:015  温度分轮成功，分轮数尺度为：48
2020-12-22 07:44:10:078  轴承端盖温度特征值计算完成, 位置标记：0
2020-12-22 07:44:10:139  电机温度计算完成, 位置标记：0
2020-12-22 07:44:10:143  电机温度计算完成, 位置标记：0
2020-12-22 07:44:10:146  电机温度计算完成, 位置标记：0
2020-12-22 07:44:10:149  电机温度计算完成, 位置标记：0
2020-12-22 07:44:10:152  电机温度计算完成, 位置标记：0
2020-12-22 07:44:10:154  电机温度计算完成, 位置标记：0
2020-12-22 07:44:10:157  电机温度计算完成, 位置标记：0
2020-12-22 07:44:10:160  电机温度计算完成, 位置标记：0
2020-12-22 07:44:10:162  车速为：36.7184位置标记为：0
2020-12-22 07:44:10:185  振动分轮计算完成, 位置标记：0
2020-12-22 07:44:10:464  振动特征值计算完成, 位置标记：0
2020-12-22 07:54:09:137  磁钢信号预处理完成，位置标记：1
2020-12-22 07:54:09:149  温度分轮成功，分轮数尺度为：48
2020-12-22 07:54:09:215  轴承端盖温度特征值计算完成, 位置标记：1
2020-12-22 07:54:09:278  电机温度计算完成, 位置标记：1
2020-12-22 07:54:09:280  电机温度计算完成, 位置标记：1
2020-12-22 07:54:09:283  电机温度计算完成, 位置标记：1
2020-12-22 07:54:09:286  电机温度计算完成, 位置标记：1
2020-12-22 07:54:09:288  电机温度计算完成, 位置标记：1
2020-12-22 07:54:09:290  电机温度计算完成, 位置标记：1
2020-12-22 07:54:09:292  电机温度计算完成, 位置标记：1
2020-12-22 07:54:09:294  电机温度计算完成, 位置标记：1
2020-12-22 07:54:09:295  车速为：36.8491位置标记为：1
2020-12-22 07:54:09:315  振动分轮计算完成, 位置标记：1
2020-12-22 07:54:09:580  振动特征值计算完成, 位置标记：1
2020-12-22 07:54:09:630  磁钢信号预处理完成，位置标记：0
2020-12-22 07:54:09:643  温度分轮成功，分轮数尺度为：48
2020-12-22 07:54:09:708  轴承端盖温度特征值计算完成, 位置标记：0
2020-12-22 07:54:09:772  电机温度计算完成, 位置标记：0
2020-12-22 07:54:09:775  电机温度计算完成, 位置标记：0
2020-12-22 07:54:09:778  电机温度计算完成, 位置标记：0
2020-12-22 07:54:09:781  电机温度计算完成, 位置标记：0
2020-12-22 07:54:09:784  电机温度计算完成, 位置标记：0
2020-12-22 07:54:09:787  电机温度计算完成, 位置标记：0
2020-12-22 07:54:09:790  电机温度计算完成, 位置标记：0
2020-12-22 07:54:09:792  电机温度计算完成, 位置标记：0
2020-12-22 07:54:09:794  车速为：36.8491位置标记为：0
2020-12-22 07:54:09:817  振动分轮计算完成, 位置标记：0
2020-12-22 07:54:10:105  振动特征值计算完成, 位置标记：0
