2020-12-20 16:00:08:780  temperate2完成落盘
2020-12-20 16:00:25:310  temperate3完成落盘
2020-12-20 16:00:43:830  temperate4完成落盘
2020-12-20 16:00:43:837  开始处理数据
2020-12-20 16:00:44:710  右侧计算完成
2020-12-20 16:00:45:074  左侧计算完成
2020-12-20 16:00:45:076  检查结果数据
2020-12-20 16:00:45:078  通知桌面显示数据
2020-12-20 16:00:45:095  开始写入数据库
2020-12-20 16:00:45:116  预警及报警参数加载完成
2020-12-20 16:00:45:118  数据库打开成功
2020-12-20 16:00:45:120  train_info数据表写入成功
2020-12-20 16:00:45:179  train_onlyid读取成功
2020-12-20 16:00:45:184  train_data数据表写入成功
2020-12-20 16:00:45:187  vt_info数据表，第0次写入成功
2020-12-20 16:00:45:190  vt_info数据表，第1次写入成功
2020-12-20 16:00:45:194  vt_info数据表，第2次写入成功
2020-12-20 16:00:45:198  vt_info数据表，第3次写入成功
2020-12-20 16:00:45:201  vt_info数据表，第4次写入成功
2020-12-20 16:00:45:205  vt_info数据表，第5次写入成功
2020-12-20 16:00:45:208  vt_info数据表，第6次写入成功
2020-12-20 16:00:45:212  vt_info数据表，第7次写入成功
2020-12-20 16:00:45:215  vt_info数据表，第8次写入成功
2020-12-20 16:00:45:219  vt_info数据表，第9次写入成功
2020-12-20 16:00:45:222  vt_info数据表，第10次写入成功
2020-12-20 16:00:45:226  vt_info数据表，第11次写入成功
2020-12-20 16:00:45:229  vt_info数据表，第12次写入成功
2020-12-20 16:00:45:233  vt_info数据表，第13次写入成功
2020-12-20 16:00:45:236  vt_info数据表，第14次写入成功
2020-12-20 16:00:45:240  vt_info数据表，第15次写入成功
2020-12-20 16:00:45:244  vt_info数据表，第16次写入成功
2020-12-20 16:00:45:247  vt_info数据表，第17次写入成功
2020-12-20 16:00:45:251  vt_info数据表，第18次写入成功
2020-12-20 16:00:45:254  vt_info数据表，第19次写入成功
2020-12-20 16:00:45:258  vt_info数据表，第20次写入成功
2020-12-20 16:00:45:262  vt_info数据表，第21次写入成功
2020-12-20 16:00:45:265  vt_info数据表，第22次写入成功
2020-12-20 16:00:45:269  vt_info数据表，第23次写入成功
2020-12-20 16:00:45:272  vt_info数据表，第24次写入成功
2020-12-20 16:00:45:276  vt_info数据表，第25次写入成功
2020-12-20 16:00:45:279  vt_info数据表，第26次写入成功
2020-12-20 16:00:45:283  vt_info数据表，第27次写入成功
2020-12-20 16:00:45:287  vt_info数据表，第28次写入成功
2020-12-20 16:00:45:290  vt_info数据表，第29次写入成功
2020-12-20 16:00:45:294  vt_info数据表，第30次写入成功
2020-12-20 16:00:45:297  vt_info数据表，第31次写入成功
2020-12-20 16:00:45:301  vt_info数据表，第32次写入成功
2020-12-20 16:00:45:304  vt_info数据表，第33次写入成功
2020-12-20 16:00:45:308  vt_info数据表，第34次写入成功
2020-12-20 16:00:45:311  vt_info数据表，第35次写入成功
2020-12-20 16:00:45:315  vt_info数据表，第36次写入成功
2020-12-20 16:00:45:319  vt_info数据表，第37次写入成功
2020-12-20 16:00:45:322  vt_info数据表，第38次写入成功
2020-12-20 16:00:45:326  vt_info数据表，第39次写入成功
2020-12-20 16:00:45:329  vt_info数据表，第40次写入成功
2020-12-20 16:00:45:333  vt_info数据表，第41次写入成功
2020-12-20 16:00:45:336  vt_info数据表，第42次写入成功
2020-12-20 16:00:45:340  vt_info数据表，第43次写入成功
2020-12-20 16:00:45:343  vt_info数据表，第44次写入成功
2020-12-20 16:00:45:347  vt_info数据表，第45次写入成功
2020-12-20 16:00:45:351  vt_info数据表，第46次写入成功
2020-12-20 16:00:45:354  vt_info数据表，第47次写入成功
2020-12-20 16:00:45:357  motor_info数据表，第0次写入成功
2020-12-20 16:00:45:360  motor_info数据表，第1次写入成功
2020-12-20 16:00:45:362  motor_info数据表，第2次写入成功
2020-12-20 16:00:45:365  motor_info数据表，第3次写入成功
2020-12-20 16:00:45:367  motor_info数据表，第4次写入成功
2020-12-20 16:00:45:370  motor_info数据表，第5次写入成功
2020-12-20 16:00:45:372  motor_info数据表，第6次写入成功
2020-12-20 16:00:45:375  motor_info数据表，第7次写入成功
2020-12-20 16:00:45:378  motor_info数据表，第8次写入成功
2020-12-20 16:00:45:380  motor_info数据表，第9次写入成功
2020-12-20 16:00:45:383  motor_info数据表，第10次写入成功
2020-12-20 16:00:45:386  motor_info数据表，第11次写入成功
2020-12-20 16:00:45:388  motor_info数据表，第12次写入成功
2020-12-20 16:00:45:391  motor_info数据表，第13次写入成功
2020-12-20 16:00:45:393  motor_info数据表，第14次写入成功
2020-12-20 16:00:45:446  motor_info数据表，第15次写入成功
2020-12-20 16:00:45:449  数据库关闭！
2020-12-20 16:05:39:819  收到来车信号，流水号：20201220160539，所有设备开始采集
2020-12-20 16:05:39:965  开启A/D采集
2020-12-20 16:06:05:398  收到离车信号，流水号：20201220160539，线号：14，车号：041042，主控端：1，所有设备停止采集
2020-12-20 16:06:05:400  收到停止采集命令，开始停止采集
2020-12-20 16:06:05:403  停止采集数据
2020-12-20 16:06:05:405  采集连接已断开
2020-12-20 16:06:05:406  开始数据分析和落盘
2020-12-20 16:06:25:901  vibration1完成落盘
2020-12-20 16:06:42:701  vibration2完成落盘
2020-12-20 16:06:59:416  vibration3完成落盘
2020-12-20 16:07:16:865  vibration4完成落盘
2020-12-20 16:07:33:810  vibration5完成落盘
2020-12-20 16:07:50:068  vibration6完成落盘
2020-12-20 16:08:06:614  vibration7完成落盘
2020-12-20 16:08:23:749  vibration8完成落盘
2020-12-20 16:08:40:886  magnetic1完成落盘
2020-12-20 16:08:57:423  magnetic2完成落盘
2020-12-20 16:09:14:400  magnetic3完成落盘
2020-12-20 16:09:31:670  magnetic4完成落盘
2020-12-20 16:09:47:446  temperate1完成落盘
2020-12-20 16:10:03:469  temperate2完成落盘
2020-12-20 16:10:21:007  temperate3完成落盘
2020-12-20 16:10:39:400  temperate4完成落盘
2020-12-20 16:10:39:409  开始处理数据
2020-12-20 16:10:40:343  右侧计算完成
2020-12-20 16:10:40:687  左侧计算完成
2020-12-20 16:10:40:689  检查结果数据
2020-12-20 16:10:40:691  通知桌面显示数据
2020-12-20 16:10:40:705  开始写入数据库
2020-12-20 16:10:40:727  预警及报警参数加载完成
2020-12-20 16:10:40:729  数据库打开成功
2020-12-20 16:10:40:731  train_info数据表写入成功
2020-12-20 16:10:40:792  train_onlyid读取成功
2020-12-20 16:10:40:797  train_data数据表写入成功
2020-12-20 16:10:40:800  vt_info数据表，第0次写入成功
2020-12-20 16:10:40:804  vt_info数据表，第1次写入成功
2020-12-20 16:10:40:807  vt_info数据表，第2次写入成功
2020-12-20 16:10:40:811  vt_info数据表，第3次写入成功
2020-12-20 16:10:40:815  vt_info数据表，第4次写入成功
2020-12-20 16:10:40:819  vt_info数据表，第5次写入成功
2020-12-20 16:10:40:822  vt_info数据表，第6次写入成功
2020-12-20 16:10:40:826  vt_info数据表，第7次写入成功
2020-12-20 16:10:40:830  vt_info数据表，第8次写入成功
2020-12-20 16:10:40:833  vt_info数据表，第9次写入成功
2020-12-20 16:10:40:837  vt_info数据表，第10次写入成功
2020-12-20 16:10:40:841  vt_info数据表，第11次写入成功
2020-12-20 16:10:40:844  vt_info数据表，第12次写入成功
2020-12-20 16:10:40:848  vt_info数据表，第13次写入成功
2020-12-20 16:10:40:852  vt_info数据表，第14次写入成功
2020-12-20 16:10:40:855  vt_info数据表，第15次写入成功
2020-12-20 16:10:40:859  vt_info数据表，第16次写入成功
2020-12-20 16:10:40:863  vt_info数据表，第17次写入成功
2020-12-20 16:10:40:866  vt_info数据表，第18次写入成功
2020-12-20 16:10:40:870  vt_info数据表，第19次写入成功
2020-12-20 16:10:40:874  vt_info数据表，第20次写入成功
2020-12-20 16:10:40:877  vt_info数据表，第21次写入成功
2020-12-20 16:10:40:881  vt_info数据表，第22次写入成功
2020-12-20 16:10:40:885  vt_info数据表，第23次写入成功
2020-12-20 16:10:40:888  vt_info数据表，第24次写入成功
2020-12-20 16:10:40:892  vt_info数据表，第25次写入成功
2020-12-20 16:10:40:896  vt_info数据表，第26次写入成功
2020-12-20 16:10:40:899  vt_info数据表，第27次写入成功
2020-12-20 16:10:40:903  vt_info数据表，第28次写入成功
2020-12-20 16:10:40:907  vt_info数据表，第29次写入成功
2020-12-20 16:10:40:911  vt_info数据表，第30次写入成功
2020-12-20 16:10:40:914  vt_info数据表，第31次写入成功
2020-12-20 16:10:40:918  vt_info数据表，第32次写入成功
2020-12-20 16:10:40:922  vt_info数据表，第33次写入成功
2020-12-20 16:10:40:925  vt_info数据表，第34次写入成功
2020-12-20 16:10:40:929  vt_info数据表，第35次写入成功
2020-12-20 16:10:40:932  vt_info数据表，第36次写入成功
2020-12-20 16:10:40:936  vt_info数据表，第37次写入成功
2020-12-20 16:10:40:940  vt_info数据表，第38次写入成功
2020-12-20 16:10:40:943  vt_info数据表，第39次写入成功
2020-12-20 16:10:40:947  vt_info数据表，第40次写入成功
2020-12-20 16:10:40:951  vt_info数据表，第41次写入成功
2020-12-20 16:10:40:954  vt_info数据表，第42次写入成功
2020-12-20 16:10:40:958  vt_info数据表，第43次写入成功
2020-12-20 16:10:40:962  vt_info数据表，第44次写入成功
2020-12-20 16:10:40:965  vt_info数据表，第45次写入成功
2020-12-20 16:10:40:969  vt_info数据表，第46次写入成功
2020-12-20 16:10:40:973  vt_info数据表，第47次写入成功
2020-12-20 16:10:40:975  motor_info数据表，第0次写入成功
2020-12-20 16:10:40:978  motor_info数据表，第1次写入成功
2020-12-20 16:10:40:981  motor_info数据表，第2次写入成功
2020-12-20 16:10:40:983  motor_info数据表，第3次写入成功
2020-12-20 16:10:40:986  motor_info数据表，第4次写入成功
2020-12-20 16:10:40:989  motor_info数据表，第5次写入成功
2020-12-20 16:10:40:991  motor_info数据表，第6次写入成功
2020-12-20 16:10:40:994  motor_info数据表，第7次写入成功
2020-12-20 16:10:40:997  motor_info数据表，第8次写入成功
2020-12-20 16:10:40:999  motor_info数据表，第9次写入成功
2020-12-20 16:10:41:002  motor_info数据表，第10次写入成功
2020-12-20 16:10:41:005  motor_info数据表，第11次写入成功
2020-12-20 16:10:41:008  motor_info数据表，第12次写入成功
2020-12-20 16:10:41:010  motor_info数据表，第13次写入成功
2020-12-20 16:10:41:013  motor_info数据表，第14次写入成功
2020-12-20 16:10:41:067  motor_info数据表，第15次写入成功
2020-12-20 16:10:41:069  数据库关闭！
2020-12-20 16:15:20:713  收到来车信号，流水号：20201220161520，所有设备开始采集
2020-12-20 16:15:20:861  开启A/D采集
2020-12-20 16:15:46:313  收到离车信号，流水号：20201220161520，线号：14，车号：059060，主控端：0，所有设备停止采集
2020-12-20 16:15:46:315  收到停止采集命令，开始停止采集
2020-12-20 16:15:46:317  停止采集数据
2020-12-20 16:15:46:319  采集连接已断开
2020-12-20 16:15:46:321  开始数据分析和落盘
2020-12-20 16:16:09:213  vibration1完成落盘
2020-12-20 16:16:31:003  vibration2完成落盘
2020-12-20 16:16:52:618  vibration3完成落盘
2020-12-20 16:17:11:794  vibration4完成落盘
2020-12-20 16:17:32:002  vibration5完成落盘
2020-12-20 16:17:52:357  vibration6完成落盘
2020-12-20 16:18:11:575  vibration7完成落盘
2020-12-20 16:18:31:819  vibration8完成落盘
2020-12-20 16:18:53:906  magnetic1完成落盘
2020-12-20 16:19:14:101  magnetic2完成落盘
2020-12-20 16:19:35:683  magnetic3完成落盘
2020-12-20 16:19:56:736  magnetic4完成落盘
2020-12-20 16:20:18:659  temperate1完成落盘
2020-12-20 16:20:40:153  temperate2完成落盘
2020-12-20 16:21:01:309  temperate3完成落盘
2020-12-20 16:21:23:041  temperate4完成落盘
2020-12-20 16:21:23:051  开始处理数据
2020-12-20 16:21:24:283  右侧计算完成
2020-12-20 16:21:24:739  左侧计算完成
2020-12-20 16:21:24:741  检查结果数据
2020-12-20 16:21:24:743  通知桌面显示数据
2020-12-20 16:21:24:761  开始写入数据库
2020-12-20 16:21:24:780  预警及报警参数加载完成
2020-12-20 16:21:24:782  数据库打开成功
2020-12-20 16:21:24:785  train_info数据表写入成功
2020-12-20 16:21:24:845  train_onlyid读取成功
2020-12-20 16:21:24:849  train_data数据表写入成功
2020-12-20 16:21:24:853  vt_info数据表，第0次写入成功
2020-12-20 16:21:24:857  vt_info数据表，第1次写入成功
2020-12-20 16:21:24:861  vt_info数据表，第2次写入成功
2020-12-20 16:21:24:864  vt_info数据表，第3次写入成功
2020-12-20 16:21:24:868  vt_info数据表，第4次写入成功
2020-12-20 16:21:24:872  vt_info数据表，第5次写入成功
2020-12-20 16:21:24:875  vt_info数据表，第6次写入成功
2020-12-20 16:21:24:879  vt_info数据表，第7次写入成功
2020-12-20 16:21:24:882  vt_info数据表，第8次写入成功
2020-12-20 16:21:24:886  vt_info数据表，第9次写入成功
2020-12-20 16:21:24:890  vt_info数据表，第10次写入成功
2020-12-20 16:21:24:893  vt_info数据表，第11次写入成功
2020-12-20 16:21:24:897  vt_info数据表，第12次写入成功
2020-12-20 16:21:24:901  vt_info数据表，第13次写入成功
2020-12-20 16:21:24:904  vt_info数据表，第14次写入成功
2020-12-20 16:21:24:908  vt_info数据表，第15次写入成功
2020-12-20 16:21:24:912  vt_info数据表，第16次写入成功
2020-12-20 16:21:24:915  vt_info数据表，第17次写入成功
2020-12-20 16:21:24:919  vt_info数据表，第18次写入成功
2020-12-20 16:21:24:922  vt_info数据表，第19次写入成功
2020-12-20 16:21:24:926  vt_info数据表，第20次写入成功
2020-12-20 16:21:24:930  vt_info数据表，第21次写入成功
2020-12-20 16:21:24:933  vt_info数据表，第22次写入成功
2020-12-20 16:21:24:937  vt_info数据表，第23次写入成功
2020-12-20 16:21:24:940  vt_info数据表，第24次写入成功
2020-12-20 16:21:24:944  vt_info数据表，第25次写入成功
2020-12-20 16:21:24:948  vt_info数据表，第26次写入成功
2020-12-20 16:21:24:951  vt_info数据表，第27次写入成功
2020-12-20 16:21:24:955  vt_info数据表，第28次写入成功
2020-12-20 16:21:24:959  vt_info数据表，第29次写入成功
2020-12-20 16:21:24:962  vt_info数据表，第30次写入成功
2020-12-20 16:21:24:966  vt_info数据表，第31次写入成功
2020-12-20 16:21:24:969  vt_info数据表，第32次写入成功
2020-12-20 16:21:24:973  vt_info数据表，第33次写入成功
2020-12-20 16:21:24:977  vt_info数据表，第34次写入成功
2020-12-20 16:21:24:981  vt_info数据表，第35次写入成功
2020-12-20 16:21:24:984  vt_info数据表，第36次写入成功
2020-12-20 16:21:24:988  vt_info数据表，第37次写入成功
2020-12-20 16:21:24:991  vt_info数据表，第38次写入成功
2020-12-20 16:21:24:995  vt_info数据表，第39次写入成功
2020-12-20 16:21:24:999  vt_info数据表，第40次写入成功
2020-12-20 16:21:25:002  vt_info数据表，第41次写入成功
2020-12-20 16:21:25:006  vt_info数据表，第42次写入成功
2020-12-20 16:21:25:010  vt_info数据表，第43次写入成功
2020-12-20 16:21:25:013  vt_info数据表，第44次写入成功
2020-12-20 16:21:25:017  vt_info数据表，第45次写入成功
2020-12-20 16:21:25:021  vt_info数据表，第46次写入成功
2020-12-20 16:21:25:024  vt_info数据表，第47次写入成功
2020-12-20 16:21:25:027  motor_info数据表，第0次写入成功
2020-12-20 16:21:25:030  motor_info数据表，第1次写入成功
2020-12-20 16:21:25:033  motor_info数据表，第2次写入成功
2020-12-20 16:21:25:035  motor_info数据表，第3次写入成功
2020-12-20 16:21:25:038  motor_info数据表，第4次写入成功
2020-12-20 16:21:25:041  motor_info数据表，第5次写入成功
2020-12-20 16:21:25:043  motor_info数据表，第6次写入成功
2020-12-20 16:21:25:046  motor_info数据表，第7次写入成功
2020-12-20 16:21:25:049  motor_info数据表，第8次写入成功
2020-12-20 16:21:25:051  motor_info数据表，第9次写入成功
2020-12-20 16:21:25:054  motor_info数据表，第10次写入成功
2020-12-20 16:21:25:057  motor_info数据表，第11次写入成功
2020-12-20 16:21:25:060  motor_info数据表，第12次写入成功
2020-12-20 16:21:25:062  motor_info数据表，第13次写入成功
2020-12-20 16:21:25:065  motor_info数据表，第14次写入成功
2020-12-20 16:21:25:128  motor_info数据表，第15次写入成功
2020-12-20 16:21:25:130  数据库关闭！
2020-12-20 16:25:26:317  收到来车信号，流水号：20201220162526，所有设备开始采集
2020-12-20 16:25:26:464  开启A/D采集
2020-12-20 16:25:52:110  收到离车信号，流水号：20201220162526，线号：14，车号：015016，主控端：1，所有设备停止采集
2020-12-20 16:25:52:113  收到停止采集命令，开始停止采集
2020-12-20 16:25:52:115  停止采集数据
2020-12-20 16:25:52:117  采集连接已断开
2020-12-20 16:25:52:119  开始数据分析和落盘
2020-12-20 16:26:15:521  vibration1完成落盘
2020-12-20 16:26:34:464  vibration2完成落盘
2020-12-20 16:26:53:633  vibration3完成落盘
2020-12-20 16:27:13:377  vibration4完成落盘
2020-12-20 16:27:33:759  vibration5完成落盘
2020-12-20 16:27:52:481  vibration6完成落盘
2020-12-20 16:28:11:385  vibration7完成落盘
2020-12-20 16:28:29:563  vibration8完成落盘
2020-12-20 16:28:48:336  magnetic1完成落盘
2020-12-20 16:29:07:626  magnetic2完成落盘
2020-12-20 16:29:26:379  magnetic3完成落盘
2020-12-20 16:29:45:627  magnetic4完成落盘
2020-12-20 16:30:05:557  temperate1完成落盘
2020-12-20 16:30:25:111  temperate2完成落盘
2020-12-20 16:30:44:448  temperate3完成落盘
2020-12-20 16:31:03:922  temperate4完成落盘
2020-12-20 16:31:03:929  开始处理数据
2020-12-20 16:31:04:830  右侧计算完成
2020-12-20 16:31:05:227  左侧计算完成
2020-12-20 16:31:05:229  检查结果数据
2020-12-20 16:31:05:231  通知桌面显示数据
2020-12-20 16:31:05:249  开始写入数据库
2020-12-20 16:31:05:268  预警及报警参数加载完成
2020-12-20 16:31:05:270  数据库打开成功
2020-12-20 16:31:05:272  train_info数据表写入成功
2020-12-20 16:31:05:333  train_onlyid读取成功
2020-12-20 16:31:05:337  train_data数据表写入成功
2020-12-20 16:31:05:341  vt_info数据表，第0次写入成功
2020-12-20 16:31:05:344  vt_info数据表，第1次写入成功
2020-12-20 16:31:05:348  vt_info数据表，第2次写入成功
2020-12-20 16:31:05:352  vt_info数据表，第3次写入成功
2020-12-20 16:31:05:355  vt_info数据表，第4次写入成功
2020-12-20 16:31:05:359  vt_info数据表，第5次写入成功
2020-12-20 16:31:05:363  vt_info数据表，第6次写入成功
2020-12-20 16:31:05:366  vt_info数据表，第7次写入成功
2020-12-20 16:31:05:370  vt_info数据表，第8次写入成功
2020-12-20 16:31:05:373  vt_info数据表，第9次写入成功
2020-12-20 16:31:05:377  vt_info数据表，第10次写入成功
2020-12-20 16:31:05:380  vt_info数据表，第11次写入成功
2020-12-20 16:31:05:384  vt_info数据表，第12次写入成功
2020-12-20 16:31:05:388  vt_info数据表，第13次写入成功
2020-12-20 16:31:05:391  vt_info数据表，第14次写入成功
2020-12-20 16:31:05:395  vt_info数据表，第15次写入成功
2020-12-20 16:31:05:398  vt_info数据表，第16次写入成功
2020-12-20 16:31:05:402  vt_info数据表，第17次写入成功
2020-12-20 16:31:05:405  vt_info数据表，第18次写入成功
2020-12-20 16:31:05:409  vt_info数据表，第19次写入成功
2020-12-20 16:31:05:412  vt_info数据表，第20次写入成功
2020-12-20 16:31:05:416  vt_info数据表，第21次写入成功
2020-12-20 16:31:05:419  vt_info数据表，第22次写入成功
2020-12-20 16:31:05:423  vt_info数据表，第23次写入成功
2020-12-20 16:31:05:426  vt_info数据表，第24次写入成功
2020-12-20 16:31:05:430  vt_info数据表，第25次写入成功
2020-12-20 16:31:05:433  vt_info数据表，第26次写入成功
2020-12-20 16:31:05:437  vt_info数据表，第27次写入成功
2020-12-20 16:31:05:440  vt_info数据表，第28次写入成功
2020-12-20 16:31:05:444  vt_info数据表，第29次写入成功
2020-12-20 16:31:05:448  vt_info数据表，第30次写入成功
2020-12-20 16:31:05:451  vt_info数据表，第31次写入成功
2020-12-20 16:31:05:455  vt_info数据表，第32次写入成功
2020-12-20 16:31:05:458  vt_info数据表，第33次写入成功
2020-12-20 16:31:05:462  vt_info数据表，第34次写入成功
2020-12-20 16:31:05:465  vt_info数据表，第35次写入成功
2020-12-20 16:31:05:469  vt_info数据表，第36次写入成功
2020-12-20 16:31:05:472  vt_info数据表，第37次写入成功
2020-12-20 16:31:05:476  vt_info数据表，第38次写入成功
2020-12-20 16:31:05:479  vt_info数据表，第39次写入成功
2020-12-20 16:31:05:483  vt_info数据表，第40次写入成功
2020-12-20 16:31:05:486  vt_info数据表，第41次写入成功
2020-12-20 16:31:05:490  vt_info数据表，第42次写入成功
2020-12-20 16:31:05:493  vt_info数据表，第43次写入成功
2020-12-20 16:31:05:497  vt_info数据表，第44次写入成功
2020-12-20 16:31:05:500  vt_info数据表，第45次写入成功
2020-12-20 16:31:05:504  vt_info数据表，第46次写入成功
2020-12-20 16:31:05:508  vt_info数据表，第47次写入成功
2020-12-20 16:31:05:510  motor_info数据表，第0次写入成功
2020-12-20 16:31:05:513  motor_info数据表，第1次写入成功
2020-12-20 16:31:05:516  motor_info数据表，第2次写入成功
2020-12-20 16:31:05:519  motor_info数据表，第3次写入成功
2020-12-20 16:31:05:521  motor_info数据表，第4次写入成功
2020-12-20 16:31:05:524  motor_info数据表，第5次写入成功
2020-12-20 16:31:05:527  motor_info数据表，第6次写入成功
2020-12-20 16:31:05:529  motor_info数据表，第7次写入成功
2020-12-20 16:31:05:532  motor_info数据表，第8次写入成功
2020-12-20 16:31:05:535  motor_info数据表，第9次写入成功
2020-12-20 16:31:05:538  motor_info数据表，第10次写入成功
2020-12-20 16:31:05:540  motor_info数据表，第11次写入成功
2020-12-20 16:31:05:543  motor_info数据表，第12次写入成功
2020-12-20 16:31:05:546  motor_info数据表，第13次写入成功
2020-12-20 16:31:05:548  motor_info数据表，第14次写入成功
2020-12-20 16:31:05:603  motor_info数据表，第15次写入成功
2020-12-20 16:31:05:605  数据库关闭！
2020-12-20 16:35:22:918  收到来车信号，流水号：20201220163522，所有设备开始采集
2020-12-20 16:35:23:064  开启A/D采集
2020-12-20 16:35:48:610  收到离车信号，流水号：20201220163522，线号：14，车号：001002，主控端：1，所有设备停止采集
2020-12-20 16:35:48:611  收到停止采集命令，开始停止采集
2020-12-20 16:35:48:614  停止采集数据
2020-12-20 16:35:48:616  采集连接已断开
2020-12-20 16:35:48:618  开始数据分析和落盘
2020-12-20 16:36:17:884  vibration1完成落盘
2020-12-20 16:36:41:960  vibration2完成落盘
2020-12-20 16:37:06:087  vibration3完成落盘
2020-12-20 16:37:30:399  vibration4完成落盘
2020-12-20 16:37:55:091  vibration5完成落盘
2020-12-20 16:38:19:475  vibration6完成落盘
2020-12-20 16:38:43:956  vibration7完成落盘
2020-12-20 16:39:07:267  vibration8完成落盘
2020-12-20 16:39:30:305  magnetic1完成落盘
2020-12-20 16:39:53:944  magnetic2完成落盘
2020-12-20 16:40:17:887  magnetic3完成落盘
2020-12-20 16:40:42:355  magnetic4完成落盘
2020-12-20 16:41:05:555  temperate1完成落盘
2020-12-20 16:41:28:617  temperate2完成落盘
2020-12-20 16:41:51:314  temperate3完成落盘
2020-12-20 16:42:14:868  temperate4完成落盘
2020-12-20 16:42:14:879  开始处理数据
2020-12-20 16:42:16:163  右侧计算完成
2020-12-20 16:42:16:652  左侧计算完成
2020-12-20 16:42:16:654  检查结果数据
2020-12-20 16:42:16:656  通知桌面显示数据
2020-12-20 16:42:16:672  开始写入数据库
2020-12-20 16:42:16:693  预警及报警参数加载完成
2020-12-20 16:42:16:695  数据库打开成功
2020-12-20 16:42:16:697  train_info数据表写入成功
2020-12-20 16:42:16:757  train_onlyid读取成功
2020-12-20 16:42:16:762  train_data数据表写入成功
2020-12-20 16:42:16:765  vt_info数据表，第0次写入成功
2020-12-20 16:42:16:769  vt_info数据表，第1次写入成功
2020-12-20 16:42:16:773  vt_info数据表，第2次写入成功
2020-12-20 16:42:16:776  vt_info数据表，第3次写入成功
2020-12-20 16:42:16:780  vt_info数据表，第4次写入成功
2020-12-20 16:42:16:783  vt_info数据表，第5次写入成功
2020-12-20 16:42:16:787  vt_info数据表，第6次写入成功
2020-12-20 16:42:16:791  vt_info数据表，第7次写入成功
2020-12-20 16:42:16:794  vt_info数据表，第8次写入成功
2020-12-20 16:42:16:798  vt_info数据表，第9次写入成功
2020-12-20 16:42:16:801  vt_info数据表，第10次写入成功
2020-12-20 16:42:16:805  vt_info数据表，第11次写入成功
2020-12-20 16:42:16:808  vt_info数据表，第12次写入成功
2020-12-20 16:42:16:812  vt_info数据表，第13次写入成功
2020-12-20 16:42:16:816  vt_info数据表，第14次写入成功
2020-12-20 16:42:16:820  vt_info数据表，第15次写入成功
2020-12-20 16:42:16:823  vt_info数据表，第16次写入成功
2020-12-20 16:42:16:827  vt_info数据表，第17次写入成功
2020-12-20 16:42:16:830  vt_info数据表，第18次写入成功
2020-12-20 16:42:16:834  vt_info数据表，第19次写入成功
2020-12-20 16:42:16:837  vt_info数据表，第20次写入成功
2020-12-20 16:42:16:841  vt_info数据表，第21次写入成功
2020-12-20 16:42:16:844  vt_info数据表，第22次写入成功
2020-12-20 16:42:16:848  vt_info数据表，第23次写入成功
2020-12-20 16:42:16:852  vt_info数据表，第24次写入成功
2020-12-20 16:42:16:855  vt_info数据表，第25次写入成功
2020-12-20 16:42:16:859  vt_info数据表，第26次写入成功
2020-12-20 16:42:16:862  vt_info数据表，第27次写入成功
2020-12-20 16:42:16:866  vt_info数据表，第28次写入成功
2020-12-20 16:42:16:870  vt_info数据表，第29次写入成功
2020-12-20 16:42:16:873  vt_info数据表，第30次写入成功
2020-12-20 16:42:16:877  vt_info数据表，第31次写入成功
2020-12-20 16:42:16:880  vt_info数据表，第32次写入成功
2020-12-20 16:42:16:884  vt_info数据表，第33次写入成功
2020-12-20 16:42:16:888  vt_info数据表，第34次写入成功
2020-12-20 16:42:16:891  vt_info数据表，第35次写入成功
2020-12-20 16:42:16:895  vt_info数据表，第36次写入成功
2020-12-20 16:42:16:898  vt_info数据表，第37次写入成功
2020-12-20 16:42:16:902  vt_info数据表，第38次写入成功
2020-12-20 16:42:16:906  vt_info数据表，第39次写入成功
2020-12-20 16:42:16:909  vt_info数据表，第40次写入成功
2020-12-20 16:42:16:913  vt_info数据表，第41次写入成功
2020-12-20 16:42:16:917  vt_info数据表，第42次写入成功
2020-12-20 16:42:16:920  vt_info数据表，第43次写入成功
2020-12-20 16:42:16:924  vt_info数据表，第44次写入成功
2020-12-20 16:42:16:927  vt_info数据表，第45次写入成功
2020-12-20 16:42:16:931  vt_info数据表，第46次写入成功
2020-12-20 16:42:16:935  vt_info数据表，第47次写入成功
2020-12-20 16:42:16:938  motor_info数据表，第0次写入成功
2020-12-20 16:42:16:941  motor_info数据表，第1次写入成功
2020-12-20 16:42:16:944  motor_info数据表，第2次写入成功
2020-12-20 16:42:16:946  motor_info数据表，第3次写入成功
2020-12-20 16:42:16:949  motor_info数据表，第4次写入成功
2020-12-20 16:42:16:952  motor_info数据表，第5次写入成功
2020-12-20 16:42:16:954  motor_info数据表，第6次写入成功
2020-12-20 16:42:16:957  motor_info数据表，第7次写入成功
2020-12-20 16:42:16:960  motor_info数据表，第8次写入成功
2020-12-20 16:42:16:962  motor_info数据表，第9次写入成功
2020-12-20 16:42:16:965  motor_info数据表，第10次写入成功
2020-12-20 16:42:16:968  motor_info数据表，第11次写入成功
2020-12-20 16:42:16:970  motor_info数据表，第12次写入成功
2020-12-20 16:42:16:973  motor_info数据表，第13次写入成功
2020-12-20 16:42:16:976  motor_info数据表，第14次写入成功
2020-12-20 16:42:17:045  motor_info数据表，第15次写入成功
2020-12-20 16:42:17:047  数据库关闭！
2020-12-20 16:45:24:814  收到来车信号，流水号：20201220164524，所有设备开始采集
2020-12-20 16:45:24:996  开启A/D采集
2020-12-20 16:45:50:611  收到离车信号，流水号：20201220164524，线号：21，车号：031032，主控端：1，所有设备停止采集
2020-12-20 16:45:50:613  收到停止采集命令，开始停止采集
2020-12-20 16:45:50:615  停止采集数据
2020-12-20 16:45:50:617  采集连接已断开
2020-12-20 16:45:50:619  开始数据分析和落盘
2020-12-20 16:46:17:691  vibration1完成落盘
2020-12-20 16:46:40:088  vibration2完成落盘
2020-12-20 16:47:02:133  vibration3完成落盘
2020-12-20 16:47:23:744  vibration4完成落盘
2020-12-20 16:47:45:522  vibration5完成落盘
2020-12-20 16:48:08:691  vibration6完成落盘
2020-12-20 16:48:30:144  vibration7完成落盘
2020-12-20 16:48:52:269  vibration8完成落盘
2020-12-20 16:49:14:421  magnetic1完成落盘
2020-12-20 16:49:36:742  magnetic2完成落盘
2020-12-20 16:49:59:888  magnetic3完成落盘
2020-12-20 16:50:21:684  magnetic4完成落盘
2020-12-20 16:50:43:995  temperate1完成落盘
2020-12-20 16:51:06:692  temperate2完成落盘
2020-12-20 16:51:27:571  temperate3完成落盘
2020-12-20 16:51:50:676  temperate4完成落盘
2020-12-20 16:51:50:685  开始处理数据
2020-12-20 16:51:51:611  右侧计算完成
2020-12-20 16:51:51:955  左侧计算完成
2020-12-20 16:51:51:956  检查结果数据
2020-12-20 16:51:51:958  通知桌面显示数据
2020-12-20 16:51:51:970  开始写入数据库
2020-12-20 16:51:51:990  预警及报警参数加载完成
2020-12-20 16:51:51:992  数据库打开成功
2020-12-20 16:51:51:994  train_info数据表写入成功
2020-12-20 16:51:52:049  train_onlyid读取成功
2020-12-20 16:51:52:053  train_data数据表写入成功
2020-12-20 16:51:52:056  vt_info数据表，第0次写入成功
2020-12-20 16:51:52:060  vt_info数据表，第1次写入成功
2020-12-20 16:51:52:063  vt_info数据表，第2次写入成功
2020-12-20 16:51:52:067  vt_info数据表，第3次写入成功
2020-12-20 16:51:52:071  vt_info数据表，第4次写入成功
2020-12-20 16:51:52:074  vt_info数据表，第5次写入成功
2020-12-20 16:51:52:078  vt_info数据表，第6次写入成功
2020-12-20 16:51:52:081  vt_info数据表，第7次写入成功
2020-12-20 16:51:52:085  vt_info数据表，第8次写入成功
2020-12-20 16:51:52:088  vt_info数据表，第9次写入成功
2020-12-20 16:51:52:092  vt_info数据表，第10次写入成功
2020-12-20 16:51:52:095  vt_info数据表，第11次写入成功
2020-12-20 16:51:52:099  vt_info数据表，第12次写入成功
2020-12-20 16:51:52:102  vt_info数据表，第13次写入成功
2020-12-20 16:51:52:106  vt_info数据表，第14次写入成功
2020-12-20 16:51:52:110  vt_info数据表，第15次写入成功
2020-12-20 16:51:52:114  vt_info数据表，第16次写入成功
2020-12-20 16:51:52:118  vt_info数据表，第17次写入成功
2020-12-20 16:51:52:121  vt_info数据表，第18次写入成功
2020-12-20 16:51:52:125  vt_info数据表，第19次写入成功
2020-12-20 16:51:52:128  vt_info数据表，第20次写入成功
2020-12-20 16:51:52:132  vt_info数据表，第21次写入成功
2020-12-20 16:51:52:136  vt_info数据表，第22次写入成功
2020-12-20 16:51:52:139  vt_info数据表，第23次写入成功
2020-12-20 16:51:52:143  vt_info数据表，第24次写入成功
2020-12-20 16:51:52:146  vt_info数据表，第25次写入成功
2020-12-20 16:51:52:150  vt_info数据表，第26次写入成功
2020-12-20 16:51:52:154  vt_info数据表，第27次写入成功
2020-12-20 16:51:52:157  vt_info数据表，第28次写入成功
2020-12-20 16:51:52:161  vt_info数据表，第29次写入成功
2020-12-20 16:51:52:165  vt_info数据表，第30次写入成功
2020-12-20 16:51:52:168  vt_info数据表，第31次写入成功
2020-12-20 16:51:52:171  vt_info数据表，第32次写入成功
2020-12-20 16:51:52:175  vt_info数据表，第33次写入成功
2020-12-20 16:51:52:178  vt_info数据表，第34次写入成功
2020-12-20 16:51:52:182  vt_info数据表，第35次写入成功
2020-12-20 16:51:52:185  vt_info数据表，第36次写入成功
2020-12-20 16:51:52:189  vt_info数据表，第37次写入成功
2020-12-20 16:51:52:192  vt_info数据表，第38次写入成功
2020-12-20 16:51:52:196  vt_info数据表，第39次写入成功
2020-12-20 16:51:52:199  vt_info数据表，第40次写入成功
2020-12-20 16:51:52:203  vt_info数据表，第41次写入成功
2020-12-20 16:51:52:206  vt_info数据表，第42次写入成功
2020-12-20 16:51:52:210  vt_info数据表，第43次写入成功
2020-12-20 16:51:52:213  vt_info数据表，第44次写入成功
2020-12-20 16:51:52:217  vt_info数据表，第45次写入成功
2020-12-20 16:51:52:220  vt_info数据表，第46次写入成功
2020-12-20 16:51:52:224  vt_info数据表，第47次写入成功
2020-12-20 16:51:52:226  motor_info数据表，第0次写入成功
2020-12-20 16:51:52:229  motor_info数据表，第1次写入成功
2020-12-20 16:51:52:231  motor_info数据表，第2次写入成功
2020-12-20 16:51:52:234  motor_info数据表，第3次写入成功
2020-12-20 16:51:52:236  motor_info数据表，第4次写入成功
2020-12-20 16:51:52:239  motor_info数据表，第5次写入成功
2020-12-20 16:51:52:241  motor_info数据表，第6次写入成功
2020-12-20 16:51:52:244  motor_info数据表，第7次写入成功
2020-12-20 16:51:52:246  motor_info数据表，第8次写入成功
2020-12-20 16:51:52:249  motor_info数据表，第9次写入成功
2020-12-20 16:51:52:251  motor_info数据表，第10次写入成功
2020-12-20 16:51:52:254  motor_info数据表，第11次写入成功
2020-12-20 16:51:52:256  motor_info数据表，第12次写入成功
2020-12-20 16:51:52:259  motor_info数据表，第13次写入成功
2020-12-20 16:51:52:261  motor_info数据表，第14次写入成功
2020-12-20 16:51:52:325  motor_info数据表，第15次写入成功
2020-12-20 16:51:52:327  数据库关闭！
2020-12-20 16:55:17:317  收到来车信号，流水号：20201220165517，所有设备开始采集
2020-12-20 16:55:17:463  开启A/D采集
2020-12-20 16:55:42:813  收到离车信号，流水号：20201220165517，线号：14，车号：021022，主控端：0，所有设备停止采集
2020-12-20 16:55:42:815  收到停止采集命令，开始停止采集
2020-12-20 16:55:42:818  停止采集数据
2020-12-20 16:55:42:820  采集连接已断开
2020-12-20 16:55:42:823  开始数据分析和落盘
2020-12-20 16:56:03:371  vibration1完成落盘
2020-12-20 16:56:20:600  vibration2完成落盘
2020-12-20 16:56:37:641  vibration3完成落盘
2020-12-20 16:56:53:938  vibration4完成落盘
2020-12-20 16:57:10:183  vibration5完成落盘
2020-12-20 16:57:28:408  vibration6完成落盘
2020-12-20 16:57:44:770  vibration7完成落盘
2020-12-20 16:58:01:708  vibration8完成落盘
2020-12-20 16:58:19:008  magnetic1完成落盘
2020-12-20 16:58:36:369  magnetic2完成落盘
2020-12-20 16:58:53:676  magnetic3完成落盘
2020-12-20 16:59:11:253  magnetic4完成落盘
2020-12-20 16:59:28:309  temperate1完成落盘
2020-12-20 16:59:45:668  temperate2完成落盘
