2020-12-26 11:13:09:106  磁钢信号预处理完成，位置标记：1
2020-12-26 11:13:09:112  温度分轮成功，分轮数尺度为：44
2020-12-26 11:13:09:113  m_nAxleMarkG2数据异常，位置标记：1
2020-12-26 11:13:09:113  m_nAxleMarkG2数据不是48个，数据异常，位置标记：1
2020-12-26 11:13:09:114  车速为：36.7021位置标记为：1
2020-12-26 11:13:09:119  振动有效标记位计算异常，位置标记为：1
2020-12-26 11:13:09:139  磁钢信号预处理完成，位置标记：0
2020-12-26 11:13:09:145  温度分轮成功，分轮数尺度为：44
2020-12-26 11:13:09:145  m_nAxleMarkG2数据异常，位置标记：0
2020-12-26 11:13:09:147  m_nAxleMarkG2数据不是48个，数据异常，位置标记：0
2020-12-26 11:13:09:147  车速为：36.7021位置标记为：0
2020-12-26 11:13:09:153  振动有效标记位计算异常，位置标记为：0
2020-12-26 11:21:37:077  磁钢信号预处理完成，位置标记：1
2020-12-26 11:21:37:096  温度分轮成功，分轮数尺度为：48
2020-12-26 11:21:37:113  轴承端盖温度特征值计算完成, 位置标记：1
2020-12-26 11:21:37:130  电机温度计算完成, 位置标记：1
2020-12-26 11:21:37:133  电机温度计算完成, 位置标记：1
2020-12-26 11:21:37:134  电机温度计算完成, 位置标记：1
2020-12-26 11:21:37:136  电机温度计算完成, 位置标记：1
2020-12-26 11:21:37:138  电机温度计算完成, 位置标记：1
2020-12-26 11:21:37:142  电机温度计算完成, 位置标记：1
2020-12-26 11:21:37:144  电机温度计算完成, 位置标记：1
2020-12-26 11:21:37:146  电机温度计算完成, 位置标记：1
2020-12-26 11:21:37:146  车速为：43.7401位置标记为：1
2020-12-26 11:21:37:186  振动分轮计算完成, 位置标记：1
2020-12-26 11:21:37:369  振动特征值计算完成, 位置标记：1
2020-12-26 11:21:37:434  磁钢信号预处理完成，位置标记：0
2020-12-26 11:21:37:449  温度分轮成功，分轮数尺度为：48
2020-12-26 11:21:37:465  轴承端盖温度特征值计算完成, 位置标记：0
2020-12-26 11:21:37:483  电机温度计算完成, 位置标记：0
2020-12-26 11:21:37:485  电机温度计算完成, 位置标记：0
2020-12-26 11:21:37:487  电机温度计算完成, 位置标记：0
2020-12-26 11:21:37:491  电机温度计算完成, 位置标记：0
2020-12-26 11:21:37:493  电机温度计算完成, 位置标记：0
2020-12-26 11:21:37:495  电机温度计算完成, 位置标记：0
2020-12-26 11:21:37:497  电机温度计算完成, 位置标记：0
2020-12-26 11:21:37:499  电机温度计算完成, 位置标记：0
2020-12-26 11:21:37:501  车速为：43.7401位置标记为：0
2020-12-26 11:21:37:539  振动分轮计算完成, 位置标记：0
2020-12-26 11:21:37:741  振动特征值计算完成, 位置标记：0
2020-12-26 11:34:30:233  磁钢信号预处理完成，位置标记：1
2020-12-26 11:34:30:247  温度分轮成功，分轮数尺度为：48
2020-12-26 11:34:30:267  轴承端盖温度特征值计算完成, 位置标记：1
2020-12-26 11:34:30:287  电机温度计算完成, 位置标记：1
2020-12-26 11:34:30:291  电机温度计算完成, 位置标记：1
2020-12-26 11:34:30:295  电机温度计算完成, 位置标记：1
2020-12-26 11:34:30:297  电机温度计算完成, 位置标记：1
2020-12-26 11:34:30:299  电机温度计算完成, 位置标记：1
2020-12-26 11:34:30:303  电机温度计算完成, 位置标记：1
2020-12-26 11:34:30:305  电机温度计算完成, 位置标记：1
2020-12-26 11:34:30:309  电机温度计算完成, 位置标记：1
2020-12-26 11:34:30:309  车速为：36.3796位置标记为：1
2020-12-26 11:34:30:347  振动分轮计算完成, 位置标记：1
2020-12-26 11:34:30:589  振动特征值计算完成, 位置标记：1
2020-12-26 11:34:30:671  磁钢信号预处理完成，位置标记：0
2020-12-26 11:34:30:691  温度分轮成功，分轮数尺度为：48
2020-12-26 11:34:30:711  轴承端盖温度特征值计算完成, 位置标记：0
2020-12-26 11:34:30:731  电机温度计算完成, 位置标记：0
2020-12-26 11:34:30:735  电机温度计算完成, 位置标记：0
2020-12-26 11:34:30:739  电机温度计算完成, 位置标记：0
2020-12-26 11:34:30:741  电机温度计算完成, 位置标记：0
2020-12-26 11:34:30:743  电机温度计算完成, 位置标记：0
2020-12-26 11:34:30:747  电机温度计算完成, 位置标记：0
2020-12-26 11:34:30:749  电机温度计算完成, 位置标记：0
2020-12-26 11:34:30:753  电机温度计算完成, 位置标记：0
2020-12-26 11:34:30:753  车速为：36.3796位置标记为：0
2020-12-26 11:34:30:791  振动分轮计算完成, 位置标记：0
2020-12-26 11:34:31:033  振动特征值计算完成, 位置标记：0
2020-12-26 11:54:24:599  磁钢信号预处理完成，位置标记：1
2020-12-26 11:54:24:619  温度分轮成功，分轮数尺度为：48
2020-12-26 11:54:24:637  轴承端盖温度特征值计算完成, 位置标记：1
2020-12-26 11:54:24:653  电机温度计算完成, 位置标记：1
2020-12-26 11:54:24:657  电机温度计算完成, 位置标记：1
2020-12-26 11:54:24:659  电机温度计算完成, 位置标记：1
2020-12-26 11:54:24:661  电机温度计算完成, 位置标记：1
2020-12-26 11:54:24:665  电机温度计算完成, 位置标记：1
2020-12-26 11:54:24:667  电机温度计算完成, 位置标记：1
2020-12-26 11:54:24:669  电机温度计算完成, 位置标记：1
2020-12-26 11:54:24:671  电机温度计算完成, 位置标记：1
2020-12-26 11:54:24:673  车速为：43.9024位置标记为：1
2020-12-26 11:54:24:707  振动分轮计算完成, 位置标记：1
2020-12-26 11:54:24:883  振动特征值计算完成, 位置标记：1
2020-12-26 11:54:24:963  磁钢信号预处理完成，位置标记：0
2020-12-26 11:54:24:985  温度分轮成功，分轮数尺度为：48
2020-12-26 11:54:24:999  轴承端盖温度特征值计算完成, 位置标记：0
2020-12-26 11:54:25:015  电机温度计算完成, 位置标记：0
2020-12-26 11:54:25:019  电机温度计算完成, 位置标记：0
2020-12-26 11:54:25:021  电机温度计算完成, 位置标记：0
2020-12-26 11:54:25:023  电机温度计算完成, 位置标记：0
2020-12-26 11:54:25:027  电机温度计算完成, 位置标记：0
2020-12-26 11:54:25:029  电机温度计算完成, 位置标记：0
2020-12-26 11:54:25:031  电机温度计算完成, 位置标记：0
2020-12-26 11:54:25:033  电机温度计算完成, 位置标记：0
2020-12-26 11:54:25:033  车速为：43.9024位置标记为：0
2020-12-26 11:54:25:073  振动分轮计算完成, 位置标记：0
2020-12-26 11:54:25:261  振动特征值计算完成, 位置标记：0
