2022-08-13 00:48:18:084  本地IP：127.0.0.1
2022-08-13 00:48:18:102  本地端口号：4500
2022-08-13 00:48:18:145  通讯模块设置成功
2022-08-13 00:48:18:163  综合数据盒连接IP：192.168.1.198
2022-08-13 00:48:18:171  正在打开设备...
2022-08-13 00:48:40:542  本地IP：127.0.0.1
2022-08-13 00:48:40:553  本地端口号：4500
2022-08-13 00:48:40:607  通讯模块设置成功
2022-08-13 00:48:40:624  综合数据盒连接IP：192.168.1.198
2022-08-13 00:48:40:626  正在打开设备...
2022-08-13 00:50:48:183  本地IP：127.0.0.1
2022-08-13 00:50:48:194  本地端口号：4500
2022-08-13 00:50:48:248  通讯模块设置成功
2022-08-13 00:50:48:283  综合数据盒连接IP：192.168.1.198
2022-08-13 00:50:48:286  正在打开设备...
2022-08-13 00:51:01:567  正在读取检测数据...
2022-08-13 00:51:09:017  开始处理数据
2022-08-13 00:51:09:326  右侧计算完成
2022-08-13 00:51:09:546  左侧计算完成
2022-08-13 00:51:09:550  检查结果数据
2022-08-13 00:51:09:560  通知桌面显示数据
2022-08-13 00:51:09:603  开始写入数据库
2022-08-13 00:51:09:733  创建连接出现异常，错误代码为：-6
2022-08-13 00:51:09:741  同步采集仪设置异常
2022-08-13 00:51:09:748  采集仪增益设置异常
2022-08-13 00:51:10:004  预警及报警参数加载完成
2022-08-13 00:51:10:006  数据库打开成功
2022-08-13 00:51:10:011  train_info数据表写入成功
2022-08-13 00:51:10:014  train_onlyid读取成功
2022-08-13 00:51:10:018  train_data数据表写入成功
2022-08-13 00:51:10:020  train_fault数据表写入1、1成功
2022-08-13 00:51:10:023  train_fault数据表写入3、1成功
2022-08-13 00:51:10:026  vt_info数据表，第0次写入成功
2022-08-13 00:51:10:029  vt_info数据表，第1次写入成功
2022-08-13 00:51:10:031  vt_info数据表，第2次写入成功
2022-08-13 00:51:10:034  vt_info数据表，第3次写入成功
2022-08-13 00:51:10:037  vt_info数据表，第4次写入成功
2022-08-13 00:51:10:039  vt_info数据表，第5次写入成功
2022-08-13 00:51:10:042  vt_info数据表，第6次写入成功
2022-08-13 00:51:10:044  vt_info数据表，第7次写入成功
2022-08-13 00:51:10:047  vt_info数据表，第8次写入成功
2022-08-13 00:51:10:053  vt_info数据表，第9次写入成功
2022-08-13 00:51:10:056  vt_info数据表，第10次写入成功
2022-08-13 00:51:10:088  vt_info数据表，第11次写入成功
2022-08-13 00:51:10:092  vt_info数据表，第12次写入成功
2022-08-13 00:51:10:095  vt_info数据表，第13次写入成功
2022-08-13 00:51:10:097  vt_info数据表，第14次写入成功
2022-08-13 00:51:10:100  vt_info数据表，第15次写入成功
2022-08-13 00:51:10:104  vt_info数据表，第16次写入成功
2022-08-13 00:51:10:125  vt_info数据表，第17次写入成功
2022-08-13 00:51:10:127  vt_info数据表，第18次写入成功
2022-08-13 00:51:10:129  vt_info数据表，第19次写入成功
2022-08-13 00:51:10:131  vt_info数据表，第20次写入成功
2022-08-13 00:51:10:141  vt_info数据表，第21次写入成功
2022-08-13 00:51:10:262  vt_info数据表，第22次写入成功
2022-08-13 00:51:10:266  vt_info数据表，第23次写入成功
2022-08-13 00:51:10:270  vt_info数据表，第24次写入成功
2022-08-13 00:51:10:276  vt_info数据表，第25次写入成功
2022-08-13 00:51:10:279  vt_info数据表，第26次写入成功
2022-08-13 00:51:10:282  vt_info数据表，第27次写入成功
2022-08-13 00:51:10:284  vt_info数据表，第28次写入成功
2022-08-13 00:51:10:288  vt_info数据表，第29次写入成功
2022-08-13 00:51:10:294  vt_info数据表，第30次写入成功
2022-08-13 00:51:10:296  vt_info数据表，第31次写入成功
2022-08-13 00:51:10:299  vt_info数据表，第32次写入成功
2022-08-13 00:51:10:304  vt_info数据表，第33次写入成功
2022-08-13 00:51:10:307  vt_info数据表，第34次写入成功
2022-08-13 00:51:10:310  vt_info数据表，第35次写入成功
2022-08-13 00:51:10:315  vt_info数据表，第36次写入成功
2022-08-13 00:51:10:317  vt_info数据表，第37次写入成功
2022-08-13 00:51:10:321  vt_info数据表，第38次写入成功
2022-08-13 00:51:10:325  vt_info数据表，第39次写入成功
2022-08-13 00:51:10:328  vt_info数据表，第40次写入成功
2022-08-13 00:51:10:330  vt_info数据表，第41次写入成功
2022-08-13 00:51:10:335  vt_info数据表，第42次写入成功
2022-08-13 00:51:10:338  vt_info数据表，第43次写入成功
2022-08-13 00:51:10:341  vt_info数据表，第44次写入成功
2022-08-13 00:51:10:344  vt_info数据表，第45次写入成功
2022-08-13 00:51:10:347  vt_info数据表，第46次写入成功
2022-08-13 00:51:10:367  vt_info数据表，第47次写入成功
2022-08-13 00:51:10:370  motor_info数据表，第0次写入成功
2022-08-13 00:51:10:374  motor_info数据表，第1次写入成功
2022-08-13 00:51:10:377  motor_info数据表，第2次写入成功
2022-08-13 00:51:10:379  motor_info数据表，第3次写入成功
2022-08-13 00:51:10:383  motor_info数据表，第4次写入成功
2022-08-13 00:51:10:398  motor_info数据表，第5次写入成功
2022-08-13 00:51:10:402  motor_info数据表，第6次写入成功
2022-08-13 00:51:10:404  motor_info数据表，第7次写入成功
2022-08-13 00:51:10:408  motor_info数据表，第8次写入成功
2022-08-13 00:51:10:411  motor_info数据表，第9次写入成功
2022-08-13 00:51:10:413  motor_info数据表，第10次写入成功
2022-08-13 00:51:10:416  motor_info数据表，第11次写入成功
2022-08-13 00:51:10:418  motor_info数据表，第12次写入成功
2022-08-13 00:51:10:420  motor_info数据表，第13次写入成功
2022-08-13 00:51:10:423  motor_info数据表，第14次写入成功
2022-08-13 00:51:10:444  motor_info数据表，第15次写入成功
2022-08-13 00:51:10:448  数据库关闭！
2022-08-13 00:55:11:136  本地IP：127.0.0.1
2022-08-13 00:55:11:147  本地端口号：4500
2022-08-13 00:55:11:233  通讯模块设置成功
2022-08-13 00:55:11:247  综合数据盒连接IP：192.168.1.198
2022-08-13 00:55:11:249  正在打开设备...
2022-08-13 00:55:23:636  正在读取检测数据...
2022-08-13 00:55:23:661  存在数据为空，请检查数据源
2022-08-13 00:55:32:632  创建连接出现异常，错误代码为：-6
2022-08-13 00:55:32:637  同步采集仪设置异常
2022-08-13 00:55:32:641  采集仪增益设置异常
2022-08-13 00:55:48:511  正在读取检测数据...
2022-08-13 00:55:55:073  开始处理数据
2022-08-13 00:55:55:545  右侧计算完成
2022-08-13 00:55:55:939  左侧计算完成
2022-08-13 00:55:55:942  检查结果数据
2022-08-13 00:55:55:944  通知桌面显示数据
2022-08-13 00:55:56:003  开始写入数据库
2022-08-13 00:55:56:310  预警及报警参数加载完成
2022-08-13 00:55:56:313  数据库打开成功
2022-08-13 00:55:56:328  train_info数据表写入成功
2022-08-13 00:55:56:333  train_onlyid读取成功
2022-08-13 00:55:56:337  train_data数据表写入成功
2022-08-13 00:55:56:340  train_fault数据表写入1、1成功
2022-08-13 00:55:56:345  vt_info数据表，第0次写入成功
2022-08-13 00:55:56:347  vt_info数据表，第1次写入成功
2022-08-13 00:55:56:350  vt_info数据表，第2次写入成功
2022-08-13 00:55:56:353  vt_info数据表，第3次写入成功
2022-08-13 00:55:56:355  vt_info数据表，第4次写入成功
2022-08-13 00:55:56:358  vt_info数据表，第5次写入成功
2022-08-13 00:55:56:361  vt_info数据表，第6次写入成功
2022-08-13 00:55:56:370  vt_info数据表，第7次写入成功
2022-08-13 00:55:56:374  vt_info数据表，第8次写入成功
2022-08-13 00:55:56:376  vt_info数据表，第9次写入成功
2022-08-13 00:55:56:379  vt_info数据表，第10次写入成功
2022-08-13 00:55:56:381  vt_info数据表，第11次写入成功
2022-08-13 00:55:56:385  vt_info数据表，第12次写入成功
2022-08-13 00:55:56:387  vt_info数据表，第13次写入成功
2022-08-13 00:55:56:390  vt_info数据表，第14次写入成功
2022-08-13 00:55:56:397  vt_info数据表，第15次写入成功
2022-08-13 00:55:56:401  vt_info数据表，第16次写入成功
2022-08-13 00:55:56:404  vt_info数据表，第17次写入成功
2022-08-13 00:55:56:407  vt_info数据表，第18次写入成功
2022-08-13 00:55:56:528  vt_info数据表，第19次写入成功
2022-08-13 00:55:56:531  vt_info数据表，第20次写入成功
2022-08-13 00:55:56:535  vt_info数据表，第21次写入成功
2022-08-13 00:55:56:538  vt_info数据表，第22次写入成功
2022-08-13 00:55:56:543  vt_info数据表，第23次写入成功
2022-08-13 00:55:56:545  vt_info数据表，第24次写入成功
2022-08-13 00:55:56:548  vt_info数据表，第25次写入成功
2022-08-13 00:55:56:550  vt_info数据表，第26次写入成功
2022-08-13 00:55:56:554  vt_info数据表，第27次写入成功
2022-08-13 00:55:56:556  vt_info数据表，第28次写入成功
2022-08-13 00:55:56:563  vt_info数据表，第29次写入成功
2022-08-13 00:55:56:567  vt_info数据表，第30次写入成功
2022-08-13 00:55:56:571  vt_info数据表，第31次写入成功
2022-08-13 00:55:56:576  vt_info数据表，第32次写入成功
2022-08-13 00:55:56:579  vt_info数据表，第33次写入成功
2022-08-13 00:55:56:583  vt_info数据表，第34次写入成功
2022-08-13 00:55:56:587  vt_info数据表，第35次写入成功
2022-08-13 00:55:56:591  vt_info数据表，第36次写入成功
2022-08-13 00:55:56:598  vt_info数据表，第37次写入成功
2022-08-13 00:55:56:604  vt_info数据表，第38次写入成功
2022-08-13 00:55:56:607  vt_info数据表，第39次写入成功
2022-08-13 00:55:56:612  vt_info数据表，第40次写入成功
2022-08-13 00:55:56:615  vt_info数据表，第41次写入成功
2022-08-13 00:55:56:626  vt_info数据表，第42次写入成功
2022-08-13 00:55:56:634  vt_info数据表，第43次写入成功
2022-08-13 00:55:56:641  vt_info数据表，第44次写入成功
2022-08-13 00:55:56:671  vt_info数据表，第45次写入成功
2022-08-13 00:55:56:676  vt_info数据表，第46次写入成功
2022-08-13 00:55:56:678  vt_info数据表，第47次写入成功
2022-08-13 00:55:56:680  motor_info数据表，第0次写入成功
2022-08-13 00:55:56:695  motor_info数据表，第1次写入成功
2022-08-13 00:55:56:697  motor_info数据表，第2次写入成功
2022-08-13 00:55:56:769  motor_info数据表，第3次写入成功
2022-08-13 00:55:56:773  motor_info数据表，第4次写入成功
2022-08-13 00:55:56:777  motor_info数据表，第5次写入成功
2022-08-13 00:55:56:780  motor_info数据表，第6次写入成功
2022-08-13 00:55:56:783  motor_info数据表，第7次写入成功
2022-08-13 00:55:56:786  motor_info数据表，第8次写入成功
2022-08-13 00:55:56:789  motor_info数据表，第9次写入成功
2022-08-13 00:55:56:793  motor_info数据表，第10次写入成功
2022-08-13 00:55:56:796  motor_info数据表，第11次写入成功
2022-08-13 00:55:56:868  motor_info数据表，第12次写入成功
2022-08-13 00:55:56:984  motor_info数据表，第13次写入成功
2022-08-13 00:55:56:993  motor_info数据表，第14次写入成功
2022-08-13 00:55:56:996  motor_info数据表，第15次写入成功
2022-08-13 00:55:56:999  数据库关闭！
