2020-12-13 19:07:32:231  磁钢信号预处理完成，位置标记：1
2020-12-13 19:07:32:247  温度分轮成功，分轮数尺度为：48
2020-12-13 19:07:32:309  轴承端盖温度特征值计算完成, 位置标记：1
2020-12-13 19:07:32:372  电机温度计算完成, 位置标记：1
2020-12-13 19:07:32:372  电机温度计算完成, 位置标记：1
2020-12-13 19:07:32:387  电机温度计算完成, 位置标记：1
2020-12-13 19:07:32:387  电机温度计算完成, 位置标记：1
2020-12-13 19:07:32:387  电机温度计算完成, 位置标记：1
2020-12-13 19:07:32:387  电机温度计算完成, 位置标记：1
2020-12-13 19:07:32:387  电机温度计算完成, 位置标记：1
2020-12-13 19:07:32:403  电机温度计算完成, 位置标记：1
2020-12-13 19:07:32:403  车速为：36.5402位置标记为：1
2020-12-13 19:07:32:418  振动分轮计算完成, 位置标记：1
2020-12-13 19:07:32:715  振动特征值计算完成, 位置标记：1
2020-12-13 19:07:32:762  磁钢信号预处理完成，位置标记：0
2020-12-13 19:07:32:778  温度分轮成功，分轮数尺度为：48
2020-12-13 19:07:32:840  轴承端盖温度特征值计算完成, 位置标记：0
2020-12-13 19:07:32:903  电机温度计算完成, 位置标记：0
2020-12-13 19:07:32:919  电机温度计算完成, 位置标记：0
2020-12-13 19:07:32:919  电机温度计算完成, 位置标记：0
2020-12-13 19:07:32:919  电机温度计算完成, 位置标记：0
2020-12-13 19:07:32:919  电机温度计算完成, 位置标记：0
2020-12-13 19:07:32:919  电机温度计算完成, 位置标记：0
2020-12-13 19:07:32:934  电机温度计算完成, 位置标记：0
2020-12-13 19:07:32:934  电机温度计算完成, 位置标记：0
2020-12-13 19:07:32:934  车速为：36.5402位置标记为：0
2020-12-13 19:07:32:950  振动分轮计算完成, 位置标记：0
2020-12-13 19:07:33:231  振动特征值计算完成, 位置标记：0
2020-12-13 19:19:21:703  磁钢信号预处理完成，位置标记：1
2020-12-13 19:19:21:718  温度分轮成功，分轮数尺度为：48
2020-12-13 19:19:21:781  轴承端盖温度特征值计算完成, 位置标记：1
2020-12-13 19:19:21:843  电机温度计算完成, 位置标记：1
2020-12-13 19:19:21:843  电机温度计算完成, 位置标记：1
2020-12-13 19:19:21:843  电机温度计算完成, 位置标记：1
2020-12-13 19:19:21:859  电机温度计算完成, 位置标记：1
2020-12-13 19:19:21:859  电机温度计算完成, 位置标记：1
2020-12-13 19:19:21:859  电机温度计算完成, 位置标记：1
2020-12-13 19:19:21:859  电机温度计算完成, 位置标记：1
2020-12-13 19:19:21:859  电机温度计算完成, 位置标记：1
2020-12-13 19:19:21:859  车速为：36.7184位置标记为：1
2020-12-13 19:19:21:890  振动分轮计算完成, 位置标记：1
2020-12-13 19:19:22:171  振动特征值计算完成, 位置标记：1
2020-12-13 19:19:22:234  磁钢信号预处理完成，位置标记：0
2020-12-13 19:19:22:234  温度分轮成功，分轮数尺度为：48
2020-12-13 19:19:22:312  轴承端盖温度特征值计算完成, 位置标记：0
2020-12-13 19:19:22:374  电机温度计算完成, 位置标记：0
2020-12-13 19:19:22:374  电机温度计算完成, 位置标记：0
2020-12-13 19:19:22:374  电机温度计算完成, 位置标记：0
2020-12-13 19:19:22:374  电机温度计算完成, 位置标记：0
2020-12-13 19:19:22:390  电机温度计算完成, 位置标记：0
2020-12-13 19:19:22:390  电机温度计算完成, 位置标记：0
2020-12-13 19:19:22:390  电机温度计算完成, 位置标记：0
2020-12-13 19:19:22:390  电机温度计算完成, 位置标记：0
2020-12-13 19:19:22:390  车速为：36.7184位置标记为：0
2020-12-13 19:19:22:421  振动分轮计算完成, 位置标记：0
2020-12-13 19:19:22:703  振动特征值计算完成, 位置标记：0
2020-12-13 19:31:00:355  磁钢信号预处理完成，位置标记：1
2020-12-13 19:31:00:370  温度分轮成功，分轮数尺度为：48
2020-12-13 19:31:00:433  轴承端盖温度特征值计算完成, 位置标记：1
2020-12-13 19:31:00:495  电机温度计算完成, 位置标记：1
2020-12-13 19:31:00:495  电机温度计算完成, 位置标记：1
2020-12-13 19:31:00:511  电机温度计算完成, 位置标记：1
2020-12-13 19:31:00:511  电机温度计算完成, 位置标记：1
2020-12-13 19:31:00:511  电机温度计算完成, 位置标记：1
2020-12-13 19:31:00:511  电机温度计算完成, 位置标记：1
2020-12-13 19:31:00:511  电机温度计算完成, 位置标记：1
2020-12-13 19:31:00:511  电机温度计算完成, 位置标记：1
2020-12-13 19:31:00:527  车速为：36.524位置标记为：1
2020-12-13 19:31:00:527  振动有效标记位计算异常，位置标记为：1
2020-12-13 19:31:00:589  磁钢信号预处理完成，位置标记：0
2020-12-13 19:31:00:589  温度分轮成功，分轮数尺度为：48
2020-12-13 19:31:00:667  轴承端盖温度特征值计算完成, 位置标记：0
2020-12-13 19:31:00:730  电机温度计算完成, 位置标记：0
2020-12-13 19:31:00:730  电机温度计算完成, 位置标记：0
2020-12-13 19:31:00:730  电机温度计算完成, 位置标记：0
2020-12-13 19:31:00:730  电机温度计算完成, 位置标记：0
2020-12-13 19:31:00:745  电机温度计算完成, 位置标记：0
2020-12-13 19:31:00:745  电机温度计算完成, 位置标记：0
2020-12-13 19:31:00:745  电机温度计算完成, 位置标记：0
2020-12-13 19:31:00:745  电机温度计算完成, 位置标记：0
2020-12-13 19:31:00:745  车速为：36.524位置标记为：0
2020-12-13 19:31:00:761  振动有效标记位计算异常，位置标记为：0
2020-12-13 19:41:47:898  磁钢信号预处理完成，位置标记：1
2020-12-13 19:41:47:898  温度分轮成功，分轮数尺度为：48
2020-12-13 19:41:47:976  轴承端盖温度特征值计算完成, 位置标记：1
2020-12-13 19:41:48:038  电机温度计算完成, 位置标记：1
2020-12-13 19:41:48:038  电机温度计算完成, 位置标记：1
2020-12-13 19:41:48:038  电机温度计算完成, 位置标记：1
2020-12-13 19:41:48:038  电机温度计算完成, 位置标记：1
2020-12-13 19:41:48:038  电机温度计算完成, 位置标记：1
2020-12-13 19:41:48:054  电机温度计算完成, 位置标记：1
2020-12-13 19:41:48:054  电机温度计算完成, 位置标记：1
2020-12-13 19:41:48:054  电机温度计算完成, 位置标记：1
2020-12-13 19:41:48:054  车速为：36.751位置标记为：1
2020-12-13 19:41:48:070  振动分轮计算完成, 位置标记：1
2020-12-13 19:41:48:367  振动特征值计算完成, 位置标记：1
2020-12-13 19:41:48:413  磁钢信号预处理完成，位置标记：0
2020-12-13 19:41:48:429  温度分轮成功，分轮数尺度为：48
2020-12-13 19:41:48:492  轴承端盖温度特征值计算完成, 位置标记：0
2020-12-13 19:41:48:554  电机温度计算完成, 位置标记：0
2020-12-13 19:41:48:570  电机温度计算完成, 位置标记：0
2020-12-13 19:41:48:570  电机温度计算完成, 位置标记：0
2020-12-13 19:41:48:570  电机温度计算完成, 位置标记：0
2020-12-13 19:41:48:570  电机温度计算完成, 位置标记：0
2020-12-13 19:41:48:570  电机温度计算完成, 位置标记：0
2020-12-13 19:41:48:585  电机温度计算完成, 位置标记：0
2020-12-13 19:41:48:585  电机温度计算完成, 位置标记：0
2020-12-13 19:41:48:585  车速为：36.751位置标记为：0
2020-12-13 19:41:48:601  振动分轮计算完成, 位置标记：0
2020-12-13 19:41:48:898  振动特征值计算完成, 位置标记：0
2020-12-13 19:53:23:171  磁钢信号预处理完成，位置标记：1
2020-12-13 19:53:23:187  温度分轮成功，分轮数尺度为：48
2020-12-13 19:53:23:249  轴承端盖温度特征值计算完成, 位置标记：1
2020-12-13 19:53:23:312  电机温度计算完成, 位置标记：1
2020-12-13 19:53:23:312  电机温度计算完成, 位置标记：1
2020-12-13 19:53:23:312  电机温度计算完成, 位置标记：1
2020-12-13 19:53:23:327  电机温度计算完成, 位置标记：1
2020-12-13 19:53:23:327  电机温度计算完成, 位置标记：1
2020-12-13 19:53:23:327  电机温度计算完成, 位置标记：1
2020-12-13 19:53:23:327  电机温度计算完成, 位置标记：1
2020-12-13 19:53:23:327  电机温度计算完成, 位置标记：1
2020-12-13 19:53:23:327  车速为：36.8655位置标记为：1
2020-12-13 19:53:23:358  振动分轮计算完成, 位置标记：1
2020-12-13 19:53:23:640  振动特征值计算完成, 位置标记：1
2020-12-13 19:53:23:702  磁钢信号预处理完成，位置标记：0
2020-12-13 19:53:23:718  温度分轮成功，分轮数尺度为：48
2020-12-13 19:53:23:780  轴承端盖温度特征值计算完成, 位置标记：0
2020-12-13 19:53:23:843  电机温度计算完成, 位置标记：0
2020-12-13 19:53:23:843  电机温度计算完成, 位置标记：0
2020-12-13 19:53:23:843  电机温度计算完成, 位置标记：0
2020-12-13 19:53:23:843  电机温度计算完成, 位置标记：0
2020-12-13 19:53:23:858  电机温度计算完成, 位置标记：0
2020-12-13 19:53:23:858  电机温度计算完成, 位置标记：0
2020-12-13 19:53:23:858  电机温度计算完成, 位置标记：0
2020-12-13 19:53:23:858  电机温度计算完成, 位置标记：0
2020-12-13 19:53:23:858  车速为：36.8655位置标记为：0
2020-12-13 19:53:23:890  振动分轮计算完成, 位置标记：0
2020-12-13 19:53:24:171  振动特征值计算完成, 位置标记：0
