2020-12-10 12:08:43:357  磁钢信号预处理完成，位置标记：1
2020-12-10 12:08:43:372  温度分轮成功，分轮数尺度为：0
2020-12-10 12:08:43:372  m_nAxleMarkG2数据异常，位置标记：1
2020-12-10 12:08:43:372  m_nAxleMarkG2数据不是48个，数据异常，位置标记：1
2020-12-10 12:08:43:372  车速为：inf位置标记为：1
2020-12-10 12:08:43:388  振动有效标记位计算异常，位置标记为：1
2020-12-10 12:08:43:482  磁钢信号预处理完成，位置标记：0
2020-12-10 12:08:43:497  温度分轮成功，分轮数尺度为：0
2020-12-10 12:08:43:497  m_nAxleMarkG2数据异常，位置标记：0
2020-12-10 12:08:43:497  m_nAxleMarkG2数据不是48个，数据异常，位置标记：0
2020-12-10 12:08:43:497  车速为：inf位置标记为：0
2020-12-10 12:08:43:513  振动有效标记位计算异常，位置标记为：0
2020-12-10 12:18:18:673  磁钢信号预处理完成，位置标记：1
2020-12-10 12:18:18:689  温度分轮成功，分轮数尺度为：0
2020-12-10 12:18:18:689  m_nAxleMarkG2数据异常，位置标记：1
2020-12-10 12:18:18:689  m_nAxleMarkG2数据不是48个，数据异常，位置标记：1
2020-12-10 12:18:18:704  车速为：inf位置标记为：1
2020-12-10 12:18:18:720  振动有效标记位计算异常，位置标记为：1
2020-12-10 12:18:18:798  磁钢信号预处理完成，位置标记：0
2020-12-10 12:18:18:814  温度分轮成功，分轮数尺度为：0
2020-12-10 12:18:18:814  m_nAxleMarkG2数据异常，位置标记：0
2020-12-10 12:18:18:814  m_nAxleMarkG2数据不是48个，数据异常，位置标记：0
2020-12-10 12:18:18:829  车速为：inf位置标记为：0
2020-12-10 12:18:18:860  振动有效标记位计算异常，位置标记为：0
2020-12-10 12:27:49:599  磁钢信号预处理完成，位置标记：1
2020-12-10 12:27:49:614  温度分轮成功，分轮数尺度为：0
2020-12-10 12:27:49:614  m_nAxleMarkG2数据异常，位置标记：1
2020-12-10 12:27:49:614  m_nAxleMarkG2数据不是48个，数据异常，位置标记：1
2020-12-10 12:27:49:630  车速为：inf位置标记为：1
2020-12-10 12:27:49:646  振动有效标记位计算异常，位置标记为：1
2020-12-10 12:27:49:708  磁钢信号预处理完成，位置标记：0
2020-12-10 12:27:49:724  温度分轮成功，分轮数尺度为：0
2020-12-10 12:27:49:724  m_nAxleMarkG2数据异常，位置标记：0
2020-12-10 12:27:49:724  m_nAxleMarkG2数据不是48个，数据异常，位置标记：0
2020-12-10 12:27:49:724  车速为：inf位置标记为：0
2020-12-10 12:27:49:739  振动有效标记位计算异常，位置标记为：0
2020-12-10 12:30:36:256  磁钢信号预处理完成，位置标记：1
2020-12-10 12:30:36:272  温度分轮成功，分轮数尺度为：0
2020-12-10 12:30:36:272  m_nAxleMarkG2数据异常，位置标记：1
2020-12-10 12:30:36:272  m_nAxleMarkG2数据不是48个，数据异常，位置标记：1
2020-12-10 12:30:36:272  车速为：inf位置标记为：1
2020-12-10 12:30:36:287  振动有效标记位计算异常，位置标记为：1
2020-12-10 12:30:36:350  磁钢信号预处理完成，位置标记：0
2020-12-10 12:30:36:365  温度分轮成功，分轮数尺度为：0
2020-12-10 12:30:36:365  m_nAxleMarkG2数据异常，位置标记：0
2020-12-10 12:30:36:365  m_nAxleMarkG2数据不是48个，数据异常，位置标记：0
2020-12-10 12:30:36:381  车速为：inf位置标记为：0
2020-12-10 12:30:36:397  振动有效标记位计算异常，位置标记为：0
2020-12-10 12:39:21:525  磁钢信号预处理完成，位置标记：1
2020-12-10 12:39:21:541  温度分轮成功，分轮数尺度为：0
2020-12-10 12:39:21:541  m_nAxleMarkG2数据异常，位置标记：1
2020-12-10 12:39:21:541  m_nAxleMarkG2数据不是48个，数据异常，位置标记：1
2020-12-10 12:39:21:541  车速为：inf位置标记为：1
2020-12-10 12:39:21:556  振动有效标记位计算异常，位置标记为：1
2020-12-10 12:39:21:634  磁钢信号预处理完成，位置标记：0
2020-12-10 12:39:21:650  温度分轮成功，分轮数尺度为：0
2020-12-10 12:39:21:650  m_nAxleMarkG2数据异常，位置标记：0
2020-12-10 12:39:21:650  m_nAxleMarkG2数据不是48个，数据异常，位置标记：0
2020-12-10 12:39:21:650  车速为：inf位置标记为：0
2020-12-10 12:39:21:666  振动有效标记位计算异常，位置标记为：0
2020-12-10 12:48:22:022  磁钢信号预处理完成，位置标记：1
2020-12-10 12:48:22:037  温度分轮成功，分轮数尺度为：0
2020-12-10 12:48:22:037  m_nAxleMarkG2数据异常，位置标记：1
2020-12-10 12:48:22:037  m_nAxleMarkG2数据不是48个，数据异常，位置标记：1
2020-12-10 12:48:22:037  车速为：inf位置标记为：1
2020-12-10 12:48:22:053  振动有效标记位计算异常，位置标记为：1
2020-12-10 12:48:22:131  磁钢信号预处理完成，位置标记：0
2020-12-10 12:48:22:147  温度分轮成功，分轮数尺度为：0
2020-12-10 12:48:22:147  m_nAxleMarkG2数据异常，位置标记：0
2020-12-10 12:48:22:147  m_nAxleMarkG2数据不是48个，数据异常，位置标记：0
2020-12-10 12:48:22:147  车速为：inf位置标记为：0
2020-12-10 12:48:22:162  振动有效标记位计算异常，位置标记为：0
2020-12-10 12:58:01:557  磁钢信号预处理完成，位置标记：1
2020-12-10 12:58:01:573  温度分轮成功，分轮数尺度为：0
2020-12-10 12:58:01:573  m_nAxleMarkG2数据异常，位置标记：1
2020-12-10 12:58:01:573  m_nAxleMarkG2数据不是48个，数据异常，位置标记：1
2020-12-10 12:58:01:573  车速为：inf位置标记为：1
2020-12-10 12:58:01:604  振动有效标记位计算异常，位置标记为：1
2020-12-10 12:58:01:666  磁钢信号预处理完成，位置标记：0
2020-12-10 12:58:01:682  温度分轮成功，分轮数尺度为：0
2020-12-10 12:58:01:682  m_nAxleMarkG2数据异常，位置标记：0
2020-12-10 12:58:01:682  m_nAxleMarkG2数据不是48个，数据异常，位置标记：0
2020-12-10 12:58:01:682  车速为：inf位置标记为：0
2020-12-10 12:58:01:698  振动有效标记位计算异常，位置标记为：0
