2020-12-12 06:04:40:018  磁钢信号预处理完成，位置标记：1
2020-12-12 06:04:40:034  温度分轮成功，分轮数尺度为：48
2020-12-12 06:04:40:096  轴承端盖温度特征值计算完成, 位置标记：1
2020-12-12 06:04:40:159  电机温度计算完成, 位置标记：1
2020-12-12 06:04:40:159  电机温度计算完成, 位置标记：1
2020-12-12 06:04:40:159  电机温度计算完成, 位置标记：1
2020-12-12 06:04:40:175  电机温度计算完成, 位置标记：1
2020-12-12 06:04:40:175  电机温度计算完成, 位置标记：1
2020-12-12 06:04:40:175  电机温度计算完成, 位置标记：1
2020-12-12 06:04:40:175  电机温度计算完成, 位置标记：1
2020-12-12 06:04:40:175  电机温度计算完成, 位置标记：1
2020-12-12 06:04:40:175  车速为：36.6534位置标记为：1
2020-12-12 06:04:40:206  振动分轮计算完成, 位置标记：1
2020-12-12 06:04:40:487  振动特征值计算完成, 位置标记：1
2020-12-12 06:04:40:550  磁钢信号预处理完成，位置标记：0
2020-12-12 06:04:40:565  温度分轮成功，分轮数尺度为：48
2020-12-12 06:04:40:628  轴承端盖温度特征值计算完成, 位置标记：0
2020-12-12 06:04:40:690  电机温度计算完成, 位置标记：0
2020-12-12 06:04:40:690  电机温度计算完成, 位置标记：0
2020-12-12 06:04:40:690  电机温度计算完成, 位置标记：0
2020-12-12 06:04:40:706  电机温度计算完成, 位置标记：0
2020-12-12 06:04:40:706  电机温度计算完成, 位置标记：0
2020-12-12 06:04:40:706  电机温度计算完成, 位置标记：0
2020-12-12 06:04:40:706  电机温度计算完成, 位置标记：0
2020-12-12 06:04:40:706  电机温度计算完成, 位置标记：0
2020-12-12 06:04:40:706  车速为：36.6534位置标记为：0
2020-12-12 06:04:40:737  振动分轮计算完成, 位置标记：0
2020-12-12 06:04:41:018  振动特征值计算完成, 位置标记：0
2020-12-12 06:18:09:794  磁钢信号预处理完成，位置标记：1
2020-12-12 06:18:09:794  温度分轮成功，分轮数尺度为：48
2020-12-12 06:18:09:872  轴承端盖温度特征值计算完成, 位置标记：1
2020-12-12 06:18:09:934  电机温度计算完成, 位置标记：1
2020-12-12 06:18:09:934  电机温度计算完成, 位置标记：1
2020-12-12 06:18:09:934  电机温度计算完成, 位置标记：1
2020-12-12 06:18:09:934  电机温度计算完成, 位置标记：1
2020-12-12 06:18:09:934  电机温度计算完成, 位置标记：1
2020-12-12 06:18:09:950  电机温度计算完成, 位置标记：1
2020-12-12 06:18:09:950  电机温度计算完成, 位置标记：1
2020-12-12 06:18:09:950  电机温度计算完成, 位置标记：1
2020-12-12 06:18:09:950  车速为：36.621位置标记为：1
2020-12-12 06:18:09:981  振动分轮计算完成, 位置标记：1
2020-12-12 06:18:10:262  振动特征值计算完成, 位置标记：1
2020-12-12 06:18:10:325  磁钢信号预处理完成，位置标记：0
2020-12-12 06:18:10:325  温度分轮成功，分轮数尺度为：48
2020-12-12 06:18:10:387  轴承端盖温度特征值计算完成, 位置标记：0
2020-12-12 06:18:10:450  电机温度计算完成, 位置标记：0
2020-12-12 06:18:10:465  电机温度计算完成, 位置标记：0
2020-12-12 06:18:10:465  电机温度计算完成, 位置标记：0
2020-12-12 06:18:10:465  电机温度计算完成, 位置标记：0
2020-12-12 06:18:10:465  电机温度计算完成, 位置标记：0
2020-12-12 06:18:10:465  电机温度计算完成, 位置标记：0
2020-12-12 06:18:10:481  电机温度计算完成, 位置标记：0
2020-12-12 06:18:10:481  电机温度计算完成, 位置标记：0
2020-12-12 06:18:10:481  车速为：36.621位置标记为：0
2020-12-12 06:18:10:497  振动分轮计算完成, 位置标记：0
2020-12-12 06:18:10:794  振动特征值计算完成, 位置标记：0
2020-12-12 06:31:14:665  磁钢信号预处理完成，位置标记：1
2020-12-12 06:31:14:681  温度分轮成功，分轮数尺度为：48
2020-12-12 06:31:14:743  轴承端盖温度特征值计算完成, 位置标记：1
2020-12-12 06:31:14:806  电机温度计算完成, 位置标记：1
2020-12-12 06:31:14:806  电机温度计算完成, 位置标记：1
2020-12-12 06:31:14:806  电机温度计算完成, 位置标记：1
2020-12-12 06:31:14:806  电机温度计算完成, 位置标记：1
2020-12-12 06:31:14:822  电机温度计算完成, 位置标记：1
2020-12-12 06:31:14:822  电机温度计算完成, 位置标记：1
2020-12-12 06:31:14:822  电机温度计算完成, 位置标记：1
2020-12-12 06:31:14:822  电机温度计算完成, 位置标记：1
2020-12-12 06:31:14:822  车速为：36.8655位置标记为：1
2020-12-12 06:31:14:853  振动分轮计算完成, 位置标记：1
2020-12-12 06:31:15:134  振动特征值计算完成, 位置标记：1
2020-12-12 06:31:15:197  磁钢信号预处理完成，位置标记：0
2020-12-12 06:31:15:197  温度分轮成功，分轮数尺度为：48
2020-12-12 06:31:15:259  轴承端盖温度特征值计算完成, 位置标记：0
2020-12-12 06:31:15:322  电机温度计算完成, 位置标记：0
2020-12-12 06:31:15:322  电机温度计算完成, 位置标记：0
2020-12-12 06:31:15:322  电机温度计算完成, 位置标记：0
2020-12-12 06:31:15:337  电机温度计算完成, 位置标记：0
2020-12-12 06:31:15:337  电机温度计算完成, 位置标记：0
2020-12-12 06:31:15:337  电机温度计算完成, 位置标记：0
2020-12-12 06:31:15:337  电机温度计算完成, 位置标记：0
2020-12-12 06:31:15:337  电机温度计算完成, 位置标记：0
2020-12-12 06:31:15:337  车速为：36.8655位置标记为：0
2020-12-12 06:31:15:368  振动分轮计算完成, 位置标记：0
2020-12-12 06:31:15:587  振动特征值计算完成, 位置标记：0
2020-12-12 06:44:05:467  磁钢信号预处理完成，位置标记：1
2020-12-12 06:44:05:467  温度分轮成功，分轮数尺度为：48
2020-12-12 06:44:05:545  轴承端盖温度特征值计算完成, 位置标记：1
2020-12-12 06:44:05:607  电机温度计算完成, 位置标记：1
2020-12-12 06:44:05:607  电机温度计算完成, 位置标记：1
2020-12-12 06:44:05:607  电机温度计算完成, 位置标记：1
2020-12-12 06:44:05:607  电机温度计算完成, 位置标记：1
2020-12-12 06:44:05:607  电机温度计算完成, 位置标记：1
2020-12-12 06:44:05:623  电机温度计算完成, 位置标记：1
2020-12-12 06:44:05:623  电机温度计算完成, 位置标记：1
2020-12-12 06:44:05:623  电机温度计算完成, 位置标记：1
2020-12-12 06:44:05:623  车速为：36.7021位置标记为：1
2020-12-12 06:44:05:639  振动分轮计算完成, 位置标记：1
2020-12-12 06:44:05:935  振动特征值计算完成, 位置标记：1
2020-12-12 06:44:05:982  磁钢信号预处理完成，位置标记：0
2020-12-12 06:44:05:998  温度分轮成功，分轮数尺度为：48
2020-12-12 06:44:06:060  轴承端盖温度特征值计算完成, 位置标记：0
2020-12-12 06:44:06:123  电机温度计算完成, 位置标记：0
2020-12-12 06:44:06:139  电机温度计算完成, 位置标记：0
2020-12-12 06:44:06:139  电机温度计算完成, 位置标记：0
2020-12-12 06:44:06:139  电机温度计算完成, 位置标记：0
2020-12-12 06:44:06:139  电机温度计算完成, 位置标记：0
2020-12-12 06:44:06:139  电机温度计算完成, 位置标记：0
2020-12-12 06:44:06:154  电机温度计算完成, 位置标记：0
2020-12-12 06:44:06:154  电机温度计算完成, 位置标记：0
2020-12-12 06:44:06:154  车速为：36.7021位置标记为：0
2020-12-12 06:44:06:170  振动分轮计算完成, 位置标记：0
2020-12-12 06:44:06:467  振动特征值计算完成, 位置标记：0
2020-12-12 06:55:41:859  磁钢信号预处理完成，位置标记：1
2020-12-12 06:55:41:875  温度分轮成功，分轮数尺度为：48
2020-12-12 06:55:41:937  轴承端盖温度特征值计算完成, 位置标记：1
2020-12-12 06:55:42:000  电机温度计算完成, 位置标记：1
2020-12-12 06:55:42:000  电机温度计算完成, 位置标记：1
2020-12-12 06:55:42:015  电机温度计算完成, 位置标记：1
2020-12-12 06:55:42:015  电机温度计算完成, 位置标记：1
2020-12-12 06:55:42:015  电机温度计算完成, 位置标记：1
2020-12-12 06:55:42:015  电机温度计算完成, 位置标记：1
2020-12-12 06:55:42:015  电机温度计算完成, 位置标记：1
2020-12-12 06:55:42:015  电机温度计算完成, 位置标记：1
2020-12-12 06:55:42:031  车速为：36.7347位置标记为：1
2020-12-12 06:55:42:046  振动分轮计算完成, 位置标记：1
2020-12-12 06:55:42:296  振动特征值计算完成, 位置标记：1
2020-12-12 06:55:42:343  磁钢信号预处理完成，位置标记：0
2020-12-12 06:55:42:359  温度分轮成功，分轮数尺度为：48
2020-12-12 06:55:42:406  轴承端盖温度特征值计算完成, 位置标记：0
2020-12-12 06:55:42:453  电机温度计算完成, 位置标记：0
2020-12-12 06:55:42:453  电机温度计算完成, 位置标记：0
2020-12-12 06:55:42:453  电机温度计算完成, 位置标记：0
2020-12-12 06:55:42:468  电机温度计算完成, 位置标记：0
2020-12-12 06:55:42:468  电机温度计算完成, 位置标记：0
2020-12-12 06:55:42:468  电机温度计算完成, 位置标记：0
2020-12-12 06:55:42:468  电机温度计算完成, 位置标记：0
2020-12-12 06:55:42:468  电机温度计算完成, 位置标记：0
2020-12-12 06:55:42:468  车速为：36.7347位置标记为：0
2020-12-12 06:55:42:500  振动分轮计算完成, 位置标记：0
2020-12-12 06:55:42:781  振动特征值计算完成, 位置标记：0
