2020-12-31 08:04:30:715  磁钢信号预处理完成，位置标记：1
2020-12-31 08:04:30:726  温度分轮成功，分轮数尺度为：48
2020-12-31 08:04:30:738  轴承端盖温度特征值计算完成, 位置标记：1
2020-12-31 08:04:30:746  电机温度计算完成, 位置标记：1
2020-12-31 08:04:30:749  电机温度计算完成, 位置标记：1
2020-12-31 08:04:30:752  电机温度计算完成, 位置标记：1
2020-12-31 08:04:30:756  电机温度计算完成, 位置标记：1
2020-12-31 08:04:30:759  电机温度计算完成, 位置标记：1
2020-12-31 08:04:30:762  电机温度计算完成, 位置标记：1
2020-12-31 08:04:30:765  电机温度计算完成, 位置标记：1
2020-12-31 08:04:30:768  电机温度计算完成, 位置标记：1
2020-12-31 08:04:30:769  车速为：79.4626位置标记为：1
2020-12-31 08:04:30:789  振动分轮计算完成, 位置标记：1
2020-12-31 08:04:31:123  振动特征值计算完成, 位置标记：1
2020-12-31 08:04:31:170  磁钢信号预处理完成，位置标记：0
2020-12-31 08:04:31:181  温度分轮成功，分轮数尺度为：48
2020-12-31 08:04:31:194  轴承端盖温度特征值计算完成, 位置标记：0
2020-12-31 08:04:31:203  电机温度计算完成, 位置标记：0
2020-12-31 08:04:31:206  电机温度计算完成, 位置标记：0
2020-12-31 08:04:31:210  电机温度计算完成, 位置标记：0
2020-12-31 08:04:31:213  电机温度计算完成, 位置标记：0
2020-12-31 08:04:31:216  电机温度计算完成, 位置标记：0
2020-12-31 08:04:31:220  电机温度计算完成, 位置标记：0
2020-12-31 08:04:31:223  电机温度计算完成, 位置标记：0
2020-12-31 08:04:31:227  电机温度计算完成, 位置标记：0
2020-12-31 08:04:31:228  车速为：79.4626位置标记为：0
2020-12-31 08:04:31:248  振动分轮计算完成, 位置标记：0
2020-12-31 08:04:31:579  振动特征值计算完成, 位置标记：0
2020-12-31 08:10:25:967  磁钢信号预处理完成，位置标记：1
2020-12-31 08:10:25:978  温度分轮成功，分轮数尺度为：48
2020-12-31 08:10:25:993  轴承端盖温度特征值计算完成, 位置标记：1
2020-12-31 08:10:26:003  电机温度计算完成, 位置标记：1
2020-12-31 08:10:26:007  电机温度计算完成, 位置标记：1
2020-12-31 08:10:26:010  电机温度计算完成, 位置标记：1
2020-12-31 08:10:26:014  电机温度计算完成, 位置标记：1
2020-12-31 08:10:26:017  电机温度计算完成, 位置标记：1
2020-12-31 08:10:26:021  电机温度计算完成, 位置标记：1
2020-12-31 08:10:26:024  电机温度计算完成, 位置标记：1
2020-12-31 08:10:26:027  电机温度计算完成, 位置标记：1
2020-12-31 08:10:26:028  车速为：67.2624位置标记为：1
2020-12-31 08:10:26:049  振动分轮计算完成, 位置标记：1
2020-12-31 08:10:26:379  振动特征值计算完成, 位置标记：1
2020-12-31 08:10:26:426  磁钢信号预处理完成，位置标记：0
2020-12-31 08:10:26:437  温度分轮成功，分轮数尺度为：48
2020-12-31 08:10:26:452  轴承端盖温度特征值计算完成, 位置标记：0
2020-12-31 08:10:26:463  电机温度计算完成, 位置标记：0
2020-12-31 08:10:26:467  电机温度计算完成, 位置标记：0
2020-12-31 08:10:26:470  电机温度计算完成, 位置标记：0
2020-12-31 08:10:26:473  电机温度计算完成, 位置标记：0
2020-12-31 08:10:26:476  电机温度计算完成, 位置标记：0
2020-12-31 08:10:26:480  电机温度计算完成, 位置标记：0
2020-12-31 08:10:26:483  电机温度计算完成, 位置标记：0
2020-12-31 08:10:26:487  电机温度计算完成, 位置标记：0
2020-12-31 08:10:26:487  车速为：67.2624位置标记为：0
2020-12-31 08:10:26:509  振动分轮计算完成, 位置标记：0
2020-12-31 08:10:26:828  振动特征值计算完成, 位置标记：0
2020-12-31 08:14:27:921  磁钢信号预处理完成，位置标记：1
2020-12-31 08:14:27:932  温度分轮成功，分轮数尺度为：48
2020-12-31 08:14:27:945  轴承端盖温度特征值计算完成, 位置标记：1
2020-12-31 08:14:27:954  电机温度计算完成, 位置标记：1
2020-12-31 08:14:27:958  电机温度计算完成, 位置标记：1
2020-12-31 08:14:27:962  电机温度计算完成, 位置标记：1
2020-12-31 08:14:27:965  电机温度计算完成, 位置标记：1
2020-12-31 08:14:27:969  电机温度计算完成, 位置标记：1
2020-12-31 08:14:27:972  电机温度计算完成, 位置标记：1
2020-12-31 08:14:27:976  电机温度计算完成, 位置标记：1
2020-12-31 08:14:27:980  电机温度计算完成, 位置标记：1
2020-12-31 08:14:27:981  车速为：79.1587位置标记为：1
2020-12-31 08:14:28:002  振动分轮计算完成, 位置标记：1
2020-12-31 08:14:28:337  振动特征值计算完成, 位置标记：1
2020-12-31 08:14:28:385  磁钢信号预处理完成，位置标记：0
2020-12-31 08:14:28:395  温度分轮成功，分轮数尺度为：48
2020-12-31 08:14:28:409  轴承端盖温度特征值计算完成, 位置标记：0
2020-12-31 08:14:28:418  电机温度计算完成, 位置标记：0
2020-12-31 08:14:28:421  电机温度计算完成, 位置标记：0
2020-12-31 08:14:28:425  电机温度计算完成, 位置标记：0
2020-12-31 08:14:28:428  电机温度计算完成, 位置标记：0
2020-12-31 08:14:28:432  电机温度计算完成, 位置标记：0
2020-12-31 08:14:28:435  电机温度计算完成, 位置标记：0
2020-12-31 08:14:28:439  电机温度计算完成, 位置标记：0
2020-12-31 08:14:28:443  电机温度计算完成, 位置标记：0
2020-12-31 08:14:28:443  车速为：79.1587位置标记为：0
2020-12-31 08:14:28:465  振动分轮计算完成, 位置标记：0
2020-12-31 08:14:28:800  振动特征值计算完成, 位置标记：0
2020-12-31 08:20:44:041  磁钢信号预处理完成，位置标记：1
2020-12-31 08:20:44:052  温度分轮成功，分轮数尺度为：48
2020-12-31 08:20:44:066  轴承端盖温度特征值计算完成, 位置标记：1
2020-12-31 08:20:44:075  电机温度计算完成, 位置标记：1
2020-12-31 08:20:44:079  电机温度计算完成, 位置标记：1
2020-12-31 08:20:44:082  电机温度计算完成, 位置标记：1
2020-12-31 08:20:44:086  电机温度计算完成, 位置标记：1
2020-12-31 08:20:44:089  电机温度计算完成, 位置标记：1
2020-12-31 08:20:44:093  电机温度计算完成, 位置标记：1
2020-12-31 08:20:44:096  电机温度计算完成, 位置标记：1
2020-12-31 08:20:44:100  电机温度计算完成, 位置标记：1
2020-12-31 08:20:44:101  车速为：79.1587位置标记为：1
2020-12-31 08:20:44:122  振动分轮计算完成, 位置标记：1
2020-12-31 08:20:44:455  振动特征值计算完成, 位置标记：1
2020-12-31 08:20:44:502  磁钢信号预处理完成，位置标记：0
2020-12-31 08:20:44:513  温度分轮成功，分轮数尺度为：48
2020-12-31 08:20:44:527  轴承端盖温度特征值计算完成, 位置标记：0
2020-12-31 08:20:44:536  电机温度计算完成, 位置标记：0
2020-12-31 08:20:44:540  电机温度计算完成, 位置标记：0
2020-12-31 08:20:44:543  电机温度计算完成, 位置标记：0
2020-12-31 08:20:44:547  电机温度计算完成, 位置标记：0
2020-12-31 08:20:44:550  电机温度计算完成, 位置标记：0
2020-12-31 08:20:44:554  电机温度计算完成, 位置标记：0
2020-12-31 08:20:44:557  电机温度计算完成, 位置标记：0
2020-12-31 08:20:44:561  电机温度计算完成, 位置标记：0
2020-12-31 08:20:44:561  车速为：79.1587位置标记为：0
2020-12-31 08:20:44:583  振动分轮计算完成, 位置标记：0
2020-12-31 08:20:44:919  振动特征值计算完成, 位置标记：0
2020-12-31 08:28:37:364  磁钢信号预处理完成，位置标记：1
2020-12-31 08:28:37:375  温度分轮成功，分轮数尺度为：48
2020-12-31 08:28:37:388  轴承端盖温度特征值计算完成, 位置标记：1
2020-12-31 08:28:37:397  电机温度计算完成, 位置标记：1
2020-12-31 08:28:37:400  电机温度计算完成, 位置标记：1
2020-12-31 08:28:37:404  电机温度计算完成, 位置标记：1
2020-12-31 08:28:37:408  电机温度计算完成, 位置标记：1
2020-12-31 08:28:37:411  电机温度计算完成, 位置标记：1
2020-12-31 08:28:37:415  电机温度计算完成, 位置标记：1
2020-12-31 08:28:37:418  电机温度计算完成, 位置标记：1
2020-12-31 08:28:37:422  电机温度计算完成, 位置标记：1
2020-12-31 08:28:37:423  车速为：79.2344位置标记为：1
2020-12-31 08:28:37:443  振动分轮计算完成, 位置标记：1
2020-12-31 08:28:37:772  振动特征值计算完成, 位置标记：1
2020-12-31 08:28:37:820  磁钢信号预处理完成，位置标记：0
2020-12-31 08:28:37:831  温度分轮成功，分轮数尺度为：48
2020-12-31 08:28:37:844  轴承端盖温度特征值计算完成, 位置标记：0
2020-12-31 08:28:37:852  电机温度计算完成, 位置标记：0
2020-12-31 08:28:37:856  电机温度计算完成, 位置标记：0
2020-12-31 08:28:37:860  电机温度计算完成, 位置标记：0
2020-12-31 08:28:37:863  电机温度计算完成, 位置标记：0
2020-12-31 08:28:37:866  电机温度计算完成, 位置标记：0
2020-12-31 08:28:37:870  电机温度计算完成, 位置标记：0
2020-12-31 08:28:37:873  电机温度计算完成, 位置标记：0
2020-12-31 08:28:37:877  电机温度计算完成, 位置标记：0
2020-12-31 08:28:37:877  车速为：79.2344位置标记为：0
2020-12-31 08:28:37:898  振动分轮计算完成, 位置标记：0
2020-12-31 08:28:38:235  振动特征值计算完成, 位置标记：0
2020-12-31 08:36:15:442  磁钢信号预处理完成，位置标记：1
2020-12-31 08:36:15:453  温度分轮成功，分轮数尺度为：48
2020-12-31 08:36:15:467  轴承端盖温度特征值计算完成, 位置标记：1
2020-12-31 08:36:15:477  电机温度计算完成, 位置标记：1
2020-12-31 08:36:15:480  电机温度计算完成, 位置标记：1
2020-12-31 08:36:15:484  电机温度计算完成, 位置标记：1
2020-12-31 08:36:15:487  电机温度计算完成, 位置标记：1
2020-12-31 08:36:15:491  电机温度计算完成, 位置标记：1
2020-12-31 08:36:15:494  电机温度计算完成, 位置标记：1
2020-12-31 08:36:15:498  电机温度计算完成, 位置标记：1
2020-12-31 08:36:15:501  电机温度计算完成, 位置标记：1
2020-12-31 08:36:15:502  车速为：79.3103位置标记为：1
2020-12-31 08:36:15:523  振动分轮计算完成, 位置标记：1
2020-12-31 08:36:15:858  振动特征值计算完成, 位置标记：1
2020-12-31 08:36:15:904  磁钢信号预处理完成，位置标记：0
2020-12-31 08:36:15:915  温度分轮成功，分轮数尺度为：48
2020-12-31 08:36:15:929  轴承端盖温度特征值计算完成, 位置标记：0
2020-12-31 08:36:15:939  电机温度计算完成, 位置标记：0
2020-12-31 08:36:15:943  电机温度计算完成, 位置标记：0
2020-12-31 08:36:15:946  电机温度计算完成, 位置标记：0
2020-12-31 08:36:15:950  电机温度计算完成, 位置标记：0
2020-12-31 08:36:15:954  电机温度计算完成, 位置标记：0
2020-12-31 08:36:15:957  电机温度计算完成, 位置标记：0
2020-12-31 08:36:15:960  电机温度计算完成, 位置标记：0
2020-12-31 08:36:15:965  电机温度计算完成, 位置标记：0
2020-12-31 08:36:15:966  车速为：79.3103位置标记为：0
2020-12-31 08:36:15:987  振动分轮计算完成, 位置标记：0
2020-12-31 08:36:16:319  振动特征值计算完成, 位置标记：0
2020-12-31 08:41:46:138  磁钢信号预处理完成，位置标记：1
2020-12-31 08:41:46:149  温度分轮成功，分轮数尺度为：48
2020-12-31 08:41:46:164  轴承端盖温度特征值计算完成, 位置标记：1
2020-12-31 08:41:46:175  电机温度计算完成, 位置标记：1
2020-12-31 08:41:46:178  电机温度计算完成, 位置标记：1
2020-12-31 08:41:46:182  电机温度计算完成, 位置标记：1
2020-12-31 08:41:46:185  电机温度计算完成, 位置标记：1
2020-12-31 08:41:46:188  电机温度计算完成, 位置标记：1
2020-12-31 08:41:46:192  电机温度计算完成, 位置标记：1
2020-12-31 08:41:46:195  电机温度计算完成, 位置标记：1
2020-12-31 08:41:46:199  电机温度计算完成, 位置标记：1
2020-12-31 08:41:46:200  车速为：68.1481位置标记为：1
2020-12-31 08:41:46:221  振动分轮计算完成, 位置标记：1
2020-12-31 08:41:46:557  振动特征值计算完成, 位置标记：1
2020-12-31 08:41:46:604  磁钢信号预处理完成，位置标记：0
2020-12-31 08:41:46:615  温度分轮成功，分轮数尺度为：48
2020-12-31 08:41:46:630  轴承端盖温度特征值计算完成, 位置标记：0
2020-12-31 08:41:46:640  电机温度计算完成, 位置标记：0
2020-12-31 08:41:46:644  电机温度计算完成, 位置标记：0
2020-12-31 08:41:46:647  电机温度计算完成, 位置标记：0
2020-12-31 08:41:46:651  电机温度计算完成, 位置标记：0
2020-12-31 08:41:46:654  电机温度计算完成, 位置标记：0
2020-12-31 08:41:46:657  电机温度计算完成, 位置标记：0
2020-12-31 08:41:46:661  电机温度计算完成, 位置标记：0
2020-12-31 08:41:46:664  电机温度计算完成, 位置标记：0
2020-12-31 08:41:46:665  车速为：68.1481位置标记为：0
2020-12-31 08:41:46:686  振动分轮计算完成, 位置标记：0
2020-12-31 08:41:47:023  振动特征值计算完成, 位置标记：0
2020-12-31 08:45:30:278  磁钢信号预处理完成，位置标记：1
2020-12-31 08:45:30:289  温度分轮成功，分轮数尺度为：48
2020-12-31 08:45:30:302  轴承端盖温度特征值计算完成, 位置标记：1
2020-12-31 08:45:30:311  电机温度计算完成, 位置标记：1
2020-12-31 08:45:30:314  电机温度计算完成, 位置标记：1
2020-12-31 08:45:30:318  电机温度计算完成, 位置标记：1
2020-12-31 08:45:30:322  电机温度计算完成, 位置标记：1
2020-12-31 08:45:30:325  电机温度计算完成, 位置标记：1
2020-12-31 08:45:30:329  电机温度计算完成, 位置标记：1
2020-12-31 08:45:30:333  电机温度计算完成, 位置标记：1
2020-12-31 08:45:30:337  电机温度计算完成, 位置标记：1
2020-12-31 08:45:30:338  车速为：79.2344位置标记为：1
2020-12-31 08:45:30:359  振动分轮计算完成, 位置标记：1
2020-12-31 08:45:30:694  振动特征值计算完成, 位置标记：1
2020-12-31 08:45:30:741  磁钢信号预处理完成，位置标记：0
2020-12-31 08:45:30:752  温度分轮成功，分轮数尺度为：48
2020-12-31 08:45:30:765  轴承端盖温度特征值计算完成, 位置标记：0
2020-12-31 08:45:30:773  电机温度计算完成, 位置标记：0
2020-12-31 08:45:30:777  电机温度计算完成, 位置标记：0
2020-12-31 08:45:30:780  电机温度计算完成, 位置标记：0
2020-12-31 08:45:30:784  电机温度计算完成, 位置标记：0
2020-12-31 08:45:30:787  电机温度计算完成, 位置标记：0
2020-12-31 08:45:30:791  电机温度计算完成, 位置标记：0
2020-12-31 08:45:30:794  电机温度计算完成, 位置标记：0
2020-12-31 08:45:30:798  电机温度计算完成, 位置标记：0
2020-12-31 08:45:30:799  车速为：79.2344位置标记为：0
2020-12-31 08:45:30:820  振动分轮计算完成, 位置标记：0
2020-12-31 08:45:31:155  振动特征值计算完成, 位置标记：0
2020-12-31 08:52:22:895  磁钢信号预处理完成，位置标记：1
2020-12-31 08:52:22:906  温度分轮成功，分轮数尺度为：48
2020-12-31 08:52:22:919  轴承端盖温度特征值计算完成, 位置标记：1
2020-12-31 08:52:22:928  电机温度计算完成, 位置标记：1
2020-12-31 08:52:22:931  电机温度计算完成, 位置标记：1
2020-12-31 08:52:22:935  电机温度计算完成, 位置标记：1
2020-12-31 08:52:22:938  电机温度计算完成, 位置标记：1
2020-12-31 08:52:22:942  电机温度计算完成, 位置标记：1
2020-12-31 08:52:22:945  电机温度计算完成, 位置标记：1
2020-12-31 08:52:22:949  电机温度计算完成, 位置标记：1
2020-12-31 08:52:22:953  电机温度计算完成, 位置标记：1
2020-12-31 08:52:22:953  车速为：79.3103位置标记为：1
2020-12-31 08:52:22:974  振动分轮计算完成, 位置标记：1
2020-12-31 08:52:23:308  振动特征值计算完成, 位置标记：1
2020-12-31 08:52:23:355  磁钢信号预处理完成，位置标记：0
2020-12-31 08:52:23:366  温度分轮成功，分轮数尺度为：48
2020-12-31 08:52:23:379  轴承端盖温度特征值计算完成, 位置标记：0
2020-12-31 08:52:23:388  电机温度计算完成, 位置标记：0
2020-12-31 08:52:23:392  电机温度计算完成, 位置标记：0
2020-12-31 08:52:23:395  电机温度计算完成, 位置标记：0
2020-12-31 08:52:23:399  电机温度计算完成, 位置标记：0
2020-12-31 08:52:23:402  电机温度计算完成, 位置标记：0
2020-12-31 08:52:23:406  电机温度计算完成, 位置标记：0
2020-12-31 08:52:23:409  电机温度计算完成, 位置标记：0
2020-12-31 08:52:23:413  电机温度计算完成, 位置标记：0
2020-12-31 08:52:23:413  车速为：79.3103位置标记为：0
2020-12-31 08:52:23:435  振动分轮计算完成, 位置标记：0
2020-12-31 08:52:23:770  振动特征值计算完成, 位置标记：0
