2020-12-23 18:04:53:650  磁钢信号预处理完成，位置标记：1
2020-12-23 18:04:53:660  温度分轮成功，分轮数尺度为：48
2020-12-23 18:04:53:712  轴承端盖温度特征值计算完成, 位置标记：1
2020-12-23 18:04:53:763  电机温度计算完成, 位置标记：1
2020-12-23 18:04:53:765  电机温度计算完成, 位置标记：1
2020-12-23 18:04:53:768  电机温度计算完成, 位置标记：1
2020-12-23 18:04:53:770  电机温度计算完成, 位置标记：1
2020-12-23 18:04:53:773  电机温度计算完成, 位置标记：1
2020-12-23 18:04:53:776  电机温度计算完成, 位置标记：1
2020-12-23 18:04:53:778  电机温度计算完成, 位置标记：1
2020-12-23 18:04:53:780  电机温度计算完成, 位置标记：1
2020-12-23 18:04:53:782  车速为：36.6534位置标记为：1
2020-12-23 18:04:53:800  振动分轮计算完成, 位置标记：1
2020-12-23 18:04:54:017  振动特征值计算完成, 位置标记：1
2020-12-23 18:04:54:058  磁钢信号预处理完成，位置标记：0
2020-12-23 18:04:54:070  温度分轮成功，分轮数尺度为：48
2020-12-23 18:04:54:130  轴承端盖温度特征值计算完成, 位置标记：0
2020-12-23 18:04:54:186  电机温度计算完成, 位置标记：0
2020-12-23 18:04:54:189  电机温度计算完成, 位置标记：0
2020-12-23 18:04:54:192  电机温度计算完成, 位置标记：0
2020-12-23 18:04:54:195  电机温度计算完成, 位置标记：0
2020-12-23 18:04:54:197  电机温度计算完成, 位置标记：0
2020-12-23 18:04:54:200  电机温度计算完成, 位置标记：0
2020-12-23 18:04:54:202  电机温度计算完成, 位置标记：0
2020-12-23 18:04:54:205  电机温度计算完成, 位置标记：0
2020-12-23 18:04:54:206  车速为：36.6534位置标记为：0
2020-12-23 18:04:54:226  振动分轮计算完成, 位置标记：0
2020-12-23 18:04:54:450  振动特征值计算完成, 位置标记：0
2020-12-23 18:14:26:344  磁钢信号预处理完成，位置标记：1
2020-12-23 18:14:26:356  温度分轮成功，分轮数尺度为：48
2020-12-23 18:14:26:415  轴承端盖温度特征值计算完成, 位置标记：1
2020-12-23 18:14:26:479  电机温度计算完成, 位置标记：1
2020-12-23 18:14:26:483  电机温度计算完成, 位置标记：1
2020-12-23 18:14:26:486  电机温度计算完成, 位置标记：1
2020-12-23 18:14:26:489  电机温度计算完成, 位置标记：1
2020-12-23 18:14:26:491  电机温度计算完成, 位置标记：1
2020-12-23 18:14:26:493  电机温度计算完成, 位置标记：1
2020-12-23 18:14:26:495  电机温度计算完成, 位置标记：1
2020-12-23 18:14:26:496  电机温度计算完成, 位置标记：1
2020-12-23 18:14:26:498  车速为：36.5563位置标记为：1
2020-12-23 18:14:26:514  振动分轮计算完成, 位置标记：1
2020-12-23 18:14:26:721  振动特征值计算完成, 位置标记：1
2020-12-23 18:14:26:767  磁钢信号预处理完成，位置标记：0
2020-12-23 18:14:26:777  温度分轮成功，分轮数尺度为：48
2020-12-23 18:14:26:829  轴承端盖温度特征值计算完成, 位置标记：0
2020-12-23 18:14:26:878  电机温度计算完成, 位置标记：0
2020-12-23 18:14:26:880  电机温度计算完成, 位置标记：0
2020-12-23 18:14:26:883  电机温度计算完成, 位置标记：0
2020-12-23 18:14:26:885  电机温度计算完成, 位置标记：0
2020-12-23 18:14:26:888  电机温度计算完成, 位置标记：0
2020-12-23 18:14:26:890  电机温度计算完成, 位置标记：0
2020-12-23 18:14:26:893  电机温度计算完成, 位置标记：0
2020-12-23 18:14:26:895  电机温度计算完成, 位置标记：0
2020-12-23 18:14:26:897  车速为：36.5563位置标记为：0
2020-12-23 18:14:26:913  振动分轮计算完成, 位置标记：0
2020-12-23 18:14:27:116  振动特征值计算完成, 位置标记：0
2020-12-23 18:24:56:931  磁钢信号预处理完成，位置标记：1
2020-12-23 18:24:56:940  温度分轮成功，分轮数尺度为：48
2020-12-23 18:24:56:989  轴承端盖温度特征值计算完成, 位置标记：1
2020-12-23 18:24:57:037  电机温度计算完成, 位置标记：1
2020-12-23 18:24:57:039  电机温度计算完成, 位置标记：1
2020-12-23 18:24:57:042  电机温度计算完成, 位置标记：1
2020-12-23 18:24:57:045  电机温度计算完成, 位置标记：1
2020-12-23 18:24:57:048  电机温度计算完成, 位置标记：1
2020-12-23 18:24:57:051  电机温度计算完成, 位置标记：1
2020-12-23 18:24:57:053  电机温度计算完成, 位置标记：1
2020-12-23 18:24:57:055  电机温度计算完成, 位置标记：1
2020-12-23 18:24:57:056  车速为：36.7673位置标记为：1
2020-12-23 18:24:57:073  振动分轮计算完成, 位置标记：1
2020-12-23 18:24:57:275  振动特征值计算完成, 位置标记：1
2020-12-23 18:24:57:319  磁钢信号预处理完成，位置标记：0
2020-12-23 18:24:57:330  温度分轮成功，分轮数尺度为：48
2020-12-23 18:24:57:386  轴承端盖温度特征值计算完成, 位置标记：0
2020-12-23 18:24:57:444  电机温度计算完成, 位置标记：0
2020-12-23 18:24:57:447  电机温度计算完成, 位置标记：0
2020-12-23 18:24:57:450  电机温度计算完成, 位置标记：0
2020-12-23 18:24:57:453  电机温度计算完成, 位置标记：0
2020-12-23 18:24:57:456  电机温度计算完成, 位置标记：0
2020-12-23 18:24:57:459  电机温度计算完成, 位置标记：0
2020-12-23 18:24:57:462  电机温度计算完成, 位置标记：0
2020-12-23 18:24:57:465  电机温度计算完成, 位置标记：0
2020-12-23 18:24:57:467  车速为：36.7673位置标记为：0
2020-12-23 18:24:57:489  振动分轮计算完成, 位置标记：0
2020-12-23 18:24:57:768  振动特征值计算完成, 位置标记：0
2020-12-23 18:35:04:648  磁钢信号预处理完成，位置标记：1
2020-12-23 18:35:04:661  温度分轮成功，分轮数尺度为：48
2020-12-23 18:35:04:727  轴承端盖温度特征值计算完成, 位置标记：1
2020-12-23 18:35:04:790  电机温度计算完成, 位置标记：1
2020-12-23 18:35:04:793  电机温度计算完成, 位置标记：1
2020-12-23 18:35:04:796  电机温度计算完成, 位置标记：1
2020-12-23 18:35:04:799  电机温度计算完成, 位置标记：1
2020-12-23 18:35:04:802  电机温度计算完成, 位置标记：1
2020-12-23 18:35:04:804  电机温度计算完成, 位置标记：1
2020-12-23 18:35:04:806  电机温度计算完成, 位置标记：1
2020-12-23 18:35:04:809  电机温度计算完成, 位置标记：1
2020-12-23 18:35:04:810  车速为：36.621位置标记为：1
2020-12-23 18:35:04:829  振动分轮计算完成, 位置标记：1
2020-12-23 18:35:05:051  振动特征值计算完成, 位置标记：1
2020-12-23 18:35:05:092  磁钢信号预处理完成，位置标记：0
2020-12-23 18:35:05:101  温度分轮成功，分轮数尺度为：48
2020-12-23 18:35:05:147  轴承端盖温度特征值计算完成, 位置标记：0
2020-12-23 18:35:05:197  电机温度计算完成, 位置标记：0
2020-12-23 18:35:05:200  电机温度计算完成, 位置标记：0
2020-12-23 18:35:05:203  电机温度计算完成, 位置标记：0
2020-12-23 18:35:05:205  电机温度计算完成, 位置标记：0
2020-12-23 18:35:05:207  电机温度计算完成, 位置标记：0
2020-12-23 18:35:05:210  电机温度计算完成, 位置标记：0
2020-12-23 18:35:05:212  电机温度计算完成, 位置标记：0
2020-12-23 18:35:05:214  电机温度计算完成, 位置标记：0
2020-12-23 18:35:05:215  车速为：36.621位置标记为：0
2020-12-23 18:35:05:234  振动分轮计算完成, 位置标记：0
2020-12-23 18:35:05:500  振动特征值计算完成, 位置标记：0
2020-12-23 18:44:54:591  磁钢信号预处理完成，位置标记：1
2020-12-23 18:44:54:603  温度分轮成功，分轮数尺度为：48
2020-12-23 18:44:54:664  轴承端盖温度特征值计算完成, 位置标记：1
2020-12-23 18:44:54:720  电机温度计算完成, 位置标记：1
2020-12-23 18:44:54:723  电机温度计算完成, 位置标记：1
2020-12-23 18:44:54:727  电机温度计算完成, 位置标记：1
2020-12-23 18:44:54:729  电机温度计算完成, 位置标记：1
2020-12-23 18:44:54:732  电机温度计算完成, 位置标记：1
2020-12-23 18:44:54:734  电机温度计算完成, 位置标记：1
2020-12-23 18:44:54:736  电机温度计算完成, 位置标记：1
2020-12-23 18:44:54:739  电机温度计算完成, 位置标记：1
2020-12-23 18:44:54:740  车速为：36.5563位置标记为：1
2020-12-23 18:44:54:760  振动分轮计算完成, 位置标记：1
2020-12-23 18:44:55:017  振动特征值计算完成, 位置标记：1
2020-12-23 18:44:55:072  磁钢信号预处理完成，位置标记：0
2020-12-23 18:44:55:084  温度分轮成功，分轮数尺度为：48
2020-12-23 18:44:55:153  轴承端盖温度特征值计算完成, 位置标记：0
2020-12-23 18:44:55:218  电机温度计算完成, 位置标记：0
2020-12-23 18:44:55:221  电机温度计算完成, 位置标记：0
2020-12-23 18:44:55:224  电机温度计算完成, 位置标记：0
2020-12-23 18:44:55:226  电机温度计算完成, 位置标记：0
2020-12-23 18:44:55:229  电机温度计算完成, 位置标记：0
2020-12-23 18:44:55:232  电机温度计算完成, 位置标记：0
2020-12-23 18:44:55:234  电机温度计算完成, 位置标记：0
2020-12-23 18:44:55:237  电机温度计算完成, 位置标记：0
2020-12-23 18:44:55:238  车速为：36.5563位置标记为：0
2020-12-23 18:44:55:260  振动分轮计算完成, 位置标记：0
2020-12-23 18:44:55:537  振动特征值计算完成, 位置标记：0
2020-12-23 18:54:43:012  磁钢信号预处理完成，位置标记：1
2020-12-23 18:54:43:023  温度分轮成功，分轮数尺度为：48
2020-12-23 18:54:43:081  轴承端盖温度特征值计算完成, 位置标记：1
2020-12-23 18:54:43:135  电机温度计算完成, 位置标记：1
2020-12-23 18:54:43:138  电机温度计算完成, 位置标记：1
2020-12-23 18:54:43:140  电机温度计算完成, 位置标记：1
2020-12-23 18:54:43:143  电机温度计算完成, 位置标记：1
2020-12-23 18:54:43:145  电机温度计算完成, 位置标记：1
2020-12-23 18:54:43:147  电机温度计算完成, 位置标记：1
2020-12-23 18:54:43:150  电机温度计算完成, 位置标记：1
2020-12-23 18:54:43:152  电机温度计算完成, 位置标记：1
2020-12-23 18:54:43:153  车速为：36.6048位置标记为：1
2020-12-23 18:54:43:172  振动分轮计算完成, 位置标记：1
2020-12-23 18:54:43:388  振动特征值计算完成, 位置标记：1
2020-12-23 18:54:43:436  磁钢信号预处理完成，位置标记：0
2020-12-23 18:54:43:447  温度分轮成功，分轮数尺度为：48
2020-12-23 18:54:43:506  轴承端盖温度特征值计算完成, 位置标记：0
2020-12-23 18:54:43:562  电机温度计算完成, 位置标记：0
2020-12-23 18:54:43:565  电机温度计算完成, 位置标记：0
2020-12-23 18:54:43:567  电机温度计算完成, 位置标记：0
2020-12-23 18:54:43:570  电机温度计算完成, 位置标记：0
2020-12-23 18:54:43:573  电机温度计算完成, 位置标记：0
2020-12-23 18:54:43:576  电机温度计算完成, 位置标记：0
2020-12-23 18:54:43:578  电机温度计算完成, 位置标记：0
2020-12-23 18:54:43:580  电机温度计算完成, 位置标记：0
2020-12-23 18:54:43:582  车速为：36.6048位置标记为：0
2020-12-23 18:54:43:602  振动分轮计算完成, 位置标记：0
2020-12-23 18:54:43:827  振动特征值计算完成, 位置标记：0
