2020-12-21 08:08:27:073  磁钢信号预处理完成，位置标记：1
2020-12-21 08:08:27:117  温度分轮成功，分轮数尺度为：0
2020-12-21 08:08:27:118  m_nAxleMarkG2数据异常，位置标记：1
2020-12-21 08:08:27:119  m_nAxleMarkG2数据不是48个，数据异常，位置标记：1
2020-12-21 08:08:27:135  车速为：inf位置标记为：1
2020-12-21 08:08:27:190  振动有效标记位计算异常，位置标记为：1
2020-12-21 08:08:27:470  磁钢信号预处理完成，位置标记：0
2020-12-21 08:08:27:532  温度分轮成功，分轮数尺度为：0
2020-12-21 08:08:27:533  m_nAxleMarkG2数据异常，位置标记：0
2020-12-21 08:08:27:533  m_nAxleMarkG2数据不是48个，数据异常，位置标记：0
2020-12-21 08:08:27:552  车速为：inf位置标记为：0
2020-12-21 08:08:27:611  振动有效标记位计算异常，位置标记为：0
2020-12-21 08:19:30:870  磁钢信号预处理完成，位置标记：1
2020-12-21 08:19:30:934  温度分轮成功，分轮数尺度为：0
2020-12-21 08:19:30:935  m_nAxleMarkG2数据异常，位置标记：1
2020-12-21 08:19:30:936  m_nAxleMarkG2数据不是48个，数据异常，位置标记：1
2020-12-21 08:19:30:956  车速为：inf位置标记为：1
2020-12-21 08:19:31:019  振动有效标记位计算异常，位置标记为：1
2020-12-21 08:19:31:306  磁钢信号预处理完成，位置标记：0
2020-12-21 08:19:31:372  温度分轮成功，分轮数尺度为：0
2020-12-21 08:19:31:373  m_nAxleMarkG2数据异常，位置标记：0
2020-12-21 08:19:31:373  m_nAxleMarkG2数据不是48个，数据异常，位置标记：0
2020-12-21 08:19:31:393  车速为：inf位置标记为：0
2020-12-21 08:19:31:455  振动有效标记位计算异常，位置标记为：0
2020-12-21 08:28:15:564  磁钢信号预处理完成，位置标记：1
2020-12-21 08:28:15:629  温度分轮成功，分轮数尺度为：0
2020-12-21 08:28:15:630  m_nAxleMarkG2数据异常，位置标记：1
2020-12-21 08:28:15:630  m_nAxleMarkG2数据不是48个，数据异常，位置标记：1
2020-12-21 08:28:15:650  车速为：inf位置标记为：1
2020-12-21 08:28:15:710  振动有效标记位计算异常，位置标记为：1
2020-12-21 08:28:15:991  磁钢信号预处理完成，位置标记：0
2020-12-21 08:28:16:055  温度分轮成功，分轮数尺度为：0
2020-12-21 08:28:16:055  m_nAxleMarkG2数据异常，位置标记：0
2020-12-21 08:28:16:056  m_nAxleMarkG2数据不是48个，数据异常，位置标记：0
2020-12-21 08:28:16:076  车速为：inf位置标记为：0
2020-12-21 08:28:16:136  振动有效标记位计算异常，位置标记为：0
2020-12-21 08:38:37:138  磁钢信号预处理完成，位置标记：1
2020-12-21 08:38:37:202  温度分轮成功，分轮数尺度为：0
2020-12-21 08:38:37:203  m_nAxleMarkG2数据异常，位置标记：1
2020-12-21 08:38:37:204  m_nAxleMarkG2数据不是48个，数据异常，位置标记：1
2020-12-21 08:38:37:225  车速为：inf位置标记为：1
2020-12-21 08:38:37:286  振动有效标记位计算异常，位置标记为：1
2020-12-21 08:38:37:579  磁钢信号预处理完成，位置标记：0
2020-12-21 08:38:37:642  温度分轮成功，分轮数尺度为：0
2020-12-21 08:38:37:643  m_nAxleMarkG2数据异常，位置标记：0
2020-12-21 08:38:37:644  m_nAxleMarkG2数据不是48个，数据异常，位置标记：0
2020-12-21 08:38:37:662  车速为：inf位置标记为：0
2020-12-21 08:38:37:717  振动有效标记位计算异常，位置标记为：0
2020-12-21 08:47:59:790  磁钢信号预处理完成，位置标记：1
2020-12-21 08:47:59:834  温度分轮成功，分轮数尺度为：0
2020-12-21 08:47:59:834  m_nAxleMarkG2数据异常，位置标记：1
2020-12-21 08:47:59:835  m_nAxleMarkG2数据不是48个，数据异常，位置标记：1
2020-12-21 08:47:59:849  车速为：inf位置标记为：1
2020-12-21 08:47:59:890  振动有效标记位计算异常，位置标记为：1
2020-12-21 08:48:00:109  磁钢信号预处理完成，位置标记：0
2020-12-21 08:48:00:152  温度分轮成功，分轮数尺度为：0
2020-12-21 08:48:00:153  m_nAxleMarkG2数据异常，位置标记：0
2020-12-21 08:48:00:153  m_nAxleMarkG2数据不是48个，数据异常，位置标记：0
2020-12-21 08:48:00:167  车速为：inf位置标记为：0
2020-12-21 08:48:00:208  振动有效标记位计算异常，位置标记为：0
2020-12-21 08:57:37:539  磁钢信号预处理完成，位置标记：1
2020-12-21 08:57:37:593  温度分轮成功，分轮数尺度为：0
2020-12-21 08:57:37:593  m_nAxleMarkG2数据异常，位置标记：1
2020-12-21 08:57:37:594  m_nAxleMarkG2数据不是48个，数据异常，位置标记：1
2020-12-21 08:57:37:611  车速为：inf位置标记为：1
2020-12-21 08:57:37:658  振动有效标记位计算异常，位置标记为：1
2020-12-21 08:57:37:898  磁钢信号预处理完成，位置标记：0
2020-12-21 08:57:37:956  温度分轮成功，分轮数尺度为：0
2020-12-21 08:57:37:957  m_nAxleMarkG2数据异常，位置标记：0
2020-12-21 08:57:37:958  m_nAxleMarkG2数据不是48个，数据异常，位置标记：0
2020-12-21 08:57:37:976  车速为：inf位置标记为：0
2020-12-21 08:57:38:033  振动有效标记位计算异常，位置标记为：0
