2020-12-12 08:06:40:440  磁钢信号预处理完成，位置标记：1
2020-12-12 08:06:40:455  温度分轮成功，分轮数尺度为：48
2020-12-12 08:06:40:502  轴承端盖温度特征值计算完成, 位置标记：1
2020-12-12 08:06:40:565  电机温度计算完成, 位置标记：1
2020-12-12 08:06:40:580  电机温度计算完成, 位置标记：1
2020-12-12 08:06:40:580  电机温度计算完成, 位置标记：1
2020-12-12 08:06:40:580  电机温度计算完成, 位置标记：1
2020-12-12 08:06:40:580  电机温度计算完成, 位置标记：1
2020-12-12 08:06:40:580  电机温度计算完成, 位置标记：1
2020-12-12 08:06:40:596  电机温度计算完成, 位置标记：1
2020-12-12 08:06:40:596  电机温度计算完成, 位置标记：1
2020-12-12 08:06:40:596  车速为：36.8655位置标记为：1
2020-12-12 08:06:40:612  振动分轮计算完成, 位置标记：1
2020-12-12 08:06:40:909  振动特征值计算完成, 位置标记：1
2020-12-12 08:06:40:955  磁钢信号预处理完成，位置标记：0
2020-12-12 08:06:40:971  温度分轮成功，分轮数尺度为：48
2020-12-12 08:06:41:034  轴承端盖温度特征值计算完成, 位置标记：0
2020-12-12 08:06:41:096  电机温度计算完成, 位置标记：0
2020-12-12 08:06:41:096  电机温度计算完成, 位置标记：0
2020-12-12 08:06:41:096  电机温度计算完成, 位置标记：0
2020-12-12 08:06:41:096  电机温度计算完成, 位置标记：0
2020-12-12 08:06:41:096  电机温度计算完成, 位置标记：0
2020-12-12 08:06:41:112  电机温度计算完成, 位置标记：0
2020-12-12 08:06:41:112  电机温度计算完成, 位置标记：0
2020-12-12 08:06:41:112  电机温度计算完成, 位置标记：0
2020-12-12 08:06:41:112  车速为：36.8655位置标记为：0
2020-12-12 08:06:41:127  振动分轮计算完成, 位置标记：0
2020-12-12 08:06:41:424  振动特征值计算完成, 位置标记：0
2020-12-12 08:18:07:630  磁钢信号预处理完成，位置标记：1
2020-12-12 08:18:07:646  温度分轮成功，分轮数尺度为：48
2020-12-12 08:18:07:708  轴承端盖温度特征值计算完成, 位置标记：1
2020-12-12 08:18:07:771  电机温度计算完成, 位置标记：1
2020-12-12 08:18:07:771  电机温度计算完成, 位置标记：1
2020-12-12 08:18:07:771  电机温度计算完成, 位置标记：1
2020-12-12 08:18:07:787  电机温度计算完成, 位置标记：1
2020-12-12 08:18:07:787  电机温度计算完成, 位置标记：1
2020-12-12 08:18:07:787  电机温度计算完成, 位置标记：1
2020-12-12 08:18:07:787  电机温度计算完成, 位置标记：1
2020-12-12 08:18:07:787  电机温度计算完成, 位置标记：1
2020-12-12 08:18:07:787  车速为：36.5886位置标记为：1
2020-12-12 08:18:07:818  振动分轮计算完成, 位置标记：1
2020-12-12 08:18:08:083  振动特征值计算完成, 位置标记：1
2020-12-12 08:18:08:130  磁钢信号预处理完成，位置标记：0
2020-12-12 08:18:08:146  温度分轮成功，分轮数尺度为：48
2020-12-12 08:18:08:193  轴承端盖温度特征值计算完成, 位置标记：0
2020-12-12 08:18:08:240  电机温度计算完成, 位置标记：0
2020-12-12 08:18:08:240  电机温度计算完成, 位置标记：0
2020-12-12 08:18:08:240  电机温度计算完成, 位置标记：0
2020-12-12 08:18:08:255  电机温度计算完成, 位置标记：0
2020-12-12 08:18:08:255  电机温度计算完成, 位置标记：0
2020-12-12 08:18:08:255  电机温度计算完成, 位置标记：0
2020-12-12 08:18:08:255  电机温度计算完成, 位置标记：0
2020-12-12 08:18:08:255  电机温度计算完成, 位置标记：0
2020-12-12 08:18:08:255  车速为：36.5886位置标记为：0
2020-12-12 08:18:08:271  振动分轮计算完成, 位置标记：0
2020-12-12 08:18:08:552  振动特征值计算完成, 位置标记：0
2020-12-12 08:29:49:411  磁钢信号预处理完成，位置标记：1
2020-12-12 08:29:49:427  温度分轮成功，分轮数尺度为：48
2020-12-12 08:29:49:474  轴承端盖温度特征值计算完成, 位置标记：1
2020-12-12 08:29:49:536  电机温度计算完成, 位置标记：1
2020-12-12 08:29:49:536  电机温度计算完成, 位置标记：1
2020-12-12 08:29:49:536  电机温度计算完成, 位置标记：1
2020-12-12 08:29:49:536  电机温度计算完成, 位置标记：1
2020-12-12 08:29:49:536  电机温度计算完成, 位置标记：1
2020-12-12 08:29:49:536  电机温度计算完成, 位置标记：1
2020-12-12 08:29:49:536  电机温度计算完成, 位置标记：1
2020-12-12 08:29:49:552  电机温度计算完成, 位置标记：1
2020-12-12 08:29:49:552  车速为：36.882位置标记为：1
2020-12-12 08:29:49:567  振动分轮计算完成, 位置标记：1
2020-12-12 08:29:49:770  振动特征值计算完成, 位置标记：1
2020-12-12 08:29:49:802  磁钢信号预处理完成，位置标记：0
2020-12-12 08:29:49:817  温度分轮成功，分轮数尺度为：48
2020-12-12 08:29:49:864  轴承端盖温度特征值计算完成, 位置标记：0
2020-12-12 08:29:49:911  电机温度计算完成, 位置标记：0
2020-12-12 08:29:49:911  电机温度计算完成, 位置标记：0
2020-12-12 08:29:49:911  电机温度计算完成, 位置标记：0
2020-12-12 08:29:49:911  电机温度计算完成, 位置标记：0
2020-12-12 08:29:49:911  电机温度计算完成, 位置标记：0
2020-12-12 08:29:49:911  电机温度计算完成, 位置标记：0
2020-12-12 08:29:49:911  电机温度计算完成, 位置标记：0
2020-12-12 08:29:49:927  电机温度计算完成, 位置标记：0
2020-12-12 08:29:49:927  车速为：36.882位置标记为：0
2020-12-12 08:29:49:942  振动分轮计算完成, 位置标记：0
2020-12-12 08:29:50:145  振动特征值计算完成, 位置标记：0
2020-12-12 08:41:34:920  磁钢信号预处理完成，位置标记：1
2020-12-12 08:41:34:935  温度分轮成功，分轮数尺度为：48
2020-12-12 08:41:34:998  轴承端盖温度特征值计算完成, 位置标记：1
2020-12-12 08:41:35:060  电机温度计算完成, 位置标记：1
2020-12-12 08:41:35:060  电机温度计算完成, 位置标记：1
2020-12-12 08:41:35:060  电机温度计算完成, 位置标记：1
2020-12-12 08:41:35:076  电机温度计算完成, 位置标记：1
2020-12-12 08:41:35:076  电机温度计算完成, 位置标记：1
2020-12-12 08:41:35:076  电机温度计算完成, 位置标记：1
2020-12-12 08:41:35:076  电机温度计算完成, 位置标记：1
2020-12-12 08:41:35:076  电机温度计算完成, 位置标记：1
2020-12-12 08:41:35:076  车速为：36.621位置标记为：1
2020-12-12 08:41:35:107  振动分轮计算完成, 位置标记：1
2020-12-12 08:41:35:373  振动特征值计算完成, 位置标记：1
2020-12-12 08:41:35:420  磁钢信号预处理完成，位置标记：0
2020-12-12 08:41:35:435  温度分轮成功，分轮数尺度为：48
2020-12-12 08:41:35:498  轴承端盖温度特征值计算完成, 位置标记：0
2020-12-12 08:41:35:560  电机温度计算完成, 位置标记：0
2020-12-12 08:41:35:560  电机温度计算完成, 位置标记：0
2020-12-12 08:41:35:576  电机温度计算完成, 位置标记：0
2020-12-12 08:41:35:576  电机温度计算完成, 位置标记：0
2020-12-12 08:41:35:576  电机温度计算完成, 位置标记：0
2020-12-12 08:41:35:576  电机温度计算完成, 位置标记：0
2020-12-12 08:41:35:576  电机温度计算完成, 位置标记：0
2020-12-12 08:41:35:592  电机温度计算完成, 位置标记：0
2020-12-12 08:41:35:592  车速为：36.621位置标记为：0
2020-12-12 08:41:35:607  振动分轮计算完成, 位置标记：0
2020-12-12 08:41:35:889  振动特征值计算完成, 位置标记：0
2020-12-12 08:53:25:455  磁钢信号预处理完成，位置标记：1
2020-12-12 08:53:25:471  温度分轮成功，分轮数尺度为：48
2020-12-12 08:53:25:533  轴承端盖温度特征值计算完成, 位置标记：1
2020-12-12 08:53:25:596  电机温度计算完成, 位置标记：1
2020-12-12 08:53:25:596  电机温度计算完成, 位置标记：1
2020-12-12 08:53:25:596  电机温度计算完成, 位置标记：1
2020-12-12 08:53:25:596  电机温度计算完成, 位置标记：1
2020-12-12 08:53:25:596  电机温度计算完成, 位置标记：1
2020-12-12 08:53:25:611  电机温度计算完成, 位置标记：1
2020-12-12 08:53:25:611  电机温度计算完成, 位置标记：1
2020-12-12 08:53:25:611  电机温度计算完成, 位置标记：1
2020-12-12 08:53:25:611  车速为：36.6534位置标记为：1
2020-12-12 08:53:25:642  振动分轮计算完成, 位置标记：1
2020-12-12 08:53:25:924  振动特征值计算完成, 位置标记：1
2020-12-12 08:53:25:971  磁钢信号预处理完成，位置标记：0
2020-12-12 08:53:25:986  温度分轮成功，分轮数尺度为：48
2020-12-12 08:53:26:049  轴承端盖温度特征值计算完成, 位置标记：0
2020-12-12 08:53:26:127  电机温度计算完成, 位置标记：0
2020-12-12 08:53:26:127  电机温度计算完成, 位置标记：0
2020-12-12 08:53:26:127  电机温度计算完成, 位置标记：0
2020-12-12 08:53:26:127  电机温度计算完成, 位置标记：0
2020-12-12 08:53:26:127  电机温度计算完成, 位置标记：0
2020-12-12 08:53:26:127  电机温度计算完成, 位置标记：0
2020-12-12 08:53:26:142  电机温度计算完成, 位置标记：0
2020-12-12 08:53:26:142  电机温度计算完成, 位置标记：0
2020-12-12 08:53:26:142  车速为：36.6534位置标记为：0
2020-12-12 08:53:26:158  振动分轮计算完成, 位置标记：0
2020-12-12 08:53:26:455  振动特征值计算完成, 位置标记：0
