2020-12-26 10:02:23:939  磁钢信号预处理完成，位置标记：1
2020-12-26 10:02:23:961  温度分轮成功，分轮数尺度为：48
2020-12-26 10:02:23:979  轴承端盖温度特征值计算完成, 位置标记：1
2020-12-26 10:02:23:999  电机温度计算完成, 位置标记：1
2020-12-26 10:02:24:001  电机温度计算完成, 位置标记：1
2020-12-26 10:02:24:005  电机温度计算完成, 位置标记：1
2020-12-26 10:02:24:007  电机温度计算完成, 位置标记：1
2020-12-26 10:02:24:011  电机温度计算完成, 位置标记：1
2020-12-26 10:02:24:013  电机温度计算完成, 位置标记：1
2020-12-26 10:02:24:017  电机温度计算完成, 位置标记：1
2020-12-26 10:02:24:019  电机温度计算完成, 位置标记：1
2020-12-26 10:02:24:021  车速为：36.7184位置标记为：1
2020-12-26 10:02:24:057  振动分轮计算完成, 位置标记：1
2020-12-26 10:02:24:294  振动特征值计算完成, 位置标记：1
2020-12-26 10:02:24:374  磁钢信号预处理完成，位置标记：0
2020-12-26 10:02:24:394  温度分轮成功，分轮数尺度为：48
2020-12-26 10:02:24:416  轴承端盖温度特征值计算完成, 位置标记：0
2020-12-26 10:02:24:438  电机温度计算完成, 位置标记：0
2020-12-26 10:02:24:440  电机温度计算完成, 位置标记：0
2020-12-26 10:02:24:444  电机温度计算完成, 位置标记：0
2020-12-26 10:02:24:446  电机温度计算完成, 位置标记：0
2020-12-26 10:02:24:448  电机温度计算完成, 位置标记：0
2020-12-26 10:02:24:452  电机温度计算完成, 位置标记：0
2020-12-26 10:02:24:454  电机温度计算完成, 位置标记：0
2020-12-26 10:02:24:456  电机温度计算完成, 位置标记：0
2020-12-26 10:02:24:458  车速为：36.7184位置标记为：0
2020-12-26 10:02:24:496  振动分轮计算完成, 位置标记：0
2020-12-26 10:02:24:736  振动特征值计算完成, 位置标记：0
2020-12-26 10:09:07:382  磁钢信号预处理完成，位置标记：1
2020-12-26 10:09:07:398  温度分轮成功，分轮数尺度为：48
2020-12-26 10:09:07:412  轴承端盖温度特征值计算完成, 位置标记：1
2020-12-26 10:09:07:428  电机温度计算完成, 位置标记：1
2020-12-26 10:09:07:432  电机温度计算完成, 位置标记：1
2020-12-26 10:09:07:434  电机温度计算完成, 位置标记：1
2020-12-26 10:09:07:436  电机温度计算完成, 位置标记：1
2020-12-26 10:09:07:438  电机温度计算完成, 位置标记：1
2020-12-26 10:09:07:442  电机温度计算完成, 位置标记：1
2020-12-26 10:09:07:444  电机温度计算完成, 位置标记：1
2020-12-26 10:09:07:446  电机温度计算完成, 位置标记：1
2020-12-26 10:09:07:448  车速为：43.9257位置标记为：1
2020-12-26 10:09:07:480  振动分轮计算完成, 位置标记：1
2020-12-26 10:09:07:638  振动特征值计算完成, 位置标记：1
2020-12-26 10:09:07:703  磁钢信号预处理完成，位置标记：0
2020-12-26 10:09:07:719  温度分轮成功，分轮数尺度为：48
2020-12-26 10:09:07:731  轴承端盖温度特征值计算完成, 位置标记：0
2020-12-26 10:09:07:743  电机温度计算完成, 位置标记：0
2020-12-26 10:09:07:745  电机温度计算完成, 位置标记：0
2020-12-26 10:09:07:747  电机温度计算完成, 位置标记：0
2020-12-26 10:09:07:749  电机温度计算完成, 位置标记：0
2020-12-26 10:09:07:751  电机温度计算完成, 位置标记：0
2020-12-26 10:09:07:753  电机温度计算完成, 位置标记：0
2020-12-26 10:09:07:753  电机温度计算完成, 位置标记：0
2020-12-26 10:09:07:755  电机温度计算完成, 位置标记：0
2020-12-26 10:09:07:757  车速为：43.9257位置标记为：0
2020-12-26 10:09:07:783  振动分轮计算完成, 位置标记：0
2020-12-26 10:09:07:929  振动特征值计算完成, 位置标记：0
2020-12-26 10:15:24:739  磁钢信号预处理完成，位置标记：1
2020-12-26 10:15:24:757  温度分轮成功，分轮数尺度为：48
2020-12-26 10:15:24:771  轴承端盖温度特征值计算完成, 位置标记：1
2020-12-26 10:15:24:787  电机温度计算完成, 位置标记：1
2020-12-26 10:15:24:789  电机温度计算完成, 位置标记：1
2020-12-26 10:15:24:791  电机温度计算完成, 位置标记：1
2020-12-26 10:15:24:793  电机温度计算完成, 位置标记：1
2020-12-26 10:15:24:795  电机温度计算完成, 位置标记：1
2020-12-26 10:15:24:799  电机温度计算完成, 位置标记：1
2020-12-26 10:15:24:801  电机温度计算完成, 位置标记：1
2020-12-26 10:15:24:803  电机温度计算完成, 位置标记：1
2020-12-26 10:15:24:803  车速为：43.8327位置标记为：1
2020-12-26 10:15:24:843  振动分轮计算完成, 位置标记：1
2020-12-26 10:15:25:041  振动特征值计算完成, 位置标记：1
2020-12-26 10:15:25:109  磁钢信号预处理完成，位置标记：0
2020-12-26 10:15:25:125  温度分轮成功，分轮数尺度为：48
2020-12-26 10:15:25:138  轴承端盖温度特征值计算完成, 位置标记：0
2020-12-26 10:15:25:151  电机温度计算完成, 位置标记：0
2020-12-26 10:15:25:153  电机温度计算完成, 位置标记：0
2020-12-26 10:15:25:155  电机温度计算完成, 位置标记：0
2020-12-26 10:15:25:157  电机温度计算完成, 位置标记：0
2020-12-26 10:15:25:159  电机温度计算完成, 位置标记：0
2020-12-26 10:15:25:160  电机温度计算完成, 位置标记：0
2020-12-26 10:15:25:163  电机温度计算完成, 位置标记：0
2020-12-26 10:15:25:165  电机温度计算完成, 位置标记：0
2020-12-26 10:15:25:166  车速为：43.8327位置标记为：0
2020-12-26 10:15:25:202  振动分轮计算完成, 位置标记：0
2020-12-26 10:15:25:398  振动特征值计算完成, 位置标记：0
2020-12-26 10:22:06:746  磁钢信号预处理完成，位置标记：1
2020-12-26 10:22:06:766  温度分轮成功，分轮数尺度为：48
2020-12-26 10:22:06:780  轴承端盖温度特征值计算完成, 位置标记：1
2020-12-26 10:22:06:796  电机温度计算完成, 位置标记：1
2020-12-26 10:22:06:800  电机温度计算完成, 位置标记：1
2020-12-26 10:22:06:802  电机温度计算完成, 位置标记：1
2020-12-26 10:22:06:804  电机温度计算完成, 位置标记：1
2020-12-26 10:22:06:806  电机温度计算完成, 位置标记：1
2020-12-26 10:22:06:808  电机温度计算完成, 位置标记：1
2020-12-26 10:22:06:810  电机温度计算完成, 位置标记：1
2020-12-26 10:22:06:814  电机温度计算完成, 位置标记：1
2020-12-26 10:22:06:814  车速为：43.8327位置标记为：1
2020-12-26 10:22:06:848  振动分轮计算完成, 位置标记：1
2020-12-26 10:22:07:044  振动特征值计算完成, 位置标记：1
2020-12-26 10:22:07:114  磁钢信号预处理完成，位置标记：0
2020-12-26 10:22:07:132  温度分轮成功，分轮数尺度为：48
2020-12-26 10:22:07:146  轴承端盖温度特征值计算完成, 位置标记：0
2020-12-26 10:22:07:161  电机温度计算完成, 位置标记：0
2020-12-26 10:22:07:163  电机温度计算完成, 位置标记：0
2020-12-26 10:22:07:165  电机温度计算完成, 位置标记：0
2020-12-26 10:22:07:167  电机温度计算完成, 位置标记：0
2020-12-26 10:22:07:169  电机温度计算完成, 位置标记：0
2020-12-26 10:22:07:171  电机温度计算完成, 位置标记：0
2020-12-26 10:22:07:173  电机温度计算完成, 位置标记：0
2020-12-26 10:22:07:175  电机温度计算完成, 位置标记：0
2020-12-26 10:22:07:177  车速为：43.8327位置标记为：0
2020-12-26 10:22:07:209  振动分轮计算完成, 位置标记：0
2020-12-26 10:22:07:371  振动特征值计算完成, 位置标记：0
2020-12-26 10:28:46:743  磁钢信号预处理完成，位置标记：1
2020-12-26 10:28:46:759  温度分轮成功，分轮数尺度为：48
2020-12-26 10:28:46:773  轴承端盖温度特征值计算完成, 位置标记：1
2020-12-26 10:28:46:791  电机温度计算完成, 位置标记：1
2020-12-26 10:28:46:793  电机温度计算完成, 位置标记：1
2020-12-26 10:28:46:797  电机温度计算完成, 位置标记：1
2020-12-26 10:28:46:799  电机温度计算完成, 位置标记：1
2020-12-26 10:28:46:803  电机温度计算完成, 位置标记：1
2020-12-26 10:28:46:805  电机温度计算完成, 位置标记：1
2020-12-26 10:28:46:809  电机温度计算完成, 位置标记：1
2020-12-26 10:28:46:811  电机温度计算完成, 位置标记：1
2020-12-26 10:28:46:811  车速为：36.3636位置标记为：1
2020-12-26 10:28:46:849  振动分轮计算完成, 位置标记：1
2020-12-26 10:28:47:067  振动特征值计算完成, 位置标记：1
2020-12-26 10:28:47:133  磁钢信号预处理完成，位置标记：0
2020-12-26 10:28:47:149  温度分轮成功，分轮数尺度为：48
2020-12-26 10:28:47:164  轴承端盖温度特征值计算完成, 位置标记：0
2020-12-26 10:28:47:180  电机温度计算完成, 位置标记：0
2020-12-26 10:28:47:182  电机温度计算完成, 位置标记：0
2020-12-26 10:28:47:184  电机温度计算完成, 位置标记：0
2020-12-26 10:28:47:186  电机温度计算完成, 位置标记：0
2020-12-26 10:28:47:188  电机温度计算完成, 位置标记：0
2020-12-26 10:28:47:190  电机温度计算完成, 位置标记：0
2020-12-26 10:28:47:194  电机温度计算完成, 位置标记：0
2020-12-26 10:28:47:196  电机温度计算完成, 位置标记：0
2020-12-26 10:28:47:196  车速为：36.3636位置标记为：0
2020-12-26 10:28:47:224  振动分轮计算完成, 位置标记：0
2020-12-26 10:28:47:394  振动特征值计算完成, 位置标记：0
2020-12-26 10:48:41:166  磁钢信号预处理完成，位置标记：1
2020-12-26 10:48:41:187  温度分轮成功，分轮数尺度为：48
2020-12-26 10:48:41:205  轴承端盖温度特征值计算完成, 位置标记：1
2020-12-26 10:48:41:221  电机温度计算完成, 位置标记：1
2020-12-26 10:48:41:225  电机温度计算完成, 位置标记：1
2020-12-26 10:48:41:227  电机温度计算完成, 位置标记：1
2020-12-26 10:48:41:229  电机温度计算完成, 位置标记：1
2020-12-26 10:48:41:233  电机温度计算完成, 位置标记：1
2020-12-26 10:48:41:235  电机温度计算完成, 位置标记：1
2020-12-26 10:48:41:237  电机温度计算完成, 位置标记：1
2020-12-26 10:48:41:239  电机温度计算完成, 位置标记：1
2020-12-26 10:48:41:241  车速为：43.9957位置标记为：1
2020-12-26 10:48:41:277  振动分轮计算完成, 位置标记：1
2020-12-26 10:48:41:479  振动特征值计算完成, 位置标记：1
2020-12-26 10:48:41:551  磁钢信号预处理完成，位置标记：0
2020-12-26 10:48:41:571  温度分轮成功，分轮数尺度为：48
2020-12-26 10:48:41:589  轴承端盖温度特征值计算完成, 位置标记：0
2020-12-26 10:48:41:607  电机温度计算完成, 位置标记：0
2020-12-26 10:48:41:609  电机温度计算完成, 位置标记：0
2020-12-26 10:48:41:611  电机温度计算完成, 位置标记：0
2020-12-26 10:48:41:615  电机温度计算完成, 位置标记：0
2020-12-26 10:48:41:617  电机温度计算完成, 位置标记：0
2020-12-26 10:48:41:619  电机温度计算完成, 位置标记：0
2020-12-26 10:48:41:621  电机温度计算完成, 位置标记：0
2020-12-26 10:48:41:623  电机温度计算完成, 位置标记：0
2020-12-26 10:48:41:625  车速为：43.9957位置标记为：0
2020-12-26 10:48:41:663  振动分轮计算完成, 位置标记：0
2020-12-26 10:48:41:861  振动特征值计算完成, 位置标记：0
