2020-12-23 13:03:15:088  磁钢信号预处理完成，位置标记：1
2020-12-23 13:03:15:099  温度分轮成功，分轮数尺度为：48
2020-12-23 13:03:15:112  轴承端盖温度特征值计算完成, 位置标记：1
2020-12-23 13:03:15:122  电机温度计算完成, 位置标记：1
2020-12-23 13:03:15:125  电机温度计算完成, 位置标记：1
2020-12-23 13:03:15:128  电机温度计算完成, 位置标记：1
2020-12-23 13:03:15:132  电机温度计算完成, 位置标记：1
2020-12-23 13:03:15:135  电机温度计算完成, 位置标记：1
2020-12-23 13:03:15:138  电机温度计算完成, 位置标记：1
2020-12-23 13:03:15:142  电机温度计算完成, 位置标记：1
2020-12-23 13:03:15:146  电机温度计算完成, 位置标记：1
2020-12-23 13:03:15:147  车速为：73.6位置标记为：1
2020-12-23 13:03:15:167  振动分轮计算完成, 位置标记：1
2020-12-23 13:03:15:494  振动特征值计算完成, 位置标记：1
2020-12-23 13:03:15:537  磁钢信号预处理完成，位置标记：0
2020-12-23 13:03:15:548  温度分轮成功，分轮数尺度为：48
2020-12-23 13:03:15:560  轴承端盖温度特征值计算完成, 位置标记：0
2020-12-23 13:03:15:568  电机温度计算完成, 位置标记：0
2020-12-23 13:03:15:571  电机温度计算完成, 位置标记：0
2020-12-23 13:03:15:574  电机温度计算完成, 位置标记：0
2020-12-23 13:03:15:577  电机温度计算完成, 位置标记：0
2020-12-23 13:03:15:580  电机温度计算完成, 位置标记：0
2020-12-23 13:03:15:584  电机温度计算完成, 位置标记：0
2020-12-23 13:03:15:587  电机温度计算完成, 位置标记：0
2020-12-23 13:03:15:590  电机温度计算完成, 位置标记：0
2020-12-23 13:03:15:590  车速为：73.6位置标记为：0
2020-12-23 13:03:15:608  振动分轮计算完成, 位置标记：0
2020-12-23 13:03:15:872  振动特征值计算完成, 位置标记：0
2020-12-23 13:07:09:176  磁钢信号预处理完成，位置标记：1
2020-12-23 13:07:09:187  温度分轮成功，分轮数尺度为：48
2020-12-23 13:07:09:201  轴承端盖温度特征值计算完成, 位置标记：1
2020-12-23 13:07:09:210  电机温度计算完成, 位置标记：1
2020-12-23 13:07:09:213  电机温度计算完成, 位置标记：1
2020-12-23 13:07:09:217  电机温度计算完成, 位置标记：1
2020-12-23 13:07:09:220  电机温度计算完成, 位置标记：1
2020-12-23 13:07:09:224  电机温度计算完成, 位置标记：1
2020-12-23 13:07:09:228  电机温度计算完成, 位置标记：1
2020-12-23 13:07:09:231  电机温度计算完成, 位置标记：1
2020-12-23 13:07:09:235  电机温度计算完成, 位置标记：1
2020-12-23 13:07:09:235  车速为：78.8571位置标记为：1
2020-12-23 13:07:09:256  振动分轮计算完成, 位置标记：1
2020-12-23 13:07:09:594  振动特征值计算完成, 位置标记：1
2020-12-23 13:07:09:640  磁钢信号预处理完成，位置标记：0
2020-12-23 13:07:09:652  温度分轮成功，分轮数尺度为：48
2020-12-23 13:07:09:665  轴承端盖温度特征值计算完成, 位置标记：0
2020-12-23 13:07:09:674  电机温度计算完成, 位置标记：0
2020-12-23 13:07:09:678  电机温度计算完成, 位置标记：0
2020-12-23 13:07:09:682  电机温度计算完成, 位置标记：0
2020-12-23 13:07:09:685  电机温度计算完成, 位置标记：0
2020-12-23 13:07:09:688  电机温度计算完成, 位置标记：0
2020-12-23 13:07:09:692  电机温度计算完成, 位置标记：0
2020-12-23 13:07:09:696  电机温度计算完成, 位置标记：0
2020-12-23 13:07:09:699  电机温度计算完成, 位置标记：0
2020-12-23 13:07:09:700  车速为：78.8571位置标记为：0
2020-12-23 13:07:09:721  振动分轮计算完成, 位置标记：0
2020-12-23 13:07:10:056  振动特征值计算完成, 位置标记：0
2020-12-23 13:16:29:191  磁钢信号预处理完成，位置标记：1
2020-12-23 13:16:29:202  温度分轮成功，分轮数尺度为：48
2020-12-23 13:16:29:215  轴承端盖温度特征值计算完成, 位置标记：1
2020-12-23 13:16:29:224  电机温度计算完成, 位置标记：1
2020-12-23 13:16:29:227  电机温度计算完成, 位置标记：1
2020-12-23 13:16:29:230  电机温度计算完成, 位置标记：1
2020-12-23 13:16:29:234  电机温度计算完成, 位置标记：1
2020-12-23 13:16:29:237  电机温度计算完成, 位置标记：1
2020-12-23 13:16:29:241  电机温度计算完成, 位置标记：1
2020-12-23 13:16:29:244  电机温度计算完成, 位置标记：1
2020-12-23 13:16:29:248  电机温度计算完成, 位置标记：1
2020-12-23 13:16:29:249  车速为：79.3103位置标记为：1
2020-12-23 13:16:29:269  振动分轮计算完成, 位置标记：1
2020-12-23 13:16:29:607  振动特征值计算完成, 位置标记：1
2020-12-23 13:16:29:652  磁钢信号预处理完成，位置标记：0
2020-12-23 13:16:29:664  温度分轮成功，分轮数尺度为：48
2020-12-23 13:16:29:677  轴承端盖温度特征值计算完成, 位置标记：0
2020-12-23 13:16:29:685  电机温度计算完成, 位置标记：0
2020-12-23 13:16:29:689  电机温度计算完成, 位置标记：0
2020-12-23 13:16:29:693  电机温度计算完成, 位置标记：0
2020-12-23 13:16:29:696  电机温度计算完成, 位置标记：0
2020-12-23 13:16:29:700  电机温度计算完成, 位置标记：0
2020-12-23 13:16:29:703  电机温度计算完成, 位置标记：0
2020-12-23 13:16:29:707  电机温度计算完成, 位置标记：0
2020-12-23 13:16:29:710  电机温度计算完成, 位置标记：0
2020-12-23 13:16:29:711  车速为：79.3103位置标记为：0
2020-12-23 13:16:29:731  振动分轮计算完成, 位置标记：0
2020-12-23 13:16:30:067  振动特征值计算完成, 位置标记：0
2020-12-23 13:26:01:517  磁钢信号预处理完成，位置标记：1
2020-12-23 13:26:01:528  温度分轮成功，分轮数尺度为：48
2020-12-23 13:26:01:541  轴承端盖温度特征值计算完成, 位置标记：1
2020-12-23 13:26:01:550  电机温度计算完成, 位置标记：1
2020-12-23 13:26:01:554  电机温度计算完成, 位置标记：1
2020-12-23 13:26:01:557  电机温度计算完成, 位置标记：1
2020-12-23 13:26:01:560  电机温度计算完成, 位置标记：1
2020-12-23 13:26:01:564  电机温度计算完成, 位置标记：1
2020-12-23 13:26:01:567  电机温度计算完成, 位置标记：1
2020-12-23 13:26:01:571  电机温度计算完成, 位置标记：1
2020-12-23 13:26:01:574  电机温度计算完成, 位置标记：1
2020-12-23 13:26:01:575  车速为：79.3103位置标记为：1
2020-12-23 13:26:01:596  振动分轮计算完成, 位置标记：1
2020-12-23 13:26:01:929  振动特征值计算完成, 位置标记：1
2020-12-23 13:26:01:972  磁钢信号预处理完成，位置标记：0
2020-12-23 13:26:01:982  温度分轮成功，分轮数尺度为：48
2020-12-23 13:26:01:993  轴承端盖温度特征值计算完成, 位置标记：0
2020-12-23 13:26:02:000  电机温度计算完成, 位置标记：0
2020-12-23 13:26:02:003  电机温度计算完成, 位置标记：0
2020-12-23 13:26:02:007  电机温度计算完成, 位置标记：0
2020-12-23 13:26:02:010  电机温度计算完成, 位置标记：0
2020-12-23 13:26:02:014  电机温度计算完成, 位置标记：0
2020-12-23 13:26:02:017  电机温度计算完成, 位置标记：0
2020-12-23 13:26:02:020  电机温度计算完成, 位置标记：0
2020-12-23 13:26:02:023  电机温度计算完成, 位置标记：0
2020-12-23 13:26:02:024  车速为：79.3103位置标记为：0
2020-12-23 13:26:02:044  振动分轮计算完成, 位置标记：0
2020-12-23 13:26:02:380  振动特征值计算完成, 位置标记：0
2020-12-23 13:35:49:952  磁钢信号预处理完成，位置标记：1
2020-12-23 13:35:49:964  温度分轮成功，分轮数尺度为：48
2020-12-23 13:35:49:977  轴承端盖温度特征值计算完成, 位置标记：1
2020-12-23 13:35:49:986  电机温度计算完成, 位置标记：1
2020-12-23 13:35:49:990  电机温度计算完成, 位置标记：1
2020-12-23 13:35:49:993  电机温度计算完成, 位置标记：1
2020-12-23 13:35:49:997  电机温度计算完成, 位置标记：1
2020-12-23 13:35:50:000  电机温度计算完成, 位置标记：1
2020-12-23 13:35:50:004  电机温度计算完成, 位置标记：1
2020-12-23 13:35:50:007  电机温度计算完成, 位置标记：1
2020-12-23 13:35:50:011  电机温度计算完成, 位置标记：1
2020-12-23 13:35:50:012  车速为：79.4626位置标记为：1
2020-12-23 13:35:50:033  振动分轮计算完成, 位置标记：1
2020-12-23 13:35:50:369  振动特征值计算完成, 位置标记：1
2020-12-23 13:35:50:415  磁钢信号预处理完成，位置标记：0
2020-12-23 13:35:50:427  温度分轮成功，分轮数尺度为：48
2020-12-23 13:35:50:440  轴承端盖温度特征值计算完成, 位置标记：0
2020-12-23 13:35:50:450  电机温度计算完成, 位置标记：0
2020-12-23 13:35:50:453  电机温度计算完成, 位置标记：0
2020-12-23 13:35:50:457  电机温度计算完成, 位置标记：0
2020-12-23 13:35:50:460  电机温度计算完成, 位置标记：0
2020-12-23 13:35:50:464  电机温度计算完成, 位置标记：0
2020-12-23 13:35:50:467  电机温度计算完成, 位置标记：0
2020-12-23 13:35:50:471  电机温度计算完成, 位置标记：0
2020-12-23 13:35:50:474  电机温度计算完成, 位置标记：0
2020-12-23 13:35:50:475  车速为：79.4626位置标记为：0
2020-12-23 13:35:50:496  振动分轮计算完成, 位置标记：0
2020-12-23 13:35:50:823  振动特征值计算完成, 位置标记：0
2020-12-23 13:42:11:784  磁钢信号预处理完成，位置标记：1
2020-12-23 13:42:11:795  温度分轮成功，分轮数尺度为：48
2020-12-23 13:42:11:809  轴承端盖温度特征值计算完成, 位置标记：1
2020-12-23 13:42:11:820  电机温度计算完成, 位置标记：1
2020-12-23 13:42:11:824  电机温度计算完成, 位置标记：1
2020-12-23 13:42:11:827  电机温度计算完成, 位置标记：1
2020-12-23 13:42:11:830  电机温度计算完成, 位置标记：1
2020-12-23 13:42:11:834  电机温度计算完成, 位置标记：1
2020-12-23 13:42:11:837  电机温度计算完成, 位置标记：1
2020-12-23 13:42:11:841  电机温度计算完成, 位置标记：1
2020-12-23 13:42:11:844  电机温度计算完成, 位置标记：1
2020-12-23 13:42:11:845  车速为：67.6471位置标记为：1
2020-12-23 13:42:11:865  振动分轮计算完成, 位置标记：1
2020-12-23 13:42:12:199  振动特征值计算完成, 位置标记：1
2020-12-23 13:42:12:246  磁钢信号预处理完成，位置标记：0
2020-12-23 13:42:12:257  温度分轮成功，分轮数尺度为：48
2020-12-23 13:42:12:271  轴承端盖温度特征值计算完成, 位置标记：0
2020-12-23 13:42:12:282  电机温度计算完成, 位置标记：0
2020-12-23 13:42:12:285  电机温度计算完成, 位置标记：0
2020-12-23 13:42:12:289  电机温度计算完成, 位置标记：0
2020-12-23 13:42:12:292  电机温度计算完成, 位置标记：0
2020-12-23 13:42:12:295  电机温度计算完成, 位置标记：0
2020-12-23 13:42:12:299  电机温度计算完成, 位置标记：0
2020-12-23 13:42:12:302  电机温度计算完成, 位置标记：0
2020-12-23 13:42:12:306  电机温度计算完成, 位置标记：0
2020-12-23 13:42:12:306  车速为：67.6471位置标记为：0
2020-12-23 13:42:12:327  振动分轮计算完成, 位置标记：0
2020-12-23 13:42:12:663  振动特征值计算完成, 位置标记：0
2020-12-23 13:46:08:481  磁钢信号预处理完成，位置标记：1
2020-12-23 13:46:08:492  温度分轮成功，分轮数尺度为：48
2020-12-23 13:46:08:505  轴承端盖温度特征值计算完成, 位置标记：1
2020-12-23 13:46:08:514  电机温度计算完成, 位置标记：1
2020-12-23 13:46:08:517  电机温度计算完成, 位置标记：1
2020-12-23 13:46:08:520  电机温度计算完成, 位置标记：1
2020-12-23 13:46:08:524  电机温度计算完成, 位置标记：1
2020-12-23 13:46:08:527  电机温度计算完成, 位置标记：1
2020-12-23 13:46:08:530  电机温度计算完成, 位置标记：1
2020-12-23 13:46:08:534  电机温度计算完成, 位置标记：1
2020-12-23 13:46:08:538  电机温度计算完成, 位置标记：1
2020-12-23 13:46:08:538  车速为：79.6154位置标记为：1
2020-12-23 13:46:08:558  振动分轮计算完成, 位置标记：1
2020-12-23 13:46:08:895  振动特征值计算完成, 位置标记：1
2020-12-23 13:46:08:941  磁钢信号预处理完成，位置标记：0
2020-12-23 13:46:08:952  温度分轮成功，分轮数尺度为：48
2020-12-23 13:46:08:965  轴承端盖温度特征值计算完成, 位置标记：0
2020-12-23 13:46:08:974  电机温度计算完成, 位置标记：0
2020-12-23 13:46:08:977  电机温度计算完成, 位置标记：0
2020-12-23 13:46:08:981  电机温度计算完成, 位置标记：0
2020-12-23 13:46:08:984  电机温度计算完成, 位置标记：0
2020-12-23 13:46:08:987  电机温度计算完成, 位置标记：0
2020-12-23 13:46:08:991  电机温度计算完成, 位置标记：0
2020-12-23 13:46:08:995  电机温度计算完成, 位置标记：0
2020-12-23 13:46:08:998  电机温度计算完成, 位置标记：0
2020-12-23 13:46:08:999  车速为：79.6154位置标记为：0
2020-12-23 13:46:09:020  振动分轮计算完成, 位置标记：0
2020-12-23 13:46:09:357  振动特征值计算完成, 位置标记：0
2020-12-23 13:55:28:289  磁钢信号预处理完成，位置标记：1
2020-12-23 13:55:28:299  温度分轮成功，分轮数尺度为：48
2020-12-23 13:55:28:310  轴承端盖温度特征值计算完成, 位置标记：1
2020-12-23 13:55:28:317  电机温度计算完成, 位置标记：1
2020-12-23 13:55:28:320  电机温度计算完成, 位置标记：1
2020-12-23 13:55:28:323  电机温度计算完成, 位置标记：1
2020-12-23 13:55:28:326  电机温度计算完成, 位置标记：1
2020-12-23 13:55:28:330  电机温度计算完成, 位置标记：1
2020-12-23 13:55:28:333  电机温度计算完成, 位置标记：1
2020-12-23 13:55:28:337  电机温度计算完成, 位置标记：1
2020-12-23 13:55:28:340  电机温度计算完成, 位置标记：1
2020-12-23 13:55:28:341  车速为：79.2344位置标记为：1
2020-12-23 13:55:28:362  振动分轮计算完成, 位置标记：1
2020-12-23 13:55:28:701  振动特征值计算完成, 位置标记：1
2020-12-23 13:55:28:748  磁钢信号预处理完成，位置标记：0
2020-12-23 13:55:28:760  温度分轮成功，分轮数尺度为：48
2020-12-23 13:55:28:771  轴承端盖温度特征值计算完成, 位置标记：0
2020-12-23 13:55:28:779  电机温度计算完成, 位置标记：0
2020-12-23 13:55:28:782  电机温度计算完成, 位置标记：0
2020-12-23 13:55:28:786  电机温度计算完成, 位置标记：0
2020-12-23 13:55:28:789  电机温度计算完成, 位置标记：0
2020-12-23 13:55:28:792  电机温度计算完成, 位置标记：0
2020-12-23 13:55:28:795  电机温度计算完成, 位置标记：0
2020-12-23 13:55:28:799  电机温度计算完成, 位置标记：0
2020-12-23 13:55:28:802  电机温度计算完成, 位置标记：0
2020-12-23 13:55:28:803  车速为：79.2344位置标记为：0
2020-12-23 13:55:28:822  振动分轮计算完成, 位置标记：0
2020-12-23 13:55:29:157  振动特征值计算完成, 位置标记：0
