2020-12-23 21:06:04:499  磁钢信号预处理完成，位置标记：1
2020-12-23 21:06:04:511  温度分轮成功，分轮数尺度为：48
2020-12-23 21:06:04:575  轴承端盖温度特征值计算完成, 位置标记：1
2020-12-23 21:06:04:637  电机温度计算完成, 位置标记：1
2020-12-23 21:06:04:640  电机温度计算完成, 位置标记：1
2020-12-23 21:06:04:643  电机温度计算完成, 位置标记：1
2020-12-23 21:06:04:646  电机温度计算完成, 位置标记：1
2020-12-23 21:06:04:649  电机温度计算完成, 位置标记：1
2020-12-23 21:06:04:652  电机温度计算完成, 位置标记：1
2020-12-23 21:06:04:655  电机温度计算完成, 位置标记：1
2020-12-23 21:06:04:657  电机温度计算完成, 位置标记：1
2020-12-23 21:06:04:659  车速为：36.8位置标记为：1
2020-12-23 21:06:04:680  振动分轮计算完成, 位置标记：1
2020-12-23 21:06:04:966  振动特征值计算完成, 位置标记：1
2020-12-23 21:06:05:020  磁钢信号预处理完成，位置标记：0
2020-12-23 21:06:05:032  温度分轮成功，分轮数尺度为：48
2020-12-23 21:06:05:097  轴承端盖温度特征值计算完成, 位置标记：0
2020-12-23 21:06:05:158  电机温度计算完成, 位置标记：0
2020-12-23 21:06:05:162  电机温度计算完成, 位置标记：0
2020-12-23 21:06:05:165  电机温度计算完成, 位置标记：0
2020-12-23 21:06:05:168  电机温度计算完成, 位置标记：0
2020-12-23 21:06:05:171  电机温度计算完成, 位置标记：0
2020-12-23 21:06:05:174  电机温度计算完成, 位置标记：0
2020-12-23 21:06:05:177  电机温度计算完成, 位置标记：0
2020-12-23 21:06:05:179  电机温度计算完成, 位置标记：0
2020-12-23 21:06:05:181  车速为：36.8位置标记为：0
2020-12-23 21:06:05:204  振动分轮计算完成, 位置标记：0
2020-12-23 21:06:05:469  振动特征值计算完成, 位置标记：0
2020-12-23 21:17:34:139  磁钢信号预处理完成，位置标记：1
2020-12-23 21:17:34:151  温度分轮成功，分轮数尺度为：48
2020-12-23 21:17:34:216  轴承端盖温度特征值计算完成, 位置标记：1
2020-12-23 21:17:34:278  电机温度计算完成, 位置标记：1
2020-12-23 21:17:34:282  电机温度计算完成, 位置标记：1
2020-12-23 21:17:34:285  电机温度计算完成, 位置标记：1
2020-12-23 21:17:34:288  电机温度计算完成, 位置标记：1
2020-12-23 21:17:34:291  电机温度计算完成, 位置标记：1
2020-12-23 21:17:34:294  电机温度计算完成, 位置标记：1
2020-12-23 21:17:34:296  电机温度计算完成, 位置标记：1
2020-12-23 21:17:34:299  电机温度计算完成, 位置标记：1
2020-12-23 21:17:34:301  车速为：36.751位置标记为：1
2020-12-23 21:17:34:323  振动分轮计算完成, 位置标记：1
2020-12-23 21:17:34:607  振动特征值计算完成, 位置标记：1
2020-12-23 21:17:34:662  磁钢信号预处理完成，位置标记：0
2020-12-23 21:17:34:674  温度分轮成功，分轮数尺度为：48
2020-12-23 21:17:34:735  轴承端盖温度特征值计算完成, 位置标记：0
2020-12-23 21:17:34:797  电机温度计算完成, 位置标记：0
2020-12-23 21:17:34:800  电机温度计算完成, 位置标记：0
2020-12-23 21:17:34:803  电机温度计算完成, 位置标记：0
2020-12-23 21:17:34:806  电机温度计算完成, 位置标记：0
2020-12-23 21:17:34:809  电机温度计算完成, 位置标记：0
2020-12-23 21:17:34:812  电机温度计算完成, 位置标记：0
2020-12-23 21:17:34:815  电机温度计算完成, 位置标记：0
2020-12-23 21:17:34:817  电机温度计算完成, 位置标记：0
2020-12-23 21:17:34:819  车速为：36.751位置标记为：0
2020-12-23 21:17:34:842  振动分轮计算完成, 位置标记：0
2020-12-23 21:17:35:101  振动特征值计算完成, 位置标记：0
2020-12-23 21:28:56:168  磁钢信号预处理完成，位置标记：1
2020-12-23 21:28:56:179  温度分轮成功，分轮数尺度为：48
2020-12-23 21:28:56:240  轴承端盖温度特征值计算完成, 位置标记：1
2020-12-23 21:28:56:298  电机温度计算完成, 位置标记：1
2020-12-23 21:28:56:301  电机温度计算完成, 位置标记：1
2020-12-23 21:28:56:303  电机温度计算完成, 位置标记：1
2020-12-23 21:28:56:306  电机温度计算完成, 位置标记：1
2020-12-23 21:28:56:308  电机温度计算完成, 位置标记：1
2020-12-23 21:28:56:311  电机温度计算完成, 位置标记：1
2020-12-23 21:28:56:313  电机温度计算完成, 位置标记：1
2020-12-23 21:28:56:315  电机温度计算完成, 位置标记：1
2020-12-23 21:28:56:317  车速为：36.8327位置标记为：1
2020-12-23 21:28:56:340  振动分轮计算完成, 位置标记：1
2020-12-23 21:28:56:621  振动特征值计算完成, 位置标记：1
2020-12-23 21:28:56:675  磁钢信号预处理完成，位置标记：0
2020-12-23 21:28:56:688  温度分轮成功，分轮数尺度为：48
2020-12-23 21:28:56:754  轴承端盖温度特征值计算完成, 位置标记：0
2020-12-23 21:28:56:817  电机温度计算完成, 位置标记：0
2020-12-23 21:28:56:820  电机温度计算完成, 位置标记：0
2020-12-23 21:28:56:824  电机温度计算完成, 位置标记：0
2020-12-23 21:28:56:827  电机温度计算完成, 位置标记：0
2020-12-23 21:28:56:830  电机温度计算完成, 位置标记：0
2020-12-23 21:28:56:833  电机温度计算完成, 位置标记：0
2020-12-23 21:28:56:835  电机温度计算完成, 位置标记：0
2020-12-23 21:28:56:838  电机温度计算完成, 位置标记：0
2020-12-23 21:28:56:840  车速为：36.8327位置标记为：0
2020-12-23 21:28:56:863  振动分轮计算完成, 位置标记：0
2020-12-23 21:28:57:148  振动特征值计算完成, 位置标记：0
2020-12-23 21:41:11:279  磁钢信号预处理完成，位置标记：1
2020-12-23 21:41:11:288  温度分轮成功，分轮数尺度为：48
2020-12-23 21:41:11:335  轴承端盖温度特征值计算完成, 位置标记：1
2020-12-23 21:41:11:380  电机温度计算完成, 位置标记：1
2020-12-23 21:41:11:383  电机温度计算完成, 位置标记：1
2020-12-23 21:41:11:386  电机温度计算完成, 位置标记：1
2020-12-23 21:41:11:389  电机温度计算完成, 位置标记：1
2020-12-23 21:41:11:392  电机温度计算完成, 位置标记：1
2020-12-23 21:41:11:394  电机温度计算完成, 位置标记：1
2020-12-23 21:41:11:395  电机温度计算完成, 位置标记：1
2020-12-23 21:41:11:397  电机温度计算完成, 位置标记：1
2020-12-23 21:41:11:398  车速为：36.7673位置标记为：1
2020-12-23 21:41:11:415  振动分轮计算完成, 位置标记：1
2020-12-23 21:41:11:617  振动特征值计算完成, 位置标记：1
2020-12-23 21:41:11:657  磁钢信号预处理完成，位置标记：0
2020-12-23 21:41:11:666  温度分轮成功，分轮数尺度为：48
2020-12-23 21:41:11:712  轴承端盖温度特征值计算完成, 位置标记：0
2020-12-23 21:41:11:757  电机温度计算完成, 位置标记：0
2020-12-23 21:41:11:759  电机温度计算完成, 位置标记：0
2020-12-23 21:41:11:761  电机温度计算完成, 位置标记：0
2020-12-23 21:41:11:764  电机温度计算完成, 位置标记：0
2020-12-23 21:41:11:767  电机温度计算完成, 位置标记：0
2020-12-23 21:41:11:770  电机温度计算完成, 位置标记：0
2020-12-23 21:41:11:773  电机温度计算完成, 位置标记：0
2020-12-23 21:41:11:775  电机温度计算完成, 位置标记：0
2020-12-23 21:41:11:777  车速为：36.7673位置标记为：0
2020-12-23 21:41:11:797  振动分轮计算完成, 位置标记：0
2020-12-23 21:41:12:076  振动特征值计算完成, 位置标记：0
2020-12-23 21:53:18:597  磁钢信号预处理完成，位置标记：1
2020-12-23 21:53:18:609  温度分轮成功，分轮数尺度为：48
2020-12-23 21:53:18:674  轴承端盖温度特征值计算完成, 位置标记：1
2020-12-23 21:53:18:736  电机温度计算完成, 位置标记：1
2020-12-23 21:53:18:739  电机温度计算完成, 位置标记：1
2020-12-23 21:53:18:742  电机温度计算完成, 位置标记：1
2020-12-23 21:53:18:744  电机温度计算完成, 位置标记：1
2020-12-23 21:53:18:747  电机温度计算完成, 位置标记：1
2020-12-23 21:53:18:748  电机温度计算完成, 位置标记：1
2020-12-23 21:53:18:750  电机温度计算完成, 位置标记：1
2020-12-23 21:53:18:752  电机温度计算完成, 位置标记：1
2020-12-23 21:53:18:753  车速为：36.621位置标记为：1
2020-12-23 21:53:18:772  振动分轮计算完成, 位置标记：1
2020-12-23 21:53:18:985  振动特征值计算完成, 位置标记：1
2020-12-23 21:53:19:026  磁钢信号预处理完成，位置标记：0
2020-12-23 21:53:19:035  温度分轮成功，分轮数尺度为：48
2020-12-23 21:53:19:080  轴承端盖温度特征值计算完成, 位置标记：0
2020-12-23 21:53:19:125  电机温度计算完成, 位置标记：0
2020-12-23 21:53:19:127  电机温度计算完成, 位置标记：0
2020-12-23 21:53:19:129  电机温度计算完成, 位置标记：0
2020-12-23 21:53:19:132  电机温度计算完成, 位置标记：0
2020-12-23 21:53:19:134  电机温度计算完成, 位置标记：0
2020-12-23 21:53:19:136  电机温度计算完成, 位置标记：0
2020-12-23 21:53:19:138  电机温度计算完成, 位置标记：0
2020-12-23 21:53:19:139  电机温度计算完成, 位置标记：0
2020-12-23 21:53:19:140  车速为：36.621位置标记为：0
2020-12-23 21:53:19:157  振动分轮计算完成, 位置标记：0
2020-12-23 21:53:19:358  振动特征值计算完成, 位置标记：0
