2020-12-28 17:00:00:900  magnetic4完成落盘
2020-12-28 17:00:04:523  temperate1完成落盘
2020-12-28 17:00:08:081  temperate2完成落盘
2020-12-28 17:00:11:706  temperate3完成落盘
2020-12-28 17:00:15:335  temperate4完成落盘
2020-12-28 17:00:15:344  开始处理数据
2020-12-28 17:00:15:903  右侧计算完成
2020-12-28 17:00:16:343  左侧计算完成
2020-12-28 17:00:16:345  检查结果数据
2020-12-28 17:00:16:347  通知桌面显示数据
2020-12-28 17:00:16:363  开始写入数据库
2020-12-28 17:00:16:385  预警及报警参数加载完成
2020-12-28 17:00:16:387  数据库打开成功
2020-12-28 17:00:16:389  train_info数据表写入成功
2020-12-28 17:00:16:519  train_onlyid读取成功
2020-12-28 17:00:16:523  train_data数据表写入成功
2020-12-28 17:00:16:526  vt_info数据表，第0次写入成功
2020-12-28 17:00:16:530  vt_info数据表，第1次写入成功
2020-12-28 17:00:16:533  vt_info数据表，第2次写入成功
2020-12-28 17:00:16:537  vt_info数据表，第3次写入成功
2020-12-28 17:00:16:540  vt_info数据表，第4次写入成功
2020-12-28 17:00:16:544  vt_info数据表，第5次写入成功
2020-12-28 17:00:16:547  vt_info数据表，第6次写入成功
2020-12-28 17:00:16:551  vt_info数据表，第7次写入成功
2020-12-28 17:00:16:554  vt_info数据表，第8次写入成功
2020-12-28 17:00:16:558  vt_info数据表，第9次写入成功
2020-12-28 17:00:16:561  vt_info数据表，第10次写入成功
2020-12-28 17:00:16:565  vt_info数据表，第11次写入成功
2020-12-28 17:00:16:568  vt_info数据表，第12次写入成功
2020-12-28 17:00:16:572  vt_info数据表，第13次写入成功
2020-12-28 17:00:16:576  vt_info数据表，第14次写入成功
2020-12-28 17:00:16:579  vt_info数据表，第15次写入成功
2020-12-28 17:00:16:583  vt_info数据表，第16次写入成功
2020-12-28 17:00:16:587  vt_info数据表，第17次写入成功
2020-12-28 17:00:16:590  vt_info数据表，第18次写入成功
2020-12-28 17:00:16:594  vt_info数据表，第19次写入成功
2020-12-28 17:00:16:598  vt_info数据表，第20次写入成功
2020-12-28 17:00:16:601  vt_info数据表，第21次写入成功
2020-12-28 17:00:16:605  vt_info数据表，第22次写入成功
2020-12-28 17:00:16:609  vt_info数据表，第23次写入成功
2020-12-28 17:00:16:612  vt_info数据表，第24次写入成功
2020-12-28 17:00:16:616  vt_info数据表，第25次写入成功
2020-12-28 17:00:16:620  vt_info数据表，第26次写入成功
2020-12-28 17:00:16:623  vt_info数据表，第27次写入成功
2020-12-28 17:00:16:627  vt_info数据表，第28次写入成功
2020-12-28 17:00:16:631  vt_info数据表，第29次写入成功
2020-12-28 17:00:16:634  vt_info数据表，第30次写入成功
2020-12-28 17:00:16:638  vt_info数据表，第31次写入成功
2020-12-28 17:00:16:642  vt_info数据表，第32次写入成功
2020-12-28 17:00:16:646  vt_info数据表，第33次写入成功
2020-12-28 17:00:16:649  vt_info数据表，第34次写入成功
2020-12-28 17:00:16:653  vt_info数据表，第35次写入成功
2020-12-28 17:00:16:656  vt_info数据表，第36次写入成功
2020-12-28 17:00:16:660  vt_info数据表，第37次写入成功
2020-12-28 17:00:16:664  vt_info数据表，第38次写入成功
2020-12-28 17:00:16:668  vt_info数据表，第39次写入成功
2020-12-28 17:00:16:671  vt_info数据表，第40次写入成功
2020-12-28 17:00:16:675  vt_info数据表，第41次写入成功
2020-12-28 17:00:16:679  vt_info数据表，第42次写入成功
2020-12-28 17:00:16:682  vt_info数据表，第43次写入成功
2020-12-28 17:00:16:686  vt_info数据表，第44次写入成功
2020-12-28 17:00:16:690  vt_info数据表，第45次写入成功
2020-12-28 17:00:16:693  vt_info数据表，第46次写入成功
2020-12-28 17:00:16:697  vt_info数据表，第47次写入成功
2020-12-28 17:00:16:700  motor_info数据表，第0次写入成功
2020-12-28 17:00:16:702  motor_info数据表，第1次写入成功
2020-12-28 17:00:16:705  motor_info数据表，第2次写入成功
2020-12-28 17:00:16:708  motor_info数据表，第3次写入成功
2020-12-28 17:00:16:710  motor_info数据表，第4次写入成功
2020-12-28 17:00:16:713  motor_info数据表，第5次写入成功
2020-12-28 17:00:16:715  motor_info数据表，第6次写入成功
2020-12-28 17:00:16:718  motor_info数据表，第7次写入成功
2020-12-28 17:00:16:721  motor_info数据表，第8次写入成功
2020-12-28 17:00:16:723  motor_info数据表，第9次写入成功
2020-12-28 17:00:16:726  motor_info数据表，第10次写入成功
2020-12-28 17:00:16:729  motor_info数据表，第11次写入成功
2020-12-28 17:00:16:732  motor_info数据表，第12次写入成功
2020-12-28 17:00:16:734  motor_info数据表，第13次写入成功
2020-12-28 17:00:16:737  motor_info数据表，第14次写入成功
2020-12-28 17:00:16:749  motor_info数据表，第15次写入成功
2020-12-28 17:00:16:751  数据库关闭！
2020-12-28 17:05:58:227  收到来车信号，流水号：20201228170558，所有设备开始采集
2020-12-28 17:05:58:273  开启A/D采集
2020-12-28 17:06:19:628  收到离车信号，流水号：20201228170558，线号：14，车号：013014，主控端：0，所有设备停止采集
2020-12-28 17:06:19:630  收到停止采集命令，开始停止采集
2020-12-28 17:06:19:637  停止采集数据
2020-12-28 17:06:19:639  采集连接已断开
2020-12-28 17:06:19:642  开始数据分析和落盘
2020-12-28 17:06:23:519  vibration1完成落盘
2020-12-28 17:06:26:699  vibration2完成落盘
2020-12-28 17:06:30:490  vibration3完成落盘
2020-12-28 17:06:34:088  vibration4完成落盘
2020-12-28 17:06:37:271  vibration5完成落盘
2020-12-28 17:06:40:651  vibration6完成落盘
2020-12-28 17:06:43:768  vibration7完成落盘
2020-12-28 17:06:46:799  vibration8完成落盘
2020-12-28 17:06:49:648  magnetic1完成落盘
2020-12-28 17:06:53:164  magnetic2完成落盘
2020-12-28 17:06:56:389  magnetic3完成落盘
2020-12-28 17:06:59:942  magnetic4完成落盘
2020-12-28 17:07:03:078  temperate1完成落盘
2020-12-28 17:07:06:142  temperate2完成落盘
2020-12-28 17:07:09:478  temperate3完成落盘
2020-12-28 17:07:12:666  temperate4完成落盘
2020-12-28 17:07:12:676  开始处理数据
2020-12-28 17:07:13:177  右侧计算完成
2020-12-28 17:07:13:608  左侧计算完成
2020-12-28 17:07:13:610  检查结果数据
2020-12-28 17:07:13:612  通知桌面显示数据
2020-12-28 17:07:13:628  开始写入数据库
2020-12-28 17:07:13:647  预警及报警参数加载完成
2020-12-28 17:07:13:649  数据库打开成功
2020-12-28 17:07:13:651  train_info数据表写入成功
2020-12-28 17:07:13:780  train_onlyid读取成功
2020-12-28 17:07:13:785  train_data数据表写入成功
2020-12-28 17:07:13:788  vt_info数据表，第0次写入成功
2020-12-28 17:07:13:792  vt_info数据表，第1次写入成功
2020-12-28 17:07:13:796  vt_info数据表，第2次写入成功
2020-12-28 17:07:13:799  vt_info数据表，第3次写入成功
2020-12-28 17:07:13:803  vt_info数据表，第4次写入成功
2020-12-28 17:07:13:807  vt_info数据表，第5次写入成功
2020-12-28 17:07:13:810  vt_info数据表，第6次写入成功
2020-12-28 17:07:13:814  vt_info数据表，第7次写入成功
2020-12-28 17:07:13:818  vt_info数据表，第8次写入成功
2020-12-28 17:07:13:822  vt_info数据表，第9次写入成功
2020-12-28 17:07:13:826  vt_info数据表，第10次写入成功
2020-12-28 17:07:13:829  vt_info数据表，第11次写入成功
2020-12-28 17:07:13:833  vt_info数据表，第12次写入成功
2020-12-28 17:07:13:837  vt_info数据表，第13次写入成功
2020-12-28 17:07:13:840  vt_info数据表，第14次写入成功
2020-12-28 17:07:13:844  vt_info数据表，第15次写入成功
2020-12-28 17:07:13:848  vt_info数据表，第16次写入成功
2020-12-28 17:07:13:852  vt_info数据表，第17次写入成功
2020-12-28 17:07:13:855  vt_info数据表，第18次写入成功
2020-12-28 17:07:13:859  vt_info数据表，第19次写入成功
2020-12-28 17:07:13:863  vt_info数据表，第20次写入成功
2020-12-28 17:07:13:866  vt_info数据表，第21次写入成功
2020-12-28 17:07:13:870  vt_info数据表，第22次写入成功
2020-12-28 17:07:13:874  vt_info数据表，第23次写入成功
2020-12-28 17:07:13:878  vt_info数据表，第24次写入成功
2020-12-28 17:07:13:881  vt_info数据表，第25次写入成功
2020-12-28 17:07:13:885  vt_info数据表，第26次写入成功
2020-12-28 17:07:13:889  vt_info数据表，第27次写入成功
2020-12-28 17:07:13:893  vt_info数据表，第28次写入成功
2020-12-28 17:07:13:897  vt_info数据表，第29次写入成功
2020-12-28 17:07:13:901  vt_info数据表，第30次写入成功
2020-12-28 17:07:13:904  vt_info数据表，第31次写入成功
2020-12-28 17:07:13:908  vt_info数据表，第32次写入成功
2020-12-28 17:07:13:912  vt_info数据表，第33次写入成功
2020-12-28 17:07:13:916  vt_info数据表，第34次写入成功
2020-12-28 17:07:13:919  vt_info数据表，第35次写入成功
2020-12-28 17:07:13:923  vt_info数据表，第36次写入成功
2020-12-28 17:07:13:927  vt_info数据表，第37次写入成功
2020-12-28 17:07:13:931  vt_info数据表，第38次写入成功
2020-12-28 17:07:13:934  vt_info数据表，第39次写入成功
2020-12-28 17:07:13:938  vt_info数据表，第40次写入成功
2020-12-28 17:07:13:942  vt_info数据表，第41次写入成功
2020-12-28 17:07:13:946  vt_info数据表，第42次写入成功
2020-12-28 17:07:13:949  vt_info数据表，第43次写入成功
2020-12-28 17:07:13:953  vt_info数据表，第44次写入成功
2020-12-28 17:07:13:957  vt_info数据表，第45次写入成功
2020-12-28 17:07:13:960  vt_info数据表，第46次写入成功
2020-12-28 17:07:13:964  vt_info数据表，第47次写入成功
2020-12-28 17:07:13:967  motor_info数据表，第0次写入成功
2020-12-28 17:07:13:970  motor_info数据表，第1次写入成功
2020-12-28 17:07:13:973  motor_info数据表，第2次写入成功
2020-12-28 17:07:13:975  motor_info数据表，第3次写入成功
2020-12-28 17:07:13:978  motor_info数据表，第4次写入成功
2020-12-28 17:07:13:980  motor_info数据表，第5次写入成功
2020-12-28 17:07:13:983  motor_info数据表，第6次写入成功
2020-12-28 17:07:13:986  motor_info数据表，第7次写入成功
2020-12-28 17:07:13:988  motor_info数据表，第8次写入成功
2020-12-28 17:07:13:991  motor_info数据表，第9次写入成功
2020-12-28 17:07:13:994  motor_info数据表，第10次写入成功
2020-12-28 17:07:13:997  motor_info数据表，第11次写入成功
2020-12-28 17:07:14:000  motor_info数据表，第12次写入成功
2020-12-28 17:07:14:002  motor_info数据表，第13次写入成功
2020-12-28 17:07:14:005  motor_info数据表，第14次写入成功
2020-12-28 17:07:14:017  motor_info数据表，第15次写入成功
2020-12-28 17:07:14:019  数据库关闭！
2020-12-28 17:14:21:529  收到来车信号，流水号：20201228171421，所有设备开始采集
2020-12-28 17:14:21:575  开启A/D采集
2020-12-28 17:14:42:810  收到离车信号，流水号：20201228171421，线号：14，车号：017018，主控端：1，所有设备停止采集
2020-12-28 17:14:42:812  收到停止采集命令，开始停止采集
2020-12-28 17:14:42:817  停止采集数据
2020-12-28 17:14:42:819  采集连接已断开
2020-12-28 17:14:42:821  开始数据分析和落盘
2020-12-28 17:14:46:456  vibration1完成落盘
2020-12-28 17:14:49:280  vibration2完成落盘
2020-12-28 17:14:52:226  vibration3完成落盘
2020-12-28 17:14:55:805  vibration4完成落盘
2020-12-28 17:14:59:294  vibration5完成落盘
2020-12-28 17:15:02:648  vibration6完成落盘
2020-12-28 17:15:05:801  vibration7完成落盘
2020-12-28 17:15:08:885  vibration8完成落盘
2020-12-28 17:15:11:859  magnetic1完成落盘
2020-12-28 17:15:15:096  magnetic2完成落盘
2020-12-28 17:15:18:277  magnetic3完成落盘
2020-12-28 17:15:21:439  magnetic4完成落盘
2020-12-28 17:15:24:260  temperate1完成落盘
2020-12-28 17:15:27:336  temperate2完成落盘
2020-12-28 17:15:30:152  temperate3完成落盘
2020-12-28 17:15:32:739  temperate4完成落盘
2020-12-28 17:15:32:748  开始处理数据
2020-12-28 17:15:33:154  右侧计算完成
2020-12-28 17:15:33:603  左侧计算完成
2020-12-28 17:15:33:605  检查结果数据
2020-12-28 17:15:33:607  通知桌面显示数据
2020-12-28 17:15:33:623  开始写入数据库
2020-12-28 17:15:33:640  预警及报警参数加载完成
2020-12-28 17:15:33:642  数据库打开成功
2020-12-28 17:15:33:644  train_info数据表写入成功
2020-12-28 17:15:33:773  train_onlyid读取成功
2020-12-28 17:15:33:778  train_data数据表写入成功
2020-12-28 17:15:33:781  vt_info数据表，第0次写入成功
2020-12-28 17:15:33:785  vt_info数据表，第1次写入成功
2020-12-28 17:15:33:788  vt_info数据表，第2次写入成功
2020-12-28 17:15:33:792  vt_info数据表，第3次写入成功
2020-12-28 17:15:33:795  vt_info数据表，第4次写入成功
2020-12-28 17:15:33:798  vt_info数据表，第5次写入成功
2020-12-28 17:15:33:802  vt_info数据表，第6次写入成功
2020-12-28 17:15:33:805  vt_info数据表，第7次写入成功
2020-12-28 17:15:33:809  vt_info数据表，第8次写入成功
2020-12-28 17:15:33:812  vt_info数据表，第9次写入成功
2020-12-28 17:15:33:815  vt_info数据表，第10次写入成功
2020-12-28 17:15:33:819  vt_info数据表，第11次写入成功
2020-12-28 17:15:33:822  vt_info数据表，第12次写入成功
2020-12-28 17:15:33:826  vt_info数据表，第13次写入成功
2020-12-28 17:15:33:830  vt_info数据表，第14次写入成功
2020-12-28 17:15:33:834  vt_info数据表，第15次写入成功
2020-12-28 17:15:33:837  vt_info数据表，第16次写入成功
2020-12-28 17:15:33:841  vt_info数据表，第17次写入成功
2020-12-28 17:15:33:844  vt_info数据表，第18次写入成功
2020-12-28 17:15:33:848  vt_info数据表，第19次写入成功
2020-12-28 17:15:33:852  vt_info数据表，第20次写入成功
2020-12-28 17:15:33:855  vt_info数据表，第21次写入成功
2020-12-28 17:15:33:859  vt_info数据表，第22次写入成功
2020-12-28 17:15:33:862  vt_info数据表，第23次写入成功
2020-12-28 17:15:33:866  vt_info数据表，第24次写入成功
2020-12-28 17:15:33:870  vt_info数据表，第25次写入成功
2020-12-28 17:15:33:873  vt_info数据表，第26次写入成功
2020-12-28 17:15:33:877  vt_info数据表，第27次写入成功
2020-12-28 17:15:33:881  vt_info数据表，第28次写入成功
2020-12-28 17:15:33:884  vt_info数据表，第29次写入成功
2020-12-28 17:15:33:888  vt_info数据表，第30次写入成功
2020-12-28 17:15:33:892  vt_info数据表，第31次写入成功
2020-12-28 17:15:33:895  vt_info数据表，第32次写入成功
2020-12-28 17:15:33:899  vt_info数据表，第33次写入成功
2020-12-28 17:15:33:903  vt_info数据表，第34次写入成功
2020-12-28 17:15:33:906  vt_info数据表，第35次写入成功
2020-12-28 17:15:33:910  vt_info数据表，第36次写入成功
2020-12-28 17:15:33:914  vt_info数据表，第37次写入成功
2020-12-28 17:15:33:917  vt_info数据表，第38次写入成功
2020-12-28 17:15:33:921  vt_info数据表，第39次写入成功
2020-12-28 17:15:33:925  vt_info数据表，第40次写入成功
2020-12-28 17:15:33:928  vt_info数据表，第41次写入成功
2020-12-28 17:15:33:932  vt_info数据表，第42次写入成功
2020-12-28 17:15:33:936  vt_info数据表，第43次写入成功
2020-12-28 17:15:33:939  vt_info数据表，第44次写入成功
2020-12-28 17:15:33:943  vt_info数据表，第45次写入成功
2020-12-28 17:15:33:947  vt_info数据表，第46次写入成功
2020-12-28 17:15:33:950  vt_info数据表，第47次写入成功
2020-12-28 17:15:33:953  motor_info数据表，第0次写入成功
2020-12-28 17:15:33:956  motor_info数据表，第1次写入成功
2020-12-28 17:15:33:958  motor_info数据表，第2次写入成功
2020-12-28 17:15:33:961  motor_info数据表，第3次写入成功
2020-12-28 17:15:33:964  motor_info数据表，第4次写入成功
2020-12-28 17:15:33:966  motor_info数据表，第5次写入成功
2020-12-28 17:15:33:969  motor_info数据表，第6次写入成功
2020-12-28 17:15:33:972  motor_info数据表，第7次写入成功
2020-12-28 17:15:33:974  motor_info数据表，第8次写入成功
2020-12-28 17:15:33:977  motor_info数据表，第9次写入成功
2020-12-28 17:15:33:980  motor_info数据表，第10次写入成功
2020-12-28 17:15:33:983  motor_info数据表，第11次写入成功
2020-12-28 17:15:33:985  motor_info数据表，第12次写入成功
2020-12-28 17:15:33:988  motor_info数据表，第13次写入成功
2020-12-28 17:15:33:990  motor_info数据表，第14次写入成功
2020-12-28 17:15:34:002  motor_info数据表，第15次写入成功
2020-12-28 17:15:34:004  数据库关闭！
2020-12-28 17:22:58:727  收到来车信号，流水号：20201228172258，所有设备开始采集
2020-12-28 17:22:58:773  开启A/D采集
2020-12-28 17:23:20:127  收到离车信号，流水号：20201228172258，线号：14，车号：057058，主控端：0，所有设备停止采集
2020-12-28 17:23:20:129  收到停止采集命令，开始停止采集
2020-12-28 17:23:20:136  停止采集数据
2020-12-28 17:23:20:138  采集连接已断开
2020-12-28 17:23:20:140  开始数据分析和落盘
2020-12-28 17:23:24:117  vibration1完成落盘
2020-12-28 17:23:27:354  vibration2完成落盘
2020-12-28 17:23:30:667  vibration3完成落盘
2020-12-28 17:23:33:853  vibration4完成落盘
2020-12-28 17:23:37:343  vibration5完成落盘
2020-12-28 17:23:40:648  vibration6完成落盘
2020-12-28 17:23:43:612  vibration7完成落盘
2020-12-28 17:23:46:796  vibration8完成落盘
2020-12-28 17:23:49:808  magnetic1完成落盘
2020-12-28 17:23:53:420  magnetic2完成落盘
2020-12-28 17:23:56:827  magnetic3完成落盘
2020-12-28 17:24:00:145  magnetic4完成落盘
2020-12-28 17:24:03:523  temperate1完成落盘
2020-12-28 17:24:06:697  temperate2完成落盘
2020-12-28 17:24:09:696  temperate3完成落盘
2020-12-28 17:24:12:744  temperate4完成落盘
2020-12-28 17:24:12:753  开始处理数据
2020-12-28 17:24:13:283  右侧计算完成
2020-12-28 17:24:13:705  左侧计算完成
2020-12-28 17:24:13:707  检查结果数据
2020-12-28 17:24:13:709  通知桌面显示数据
2020-12-28 17:24:13:725  开始写入数据库
2020-12-28 17:24:13:747  预警及报警参数加载完成
2020-12-28 17:24:13:749  数据库打开成功
2020-12-28 17:24:13:751  train_info数据表写入成功
2020-12-28 17:24:13:883  train_onlyid读取成功
2020-12-28 17:24:13:888  train_data数据表写入成功
2020-12-28 17:24:13:891  vt_info数据表，第0次写入成功
2020-12-28 17:24:13:895  vt_info数据表，第1次写入成功
2020-12-28 17:24:13:899  vt_info数据表，第2次写入成功
2020-12-28 17:24:13:902  vt_info数据表，第3次写入成功
2020-12-28 17:24:13:906  vt_info数据表，第4次写入成功
2020-12-28 17:24:13:910  vt_info数据表，第5次写入成功
2020-12-28 17:24:13:913  vt_info数据表，第6次写入成功
2020-12-28 17:24:13:917  vt_info数据表，第7次写入成功
2020-12-28 17:24:13:921  vt_info数据表，第8次写入成功
2020-12-28 17:24:13:924  vt_info数据表，第9次写入成功
2020-12-28 17:24:13:928  vt_info数据表，第10次写入成功
2020-12-28 17:24:13:932  vt_info数据表，第11次写入成功
2020-12-28 17:24:13:936  vt_info数据表，第12次写入成功
2020-12-28 17:24:13:939  vt_info数据表，第13次写入成功
2020-12-28 17:24:13:943  vt_info数据表，第14次写入成功
2020-12-28 17:24:13:947  vt_info数据表，第15次写入成功
2020-12-28 17:24:13:950  vt_info数据表，第16次写入成功
2020-12-28 17:24:13:954  vt_info数据表，第17次写入成功
2020-12-28 17:24:13:958  vt_info数据表，第18次写入成功
2020-12-28 17:24:13:961  vt_info数据表，第19次写入成功
2020-12-28 17:24:13:965  vt_info数据表，第20次写入成功
2020-12-28 17:24:13:969  vt_info数据表，第21次写入成功
2020-12-28 17:24:13:973  vt_info数据表，第22次写入成功
2020-12-28 17:24:13:976  vt_info数据表，第23次写入成功
2020-12-28 17:24:13:980  vt_info数据表，第24次写入成功
2020-12-28 17:24:13:984  vt_info数据表，第25次写入成功
2020-12-28 17:24:13:987  vt_info数据表，第26次写入成功
2020-12-28 17:24:13:991  vt_info数据表，第27次写入成功
2020-12-28 17:24:13:995  vt_info数据表，第28次写入成功
2020-12-28 17:24:13:998  vt_info数据表，第29次写入成功
2020-12-28 17:24:14:002  vt_info数据表，第30次写入成功
2020-12-28 17:24:14:006  vt_info数据表，第31次写入成功
2020-12-28 17:24:14:009  vt_info数据表，第32次写入成功
2020-12-28 17:24:14:013  vt_info数据表，第33次写入成功
2020-12-28 17:24:14:016  vt_info数据表，第34次写入成功
2020-12-28 17:24:14:020  vt_info数据表，第35次写入成功
2020-12-28 17:24:14:024  vt_info数据表，第36次写入成功
2020-12-28 17:24:14:028  vt_info数据表，第37次写入成功
2020-12-28 17:24:14:031  vt_info数据表，第38次写入成功
2020-12-28 17:24:14:035  vt_info数据表，第39次写入成功
2020-12-28 17:24:14:039  vt_info数据表，第40次写入成功
2020-12-28 17:24:14:042  vt_info数据表，第41次写入成功
2020-12-28 17:24:14:046  vt_info数据表，第42次写入成功
2020-12-28 17:24:14:050  vt_info数据表，第43次写入成功
2020-12-28 17:24:14:053  vt_info数据表，第44次写入成功
2020-12-28 17:24:14:057  vt_info数据表，第45次写入成功
2020-12-28 17:24:14:061  vt_info数据表，第46次写入成功
2020-12-28 17:24:14:064  vt_info数据表，第47次写入成功
2020-12-28 17:24:14:067  motor_info数据表，第0次写入成功
2020-12-28 17:24:14:070  motor_info数据表，第1次写入成功
2020-12-28 17:24:14:072  motor_info数据表，第2次写入成功
2020-12-28 17:24:14:075  motor_info数据表，第3次写入成功
2020-12-28 17:24:14:078  motor_info数据表，第4次写入成功
2020-12-28 17:24:14:080  motor_info数据表，第5次写入成功
2020-12-28 17:24:14:083  motor_info数据表，第6次写入成功
2020-12-28 17:24:14:086  motor_info数据表，第7次写入成功
2020-12-28 17:24:14:089  motor_info数据表，第8次写入成功
2020-12-28 17:24:14:091  motor_info数据表，第9次写入成功
2020-12-28 17:24:14:094  motor_info数据表，第10次写入成功
2020-12-28 17:24:14:097  motor_info数据表，第11次写入成功
2020-12-28 17:24:14:099  motor_info数据表，第12次写入成功
2020-12-28 17:24:14:102  motor_info数据表，第13次写入成功
2020-12-28 17:24:14:105  motor_info数据表，第14次写入成功
2020-12-28 17:24:14:117  motor_info数据表，第15次写入成功
2020-12-28 17:24:14:119  数据库关闭！
2020-12-28 17:28:59:301  收到来车信号，流水号：20201228172859，所有设备开始采集
2020-12-28 17:28:59:347  开启A/D采集
2020-12-28 17:29:21:226  收到离车信号，流水号：20201228172859，线号：14，车号：041042，主控端：1，所有设备停止采集
2020-12-28 17:29:21:228  收到停止采集命令，开始停止采集
2020-12-28 17:29:21:232  停止采集数据
2020-12-28 17:29:21:234  采集连接已断开
2020-12-28 17:29:21:236  开始数据分析和落盘
2020-12-28 17:29:25:554  vibration1完成落盘
2020-12-28 17:29:29:406  vibration2完成落盘
2020-12-28 17:29:32:784  vibration3完成落盘
2020-12-28 17:29:36:228  vibration4完成落盘
2020-12-28 17:29:40:063  vibration5完成落盘
2020-12-28 17:29:43:840  vibration6完成落盘
2020-12-28 17:29:47:254  vibration7完成落盘
2020-12-28 17:29:51:063  vibration8完成落盘
2020-12-28 17:29:54:472  magnetic1完成落盘
2020-12-28 17:29:58:084  magnetic2完成落盘
2020-12-28 17:30:02:033  magnetic3完成落盘
2020-12-28 17:30:05:424  magnetic4完成落盘
2020-12-28 17:30:08:585  temperate1完成落盘
2020-12-28 17:30:11:598  temperate2完成落盘
2020-12-28 17:30:14:859  temperate3完成落盘
2020-12-28 17:30:17:843  temperate4完成落盘
2020-12-28 17:30:17:851  开始处理数据
2020-12-28 17:30:18:389  右侧计算完成
2020-12-28 17:30:18:736  左侧计算完成
2020-12-28 17:30:18:738  检查结果数据
2020-12-28 17:30:18:740  通知桌面显示数据
2020-12-28 17:30:18:756  开始写入数据库
2020-12-28 17:30:18:771  预警及报警参数加载完成
2020-12-28 17:30:18:773  数据库打开成功
2020-12-28 17:30:18:775  train_info数据表写入成功
2020-12-28 17:30:18:906  train_onlyid读取成功
2020-12-28 17:30:18:910  train_data数据表写入成功
2020-12-28 17:30:18:914  vt_info数据表，第0次写入成功
2020-12-28 17:30:18:918  vt_info数据表，第1次写入成功
2020-12-28 17:30:18:922  vt_info数据表，第2次写入成功
2020-12-28 17:30:18:925  vt_info数据表，第3次写入成功
2020-12-28 17:30:18:929  vt_info数据表，第4次写入成功
2020-12-28 17:30:18:932  vt_info数据表，第5次写入成功
2020-12-28 17:30:18:936  vt_info数据表，第6次写入成功
2020-12-28 17:30:18:940  vt_info数据表，第7次写入成功
2020-12-28 17:30:18:943  vt_info数据表，第8次写入成功
2020-12-28 17:30:18:947  vt_info数据表，第9次写入成功
2020-12-28 17:30:18:951  vt_info数据表，第10次写入成功
2020-12-28 17:30:18:954  vt_info数据表，第11次写入成功
2020-12-28 17:30:18:958  vt_info数据表，第12次写入成功
2020-12-28 17:30:18:962  vt_info数据表，第13次写入成功
2020-12-28 17:30:18:965  vt_info数据表，第14次写入成功
2020-12-28 17:30:18:969  vt_info数据表，第15次写入成功
2020-12-28 17:30:18:973  vt_info数据表，第16次写入成功
2020-12-28 17:30:18:977  vt_info数据表，第17次写入成功
2020-12-28 17:30:18:980  vt_info数据表，第18次写入成功
2020-12-28 17:30:18:984  vt_info数据表，第19次写入成功
2020-12-28 17:30:18:988  vt_info数据表，第20次写入成功
2020-12-28 17:30:18:991  vt_info数据表，第21次写入成功
2020-12-28 17:30:18:995  vt_info数据表，第22次写入成功
2020-12-28 17:30:18:998  vt_info数据表，第23次写入成功
2020-12-28 17:30:19:002  vt_info数据表，第24次写入成功
2020-12-28 17:30:19:007  vt_info数据表，第25次写入成功
2020-12-28 17:30:19:011  vt_info数据表，第26次写入成功
2020-12-28 17:30:19:015  vt_info数据表，第27次写入成功
2020-12-28 17:30:19:018  vt_info数据表，第28次写入成功
2020-12-28 17:30:19:022  vt_info数据表，第29次写入成功
2020-12-28 17:30:19:025  vt_info数据表，第30次写入成功
2020-12-28 17:30:19:030  vt_info数据表，第31次写入成功
2020-12-28 17:30:19:033  vt_info数据表，第32次写入成功
2020-12-28 17:30:19:037  vt_info数据表，第33次写入成功
2020-12-28 17:30:19:041  vt_info数据表，第34次写入成功
2020-12-28 17:30:19:045  vt_info数据表，第35次写入成功
2020-12-28 17:30:19:048  vt_info数据表，第36次写入成功
2020-12-28 17:30:19:052  vt_info数据表，第37次写入成功
2020-12-28 17:30:19:056  vt_info数据表，第38次写入成功
2020-12-28 17:30:19:060  vt_info数据表，第39次写入成功
2020-12-28 17:30:19:063  vt_info数据表，第40次写入成功
2020-12-28 17:30:19:067  vt_info数据表，第41次写入成功
2020-12-28 17:30:19:071  vt_info数据表，第42次写入成功
2020-12-28 17:30:19:075  vt_info数据表，第43次写入成功
2020-12-28 17:30:19:078  vt_info数据表，第44次写入成功
2020-12-28 17:30:19:082  vt_info数据表，第45次写入成功
2020-12-28 17:30:19:086  vt_info数据表，第46次写入成功
2020-12-28 17:30:19:090  vt_info数据表，第47次写入成功
2020-12-28 17:30:19:092  motor_info数据表，第0次写入成功
2020-12-28 17:30:19:095  motor_info数据表，第1次写入成功
2020-12-28 17:30:19:098  motor_info数据表，第2次写入成功
2020-12-28 17:30:19:101  motor_info数据表，第3次写入成功
2020-12-28 17:30:19:103  motor_info数据表，第4次写入成功
2020-12-28 17:30:19:106  motor_info数据表，第5次写入成功
2020-12-28 17:30:19:109  motor_info数据表，第6次写入成功
2020-12-28 17:30:19:112  motor_info数据表，第7次写入成功
2020-12-28 17:30:19:115  motor_info数据表，第8次写入成功
2020-12-28 17:30:19:117  motor_info数据表，第9次写入成功
2020-12-28 17:30:19:120  motor_info数据表，第10次写入成功
2020-12-28 17:30:19:123  motor_info数据表，第11次写入成功
2020-12-28 17:30:19:126  motor_info数据表，第12次写入成功
2020-12-28 17:30:19:129  motor_info数据表，第13次写入成功
2020-12-28 17:30:19:131  motor_info数据表，第14次写入成功
2020-12-28 17:30:19:144  motor_info数据表，第15次写入成功
2020-12-28 17:30:19:146  数据库关闭！
2020-12-28 17:32:43:127  收到来车信号，流水号：20201228173243，所有设备开始采集
2020-12-28 17:32:43:174  开启A/D采集
2020-12-28 17:33:04:626  收到离车信号，流水号：20201228173243，线号：14，车号：011012，主控端：1，所有设备停止采集
2020-12-28 17:33:04:628  收到停止采集命令，开始停止采集
2020-12-28 17:33:04:632  停止采集数据
2020-12-28 17:33:04:634  采集连接已断开
2020-12-28 17:33:04:636  开始数据分析和落盘
2020-12-28 17:33:08:603  vibration1完成落盘
2020-12-28 17:33:11:761  vibration2完成落盘
2020-12-28 17:33:14:580  vibration3完成落盘
2020-12-28 17:33:17:421  vibration4完成落盘
2020-12-28 17:33:20:590  vibration5完成落盘
2020-12-28 17:33:23:888  vibration6完成落盘
2020-12-28 17:33:26:940  vibration7完成落盘
2020-12-28 17:33:30:732  vibration8完成落盘
2020-12-28 17:33:34:606  magnetic1完成落盘
2020-12-28 17:33:38:305  magnetic2完成落盘
2020-12-28 17:33:42:153  magnetic3完成落盘
2020-12-28 17:33:45:454  magnetic4完成落盘
2020-12-28 17:33:48:453  temperate1完成落盘
2020-12-28 17:33:51:712  temperate2完成落盘
2020-12-28 17:33:54:684  temperate3完成落盘
2020-12-28 17:33:57:607  temperate4完成落盘
2020-12-28 17:33:57:616  开始处理数据
2020-12-28 17:33:58:029  右侧计算完成
2020-12-28 17:33:58:355  左侧计算完成
2020-12-28 17:33:58:357  检查结果数据
2020-12-28 17:33:58:359  通知桌面显示数据
2020-12-28 17:33:58:375  开始写入数据库
2020-12-28 17:33:58:392  预警及报警参数加载完成
2020-12-28 17:33:58:393  数据库打开成功
2020-12-28 17:33:58:396  train_info数据表写入成功
2020-12-28 17:33:58:529  train_onlyid读取成功
2020-12-28 17:33:58:533  train_data数据表写入成功
2020-12-28 17:33:58:537  vt_info数据表，第0次写入成功
2020-12-28 17:33:58:541  vt_info数据表，第1次写入成功
2020-12-28 17:33:58:544  vt_info数据表，第2次写入成功
2020-12-28 17:33:58:548  vt_info数据表，第3次写入成功
2020-12-28 17:33:58:552  vt_info数据表，第4次写入成功
2020-12-28 17:33:58:556  vt_info数据表，第5次写入成功
2020-12-28 17:33:58:559  vt_info数据表，第6次写入成功
2020-12-28 17:33:58:563  vt_info数据表，第7次写入成功
2020-12-28 17:33:58:567  vt_info数据表，第8次写入成功
2020-12-28 17:33:58:570  vt_info数据表，第9次写入成功
2020-12-28 17:33:58:574  vt_info数据表，第10次写入成功
2020-12-28 17:33:58:577  vt_info数据表，第11次写入成功
2020-12-28 17:33:58:581  vt_info数据表，第12次写入成功
2020-12-28 17:33:58:585  vt_info数据表，第13次写入成功
2020-12-28 17:33:58:588  vt_info数据表，第14次写入成功
2020-12-28 17:33:58:592  vt_info数据表，第15次写入成功
2020-12-28 17:33:58:596  vt_info数据表，第16次写入成功
2020-12-28 17:33:58:599  vt_info数据表，第17次写入成功
2020-12-28 17:33:58:603  vt_info数据表，第18次写入成功
2020-12-28 17:33:58:607  vt_info数据表，第19次写入成功
2020-12-28 17:33:58:611  vt_info数据表，第20次写入成功
2020-12-28 17:33:58:614  vt_info数据表，第21次写入成功
2020-12-28 17:33:58:618  vt_info数据表，第22次写入成功
2020-12-28 17:33:58:622  vt_info数据表，第23次写入成功
2020-12-28 17:33:58:625  vt_info数据表，第24次写入成功
2020-12-28 17:33:58:629  vt_info数据表，第25次写入成功
2020-12-28 17:33:58:633  vt_info数据表，第26次写入成功
2020-12-28 17:33:58:636  vt_info数据表，第27次写入成功
2020-12-28 17:33:58:640  vt_info数据表，第28次写入成功
2020-12-28 17:33:58:643  vt_info数据表，第29次写入成功
2020-12-28 17:33:58:647  vt_info数据表，第30次写入成功
2020-12-28 17:33:58:651  vt_info数据表，第31次写入成功
2020-12-28 17:33:58:654  vt_info数据表，第32次写入成功
2020-12-28 17:33:58:658  vt_info数据表，第33次写入成功
2020-12-28 17:33:58:662  vt_info数据表，第34次写入成功
2020-12-28 17:33:58:665  vt_info数据表，第35次写入成功
2020-12-28 17:33:58:669  vt_info数据表，第36次写入成功
2020-12-28 17:33:58:673  vt_info数据表，第37次写入成功
2020-12-28 17:33:58:676  vt_info数据表，第38次写入成功
2020-12-28 17:33:58:680  vt_info数据表，第39次写入成功
2020-12-28 17:33:58:684  vt_info数据表，第40次写入成功
2020-12-28 17:33:58:687  vt_info数据表，第41次写入成功
2020-12-28 17:33:58:691  vt_info数据表，第42次写入成功
2020-12-28 17:33:58:695  vt_info数据表，第43次写入成功
2020-12-28 17:33:58:699  vt_info数据表，第44次写入成功
2020-12-28 17:33:58:702  vt_info数据表，第45次写入成功
2020-12-28 17:33:58:706  vt_info数据表，第46次写入成功
2020-12-28 17:33:58:710  vt_info数据表，第47次写入成功
2020-12-28 17:33:58:712  motor_info数据表，第0次写入成功
2020-12-28 17:33:58:715  motor_info数据表，第1次写入成功
2020-12-28 17:33:58:718  motor_info数据表，第2次写入成功
2020-12-28 17:33:58:721  motor_info数据表，第3次写入成功
2020-12-28 17:33:58:723  motor_info数据表，第4次写入成功
2020-12-28 17:33:58:726  motor_info数据表，第5次写入成功
2020-12-28 17:33:58:729  motor_info数据表，第6次写入成功
2020-12-28 17:33:58:732  motor_info数据表，第7次写入成功
2020-12-28 17:33:58:734  motor_info数据表，第8次写入成功
2020-12-28 17:33:58:737  motor_info数据表，第9次写入成功
2020-12-28 17:33:58:740  motor_info数据表，第10次写入成功
2020-12-28 17:33:58:743  motor_info数据表，第11次写入成功
2020-12-28 17:33:58:745  motor_info数据表，第12次写入成功
2020-12-28 17:33:58:748  motor_info数据表，第13次写入成功
2020-12-28 17:33:58:751  motor_info数据表，第14次写入成功
2020-12-28 17:33:58:763  motor_info数据表，第15次写入成功
2020-12-28 17:33:58:765  数据库关闭！
2020-12-28 17:39:22:924  收到来车信号，流水号：20201228173922，所有设备开始采集
2020-12-28 17:39:22:971  开启A/D采集
2020-12-28 17:39:44:276  收到离车信号，流水号：20201228173922，线号：14，车号：045046，主控端：0，所有设备停止采集
2020-12-28 17:39:44:278  收到停止采集命令，开始停止采集
2020-12-28 17:39:44:284  停止采集数据
2020-12-28 17:39:44:286  采集连接已断开
2020-12-28 17:39:44:288  开始数据分析和落盘
2020-12-28 17:39:48:292  vibration1完成落盘
2020-12-28 17:39:51:645  vibration2完成落盘
2020-12-28 17:39:54:844  vibration3完成落盘
2020-12-28 17:39:58:170  vibration4完成落盘
2020-12-28 17:40:01:258  vibration5完成落盘
2020-12-28 17:40:04:625  vibration6完成落盘
2020-12-28 17:40:08:012  vibration7完成落盘
2020-12-28 17:40:11:305  vibration8完成落盘
2020-12-28 17:40:14:368  magnetic1完成落盘
2020-12-28 17:40:17:669  magnetic2完成落盘
2020-12-28 17:40:20:922  magnetic3完成落盘
2020-12-28 17:40:24:242  magnetic4完成落盘
2020-12-28 17:40:27:116  temperate1完成落盘
2020-12-28 17:40:30:134  temperate2完成落盘
2020-12-28 17:40:32:941  temperate3完成落盘
2020-12-28 17:40:35:990  temperate4完成落盘
2020-12-28 17:40:35:998  开始处理数据
2020-12-28 17:40:36:524  右侧计算完成
2020-12-28 17:40:36:982  左侧计算完成
2020-12-28 17:40:36:984  检查结果数据
2020-12-28 17:40:36:986  通知桌面显示数据
2020-12-28 17:40:37:003  开始写入数据库
2020-12-28 17:40:37:024  预警及报警参数加载完成
2020-12-28 17:40:37:026  数据库打开成功
2020-12-28 17:40:37:028  train_info数据表写入成功
2020-12-28 17:40:37:159  train_onlyid读取成功
2020-12-28 17:40:37:163  train_data数据表写入成功
2020-12-28 17:40:37:166  vt_info数据表，第0次写入成功
2020-12-28 17:40:37:170  vt_info数据表，第1次写入成功
2020-12-28 17:40:37:174  vt_info数据表，第2次写入成功
2020-12-28 17:40:37:177  vt_info数据表，第3次写入成功
2020-12-28 17:40:37:180  vt_info数据表，第4次写入成功
2020-12-28 17:40:37:184  vt_info数据表，第5次写入成功
2020-12-28 17:40:37:188  vt_info数据表，第6次写入成功
2020-12-28 17:40:37:191  vt_info数据表，第7次写入成功
2020-12-28 17:40:37:195  vt_info数据表，第8次写入成功
2020-12-28 17:40:37:198  vt_info数据表，第9次写入成功
2020-12-28 17:40:37:202  vt_info数据表，第10次写入成功
2020-12-28 17:40:37:205  vt_info数据表，第11次写入成功
2020-12-28 17:40:37:209  vt_info数据表，第12次写入成功
2020-12-28 17:40:37:213  vt_info数据表，第13次写入成功
2020-12-28 17:40:37:216  vt_info数据表，第14次写入成功
2020-12-28 17:40:37:220  vt_info数据表，第15次写入成功
2020-12-28 17:40:37:224  vt_info数据表，第16次写入成功
2020-12-28 17:40:37:227  vt_info数据表，第17次写入成功
2020-12-28 17:40:37:231  vt_info数据表，第18次写入成功
2020-12-28 17:40:37:235  vt_info数据表，第19次写入成功
2020-12-28 17:40:37:238  vt_info数据表，第20次写入成功
2020-12-28 17:40:37:242  vt_info数据表，第21次写入成功
2020-12-28 17:40:37:245  vt_info数据表，第22次写入成功
2020-12-28 17:40:37:249  vt_info数据表，第23次写入成功
2020-12-28 17:40:37:253  vt_info数据表，第24次写入成功
2020-12-28 17:40:37:256  vt_info数据表，第25次写入成功
2020-12-28 17:40:37:260  vt_info数据表，第26次写入成功
2020-12-28 17:40:37:264  vt_info数据表，第27次写入成功
2020-12-28 17:40:37:267  vt_info数据表，第28次写入成功
2020-12-28 17:40:37:271  vt_info数据表，第29次写入成功
2020-12-28 17:40:37:275  vt_info数据表，第30次写入成功
2020-12-28 17:40:37:278  vt_info数据表，第31次写入成功
2020-12-28 17:40:37:282  vt_info数据表，第32次写入成功
2020-12-28 17:40:37:286  vt_info数据表，第33次写入成功
2020-12-28 17:40:37:289  vt_info数据表，第34次写入成功
2020-12-28 17:40:37:293  vt_info数据表，第35次写入成功
2020-12-28 17:40:37:296  vt_info数据表，第36次写入成功
2020-12-28 17:40:37:300  vt_info数据表，第37次写入成功
2020-12-28 17:40:37:304  vt_info数据表，第38次写入成功
2020-12-28 17:40:37:308  vt_info数据表，第39次写入成功
2020-12-28 17:40:37:311  vt_info数据表，第40次写入成功
2020-12-28 17:40:37:315  vt_info数据表，第41次写入成功
2020-12-28 17:40:37:318  vt_info数据表，第42次写入成功
2020-12-28 17:40:37:322  vt_info数据表，第43次写入成功
2020-12-28 17:40:37:326  vt_info数据表，第44次写入成功
2020-12-28 17:40:37:329  vt_info数据表，第45次写入成功
2020-12-28 17:40:37:333  vt_info数据表，第46次写入成功
2020-12-28 17:40:37:337  vt_info数据表，第47次写入成功
2020-12-28 17:40:37:340  motor_info数据表，第0次写入成功
2020-12-28 17:40:37:342  motor_info数据表，第1次写入成功
2020-12-28 17:40:37:345  motor_info数据表，第2次写入成功
2020-12-28 17:40:37:348  motor_info数据表，第3次写入成功
2020-12-28 17:40:37:350  motor_info数据表，第4次写入成功
2020-12-28 17:40:37:353  motor_info数据表，第5次写入成功
2020-12-28 17:40:37:356  motor_info数据表，第6次写入成功
2020-12-28 17:40:37:359  motor_info数据表，第7次写入成功
2020-12-28 17:40:37:361  motor_info数据表，第8次写入成功
2020-12-28 17:40:37:364  motor_info数据表，第9次写入成功
2020-12-28 17:40:37:367  motor_info数据表，第10次写入成功
2020-12-28 17:40:37:369  motor_info数据表，第11次写入成功
2020-12-28 17:40:37:372  motor_info数据表，第12次写入成功
2020-12-28 17:40:37:374  motor_info数据表，第13次写入成功
2020-12-28 17:40:37:377  motor_info数据表，第14次写入成功
2020-12-28 17:40:37:389  motor_info数据表，第15次写入成功
2020-12-28 17:40:37:391  数据库关闭！
2020-12-28 17:47:48:626  收到来车信号，流水号：20201228174748，所有设备开始采集
2020-12-28 17:47:48:672  开启A/D采集
2020-12-28 17:48:10:023  收到离车信号，流水号：20201228174748，线号：14，车号：003004，主控端：1，所有设备停止采集
2020-12-28 17:48:10:025  收到停止采集命令，开始停止采集
2020-12-28 17:48:10:031  停止采集数据
2020-12-28 17:48:10:034  采集连接已断开
2020-12-28 17:48:10:036  开始数据分析和落盘
2020-12-28 17:48:14:156  vibration1完成落盘
2020-12-28 17:48:17:639  vibration2完成落盘
2020-12-28 17:48:21:280  vibration3完成落盘
2020-12-28 17:48:24:916  vibration4完成落盘
2020-12-28 17:48:28:177  vibration5完成落盘
2020-12-28 17:48:31:666  vibration6完成落盘
2020-12-28 17:48:34:823  vibration7完成落盘
2020-12-28 17:48:38:421  vibration8完成落盘
2020-12-28 17:48:42:281  magnetic1完成落盘
2020-12-28 17:48:45:873  magnetic2完成落盘
2020-12-28 17:48:49:058  magnetic3完成落盘
2020-12-28 17:48:52:662  magnetic4完成落盘
2020-12-28 17:48:55:991  temperate1完成落盘
2020-12-28 17:48:59:430  temperate2完成落盘
2020-12-28 17:49:02:559  temperate3完成落盘
2020-12-28 17:49:05:671  temperate4完成落盘
2020-12-28 17:49:05:679  开始处理数据
2020-12-28 17:49:06:124  右侧计算完成
2020-12-28 17:49:06:543  左侧计算完成
2020-12-28 17:49:06:545  检查结果数据
2020-12-28 17:49:06:547  通知桌面显示数据
2020-12-28 17:49:06:561  开始写入数据库
2020-12-28 17:49:06:580  预警及报警参数加载完成
2020-12-28 17:49:06:582  数据库打开成功
2020-12-28 17:49:06:584  train_info数据表写入成功
2020-12-28 17:49:06:716  train_onlyid读取成功
2020-12-28 17:49:06:721  train_data数据表写入成功
2020-12-28 17:49:06:724  vt_info数据表，第0次写入成功
2020-12-28 17:49:06:728  vt_info数据表，第1次写入成功
2020-12-28 17:49:06:732  vt_info数据表，第2次写入成功
2020-12-28 17:49:06:736  vt_info数据表，第3次写入成功
2020-12-28 17:49:06:740  vt_info数据表，第4次写入成功
2020-12-28 17:49:06:744  vt_info数据表，第5次写入成功
2020-12-28 17:49:06:747  vt_info数据表，第6次写入成功
2020-12-28 17:49:06:751  vt_info数据表，第7次写入成功
2020-12-28 17:49:06:755  vt_info数据表，第8次写入成功
2020-12-28 17:49:06:758  vt_info数据表，第9次写入成功
2020-12-28 17:49:06:762  vt_info数据表，第10次写入成功
2020-12-28 17:49:06:766  vt_info数据表，第11次写入成功
2020-12-28 17:49:06:769  vt_info数据表，第12次写入成功
2020-12-28 17:49:06:773  vt_info数据表，第13次写入成功
2020-12-28 17:49:06:777  vt_info数据表，第14次写入成功
2020-12-28 17:49:06:781  vt_info数据表，第15次写入成功
2020-12-28 17:49:06:784  vt_info数据表，第16次写入成功
2020-12-28 17:49:06:788  vt_info数据表，第17次写入成功
2020-12-28 17:49:06:791  vt_info数据表，第18次写入成功
2020-12-28 17:49:06:795  vt_info数据表，第19次写入成功
2020-12-28 17:49:06:799  vt_info数据表，第20次写入成功
2020-12-28 17:49:06:803  vt_info数据表，第21次写入成功
2020-12-28 17:49:06:807  vt_info数据表，第22次写入成功
2020-12-28 17:49:06:810  vt_info数据表，第23次写入成功
2020-12-28 17:49:06:814  vt_info数据表，第24次写入成功
2020-12-28 17:49:06:818  vt_info数据表，第25次写入成功
2020-12-28 17:49:06:821  vt_info数据表，第26次写入成功
2020-12-28 17:49:06:825  vt_info数据表，第27次写入成功
2020-12-28 17:49:06:829  vt_info数据表，第28次写入成功
2020-12-28 17:49:06:832  vt_info数据表，第29次写入成功
2020-12-28 17:49:06:836  vt_info数据表，第30次写入成功
2020-12-28 17:49:06:840  vt_info数据表，第31次写入成功
2020-12-28 17:49:06:844  vt_info数据表，第32次写入成功
2020-12-28 17:49:06:847  vt_info数据表，第33次写入成功
2020-12-28 17:49:06:851  vt_info数据表，第34次写入成功
2020-12-28 17:49:06:855  vt_info数据表，第35次写入成功
2020-12-28 17:49:06:859  vt_info数据表，第36次写入成功
2020-12-28 17:49:06:862  vt_info数据表，第37次写入成功
2020-12-28 17:49:06:866  vt_info数据表，第38次写入成功
2020-12-28 17:49:06:870  vt_info数据表，第39次写入成功
2020-12-28 17:49:06:873  vt_info数据表，第40次写入成功
2020-12-28 17:49:06:877  vt_info数据表，第41次写入成功
2020-12-28 17:49:06:881  vt_info数据表，第42次写入成功
2020-12-28 17:49:06:884  vt_info数据表，第43次写入成功
2020-12-28 17:49:06:888  vt_info数据表，第44次写入成功
2020-12-28 17:49:06:892  vt_info数据表，第45次写入成功
2020-12-28 17:49:06:895  vt_info数据表，第46次写入成功
2020-12-28 17:49:06:899  vt_info数据表，第47次写入成功
2020-12-28 17:49:06:902  motor_info数据表，第0次写入成功
2020-12-28 17:49:06:905  motor_info数据表，第1次写入成功
2020-12-28 17:49:06:907  motor_info数据表，第2次写入成功
2020-12-28 17:49:06:910  motor_info数据表，第3次写入成功
2020-12-28 17:49:06:913  motor_info数据表，第4次写入成功
2020-12-28 17:49:06:916  motor_info数据表，第5次写入成功
2020-12-28 17:49:06:918  motor_info数据表，第6次写入成功
2020-12-28 17:49:06:921  motor_info数据表，第7次写入成功
2020-12-28 17:49:06:924  motor_info数据表，第8次写入成功
2020-12-28 17:49:06:927  motor_info数据表，第9次写入成功
2020-12-28 17:49:06:929  motor_info数据表，第10次写入成功
2020-12-28 17:49:06:932  motor_info数据表，第11次写入成功
2020-12-28 17:49:06:935  motor_info数据表，第12次写入成功
2020-12-28 17:49:06:937  motor_info数据表，第13次写入成功
2020-12-28 17:49:06:940  motor_info数据表，第14次写入成功
2020-12-28 17:49:06:952  motor_info数据表，第15次写入成功
2020-12-28 17:49:06:954  数据库关闭！
2020-12-28 17:55:51:803  收到来车信号，流水号：20201228175551，所有设备开始采集
2020-12-28 17:55:51:850  开启A/D采集
2020-12-28 17:56:13:252  收到离车信号，流水号：20201228175551，线号：21，车号：031032，主控端：1，所有设备停止采集
2020-12-28 17:56:13:254  收到停止采集命令，开始停止采集
2020-12-28 17:56:13:257  停止采集数据
2020-12-28 17:56:13:259  采集连接已断开
2020-12-28 17:56:13:261  开始数据分析和落盘
2020-12-28 17:56:16:916  vibration1完成落盘
2020-12-28 17:56:20:674  vibration2完成落盘
2020-12-28 17:56:23:903  vibration3完成落盘
2020-12-28 17:56:27:373  vibration4完成落盘
2020-12-28 17:56:30:772  vibration5完成落盘
2020-12-28 17:56:33:919  vibration6完成落盘
2020-12-28 17:56:36:825  vibration7完成落盘
2020-12-28 17:56:39:813  vibration8完成落盘
2020-12-28 17:56:42:784  magnetic1完成落盘
2020-12-28 17:56:46:008  magnetic2完成落盘
2020-12-28 17:56:49:205  magnetic3完成落盘
2020-12-28 17:56:51:992  magnetic4完成落盘
2020-12-28 17:56:55:568  temperate1完成落盘
2020-12-28 17:56:58:962  temperate2完成落盘
2020-12-28 17:57:01:946  temperate3完成落盘
2020-12-28 17:57:05:072  temperate4完成落盘
2020-12-28 17:57:05:082  开始处理数据
2020-12-28 17:57:05:564  右侧计算完成
2020-12-28 17:57:05:987  左侧计算完成
2020-12-28 17:57:05:989  检查结果数据
2020-12-28 17:57:05:991  通知桌面显示数据
2020-12-28 17:57:06:007  开始写入数据库
2020-12-28 17:57:06:029  预警及报警参数加载完成
2020-12-28 17:57:06:031  数据库打开成功
2020-12-28 17:57:06:033  train_info数据表写入成功
2020-12-28 17:57:06:163  train_onlyid读取成功
2020-12-28 17:57:06:167  train_data数据表写入成功
2020-12-28 17:57:06:171  vt_info数据表，第0次写入成功
2020-12-28 17:57:06:175  vt_info数据表，第1次写入成功
2020-12-28 17:57:06:178  vt_info数据表，第2次写入成功
2020-12-28 17:57:06:182  vt_info数据表，第3次写入成功
2020-12-28 17:57:06:185  vt_info数据表，第4次写入成功
2020-12-28 17:57:06:189  vt_info数据表，第5次写入成功
2020-12-28 17:57:06:192  vt_info数据表，第6次写入成功
2020-12-28 17:57:06:196  vt_info数据表，第7次写入成功
2020-12-28 17:57:06:200  vt_info数据表，第8次写入成功
2020-12-28 17:57:06:204  vt_info数据表，第9次写入成功
2020-12-28 17:57:06:207  vt_info数据表，第10次写入成功
2020-12-28 17:57:06:211  vt_info数据表，第11次写入成功
2020-12-28 17:57:06:214  vt_info数据表，第12次写入成功
2020-12-28 17:57:06:218  vt_info数据表，第13次写入成功
2020-12-28 17:57:06:221  vt_info数据表，第14次写入成功
2020-12-28 17:57:06:225  vt_info数据表，第15次写入成功
2020-12-28 17:57:06:229  vt_info数据表，第16次写入成功
2020-12-28 17:57:06:232  vt_info数据表，第17次写入成功
2020-12-28 17:57:06:236  vt_info数据表，第18次写入成功
2020-12-28 17:57:06:239  vt_info数据表，第19次写入成功
2020-12-28 17:57:06:243  vt_info数据表，第20次写入成功
2020-12-28 17:57:06:247  vt_info数据表，第21次写入成功
2020-12-28 17:57:06:250  vt_info数据表，第22次写入成功
2020-12-28 17:57:06:254  vt_info数据表，第23次写入成功
2020-12-28 17:57:06:257  vt_info数据表，第24次写入成功
2020-12-28 17:57:06:261  vt_info数据表，第25次写入成功
2020-12-28 17:57:06:264  vt_info数据表，第26次写入成功
2020-12-28 17:57:06:268  vt_info数据表，第27次写入成功
2020-12-28 17:57:06:272  vt_info数据表，第28次写入成功
2020-12-28 17:57:06:275  vt_info数据表，第29次写入成功
2020-12-28 17:57:06:279  vt_info数据表，第30次写入成功
2020-12-28 17:57:06:282  vt_info数据表，第31次写入成功
2020-12-28 17:57:06:286  vt_info数据表，第32次写入成功
2020-12-28 17:57:06:290  vt_info数据表，第33次写入成功
2020-12-28 17:57:06:293  vt_info数据表，第34次写入成功
2020-12-28 17:57:06:297  vt_info数据表，第35次写入成功
2020-12-28 17:57:06:301  vt_info数据表，第36次写入成功
2020-12-28 17:57:06:304  vt_info数据表，第37次写入成功
2020-12-28 17:57:06:308  vt_info数据表，第38次写入成功
2020-12-28 17:57:06:311  vt_info数据表，第39次写入成功
2020-12-28 17:57:06:315  vt_info数据表，第40次写入成功
2020-12-28 17:57:06:318  vt_info数据表，第41次写入成功
2020-12-28 17:57:06:322  vt_info数据表，第42次写入成功
2020-12-28 17:57:06:327  vt_info数据表，第43次写入成功
2020-12-28 17:57:06:330  vt_info数据表，第44次写入成功
2020-12-28 17:57:06:334  vt_info数据表，第45次写入成功
2020-12-28 17:57:06:337  vt_info数据表，第46次写入成功
2020-12-28 17:57:06:341  vt_info数据表，第47次写入成功
2020-12-28 17:57:06:344  motor_info数据表，第0次写入成功
2020-12-28 17:57:06:347  motor_info数据表，第1次写入成功
2020-12-28 17:57:06:349  motor_info数据表，第2次写入成功
2020-12-28 17:57:06:352  motor_info数据表，第3次写入成功
2020-12-28 17:57:06:355  motor_info数据表，第4次写入成功
2020-12-28 17:57:06:357  motor_info数据表，第5次写入成功
2020-12-28 17:57:06:360  motor_info数据表，第6次写入成功
2020-12-28 17:57:06:363  motor_info数据表，第7次写入成功
2020-12-28 17:57:06:365  motor_info数据表，第8次写入成功
2020-12-28 17:57:06:368  motor_info数据表，第9次写入成功
2020-12-28 17:57:06:371  motor_info数据表，第10次写入成功
2020-12-28 17:57:06:373  motor_info数据表，第11次写入成功
2020-12-28 17:57:06:376  motor_info数据表，第12次写入成功
2020-12-28 17:57:06:379  motor_info数据表，第13次写入成功
2020-12-28 17:57:06:382  motor_info数据表，第14次写入成功
2020-12-28 17:57:06:394  motor_info数据表，第15次写入成功
2020-12-28 17:57:06:396  数据库关闭！
