2020-12-14 06:04:18:429  磁钢信号预处理完成，位置标记：1
2020-12-14 06:04:18:429  温度分轮成功，分轮数尺度为：48
2020-12-14 06:04:18:507  轴承端盖温度特征值计算完成, 位置标记：1
2020-12-14 06:04:18:569  电机温度计算完成, 位置标记：1
2020-12-14 06:04:18:569  电机温度计算完成, 位置标记：1
2020-12-14 06:04:18:569  电机温度计算完成, 位置标记：1
2020-12-14 06:04:18:569  电机温度计算完成, 位置标记：1
2020-12-14 06:04:18:585  电机温度计算完成, 位置标记：1
2020-12-14 06:04:18:585  电机温度计算完成, 位置标记：1
2020-12-14 06:04:18:585  电机温度计算完成, 位置标记：1
2020-12-14 06:04:18:585  电机温度计算完成, 位置标记：1
2020-12-14 06:04:18:585  车速为：36.4918位置标记为：1
2020-12-14 06:04:18:601  振动有效标记位计算异常，位置标记为：1
2020-12-14 06:04:18:648  磁钢信号预处理完成，位置标记：0
2020-12-14 06:04:18:663  温度分轮成功，分轮数尺度为：48
2020-12-14 06:04:18:726  轴承端盖温度特征值计算完成, 位置标记：0
2020-12-14 06:04:18:788  电机温度计算完成, 位置标记：0
2020-12-14 06:04:18:804  电机温度计算完成, 位置标记：0
2020-12-14 06:04:18:804  电机温度计算完成, 位置标记：0
2020-12-14 06:04:18:804  电机温度计算完成, 位置标记：0
2020-12-14 06:04:18:804  电机温度计算完成, 位置标记：0
2020-12-14 06:04:18:819  电机温度计算完成, 位置标记：0
2020-12-14 06:04:18:819  电机温度计算完成, 位置标记：0
2020-12-14 06:04:18:819  电机温度计算完成, 位置标记：0
2020-12-14 06:04:18:819  车速为：36.4918位置标记为：0
2020-12-14 06:04:18:835  振动有效标记位计算异常，位置标记为：0
2020-12-14 06:14:09:198  磁钢信号预处理完成，位置标记：1
2020-12-14 06:14:09:214  温度分轮成功，分轮数尺度为：48
2020-12-14 06:14:09:276  轴承端盖温度特征值计算完成, 位置标记：1
2020-12-14 06:14:09:339  电机温度计算完成, 位置标记：1
2020-12-14 06:14:09:339  电机温度计算完成, 位置标记：1
2020-12-14 06:14:09:339  电机温度计算完成, 位置标记：1
2020-12-14 06:14:09:339  电机温度计算完成, 位置标记：1
2020-12-14 06:14:09:354  电机温度计算完成, 位置标记：1
2020-12-14 06:14:09:354  电机温度计算完成, 位置标记：1
2020-12-14 06:14:09:354  电机温度计算完成, 位置标记：1
2020-12-14 06:14:09:354  电机温度计算完成, 位置标记：1
2020-12-14 06:14:09:354  车速为：36.9313位置标记为：1
2020-12-14 06:14:09:385  振动分轮计算完成, 位置标记：1
2020-12-14 06:14:09:667  振动特征值计算完成, 位置标记：1
2020-12-14 06:14:09:714  磁钢信号预处理完成，位置标记：0
2020-12-14 06:14:09:729  温度分轮成功，分轮数尺度为：48
2020-12-14 06:14:09:792  轴承端盖温度特征值计算完成, 位置标记：0
2020-12-14 06:14:09:854  电机温度计算完成, 位置标记：0
2020-12-14 06:14:09:854  电机温度计算完成, 位置标记：0
2020-12-14 06:14:09:854  电机温度计算完成, 位置标记：0
2020-12-14 06:14:09:854  电机温度计算完成, 位置标记：0
2020-12-14 06:14:09:870  电机温度计算完成, 位置标记：0
2020-12-14 06:14:09:870  电机温度计算完成, 位置标记：0
2020-12-14 06:14:09:870  电机温度计算完成, 位置标记：0
2020-12-14 06:14:09:870  电机温度计算完成, 位置标记：0
2020-12-14 06:14:09:870  车速为：36.9313位置标记为：0
2020-12-14 06:14:09:901  振动分轮计算完成, 位置标记：0
2020-12-14 06:14:10:182  振动特征值计算完成, 位置标记：0
2020-12-14 06:24:17:655  磁钢信号预处理完成，位置标记：1
2020-12-14 06:24:17:655  温度分轮成功，分轮数尺度为：48
2020-12-14 06:24:17:733  轴承端盖温度特征值计算完成, 位置标记：1
2020-12-14 06:24:17:795  电机温度计算完成, 位置标记：1
2020-12-14 06:24:17:795  电机温度计算完成, 位置标记：1
2020-12-14 06:24:17:795  电机温度计算完成, 位置标记：1
2020-12-14 06:24:17:811  电机温度计算完成, 位置标记：1
2020-12-14 06:24:17:811  电机温度计算完成, 位置标记：1
2020-12-14 06:24:17:811  电机温度计算完成, 位置标记：1
2020-12-14 06:24:17:811  电机温度计算完成, 位置标记：1
2020-12-14 06:24:17:811  电机温度计算完成, 位置标记：1
2020-12-14 06:24:17:811  车速为：36.5402位置标记为：1
2020-12-14 06:24:17:842  振动分轮计算完成, 位置标记：1
2020-12-14 06:24:18:124  振动特征值计算完成, 位置标记：1
2020-12-14 06:24:18:186  磁钢信号预处理完成，位置标记：0
2020-12-14 06:24:18:186  温度分轮成功，分轮数尺度为：48
2020-12-14 06:24:18:264  轴承端盖温度特征值计算完成, 位置标记：0
2020-12-14 06:24:18:327  电机温度计算完成, 位置标记：0
2020-12-14 06:24:18:327  电机温度计算完成, 位置标记：0
2020-12-14 06:24:18:327  电机温度计算完成, 位置标记：0
2020-12-14 06:24:18:327  电机温度计算完成, 位置标记：0
2020-12-14 06:24:18:342  电机温度计算完成, 位置标记：0
2020-12-14 06:24:18:342  电机温度计算完成, 位置标记：0
2020-12-14 06:24:18:342  电机温度计算完成, 位置标记：0
2020-12-14 06:24:18:342  电机温度计算完成, 位置标记：0
2020-12-14 06:24:18:342  车速为：36.5402位置标记为：0
2020-12-14 06:24:18:374  振动分轮计算完成, 位置标记：0
2020-12-14 06:24:18:655  振动特征值计算完成, 位置标记：0
2020-12-14 06:33:56:199  磁钢信号预处理完成，位置标记：1
2020-12-14 06:33:56:215  温度分轮成功，分轮数尺度为：48
2020-12-14 06:33:56:277  轴承端盖温度特征值计算完成, 位置标记：1
2020-12-14 06:33:56:340  电机温度计算完成, 位置标记：1
2020-12-14 06:33:56:340  电机温度计算完成, 位置标记：1
2020-12-14 06:33:56:340  电机温度计算完成, 位置标记：1
2020-12-14 06:33:56:340  电机温度计算完成, 位置标记：1
2020-12-14 06:33:56:340  电机温度计算完成, 位置标记：1
2020-12-14 06:33:56:356  电机温度计算完成, 位置标记：1
2020-12-14 06:33:56:356  电机温度计算完成, 位置标记：1
2020-12-14 06:33:56:356  电机温度计算完成, 位置标记：1
2020-12-14 06:33:56:356  车速为：36.8164位置标记为：1
2020-12-14 06:33:56:371  振动分轮计算完成, 位置标记：1
2020-12-14 06:33:56:668  振动特征值计算完成, 位置标记：1
2020-12-14 06:33:56:715  磁钢信号预处理完成，位置标记：0
2020-12-14 06:33:56:731  温度分轮成功，分轮数尺度为：48
2020-12-14 06:33:56:793  轴承端盖温度特征值计算完成, 位置标记：0
2020-12-14 06:33:56:856  电机温度计算完成, 位置标记：0
2020-12-14 06:33:56:856  电机温度计算完成, 位置标记：0
2020-12-14 06:33:56:856  电机温度计算完成, 位置标记：0
2020-12-14 06:33:56:856  电机温度计算完成, 位置标记：0
2020-12-14 06:33:56:871  电机温度计算完成, 位置标记：0
2020-12-14 06:33:56:871  电机温度计算完成, 位置标记：0
2020-12-14 06:33:56:871  电机温度计算完成, 位置标记：0
2020-12-14 06:33:56:871  电机温度计算完成, 位置标记：0
2020-12-14 06:33:56:871  车速为：36.8164位置标记为：0
2020-12-14 06:33:56:902  振动分轮计算完成, 位置标记：0
2020-12-14 06:33:57:184  振动特征值计算完成, 位置标记：0
2020-12-14 06:44:40:291  磁钢信号预处理完成，位置标记：1
2020-12-14 06:44:40:307  温度分轮成功，分轮数尺度为：48
2020-12-14 06:44:40:369  轴承端盖温度特征值计算完成, 位置标记：1
2020-12-14 06:44:40:432  电机温度计算完成, 位置标记：1
2020-12-14 06:44:40:432  电机温度计算完成, 位置标记：1
2020-12-14 06:44:40:447  电机温度计算完成, 位置标记：1
2020-12-14 06:44:40:447  电机温度计算完成, 位置标记：1
2020-12-14 06:44:40:447  电机温度计算完成, 位置标记：1
2020-12-14 06:44:40:447  电机温度计算完成, 位置标记：1
2020-12-14 06:44:40:447  电机温度计算完成, 位置标记：1
2020-12-14 06:44:40:447  电机温度计算完成, 位置标记：1
2020-12-14 06:44:40:463  车速为：36.7347位置标记为：1
2020-12-14 06:44:40:479  振动有效标记位计算异常，位置标记为：1
2020-12-14 06:44:40:526  磁钢信号预处理完成，位置标记：0
2020-12-14 06:44:40:541  温度分轮成功，分轮数尺度为：48
2020-12-14 06:44:40:604  轴承端盖温度特征值计算完成, 位置标记：0
2020-12-14 06:44:40:666  电机温度计算完成, 位置标记：0
2020-12-14 06:44:40:666  电机温度计算完成, 位置标记：0
2020-12-14 06:44:40:682  电机温度计算完成, 位置标记：0
2020-12-14 06:44:40:682  电机温度计算完成, 位置标记：0
2020-12-14 06:44:40:682  电机温度计算完成, 位置标记：0
2020-12-14 06:44:40:682  电机温度计算完成, 位置标记：0
2020-12-14 06:44:40:682  电机温度计算完成, 位置标记：0
2020-12-14 06:44:40:682  电机温度计算完成, 位置标记：0
2020-12-14 06:44:40:697  车速为：36.7347位置标记为：0
2020-12-14 06:44:40:713  振动有效标记位计算异常，位置标记为：0
2020-12-14 06:54:14:841  磁钢信号预处理完成，位置标记：1
2020-12-14 06:54:14:857  温度分轮成功，分轮数尺度为：48
2020-12-14 06:54:14:920  轴承端盖温度特征值计算完成, 位置标记：1
2020-12-14 06:54:14:982  电机温度计算完成, 位置标记：1
2020-12-14 06:54:14:982  电机温度计算完成, 位置标记：1
2020-12-14 06:54:14:998  电机温度计算完成, 位置标记：1
2020-12-14 06:54:14:998  电机温度计算完成, 位置标记：1
2020-12-14 06:54:14:998  电机温度计算完成, 位置标记：1
2020-12-14 06:54:14:998  电机温度计算完成, 位置标记：1
2020-12-14 06:54:14:998  电机温度计算完成, 位置标记：1
2020-12-14 06:54:15:013  电机温度计算完成, 位置标记：1
2020-12-14 06:54:15:013  车速为：36.8327位置标记为：1
2020-12-14 06:54:15:029  振动分轮计算完成, 位置标记：1
2020-12-14 06:54:15:310  振动特征值计算完成, 位置标记：1
2020-12-14 06:54:15:373  磁钢信号预处理完成，位置标记：0
2020-12-14 06:54:15:388  温度分轮成功，分轮数尺度为：48
2020-12-14 06:54:15:451  轴承端盖温度特征值计算完成, 位置标记：0
2020-12-14 06:54:15:513  电机温度计算完成, 位置标记：0
2020-12-14 06:54:15:513  电机温度计算完成, 位置标记：0
2020-12-14 06:54:15:513  电机温度计算完成, 位置标记：0
2020-12-14 06:54:15:513  电机温度计算完成, 位置标记：0
2020-12-14 06:54:15:513  电机温度计算完成, 位置标记：0
2020-12-14 06:54:15:529  电机温度计算完成, 位置标记：0
2020-12-14 06:54:15:529  电机温度计算完成, 位置标记：0
2020-12-14 06:54:15:529  电机温度计算完成, 位置标记：0
2020-12-14 06:54:15:529  车速为：36.8327位置标记为：0
2020-12-14 06:54:15:545  振动分轮计算完成, 位置标记：0
2020-12-14 06:54:15:826  振动特征值计算完成, 位置标记：0
