2020-12-11 07:03:57:586  磁钢信号预处理完成，位置标记：1
2020-12-11 07:03:57:602  温度分轮成功，分轮数尺度为：48
2020-12-11 07:03:57:664  轴承端盖温度特征值计算完成, 位置标记：1
2020-12-11 07:03:57:727  电机温度计算完成, 位置标记：1
2020-12-11 07:03:57:742  电机温度计算完成, 位置标记：1
2020-12-11 07:03:57:742  电机温度计算完成, 位置标记：1
2020-12-11 07:03:57:742  电机温度计算完成, 位置标记：1
2020-12-11 07:03:57:742  电机温度计算完成, 位置标记：1
2020-12-11 07:03:57:742  电机温度计算完成, 位置标记：1
2020-12-11 07:03:57:742  电机温度计算完成, 位置标记：1
2020-12-11 07:03:57:758  电机温度计算完成, 位置标记：1
2020-12-11 07:03:57:758  车速为：36.7021位置标记为：1
2020-12-11 07:03:57:773  振动分轮计算完成, 位置标记：1
2020-12-11 07:03:58:055  振动特征值计算完成, 位置标记：1
2020-12-11 07:03:58:117  磁钢信号预处理完成，位置标记：0
2020-12-11 07:03:58:117  温度分轮成功，分轮数尺度为：48
2020-12-11 07:03:58:180  轴承端盖温度特征值计算完成, 位置标记：0
2020-12-11 07:03:58:242  电机温度计算完成, 位置标记：0
2020-12-11 07:03:58:242  电机温度计算完成, 位置标记：0
2020-12-11 07:03:58:242  电机温度计算完成, 位置标记：0
2020-12-11 07:03:58:242  电机温度计算完成, 位置标记：0
2020-12-11 07:03:58:242  电机温度计算完成, 位置标记：0
2020-12-11 07:03:58:258  电机温度计算完成, 位置标记：0
2020-12-11 07:03:58:258  电机温度计算完成, 位置标记：0
2020-12-11 07:03:58:258  电机温度计算完成, 位置标记：0
2020-12-11 07:03:58:258  车速为：36.7021位置标记为：0
2020-12-11 07:03:58:273  振动分轮计算完成, 位置标记：0
2020-12-11 07:03:58:492  振动特征值计算完成, 位置标记：0
2020-12-11 07:14:03:482  磁钢信号预处理完成，位置标记：1
2020-12-11 07:14:03:498  温度分轮成功，分轮数尺度为：48
2020-12-11 07:14:03:560  轴承端盖温度特征值计算完成, 位置标记：1
2020-12-11 07:14:03:623  电机温度计算完成, 位置标记：1
2020-12-11 07:14:03:623  电机温度计算完成, 位置标记：1
2020-12-11 07:14:03:623  电机温度计算完成, 位置标记：1
2020-12-11 07:14:03:623  电机温度计算完成, 位置标记：1
2020-12-11 07:14:03:638  电机温度计算完成, 位置标记：1
2020-12-11 07:14:03:638  电机温度计算完成, 位置标记：1
2020-12-11 07:14:03:638  电机温度计算完成, 位置标记：1
2020-12-11 07:14:03:638  电机温度计算完成, 位置标记：1
2020-12-11 07:14:03:638  车速为：36.882位置标记为：1
2020-12-11 07:14:03:669  振动分轮计算完成, 位置标记：1
2020-12-11 07:14:03:951  振动特征值计算完成, 位置标记：1
2020-12-11 07:14:03:998  磁钢信号预处理完成，位置标记：0
2020-12-11 07:14:04:013  温度分轮成功，分轮数尺度为：48
2020-12-11 07:14:04:076  轴承端盖温度特征值计算完成, 位置标记：0
2020-12-11 07:14:04:138  电机温度计算完成, 位置标记：0
2020-12-11 07:14:04:138  电机温度计算完成, 位置标记：0
2020-12-11 07:14:04:138  电机温度计算完成, 位置标记：0
2020-12-11 07:14:04:154  电机温度计算完成, 位置标记：0
2020-12-11 07:14:04:154  电机温度计算完成, 位置标记：0
2020-12-11 07:14:04:154  电机温度计算完成, 位置标记：0
2020-12-11 07:14:04:154  电机温度计算完成, 位置标记：0
2020-12-11 07:14:04:154  电机温度计算完成, 位置标记：0
2020-12-11 07:14:04:154  车速为：36.882位置标记为：0
2020-12-11 07:14:04:185  振动分轮计算完成, 位置标记：0
2020-12-11 07:14:04:466  振动特征值计算完成, 位置标记：0
2020-12-11 07:23:31:465  磁钢信号预处理完成，位置标记：1
2020-12-11 07:23:31:481  温度分轮成功，分轮数尺度为：48
2020-12-11 07:23:31:543  轴承端盖温度特征值计算完成, 位置标记：1
2020-12-11 07:23:31:606  电机温度计算完成, 位置标记：1
2020-12-11 07:23:31:621  电机温度计算完成, 位置标记：1
2020-12-11 07:23:31:621  电机温度计算完成, 位置标记：1
2020-12-11 07:23:31:621  电机温度计算完成, 位置标记：1
2020-12-11 07:23:31:621  电机温度计算完成, 位置标记：1
2020-12-11 07:23:31:621  电机温度计算完成, 位置标记：1
2020-12-11 07:23:31:637  电机温度计算完成, 位置标记：1
2020-12-11 07:23:31:637  电机温度计算完成, 位置标记：1
2020-12-11 07:23:31:637  车速为：36.7347位置标记为：1
2020-12-11 07:23:31:652  振动分轮计算完成, 位置标记：1
2020-12-11 07:23:31:902  振动特征值计算完成, 位置标记：1
2020-12-11 07:23:31:949  磁钢信号预处理完成，位置标记：0
2020-12-11 07:23:31:949  温度分轮成功，分轮数尺度为：48
2020-12-11 07:23:31:996  轴承端盖温度特征值计算完成, 位置标记：0
2020-12-11 07:23:32:059  电机温度计算完成, 位置标记：0
2020-12-11 07:23:32:059  电机温度计算完成, 位置标记：0
2020-12-11 07:23:32:059  电机温度计算完成, 位置标记：0
2020-12-11 07:23:32:059  电机温度计算完成, 位置标记：0
2020-12-11 07:23:32:059  电机温度计算完成, 位置标记：0
2020-12-11 07:23:32:074  电机温度计算完成, 位置标记：0
2020-12-11 07:23:32:074  电机温度计算完成, 位置标记：0
2020-12-11 07:23:32:074  电机温度计算完成, 位置标记：0
2020-12-11 07:23:32:074  车速为：36.7347位置标记为：0
2020-12-11 07:23:32:106  振动分轮计算完成, 位置标记：0
2020-12-11 07:23:32:387  振动特征值计算完成, 位置标记：0
2020-12-11 07:34:11:125  磁钢信号预处理完成，位置标记：1
2020-12-11 07:34:11:140  温度分轮成功，分轮数尺度为：48
2020-12-11 07:34:11:203  轴承端盖温度特征值计算完成, 位置标记：1
2020-12-11 07:34:11:265  电机温度计算完成, 位置标记：1
2020-12-11 07:34:11:281  电机温度计算完成, 位置标记：1
2020-12-11 07:34:11:281  电机温度计算完成, 位置标记：1
2020-12-11 07:34:11:281  电机温度计算完成, 位置标记：1
2020-12-11 07:34:11:281  电机温度计算完成, 位置标记：1
2020-12-11 07:34:11:281  电机温度计算完成, 位置标记：1
2020-12-11 07:34:11:297  电机温度计算完成, 位置标记：1
2020-12-11 07:34:11:297  电机温度计算完成, 位置标记：1
2020-12-11 07:34:11:297  车速为：36.621位置标记为：1
2020-12-11 07:34:11:312  振动分轮计算完成, 位置标记：1
2020-12-11 07:34:11:593  振动特征值计算完成, 位置标记：1
2020-12-11 07:34:11:656  磁钢信号预处理完成，位置标记：0
2020-12-11 07:34:11:656  温度分轮成功，分轮数尺度为：48
2020-12-11 07:34:11:734  轴承端盖温度特征值计算完成, 位置标记：0
2020-12-11 07:34:11:797  电机温度计算完成, 位置标记：0
2020-12-11 07:34:11:797  电机温度计算完成, 位置标记：0
2020-12-11 07:34:11:797  电机温度计算完成, 位置标记：0
2020-12-11 07:34:11:812  电机温度计算完成, 位置标记：0
2020-12-11 07:34:11:812  电机温度计算完成, 位置标记：0
2020-12-11 07:34:11:812  电机温度计算完成, 位置标记：0
2020-12-11 07:34:11:812  电机温度计算完成, 位置标记：0
2020-12-11 07:34:11:812  电机温度计算完成, 位置标记：0
2020-12-11 07:34:11:812  车速为：36.621位置标记为：0
2020-12-11 07:34:11:843  振动分轮计算完成, 位置标记：0
2020-12-11 07:34:12:125  振动特征值计算完成, 位置标记：0
2020-12-11 07:44:04:716  磁钢信号预处理完成，位置标记：1
2020-12-11 07:44:04:732  温度分轮成功，分轮数尺度为：48
2020-12-11 07:44:04:795  轴承端盖温度特征值计算完成, 位置标记：1
2020-12-11 07:44:04:857  电机温度计算完成, 位置标记：1
2020-12-11 07:44:04:857  电机温度计算完成, 位置标记：1
2020-12-11 07:44:04:857  电机温度计算完成, 位置标记：1
2020-12-11 07:44:04:857  电机温度计算完成, 位置标记：1
2020-12-11 07:44:04:857  电机温度计算完成, 位置标记：1
2020-12-11 07:44:04:873  电机温度计算完成, 位置标记：1
2020-12-11 07:44:04:873  电机温度计算完成, 位置标记：1
2020-12-11 07:44:04:873  电机温度计算完成, 位置标记：1
2020-12-11 07:44:04:873  车速为：36.8491位置标记为：1
2020-12-11 07:44:04:888  振动分轮计算完成, 位置标记：1
2020-12-11 07:44:05:138  振动特征值计算完成, 位置标记：1
2020-12-11 07:44:05:185  磁钢信号预处理完成，位置标记：0
2020-12-11 07:44:05:201  温度分轮成功，分轮数尺度为：48
2020-12-11 07:44:05:248  轴承端盖温度特征值计算完成, 位置标记：0
2020-12-11 07:44:05:279  电机温度计算完成, 位置标记：0
2020-12-11 07:44:05:295  电机温度计算完成, 位置标记：0
2020-12-11 07:44:05:295  电机温度计算完成, 位置标记：0
2020-12-11 07:44:05:295  电机温度计算完成, 位置标记：0
2020-12-11 07:44:05:295  电机温度计算完成, 位置标记：0
2020-12-11 07:44:05:295  电机温度计算完成, 位置标记：0
2020-12-11 07:44:05:295  电机温度计算完成, 位置标记：0
2020-12-11 07:44:05:295  电机温度计算完成, 位置标记：0
2020-12-11 07:44:05:295  车速为：36.8491位置标记为：0
2020-12-11 07:44:05:310  振动分轮计算完成, 位置标记：0
2020-12-11 07:44:05:513  振动特征值计算完成, 位置标记：0
2020-12-11 07:53:53:033  磁钢信号预处理完成，位置标记：1
2020-12-11 07:53:53:033  温度分轮成功，分轮数尺度为：48
2020-12-11 07:53:53:096  轴承端盖温度特征值计算完成, 位置标记：1
2020-12-11 07:53:53:158  电机温度计算完成, 位置标记：1
2020-12-11 07:53:53:158  电机温度计算完成, 位置标记：1
2020-12-11 07:53:53:174  电机温度计算完成, 位置标记：1
2020-12-11 07:53:53:174  电机温度计算完成, 位置标记：1
2020-12-11 07:53:53:174  电机温度计算完成, 位置标记：1
2020-12-11 07:53:53:174  电机温度计算完成, 位置标记：1
2020-12-11 07:53:53:174  电机温度计算完成, 位置标记：1
2020-12-11 07:53:53:189  电机温度计算完成, 位置标记：1
2020-12-11 07:53:53:189  车速为：36.882位置标记为：1
2020-12-11 07:53:53:205  振动有效标记位计算异常，位置标记为：1
2020-12-11 07:53:53:252  磁钢信号预处理完成，位置标记：0
2020-12-11 07:53:53:268  温度分轮成功，分轮数尺度为：48
2020-12-11 07:53:53:330  轴承端盖温度特征值计算完成, 位置标记：0
2020-12-11 07:53:53:393  电机温度计算完成, 位置标记：0
2020-12-11 07:53:53:393  电机温度计算完成, 位置标记：0
2020-12-11 07:53:53:393  电机温度计算完成, 位置标记：0
2020-12-11 07:53:53:393  电机温度计算完成, 位置标记：0
2020-12-11 07:53:53:408  电机温度计算完成, 位置标记：0
2020-12-11 07:53:53:408  电机温度计算完成, 位置标记：0
2020-12-11 07:53:53:408  电机温度计算完成, 位置标记：0
2020-12-11 07:53:53:408  电机温度计算完成, 位置标记：0
2020-12-11 07:53:53:408  车速为：36.882位置标记为：0
2020-12-11 07:53:53:439  振动有效标记位计算异常，位置标记为：0
