2020-12-25 18:08:28:668  磁钢信号预处理完成，位置标记：1
2020-12-25 18:08:28:690  温度分轮成功，分轮数尺度为：48
2020-12-25 18:08:28:706  轴承端盖温度特征值计算完成, 位置标记：1
2020-12-25 18:08:28:724  电机温度计算完成, 位置标记：1
2020-12-25 18:08:28:726  电机温度计算完成, 位置标记：1
2020-12-25 18:08:28:728  电机温度计算完成, 位置标记：1
2020-12-25 18:08:28:730  电机温度计算完成, 位置标记：1
2020-12-25 18:08:28:732  电机温度计算完成, 位置标记：1
2020-12-25 18:08:28:734  电机温度计算完成, 位置标记：1
2020-12-25 18:08:28:738  电机温度计算完成, 位置标记：1
2020-12-25 18:08:28:740  电机温度计算完成, 位置标记：1
2020-12-25 18:08:28:740  车速为：43.949位置标记为：1
2020-12-25 18:08:28:778  振动分轮计算完成, 位置标记：1
2020-12-25 18:08:28:962  振动特征值计算完成, 位置标记：1
2020-12-25 18:08:29:040  磁钢信号预处理完成，位置标记：0
2020-12-25 18:08:29:058  温度分轮成功，分轮数尺度为：48
2020-12-25 18:08:29:074  轴承端盖温度特征值计算完成, 位置标记：0
2020-12-25 18:08:29:090  电机温度计算完成, 位置标记：0
2020-12-25 18:08:29:094  电机温度计算完成, 位置标记：0
2020-12-25 18:08:29:096  电机温度计算完成, 位置标记：0
2020-12-25 18:08:29:098  电机温度计算完成, 位置标记：0
2020-12-25 18:08:29:100  电机温度计算完成, 位置标记：0
2020-12-25 18:08:29:104  电机温度计算完成, 位置标记：0
2020-12-25 18:08:29:106  电机温度计算完成, 位置标记：0
2020-12-25 18:08:29:108  电机温度计算完成, 位置标记：0
2020-12-25 18:08:29:110  车速为：43.949位置标记为：0
2020-12-25 18:08:29:146  振动分轮计算完成, 位置标记：0
2020-12-25 18:08:29:352  振动特征值计算完成, 位置标记：0
2020-12-25 18:18:20:281  磁钢信号预处理完成，位置标记：1
2020-12-25 18:18:20:297  温度分轮成功，分轮数尺度为：48
2020-12-25 18:18:20:311  轴承端盖温度特征值计算完成, 位置标记：1
2020-12-25 18:18:20:329  电机温度计算完成, 位置标记：1
2020-12-25 18:18:20:331  电机温度计算完成, 位置标记：1
2020-12-25 18:18:20:333  电机温度计算完成, 位置标记：1
2020-12-25 18:18:20:337  电机温度计算完成, 位置标记：1
2020-12-25 18:18:20:339  电机温度计算完成, 位置标记：1
2020-12-25 18:18:20:341  电机温度计算完成, 位置标记：1
2020-12-25 18:18:20:343  电机温度计算完成, 位置标记：1
2020-12-25 18:18:20:347  电机温度计算完成, 位置标记：1
2020-12-25 18:18:20:347  车速为：43.3962位置标记为：1
2020-12-25 18:18:20:377  振动分轮计算完成, 位置标记：1
2020-12-25 18:18:20:535  振动特征值计算完成, 位置标记：1
2020-12-25 18:18:20:613  磁钢信号预处理完成，位置标记：0
2020-12-25 18:18:20:633  温度分轮成功，分轮数尺度为：48
2020-12-25 18:18:20:649  轴承端盖温度特征值计算完成, 位置标记：0
2020-12-25 18:18:20:665  电机温度计算完成, 位置标记：0
2020-12-25 18:18:20:669  电机温度计算完成, 位置标记：0
2020-12-25 18:18:20:671  电机温度计算完成, 位置标记：0
2020-12-25 18:18:20:675  电机温度计算完成, 位置标记：0
2020-12-25 18:18:20:677  电机温度计算完成, 位置标记：0
2020-12-25 18:18:20:679  电机温度计算完成, 位置标记：0
2020-12-25 18:18:20:681  电机温度计算完成, 位置标记：0
2020-12-25 18:18:20:685  电机温度计算完成, 位置标记：0
2020-12-25 18:18:20:685  车速为：43.3962位置标记为：0
2020-12-25 18:18:20:723  振动分轮计算完成, 位置标记：0
2020-12-25 18:18:20:927  振动特征值计算完成, 位置标记：0
2020-12-25 18:28:03:498  磁钢信号预处理完成，位置标记：1
2020-12-25 18:28:03:518  温度分轮成功，分轮数尺度为：48
2020-12-25 18:28:03:530  轴承端盖温度特征值计算完成, 位置标记：1
2020-12-25 18:28:03:542  电机温度计算完成, 位置标记：1
2020-12-25 18:28:03:544  电机温度计算完成, 位置标记：1
2020-12-25 18:28:03:546  电机温度计算完成, 位置标记：1
2020-12-25 18:28:03:548  电机温度计算完成, 位置标记：1
2020-12-25 18:28:03:550  电机温度计算完成, 位置标记：1
2020-12-25 18:28:03:552  电机温度计算完成, 位置标记：1
2020-12-25 18:28:03:552  电机温度计算完成, 位置标记：1
2020-12-25 18:28:03:554  电机温度计算完成, 位置标记：1
2020-12-25 18:28:03:556  车速为：43.9024位置标记为：1
2020-12-25 18:28:03:584  振动分轮计算完成, 位置标记：1
2020-12-25 18:28:03:728  振动特征值计算完成, 位置标记：1
2020-12-25 18:28:03:788  磁钢信号预处理完成，位置标记：0
2020-12-25 18:28:03:802  温度分轮成功，分轮数尺度为：48
2020-12-25 18:28:03:814  轴承端盖温度特征值计算完成, 位置标记：0
2020-12-25 18:28:03:824  电机温度计算完成, 位置标记：0
2020-12-25 18:28:03:826  电机温度计算完成, 位置标记：0
2020-12-25 18:28:03:830  电机温度计算完成, 位置标记：0
2020-12-25 18:28:03:832  电机温度计算完成, 位置标记：0
2020-12-25 18:28:03:836  电机温度计算完成, 位置标记：0
2020-12-25 18:28:03:836  电机温度计算完成, 位置标记：0
2020-12-25 18:28:03:838  电机温度计算完成, 位置标记：0
2020-12-25 18:28:03:840  电机温度计算完成, 位置标记：0
2020-12-25 18:28:03:840  车速为：43.9024位置标记为：0
2020-12-25 18:28:03:868  振动分轮计算完成, 位置标记：0
2020-12-25 18:28:04:010  振动特征值计算完成, 位置标记：0
2020-12-25 18:33:20:693  磁钢信号预处理完成，位置标记：1
2020-12-25 18:33:20:713  温度分轮成功，分轮数尺度为：48
2020-12-25 18:33:20:717  轴承端盖温度特征值计算完成, 位置标记：1
2020-12-25 18:33:20:719  电机温度计算完成, 位置标记：1
2020-12-25 18:33:20:721  电机温度计算完成, 位置标记：1
2020-12-25 18:33:20:723  电机温度计算完成, 位置标记：1
2020-12-25 18:33:20:727  电机温度计算完成, 位置标记：1
2020-12-25 18:33:20:729  电机温度计算完成, 位置标记：1
2020-12-25 18:33:20:731  电机温度计算完成, 位置标记：1
2020-12-25 18:33:20:733  电机温度计算完成, 位置标记：1
2020-12-25 18:33:20:735  电机温度计算完成, 位置标记：1
2020-12-25 18:33:20:737  车速为：44.1365位置标记为：1
2020-12-25 18:33:20:769  振动分轮计算完成, 位置标记：1
2020-12-25 18:33:20:975  振动特征值计算完成, 位置标记：1
2020-12-25 18:33:21:049  磁钢信号预处理完成，位置标记：0
2020-12-25 18:33:21:069  温度分轮成功，分轮数尺度为：48
2020-12-25 18:33:21:073  轴承端盖温度特征值计算完成, 位置标记：0
2020-12-25 18:33:21:077  电机温度计算完成, 位置标记：0
2020-12-25 18:33:21:079  电机温度计算完成, 位置标记：0
2020-12-25 18:33:21:081  电机温度计算完成, 位置标记：0
2020-12-25 18:33:21:083  电机温度计算完成, 位置标记：0
2020-12-25 18:33:21:087  电机温度计算完成, 位置标记：0
2020-12-25 18:33:21:089  电机温度计算完成, 位置标记：0
2020-12-25 18:33:21:091  电机温度计算完成, 位置标记：0
2020-12-25 18:33:21:093  电机温度计算完成, 位置标记：0
2020-12-25 18:33:21:095  车速为：44.1365位置标记为：0
2020-12-25 18:33:21:131  振动分轮计算完成, 位置标记：0
2020-12-25 18:33:21:333  振动特征值计算完成, 位置标记：0
2020-12-25 18:39:43:237  磁钢信号预处理完成，位置标记：1
2020-12-25 18:39:43:257  温度分轮成功，分轮数尺度为：48
2020-12-25 18:39:43:275  轴承端盖温度特征值计算完成, 位置标记：1
2020-12-25 18:39:43:293  电机温度计算完成, 位置标记：1
2020-12-25 18:39:43:295  电机温度计算完成, 位置标记：1
2020-12-25 18:39:43:297  电机温度计算完成, 位置标记：1
2020-12-25 18:39:43:301  电机温度计算完成, 位置标记：1
2020-12-25 18:39:43:303  电机温度计算完成, 位置标记：1
2020-12-25 18:39:43:305  电机温度计算完成, 位置标记：1
2020-12-25 18:39:43:307  电机温度计算完成, 位置标记：1
2020-12-25 18:39:43:309  电机温度计算完成, 位置标记：1
2020-12-25 18:39:43:311  车速为：43.8792位置标记为：1
2020-12-25 18:39:43:349  振动分轮计算完成, 位置标记：1
2020-12-25 18:39:43:547  振动特征值计算完成, 位置标记：1
2020-12-25 18:39:43:627  磁钢信号预处理完成，位置标记：0
2020-12-25 18:39:43:647  温度分轮成功，分轮数尺度为：48
2020-12-25 18:39:43:663  轴承端盖温度特征值计算完成, 位置标记：0
2020-12-25 18:39:43:679  电机温度计算完成, 位置标记：0
2020-12-25 18:39:43:681  电机温度计算完成, 位置标记：0
2020-12-25 18:39:43:683  电机温度计算完成, 位置标记：0
2020-12-25 18:39:43:687  电机温度计算完成, 位置标记：0
2020-12-25 18:39:43:689  电机温度计算完成, 位置标记：0
2020-12-25 18:39:43:691  电机温度计算完成, 位置标记：0
2020-12-25 18:39:43:693  电机温度计算完成, 位置标记：0
2020-12-25 18:39:43:695  电机温度计算完成, 位置标记：0
2020-12-25 18:39:43:697  车速为：43.8792位置标记为：0
2020-12-25 18:39:43:733  振动分轮计算完成, 位置标记：0
2020-12-25 18:39:43:927  振动特征值计算完成, 位置标记：0
2020-12-25 18:46:18:265  磁钢信号预处理完成，位置标记：1
2020-12-25 18:46:18:281  温度分轮成功，分轮数尺度为：48
2020-12-25 18:46:18:299  轴承端盖温度特征值计算完成, 位置标记：1
2020-12-25 18:46:18:317  电机温度计算完成, 位置标记：1
2020-12-25 18:46:18:321  电机温度计算完成, 位置标记：1
2020-12-25 18:46:18:323  电机温度计算完成, 位置标记：1
2020-12-25 18:46:18:325  电机温度计算完成, 位置标记：1
2020-12-25 18:46:18:327  电机温度计算完成, 位置标记：1
2020-12-25 18:46:18:331  电机温度计算完成, 位置标记：1
2020-12-25 18:46:18:333  电机温度计算完成, 位置标记：1
2020-12-25 18:46:18:335  电机温度计算完成, 位置标记：1
2020-12-25 18:46:18:337  车速为：43.8559位置标记为：1
2020-12-25 18:46:18:373  振动分轮计算完成, 位置标记：1
2020-12-25 18:46:18:579  振动特征值计算完成, 位置标记：1
2020-12-25 18:46:18:643  磁钢信号预处理完成，位置标记：0
2020-12-25 18:46:18:659  温度分轮成功，分轮数尺度为：48
2020-12-25 18:46:18:671  轴承端盖温度特征值计算完成, 位置标记：0
2020-12-25 18:46:18:685  电机温度计算完成, 位置标记：0
2020-12-25 18:46:18:687  电机温度计算完成, 位置标记：0
2020-12-25 18:46:18:689  电机温度计算完成, 位置标记：0
2020-12-25 18:46:18:689  电机温度计算完成, 位置标记：0
2020-12-25 18:46:18:693  电机温度计算完成, 位置标记：0
2020-12-25 18:46:18:693  电机温度计算完成, 位置标记：0
2020-12-25 18:46:18:695  电机温度计算完成, 位置标记：0
2020-12-25 18:46:18:697  电机温度计算完成, 位置标记：0
2020-12-25 18:46:18:697  车速为：43.8559位置标记为：0
2020-12-25 18:46:18:723  振动分轮计算完成, 位置标记：0
2020-12-25 18:46:18:887  振动特征值计算完成, 位置标记：0
