2020-12-11 16:02:49:046  磁钢信号预处理完成，位置标记：1
2020-12-11 16:02:49:062  温度分轮成功，分轮数尺度为：48
2020-12-11 16:02:49:124  轴承端盖温度特征值计算完成, 位置标记：1
2020-12-11 16:02:49:202  电机温度计算完成, 位置标记：1
2020-12-11 16:02:49:202  电机温度计算完成, 位置标记：1
2020-12-11 16:02:49:202  电机温度计算完成, 位置标记：1
2020-12-11 16:02:49:202  电机温度计算完成, 位置标记：1
2020-12-11 16:02:49:202  电机温度计算完成, 位置标记：1
2020-12-11 16:02:49:218  电机温度计算完成, 位置标记：1
2020-12-11 16:02:49:218  电机温度计算完成, 位置标记：1
2020-12-11 16:02:49:218  电机温度计算完成, 位置标记：1
2020-12-11 16:02:49:218  车速为：36.524位置标记为：1
2020-12-11 16:02:49:234  振动分轮计算完成, 位置标记：1
2020-12-11 16:02:49:515  振动特征值计算完成, 位置标记：1
2020-12-11 16:02:49:577  磁钢信号预处理完成，位置标记：0
2020-12-11 16:02:49:593  温度分轮成功，分轮数尺度为：48
2020-12-11 16:02:49:655  轴承端盖温度特征值计算完成, 位置标记：0
2020-12-11 16:02:49:718  电机温度计算完成, 位置标记：0
2020-12-11 16:02:49:718  电机温度计算完成, 位置标记：0
2020-12-11 16:02:49:718  电机温度计算完成, 位置标记：0
2020-12-11 16:02:49:718  电机温度计算完成, 位置标记：0
2020-12-11 16:02:49:734  电机温度计算完成, 位置标记：0
2020-12-11 16:02:49:734  电机温度计算完成, 位置标记：0
2020-12-11 16:02:49:734  电机温度计算完成, 位置标记：0
2020-12-11 16:02:49:734  电机温度计算完成, 位置标记：0
2020-12-11 16:02:49:734  车速为：36.524位置标记为：0
2020-12-11 16:02:49:765  振动分轮计算完成, 位置标记：0
2020-12-11 16:02:50:015  振动特征值计算完成, 位置标记：0
2020-12-11 16:13:11:159  磁钢信号预处理完成，位置标记：1
2020-12-11 16:13:11:175  温度分轮成功，分轮数尺度为：48
2020-12-11 16:13:11:222  轴承端盖温度特征值计算完成, 位置标记：1
2020-12-11 16:13:11:300  电机温度计算完成, 位置标记：1
2020-12-11 16:13:11:300  电机温度计算完成, 位置标记：1
2020-12-11 16:13:11:300  电机温度计算完成, 位置标记：1
2020-12-11 16:13:11:300  电机温度计算完成, 位置标记：1
2020-12-11 16:13:11:300  电机温度计算完成, 位置标记：1
2020-12-11 16:13:11:300  电机温度计算完成, 位置标记：1
2020-12-11 16:13:11:316  电机温度计算完成, 位置标记：1
2020-12-11 16:13:11:316  电机温度计算完成, 位置标记：1
2020-12-11 16:13:11:316  车速为：36.621位置标记为：1
2020-12-11 16:13:11:331  振动分轮计算完成, 位置标记：1
2020-12-11 16:13:11:612  振动特征值计算完成, 位置标记：1
2020-12-11 16:13:11:675  磁钢信号预处理完成，位置标记：0
2020-12-11 16:13:11:691  温度分轮成功，分轮数尺度为：48
2020-12-11 16:13:11:753  轴承端盖温度特征值计算完成, 位置标记：0
2020-12-11 16:13:11:816  电机温度计算完成, 位置标记：0
2020-12-11 16:13:11:816  电机温度计算完成, 位置标记：0
2020-12-11 16:13:11:816  电机温度计算完成, 位置标记：0
2020-12-11 16:13:11:816  电机温度计算完成, 位置标记：0
2020-12-11 16:13:11:831  电机温度计算完成, 位置标记：0
2020-12-11 16:13:11:831  电机温度计算完成, 位置标记：0
2020-12-11 16:13:11:831  电机温度计算完成, 位置标记：0
2020-12-11 16:13:11:831  电机温度计算完成, 位置标记：0
2020-12-11 16:13:11:831  车速为：36.621位置标记为：0
2020-12-11 16:13:11:862  振动分轮计算完成, 位置标记：0
2020-12-11 16:13:12:144  振动特征值计算完成, 位置标记：0
2020-12-11 16:23:07:053  磁钢信号预处理完成，位置标记：1
2020-12-11 16:23:07:069  温度分轮成功，分轮数尺度为：48
2020-12-11 16:23:07:132  轴承端盖温度特征值计算完成, 位置标记：1
2020-12-11 16:23:07:178  电机温度计算完成, 位置标记：1
2020-12-11 16:23:07:178  电机温度计算完成, 位置标记：1
2020-12-11 16:23:07:178  电机温度计算完成, 位置标记：1
2020-12-11 16:23:07:178  电机温度计算完成, 位置标记：1
2020-12-11 16:23:07:194  电机温度计算完成, 位置标记：1
2020-12-11 16:23:07:194  电机温度计算完成, 位置标记：1
2020-12-11 16:23:07:194  电机温度计算完成, 位置标记：1
2020-12-11 16:23:07:194  电机温度计算完成, 位置标记：1
2020-12-11 16:23:07:194  车速为：36.8164位置标记为：1
2020-12-11 16:23:07:210  振动分轮计算完成, 位置标记：1
2020-12-11 16:23:07:491  振动特征值计算完成, 位置标记：1
2020-12-11 16:23:07:538  磁钢信号预处理完成，位置标记：0
2020-12-11 16:23:07:553  温度分轮成功，分轮数尺度为：48
2020-12-11 16:23:07:616  轴承端盖温度特征值计算完成, 位置标记：0
2020-12-11 16:23:07:678  电机温度计算完成, 位置标记：0
2020-12-11 16:23:07:678  电机温度计算完成, 位置标记：0
2020-12-11 16:23:07:694  电机温度计算完成, 位置标记：0
2020-12-11 16:23:07:694  电机温度计算完成, 位置标记：0
2020-12-11 16:23:07:694  电机温度计算完成, 位置标记：0
2020-12-11 16:23:07:694  电机温度计算完成, 位置标记：0
2020-12-11 16:23:07:694  电机温度计算完成, 位置标记：0
2020-12-11 16:23:07:694  电机温度计算完成, 位置标记：0
2020-12-11 16:23:07:710  车速为：36.8164位置标记为：0
2020-12-11 16:23:07:725  振动分轮计算完成, 位置标记：0
2020-12-11 16:23:08:007  振动特征值计算完成, 位置标记：0
2020-12-11 16:33:05:259  磁钢信号预处理完成，位置标记：1
2020-12-11 16:33:05:259  温度分轮成功，分轮数尺度为：48
2020-12-11 16:33:05:338  轴承端盖温度特征值计算完成, 位置标记：1
2020-12-11 16:33:05:400  电机温度计算完成, 位置标记：1
2020-12-11 16:33:05:400  电机温度计算完成, 位置标记：1
2020-12-11 16:33:05:400  电机温度计算完成, 位置标记：1
2020-12-11 16:33:05:400  电机温度计算完成, 位置标记：1
2020-12-11 16:33:05:416  电机温度计算完成, 位置标记：1
2020-12-11 16:33:05:416  电机温度计算完成, 位置标记：1
2020-12-11 16:33:05:416  电机温度计算完成, 位置标记：1
2020-12-11 16:33:05:416  电机温度计算完成, 位置标记：1
2020-12-11 16:33:05:416  车速为：36.621位置标记为：1
2020-12-11 16:33:05:447  振动分轮计算完成, 位置标记：1
2020-12-11 16:33:05:697  振动特征值计算完成, 位置标记：1
2020-12-11 16:33:05:759  磁钢信号预处理完成，位置标记：0
2020-12-11 16:33:05:775  温度分轮成功，分轮数尺度为：48
2020-12-11 16:33:05:838  轴承端盖温度特征值计算完成, 位置标记：0
2020-12-11 16:33:05:900  电机温度计算完成, 位置标记：0
2020-12-11 16:33:05:900  电机温度计算完成, 位置标记：0
2020-12-11 16:33:05:916  电机温度计算完成, 位置标记：0
2020-12-11 16:33:05:916  电机温度计算完成, 位置标记：0
2020-12-11 16:33:05:916  电机温度计算完成, 位置标记：0
2020-12-11 16:33:05:916  电机温度计算完成, 位置标记：0
2020-12-11 16:33:05:916  电机温度计算完成, 位置标记：0
2020-12-11 16:33:05:916  电机温度计算完成, 位置标记：0
2020-12-11 16:33:05:931  车速为：36.621位置标记为：0
2020-12-11 16:33:05:947  振动分轮计算完成, 位置标记：0
2020-12-11 16:33:06:228  振动特征值计算完成, 位置标记：0
2020-12-11 16:43:43:234  磁钢信号预处理完成，位置标记：1
2020-12-11 16:43:43:250  温度分轮成功，分轮数尺度为：48
2020-12-11 16:43:43:312  轴承端盖温度特征值计算完成, 位置标记：1
2020-12-11 16:43:43:375  电机温度计算完成, 位置标记：1
2020-12-11 16:43:43:375  电机温度计算完成, 位置标记：1
2020-12-11 16:43:43:375  电机温度计算完成, 位置标记：1
2020-12-11 16:43:43:375  电机温度计算完成, 位置标记：1
2020-12-11 16:43:43:390  电机温度计算完成, 位置标记：1
2020-12-11 16:43:43:390  电机温度计算完成, 位置标记：1
2020-12-11 16:43:43:390  电机温度计算完成, 位置标记：1
2020-12-11 16:43:43:390  电机温度计算完成, 位置标记：1
2020-12-11 16:43:43:390  车速为：36.7021位置标记为：1
2020-12-11 16:43:43:422  振动分轮计算完成, 位置标记：1
2020-12-11 16:43:43:703  振动特征值计算完成, 位置标记：1
2020-12-11 16:43:43:765  磁钢信号预处理完成，位置标记：0
2020-12-11 16:43:43:765  温度分轮成功，分轮数尺度为：48
2020-12-11 16:43:43:844  轴承端盖温度特征值计算完成, 位置标记：0
2020-12-11 16:43:43:906  电机温度计算完成, 位置标记：0
2020-12-11 16:43:43:906  电机温度计算完成, 位置标记：0
2020-12-11 16:43:43:906  电机温度计算完成, 位置标记：0
2020-12-11 16:43:43:906  电机温度计算完成, 位置标记：0
2020-12-11 16:43:43:906  电机温度计算完成, 位置标记：0
2020-12-11 16:43:43:922  电机温度计算完成, 位置标记：0
2020-12-11 16:43:43:922  电机温度计算完成, 位置标记：0
2020-12-11 16:43:43:922  电机温度计算完成, 位置标记：0
2020-12-11 16:43:43:922  车速为：36.7021位置标记为：0
2020-12-11 16:43:43:937  振动分轮计算完成, 位置标记：0
2020-12-11 16:43:44:234  振动特征值计算完成, 位置标记：0
2020-12-11 16:54:22:159  磁钢信号预处理完成，位置标记：1
2020-12-11 16:54:22:159  温度分轮成功，分轮数尺度为：48
2020-12-11 16:54:22:237  轴承端盖温度特征值计算完成, 位置标记：1
2020-12-11 16:54:22:299  电机温度计算完成, 位置标记：1
2020-12-11 16:54:22:299  电机温度计算完成, 位置标记：1
2020-12-11 16:54:22:299  电机温度计算完成, 位置标记：1
2020-12-11 16:54:22:299  电机温度计算完成, 位置标记：1
2020-12-11 16:54:22:315  电机温度计算完成, 位置标记：1
2020-12-11 16:54:22:315  电机温度计算完成, 位置标记：1
2020-12-11 16:54:22:315  电机温度计算完成, 位置标记：1
2020-12-11 16:54:22:315  电机温度计算完成, 位置标记：1
2020-12-11 16:54:22:315  车速为：36.5724位置标记为：1
2020-12-11 16:54:22:346  振动有效标记位计算异常，位置标记为：1
2020-12-11 16:54:22:393  磁钢信号预处理完成，位置标记：0
2020-12-11 16:54:22:393  温度分轮成功，分轮数尺度为：48
2020-12-11 16:54:22:456  轴承端盖温度特征值计算完成, 位置标记：0
2020-12-11 16:54:22:518  电机温度计算完成, 位置标记：0
2020-12-11 16:54:22:518  电机温度计算完成, 位置标记：0
2020-12-11 16:54:22:534  电机温度计算完成, 位置标记：0
2020-12-11 16:54:22:534  电机温度计算完成, 位置标记：0
2020-12-11 16:54:22:534  电机温度计算完成, 位置标记：0
2020-12-11 16:54:22:534  电机温度计算完成, 位置标记：0
2020-12-11 16:54:22:534  电机温度计算完成, 位置标记：0
2020-12-11 16:54:22:534  电机温度计算完成, 位置标记：0
2020-12-11 16:54:22:534  车速为：36.5724位置标记为：0
2020-12-11 16:54:22:565  振动有效标记位计算异常，位置标记为：0
