2020-12-12 18:06:42:205  磁钢信号预处理完成，位置标记：1
2020-12-12 18:06:42:221  温度分轮成功，分轮数尺度为：48
2020-12-12 18:06:42:283  轴承端盖温度特征值计算完成, 位置标记：1
2020-12-12 18:06:42:361  电机温度计算完成, 位置标记：1
2020-12-12 18:06:42:361  电机温度计算完成, 位置标记：1
2020-12-12 18:06:42:361  电机温度计算完成, 位置标记：1
2020-12-12 18:06:42:361  电机温度计算完成, 位置标记：1
2020-12-12 18:06:42:361  电机温度计算完成, 位置标记：1
2020-12-12 18:06:42:377  电机温度计算完成, 位置标记：1
2020-12-12 18:06:42:377  电机温度计算完成, 位置标记：1
2020-12-12 18:06:42:377  电机温度计算完成, 位置标记：1
2020-12-12 18:06:42:377  车速为：36.7021位置标记为：1
2020-12-12 18:06:42:393  振动分轮计算完成, 位置标记：1
2020-12-12 18:06:42:689  振动特征值计算完成, 位置标记：1
2020-12-12 18:06:42:736  磁钢信号预处理完成，位置标记：0
2020-12-12 18:06:42:752  温度分轮成功，分轮数尺度为：48
2020-12-12 18:06:42:814  轴承端盖温度特征值计算完成, 位置标记：0
2020-12-12 18:06:42:877  电机温度计算完成, 位置标记：0
2020-12-12 18:06:42:893  电机温度计算完成, 位置标记：0
2020-12-12 18:06:42:893  电机温度计算完成, 位置标记：0
2020-12-12 18:06:42:893  电机温度计算完成, 位置标记：0
2020-12-12 18:06:42:893  电机温度计算完成, 位置标记：0
2020-12-12 18:06:42:893  电机温度计算完成, 位置标记：0
2020-12-12 18:06:42:893  电机温度计算完成, 位置标记：0
2020-12-12 18:06:42:908  电机温度计算完成, 位置标记：0
2020-12-12 18:06:42:908  车速为：36.7021位置标记为：0
2020-12-12 18:06:42:924  振动分轮计算完成, 位置标记：0
2020-12-12 18:06:43:205  振动特征值计算完成, 位置标记：0
2020-12-12 18:16:36:660  磁钢信号预处理完成，位置标记：1
2020-12-12 18:16:36:675  温度分轮成功，分轮数尺度为：48
2020-12-12 18:16:36:738  轴承端盖温度特征值计算完成, 位置标记：1
2020-12-12 18:16:36:800  电机温度计算完成, 位置标记：1
2020-12-12 18:16:36:800  电机温度计算完成, 位置标记：1
2020-12-12 18:16:36:800  电机温度计算完成, 位置标记：1
2020-12-12 18:16:36:816  电机温度计算完成, 位置标记：1
2020-12-12 18:16:36:816  电机温度计算完成, 位置标记：1
2020-12-12 18:16:36:816  电机温度计算完成, 位置标记：1
2020-12-12 18:16:36:816  电机温度计算完成, 位置标记：1
2020-12-12 18:16:36:816  电机温度计算完成, 位置标记：1
2020-12-12 18:16:36:816  车速为：36.6859位置标记为：1
2020-12-12 18:16:36:847  振动分轮计算完成, 位置标记：1
2020-12-12 18:16:37:129  振动特征值计算完成, 位置标记：1
2020-12-12 18:16:37:191  磁钢信号预处理完成，位置标记：0
2020-12-12 18:16:37:207  温度分轮成功，分轮数尺度为：48
2020-12-12 18:16:37:269  轴承端盖温度特征值计算完成, 位置标记：0
2020-12-12 18:16:37:332  电机温度计算完成, 位置标记：0
2020-12-12 18:16:37:332  电机温度计算完成, 位置标记：0
2020-12-12 18:16:37:332  电机温度计算完成, 位置标记：0
2020-12-12 18:16:37:332  电机温度计算完成, 位置标记：0
2020-12-12 18:16:37:347  电机温度计算完成, 位置标记：0
2020-12-12 18:16:37:347  电机温度计算完成, 位置标记：0
2020-12-12 18:16:37:347  电机温度计算完成, 位置标记：0
2020-12-12 18:16:37:347  电机温度计算完成, 位置标记：0
2020-12-12 18:16:37:347  车速为：36.6859位置标记为：0
2020-12-12 18:16:37:378  振动分轮计算完成, 位置标记：0
2020-12-12 18:16:37:644  振动特征值计算完成, 位置标记：0
2020-12-12 18:26:37:882  磁钢信号预处理完成，位置标记：1
2020-12-12 18:26:37:882  温度分轮成功，分轮数尺度为：48
2020-12-12 18:26:37:960  轴承端盖温度特征值计算完成, 位置标记：1
2020-12-12 18:26:38:023  电机温度计算完成, 位置标记：1
2020-12-12 18:26:38:023  电机温度计算完成, 位置标记：1
2020-12-12 18:26:38:023  电机温度计算完成, 位置标记：1
2020-12-12 18:26:38:023  电机温度计算完成, 位置标记：1
2020-12-12 18:26:38:038  电机温度计算完成, 位置标记：1
2020-12-12 18:26:38:038  电机温度计算完成, 位置标记：1
2020-12-12 18:26:38:038  电机温度计算完成, 位置标记：1
2020-12-12 18:26:38:038  电机温度计算完成, 位置标记：1
2020-12-12 18:26:38:038  车速为：36.6696位置标记为：1
2020-12-12 18:26:38:070  振动分轮计算完成, 位置标记：1
2020-12-12 18:26:38:351  振动特征值计算完成, 位置标记：1
2020-12-12 18:26:38:413  磁钢信号预处理完成，位置标记：0
2020-12-12 18:26:38:413  温度分轮成功，分轮数尺度为：48
2020-12-12 18:26:38:491  轴承端盖温度特征值计算完成, 位置标记：0
2020-12-12 18:26:38:554  电机温度计算完成, 位置标记：0
2020-12-12 18:26:38:554  电机温度计算完成, 位置标记：0
2020-12-12 18:26:38:554  电机温度计算完成, 位置标记：0
2020-12-12 18:26:38:554  电机温度计算完成, 位置标记：0
2020-12-12 18:26:38:554  电机温度计算完成, 位置标记：0
2020-12-12 18:26:38:554  电机温度计算完成, 位置标记：0
2020-12-12 18:26:38:570  电机温度计算完成, 位置标记：0
2020-12-12 18:26:38:570  电机温度计算完成, 位置标记：0
2020-12-12 18:26:38:570  车速为：36.6696位置标记为：0
2020-12-12 18:26:38:585  振动分轮计算完成, 位置标记：0
2020-12-12 18:26:38:882  振动特征值计算完成, 位置标记：0
2020-12-12 18:36:38:653  磁钢信号预处理完成，位置标记：1
2020-12-12 18:36:38:669  温度分轮成功，分轮数尺度为：48
2020-12-12 18:36:38:731  轴承端盖温度特征值计算完成, 位置标记：1
2020-12-12 18:36:38:809  电机温度计算完成, 位置标记：1
2020-12-12 18:36:38:809  电机温度计算完成, 位置标记：1
2020-12-12 18:36:38:809  电机温度计算完成, 位置标记：1
2020-12-12 18:36:38:809  电机温度计算完成, 位置标记：1
2020-12-12 18:36:38:809  电机温度计算完成, 位置标记：1
2020-12-12 18:36:38:825  电机温度计算完成, 位置标记：1
2020-12-12 18:36:38:825  电机温度计算完成, 位置标记：1
2020-12-12 18:36:38:825  电机温度计算完成, 位置标记：1
2020-12-12 18:36:38:825  车速为：36.7021位置标记为：1
2020-12-12 18:36:38:856  振动有效标记位计算异常，位置标记为：1
2020-12-12 18:36:38:903  磁钢信号预处理完成，位置标记：0
2020-12-12 18:36:38:919  温度分轮成功，分轮数尺度为：48
2020-12-12 18:36:38:981  轴承端盖温度特征值计算完成, 位置标记：0
2020-12-12 18:36:39:044  电机温度计算完成, 位置标记：0
2020-12-12 18:36:39:044  电机温度计算完成, 位置标记：0
2020-12-12 18:36:39:059  电机温度计算完成, 位置标记：0
2020-12-12 18:36:39:059  电机温度计算完成, 位置标记：0
2020-12-12 18:36:39:059  电机温度计算完成, 位置标记：0
2020-12-12 18:36:39:059  电机温度计算完成, 位置标记：0
2020-12-12 18:36:39:059  电机温度计算完成, 位置标记：0
2020-12-12 18:36:39:075  电机温度计算完成, 位置标记：0
2020-12-12 18:36:39:075  车速为：36.7021位置标记为：0
2020-12-12 18:36:39:090  振动有效标记位计算异常，位置标记为：0
2020-12-12 18:46:40:321  磁钢信号预处理完成，位置标记：1
2020-12-12 18:46:40:321  温度分轮成功，分轮数尺度为：48
2020-12-12 18:46:40:399  轴承端盖温度特征值计算完成, 位置标记：1
2020-12-12 18:46:40:462  电机温度计算完成, 位置标记：1
2020-12-12 18:46:40:462  电机温度计算完成, 位置标记：1
2020-12-12 18:46:40:462  电机温度计算完成, 位置标记：1
2020-12-12 18:46:40:462  电机温度计算完成, 位置标记：1
2020-12-12 18:46:40:477  电机温度计算完成, 位置标记：1
2020-12-12 18:46:40:477  电机温度计算完成, 位置标记：1
2020-12-12 18:46:40:477  电机温度计算完成, 位置标记：1
2020-12-12 18:46:40:477  电机温度计算完成, 位置标记：1
2020-12-12 18:46:40:477  车速为：36.5402位置标记为：1
2020-12-12 18:46:40:509  振动分轮计算完成, 位置标记：1
2020-12-12 18:46:40:790  振动特征值计算完成, 位置标记：1
2020-12-12 18:46:40:837  磁钢信号预处理完成，位置标记：0
2020-12-12 18:46:40:852  温度分轮成功，分轮数尺度为：48
2020-12-12 18:46:40:915  轴承端盖温度特征值计算完成, 位置标记：0
2020-12-12 18:46:40:993  电机温度计算完成, 位置标记：0
2020-12-12 18:46:40:993  电机温度计算完成, 位置标记：0
2020-12-12 18:46:40:993  电机温度计算完成, 位置标记：0
2020-12-12 18:46:40:993  电机温度计算完成, 位置标记：0
2020-12-12 18:46:40:993  电机温度计算完成, 位置标记：0
2020-12-12 18:46:40:993  电机温度计算完成, 位置标记：0
2020-12-12 18:46:41:009  电机温度计算完成, 位置标记：0
2020-12-12 18:46:41:009  电机温度计算完成, 位置标记：0
2020-12-12 18:46:41:009  车速为：36.5402位置标记为：0
2020-12-12 18:46:41:024  振动分轮计算完成, 位置标记：0
2020-12-12 18:46:41:321  振动特征值计算完成, 位置标记：0
2020-12-12 18:56:32:419  磁钢信号预处理完成，位置标记：1
2020-12-12 18:56:32:434  温度分轮成功，分轮数尺度为：48
2020-12-12 18:56:32:497  轴承端盖温度特征值计算完成, 位置标记：1
2020-12-12 18:56:32:559  电机温度计算完成, 位置标记：1
2020-12-12 18:56:32:559  电机温度计算完成, 位置标记：1
2020-12-12 18:56:32:559  电机温度计算完成, 位置标记：1
2020-12-12 18:56:32:575  电机温度计算完成, 位置标记：1
2020-12-12 18:56:32:575  电机温度计算完成, 位置标记：1
2020-12-12 18:56:32:575  电机温度计算完成, 位置标记：1
2020-12-12 18:56:32:575  电机温度计算完成, 位置标记：1
2020-12-12 18:56:32:575  电机温度计算完成, 位置标记：1
2020-12-12 18:56:32:575  车速为：36.7673位置标记为：1
2020-12-12 18:56:32:606  振动分轮计算完成, 位置标记：1
2020-12-12 18:56:32:872  振动特征值计算完成, 位置标记：1
2020-12-12 18:56:32:919  磁钢信号预处理完成，位置标记：0
2020-12-12 18:56:32:934  温度分轮成功，分轮数尺度为：48
2020-12-12 18:56:32:981  轴承端盖温度特征值计算完成, 位置标记：0
2020-12-12 18:56:33:044  电机温度计算完成, 位置标记：0
2020-12-12 18:56:33:044  电机温度计算完成, 位置标记：0
2020-12-12 18:56:33:044  电机温度计算完成, 位置标记：0
2020-12-12 18:56:33:044  电机温度计算完成, 位置标记：0
2020-12-12 18:56:33:044  电机温度计算完成, 位置标记：0
2020-12-12 18:56:33:044  电机温度计算完成, 位置标记：0
2020-12-12 18:56:33:044  电机温度计算完成, 位置标记：0
2020-12-12 18:56:33:059  电机温度计算完成, 位置标记：0
2020-12-12 18:56:33:059  车速为：36.7673位置标记为：0
2020-12-12 18:56:33:075  振动分轮计算完成, 位置标记：0
2020-12-12 18:56:33:356  振动特征值计算完成, 位置标记：0
