2020-12-16 10:04:26:947  磁钢信号预处理完成，位置标记：1
2020-12-16 10:04:26:963  温度分轮成功，分轮数尺度为：48
2020-12-16 10:04:27:025  轴承端盖温度特征值计算完成, 位置标记：1
2020-12-16 10:04:27:088  电机温度计算完成, 位置标记：1
2020-12-16 10:04:27:088  电机温度计算完成, 位置标记：1
2020-12-16 10:04:27:088  电机温度计算完成, 位置标记：1
2020-12-16 10:04:27:088  电机温度计算完成, 位置标记：1
2020-12-16 10:04:27:088  电机温度计算完成, 位置标记：1
2020-12-16 10:04:27:088  电机温度计算完成, 位置标记：1
2020-12-16 10:04:27:103  电机温度计算完成, 位置标记：1
2020-12-16 10:04:27:103  电机温度计算完成, 位置标记：1
2020-12-16 10:04:27:103  车速为：36.882位置标记为：1
2020-12-16 10:04:27:119  振动有效标记位计算异常，位置标记为：1
2020-12-16 10:04:27:181  磁钢信号预处理完成，位置标记：0
2020-12-16 10:04:27:181  温度分轮成功，分轮数尺度为：48
2020-12-16 10:04:27:244  轴承端盖温度特征值计算完成, 位置标记：0
2020-12-16 10:04:27:306  电机温度计算完成, 位置标记：0
2020-12-16 10:04:27:306  电机温度计算完成, 位置标记：0
2020-12-16 10:04:27:322  电机温度计算完成, 位置标记：0
2020-12-16 10:04:27:322  电机温度计算完成, 位置标记：0
2020-12-16 10:04:27:322  电机温度计算完成, 位置标记：0
2020-12-16 10:04:27:322  电机温度计算完成, 位置标记：0
2020-12-16 10:04:27:322  电机温度计算完成, 位置标记：0
2020-12-16 10:04:27:322  电机温度计算完成, 位置标记：0
2020-12-16 10:04:27:338  车速为：36.882位置标记为：0
2020-12-16 10:04:27:353  振动有效标记位计算异常，位置标记为：0
2020-12-16 10:14:00:441  磁钢信号预处理完成，位置标记：1
2020-12-16 10:14:00:441  温度分轮成功，分轮数尺度为：48
2020-12-16 10:14:00:519  轴承端盖温度特征值计算完成, 位置标记：1
2020-12-16 10:14:00:582  电机温度计算完成, 位置标记：1
2020-12-16 10:14:00:582  电机温度计算完成, 位置标记：1
2020-12-16 10:14:00:582  电机温度计算完成, 位置标记：1
2020-12-16 10:14:00:597  电机温度计算完成, 位置标记：1
2020-12-16 10:14:00:597  电机温度计算完成, 位置标记：1
2020-12-16 10:14:00:597  电机温度计算完成, 位置标记：1
2020-12-16 10:14:00:597  电机温度计算完成, 位置标记：1
2020-12-16 10:14:00:597  电机温度计算完成, 位置标记：1
2020-12-16 10:14:00:597  车速为：36.5402位置标记为：1
2020-12-16 10:14:00:629  振动分轮计算完成, 位置标记：1
2020-12-16 10:14:00:879  振动特征值计算完成, 位置标记：1
2020-12-16 10:14:00:925  磁钢信号预处理完成，位置标记：0
2020-12-16 10:14:00:941  温度分轮成功，分轮数尺度为：48
2020-12-16 10:14:01:019  轴承端盖温度特征值计算完成, 位置标记：0
2020-12-16 10:14:01:082  电机温度计算完成, 位置标记：0
2020-12-16 10:14:01:082  电机温度计算完成, 位置标记：0
2020-12-16 10:14:01:082  电机温度计算完成, 位置标记：0
2020-12-16 10:14:01:082  电机温度计算完成, 位置标记：0
2020-12-16 10:14:01:097  电机温度计算完成, 位置标记：0
2020-12-16 10:14:01:097  电机温度计算完成, 位置标记：0
2020-12-16 10:14:01:097  电机温度计算完成, 位置标记：0
2020-12-16 10:14:01:097  电机温度计算完成, 位置标记：0
2020-12-16 10:14:01:097  车速为：36.5402位置标记为：0
2020-12-16 10:14:01:129  振动分轮计算完成, 位置标记：0
2020-12-16 10:14:01:410  振动特征值计算完成, 位置标记：0
2020-12-16 10:23:31:328  磁钢信号预处理完成，位置标记：1
2020-12-16 10:23:31:343  温度分轮成功，分轮数尺度为：48
2020-12-16 10:23:31:406  轴承端盖温度特征值计算完成, 位置标记：1
2020-12-16 10:23:31:484  电机温度计算完成, 位置标记：1
2020-12-16 10:23:31:484  电机温度计算完成, 位置标记：1
2020-12-16 10:23:31:484  电机温度计算完成, 位置标记：1
2020-12-16 10:23:31:484  电机温度计算完成, 位置标记：1
2020-12-16 10:23:31:484  电机温度计算完成, 位置标记：1
2020-12-16 10:23:31:499  电机温度计算完成, 位置标记：1
2020-12-16 10:23:31:499  电机温度计算完成, 位置标记：1
2020-12-16 10:23:31:499  电机温度计算完成, 位置标记：1
2020-12-16 10:23:31:499  车速为：36.6534位置标记为：1
2020-12-16 10:23:31:515  振动分轮计算完成, 位置标记：1
2020-12-16 10:23:31:796  振动特征值计算完成, 位置标记：1
2020-12-16 10:23:31:859  磁钢信号预处理完成，位置标记：0
2020-12-16 10:23:31:859  温度分轮成功，分轮数尺度为：48
2020-12-16 10:23:31:937  轴承端盖温度特征值计算完成, 位置标记：0
2020-12-16 10:23:31:999  电机温度计算完成, 位置标记：0
2020-12-16 10:23:31:999  电机温度计算完成, 位置标记：0
2020-12-16 10:23:31:999  电机温度计算完成, 位置标记：0
2020-12-16 10:23:31:999  电机温度计算完成, 位置标记：0
2020-12-16 10:23:32:015  电机温度计算完成, 位置标记：0
2020-12-16 10:23:32:015  电机温度计算完成, 位置标记：0
2020-12-16 10:23:32:015  电机温度计算完成, 位置标记：0
2020-12-16 10:23:32:015  电机温度计算完成, 位置标记：0
2020-12-16 10:23:32:015  车速为：36.6534位置标记为：0
2020-12-16 10:23:32:046  振动分轮计算完成, 位置标记：0
2020-12-16 10:23:32:328  振动特征值计算完成, 位置标记：0
2020-12-16 10:33:52:861  磁钢信号预处理完成，位置标记：1
2020-12-16 10:33:52:861  温度分轮成功，分轮数尺度为：48
2020-12-16 10:33:52:939  轴承端盖温度特征值计算完成, 位置标记：1
2020-12-16 10:33:53:001  电机温度计算完成, 位置标记：1
2020-12-16 10:33:53:001  电机温度计算完成, 位置标记：1
2020-12-16 10:33:53:001  电机温度计算完成, 位置标记：1
2020-12-16 10:33:53:001  电机温度计算完成, 位置标记：1
2020-12-16 10:33:53:001  电机温度计算完成, 位置标记：1
2020-12-16 10:33:53:001  电机温度计算完成, 位置标记：1
2020-12-16 10:33:53:017  电机温度计算完成, 位置标记：1
2020-12-16 10:33:53:017  电机温度计算完成, 位置标记：1
2020-12-16 10:33:53:017  车速为：36.6859位置标记为：1
2020-12-16 10:33:53:032  振动分轮计算完成, 位置标记：1
2020-12-16 10:33:53:329  振动特征值计算完成, 位置标记：1
2020-12-16 10:33:53:376  磁钢信号预处理完成，位置标记：0
2020-12-16 10:33:53:392  温度分轮成功，分轮数尺度为：48
2020-12-16 10:33:53:454  轴承端盖温度特征值计算完成, 位置标记：0
2020-12-16 10:33:53:517  电机温度计算完成, 位置标记：0
2020-12-16 10:33:53:517  电机温度计算完成, 位置标记：0
2020-12-16 10:33:53:532  电机温度计算完成, 位置标记：0
2020-12-16 10:33:53:532  电机温度计算完成, 位置标记：0
2020-12-16 10:33:53:532  电机温度计算完成, 位置标记：0
2020-12-16 10:33:53:532  电机温度计算完成, 位置标记：0
2020-12-16 10:33:53:532  电机温度计算完成, 位置标记：0
2020-12-16 10:33:53:548  电机温度计算完成, 位置标记：0
2020-12-16 10:33:53:548  车速为：36.6859位置标记为：0
2020-12-16 10:33:53:564  振动分轮计算完成, 位置标记：0
2020-12-16 10:33:53:845  振动特征值计算完成, 位置标记：0
2020-12-16 10:43:52:748  磁钢信号预处理完成，位置标记：1
2020-12-16 10:43:52:764  温度分轮成功，分轮数尺度为：48
2020-12-16 10:43:52:827  轴承端盖温度特征值计算完成, 位置标记：1
2020-12-16 10:43:52:889  电机温度计算完成, 位置标记：1
2020-12-16 10:43:52:889  电机温度计算完成, 位置标记：1
2020-12-16 10:43:52:889  电机温度计算完成, 位置标记：1
2020-12-16 10:43:52:889  电机温度计算完成, 位置标记：1
2020-12-16 10:43:52:889  电机温度计算完成, 位置标记：1
2020-12-16 10:43:52:905  电机温度计算完成, 位置标记：1
2020-12-16 10:43:52:905  电机温度计算完成, 位置标记：1
2020-12-16 10:43:52:905  电机温度计算完成, 位置标记：1
2020-12-16 10:43:52:905  车速为：36.621位置标记为：1
2020-12-16 10:43:52:936  振动分轮计算完成, 位置标记：1
2020-12-16 10:43:53:217  振动特征值计算完成, 位置标记：1
2020-12-16 10:43:53:280  磁钢信号预处理完成，位置标记：0
2020-12-16 10:43:53:280  温度分轮成功，分轮数尺度为：48
2020-12-16 10:43:53:342  轴承端盖温度特征值计算完成, 位置标记：0
2020-12-16 10:43:53:405  电机温度计算完成, 位置标记：0
2020-12-16 10:43:53:420  电机温度计算完成, 位置标记：0
2020-12-16 10:43:53:420  电机温度计算完成, 位置标记：0
2020-12-16 10:43:53:420  电机温度计算完成, 位置标记：0
2020-12-16 10:43:53:420  电机温度计算完成, 位置标记：0
2020-12-16 10:43:53:420  电机温度计算完成, 位置标记：0
2020-12-16 10:43:53:436  电机温度计算完成, 位置标记：0
2020-12-16 10:43:53:436  电机温度计算完成, 位置标记：0
2020-12-16 10:43:53:436  车速为：36.621位置标记为：0
2020-12-16 10:43:53:452  振动分轮计算完成, 位置标记：0
2020-12-16 10:43:53:733  振动特征值计算完成, 位置标记：0
2020-12-16 10:53:59:772  磁钢信号预处理完成，位置标记：1
2020-12-16 10:53:59:788  温度分轮成功，分轮数尺度为：48
2020-12-16 10:53:59:851  轴承端盖温度特征值计算完成, 位置标记：1
2020-12-16 10:53:59:913  电机温度计算完成, 位置标记：1
2020-12-16 10:53:59:913  电机温度计算完成, 位置标记：1
2020-12-16 10:53:59:929  电机温度计算完成, 位置标记：1
2020-12-16 10:53:59:929  电机温度计算完成, 位置标记：1
2020-12-16 10:53:59:929  电机温度计算完成, 位置标记：1
2020-12-16 10:53:59:929  电机温度计算完成, 位置标记：1
2020-12-16 10:53:59:929  电机温度计算完成, 位置标记：1
2020-12-16 10:53:59:929  电机温度计算完成, 位置标记：1
2020-12-16 10:53:59:944  车速为：36.621位置标记为：1
2020-12-16 10:53:59:960  振动分轮计算完成, 位置标记：1
2020-12-16 10:54:00:241  振动特征值计算完成, 位置标记：1
2020-12-16 10:54:00:304  磁钢信号预处理完成，位置标记：0
2020-12-16 10:54:00:319  温度分轮成功，分轮数尺度为：48
2020-12-16 10:54:00:382  轴承端盖温度特征值计算完成, 位置标记：0
2020-12-16 10:54:00:444  电机温度计算完成, 位置标记：0
2020-12-16 10:54:00:444  电机温度计算完成, 位置标记：0
2020-12-16 10:54:00:444  电机温度计算完成, 位置标记：0
2020-12-16 10:54:00:444  电机温度计算完成, 位置标记：0
2020-12-16 10:54:00:460  电机温度计算完成, 位置标记：0
2020-12-16 10:54:00:460  电机温度计算完成, 位置标记：0
2020-12-16 10:54:00:460  电机温度计算完成, 位置标记：0
2020-12-16 10:54:00:460  电机温度计算完成, 位置标记：0
2020-12-16 10:54:00:460  车速为：36.621位置标记为：0
2020-12-16 10:54:00:476  振动分轮计算完成, 位置标记：0
2020-12-16 10:54:00:772  振动特征值计算完成, 位置标记：0
