2020-12-28 15:10:52:915  磁钢信号预处理完成，位置标记：1
2020-12-28 15:10:52:935  温度分轮成功，分轮数尺度为：48
2020-12-28 15:10:52:949  轴承端盖温度特征值计算完成, 位置标记：1
2020-12-28 15:10:52:963  电机温度计算完成, 位置标记：1
2020-12-28 15:10:52:967  电机温度计算完成, 位置标记：1
2020-12-28 15:10:52:969  电机温度计算完成, 位置标记：1
2020-12-28 15:10:52:971  电机温度计算完成, 位置标记：1
2020-12-28 15:10:52:973  电机温度计算完成, 位置标记：1
2020-12-28 15:10:52:977  电机温度计算完成, 位置标记：1
2020-12-28 15:10:52:979  电机温度计算完成, 位置标记：1
2020-12-28 15:10:52:981  电机温度计算完成, 位置标记：1
2020-12-28 15:10:52:983  车速为：43.9024位置标记为：1
2020-12-28 15:10:53:021  振动分轮计算完成, 位置标记：1
2020-12-28 15:10:53:211  振动特征值计算完成, 位置标记：1
2020-12-28 15:10:53:293  磁钢信号预处理完成，位置标记：0
2020-12-28 15:10:53:313  温度分轮成功，分轮数尺度为：48
2020-12-28 15:10:53:327  轴承端盖温度特征值计算完成, 位置标记：0
2020-12-28 15:10:53:343  电机温度计算完成, 位置标记：0
2020-12-28 15:10:53:345  电机温度计算完成, 位置标记：0
2020-12-28 15:10:53:347  电机温度计算完成, 位置标记：0
2020-12-28 15:10:53:349  电机温度计算完成, 位置标记：0
2020-12-28 15:10:53:351  电机温度计算完成, 位置标记：0
2020-12-28 15:10:53:355  电机温度计算完成, 位置标记：0
2020-12-28 15:10:53:357  电机温度计算完成, 位置标记：0
2020-12-28 15:10:53:359  电机温度计算完成, 位置标记：0
2020-12-28 15:10:53:359  车速为：43.9024位置标记为：0
2020-12-28 15:10:53:397  振动分轮计算完成, 位置标记：0
2020-12-28 15:10:53:601  振动特征值计算完成, 位置标记：0
2020-12-28 15:16:57:125  磁钢信号预处理完成，位置标记：1
2020-12-28 15:16:57:139  温度分轮成功，分轮数尺度为：48
2020-12-28 15:16:57:153  轴承端盖温度特征值计算完成, 位置标记：1
2020-12-28 15:16:57:167  电机温度计算完成, 位置标记：1
2020-12-28 15:16:57:171  电机温度计算完成, 位置标记：1
2020-12-28 15:16:57:173  电机温度计算完成, 位置标记：1
2020-12-28 15:16:57:175  电机温度计算完成, 位置标记：1
2020-12-28 15:16:57:177  电机温度计算完成, 位置标记：1
2020-12-28 15:16:57:179  电机温度计算完成, 位置标记：1
2020-12-28 15:16:57:181  电机温度计算完成, 位置标记：1
2020-12-28 15:16:57:181  电机温度计算完成, 位置标记：1
2020-12-28 15:16:57:183  车速为：36.3317位置标记为：1
2020-12-28 15:16:57:211  振动分轮计算完成, 位置标记：1
2020-12-28 15:16:57:379  振动特征值计算完成, 位置标记：1
2020-12-28 15:16:57:441  磁钢信号预处理完成，位置标记：0
2020-12-28 15:16:57:455  温度分轮成功，分轮数尺度为：48
2020-12-28 15:16:57:469  轴承端盖温度特征值计算完成, 位置标记：0
2020-12-28 15:16:57:485  电机温度计算完成, 位置标记：0
2020-12-28 15:16:57:487  电机温度计算完成, 位置标记：0
2020-12-28 15:16:57:489  电机温度计算完成, 位置标记：0
2020-12-28 15:16:57:491  电机温度计算完成, 位置标记：0
2020-12-28 15:16:57:493  电机温度计算完成, 位置标记：0
2020-12-28 15:16:57:497  电机温度计算完成, 位置标记：0
2020-12-28 15:16:57:499  电机温度计算完成, 位置标记：0
2020-12-28 15:16:57:503  电机温度计算完成, 位置标记：0
2020-12-28 15:16:57:503  车速为：36.3317位置标记为：0
2020-12-28 15:16:57:537  振动分轮计算完成, 位置标记：0
2020-12-28 15:16:57:707  振动特征值计算完成, 位置标记：0
2020-12-28 15:23:42:509  磁钢信号预处理完成，位置标记：1
2020-12-28 15:23:42:527  温度分轮成功，分轮数尺度为：48
2020-12-28 15:23:42:543  轴承端盖温度特征值计算完成, 位置标记：1
2020-12-28 15:23:42:557  电机温度计算完成, 位置标记：1
2020-12-28 15:23:42:559  电机温度计算完成, 位置标记：1
2020-12-28 15:23:42:563  电机温度计算完成, 位置标记：1
2020-12-28 15:23:42:565  电机温度计算完成, 位置标记：1
2020-12-28 15:23:42:567  电机温度计算完成, 位置标记：1
2020-12-28 15:23:42:569  电机温度计算完成, 位置标记：1
2020-12-28 15:23:42:571  电机温度计算完成, 位置标记：1
2020-12-28 15:23:42:575  电机温度计算完成, 位置标记：1
2020-12-28 15:23:42:575  车速为：43.8792位置标记为：1
2020-12-28 15:23:42:613  振动分轮计算完成, 位置标记：1
2020-12-28 15:23:42:797  振动特征值计算完成, 位置标记：1
2020-12-28 15:23:42:869  磁钢信号预处理完成，位置标记：0
2020-12-28 15:23:42:885  温度分轮成功，分轮数尺度为：48
2020-12-28 15:23:42:897  轴承端盖温度特征值计算完成, 位置标记：0
2020-12-28 15:23:42:913  电机温度计算完成, 位置标记：0
2020-12-28 15:23:42:915  电机温度计算完成, 位置标记：0
2020-12-28 15:23:42:919  电机温度计算完成, 位置标记：0
2020-12-28 15:23:42:921  电机温度计算完成, 位置标记：0
2020-12-28 15:23:42:923  电机温度计算完成, 位置标记：0
2020-12-28 15:23:42:927  电机温度计算完成, 位置标记：0
2020-12-28 15:23:42:929  电机温度计算完成, 位置标记：0
2020-12-28 15:23:42:931  电机温度计算完成, 位置标记：0
2020-12-28 15:23:42:933  车速为：43.8792位置标记为：0
2020-12-28 15:23:42:969  振动分轮计算完成, 位置标记：0
2020-12-28 15:23:43:169  振动特征值计算完成, 位置标记：0
2020-12-28 15:30:26:844  磁钢信号预处理完成，位置标记：1
2020-12-28 15:30:26:864  温度分轮成功，分轮数尺度为：48
2020-12-28 15:30:26:880  轴承端盖温度特征值计算完成, 位置标记：1
2020-12-28 15:30:26:896  电机温度计算完成, 位置标记：1
2020-12-28 15:30:26:900  电机温度计算完成, 位置标记：1
2020-12-28 15:30:26:902  电机温度计算完成, 位置标记：1
2020-12-28 15:30:26:904  电机温度计算完成, 位置标记：1
2020-12-28 15:30:26:906  电机温度计算完成, 位置标记：1
2020-12-28 15:30:26:908  电机温度计算完成, 位置标记：1
2020-12-28 15:30:26:910  电机温度计算完成, 位置标记：1
2020-12-28 15:30:26:914  电机温度计算完成, 位置标记：1
2020-12-28 15:30:26:914  车速为：44.1365位置标记为：1
2020-12-28 15:30:26:948  振动分轮计算完成, 位置标记：1
2020-12-28 15:30:27:134  振动特征值计算完成, 位置标记：1
2020-12-28 15:30:27:208  磁钢信号预处理完成，位置标记：0
2020-12-28 15:30:27:224  温度分轮成功，分轮数尺度为：48
2020-12-28 15:30:27:238  轴承端盖温度特征值计算完成, 位置标记：0
2020-12-28 15:30:27:254  电机温度计算完成, 位置标记：0
2020-12-28 15:30:27:256  电机温度计算完成, 位置标记：0
2020-12-28 15:30:27:258  电机温度计算完成, 位置标记：0
2020-12-28 15:30:27:260  电机温度计算完成, 位置标记：0
2020-12-28 15:30:27:264  电机温度计算完成, 位置标记：0
2020-12-28 15:30:27:266  电机温度计算完成, 位置标记：0
2020-12-28 15:30:27:268  电机温度计算完成, 位置标记：0
2020-12-28 15:30:27:270  电机温度计算完成, 位置标记：0
2020-12-28 15:30:27:270  车速为：44.1365位置标记为：0
2020-12-28 15:30:27:304  振动分轮计算完成, 位置标记：0
2020-12-28 15:30:27:474  振动特征值计算完成, 位置标记：0
2020-12-28 15:43:32:884  磁钢信号预处理完成，位置标记：1
2020-12-28 15:43:32:900  温度分轮成功，分轮数尺度为：48
2020-12-28 15:43:32:914  轴承端盖温度特征值计算完成, 位置标记：1
2020-12-28 15:43:32:928  电机温度计算完成, 位置标记：1
2020-12-28 15:43:32:930  电机温度计算完成, 位置标记：1
2020-12-28 15:43:32:932  电机温度计算完成, 位置标记：1
2020-12-28 15:43:32:934  电机温度计算完成, 位置标记：1
2020-12-28 15:43:32:936  电机温度计算完成, 位置标记：1
2020-12-28 15:43:32:938  电机温度计算完成, 位置标记：1
2020-12-28 15:43:32:940  电机温度计算完成, 位置标记：1
2020-12-28 15:43:32:942  电机温度计算完成, 位置标记：1
2020-12-28 15:43:32:942  车速为：43.4646位置标记为：1
2020-12-28 15:43:32:972  振动分轮计算完成, 位置标记：1
2020-12-28 15:43:33:160  振动特征值计算完成, 位置标记：1
2020-12-28 15:43:33:242  磁钢信号预处理完成，位置标记：0
2020-12-28 15:43:33:262  温度分轮成功，分轮数尺度为：48
2020-12-28 15:43:33:276  轴承端盖温度特征值计算完成, 位置标记：0
2020-12-28 15:43:33:292  电机温度计算完成, 位置标记：0
2020-12-28 15:43:33:294  电机温度计算完成, 位置标记：0
2020-12-28 15:43:33:296  电机温度计算完成, 位置标记：0
2020-12-28 15:43:33:298  电机温度计算完成, 位置标记：0
2020-12-28 15:43:33:300  电机温度计算完成, 位置标记：0
2020-12-28 15:43:33:302  电机温度计算完成, 位置标记：0
2020-12-28 15:43:33:304  电机温度计算完成, 位置标记：0
2020-12-28 15:43:33:306  电机温度计算完成, 位置标记：0
2020-12-28 15:43:33:306  车速为：43.4646位置标记为：0
2020-12-28 15:43:33:336  振动分轮计算完成, 位置标记：0
2020-12-28 15:43:33:494  振动特征值计算完成, 位置标记：0
2020-12-28 15:56:31:037  磁钢信号预处理完成，位置标记：1
2020-12-28 15:56:31:057  温度分轮成功，分轮数尺度为：48
2020-12-28 15:56:31:076  轴承端盖温度特征值计算完成, 位置标记：1
2020-12-28 15:56:31:089  电机温度计算完成, 位置标记：1
2020-12-28 15:56:31:092  电机温度计算完成, 位置标记：1
2020-12-28 15:56:31:093  电机温度计算完成, 位置标记：1
2020-12-28 15:56:31:098  电机温度计算完成, 位置标记：1
2020-12-28 15:56:31:100  电机温度计算完成, 位置标记：1
2020-12-28 15:56:31:102  电机温度计算完成, 位置标记：1
2020-12-28 15:56:31:104  电机温度计算完成, 位置标记：1
2020-12-28 15:56:31:106  电机温度计算完成, 位置标记：1
2020-12-28 15:56:31:106  车速为：43.949位置标记为：1
2020-12-28 15:56:31:144  振动分轮计算完成, 位置标记：1
2020-12-28 15:56:31:338  振动特征值计算完成, 位置标记：1
2020-12-28 15:56:31:412  磁钢信号预处理完成，位置标记：0
2020-12-28 15:56:31:430  温度分轮成功，分轮数尺度为：48
2020-12-28 15:56:31:444  轴承端盖温度特征值计算完成, 位置标记：0
2020-12-28 15:56:31:456  电机温度计算完成, 位置标记：0
2020-12-28 15:56:31:458  电机温度计算完成, 位置标记：0
2020-12-28 15:56:31:460  电机温度计算完成, 位置标记：0
2020-12-28 15:56:31:462  电机温度计算完成, 位置标记：0
2020-12-28 15:56:31:464  电机温度计算完成, 位置标记：0
2020-12-28 15:56:31:466  电机温度计算完成, 位置标记：0
2020-12-28 15:56:31:468  电机温度计算完成, 位置标记：0
2020-12-28 15:56:31:470  电机温度计算完成, 位置标记：0
2020-12-28 15:56:31:470  车速为：43.949位置标记为：0
2020-12-28 15:56:31:502  振动分轮计算完成, 位置标记：0
2020-12-28 15:56:31:700  振动特征值计算完成, 位置标记：0
