2020-12-13 06:04:25:005  磁钢信号预处理完成，位置标记：1
2020-12-13 06:04:25:020  温度分轮成功，分轮数尺度为：48
2020-12-13 06:04:25:083  轴承端盖温度特征值计算完成, 位置标记：1
2020-12-13 06:04:25:145  电机温度计算完成, 位置标记：1
2020-12-13 06:04:25:161  电机温度计算完成, 位置标记：1
2020-12-13 06:04:25:161  电机温度计算完成, 位置标记：1
2020-12-13 06:04:25:161  电机温度计算完成, 位置标记：1
2020-12-13 06:04:25:161  电机温度计算完成, 位置标记：1
2020-12-13 06:04:25:161  电机温度计算完成, 位置标记：1
2020-12-13 06:04:25:161  电机温度计算完成, 位置标记：1
2020-12-13 06:04:25:177  电机温度计算完成, 位置标记：1
2020-12-13 06:04:25:177  车速为：36.6048位置标记为：1
2020-12-13 06:04:25:192  振动分轮计算完成, 位置标记：1
2020-12-13 06:04:25:489  振动特征值计算完成, 位置标记：1
2020-12-13 06:04:25:536  磁钢信号预处理完成，位置标记：0
2020-12-13 06:04:25:552  温度分轮成功，分轮数尺度为：48
2020-12-13 06:04:25:614  轴承端盖温度特征值计算完成, 位置标记：0
2020-12-13 06:04:25:677  电机温度计算完成, 位置标记：0
2020-12-13 06:04:25:692  电机温度计算完成, 位置标记：0
2020-12-13 06:04:25:692  电机温度计算完成, 位置标记：0
2020-12-13 06:04:25:692  电机温度计算完成, 位置标记：0
2020-12-13 06:04:25:692  电机温度计算完成, 位置标记：0
2020-12-13 06:04:25:692  电机温度计算完成, 位置标记：0
2020-12-13 06:04:25:708  电机温度计算完成, 位置标记：0
2020-12-13 06:04:25:708  电机温度计算完成, 位置标记：0
2020-12-13 06:04:25:708  车速为：36.6048位置标记为：0
2020-12-13 06:04:25:723  振动分轮计算完成, 位置标记：0
2020-12-13 06:04:26:020  振动特征值计算完成, 位置标记：0
2020-12-13 06:18:11:081  磁钢信号预处理完成，位置标记：1
2020-12-13 06:18:11:097  温度分轮成功，分轮数尺度为：48
2020-12-13 06:18:11:159  轴承端盖温度特征值计算完成, 位置标记：1
2020-12-13 06:18:11:222  电机温度计算完成, 位置标记：1
2020-12-13 06:18:11:222  电机温度计算完成, 位置标记：1
2020-12-13 06:18:11:237  电机温度计算完成, 位置标记：1
2020-12-13 06:18:11:237  电机温度计算完成, 位置标记：1
2020-12-13 06:18:11:237  电机温度计算完成, 位置标记：1
2020-12-13 06:18:11:237  电机温度计算完成, 位置标记：1
2020-12-13 06:18:11:237  电机温度计算完成, 位置标记：1
2020-12-13 06:18:11:253  电机温度计算完成, 位置标记：1
2020-12-13 06:18:11:253  车速为：36.6048位置标记为：1
2020-12-13 06:18:11:269  振动分轮计算完成, 位置标记：1
2020-12-13 06:18:11:550  振动特征值计算完成, 位置标记：1
2020-12-13 06:18:11:597  磁钢信号预处理完成，位置标记：0
2020-12-13 06:18:11:612  温度分轮成功，分轮数尺度为：48
2020-12-13 06:18:11:675  轴承端盖温度特征值计算完成, 位置标记：0
2020-12-13 06:18:11:737  电机温度计算完成, 位置标记：0
2020-12-13 06:18:11:737  电机温度计算完成, 位置标记：0
2020-12-13 06:18:11:737  电机温度计算完成, 位置标记：0
2020-12-13 06:18:11:753  电机温度计算完成, 位置标记：0
2020-12-13 06:18:11:753  电机温度计算完成, 位置标记：0
2020-12-13 06:18:11:753  电机温度计算完成, 位置标记：0
2020-12-13 06:18:11:753  电机温度计算完成, 位置标记：0
2020-12-13 06:18:11:753  电机温度计算完成, 位置标记：0
2020-12-13 06:18:11:753  车速为：36.6048位置标记为：0
2020-12-13 06:18:11:784  振动分轮计算完成, 位置标记：0
2020-12-13 06:18:12:066  振动特征值计算完成, 位置标记：0
2020-12-13 06:31:08:617  磁钢信号预处理完成，位置标记：1
2020-12-13 06:31:08:633  温度分轮成功，分轮数尺度为：48
2020-12-13 06:31:08:695  轴承端盖温度特征值计算完成, 位置标记：1
2020-12-13 06:31:08:773  电机温度计算完成, 位置标记：1
2020-12-13 06:31:08:773  电机温度计算完成, 位置标记：1
2020-12-13 06:31:08:773  电机温度计算完成, 位置标记：1
2020-12-13 06:31:08:773  电机温度计算完成, 位置标记：1
2020-12-13 06:31:08:773  电机温度计算完成, 位置标记：1
2020-12-13 06:31:08:789  电机温度计算完成, 位置标记：1
2020-12-13 06:31:08:789  电机温度计算完成, 位置标记：1
2020-12-13 06:31:08:789  电机温度计算完成, 位置标记：1
2020-12-13 06:31:08:789  车速为：36.5886位置标记为：1
2020-12-13 06:31:08:805  振动有效标记位计算异常，位置标记为：1
2020-12-13 06:31:08:867  磁钢信号预处理完成，位置标记：0
2020-12-13 06:31:08:883  温度分轮成功，分轮数尺度为：48
2020-12-13 06:31:08:945  轴承端盖温度特征值计算完成, 位置标记：0
2020-12-13 06:31:09:008  电机温度计算完成, 位置标记：0
2020-12-13 06:31:09:008  电机温度计算完成, 位置标记：0
2020-12-13 06:31:09:008  电机温度计算完成, 位置标记：0
2020-12-13 06:31:09:023  电机温度计算完成, 位置标记：0
2020-12-13 06:31:09:023  电机温度计算完成, 位置标记：0
2020-12-13 06:31:09:023  电机温度计算完成, 位置标记：0
2020-12-13 06:31:09:023  电机温度计算完成, 位置标记：0
2020-12-13 06:31:09:023  电机温度计算完成, 位置标记：0
2020-12-13 06:31:09:023  车速为：36.5886位置标记为：0
2020-12-13 06:31:09:055  振动有效标记位计算异常，位置标记为：0
2020-12-13 06:44:02:543  磁钢信号预处理完成，位置标记：1
2020-12-13 06:44:02:558  温度分轮成功，分轮数尺度为：48
2020-12-13 06:44:02:621  轴承端盖温度特征值计算完成, 位置标记：1
2020-12-13 06:44:02:683  电机温度计算完成, 位置标记：1
2020-12-13 06:44:02:683  电机温度计算完成, 位置标记：1
2020-12-13 06:44:02:683  电机温度计算完成, 位置标记：1
2020-12-13 06:44:02:683  电机温度计算完成, 位置标记：1
2020-12-13 06:44:02:699  电机温度计算完成, 位置标记：1
2020-12-13 06:44:02:699  电机温度计算完成, 位置标记：1
2020-12-13 06:44:02:699  电机温度计算完成, 位置标记：1
2020-12-13 06:44:02:699  电机温度计算完成, 位置标记：1
2020-12-13 06:44:02:699  车速为：36.7347位置标记为：1
2020-12-13 06:44:02:730  振动分轮计算完成, 位置标记：1
2020-12-13 06:44:03:011  振动特征值计算完成, 位置标记：1
2020-12-13 06:44:03:058  磁钢信号预处理完成，位置标记：0
2020-12-13 06:44:03:074  温度分轮成功，分轮数尺度为：48
2020-12-13 06:44:03:136  轴承端盖温度特征值计算完成, 位置标记：0
2020-12-13 06:44:03:199  电机温度计算完成, 位置标记：0
2020-12-13 06:44:03:214  电机温度计算完成, 位置标记：0
2020-12-13 06:44:03:214  电机温度计算完成, 位置标记：0
2020-12-13 06:44:03:214  电机温度计算完成, 位置标记：0
2020-12-13 06:44:03:214  电机温度计算完成, 位置标记：0
2020-12-13 06:44:03:214  电机温度计算完成, 位置标记：0
2020-12-13 06:44:03:230  电机温度计算完成, 位置标记：0
2020-12-13 06:44:03:230  电机温度计算完成, 位置标记：0
2020-12-13 06:44:03:230  车速为：36.7347位置标记为：0
2020-12-13 06:44:03:246  振动分轮计算完成, 位置标记：0
2020-12-13 06:44:03:543  振动特征值计算完成, 位置标记：0
2020-12-13 06:55:43:859  磁钢信号预处理完成，位置标记：1
2020-12-13 06:55:43:875  温度分轮成功，分轮数尺度为：48
2020-12-13 06:55:43:937  轴承端盖温度特征值计算完成, 位置标记：1
2020-12-13 06:55:44:000  电机温度计算完成, 位置标记：1
2020-12-13 06:55:44:000  电机温度计算完成, 位置标记：1
2020-12-13 06:55:44:000  电机温度计算完成, 位置标记：1
2020-12-13 06:55:44:016  电机温度计算完成, 位置标记：1
2020-12-13 06:55:44:016  电机温度计算完成, 位置标记：1
2020-12-13 06:55:44:016  电机温度计算完成, 位置标记：1
2020-12-13 06:55:44:016  电机温度计算完成, 位置标记：1
2020-12-13 06:55:44:016  电机温度计算完成, 位置标记：1
2020-12-13 06:55:44:016  车速为：36.5563位置标记为：1
2020-12-13 06:55:44:047  振动分轮计算完成, 位置标记：1
2020-12-13 06:55:44:312  振动特征值计算完成, 位置标记：1
2020-12-13 06:55:44:375  磁钢信号预处理完成，位置标记：0
2020-12-13 06:55:44:391  温度分轮成功，分轮数尺度为：48
2020-12-13 06:55:44:453  轴承端盖温度特征值计算完成, 位置标记：0
2020-12-13 06:55:44:516  电机温度计算完成, 位置标记：0
2020-12-13 06:55:44:516  电机温度计算完成, 位置标记：0
2020-12-13 06:55:44:516  电机温度计算完成, 位置标记：0
2020-12-13 06:55:44:516  电机温度计算完成, 位置标记：0
2020-12-13 06:55:44:516  电机温度计算完成, 位置标记：0
2020-12-13 06:55:44:531  电机温度计算完成, 位置标记：0
2020-12-13 06:55:44:531  电机温度计算完成, 位置标记：0
2020-12-13 06:55:44:531  电机温度计算完成, 位置标记：0
2020-12-13 06:55:44:531  车速为：36.5563位置标记为：0
2020-12-13 06:55:44:547  振动分轮计算完成, 位置标记：0
2020-12-13 06:55:44:828  振动特征值计算完成, 位置标记：0
