2020-12-25 11:06:10:231  磁钢信号预处理完成，位置标记：1
2020-12-25 11:06:10:243  温度分轮成功，分轮数尺度为：48
2020-12-25 11:06:10:257  轴承端盖温度特征值计算完成, 位置标记：1
2020-12-25 11:06:10:267  电机温度计算完成, 位置标记：1
2020-12-25 11:06:10:270  电机温度计算完成, 位置标记：1
2020-12-25 11:06:10:274  电机温度计算完成, 位置标记：1
2020-12-25 11:06:10:277  电机温度计算完成, 位置标记：1
2020-12-25 11:06:10:281  电机温度计算完成, 位置标记：1
2020-12-25 11:06:10:284  电机温度计算完成, 位置标记：1
2020-12-25 11:06:10:287  电机温度计算完成, 位置标记：1
2020-12-25 11:06:10:291  电机温度计算完成, 位置标记：1
2020-12-25 11:06:10:292  车速为：69.6384位置标记为：1
2020-12-25 11:06:10:313  振动分轮计算完成, 位置标记：1
2020-12-25 11:06:10:639  振动特征值计算完成, 位置标记：1
2020-12-25 11:06:10:684  磁钢信号预处理完成，位置标记：0
2020-12-25 11:06:10:693  温度分轮成功，分轮数尺度为：48
2020-12-25 11:06:10:704  轴承端盖温度特征值计算完成, 位置标记：0
2020-12-25 11:06:10:712  电机温度计算完成, 位置标记：0
2020-12-25 11:06:10:715  电机温度计算完成, 位置标记：0
2020-12-25 11:06:10:718  电机温度计算完成, 位置标记：0
2020-12-25 11:06:10:720  电机温度计算完成, 位置标记：0
2020-12-25 11:06:10:723  电机温度计算完成, 位置标记：0
2020-12-25 11:06:10:726  电机温度计算完成, 位置标记：0
2020-12-25 11:06:10:728  电机温度计算完成, 位置标记：0
2020-12-25 11:06:10:731  电机温度计算完成, 位置标记：0
2020-12-25 11:06:10:731  车速为：69.6384位置标记为：0
2020-12-25 11:06:10:747  振动分轮计算完成, 位置标记：0
2020-12-25 11:06:11:052  振动特征值计算完成, 位置标记：0
2020-12-25 11:10:17:413  磁钢信号预处理完成，位置标记：1
2020-12-25 11:10:17:425  温度分轮成功，分轮数尺度为：48
2020-12-25 11:10:17:438  轴承端盖温度特征值计算完成, 位置标记：1
2020-12-25 11:10:17:447  电机温度计算完成, 位置标记：1
2020-12-25 11:10:17:451  电机温度计算完成, 位置标记：1
2020-12-25 11:10:17:454  电机温度计算完成, 位置标记：1
2020-12-25 11:10:17:458  电机温度计算完成, 位置标记：1
2020-12-25 11:10:17:461  电机温度计算完成, 位置标记：1
2020-12-25 11:10:17:465  电机温度计算完成, 位置标记：1
2020-12-25 11:10:17:468  电机温度计算完成, 位置标记：1
2020-12-25 11:10:17:472  电机温度计算完成, 位置标记：1
2020-12-25 11:10:17:473  车速为：79.3864位置标记为：1
2020-12-25 11:10:17:493  振动分轮计算完成, 位置标记：1
2020-12-25 11:10:17:832  振动特征值计算完成, 位置标记：1
2020-12-25 11:10:17:880  磁钢信号预处理完成，位置标记：0
2020-12-25 11:10:17:891  温度分轮成功，分轮数尺度为：48
2020-12-25 11:10:17:904  轴承端盖温度特征值计算完成, 位置标记：0
2020-12-25 11:10:17:913  电机温度计算完成, 位置标记：0
2020-12-25 11:10:17:917  电机温度计算完成, 位置标记：0
2020-12-25 11:10:17:920  电机温度计算完成, 位置标记：0
2020-12-25 11:10:17:923  电机温度计算完成, 位置标记：0
2020-12-25 11:10:17:927  电机温度计算完成, 位置标记：0
2020-12-25 11:10:17:931  电机温度计算完成, 位置标记：0
2020-12-25 11:10:17:934  电机温度计算完成, 位置标记：0
2020-12-25 11:10:17:938  电机温度计算完成, 位置标记：0
2020-12-25 11:10:17:939  车速为：79.3864位置标记为：0
2020-12-25 11:10:17:959  振动分轮计算完成, 位置标记：0
2020-12-25 11:10:18:296  振动特征值计算完成, 位置标记：0
2020-12-25 11:19:04:823  磁钢信号预处理完成，位置标记：1
2020-12-25 11:19:04:832  温度分轮成功，分轮数尺度为：48
2020-12-25 11:19:04:841  轴承端盖温度特征值计算完成, 位置标记：1
2020-12-25 11:19:04:848  电机温度计算完成, 位置标记：1
2020-12-25 11:19:04:851  电机温度计算完成, 位置标记：1
2020-12-25 11:19:04:853  电机温度计算完成, 位置标记：1
2020-12-25 11:19:04:856  电机温度计算完成, 位置标记：1
2020-12-25 11:19:04:859  电机温度计算完成, 位置标记：1
2020-12-25 11:19:04:861  电机温度计算完成, 位置标记：1
2020-12-25 11:19:04:864  电机温度计算完成, 位置标记：1
2020-12-25 11:19:04:867  电机温度计算完成, 位置标记：1
2020-12-25 11:19:04:867  车速为：78.9323位置标记为：1
2020-12-25 11:19:04:885  振动分轮计算完成, 位置标记：1
2020-12-25 11:19:05:182  振动特征值计算完成, 位置标记：1
2020-12-25 11:19:05:225  磁钢信号预处理完成，位置标记：0
2020-12-25 11:19:05:236  温度分轮成功，分轮数尺度为：48
2020-12-25 11:19:05:248  轴承端盖温度特征值计算完成, 位置标记：0
2020-12-25 11:19:05:256  电机温度计算完成, 位置标记：0
2020-12-25 11:19:05:259  电机温度计算完成, 位置标记：0
2020-12-25 11:19:05:263  电机温度计算完成, 位置标记：0
2020-12-25 11:19:05:266  电机温度计算完成, 位置标记：0
2020-12-25 11:19:05:269  电机温度计算完成, 位置标记：0
2020-12-25 11:19:05:273  电机温度计算完成, 位置标记：0
2020-12-25 11:19:05:276  电机温度计算完成, 位置标记：0
2020-12-25 11:19:05:279  电机温度计算完成, 位置标记：0
2020-12-25 11:19:05:280  车速为：78.9323位置标记为：0
2020-12-25 11:19:05:299  振动分轮计算完成, 位置标记：0
2020-12-25 11:19:05:582  振动特征值计算完成, 位置标记：0
2020-12-25 11:28:42:483  磁钢信号预处理完成，位置标记：1
2020-12-25 11:28:42:494  温度分轮成功，分轮数尺度为：48
2020-12-25 11:28:42:508  轴承端盖温度特征值计算完成, 位置标记：1
2020-12-25 11:28:42:517  电机温度计算完成, 位置标记：1
2020-12-25 11:28:42:520  电机温度计算完成, 位置标记：1
2020-12-25 11:28:42:524  电机温度计算完成, 位置标记：1
2020-12-25 11:28:42:527  电机温度计算完成, 位置标记：1
2020-12-25 11:28:42:531  电机温度计算完成, 位置标记：1
2020-12-25 11:28:42:534  电机温度计算完成, 位置标记：1
2020-12-25 11:28:42:538  电机温度计算完成, 位置标记：1
2020-12-25 11:28:42:541  电机温度计算完成, 位置标记：1
2020-12-25 11:28:42:542  车速为：78.7821位置标记为：1
2020-12-25 11:28:42:562  振动分轮计算完成, 位置标记：1
2020-12-25 11:28:42:895  振动特征值计算完成, 位置标记：1
2020-12-25 11:28:42:942  磁钢信号预处理完成，位置标记：0
2020-12-25 11:28:42:953  温度分轮成功，分轮数尺度为：48
2020-12-25 11:28:42:966  轴承端盖温度特征值计算完成, 位置标记：0
2020-12-25 11:28:42:976  电机温度计算完成, 位置标记：0
2020-12-25 11:28:42:979  电机温度计算完成, 位置标记：0
2020-12-25 11:28:42:983  电机温度计算完成, 位置标记：0
2020-12-25 11:28:42:986  电机温度计算完成, 位置标记：0
2020-12-25 11:28:42:990  电机温度计算完成, 位置标记：0
2020-12-25 11:28:42:993  电机温度计算完成, 位置标记：0
2020-12-25 11:28:42:997  电机温度计算完成, 位置标记：0
2020-12-25 11:28:43:000  电机温度计算完成, 位置标记：0
2020-12-25 11:28:43:001  车速为：78.7821位置标记为：0
2020-12-25 11:28:43:022  振动分轮计算完成, 位置标记：0
2020-12-25 11:28:43:359  振动特征值计算完成, 位置标记：0
2020-12-25 11:38:47:126  磁钢信号预处理完成，位置标记：1
2020-12-25 11:38:47:137  温度分轮成功，分轮数尺度为：48
2020-12-25 11:38:47:150  轴承端盖温度特征值计算完成, 位置标记：1
2020-12-25 11:38:47:159  电机温度计算完成, 位置标记：1
2020-12-25 11:38:47:162  电机温度计算完成, 位置标记：1
2020-12-25 11:38:47:165  电机温度计算完成, 位置标记：1
2020-12-25 11:38:47:168  电机温度计算完成, 位置标记：1
2020-12-25 11:38:47:172  电机温度计算完成, 位置标记：1
2020-12-25 11:38:47:175  电机温度计算完成, 位置标记：1
2020-12-25 11:38:47:178  电机温度计算完成, 位置标记：1
2020-12-25 11:38:47:182  电机温度计算完成, 位置标记：1
2020-12-25 11:38:47:182  车速为：79.2344位置标记为：1
2020-12-25 11:38:47:202  振动分轮计算完成, 位置标记：1
2020-12-25 11:38:47:474  振动特征值计算完成, 位置标记：1
2020-12-25 11:38:47:512  磁钢信号预处理完成，位置标记：0
2020-12-25 11:38:47:521  温度分轮成功，分轮数尺度为：48
2020-12-25 11:38:47:531  轴承端盖温度特征值计算完成, 位置标记：0
2020-12-25 11:38:47:538  电机温度计算完成, 位置标记：0
2020-12-25 11:38:47:541  电机温度计算完成, 位置标记：0
2020-12-25 11:38:47:543  电机温度计算完成, 位置标记：0
2020-12-25 11:38:47:546  电机温度计算完成, 位置标记：0
2020-12-25 11:38:47:549  电机温度计算完成, 位置标记：0
2020-12-25 11:38:47:551  电机温度计算完成, 位置标记：0
2020-12-25 11:38:47:554  电机温度计算完成, 位置标记：0
2020-12-25 11:38:47:557  电机温度计算完成, 位置标记：0
2020-12-25 11:38:47:557  车速为：79.2344位置标记为：0
2020-12-25 11:38:47:573  振动分轮计算完成, 位置标记：0
2020-12-25 11:38:47:838  振动特征值计算完成, 位置标记：0
2020-12-25 11:45:13:789  磁钢信号预处理完成，位置标记：1
2020-12-25 11:45:13:801  温度分轮成功，分轮数尺度为：48
2020-12-25 11:45:13:816  轴承端盖温度特征值计算完成, 位置标记：1
2020-12-25 11:45:13:827  电机温度计算完成, 位置标记：1
2020-12-25 11:45:13:830  电机温度计算完成, 位置标记：1
2020-12-25 11:45:13:834  电机温度计算完成, 位置标记：1
2020-12-25 11:45:13:837  电机温度计算完成, 位置标记：1
2020-12-25 11:45:13:840  电机温度计算完成, 位置标记：1
2020-12-25 11:45:13:844  电机温度计算完成, 位置标记：1
2020-12-25 11:45:13:847  电机温度计算完成, 位置标记：1
2020-12-25 11:45:13:851  电机温度计算完成, 位置标记：1
2020-12-25 11:45:13:851  车速为：67.7024位置标记为：1
2020-12-25 11:45:13:872  振动分轮计算完成, 位置标记：1
2020-12-25 11:45:14:206  振动特征值计算完成, 位置标记：1
2020-12-25 11:45:14:252  磁钢信号预处理完成，位置标记：0
2020-12-25 11:45:14:263  温度分轮成功，分轮数尺度为：48
2020-12-25 11:45:14:278  轴承端盖温度特征值计算完成, 位置标记：0
2020-12-25 11:45:14:289  电机温度计算完成, 位置标记：0
2020-12-25 11:45:14:293  电机温度计算完成, 位置标记：0
2020-12-25 11:45:14:296  电机温度计算完成, 位置标记：0
2020-12-25 11:45:14:299  电机温度计算完成, 位置标记：0
2020-12-25 11:45:14:302  电机温度计算完成, 位置标记：0
2020-12-25 11:45:14:305  电机温度计算完成, 位置标记：0
2020-12-25 11:45:14:308  电机温度计算完成, 位置标记：0
2020-12-25 11:45:14:311  电机温度计算完成, 位置标记：0
2020-12-25 11:45:14:312  车速为：67.7024位置标记为：0
2020-12-25 11:45:14:333  振动分轮计算完成, 位置标记：0
2020-12-25 11:45:14:669  振动特征值计算完成, 位置标记：0
2020-12-25 11:49:13:187  磁钢信号预处理完成，位置标记：1
2020-12-25 11:49:13:198  温度分轮成功，分轮数尺度为：48
2020-12-25 11:49:13:211  轴承端盖温度特征值计算完成, 位置标记：1
2020-12-25 11:49:13:220  电机温度计算完成, 位置标记：1
2020-12-25 11:49:13:224  电机温度计算完成, 位置标记：1
2020-12-25 11:49:13:228  电机温度计算完成, 位置标记：1
2020-12-25 11:49:13:232  电机温度计算完成, 位置标记：1
2020-12-25 11:49:13:235  电机温度计算完成, 位置标记：1
2020-12-25 11:49:13:238  电机温度计算完成, 位置标记：1
2020-12-25 11:49:13:242  电机温度计算完成, 位置标记：1
2020-12-25 11:49:13:245  电机温度计算完成, 位置标记：1
2020-12-25 11:49:13:246  车速为：78.9323位置标记为：1
2020-12-25 11:49:13:267  振动分轮计算完成, 位置标记：1
2020-12-25 11:49:13:603  振动特征值计算完成, 位置标记：1
2020-12-25 11:49:13:649  磁钢信号预处理完成，位置标记：0
2020-12-25 11:49:13:660  温度分轮成功，分轮数尺度为：48
2020-12-25 11:49:13:673  轴承端盖温度特征值计算完成, 位置标记：0
2020-12-25 11:49:13:682  电机温度计算完成, 位置标记：0
2020-12-25 11:49:13:685  电机温度计算完成, 位置标记：0
2020-12-25 11:49:13:689  电机温度计算完成, 位置标记：0
2020-12-25 11:49:13:692  电机温度计算完成, 位置标记：0
2020-12-25 11:49:13:695  电机温度计算完成, 位置标记：0
2020-12-25 11:49:13:698  电机温度计算完成, 位置标记：0
2020-12-25 11:49:13:701  电机温度计算完成, 位置标记：0
2020-12-25 11:49:13:704  电机温度计算完成, 位置标记：0
2020-12-25 11:49:13:705  车速为：78.9323位置标记为：0
2020-12-25 11:49:13:722  振动分轮计算完成, 位置标记：0
2020-12-25 11:49:13:989  振动特征值计算完成, 位置标记：0
2020-12-25 11:58:13:170  磁钢信号预处理完成，位置标记：1
2020-12-25 11:58:13:181  温度分轮成功，分轮数尺度为：48
2020-12-25 11:58:13:195  轴承端盖温度特征值计算完成, 位置标记：1
2020-12-25 11:58:13:204  电机温度计算完成, 位置标记：1
2020-12-25 11:58:13:207  电机温度计算完成, 位置标记：1
2020-12-25 11:58:13:211  电机温度计算完成, 位置标记：1
2020-12-25 11:58:13:215  电机温度计算完成, 位置标记：1
2020-12-25 11:58:13:218  电机温度计算完成, 位置标记：1
2020-12-25 11:58:13:222  电机温度计算完成, 位置标记：1
2020-12-25 11:58:13:225  电机温度计算完成, 位置标记：1
2020-12-25 11:58:13:229  电机温度计算完成, 位置标记：1
2020-12-25 11:58:13:230  车速为：79.2344位置标记为：1
2020-12-25 11:58:13:251  振动分轮计算完成, 位置标记：1
2020-12-25 11:58:13:587  振动特征值计算完成, 位置标记：1
2020-12-25 11:58:13:635  磁钢信号预处理完成，位置标记：0
2020-12-25 11:58:13:647  温度分轮成功，分轮数尺度为：48
2020-12-25 11:58:13:660  轴承端盖温度特征值计算完成, 位置标记：0
2020-12-25 11:58:13:669  电机温度计算完成, 位置标记：0
2020-12-25 11:58:13:673  电机温度计算完成, 位置标记：0
2020-12-25 11:58:13:676  电机温度计算完成, 位置标记：0
2020-12-25 11:58:13:680  电机温度计算完成, 位置标记：0
2020-12-25 11:58:13:683  电机温度计算完成, 位置标记：0
2020-12-25 11:58:13:686  电机温度计算完成, 位置标记：0
2020-12-25 11:58:13:690  电机温度计算完成, 位置标记：0
2020-12-25 11:58:13:693  电机温度计算完成, 位置标记：0
2020-12-25 11:58:13:694  车速为：79.2344位置标记为：0
2020-12-25 11:58:13:715  振动分轮计算完成, 位置标记：0
2020-12-25 11:58:14:053  振动特征值计算完成, 位置标记：0
