2020-12-27 10:00:33:305  收到离车信号，流水号：20201227095953，线号：0，车号：0，主控端：0，所有设备停止采集
2020-12-27 10:00:33:307  收到停止采集命令，开始停止采集
2020-12-27 10:00:33:315  停止采集数据
2020-12-27 10:00:33:317  采集连接已断开
2020-12-27 10:00:33:319  开始数据分析和落盘
2020-12-27 10:00:41:169  vibration1完成落盘
2020-12-27 10:00:47:216  vibration2完成落盘
2020-12-27 10:00:53:150  vibration3完成落盘
2020-12-27 10:00:58:978  vibration4完成落盘
2020-12-27 10:01:04:935  vibration5完成落盘
2020-12-27 10:01:10:693  vibration6完成落盘
2020-12-27 10:01:16:228  vibration7完成落盘
2020-12-27 10:01:22:043  vibration8完成落盘
2020-12-27 10:01:27:796  magnetic1完成落盘
2020-12-27 10:01:33:771  magnetic2完成落盘
2020-12-27 10:01:39:468  magnetic3完成落盘
2020-12-27 10:01:44:758  magnetic4完成落盘
2020-12-27 10:01:50:130  temperate1完成落盘
2020-12-27 10:01:55:510  temperate2完成落盘
2020-12-27 10:02:01:018  temperate3完成落盘
2020-12-27 10:02:06:847  temperate4完成落盘
2020-12-27 10:02:06:855  开始处理数据
2020-12-27 10:02:07:477  右侧计算完成
2020-12-27 10:02:07:841  左侧计算完成
2020-12-27 10:02:07:843  检查结果数据
2020-12-27 10:02:07:845  通知桌面显示数据
2020-12-27 10:02:07:861  开始写入数据库
2020-12-27 10:02:07:877  预警及报警参数加载完成
2020-12-27 10:02:07:879  数据库打开成功
2020-12-27 10:02:07:883  train_info数据表写入成功
2020-12-27 10:02:07:885  train_onlyid读取成功
2020-12-27 10:02:07:889  train_data数据表写入成功
2020-12-27 10:02:07:891  train_fault数据表写入1、1成功
2020-12-27 10:02:07:893  train_fault数据表写入2、1成功
2020-12-27 10:02:07:895  train_fault数据表写入3、1成功
2020-12-27 10:02:07:899  vt_info数据表，第0次写入成功
2020-12-27 10:02:07:903  vt_info数据表，第1次写入成功
2020-12-27 10:02:07:907  vt_info数据表，第2次写入成功
2020-12-27 10:02:07:911  vt_info数据表，第3次写入成功
2020-12-27 10:02:07:915  vt_info数据表，第4次写入成功
2020-12-27 10:02:07:917  vt_info数据表，第5次写入成功
2020-12-27 10:02:07:921  vt_info数据表，第6次写入成功
2020-12-27 10:02:07:925  vt_info数据表，第7次写入成功
2020-12-27 10:02:07:929  vt_info数据表，第8次写入成功
2020-12-27 10:02:07:933  vt_info数据表，第9次写入成功
2020-12-27 10:02:07:937  vt_info数据表，第10次写入成功
2020-12-27 10:02:07:941  vt_info数据表，第11次写入成功
2020-12-27 10:02:07:945  vt_info数据表，第12次写入成功
2020-12-27 10:02:07:947  vt_info数据表，第13次写入成功
2020-12-27 10:02:07:951  vt_info数据表，第14次写入成功
2020-12-27 10:02:07:955  vt_info数据表，第15次写入成功
2020-12-27 10:02:07:959  vt_info数据表，第16次写入成功
2020-12-27 10:02:07:963  vt_info数据表，第17次写入成功
2020-12-27 10:02:07:967  vt_info数据表，第18次写入成功
2020-12-27 10:02:07:969  vt_info数据表，第19次写入成功
2020-12-27 10:02:07:973  vt_info数据表，第20次写入成功
2020-12-27 10:02:07:977  vt_info数据表，第21次写入成功
2020-12-27 10:02:07:981  vt_info数据表，第22次写入成功
2020-12-27 10:02:07:985  vt_info数据表，第23次写入成功
2020-12-27 10:02:07:989  vt_info数据表，第24次写入成功
2020-12-27 10:02:07:993  vt_info数据表，第25次写入成功
2020-12-27 10:02:07:995  vt_info数据表，第26次写入成功
2020-12-27 10:02:07:999  vt_info数据表，第27次写入成功
2020-12-27 10:02:08:003  vt_info数据表，第28次写入成功
2020-12-27 10:02:08:007  vt_info数据表，第29次写入成功
2020-12-27 10:02:08:011  vt_info数据表，第30次写入成功
2020-12-27 10:02:08:015  vt_info数据表，第31次写入成功
2020-12-27 10:02:08:019  vt_info数据表，第32次写入成功
2020-12-27 10:02:08:021  vt_info数据表，第33次写入成功
2020-12-27 10:02:08:025  vt_info数据表，第34次写入成功
2020-12-27 10:02:08:029  vt_info数据表，第35次写入成功
2020-12-27 10:02:08:033  vt_info数据表，第36次写入成功
2020-12-27 10:02:08:037  vt_info数据表，第37次写入成功
2020-12-27 10:02:08:041  vt_info数据表，第38次写入成功
2020-12-27 10:02:08:045  vt_info数据表，第39次写入成功
2020-12-27 10:02:08:047  vt_info数据表，第40次写入成功
2020-12-27 10:02:08:051  vt_info数据表，第41次写入成功
2020-12-27 10:02:08:055  vt_info数据表，第42次写入成功
2020-12-27 10:02:08:059  vt_info数据表，第43次写入成功
2020-12-27 10:02:08:063  vt_info数据表，第44次写入成功
2020-12-27 10:02:08:067  vt_info数据表，第45次写入成功
2020-12-27 10:02:08:071  vt_info数据表，第46次写入成功
2020-12-27 10:02:08:073  vt_info数据表，第47次写入成功
2020-12-27 10:02:08:077  motor_info数据表，第0次写入成功
2020-12-27 10:02:08:079  motor_info数据表，第1次写入成功
2020-12-27 10:02:08:081  motor_info数据表，第2次写入成功
2020-12-27 10:02:08:085  motor_info数据表，第3次写入成功
2020-12-27 10:02:08:087  motor_info数据表，第4次写入成功
2020-12-27 10:02:08:089  motor_info数据表，第5次写入成功
2020-12-27 10:02:08:093  motor_info数据表，第6次写入成功
2020-12-27 10:02:08:095  motor_info数据表，第7次写入成功
2020-12-27 10:02:08:099  motor_info数据表，第8次写入成功
2020-12-27 10:02:08:101  motor_info数据表，第9次写入成功
2020-12-27 10:02:08:103  motor_info数据表，第10次写入成功
2020-12-27 10:02:08:107  motor_info数据表，第11次写入成功
2020-12-27 10:02:08:109  motor_info数据表，第12次写入成功
2020-12-27 10:02:08:111  motor_info数据表，第13次写入成功
2020-12-27 10:02:08:115  motor_info数据表，第14次写入成功
2020-12-27 10:02:08:133  motor_info数据表，第15次写入成功
2020-12-27 10:02:08:137  数据库关闭！
2020-12-27 10:19:40:697  收到来车信号，流水号：20201227101940，所有设备开始采集
2020-12-27 10:19:40:754  开启A/D采集
2020-12-27 10:20:20:556  收到离车信号，流水号：20201227101940，线号：0，车号：0，主控端：0，所有设备停止采集
2020-12-27 10:20:20:558  收到停止采集命令，开始停止采集
2020-12-27 10:20:20:562  停止采集数据
2020-12-27 10:20:20:564  采集连接已断开
2020-12-27 10:20:20:566  开始数据分析和落盘
2020-12-27 10:20:27:396  vibration1完成落盘
2020-12-27 10:20:33:124  vibration2完成落盘
2020-12-27 10:20:39:042  vibration3完成落盘
2020-12-27 10:20:44:458  vibration4完成落盘
2020-12-27 10:20:50:133  vibration5完成落盘
2020-12-27 10:20:56:004  vibration6完成落盘
2020-12-27 10:21:01:525  vibration7完成落盘
2020-12-27 10:21:07:326  vibration8完成落盘
2020-12-27 10:21:12:956  magnetic1完成落盘
2020-12-27 10:21:18:827  magnetic2完成落盘
2020-12-27 10:21:24:866  magnetic3完成落盘
2020-12-27 10:21:31:121  magnetic4完成落盘
2020-12-27 10:21:36:295  temperate1完成落盘
2020-12-27 10:21:41:335  temperate2完成落盘
2020-12-27 10:21:46:426  temperate3完成落盘
2020-12-27 10:21:51:783  temperate4完成落盘
2020-12-27 10:21:51:791  开始处理数据
2020-12-27 10:21:52:305  右侧计算完成
2020-12-27 10:21:52:635  左侧计算完成
2020-12-27 10:21:52:637  检查结果数据
2020-12-27 10:21:52:639  通知桌面显示数据
2020-12-27 10:21:52:655  开始写入数据库
2020-12-27 10:21:52:672  预警及报警参数加载完成
2020-12-27 10:21:52:674  数据库打开成功
2020-12-27 10:21:52:677  train_info数据表写入成功
2020-12-27 10:21:52:679  train_onlyid读取成功
2020-12-27 10:21:52:683  train_data数据表写入成功
2020-12-27 10:21:52:685  train_fault数据表写入1、1成功
2020-12-27 10:21:52:688  train_fault数据表写入2、1成功
2020-12-27 10:21:52:690  train_fault数据表写入3、1成功
2020-12-27 10:21:52:694  vt_info数据表，第0次写入成功
2020-12-27 10:21:52:697  vt_info数据表，第1次写入成功
2020-12-27 10:21:52:701  vt_info数据表，第2次写入成功
2020-12-27 10:21:52:705  vt_info数据表，第3次写入成功
2020-12-27 10:21:52:709  vt_info数据表，第4次写入成功
2020-12-27 10:21:52:711  vt_info数据表，第5次写入成功
2020-12-27 10:21:52:715  vt_info数据表，第6次写入成功
2020-12-27 10:21:52:719  vt_info数据表，第7次写入成功
2020-12-27 10:21:52:723  vt_info数据表，第8次写入成功
2020-12-27 10:21:52:727  vt_info数据表，第9次写入成功
2020-12-27 10:21:52:729  vt_info数据表，第10次写入成功
2020-12-27 10:21:52:733  vt_info数据表，第11次写入成功
2020-12-27 10:21:52:737  vt_info数据表，第12次写入成功
2020-12-27 10:21:52:741  vt_info数据表，第13次写入成功
2020-12-27 10:21:52:745  vt_info数据表，第14次写入成功
2020-12-27 10:21:52:749  vt_info数据表，第15次写入成功
2020-12-27 10:21:52:751  vt_info数据表，第16次写入成功
2020-12-27 10:21:52:755  vt_info数据表，第17次写入成功
2020-12-27 10:21:52:759  vt_info数据表，第18次写入成功
2020-12-27 10:21:52:763  vt_info数据表，第19次写入成功
2020-12-27 10:21:52:767  vt_info数据表，第20次写入成功
2020-12-27 10:21:52:771  vt_info数据表，第21次写入成功
2020-12-27 10:21:52:773  vt_info数据表，第22次写入成功
2020-12-27 10:21:52:777  vt_info数据表，第23次写入成功
2020-12-27 10:21:52:781  vt_info数据表，第24次写入成功
2020-12-27 10:21:52:785  vt_info数据表，第25次写入成功
2020-12-27 10:21:52:789  vt_info数据表，第26次写入成功
2020-12-27 10:21:52:793  vt_info数据表，第27次写入成功
2020-12-27 10:21:52:795  vt_info数据表，第28次写入成功
2020-12-27 10:21:52:799  vt_info数据表，第29次写入成功
2020-12-27 10:21:52:803  vt_info数据表，第30次写入成功
2020-12-27 10:21:52:807  vt_info数据表，第31次写入成功
2020-12-27 10:21:52:811  vt_info数据表，第32次写入成功
2020-12-27 10:21:52:815  vt_info数据表，第33次写入成功
2020-12-27 10:21:52:817  vt_info数据表，第34次写入成功
2020-12-27 10:21:52:821  vt_info数据表，第35次写入成功
2020-12-27 10:21:52:825  vt_info数据表，第36次写入成功
2020-12-27 10:21:52:829  vt_info数据表，第37次写入成功
2020-12-27 10:21:52:833  vt_info数据表，第38次写入成功
2020-12-27 10:21:52:835  vt_info数据表，第39次写入成功
2020-12-27 10:21:52:839  vt_info数据表，第40次写入成功
2020-12-27 10:21:52:843  vt_info数据表，第41次写入成功
2020-12-27 10:21:52:847  vt_info数据表，第42次写入成功
2020-12-27 10:21:52:851  vt_info数据表，第43次写入成功
2020-12-27 10:21:52:855  vt_info数据表，第44次写入成功
2020-12-27 10:21:52:857  vt_info数据表，第45次写入成功
2020-12-27 10:21:52:861  vt_info数据表，第46次写入成功
2020-12-27 10:21:52:865  vt_info数据表，第47次写入成功
2020-12-27 10:21:52:867  motor_info数据表，第0次写入成功
2020-12-27 10:21:52:871  motor_info数据表，第1次写入成功
2020-12-27 10:21:52:873  motor_info数据表，第2次写入成功
2020-12-27 10:21:52:875  motor_info数据表，第3次写入成功
2020-12-27 10:21:52:879  motor_info数据表，第4次写入成功
2020-12-27 10:21:52:881  motor_info数据表，第5次写入成功
2020-12-27 10:21:52:885  motor_info数据表，第6次写入成功
2020-12-27 10:21:52:887  motor_info数据表，第7次写入成功
2020-12-27 10:21:52:889  motor_info数据表，第8次写入成功
2020-12-27 10:21:52:893  motor_info数据表，第9次写入成功
2020-12-27 10:21:52:895  motor_info数据表，第10次写入成功
2020-12-27 10:21:52:899  motor_info数据表，第11次写入成功
2020-12-27 10:21:52:901  motor_info数据表，第12次写入成功
2020-12-27 10:21:52:903  motor_info数据表，第13次写入成功
2020-12-27 10:21:52:907  motor_info数据表，第14次写入成功
2020-12-27 10:21:52:925  motor_info数据表，第15次写入成功
2020-12-27 10:21:52:927  数据库关闭！
2020-12-27 10:32:57:582  收到来车信号，流水号：20201227103257，所有设备开始采集
2020-12-27 10:32:57:640  开启A/D采集
2020-12-27 10:33:37:393  收到离车信号，流水号：20201227103257，线号：0，车号：0，主控端：0，所有设备停止采集
2020-12-27 10:33:37:395  收到停止采集命令，开始停止采集
2020-12-27 10:33:37:403  停止采集数据
2020-12-27 10:33:37:405  采集连接已断开
2020-12-27 10:33:37:407  开始数据分析和落盘
2020-12-27 10:33:44:979  vibration1完成落盘
2020-12-27 10:33:51:033  vibration2完成落盘
2020-12-27 10:33:57:194  vibration3完成落盘
2020-12-27 10:34:03:724  vibration4完成落盘
2020-12-27 10:34:10:240  vibration5完成落盘
2020-12-27 10:34:16:898  vibration6完成落盘
2020-12-27 10:34:23:305  vibration7完成落盘
2020-12-27 10:34:29:662  vibration8完成落盘
2020-12-27 10:34:35:942  magnetic1完成落盘
2020-12-27 10:34:42:238  magnetic2完成落盘
2020-12-27 10:34:48:868  magnetic3完成落盘
2020-12-27 10:34:54:818  magnetic4完成落盘
2020-12-27 10:35:00:767  temperate1完成落盘
2020-12-27 10:35:06:902  temperate2完成落盘
2020-12-27 10:35:13:188  temperate3完成落盘
2020-12-27 10:35:19:080  temperate4完成落盘
2020-12-27 10:35:19:088  开始处理数据
2020-12-27 10:35:19:707  右侧计算完成
2020-12-27 10:35:20:109  左侧计算完成
2020-12-27 10:35:20:111  检查结果数据
2020-12-27 10:35:20:113  通知桌面显示数据
2020-12-27 10:35:20:129  开始写入数据库
2020-12-27 10:35:20:145  预警及报警参数加载完成
2020-12-27 10:35:20:147  数据库打开成功
2020-12-27 10:35:20:149  train_info数据表写入成功
2020-12-27 10:35:20:151  train_onlyid读取成功
2020-12-27 10:35:20:157  train_data数据表写入成功
2020-12-27 10:35:20:159  train_fault数据表写入1、1成功
2020-12-27 10:35:20:161  train_fault数据表写入2、1成功
2020-12-27 10:35:20:163  train_fault数据表写入3、1成功
2020-12-27 10:35:20:167  vt_info数据表，第0次写入成功
2020-12-27 10:35:20:171  vt_info数据表，第1次写入成功
2020-12-27 10:35:20:175  vt_info数据表，第2次写入成功
2020-12-27 10:35:20:177  vt_info数据表，第3次写入成功
2020-12-27 10:35:20:181  vt_info数据表，第4次写入成功
2020-12-27 10:35:20:185  vt_info数据表，第5次写入成功
2020-12-27 10:35:20:189  vt_info数据表，第6次写入成功
2020-12-27 10:35:20:193  vt_info数据表，第7次写入成功
2020-12-27 10:35:20:197  vt_info数据表，第8次写入成功
2020-12-27 10:35:20:201  vt_info数据表，第9次写入成功
2020-12-27 10:35:20:203  vt_info数据表，第10次写入成功
2020-12-27 10:35:20:207  vt_info数据表，第11次写入成功
2020-12-27 10:35:20:211  vt_info数据表，第12次写入成功
2020-12-27 10:35:20:215  vt_info数据表，第13次写入成功
2020-12-27 10:35:20:219  vt_info数据表，第14次写入成功
2020-12-27 10:35:20:223  vt_info数据表，第15次写入成功
2020-12-27 10:35:20:225  vt_info数据表，第16次写入成功
2020-12-27 10:35:20:229  vt_info数据表，第17次写入成功
2020-12-27 10:35:20:233  vt_info数据表，第18次写入成功
2020-12-27 10:35:20:237  vt_info数据表，第19次写入成功
2020-12-27 10:35:20:241  vt_info数据表，第20次写入成功
2020-12-27 10:35:20:245  vt_info数据表，第21次写入成功
2020-12-27 10:35:20:247  vt_info数据表，第22次写入成功
2020-12-27 10:35:20:251  vt_info数据表，第23次写入成功
2020-12-27 10:35:20:255  vt_info数据表，第24次写入成功
2020-12-27 10:35:20:259  vt_info数据表，第25次写入成功
2020-12-27 10:35:20:263  vt_info数据表，第26次写入成功
2020-12-27 10:35:20:265  vt_info数据表，第27次写入成功
2020-12-27 10:35:20:269  vt_info数据表，第28次写入成功
2020-12-27 10:35:20:273  vt_info数据表，第29次写入成功
2020-12-27 10:35:20:277  vt_info数据表，第30次写入成功
2020-12-27 10:35:20:281  vt_info数据表，第31次写入成功
2020-12-27 10:35:20:285  vt_info数据表，第32次写入成功
2020-12-27 10:35:20:289  vt_info数据表，第33次写入成功
2020-12-27 10:35:20:291  vt_info数据表，第34次写入成功
2020-12-27 10:35:20:295  vt_info数据表，第35次写入成功
2020-12-27 10:35:20:299  vt_info数据表，第36次写入成功
2020-12-27 10:35:20:303  vt_info数据表，第37次写入成功
2020-12-27 10:35:20:307  vt_info数据表，第38次写入成功
2020-12-27 10:35:20:311  vt_info数据表，第39次写入成功
2020-12-27 10:35:20:315  vt_info数据表，第40次写入成功
2020-12-27 10:35:20:317  vt_info数据表，第41次写入成功
2020-12-27 10:35:20:321  vt_info数据表，第42次写入成功
2020-12-27 10:35:20:325  vt_info数据表，第43次写入成功
2020-12-27 10:35:20:329  vt_info数据表，第44次写入成功
2020-12-27 10:35:20:333  vt_info数据表，第45次写入成功
2020-12-27 10:35:20:337  vt_info数据表，第46次写入成功
2020-12-27 10:35:20:339  vt_info数据表，第47次写入成功
2020-12-27 10:35:20:343  motor_info数据表，第0次写入成功
2020-12-27 10:35:20:345  motor_info数据表，第1次写入成功
2020-12-27 10:35:20:347  motor_info数据表，第2次写入成功
2020-12-27 10:35:20:351  motor_info数据表，第3次写入成功
2020-12-27 10:35:20:353  motor_info数据表，第4次写入成功
2020-12-27 10:35:20:355  motor_info数据表，第5次写入成功
2020-12-27 10:35:20:359  motor_info数据表，第6次写入成功
2020-12-27 10:35:20:361  motor_info数据表，第7次写入成功
2020-12-27 10:35:20:365  motor_info数据表，第8次写入成功
2020-12-27 10:35:20:367  motor_info数据表，第9次写入成功
2020-12-27 10:35:20:369  motor_info数据表，第10次写入成功
2020-12-27 10:35:20:373  motor_info数据表，第11次写入成功
2020-12-27 10:35:20:375  motor_info数据表，第12次写入成功
2020-12-27 10:35:20:377  motor_info数据表，第13次写入成功
2020-12-27 10:35:20:381  motor_info数据表，第14次写入成功
2020-12-27 10:35:20:401  motor_info数据表，第15次写入成功
2020-12-27 10:35:20:403  数据库关闭！
2020-12-27 10:39:19:698  收到来车信号，流水号：20201227103919，所有设备开始采集
2020-12-27 10:39:19:756  开启A/D采集
2020-12-27 10:39:59:510  收到离车信号，流水号：20201227103919，线号：0，车号：0，主控端：0，所有设备停止采集
2020-12-27 10:39:59:512  收到停止采集命令，开始停止采集
2020-12-27 10:39:59:518  停止采集数据
2020-12-27 10:39:59:520  采集连接已断开
2020-12-27 10:39:59:522  开始数据分析和落盘
2020-12-27 10:40:07:258  vibration1完成落盘
2020-12-27 10:40:14:008  vibration2完成落盘
2020-12-27 10:40:20:774  vibration3完成落盘
2020-12-27 10:40:27:138  vibration4完成落盘
2020-12-27 10:40:33:418  vibration5完成落盘
2020-12-27 10:40:40:165  vibration6完成落盘
2020-12-27 10:40:46:685  vibration7完成落盘
2020-12-27 10:40:53:685  vibration8完成落盘
2020-12-27 10:41:00:199  magnetic1完成落盘
2020-12-27 10:41:06:480  magnetic2完成落盘
2020-12-27 10:41:12:601  magnetic3完成落盘
2020-12-27 10:41:19:212  magnetic4完成落盘
2020-12-27 10:41:25:382  temperate1完成落盘
2020-12-27 10:41:31:990  temperate2完成落盘
2020-12-27 10:41:38:608  temperate3完成落盘
2020-12-27 10:41:45:215  temperate4完成落盘
2020-12-27 10:41:45:225  开始处理数据
2020-12-27 10:41:45:762  右侧计算完成
2020-12-27 10:41:46:144  左侧计算完成
2020-12-27 10:41:46:146  检查结果数据
2020-12-27 10:41:46:148  通知桌面显示数据
2020-12-27 10:41:46:164  开始写入数据库
2020-12-27 10:41:46:180  预警及报警参数加载完成
2020-12-27 10:41:46:182  数据库打开成功
2020-12-27 10:41:46:184  train_info数据表写入成功
2020-12-27 10:41:46:186  train_onlyid读取成功
2020-12-27 10:41:46:190  train_data数据表写入成功
2020-12-27 10:41:46:194  train_fault数据表写入1、1成功
2020-12-27 10:41:46:196  train_fault数据表写入2、1成功
2020-12-27 10:41:46:198  train_fault数据表写入3、1成功
2020-12-27 10:41:46:202  vt_info数据表，第0次写入成功
2020-12-27 10:41:46:206  vt_info数据表，第1次写入成功
2020-12-27 10:41:46:210  vt_info数据表，第2次写入成功
2020-12-27 10:41:46:212  vt_info数据表，第3次写入成功
2020-12-27 10:41:46:216  vt_info数据表，第4次写入成功
2020-12-27 10:41:46:220  vt_info数据表，第5次写入成功
2020-12-27 10:41:46:224  vt_info数据表，第6次写入成功
2020-12-27 10:41:46:228  vt_info数据表，第7次写入成功
2020-12-27 10:41:46:232  vt_info数据表，第8次写入成功
2020-12-27 10:41:46:234  vt_info数据表，第9次写入成功
2020-12-27 10:41:46:238  vt_info数据表，第10次写入成功
2020-12-27 10:41:46:242  vt_info数据表，第11次写入成功
2020-12-27 10:41:46:246  vt_info数据表，第12次写入成功
2020-12-27 10:41:46:250  vt_info数据表，第13次写入成功
2020-12-27 10:41:46:254  vt_info数据表，第14次写入成功
2020-12-27 10:41:46:258  vt_info数据表，第15次写入成功
2020-12-27 10:41:46:260  vt_info数据表，第16次写入成功
2020-12-27 10:41:46:266  vt_info数据表，第17次写入成功
2020-12-27 10:41:46:270  vt_info数据表，第18次写入成功
2020-12-27 10:41:46:272  vt_info数据表，第19次写入成功
2020-12-27 10:41:46:276  vt_info数据表，第20次写入成功
2020-12-27 10:41:46:280  vt_info数据表，第21次写入成功
2020-12-27 10:41:46:284  vt_info数据表，第22次写入成功
2020-12-27 10:41:46:288  vt_info数据表，第23次写入成功
2020-12-27 10:41:46:292  vt_info数据表，第24次写入成功
2020-12-27 10:41:46:296  vt_info数据表，第25次写入成功
2020-12-27 10:41:46:300  vt_info数据表，第26次写入成功
2020-12-27 10:41:46:302  vt_info数据表，第27次写入成功
2020-12-27 10:41:46:306  vt_info数据表，第28次写入成功
2020-12-27 10:41:46:310  vt_info数据表，第29次写入成功
2020-12-27 10:41:46:314  vt_info数据表，第30次写入成功
2020-12-27 10:41:46:318  vt_info数据表，第31次写入成功
2020-12-27 10:41:46:322  vt_info数据表，第32次写入成功
2020-12-27 10:41:46:326  vt_info数据表，第33次写入成功
2020-12-27 10:41:46:328  vt_info数据表，第34次写入成功
2020-12-27 10:41:46:332  vt_info数据表，第35次写入成功
2020-12-27 10:41:46:336  vt_info数据表，第36次写入成功
2020-12-27 10:41:46:340  vt_info数据表，第37次写入成功
2020-12-27 10:41:46:344  vt_info数据表，第38次写入成功
2020-12-27 10:41:46:348  vt_info数据表，第39次写入成功
2020-12-27 10:41:46:352  vt_info数据表，第40次写入成功
2020-12-27 10:41:46:356  vt_info数据表，第41次写入成功
2020-12-27 10:41:46:358  vt_info数据表，第42次写入成功
2020-12-27 10:41:46:362  vt_info数据表，第43次写入成功
2020-12-27 10:41:46:366  vt_info数据表，第44次写入成功
2020-12-27 10:41:46:370  vt_info数据表，第45次写入成功
2020-12-27 10:41:46:374  vt_info数据表，第46次写入成功
2020-12-27 10:41:46:378  vt_info数据表，第47次写入成功
2020-12-27 10:41:46:380  motor_info数据表，第0次写入成功
2020-12-27 10:41:46:382  motor_info数据表，第1次写入成功
2020-12-27 10:41:46:386  motor_info数据表，第2次写入成功
2020-12-27 10:41:46:388  motor_info数据表，第3次写入成功
2020-12-27 10:41:46:390  motor_info数据表，第4次写入成功
2020-12-27 10:41:46:392  motor_info数据表，第5次写入成功
2020-12-27 10:41:46:396  motor_info数据表，第6次写入成功
2020-12-27 10:41:46:398  motor_info数据表，第7次写入成功
2020-12-27 10:41:46:400  motor_info数据表，第8次写入成功
2020-12-27 10:41:46:404  motor_info数据表，第9次写入成功
2020-12-27 10:41:46:406  motor_info数据表，第10次写入成功
2020-12-27 10:41:46:410  motor_info数据表，第11次写入成功
2020-12-27 10:41:46:412  motor_info数据表，第12次写入成功
2020-12-27 10:41:46:414  motor_info数据表，第13次写入成功
2020-12-27 10:41:46:418  motor_info数据表，第14次写入成功
2020-12-27 10:41:46:436  motor_info数据表，第15次写入成功
2020-12-27 10:41:46:438  数据库关闭！
2020-12-27 10:46:02:756  收到来车信号，流水号：20201227104602，所有设备开始采集
2020-12-27 10:46:02:814  开启A/D采集
2020-12-27 10:46:42:692  收到离车信号，流水号：20201227104602，线号：0，车号：0，主控端：0，所有设备停止采集
2020-12-27 10:46:42:694  收到停止采集命令，开始停止采集
2020-12-27 10:46:42:698  停止采集数据
2020-12-27 10:46:42:700  采集连接已断开
2020-12-27 10:46:42:702  开始数据分析和落盘
2020-12-27 10:46:50:631  vibration1完成落盘
2020-12-27 10:46:57:069  vibration2完成落盘
2020-12-27 10:47:03:552  vibration3完成落盘
2020-12-27 10:47:10:268  vibration4完成落盘
2020-12-27 10:47:16:457  vibration5完成落盘
2020-12-27 10:47:22:989  vibration6完成落盘
2020-12-27 10:47:29:524  vibration7完成落盘
2020-12-27 10:47:36:388  vibration8完成落盘
2020-12-27 10:47:43:044  magnetic1完成落盘
2020-12-27 10:47:49:495  magnetic2完成落盘
2020-12-27 10:47:56:207  magnetic3完成落盘
2020-12-27 10:48:02:700  magnetic4完成落盘
2020-12-27 10:48:08:664  temperate1完成落盘
2020-12-27 10:48:15:268  temperate2完成落盘
2020-12-27 10:48:21:624  temperate3完成落盘
2020-12-27 10:48:27:367  temperate4完成落盘
2020-12-27 10:48:27:375  开始处理数据
2020-12-27 10:48:27:885  右侧计算完成
2020-12-27 10:48:28:267  左侧计算完成
2020-12-27 10:48:28:269  检查结果数据
2020-12-27 10:48:28:271  通知桌面显示数据
2020-12-27 10:48:28:287  开始写入数据库
2020-12-27 10:48:28:303  预警及报警参数加载完成
2020-12-27 10:48:28:305  数据库打开成功
2020-12-27 10:48:28:307  train_info数据表写入成功
2020-12-27 10:48:28:309  train_onlyid读取成功
2020-12-27 10:48:28:313  train_data数据表写入成功
2020-12-27 10:48:28:317  train_fault数据表写入1、1成功
2020-12-27 10:48:28:319  train_fault数据表写入2、1成功
2020-12-27 10:48:28:321  train_fault数据表写入3、1成功
2020-12-27 10:48:28:325  vt_info数据表，第0次写入成功
2020-12-27 10:48:28:329  vt_info数据表，第1次写入成功
2020-12-27 10:48:28:333  vt_info数据表，第2次写入成功
2020-12-27 10:48:28:335  vt_info数据表，第3次写入成功
2020-12-27 10:48:28:339  vt_info数据表，第4次写入成功
2020-12-27 10:48:28:343  vt_info数据表，第5次写入成功
2020-12-27 10:48:28:347  vt_info数据表，第6次写入成功
2020-12-27 10:48:28:351  vt_info数据表，第7次写入成功
2020-12-27 10:48:28:355  vt_info数据表，第8次写入成功
2020-12-27 10:48:28:359  vt_info数据表，第9次写入成功
2020-12-27 10:48:28:361  vt_info数据表，第10次写入成功
2020-12-27 10:48:28:365  vt_info数据表，第11次写入成功
2020-12-27 10:48:28:369  vt_info数据表，第12次写入成功
2020-12-27 10:48:28:373  vt_info数据表，第13次写入成功
2020-12-27 10:48:28:377  vt_info数据表，第14次写入成功
2020-12-27 10:48:28:381  vt_info数据表，第15次写入成功
2020-12-27 10:48:28:385  vt_info数据表，第16次写入成功
2020-12-27 10:48:28:389  vt_info数据表，第17次写入成功
2020-12-27 10:48:28:391  vt_info数据表，第18次写入成功
2020-12-27 10:48:28:395  vt_info数据表，第19次写入成功
2020-12-27 10:48:28:399  vt_info数据表，第20次写入成功
2020-12-27 10:48:28:403  vt_info数据表，第21次写入成功
2020-12-27 10:48:28:407  vt_info数据表，第22次写入成功
2020-12-27 10:48:28:411  vt_info数据表，第23次写入成功
2020-12-27 10:48:28:415  vt_info数据表，第24次写入成功
2020-12-27 10:48:28:417  vt_info数据表，第25次写入成功
2020-12-27 10:48:28:421  vt_info数据表，第26次写入成功
2020-12-27 10:48:28:425  vt_info数据表，第27次写入成功
2020-12-27 10:48:28:429  vt_info数据表，第28次写入成功
2020-12-27 10:48:28:433  vt_info数据表，第29次写入成功
2020-12-27 10:48:28:437  vt_info数据表，第30次写入成功
2020-12-27 10:48:28:441  vt_info数据表，第31次写入成功
2020-12-27 10:48:28:445  vt_info数据表，第32次写入成功
2020-12-27 10:48:28:449  vt_info数据表，第33次写入成功
2020-12-27 10:48:28:451  vt_info数据表，第34次写入成功
2020-12-27 10:48:28:455  vt_info数据表，第35次写入成功
2020-12-27 10:48:28:459  vt_info数据表，第36次写入成功
2020-12-27 10:48:28:463  vt_info数据表，第37次写入成功
2020-12-27 10:48:28:467  vt_info数据表，第38次写入成功
2020-12-27 10:48:28:471  vt_info数据表，第39次写入成功
2020-12-27 10:48:28:475  vt_info数据表，第40次写入成功
2020-12-27 10:48:28:477  vt_info数据表，第41次写入成功
2020-12-27 10:48:28:481  vt_info数据表，第42次写入成功
2020-12-27 10:48:28:485  vt_info数据表，第43次写入成功
2020-12-27 10:48:28:489  vt_info数据表，第44次写入成功
2020-12-27 10:48:28:493  vt_info数据表，第45次写入成功
2020-12-27 10:48:28:497  vt_info数据表，第46次写入成功
2020-12-27 10:48:28:501  vt_info数据表，第47次写入成功
2020-12-27 10:48:28:503  motor_info数据表，第0次写入成功
2020-12-27 10:48:28:507  motor_info数据表，第1次写入成功
2020-12-27 10:48:28:509  motor_info数据表，第2次写入成功
2020-12-27 10:48:28:511  motor_info数据表，第3次写入成功
2020-12-27 10:48:28:515  motor_info数据表，第4次写入成功
2020-12-27 10:48:28:517  motor_info数据表，第5次写入成功
2020-12-27 10:48:28:521  motor_info数据表，第6次写入成功
2020-12-27 10:48:28:523  motor_info数据表，第7次写入成功
2020-12-27 10:48:28:525  motor_info数据表，第8次写入成功
2020-12-27 10:48:28:529  motor_info数据表，第9次写入成功
2020-12-27 10:48:28:531  motor_info数据表，第10次写入成功
2020-12-27 10:48:28:533  motor_info数据表，第11次写入成功
2020-12-27 10:48:28:537  motor_info数据表，第12次写入成功
2020-12-27 10:48:28:539  motor_info数据表，第13次写入成功
2020-12-27 10:48:28:541  motor_info数据表，第14次写入成功
2020-12-27 10:48:28:563  motor_info数据表，第15次写入成功
2020-12-27 10:48:28:565  数据库关闭！
2020-12-27 10:59:24:464  收到来车信号，流水号：20201227105924，所有设备开始采集
2020-12-27 10:59:24:522  开启A/D采集
