2022-07-06 21:01:59:359  本地IP：127.0.0.1
2022-07-06 21:01:59:372  本地端口号：4500
2022-07-06 21:01:59:409  通讯模块设置成功
2022-07-06 21:01:59:421  综合数据盒连接IP：192.168.1.198
2022-07-06 21:01:59:423  正在打开设备...
2022-07-06 21:02:20:451  创建连接出现异常，错误代码为：-6
2022-07-06 21:02:20:454  同步采集仪设置异常
2022-07-06 21:02:20:457  采集仪增益设置异常
2022-07-06 21:03:38:734  正在读取检测数据...
2022-07-06 21:03:43:880  开始处理数据
2022-07-06 21:03:43:979  正在读取检测数据...
2022-07-06 21:03:52:677  开始处理数据
2022-07-06 21:03:52:678  右侧计算完成
2022-07-06 21:03:52:680  左侧计算完成
2022-07-06 21:03:52:682  检查结果数据
2022-07-06 21:03:52:684  通知桌面显示数据
2022-07-06 21:03:52:711  开始写入数据库
2022-07-06 21:03:52:714  预警及报警参数加载完成
2022-07-06 21:03:52:717  数据库打开成功
2022-07-06 21:03:52:721  train_info数据表写入成功
2022-07-06 21:03:52:724  train_onlyid读取成功
2022-07-06 21:03:52:728  train_data数据表写入成功
2022-07-06 21:03:52:731  train_fault数据表写入1、1成功
2022-07-06 21:03:52:735  train_fault数据表写入3、1成功
2022-07-06 21:03:52:739  vt_info数据表，第0次写入成功
2022-07-06 21:03:52:743  vt_info数据表，第1次写入成功
2022-07-06 21:03:52:749  vt_info数据表，第2次写入成功
2022-07-06 21:03:52:754  vt_info数据表，第3次写入成功
2022-07-06 21:03:52:758  vt_info数据表，第4次写入成功
2022-07-06 21:03:52:762  vt_info数据表，第5次写入成功
2022-07-06 21:03:52:764  vt_info数据表，第6次写入成功
2022-07-06 21:03:52:766  vt_info数据表，第7次写入成功
2022-07-06 21:03:52:769  vt_info数据表，第8次写入成功
2022-07-06 21:03:52:772  vt_info数据表，第9次写入成功
2022-07-06 21:03:52:775  vt_info数据表，第10次写入成功
2022-07-06 21:03:52:778  vt_info数据表，第11次写入成功
2022-07-06 21:03:52:781  vt_info数据表，第12次写入成功
2022-07-06 21:03:52:785  vt_info数据表，第13次写入成功
2022-07-06 21:03:52:789  vt_info数据表，第14次写入成功
2022-07-06 21:03:52:792  vt_info数据表，第15次写入成功
2022-07-06 21:03:52:795  vt_info数据表，第16次写入成功
2022-07-06 21:03:52:798  vt_info数据表，第17次写入成功
2022-07-06 21:03:52:802  vt_info数据表，第18次写入成功
2022-07-06 21:03:52:804  vt_info数据表，第19次写入成功
2022-07-06 21:03:52:807  vt_info数据表，第20次写入成功
2022-07-06 21:03:52:810  vt_info数据表，第21次写入成功
2022-07-06 21:03:52:813  vt_info数据表，第22次写入成功
2022-07-06 21:03:52:815  vt_info数据表，第23次写入成功
2022-07-06 21:03:52:818  vt_info数据表，第24次写入成功
2022-07-06 21:03:52:820  vt_info数据表，第25次写入成功
2022-07-06 21:03:52:823  vt_info数据表，第26次写入成功
2022-07-06 21:03:52:825  vt_info数据表，第27次写入成功
2022-07-06 21:03:52:828  vt_info数据表，第28次写入成功
2022-07-06 21:03:52:831  vt_info数据表，第29次写入成功
2022-07-06 21:03:52:834  vt_info数据表，第30次写入成功
2022-07-06 21:03:52:838  vt_info数据表，第31次写入成功
2022-07-06 21:03:52:840  vt_info数据表，第32次写入成功
2022-07-06 21:03:52:843  vt_info数据表，第33次写入成功
2022-07-06 21:03:52:860  vt_info数据表，第34次写入成功
2022-07-06 21:03:52:862  vt_info数据表，第35次写入成功
2022-07-06 21:03:52:864  vt_info数据表，第36次写入成功
2022-07-06 21:03:52:867  vt_info数据表，第37次写入成功
2022-07-06 21:03:52:869  vt_info数据表，第38次写入成功
2022-07-06 21:03:52:871  vt_info数据表，第39次写入成功
2022-07-06 21:03:52:873  vt_info数据表，第40次写入成功
2022-07-06 21:03:52:875  vt_info数据表，第41次写入成功
2022-07-06 21:03:52:877  vt_info数据表，第42次写入成功
2022-07-06 21:03:52:879  vt_info数据表，第43次写入成功
2022-07-06 21:03:52:882  vt_info数据表，第44次写入成功
2022-07-06 21:03:52:884  vt_info数据表，第45次写入成功
2022-07-06 21:03:52:886  vt_info数据表，第46次写入成功
2022-07-06 21:03:52:890  vt_info数据表，第47次写入成功
2022-07-06 21:03:52:892  motor_info数据表，第0次写入成功
2022-07-06 21:03:52:894  motor_info数据表，第1次写入成功
2022-07-06 21:03:52:897  motor_info数据表，第2次写入成功
2022-07-06 21:03:52:899  motor_info数据表，第3次写入成功
2022-07-06 21:03:52:901  motor_info数据表，第4次写入成功
2022-07-06 21:03:52:904  motor_info数据表，第5次写入成功
2022-07-06 21:03:52:906  motor_info数据表，第6次写入成功
2022-07-06 21:03:52:909  motor_info数据表，第7次写入成功
2022-07-06 21:03:52:910  motor_info数据表，第8次写入成功
2022-07-06 21:03:52:912  motor_info数据表，第9次写入成功
2022-07-06 21:03:52:914  motor_info数据表，第10次写入成功
2022-07-06 21:03:52:916  motor_info数据表，第11次写入成功
2022-07-06 21:03:52:919  motor_info数据表，第12次写入成功
2022-07-06 21:03:52:926  motor_info数据表，第13次写入成功
2022-07-06 21:03:52:938  motor_info数据表，第14次写入成功
2022-07-06 21:03:52:951  motor_info数据表，第15次写入成功
2022-07-06 21:03:52:971  数据库关闭！
2022-07-06 21:03:53:416  右侧计算完成
2022-07-06 21:03:53:595  左侧计算完成
2022-07-06 21:03:53:597  检查结果数据
2022-07-06 21:03:53:599  通知桌面显示数据
2022-07-06 21:03:53:612  开始写入数据库
2022-07-06 21:03:53:727  预警及报警参数加载完成
2022-07-06 21:03:53:729  数据库打开成功
2022-07-06 21:03:53:731  train_info数据表写入成功
2022-07-06 21:03:53:733  train_onlyid读取成功
2022-07-06 21:03:53:798  train_data数据表写入成功
2022-07-06 21:03:53:800  train_fault数据表写入1、1成功
2022-07-06 21:03:53:802  vt_info数据表，第0次写入成功
2022-07-06 21:03:53:805  vt_info数据表，第1次写入成功
2022-07-06 21:03:53:808  vt_info数据表，第2次写入成功
2022-07-06 21:03:53:810  vt_info数据表，第3次写入成功
2022-07-06 21:03:53:813  vt_info数据表，第4次写入成功
2022-07-06 21:03:53:815  vt_info数据表，第5次写入成功
2022-07-06 21:03:53:817  vt_info数据表，第6次写入成功
2022-07-06 21:03:53:819  vt_info数据表，第7次写入成功
2022-07-06 21:03:53:821  vt_info数据表，第8次写入成功
2022-07-06 21:03:53:823  vt_info数据表，第9次写入成功
2022-07-06 21:03:53:845  vt_info数据表，第10次写入成功
2022-07-06 21:03:53:858  vt_info数据表，第11次写入成功
2022-07-06 21:03:53:860  vt_info数据表，第12次写入成功
2022-07-06 21:03:53:863  vt_info数据表，第13次写入成功
2022-07-06 21:03:53:865  vt_info数据表，第14次写入成功
2022-07-06 21:03:53:867  vt_info数据表，第15次写入成功
2022-07-06 21:03:53:869  vt_info数据表，第16次写入成功
2022-07-06 21:03:53:871  vt_info数据表，第17次写入成功
2022-07-06 21:03:53:874  vt_info数据表，第18次写入成功
2022-07-06 21:03:53:890  vt_info数据表，第19次写入成功
2022-07-06 21:03:53:892  vt_info数据表，第20次写入成功
2022-07-06 21:03:53:894  vt_info数据表，第21次写入成功
2022-07-06 21:03:53:895  vt_info数据表，第22次写入成功
2022-07-06 21:03:53:898  vt_info数据表，第23次写入成功
2022-07-06 21:03:53:918  vt_info数据表，第24次写入成功
2022-07-06 21:03:53:921  vt_info数据表，第25次写入成功
2022-07-06 21:03:53:923  vt_info数据表，第26次写入成功
2022-07-06 21:03:53:925  vt_info数据表，第27次写入成功
2022-07-06 21:03:53:927  vt_info数据表，第28次写入成功
2022-07-06 21:03:53:946  vt_info数据表，第29次写入成功
2022-07-06 21:03:53:949  vt_info数据表，第30次写入成功
2022-07-06 21:03:53:951  vt_info数据表，第31次写入成功
2022-07-06 21:03:53:953  vt_info数据表，第32次写入成功
2022-07-06 21:03:53:974  vt_info数据表，第33次写入成功
2022-07-06 21:03:53:983  vt_info数据表，第34次写入成功
2022-07-06 21:03:53:985  vt_info数据表，第35次写入成功
2022-07-06 21:03:53:987  vt_info数据表，第36次写入成功
2022-07-06 21:03:53:989  vt_info数据表，第37次写入成功
2022-07-06 21:03:54:006  vt_info数据表，第38次写入成功
2022-07-06 21:03:54:008  vt_info数据表，第39次写入成功
2022-07-06 21:03:54:011  vt_info数据表，第40次写入成功
2022-07-06 21:03:54:014  vt_info数据表，第41次写入成功
2022-07-06 21:03:54:017  vt_info数据表，第42次写入成功
2022-07-06 21:03:54:035  vt_info数据表，第43次写入成功
2022-07-06 21:03:54:037  vt_info数据表，第44次写入成功
2022-07-06 21:03:54:039  vt_info数据表，第45次写入成功
2022-07-06 21:03:54:041  vt_info数据表，第46次写入成功
2022-07-06 21:03:54:058  vt_info数据表，第47次写入成功
2022-07-06 21:03:54:060  motor_info数据表，第0次写入成功
2022-07-06 21:03:54:063  motor_info数据表，第1次写入成功
2022-07-06 21:03:54:066  motor_info数据表，第2次写入成功
2022-07-06 21:03:54:090  motor_info数据表，第3次写入成功
2022-07-06 21:03:54:092  motor_info数据表，第4次写入成功
2022-07-06 21:03:54:094  motor_info数据表，第5次写入成功
2022-07-06 21:03:54:096  motor_info数据表，第6次写入成功
2022-07-06 21:03:54:123  motor_info数据表，第7次写入成功
2022-07-06 21:03:54:125  motor_info数据表，第8次写入成功
2022-07-06 21:03:54:127  motor_info数据表，第9次写入成功
2022-07-06 21:03:54:143  motor_info数据表，第10次写入成功
2022-07-06 21:03:54:145  motor_info数据表，第11次写入成功
2022-07-06 21:03:54:148  motor_info数据表，第12次写入成功
2022-07-06 21:03:54:150  motor_info数据表，第13次写入成功
2022-07-06 21:03:54:153  motor_info数据表，第14次写入成功
2022-07-06 21:03:54:178  motor_info数据表，第15次写入成功
2022-07-06 21:03:56:873  数据库关闭！
2022-07-06 21:05:35:636  正在读取检测数据...
2022-07-06 21:05:40:950  开始处理数据
2022-07-06 21:05:41:220  右侧计算完成
2022-07-06 21:05:41:409  左侧计算完成
2022-07-06 21:05:41:410  检查结果数据
2022-07-06 21:05:41:412  通知桌面显示数据
2022-07-06 21:05:41:422  开始写入数据库
2022-07-06 21:05:41:524  预警及报警参数加载完成
2022-07-06 21:05:41:535  数据库打开成功
2022-07-06 21:05:41:540  train_info数据表写入成功
2022-07-06 21:05:41:542  train_onlyid读取成功
2022-07-06 21:05:41:545  train_data数据表写入成功
2022-07-06 21:05:41:547  train_fault数据表写入1、1成功
2022-07-06 21:05:41:549  train_fault数据表写入3、1成功
2022-07-06 21:05:41:551  vt_info数据表，第0次写入成功
2022-07-06 21:05:41:567  vt_info数据表，第1次写入成功
2022-07-06 21:05:41:568  vt_info数据表，第2次写入成功
2022-07-06 21:05:41:571  vt_info数据表，第3次写入成功
2022-07-06 21:05:41:572  vt_info数据表，第4次写入成功
2022-07-06 21:05:41:574  vt_info数据表，第5次写入成功
2022-07-06 21:05:41:593  vt_info数据表，第6次写入成功
2022-07-06 21:05:41:597  vt_info数据表，第7次写入成功
2022-07-06 21:05:41:599  vt_info数据表，第8次写入成功
2022-07-06 21:05:41:603  vt_info数据表，第9次写入成功
2022-07-06 21:05:41:605  vt_info数据表，第10次写入成功
2022-07-06 21:05:41:622  vt_info数据表，第11次写入成功
2022-07-06 21:05:41:624  vt_info数据表，第12次写入成功
2022-07-06 21:05:41:626  vt_info数据表，第13次写入成功
2022-07-06 21:05:41:628  vt_info数据表，第14次写入成功
2022-07-06 21:05:41:650  vt_info数据表，第15次写入成功
2022-07-06 21:05:41:653  vt_info数据表，第16次写入成功
2022-07-06 21:05:41:656  vt_info数据表，第17次写入成功
2022-07-06 21:05:41:658  vt_info数据表，第18次写入成功
2022-07-06 21:05:41:674  vt_info数据表，第19次写入成功
2022-07-06 21:05:41:676  vt_info数据表，第20次写入成功
2022-07-06 21:05:41:677  vt_info数据表，第21次写入成功
2022-07-06 21:05:41:679  vt_info数据表，第22次写入成功
2022-07-06 21:05:41:701  vt_info数据表，第23次写入成功
2022-07-06 21:05:41:703  vt_info数据表，第24次写入成功
2022-07-06 21:05:41:705  vt_info数据表，第25次写入成功
2022-07-06 21:05:41:723  vt_info数据表，第26次写入成功
2022-07-06 21:05:41:725  vt_info数据表，第27次写入成功
2022-07-06 21:05:41:727  vt_info数据表，第28次写入成功
2022-07-06 21:05:41:729  vt_info数据表，第29次写入成功
2022-07-06 21:05:41:753  vt_info数据表，第30次写入成功
2022-07-06 21:05:41:756  vt_info数据表，第31次写入成功
2022-07-06 21:05:41:758  vt_info数据表，第32次写入成功
2022-07-06 21:05:41:760  vt_info数据表，第33次写入成功
2022-07-06 21:05:41:762  vt_info数据表，第34次写入成功
2022-07-06 21:05:41:764  vt_info数据表，第35次写入成功
2022-07-06 21:05:41:780  vt_info数据表，第36次写入成功
2022-07-06 21:05:41:783  vt_info数据表，第37次写入成功
2022-07-06 21:05:41:785  vt_info数据表，第38次写入成功
2022-07-06 21:05:41:787  vt_info数据表，第39次写入成功
2022-07-06 21:05:41:790  vt_info数据表，第40次写入成功
2022-07-06 21:05:41:809  vt_info数据表，第41次写入成功
2022-07-06 21:05:41:811  vt_info数据表，第42次写入成功
2022-07-06 21:05:41:814  vt_info数据表，第43次写入成功
2022-07-06 21:05:41:816  vt_info数据表，第44次写入成功
2022-07-06 21:05:41:832  vt_info数据表，第45次写入成功
2022-07-06 21:05:41:834  vt_info数据表，第46次写入成功
2022-07-06 21:05:41:836  vt_info数据表，第47次写入成功
2022-07-06 21:05:41:839  motor_info数据表，第0次写入成功
2022-07-06 21:05:41:861  motor_info数据表，第1次写入成功
2022-07-06 21:05:41:866  motor_info数据表，第2次写入成功
2022-07-06 21:05:41:868  motor_info数据表，第3次写入成功
2022-07-06 21:05:41:871  motor_info数据表，第4次写入成功
2022-07-06 21:05:41:873  motor_info数据表，第5次写入成功
2022-07-06 21:05:41:891  motor_info数据表，第6次写入成功
2022-07-06 21:05:41:893  motor_info数据表，第7次写入成功
2022-07-06 21:05:41:897  motor_info数据表，第8次写入成功
2022-07-06 21:05:41:900  motor_info数据表，第9次写入成功
2022-07-06 21:05:41:917  motor_info数据表，第10次写入成功
2022-07-06 21:05:41:919  motor_info数据表，第11次写入成功
2022-07-06 21:05:41:921  motor_info数据表，第12次写入成功
2022-07-06 21:05:41:923  motor_info数据表，第13次写入成功
2022-07-06 21:05:41:925  motor_info数据表，第14次写入成功
2022-07-06 21:05:41:946  motor_info数据表，第15次写入成功
2022-07-06 21:05:44:962  数据库关闭！
2022-07-06 21:08:04:473  本地IP：127.0.0.1
2022-07-06 21:08:04:484  本地端口号：4500
2022-07-06 21:08:04:532  通讯模块设置成功
2022-07-06 21:08:04:545  综合数据盒连接IP：192.168.1.198
2022-07-06 21:08:04:547  正在打开设备...
2022-07-06 21:08:19:006  正在读取检测数据...
2022-07-06 21:08:19:023  存在数据为空，请检查数据源
2022-07-06 21:08:25:578  创建连接出现异常，错误代码为：-6
2022-07-06 21:08:25:581  同步采集仪设置异常
2022-07-06 21:08:25:585  采集仪增益设置异常
2022-07-06 21:08:28:344  正在读取检测数据...
2022-07-06 21:13:53:653  本地IP：127.0.0.1
2022-07-06 21:13:53:664  本地端口号：4500
2022-07-06 21:13:53:701  通讯模块设置成功
2022-07-06 21:13:53:715  综合数据盒连接IP：192.168.1.198
2022-07-06 21:13:53:717  正在打开设备...
2022-07-06 21:14:04:874  正在读取检测数据...
2022-07-06 21:14:13:487  开始处理数据
2022-07-06 21:14:13:737  右侧计算完成
2022-07-06 21:14:13:923  左侧计算完成
2022-07-06 21:14:13:924  检查结果数据
2022-07-06 21:14:13:931  通知桌面显示数据
2022-07-06 21:14:14:120  开始写入数据库
2022-07-06 21:14:14:350  预警及报警参数加载完成
2022-07-06 21:14:14:351  数据库打开成功
2022-07-06 21:14:14:354  train_info数据表写入成功
2022-07-06 21:14:14:356  train_onlyid读取成功
2022-07-06 21:14:14:358  train_data数据表写入成功
2022-07-06 21:14:14:360  train_fault数据表写入1、1成功
2022-07-06 21:14:14:362  vt_info数据表，第0次写入成功
2022-07-06 21:14:14:364  vt_info数据表，第1次写入成功
2022-07-06 21:14:14:367  vt_info数据表，第2次写入成功
2022-07-06 21:14:14:369  vt_info数据表，第3次写入成功
2022-07-06 21:14:14:371  vt_info数据表，第4次写入成功
2022-07-06 21:14:14:374  vt_info数据表，第5次写入成功
2022-07-06 21:14:14:377  vt_info数据表，第6次写入成功
2022-07-06 21:14:14:380  vt_info数据表，第7次写入成功
2022-07-06 21:14:14:383  vt_info数据表，第8次写入成功
2022-07-06 21:14:14:387  vt_info数据表，第9次写入成功
2022-07-06 21:14:14:390  vt_info数据表，第10次写入成功
2022-07-06 21:14:14:396  vt_info数据表，第11次写入成功
2022-07-06 21:14:14:400  vt_info数据表，第12次写入成功
2022-07-06 21:14:14:543  vt_info数据表，第13次写入成功
2022-07-06 21:14:14:545  vt_info数据表，第14次写入成功
2022-07-06 21:14:14:548  vt_info数据表，第15次写入成功
2022-07-06 21:14:14:551  vt_info数据表，第16次写入成功
2022-07-06 21:14:14:553  vt_info数据表，第17次写入成功
2022-07-06 21:14:14:555  vt_info数据表，第18次写入成功
2022-07-06 21:14:14:558  vt_info数据表，第19次写入成功
2022-07-06 21:14:14:560  vt_info数据表，第20次写入成功
2022-07-06 21:14:14:563  vt_info数据表，第21次写入成功
2022-07-06 21:14:14:567  vt_info数据表，第22次写入成功
2022-07-06 21:14:14:569  vt_info数据表，第23次写入成功
2022-07-06 21:14:14:575  vt_info数据表，第24次写入成功
2022-07-06 21:14:14:578  vt_info数据表，第25次写入成功
2022-07-06 21:14:14:584  vt_info数据表，第26次写入成功
2022-07-06 21:14:14:590  vt_info数据表，第27次写入成功
2022-07-06 21:14:14:592  vt_info数据表，第28次写入成功
2022-07-06 21:14:14:598  vt_info数据表，第29次写入成功
2022-07-06 21:14:14:601  vt_info数据表，第30次写入成功
2022-07-06 21:14:14:606  vt_info数据表，第31次写入成功
2022-07-06 21:14:14:610  vt_info数据表，第32次写入成功
2022-07-06 21:14:14:612  vt_info数据表，第33次写入成功
2022-07-06 21:14:14:614  vt_info数据表，第34次写入成功
2022-07-06 21:14:14:622  vt_info数据表，第35次写入成功
2022-07-06 21:14:14:624  vt_info数据表，第36次写入成功
2022-07-06 21:14:14:655  vt_info数据表，第37次写入成功
2022-07-06 21:14:14:657  vt_info数据表，第38次写入成功
2022-07-06 21:14:14:659  vt_info数据表，第39次写入成功
2022-07-06 21:14:14:661  vt_info数据表，第40次写入成功
2022-07-06 21:14:14:664  vt_info数据表，第41次写入成功
2022-07-06 21:14:14:666  vt_info数据表，第42次写入成功
2022-07-06 21:14:14:669  vt_info数据表，第43次写入成功
2022-07-06 21:14:14:673  vt_info数据表，第44次写入成功
2022-07-06 21:14:14:676  vt_info数据表，第45次写入成功
2022-07-06 21:14:14:680  vt_info数据表，第46次写入成功
2022-07-06 21:14:14:682  vt_info数据表，第47次写入成功
2022-07-06 21:14:14:688  motor_info数据表，第0次写入成功
2022-07-06 21:14:14:718  motor_info数据表，第1次写入成功
2022-07-06 21:14:14:724  motor_info数据表，第2次写入成功
2022-07-06 21:14:14:727  motor_info数据表，第3次写入成功
2022-07-06 21:14:14:732  motor_info数据表，第4次写入成功
2022-07-06 21:14:14:735  motor_info数据表，第5次写入成功
2022-07-06 21:14:14:737  motor_info数据表，第6次写入成功
2022-07-06 21:14:14:740  motor_info数据表，第7次写入成功
2022-07-06 21:14:14:742  motor_info数据表，第8次写入成功
2022-07-06 21:14:14:745  motor_info数据表，第9次写入成功
2022-07-06 21:14:14:750  motor_info数据表，第10次写入成功
2022-07-06 21:14:14:877  创建连接出现异常，错误代码为：-6
2022-07-06 21:14:14:891  同步采集仪设置异常
2022-07-06 21:14:14:905  采集仪增益设置异常
2022-07-06 21:14:14:906  motor_info数据表，第11次写入成功
2022-07-06 21:14:14:908  motor_info数据表，第12次写入成功
2022-07-06 21:14:14:910  motor_info数据表，第13次写入成功
2022-07-06 21:14:14:912  motor_info数据表，第14次写入成功
2022-07-06 21:14:14:913  motor_info数据表，第15次写入成功
2022-07-06 21:14:17:485  数据库关闭！
2022-07-06 21:14:27:776  正在读取检测数据...
2022-07-06 21:14:33:156  开始处理数据
2022-07-06 21:14:33:458  右侧计算完成
2022-07-06 21:14:33:659  左侧计算完成
2022-07-06 21:14:33:660  检查结果数据
2022-07-06 21:14:33:662  通知桌面显示数据
2022-07-06 21:14:33:672  开始写入数据库
2022-07-06 21:14:33:810  预警及报警参数加载完成
2022-07-06 21:14:33:845  数据库打开成功
2022-07-06 21:14:33:858  train_info数据表写入成功
2022-07-06 21:14:33:872  train_onlyid读取成功
2022-07-06 21:14:33:875  train_data数据表写入成功
2022-07-06 21:14:33:912  train_fault数据表写入1、1成功
2022-07-06 21:14:33:922  train_fault数据表写入3、1成功
2022-07-06 21:14:33:929  vt_info数据表，第0次写入成功
2022-07-06 21:14:33:950  vt_info数据表，第1次写入成功
2022-07-06 21:14:33:960  vt_info数据表，第2次写入成功
2022-07-06 21:14:33:968  vt_info数据表，第3次写入成功
2022-07-06 21:14:33:969  vt_info数据表，第4次写入成功
2022-07-06 21:14:33:971  vt_info数据表，第5次写入成功
2022-07-06 21:14:33:991  vt_info数据表，第6次写入成功
2022-07-06 21:14:34:003  vt_info数据表，第7次写入成功
2022-07-06 21:14:34:005  vt_info数据表，第8次写入成功
2022-07-06 21:14:34:007  vt_info数据表，第9次写入成功
2022-07-06 21:14:34:008  vt_info数据表，第10次写入成功
2022-07-06 21:14:34:010  vt_info数据表，第11次写入成功
2022-07-06 21:14:34:012  vt_info数据表，第12次写入成功
2022-07-06 21:14:34:014  vt_info数据表，第13次写入成功
2022-07-06 21:14:34:040  vt_info数据表，第14次写入成功
2022-07-06 21:14:34:063  vt_info数据表，第15次写入成功
2022-07-06 21:14:34:065  vt_info数据表，第16次写入成功
2022-07-06 21:14:34:067  vt_info数据表，第17次写入成功
2022-07-06 21:14:34:069  vt_info数据表，第18次写入成功
2022-07-06 21:14:34:071  vt_info数据表，第19次写入成功
2022-07-06 21:14:34:074  vt_info数据表，第20次写入成功
2022-07-06 21:14:34:076  vt_info数据表，第21次写入成功
2022-07-06 21:14:34:082  vt_info数据表，第22次写入成功
2022-07-06 21:14:34:089  vt_info数据表，第23次写入成功
2022-07-06 21:14:34:092  vt_info数据表，第24次写入成功
2022-07-06 21:14:34:098  vt_info数据表，第25次写入成功
2022-07-06 21:14:34:104  vt_info数据表，第26次写入成功
2022-07-06 21:14:34:109  vt_info数据表，第27次写入成功
2022-07-06 21:14:34:112  vt_info数据表，第28次写入成功
2022-07-06 21:14:34:114  vt_info数据表，第29次写入成功
2022-07-06 21:14:34:116  vt_info数据表，第30次写入成功
2022-07-06 21:14:34:118  vt_info数据表，第31次写入成功
2022-07-06 21:14:34:120  vt_info数据表，第32次写入成功
2022-07-06 21:14:34:122  vt_info数据表，第33次写入成功
2022-07-06 21:14:34:124  vt_info数据表，第34次写入成功
2022-07-06 21:14:34:126  vt_info数据表，第35次写入成功
2022-07-06 21:14:34:131  vt_info数据表，第36次写入成功
2022-07-06 21:14:34:137  vt_info数据表，第37次写入成功
2022-07-06 21:14:34:166  vt_info数据表，第38次写入成功
2022-07-06 21:14:34:170  vt_info数据表，第39次写入成功
2022-07-06 21:14:34:172  vt_info数据表，第40次写入成功
2022-07-06 21:14:34:174  vt_info数据表，第41次写入成功
2022-07-06 21:14:34:177  vt_info数据表，第42次写入成功
2022-07-06 21:14:34:185  vt_info数据表，第43次写入成功
2022-07-06 21:14:34:198  vt_info数据表，第44次写入成功
2022-07-06 21:14:34:201  vt_info数据表，第45次写入成功
2022-07-06 21:14:34:213  vt_info数据表，第46次写入成功
2022-07-06 21:14:34:216  vt_info数据表，第47次写入成功
2022-07-06 21:14:34:218  motor_info数据表，第0次写入成功
2022-07-06 21:14:34:220  motor_info数据表，第1次写入成功
2022-07-06 21:14:34:222  motor_info数据表，第2次写入成功
2022-07-06 21:14:34:225  motor_info数据表，第3次写入成功
2022-07-06 21:14:34:227  motor_info数据表，第4次写入成功
2022-07-06 21:14:34:229  motor_info数据表，第5次写入成功
2022-07-06 21:14:34:248  motor_info数据表，第6次写入成功
2022-07-06 21:14:34:258  motor_info数据表，第7次写入成功
2022-07-06 21:14:34:260  motor_info数据表，第8次写入成功
2022-07-06 21:14:34:305  motor_info数据表，第9次写入成功
2022-07-06 21:14:34:308  motor_info数据表，第10次写入成功
2022-07-06 21:14:34:309  motor_info数据表，第11次写入成功
2022-07-06 21:14:34:311  motor_info数据表，第12次写入成功
2022-07-06 21:14:34:313  motor_info数据表，第13次写入成功
2022-07-06 21:14:34:316  motor_info数据表，第14次写入成功
2022-07-06 21:14:34:318  motor_info数据表，第15次写入成功
2022-07-06 21:14:37:352  数据库关闭！
2022-07-06 21:15:08:574  正在读取检测数据...
2022-07-06 21:15:08:626  存在数据为空，请检查数据源
2022-07-06 21:15:17:351  正在读取检测数据...
2022-07-06 21:18:09:658  本地IP：127.0.0.1
2022-07-06 21:18:09:668  本地端口号：4500
2022-07-06 21:18:09:702  通讯模块设置成功
2022-07-06 21:18:09:715  综合数据盒连接IP：192.168.1.198
2022-07-06 21:18:09:717  正在打开设备...
2022-07-06 21:18:25:889  正在读取检测数据...
2022-07-06 21:18:33:952  开始处理数据
2022-07-06 21:18:33:955  创建连接出现异常，错误代码为：-6
2022-07-06 21:18:33:958  同步采集仪设置异常
2022-07-06 21:18:33:962  采集仪增益设置异常
2022-07-06 21:18:34:278  右侧计算完成
2022-07-06 21:18:34:452  左侧计算完成
2022-07-06 21:18:34:453  检查结果数据
2022-07-06 21:18:34:455  通知桌面显示数据
2022-07-06 21:18:34:578  开始写入数据库
2022-07-06 21:18:34:880  预警及报警参数加载完成
2022-07-06 21:18:34:883  数据库打开成功
2022-07-06 21:18:34:885  train_info数据表写入成功
2022-07-06 21:18:34:887  train_onlyid读取成功
2022-07-06 21:18:34:891  train_data数据表写入成功
2022-07-06 21:18:34:893  train_fault数据表写入1、1成功
2022-07-06 21:18:34:895  vt_info数据表，第0次写入成功
2022-07-06 21:18:34:900  vt_info数据表，第1次写入成功
2022-07-06 21:18:34:901  vt_info数据表，第2次写入成功
2022-07-06 21:18:34:903  vt_info数据表，第3次写入成功
2022-07-06 21:18:34:907  vt_info数据表，第4次写入成功
2022-07-06 21:18:34:908  vt_info数据表，第5次写入成功
2022-07-06 21:18:34:912  vt_info数据表，第6次写入成功
2022-07-06 21:18:34:915  vt_info数据表，第7次写入成功
2022-07-06 21:18:34:918  vt_info数据表，第8次写入成功
2022-07-06 21:18:34:921  vt_info数据表，第9次写入成功
2022-07-06 21:18:34:926  vt_info数据表，第10次写入成功
2022-07-06 21:18:34:928  vt_info数据表，第11次写入成功
2022-07-06 21:18:34:932  vt_info数据表，第12次写入成功
2022-07-06 21:18:35:043  vt_info数据表，第13次写入成功
2022-07-06 21:18:35:045  vt_info数据表，第14次写入成功
2022-07-06 21:18:35:048  vt_info数据表，第15次写入成功
2022-07-06 21:18:35:050  vt_info数据表，第16次写入成功
2022-07-06 21:18:35:052  vt_info数据表，第17次写入成功
2022-07-06 21:18:35:054  vt_info数据表，第18次写入成功
2022-07-06 21:18:35:056  vt_info数据表，第19次写入成功
2022-07-06 21:18:35:057  vt_info数据表，第20次写入成功
2022-07-06 21:18:35:060  vt_info数据表，第21次写入成功
2022-07-06 21:18:35:061  vt_info数据表，第22次写入成功
2022-07-06 21:18:35:066  vt_info数据表，第23次写入成功
2022-07-06 21:18:35:068  vt_info数据表，第24次写入成功
2022-07-06 21:18:35:070  vt_info数据表，第25次写入成功
2022-07-06 21:18:35:076  vt_info数据表，第26次写入成功
2022-07-06 21:18:35:078  vt_info数据表，第27次写入成功
2022-07-06 21:18:35:081  vt_info数据表，第28次写入成功
2022-07-06 21:18:35:084  vt_info数据表，第29次写入成功
2022-07-06 21:18:35:087  vt_info数据表，第30次写入成功
2022-07-06 21:18:35:089  vt_info数据表，第31次写入成功
2022-07-06 21:18:35:093  vt_info数据表，第32次写入成功
2022-07-06 21:18:35:096  vt_info数据表，第33次写入成功
2022-07-06 21:18:35:098  vt_info数据表，第34次写入成功
2022-07-06 21:18:35:101  vt_info数据表，第35次写入成功
2022-07-06 21:18:35:120  vt_info数据表，第36次写入成功
2022-07-06 21:18:35:123  vt_info数据表，第37次写入成功
2022-07-06 21:18:35:126  vt_info数据表，第38次写入成功
2022-07-06 21:18:35:130  vt_info数据表，第39次写入成功
2022-07-06 21:18:35:133  vt_info数据表，第40次写入成功
2022-07-06 21:18:35:136  vt_info数据表，第41次写入成功
2022-07-06 21:18:35:139  vt_info数据表，第42次写入成功
2022-07-06 21:18:35:141  vt_info数据表，第43次写入成功
2022-07-06 21:18:35:143  vt_info数据表，第44次写入成功
2022-07-06 21:18:35:144  vt_info数据表，第45次写入成功
2022-07-06 21:18:35:162  vt_info数据表，第46次写入成功
2022-07-06 21:18:35:165  vt_info数据表，第47次写入成功
2022-07-06 21:18:35:167  motor_info数据表，第0次写入成功
2022-07-06 21:18:35:169  motor_info数据表，第1次写入成功
2022-07-06 21:18:35:173  motor_info数据表，第2次写入成功
2022-07-06 21:18:35:175  motor_info数据表，第3次写入成功
2022-07-06 21:18:35:179  motor_info数据表，第4次写入成功
2022-07-06 21:18:35:202  motor_info数据表，第5次写入成功
2022-07-06 21:18:35:204  motor_info数据表，第6次写入成功
2022-07-06 21:18:35:206  motor_info数据表，第7次写入成功
2022-07-06 21:18:35:208  motor_info数据表，第8次写入成功
2022-07-06 21:18:35:210  motor_info数据表，第9次写入成功
2022-07-06 21:18:35:212  motor_info数据表，第10次写入成功
2022-07-06 21:18:35:216  motor_info数据表，第11次写入成功
2022-07-06 21:18:35:256  motor_info数据表，第12次写入成功
2022-07-06 21:18:35:266  motor_info数据表，第13次写入成功
2022-07-06 21:18:35:268  motor_info数据表，第14次写入成功
2022-07-06 21:18:35:273  motor_info数据表，第15次写入成功
2022-07-06 21:18:37:876  数据库关闭！
2022-07-06 21:19:08:555  正在读取检测数据...
2022-07-06 21:19:08:603  存在数据为空，请检查数据源
2022-07-06 21:19:17:175  正在读取检测数据...
2022-07-06 21:24:11:252  本地IP：127.0.0.1
2022-07-06 21:24:11:261  本地端口号：4500
2022-07-06 21:24:11:298  通讯模块设置成功
2022-07-06 21:24:11:310  综合数据盒连接IP：192.168.1.198
2022-07-06 21:24:11:311  正在打开设备...
2022-07-06 21:24:32:335  创建连接出现异常，错误代码为：-6
2022-07-06 21:24:32:338  同步采集仪设置异常
2022-07-06 21:24:32:341  采集仪增益设置异常
2022-07-06 21:25:16:611  正在读取检测数据...
2022-07-06 21:25:24:568  开始处理数据
2022-07-06 21:25:24:880  右侧计算完成
2022-07-06 21:25:25:065  左侧计算完成
2022-07-06 21:25:25:068  检查结果数据
2022-07-06 21:25:25:069  通知桌面显示数据
2022-07-06 21:25:25:172  开始写入数据库
2022-07-06 21:25:25:506  预警及报警参数加载完成
2022-07-06 21:25:25:508  数据库打开成功
2022-07-06 21:25:25:511  train_info数据表写入成功
2022-07-06 21:25:25:514  train_onlyid读取成功
2022-07-06 21:25:25:517  train_data数据表写入成功
2022-07-06 21:25:25:519  train_fault数据表写入1、1成功
2022-07-06 21:25:25:520  vt_info数据表，第0次写入成功
2022-07-06 21:25:25:523  vt_info数据表，第1次写入成功
2022-07-06 21:25:25:525  vt_info数据表，第2次写入成功
2022-07-06 21:25:25:527  vt_info数据表，第3次写入成功
2022-07-06 21:25:25:528  vt_info数据表，第4次写入成功
2022-07-06 21:25:25:532  vt_info数据表，第5次写入成功
2022-07-06 21:25:25:534  vt_info数据表，第6次写入成功
2022-07-06 21:25:25:536  vt_info数据表，第7次写入成功
2022-07-06 21:25:25:539  vt_info数据表，第8次写入成功
2022-07-06 21:25:25:541  vt_info数据表，第9次写入成功
2022-07-06 21:25:25:544  vt_info数据表，第10次写入成功
2022-07-06 21:25:25:656  vt_info数据表，第11次写入成功
2022-07-06 21:25:25:659  vt_info数据表，第12次写入成功
2022-07-06 21:25:25:663  vt_info数据表，第13次写入成功
2022-07-06 21:25:25:666  vt_info数据表，第14次写入成功
2022-07-06 21:25:25:669  vt_info数据表，第15次写入成功
2022-07-06 21:25:25:672  vt_info数据表，第16次写入成功
2022-07-06 21:25:25:674  vt_info数据表，第17次写入成功
2022-07-06 21:25:25:677  vt_info数据表，第18次写入成功
2022-07-06 21:25:25:679  vt_info数据表，第19次写入成功
2022-07-06 21:25:25:684  vt_info数据表，第20次写入成功
2022-07-06 21:25:25:686  vt_info数据表，第21次写入成功
2022-07-06 21:25:25:688  vt_info数据表，第22次写入成功
2022-07-06 21:25:25:690  vt_info数据表，第23次写入成功
2022-07-06 21:25:25:692  vt_info数据表，第24次写入成功
2022-07-06 21:25:25:693  vt_info数据表，第25次写入成功
2022-07-06 21:25:25:697  vt_info数据表，第26次写入成功
2022-07-06 21:25:25:700  vt_info数据表，第27次写入成功
2022-07-06 21:25:25:703  vt_info数据表，第28次写入成功
2022-07-06 21:25:25:708  vt_info数据表，第29次写入成功
2022-07-06 21:25:25:712  vt_info数据表，第30次写入成功
2022-07-06 21:25:25:716  vt_info数据表，第31次写入成功
2022-07-06 21:25:25:720  vt_info数据表，第32次写入成功
2022-07-06 21:25:25:742  vt_info数据表，第33次写入成功
2022-07-06 21:25:25:744  vt_info数据表，第34次写入成功
2022-07-06 21:25:25:746  vt_info数据表，第35次写入成功
2022-07-06 21:25:25:748  vt_info数据表，第36次写入成功
2022-07-06 21:25:25:751  vt_info数据表，第37次写入成功
2022-07-06 21:25:25:753  vt_info数据表，第38次写入成功
2022-07-06 21:25:25:757  vt_info数据表，第39次写入成功
2022-07-06 21:25:25:760  vt_info数据表，第40次写入成功
2022-07-06 21:25:25:764  vt_info数据表，第41次写入成功
2022-07-06 21:25:25:766  vt_info数据表，第42次写入成功
2022-07-06 21:25:25:768  vt_info数据表，第43次写入成功
2022-07-06 21:25:25:787  vt_info数据表，第44次写入成功
2022-07-06 21:25:25:789  vt_info数据表，第45次写入成功
2022-07-06 21:25:25:791  vt_info数据表，第46次写入成功
2022-07-06 21:25:25:793  vt_info数据表，第47次写入成功
2022-07-06 21:25:25:795  motor_info数据表，第0次写入成功
2022-07-06 21:25:25:796  motor_info数据表，第1次写入成功
2022-07-06 21:25:25:799  motor_info数据表，第2次写入成功
2022-07-06 21:25:25:832  motor_info数据表，第3次写入成功
2022-07-06 21:25:25:834  motor_info数据表，第4次写入成功
2022-07-06 21:25:25:836  motor_info数据表，第5次写入成功
2022-07-06 21:25:25:838  motor_info数据表，第6次写入成功
2022-07-06 21:25:25:840  motor_info数据表，第7次写入成功
2022-07-06 21:25:25:842  motor_info数据表，第8次写入成功
2022-07-06 21:25:25:844  motor_info数据表，第9次写入成功
2022-07-06 21:25:25:846  motor_info数据表，第10次写入成功
2022-07-06 21:25:25:876  motor_info数据表，第11次写入成功
2022-07-06 21:25:25:895  motor_info数据表，第12次写入成功
2022-07-06 21:25:25:897  motor_info数据表，第13次写入成功
2022-07-06 21:25:25:899  motor_info数据表，第14次写入成功
2022-07-06 21:25:25:914  motor_info数据表，第15次写入成功
2022-07-06 21:25:28:483  数据库关闭！
2022-07-06 21:25:37:809  正在读取检测数据...
2022-07-06 21:25:42:663  开始处理数据
2022-07-06 21:25:42:979  右侧计算完成
2022-07-06 21:25:43:206  左侧计算完成
2022-07-06 21:25:43:207  检查结果数据
2022-07-06 21:25:43:209  通知桌面显示数据
2022-07-06 21:25:43:222  开始写入数据库
2022-07-06 21:25:43:353  预警及报警参数加载完成
2022-07-06 21:25:43:355  数据库打开成功
2022-07-06 21:25:43:386  train_info数据表写入成功
2022-07-06 21:25:43:388  train_onlyid读取成功
2022-07-06 21:25:43:390  train_data数据表写入成功
2022-07-06 21:25:43:392  train_fault数据表写入1、1成功
2022-07-06 21:25:43:394  train_fault数据表写入3、1成功
2022-07-06 21:25:43:428  vt_info数据表，第0次写入成功
2022-07-06 21:25:43:432  vt_info数据表，第1次写入成功
2022-07-06 21:25:43:435  vt_info数据表，第2次写入成功
2022-07-06 21:25:43:437  vt_info数据表，第3次写入成功
2022-07-06 21:25:43:439  vt_info数据表，第4次写入成功
2022-07-06 21:25:43:441  vt_info数据表，第5次写入成功
2022-07-06 21:25:43:458  vt_info数据表，第6次写入成功
2022-07-06 21:25:43:460  vt_info数据表，第7次写入成功
2022-07-06 21:25:43:462  vt_info数据表，第8次写入成功
2022-07-06 21:25:43:464  vt_info数据表，第9次写入成功
2022-07-06 21:25:43:466  vt_info数据表，第10次写入成功
2022-07-06 21:25:43:485  vt_info数据表，第11次写入成功
2022-07-06 21:25:43:488  vt_info数据表，第12次写入成功
2022-07-06 21:25:43:490  vt_info数据表，第13次写入成功
2022-07-06 21:25:43:491  vt_info数据表，第14次写入成功
2022-07-06 21:25:43:493  vt_info数据表，第15次写入成功
2022-07-06 21:25:43:509  vt_info数据表，第16次写入成功
2022-07-06 21:25:43:511  vt_info数据表，第17次写入成功
2022-07-06 21:25:43:513  vt_info数据表，第18次写入成功
2022-07-06 21:25:43:516  vt_info数据表，第19次写入成功
2022-07-06 21:25:43:542  vt_info数据表，第20次写入成功
2022-07-06 21:25:43:544  vt_info数据表，第21次写入成功
2022-07-06 21:25:43:546  vt_info数据表，第22次写入成功
2022-07-06 21:25:43:548  vt_info数据表，第23次写入成功
2022-07-06 21:25:43:550  vt_info数据表，第24次写入成功
2022-07-06 21:25:43:566  vt_info数据表，第25次写入成功
2022-07-06 21:25:43:568  vt_info数据表，第26次写入成功
2022-07-06 21:25:43:570  vt_info数据表，第27次写入成功
2022-07-06 21:25:43:572  vt_info数据表，第28次写入成功
2022-07-06 21:25:43:592  vt_info数据表，第29次写入成功
2022-07-06 21:25:43:594  vt_info数据表，第30次写入成功
2022-07-06 21:25:43:596  vt_info数据表，第31次写入成功
2022-07-06 21:25:43:612  vt_info数据表，第32次写入成功
2022-07-06 21:25:43:615  vt_info数据表，第33次写入成功
2022-07-06 21:25:43:616  vt_info数据表，第34次写入成功
2022-07-06 21:25:43:643  vt_info数据表，第35次写入成功
2022-07-06 21:25:43:645  vt_info数据表，第36次写入成功
2022-07-06 21:25:43:648  vt_info数据表，第37次写入成功
2022-07-06 21:25:43:650  vt_info数据表，第38次写入成功
2022-07-06 21:25:43:652  vt_info数据表，第39次写入成功
2022-07-06 21:25:43:667  vt_info数据表，第40次写入成功
2022-07-06 21:25:43:669  vt_info数据表，第41次写入成功
2022-07-06 21:25:43:671  vt_info数据表，第42次写入成功
2022-07-06 21:25:43:674  vt_info数据表，第43次写入成功
2022-07-06 21:25:43:692  vt_info数据表，第44次写入成功
2022-07-06 21:25:43:694  vt_info数据表，第45次写入成功
2022-07-06 21:25:43:696  vt_info数据表，第46次写入成功
2022-07-06 21:25:43:698  vt_info数据表，第47次写入成功
2022-07-06 21:25:43:712  motor_info数据表，第0次写入成功
2022-07-06 21:25:43:715  motor_info数据表，第1次写入成功
2022-07-06 21:25:43:717  motor_info数据表，第2次写入成功
2022-07-06 21:25:43:718  motor_info数据表，第3次写入成功
2022-07-06 21:25:43:737  motor_info数据表，第4次写入成功
2022-07-06 21:25:43:740  motor_info数据表，第5次写入成功
2022-07-06 21:25:43:743  motor_info数据表，第6次写入成功
2022-07-06 21:25:43:746  motor_info数据表，第7次写入成功
2022-07-06 21:25:43:765  motor_info数据表，第8次写入成功
2022-07-06 21:25:43:767  motor_info数据表，第9次写入成功
2022-07-06 21:25:43:769  motor_info数据表，第10次写入成功
2022-07-06 21:25:43:773  motor_info数据表，第11次写入成功
2022-07-06 21:25:43:776  motor_info数据表，第12次写入成功
2022-07-06 21:25:43:796  motor_info数据表，第13次写入成功
2022-07-06 21:25:43:799  motor_info数据表，第14次写入成功
2022-07-06 21:25:43:810  motor_info数据表，第15次写入成功
2022-07-06 21:25:46:882  数据库关闭！
2022-07-06 21:26:51:373  正在读取检测数据...
2022-07-06 21:26:56:150  开始处理数据
2022-07-06 21:26:56:452  右侧计算完成
2022-07-06 21:26:56:667  左侧计算完成
2022-07-06 21:26:56:669  检查结果数据
2022-07-06 21:26:56:670  通知桌面显示数据
2022-07-06 21:26:56:680  开始写入数据库
2022-07-06 21:26:56:779  预警及报警参数加载完成
2022-07-06 21:26:56:780  数据库打开成功
2022-07-06 21:26:56:800  train_info数据表写入成功
2022-07-06 21:26:56:804  train_onlyid读取成功
2022-07-06 21:26:56:819  train_data数据表写入成功
2022-07-06 21:26:56:820  train_fault数据表写入1、1成功
2022-07-06 21:26:56:822  train_fault数据表写入3、1成功
2022-07-06 21:26:56:840  vt_info数据表，第0次写入成功
2022-07-06 21:26:56:842  vt_info数据表，第1次写入成功
2022-07-06 21:26:56:845  vt_info数据表，第2次写入成功
2022-07-06 21:26:56:848  vt_info数据表，第3次写入成功
2022-07-06 21:26:56:871  vt_info数据表，第4次写入成功
2022-07-06 21:26:56:875  vt_info数据表，第5次写入成功
2022-07-06 21:26:56:878  vt_info数据表，第6次写入成功
2022-07-06 21:26:56:882  vt_info数据表，第7次写入成功
2022-07-06 21:26:56:902  vt_info数据表，第8次写入成功
2022-07-06 21:26:56:904  vt_info数据表，第9次写入成功
2022-07-06 21:26:56:907  vt_info数据表，第10次写入成功
2022-07-06 21:26:56:909  vt_info数据表，第11次写入成功
2022-07-06 21:26:56:926  vt_info数据表，第12次写入成功
2022-07-06 21:26:56:927  vt_info数据表，第13次写入成功
2022-07-06 21:26:56:929  vt_info数据表，第14次写入成功
2022-07-06 21:26:56:949  vt_info数据表，第15次写入成功
2022-07-06 21:26:56:951  vt_info数据表，第16次写入成功
2022-07-06 21:26:56:953  vt_info数据表，第17次写入成功
2022-07-06 21:26:56:956  vt_info数据表，第18次写入成功
2022-07-06 21:26:56:972  vt_info数据表，第19次写入成功
2022-07-06 21:26:56:974  vt_info数据表，第20次写入成功
2022-07-06 21:26:56:976  vt_info数据表，第21次写入成功
2022-07-06 21:26:56:978  vt_info数据表，第22次写入成功
2022-07-06 21:26:57:005  vt_info数据表，第23次写入成功
2022-07-06 21:26:57:007  vt_info数据表，第24次写入成功
2022-07-06 21:26:57:009  vt_info数据表，第25次写入成功
2022-07-06 21:26:57:133  vt_info数据表，第26次写入成功
2022-07-06 21:26:57:155  vt_info数据表，第27次写入成功
2022-07-06 21:26:57:343  vt_info数据表，第28次写入成功
2022-07-06 21:26:57:346  vt_info数据表，第29次写入成功
2022-07-06 21:26:57:360  vt_info数据表，第30次写入成功
2022-07-06 21:26:57:368  vt_info数据表，第31次写入成功
2022-07-06 21:26:57:370  vt_info数据表，第32次写入成功
2022-07-06 21:26:57:375  vt_info数据表，第33次写入成功
2022-07-06 21:26:57:378  vt_info数据表，第34次写入成功
2022-07-06 21:26:57:383  vt_info数据表，第35次写入成功
2022-07-06 21:26:57:397  vt_info数据表，第36次写入成功
2022-07-06 21:26:57:402  vt_info数据表，第37次写入成功
2022-07-06 21:26:57:404  vt_info数据表，第38次写入成功
2022-07-06 21:26:57:407  vt_info数据表，第39次写入成功
2022-07-06 21:26:57:409  vt_info数据表，第40次写入成功
2022-07-06 21:26:57:411  vt_info数据表，第41次写入成功
2022-07-06 21:26:57:415  vt_info数据表，第42次写入成功
2022-07-06 21:26:57:418  vt_info数据表，第43次写入成功
2022-07-06 21:26:57:420  vt_info数据表，第44次写入成功
2022-07-06 21:26:57:421  vt_info数据表，第45次写入成功
2022-07-06 21:26:57:428  vt_info数据表，第46次写入成功
2022-07-06 21:26:57:430  vt_info数据表，第47次写入成功
2022-07-06 21:26:57:433  motor_info数据表，第0次写入成功
2022-07-06 21:26:57:437  motor_info数据表，第1次写入成功
2022-07-06 21:26:57:440  motor_info数据表，第2次写入成功
2022-07-06 21:26:57:457  motor_info数据表，第3次写入成功
2022-07-06 21:26:57:461  motor_info数据表，第4次写入成功
2022-07-06 21:26:57:465  motor_info数据表，第5次写入成功
2022-07-06 21:26:57:473  motor_info数据表，第6次写入成功
2022-07-06 21:26:57:486  motor_info数据表，第7次写入成功
2022-07-06 21:26:57:490  motor_info数据表，第8次写入成功
2022-07-06 21:26:57:492  motor_info数据表，第9次写入成功
2022-07-06 21:26:57:520  motor_info数据表，第10次写入成功
2022-07-06 21:26:57:522  motor_info数据表，第11次写入成功
2022-07-06 21:26:57:525  motor_info数据表，第12次写入成功
2022-07-06 21:26:57:527  motor_info数据表，第13次写入成功
2022-07-06 21:26:57:530  motor_info数据表，第14次写入成功
2022-07-06 21:26:57:544  motor_info数据表，第15次写入成功
2022-07-06 21:27:00:969  数据库关闭！
2022-07-06 21:30:42:220  本地IP：127.0.0.1
2022-07-06 21:30:42:231  本地端口号：4500
2022-07-06 21:30:42:269  通讯模块设置成功
2022-07-06 21:30:42:282  综合数据盒连接IP：192.168.1.198
2022-07-06 21:30:42:283  正在打开设备...
2022-07-06 21:30:51:933  正在读取检测数据...
2022-07-06 21:30:51:957  存在数据为空，请检查数据源
2022-07-06 21:31:03:024  正在读取检测数据...
2022-07-06 21:36:30:558  本地IP：127.0.0.1
2022-07-06 21:36:30:569  本地端口号：4500
2022-07-06 21:36:30:605  通讯模块设置成功
2022-07-06 21:36:30:618  综合数据盒连接IP：192.168.1.198
2022-07-06 21:36:30:619  正在打开设备...
2022-07-06 21:36:51:637  创建连接出现异常，错误代码为：-6
2022-07-06 21:36:51:641  同步采集仪设置异常
2022-07-06 21:36:51:645  采集仪增益设置异常
2022-07-06 21:36:58:271  正在读取检测数据...
2022-07-06 21:37:06:391  开始处理数据
2022-07-06 21:37:06:706  右侧计算完成
2022-07-06 21:37:06:896  左侧计算完成
2022-07-06 21:37:06:897  检查结果数据
2022-07-06 21:37:06:898  通知桌面显示数据
2022-07-06 21:37:06:932  开始写入数据库
2022-07-06 21:37:07:166  预警及报警参数加载完成
2022-07-06 21:37:07:171  数据库打开成功
2022-07-06 21:37:07:175  train_info数据表写入成功
2022-07-06 21:37:07:177  train_onlyid读取成功
2022-07-06 21:37:07:179  train_data数据表写入成功
2022-07-06 21:37:07:182  train_fault数据表写入1、1成功
2022-07-06 21:37:07:274  vt_info数据表，第0次写入成功
2022-07-06 21:37:07:277  vt_info数据表，第1次写入成功
2022-07-06 21:37:07:280  vt_info数据表，第2次写入成功
2022-07-06 21:37:07:283  vt_info数据表，第3次写入成功
2022-07-06 21:37:07:285  vt_info数据表，第4次写入成功
2022-07-06 21:37:07:287  vt_info数据表，第5次写入成功
2022-07-06 21:37:07:289  vt_info数据表，第6次写入成功
2022-07-06 21:37:07:291  vt_info数据表，第7次写入成功
2022-07-06 21:37:07:292  vt_info数据表，第8次写入成功
2022-07-06 21:37:07:294  vt_info数据表，第9次写入成功
2022-07-06 21:37:07:296  vt_info数据表，第10次写入成功
2022-07-06 21:37:07:298  vt_info数据表，第11次写入成功
2022-07-06 21:37:07:303  vt_info数据表，第12次写入成功
2022-07-06 21:37:07:305  vt_info数据表，第13次写入成功
2022-07-06 21:37:07:307  vt_info数据表，第14次写入成功
2022-07-06 21:37:07:329  vt_info数据表，第15次写入成功
2022-07-06 21:37:07:332  vt_info数据表，第16次写入成功
2022-07-06 21:37:07:334  vt_info数据表，第17次写入成功
2022-07-06 21:37:07:336  vt_info数据表，第18次写入成功
2022-07-06 21:37:07:339  vt_info数据表，第19次写入成功
2022-07-06 21:37:07:340  vt_info数据表，第20次写入成功
2022-07-06 21:37:07:342  vt_info数据表，第21次写入成功
2022-07-06 21:37:07:366  vt_info数据表，第22次写入成功
2022-07-06 21:37:07:373  vt_info数据表，第23次写入成功
2022-07-06 21:37:07:376  vt_info数据表，第24次写入成功
2022-07-06 21:37:07:378  vt_info数据表，第25次写入成功
2022-07-06 21:37:07:381  vt_info数据表，第26次写入成功
2022-07-06 21:37:07:384  vt_info数据表，第27次写入成功
2022-07-06 21:37:07:400  vt_info数据表，第28次写入成功
2022-07-06 21:37:07:404  vt_info数据表，第29次写入成功
2022-07-06 21:37:07:406  vt_info数据表，第30次写入成功
2022-07-06 21:37:07:408  vt_info数据表，第31次写入成功
2022-07-06 21:37:07:410  vt_info数据表，第32次写入成功
2022-07-06 21:37:07:411  vt_info数据表，第33次写入成功
2022-07-06 21:37:07:435  vt_info数据表，第34次写入成功
2022-07-06 21:37:07:438  vt_info数据表，第35次写入成功
2022-07-06 21:37:07:440  vt_info数据表，第36次写入成功
2022-07-06 21:37:07:443  vt_info数据表，第37次写入成功
2022-07-06 21:37:07:445  vt_info数据表，第38次写入成功
2022-07-06 21:37:07:469  vt_info数据表，第39次写入成功
2022-07-06 21:37:07:472  vt_info数据表，第40次写入成功
2022-07-06 21:37:07:478  vt_info数据表，第41次写入成功
2022-07-06 21:37:07:480  vt_info数据表，第42次写入成功
2022-07-06 21:37:07:484  vt_info数据表，第43次写入成功
2022-07-06 21:37:07:508  vt_info数据表，第44次写入成功
2022-07-06 21:37:07:511  vt_info数据表，第45次写入成功
2022-07-06 21:37:07:513  vt_info数据表，第46次写入成功
2022-07-06 21:37:07:515  vt_info数据表，第47次写入成功
2022-07-06 21:37:07:543  motor_info数据表，第0次写入成功
2022-07-06 21:37:07:545  motor_info数据表，第1次写入成功
2022-07-06 21:37:07:548  motor_info数据表，第2次写入成功
2022-07-06 21:37:07:551  motor_info数据表，第3次写入成功
2022-07-06 21:37:07:552  motor_info数据表，第4次写入成功
2022-07-06 21:37:07:585  motor_info数据表，第5次写入成功
2022-07-06 21:37:07:588  motor_info数据表，第6次写入成功
2022-07-06 21:37:07:590  motor_info数据表，第7次写入成功
2022-07-06 21:37:07:594  motor_info数据表，第8次写入成功
2022-07-06 21:37:07:596  motor_info数据表，第9次写入成功
2022-07-06 21:37:07:599  motor_info数据表，第10次写入成功
2022-07-06 21:37:07:602  motor_info数据表，第11次写入成功
2022-07-06 21:37:07:659  motor_info数据表，第12次写入成功
2022-07-06 21:37:07:703  motor_info数据表，第13次写入成功
2022-07-06 21:37:07:705  motor_info数据表，第14次写入成功
2022-07-06 21:37:07:706  motor_info数据表，第15次写入成功
2022-07-06 21:41:00:546  本地IP：127.0.0.1
2022-07-06 21:41:00:558  本地端口号：4500
2022-07-06 21:41:00:591  通讯模块设置成功
2022-07-06 21:41:00:605  综合数据盒连接IP：192.168.1.198
2022-07-06 21:41:00:607  正在打开设备...
2022-07-06 21:41:21:642  创建连接出现异常，错误代码为：-6
2022-07-06 21:41:21:644  同步采集仪设置异常
2022-07-06 21:41:21:647  采集仪增益设置异常
2022-07-06 21:41:28:114  正在读取检测数据...
2022-07-06 21:41:36:256  开始处理数据
2022-07-06 21:41:36:593  右侧计算完成
2022-07-06 21:41:36:791  左侧计算完成
2022-07-06 21:41:36:793  检查结果数据
2022-07-06 21:41:36:795  通知桌面显示数据
2022-07-06 21:41:36:814  开始写入数据库
2022-07-06 21:41:37:022  预警及报警参数加载完成
2022-07-06 21:41:37:025  数据库打开成功
2022-07-06 21:41:37:028  train_info数据表写入成功
2022-07-06 21:41:37:032  train_onlyid读取成功
2022-07-06 21:41:37:034  train_data数据表写入成功
2022-07-06 21:41:37:036  train_fault数据表写入1、1成功
2022-07-06 21:41:37:038  vt_info数据表，第0次写入成功
2022-07-06 21:41:37:127  vt_info数据表，第1次写入成功
2022-07-06 21:41:37:129  vt_info数据表，第2次写入成功
2022-07-06 21:41:37:132  vt_info数据表，第3次写入成功
2022-07-06 21:41:37:134  vt_info数据表，第4次写入成功
2022-07-06 21:41:37:136  vt_info数据表，第5次写入成功
2022-07-06 21:41:37:139  vt_info数据表，第6次写入成功
2022-07-06 21:41:37:141  vt_info数据表，第7次写入成功
2022-07-06 21:41:37:143  vt_info数据表，第8次写入成功
2022-07-06 21:41:37:146  vt_info数据表，第9次写入成功
2022-07-06 21:41:37:148  vt_info数据表，第10次写入成功
2022-07-06 21:41:37:151  vt_info数据表，第11次写入成功
2022-07-06 21:41:37:153  vt_info数据表，第12次写入成功
2022-07-06 21:41:37:155  vt_info数据表，第13次写入成功
2022-07-06 21:41:37:158  vt_info数据表，第14次写入成功
2022-07-06 21:41:37:160  vt_info数据表，第15次写入成功
2022-07-06 21:41:37:163  vt_info数据表，第16次写入成功
2022-07-06 21:41:37:167  vt_info数据表，第17次写入成功
2022-07-06 21:41:37:169  vt_info数据表，第18次写入成功
2022-07-06 21:41:37:171  vt_info数据表，第19次写入成功
2022-07-06 21:41:37:173  vt_info数据表，第20次写入成功
2022-07-06 21:41:37:192  vt_info数据表，第21次写入成功
2022-07-06 21:41:37:195  vt_info数据表，第22次写入成功
2022-07-06 21:41:37:198  vt_info数据表，第23次写入成功
2022-07-06 21:41:37:200  vt_info数据表，第24次写入成功
2022-07-06 21:41:37:202  vt_info数据表，第25次写入成功
2022-07-06 21:41:37:205  vt_info数据表，第26次写入成功
2022-07-06 21:41:37:207  vt_info数据表，第27次写入成功
2022-07-06 21:41:37:209  vt_info数据表，第28次写入成功
2022-07-06 21:41:37:211  vt_info数据表，第29次写入成功
2022-07-06 21:41:37:228  vt_info数据表，第30次写入成功
2022-07-06 21:41:37:231  vt_info数据表，第31次写入成功
2022-07-06 21:41:37:233  vt_info数据表，第32次写入成功
2022-07-06 21:41:37:236  vt_info数据表，第33次写入成功
2022-07-06 21:41:37:240  vt_info数据表，第34次写入成功
2022-07-06 21:41:37:261  vt_info数据表，第35次写入成功
2022-07-06 21:41:37:262  vt_info数据表，第36次写入成功
2022-07-06 21:41:37:265  vt_info数据表，第37次写入成功
2022-07-06 21:41:37:268  vt_info数据表，第38次写入成功
2022-07-06 21:41:37:289  vt_info数据表，第39次写入成功
2022-07-06 21:41:37:294  vt_info数据表，第40次写入成功
2022-07-06 21:41:37:303  vt_info数据表，第41次写入成功
2022-07-06 21:41:37:309  vt_info数据表，第42次写入成功
2022-07-06 21:41:37:324  vt_info数据表，第43次写入成功
2022-07-06 21:41:37:326  vt_info数据表，第44次写入成功
2022-07-06 21:41:37:328  vt_info数据表，第45次写入成功
2022-07-06 21:41:37:330  vt_info数据表，第46次写入成功
2022-07-06 21:41:37:332  vt_info数据表，第47次写入成功
2022-07-06 21:41:37:334  motor_info数据表，第0次写入成功
2022-07-06 21:41:37:336  motor_info数据表，第1次写入成功
2022-07-06 21:41:37:356  motor_info数据表，第2次写入成功
2022-07-06 21:41:37:358  motor_info数据表，第3次写入成功
2022-07-06 21:41:37:360  motor_info数据表，第4次写入成功
2022-07-06 21:41:37:362  motor_info数据表，第5次写入成功
2022-07-06 21:41:37:364  motor_info数据表，第6次写入成功
2022-07-06 21:41:37:367  motor_info数据表，第7次写入成功
2022-07-06 21:41:37:382  motor_info数据表，第8次写入成功
2022-07-06 21:41:37:385  motor_info数据表，第9次写入成功
2022-07-06 21:41:37:387  motor_info数据表，第10次写入成功
2022-07-06 21:41:37:389  motor_info数据表，第11次写入成功
2022-07-06 21:41:37:393  motor_info数据表，第12次写入成功
2022-07-06 21:41:37:415  motor_info数据表，第13次写入成功
2022-07-06 21:41:37:419  motor_info数据表，第14次写入成功
2022-07-06 21:41:37:420  motor_info数据表，第15次写入成功
2022-07-06 21:51:32:980  本地IP：127.0.0.1
2022-07-06 21:51:32:994  本地端口号：4500
2022-07-06 21:51:33:025  通讯模块设置成功
2022-07-06 21:51:33:043  综合数据盒连接IP：192.168.1.198
2022-07-06 21:51:33:045  正在打开设备...
2022-07-06 21:51:54:066  创建连接出现异常，错误代码为：-6
2022-07-06 21:51:54:069  同步采集仪设置异常
2022-07-06 21:51:54:073  采集仪增益设置异常
2022-07-06 21:52:08:036  正在读取检测数据...
2022-07-06 21:52:16:138  开始处理数据
2022-07-06 21:52:16:432  右侧计算完成
2022-07-06 21:52:16:616  左侧计算完成
2022-07-06 21:52:16:618  检查结果数据
2022-07-06 21:52:16:619  通知桌面显示数据
2022-07-06 21:52:16:698  开始写入数据库
2022-07-06 21:52:17:018  预警及报警参数加载完成
2022-07-06 21:52:17:020  数据库打开成功
2022-07-06 21:52:17:023  train_info数据表写入成功
2022-07-06 21:52:17:025  train_onlyid读取成功
2022-07-06 21:52:17:027  train_data数据表写入成功
2022-07-06 21:52:17:030  train_fault数据表写入1、1成功
2022-07-06 21:52:17:033  vt_info数据表，第0次写入成功
2022-07-06 21:52:17:036  vt_info数据表，第1次写入成功
2022-07-06 21:52:17:038  vt_info数据表，第2次写入成功
2022-07-06 21:52:17:041  vt_info数据表，第3次写入成功
2022-07-06 21:52:17:043  vt_info数据表，第4次写入成功
2022-07-06 21:52:17:045  vt_info数据表，第5次写入成功
2022-07-06 21:52:17:048  vt_info数据表，第6次写入成功
2022-07-06 21:52:17:201  vt_info数据表，第7次写入成功
2022-07-06 21:52:17:203  vt_info数据表，第8次写入成功
2022-07-06 21:52:17:206  vt_info数据表，第9次写入成功
2022-07-06 21:52:17:208  vt_info数据表，第10次写入成功
2022-07-06 21:52:17:209  vt_info数据表，第11次写入成功
2022-07-06 21:52:17:211  vt_info数据表，第12次写入成功
2022-07-06 21:52:17:213  vt_info数据表，第13次写入成功
2022-07-06 21:52:17:216  vt_info数据表，第14次写入成功
2022-07-06 21:52:17:218  vt_info数据表，第15次写入成功
2022-07-06 21:52:17:220  vt_info数据表，第16次写入成功
2022-07-06 21:52:17:225  vt_info数据表，第17次写入成功
2022-07-06 21:52:17:229  vt_info数据表，第18次写入成功
2022-07-06 21:52:17:232  vt_info数据表，第19次写入成功
2022-07-06 21:52:17:237  vt_info数据表，第20次写入成功
2022-07-06 21:52:17:240  vt_info数据表，第21次写入成功
2022-07-06 21:52:17:242  vt_info数据表，第22次写入成功
2022-07-06 21:52:17:246  vt_info数据表，第23次写入成功
2022-07-06 21:52:17:249  vt_info数据表，第24次写入成功
2022-07-06 21:52:17:251  vt_info数据表，第25次写入成功
2022-07-06 21:52:17:256  vt_info数据表，第26次写入成功
2022-07-06 21:52:17:277  vt_info数据表，第27次写入成功
2022-07-06 21:52:17:282  vt_info数据表，第28次写入成功
2022-07-06 21:52:17:285  vt_info数据表，第29次写入成功
2022-07-06 21:52:17:289  vt_info数据表，第30次写入成功
2022-07-06 21:52:17:291  vt_info数据表，第31次写入成功
2022-07-06 21:52:17:295  vt_info数据表，第32次写入成功
2022-07-06 21:52:17:298  vt_info数据表，第33次写入成功
2022-07-06 21:52:17:301  vt_info数据表，第34次写入成功
2022-07-06 21:52:17:303  vt_info数据表，第35次写入成功
2022-07-06 21:52:17:306  vt_info数据表，第36次写入成功
2022-07-06 21:52:17:324  vt_info数据表，第37次写入成功
2022-07-06 21:52:17:328  vt_info数据表，第38次写入成功
2022-07-06 21:52:17:331  vt_info数据表，第39次写入成功
2022-07-06 21:52:17:334  vt_info数据表，第40次写入成功
2022-07-06 21:52:17:337  vt_info数据表，第41次写入成功
2022-07-06 21:52:17:340  vt_info数据表，第42次写入成功
2022-07-06 21:52:17:360  vt_info数据表，第43次写入成功
2022-07-06 21:52:17:362  vt_info数据表，第44次写入成功
2022-07-06 21:52:17:364  vt_info数据表，第45次写入成功
2022-07-06 21:52:17:365  vt_info数据表，第46次写入成功
2022-07-06 21:52:17:367  vt_info数据表，第47次写入成功
2022-07-06 21:52:17:369  motor_info数据表，第0次写入成功
2022-07-06 21:52:17:393  motor_info数据表，第1次写入成功
2022-07-06 21:52:17:396  motor_info数据表，第2次写入成功
2022-07-06 21:52:17:398  motor_info数据表，第3次写入成功
2022-07-06 21:52:17:400  motor_info数据表，第4次写入成功
2022-07-06 21:52:17:403  motor_info数据表，第5次写入成功
2022-07-06 21:52:17:405  motor_info数据表，第6次写入成功
2022-07-06 21:52:17:423  motor_info数据表，第7次写入成功
2022-07-06 21:52:17:425  motor_info数据表，第8次写入成功
2022-07-06 21:52:17:429  motor_info数据表，第9次写入成功
2022-07-06 21:52:17:432  motor_info数据表，第10次写入成功
2022-07-06 21:52:17:435  motor_info数据表，第11次写入成功
2022-07-06 21:52:17:461  motor_info数据表，第12次写入成功
2022-07-06 21:52:17:486  motor_info数据表，第13次写入成功
2022-07-06 21:52:17:491  motor_info数据表，第14次写入成功
2022-07-06 21:52:17:493  motor_info数据表，第15次写入成功
2022-07-06 21:52:20:139  数据库关闭！
