2022-07-10 13:12:16:039  正在读取检测数据...
2022-07-10 13:12:21:747  开始处理数据
2022-07-10 13:12:21:842  正在读取检测数据...
2022-07-10 13:12:31:789  开始处理数据
2022-07-10 13:12:31:792  右侧计算完成
2022-07-10 13:12:31:794  左侧计算完成
2022-07-10 13:12:31:796  检查结果数据
2022-07-10 13:12:31:798  通知桌面显示数据
2022-07-10 13:12:31:808  开始写入数据库
2022-07-10 13:12:31:810  预警及报警参数加载完成
2022-07-10 13:12:31:812  数据库打开成功
2022-07-10 13:12:31:814  train_info数据表写入成功
2022-07-10 13:12:31:816  train_onlyid读取成功
2022-07-10 13:12:31:818  train_data数据表写入成功
2022-07-10 13:12:31:820  train_fault数据表写入1、1成功
2022-07-10 13:12:31:822  train_fault数据表写入3、1成功
2022-07-10 13:12:31:824  vt_info数据表，第0次写入成功
2022-07-10 13:12:31:829  vt_info数据表，第1次写入成功
2022-07-10 13:12:31:832  vt_info数据表，第2次写入成功
2022-07-10 13:12:31:835  vt_info数据表，第3次写入成功
2022-07-10 13:12:31:837  vt_info数据表，第4次写入成功
2022-07-10 13:12:31:839  vt_info数据表，第5次写入成功
2022-07-10 13:12:31:841  vt_info数据表，第6次写入成功
2022-07-10 13:12:31:843  vt_info数据表，第7次写入成功
2022-07-10 13:12:31:846  vt_info数据表，第8次写入成功
2022-07-10 13:12:31:848  vt_info数据表，第9次写入成功
2022-07-10 13:12:31:849  vt_info数据表，第10次写入成功
2022-07-10 13:12:31:852  vt_info数据表，第11次写入成功
2022-07-10 13:12:31:853  vt_info数据表，第12次写入成功
2022-07-10 13:12:31:855  vt_info数据表，第13次写入成功
2022-07-10 13:12:31:857  vt_info数据表，第14次写入成功
2022-07-10 13:12:31:859  vt_info数据表，第15次写入成功
2022-07-10 13:12:31:861  vt_info数据表，第16次写入成功
2022-07-10 13:12:31:863  vt_info数据表，第17次写入成功
2022-07-10 13:12:31:864  vt_info数据表，第18次写入成功
2022-07-10 13:12:31:866  vt_info数据表，第19次写入成功
2022-07-10 13:12:31:869  vt_info数据表，第20次写入成功
2022-07-10 13:12:31:871  vt_info数据表，第21次写入成功
2022-07-10 13:12:31:873  vt_info数据表，第22次写入成功
2022-07-10 13:12:31:875  vt_info数据表，第23次写入成功
2022-07-10 13:12:31:879  vt_info数据表，第24次写入成功
2022-07-10 13:12:31:881  vt_info数据表，第25次写入成功
2022-07-10 13:12:31:884  vt_info数据表，第26次写入成功
2022-07-10 13:12:31:886  vt_info数据表，第27次写入成功
2022-07-10 13:12:31:889  vt_info数据表，第28次写入成功
2022-07-10 13:12:31:891  vt_info数据表，第29次写入成功
2022-07-10 13:12:31:894  vt_info数据表，第30次写入成功
2022-07-10 13:12:31:896  vt_info数据表，第31次写入成功
2022-07-10 13:12:31:898  vt_info数据表，第32次写入成功
2022-07-10 13:12:31:900  vt_info数据表，第33次写入成功
2022-07-10 13:12:31:902  vt_info数据表，第34次写入成功
2022-07-10 13:12:31:904  vt_info数据表，第35次写入成功
2022-07-10 13:12:31:907  vt_info数据表，第36次写入成功
2022-07-10 13:12:31:909  vt_info数据表，第37次写入成功
2022-07-10 13:12:31:911  vt_info数据表，第38次写入成功
2022-07-10 13:12:31:913  vt_info数据表，第39次写入成功
2022-07-10 13:12:31:916  vt_info数据表，第40次写入成功
2022-07-10 13:12:31:918  vt_info数据表，第41次写入成功
2022-07-10 13:12:31:920  vt_info数据表，第42次写入成功
2022-07-10 13:12:31:923  vt_info数据表，第43次写入成功
2022-07-10 13:12:31:926  vt_info数据表，第44次写入成功
2022-07-10 13:12:31:929  vt_info数据表，第45次写入成功
2022-07-10 13:12:31:931  vt_info数据表，第46次写入成功
2022-07-10 13:12:31:933  vt_info数据表，第47次写入成功
2022-07-10 13:12:31:936  motor_info数据表，第0次写入成功
2022-07-10 13:12:31:938  motor_info数据表，第1次写入成功
2022-07-10 13:12:31:939  motor_info数据表，第2次写入成功
2022-07-10 13:12:31:941  motor_info数据表，第3次写入成功
2022-07-10 13:12:31:944  motor_info数据表，第4次写入成功
2022-07-10 13:12:31:946  motor_info数据表，第5次写入成功
2022-07-10 13:12:31:947  motor_info数据表，第6次写入成功
2022-07-10 13:12:31:949  motor_info数据表，第7次写入成功
2022-07-10 13:12:31:950  motor_info数据表，第8次写入成功
2022-07-10 13:12:31:952  motor_info数据表，第9次写入成功
2022-07-10 13:12:31:953  motor_info数据表，第10次写入成功
2022-07-10 13:12:31:955  motor_info数据表，第11次写入成功
2022-07-10 13:12:31:957  motor_info数据表，第12次写入成功
2022-07-10 13:12:31:959  motor_info数据表，第13次写入成功
2022-07-10 13:12:31:961  motor_info数据表，第14次写入成功
2022-07-10 13:12:31:963  motor_info数据表，第15次写入成功
2022-07-10 13:12:31:965  数据库关闭！
2022-07-10 13:12:32:322  右侧计算完成
2022-07-10 13:12:32:512  左侧计算完成
2022-07-10 13:12:32:513  检查结果数据
2022-07-10 13:12:32:515  通知桌面显示数据
2022-07-10 13:12:32:525  开始写入数据库
2022-07-10 13:12:32:874  预警及报警参数加载完成
2022-07-10 13:12:32:876  数据库打开成功
2022-07-10 13:12:32:889  train_info数据表写入成功
2022-07-10 13:12:32:893  train_onlyid读取成功
2022-07-10 13:12:32:910  train_data数据表写入成功
2022-07-10 13:12:32:912  train_fault数据表写入1、1成功
2022-07-10 13:12:32:914  vt_info数据表，第0次写入成功
2022-07-10 13:12:32:929  vt_info数据表，第1次写入成功
2022-07-10 13:12:32:930  vt_info数据表，第2次写入成功
2022-07-10 13:12:32:932  vt_info数据表，第3次写入成功
2022-07-10 13:12:32:953  vt_info数据表，第4次写入成功
2022-07-10 13:12:32:956  vt_info数据表，第5次写入成功
2022-07-10 13:12:32:959  vt_info数据表，第6次写入成功
2022-07-10 13:12:32:960  vt_info数据表，第7次写入成功
2022-07-10 13:12:32:976  vt_info数据表，第8次写入成功
2022-07-10 13:12:32:978  vt_info数据表，第9次写入成功
2022-07-10 13:12:32:979  vt_info数据表，第10次写入成功
2022-07-10 13:12:32:980  vt_info数据表，第11次写入成功
2022-07-10 13:12:32:997  vt_info数据表，第12次写入成功
2022-07-10 13:12:32:998  vt_info数据表，第13次写入成功
2022-07-10 13:12:33:000  vt_info数据表，第14次写入成功
2022-07-10 13:12:33:016  vt_info数据表，第15次写入成功
2022-07-10 13:12:33:017  vt_info数据表，第16次写入成功
2022-07-10 13:12:33:019  vt_info数据表，第17次写入成功
2022-07-10 13:12:33:032  vt_info数据表，第18次写入成功
2022-07-10 13:12:33:034  vt_info数据表，第19次写入成功
2022-07-10 13:12:33:036  vt_info数据表，第20次写入成功
2022-07-10 13:12:33:054  vt_info数据表，第21次写入成功
2022-07-10 13:12:33:072  vt_info数据表，第22次写入成功
2022-07-10 13:12:33:073  vt_info数据表，第23次写入成功
2022-07-10 13:12:33:074  vt_info数据表，第24次写入成功
2022-07-10 13:12:33:075  vt_info数据表，第25次写入成功
2022-07-10 13:12:33:076  vt_info数据表，第26次写入成功
2022-07-10 13:12:33:077  vt_info数据表，第27次写入成功
2022-07-10 13:12:33:092  vt_info数据表，第28次写入成功
2022-07-10 13:12:33:094  vt_info数据表，第29次写入成功
2022-07-10 13:12:33:097  vt_info数据表，第30次写入成功
2022-07-10 13:12:33:098  vt_info数据表，第31次写入成功
2022-07-10 13:12:33:116  vt_info数据表，第32次写入成功
2022-07-10 13:12:33:117  vt_info数据表，第33次写入成功
2022-07-10 13:12:33:119  vt_info数据表，第34次写入成功
2022-07-10 13:12:33:132  vt_info数据表，第35次写入成功
2022-07-10 13:12:33:134  vt_info数据表，第36次写入成功
2022-07-10 13:12:33:151  vt_info数据表，第37次写入成功
2022-07-10 13:12:33:153  vt_info数据表，第38次写入成功
2022-07-10 13:12:33:156  vt_info数据表，第39次写入成功
2022-07-10 13:12:33:157  vt_info数据表，第40次写入成功
2022-07-10 13:12:33:171  vt_info数据表，第41次写入成功
2022-07-10 13:12:33:173  vt_info数据表，第42次写入成功
2022-07-10 13:12:33:175  vt_info数据表，第43次写入成功
2022-07-10 13:12:33:188  vt_info数据表，第44次写入成功
2022-07-10 13:12:33:190  vt_info数据表，第45次写入成功
2022-07-10 13:12:33:191  vt_info数据表，第46次写入成功
2022-07-10 13:12:33:209  vt_info数据表，第47次写入成功
2022-07-10 13:12:33:223  motor_info数据表，第0次写入成功
2022-07-10 13:12:33:225  motor_info数据表，第1次写入成功
2022-07-10 13:12:33:226  motor_info数据表，第2次写入成功
2022-07-10 13:12:33:227  motor_info数据表，第3次写入成功
2022-07-10 13:12:33:242  motor_info数据表，第4次写入成功
2022-07-10 13:12:33:244  motor_info数据表，第5次写入成功
2022-07-10 13:12:33:261  motor_info数据表，第6次写入成功
2022-07-10 13:12:33:262  motor_info数据表，第7次写入成功
2022-07-10 13:12:33:264  motor_info数据表，第8次写入成功
2022-07-10 13:12:33:278  motor_info数据表，第9次写入成功
2022-07-10 13:12:33:280  motor_info数据表，第10次写入成功
2022-07-10 13:12:33:281  motor_info数据表，第11次写入成功
2022-07-10 13:12:33:298  motor_info数据表，第12次写入成功
2022-07-10 13:12:33:301  motor_info数据表，第13次写入成功
2022-07-10 13:12:33:305  motor_info数据表，第14次写入成功
2022-07-10 13:12:33:319  motor_info数据表，第15次写入成功
2022-07-10 13:12:39:885  数据库关闭！
2022-07-10 13:19:03:590  本地IP：127.0.0.1
2022-07-10 13:19:03:604  本地端口号：4500
2022-07-10 13:19:03:635  通讯模块设置成功
2022-07-10 13:19:03:664  综合数据盒连接IP：192.168.1.198
2022-07-10 13:19:03:666  正在打开设备...
2022-07-10 13:19:24:762  创建连接出现异常，错误代码为：-6
2022-07-10 13:19:24:765  同步采集仪设置异常
2022-07-10 13:19:24:768  采集仪增益设置异常
2022-07-10 13:21:26:600  正在读取检测数据...
2022-07-10 13:21:34:837  开始处理数据
2022-07-10 13:21:35:149  右侧计算完成
2022-07-10 13:21:35:335  左侧计算完成
2022-07-10 13:21:35:340  检查结果数据
2022-07-10 13:21:35:343  通知桌面显示数据
2022-07-10 13:21:35:443  开始写入数据库
2022-07-10 13:21:35:649  预警及报警参数加载完成
2022-07-10 13:21:35:651  数据库打开成功
2022-07-10 13:21:35:654  train_info数据表写入成功
2022-07-10 13:21:35:655  train_onlyid读取成功
2022-07-10 13:21:35:657  train_data数据表写入成功
2022-07-10 13:21:35:660  train_fault数据表写入1、1成功
2022-07-10 13:21:35:661  vt_info数据表，第0次写入成功
2022-07-10 13:21:35:663  vt_info数据表，第1次写入成功
2022-07-10 13:21:35:665  vt_info数据表，第2次写入成功
2022-07-10 13:21:35:666  vt_info数据表，第3次写入成功
2022-07-10 13:21:35:668  vt_info数据表，第4次写入成功
2022-07-10 13:21:35:671  vt_info数据表，第5次写入成功
2022-07-10 13:21:35:673  vt_info数据表，第6次写入成功
2022-07-10 13:21:35:771  vt_info数据表，第7次写入成功
2022-07-10 13:21:35:773  vt_info数据表，第8次写入成功
2022-07-10 13:21:35:777  vt_info数据表，第9次写入成功
2022-07-10 13:21:35:780  vt_info数据表，第10次写入成功
2022-07-10 13:21:35:782  vt_info数据表，第11次写入成功
2022-07-10 13:21:35:786  vt_info数据表，第12次写入成功
2022-07-10 13:21:35:789  vt_info数据表，第13次写入成功
2022-07-10 13:21:35:791  vt_info数据表，第14次写入成功
2022-07-10 13:21:35:793  vt_info数据表，第15次写入成功
2022-07-10 13:21:35:795  vt_info数据表，第16次写入成功
2022-07-10 13:21:35:797  vt_info数据表，第17次写入成功
2022-07-10 13:21:35:799  vt_info数据表，第18次写入成功
2022-07-10 13:21:35:803  vt_info数据表，第19次写入成功
2022-07-10 13:21:35:805  vt_info数据表，第20次写入成功
2022-07-10 13:21:35:807  vt_info数据表，第21次写入成功
2022-07-10 13:21:35:809  vt_info数据表，第22次写入成功
2022-07-10 13:21:35:811  vt_info数据表，第23次写入成功
2022-07-10 13:21:35:812  vt_info数据表，第24次写入成功
2022-07-10 13:21:35:814  vt_info数据表，第25次写入成功
2022-07-10 13:21:35:832  vt_info数据表，第26次写入成功
2022-07-10 13:21:35:838  vt_info数据表，第27次写入成功
2022-07-10 13:21:35:845  vt_info数据表，第28次写入成功
2022-07-10 13:21:35:851  vt_info数据表，第29次写入成功
2022-07-10 13:21:35:854  vt_info数据表，第30次写入成功
2022-07-10 13:21:35:856  vt_info数据表，第31次写入成功
2022-07-10 13:21:35:858  vt_info数据表，第32次写入成功
2022-07-10 13:21:35:860  vt_info数据表，第33次写入成功
2022-07-10 13:21:35:862  vt_info数据表，第34次写入成功
2022-07-10 13:21:35:864  vt_info数据表，第35次写入成功
2022-07-10 13:21:35:889  vt_info数据表，第36次写入成功
2022-07-10 13:21:35:892  vt_info数据表，第37次写入成功
2022-07-10 13:21:35:894  vt_info数据表，第38次写入成功
2022-07-10 13:21:35:896  vt_info数据表，第39次写入成功
2022-07-10 13:21:35:899  vt_info数据表，第40次写入成功
2022-07-10 13:21:35:902  vt_info数据表，第41次写入成功
2022-07-10 13:21:35:904  vt_info数据表，第42次写入成功
2022-07-10 13:21:35:907  vt_info数据表，第43次写入成功
2022-07-10 13:21:35:909  vt_info数据表，第44次写入成功
2022-07-10 13:21:35:925  vt_info数据表，第45次写入成功
2022-07-10 13:21:35:940  vt_info数据表，第46次写入成功
2022-07-10 13:21:35:943  vt_info数据表，第47次写入成功
2022-07-10 13:21:35:946  motor_info数据表，第0次写入成功
2022-07-10 13:21:35:948  motor_info数据表，第1次写入成功
2022-07-10 13:21:35:950  motor_info数据表，第2次写入成功
2022-07-10 13:21:35:953  motor_info数据表，第3次写入成功
2022-07-10 13:21:35:973  motor_info数据表，第4次写入成功
2022-07-10 13:21:35:978  motor_info数据表，第5次写入成功
2022-07-10 13:21:35:981  motor_info数据表，第6次写入成功
2022-07-10 13:21:35:984  motor_info数据表，第7次写入成功
2022-07-10 13:21:35:987  motor_info数据表，第8次写入成功
2022-07-10 13:21:35:990  motor_info数据表，第9次写入成功
2022-07-10 13:21:35:992  motor_info数据表，第10次写入成功
2022-07-10 13:21:35:995  motor_info数据表，第11次写入成功
2022-07-10 13:21:36:040  motor_info数据表，第12次写入成功
2022-07-10 13:21:36:042  motor_info数据表，第13次写入成功
2022-07-10 13:21:36:045  motor_info数据表，第14次写入成功
2022-07-10 13:21:36:047  motor_info数据表，第15次写入成功
2022-07-10 13:21:39:746  数据库关闭！
2022-07-10 13:22:06:561  正在读取检测数据...
2022-07-10 13:22:11:729  开始处理数据
2022-07-10 13:22:12:034  右侧计算完成
2022-07-10 13:22:12:237  左侧计算完成
2022-07-10 13:22:12:239  检查结果数据
2022-07-10 13:22:12:241  通知桌面显示数据
2022-07-10 13:22:12:253  开始写入数据库
2022-07-10 13:22:12:353  预警及报警参数加载完成
2022-07-10 13:22:12:355  数据库打开成功
2022-07-10 13:22:12:357  train_info数据表写入成功
2022-07-10 13:22:12:359  train_onlyid读取成功
2022-07-10 13:22:12:360  train_data数据表写入成功
2022-07-10 13:22:12:362  train_fault数据表写入1、1成功
2022-07-10 13:22:12:364  train_fault数据表写入3、1成功
2022-07-10 13:22:12:366  vt_info数据表，第0次写入成功
2022-07-10 13:22:12:411  vt_info数据表，第1次写入成功
2022-07-10 13:22:12:413  vt_info数据表，第2次写入成功
2022-07-10 13:22:12:415  vt_info数据表，第3次写入成功
2022-07-10 13:22:12:417  vt_info数据表，第4次写入成功
2022-07-10 13:22:12:419  vt_info数据表，第5次写入成功
2022-07-10 13:22:12:421  vt_info数据表，第6次写入成功
2022-07-10 13:22:12:423  vt_info数据表，第7次写入成功
2022-07-10 13:22:12:425  vt_info数据表，第8次写入成功
2022-07-10 13:22:12:428  vt_info数据表，第9次写入成功
2022-07-10 13:22:12:431  vt_info数据表，第10次写入成功
2022-07-10 13:22:12:461  vt_info数据表，第11次写入成功
2022-07-10 13:22:12:463  vt_info数据表，第12次写入成功
2022-07-10 13:22:12:465  vt_info数据表，第13次写入成功
2022-07-10 13:22:12:467  vt_info数据表，第14次写入成功
2022-07-10 13:22:12:469  vt_info数据表，第15次写入成功
2022-07-10 13:22:12:471  vt_info数据表，第16次写入成功
2022-07-10 13:22:12:473  vt_info数据表，第17次写入成功
2022-07-10 13:22:12:475  vt_info数据表，第18次写入成功
2022-07-10 13:22:12:494  vt_info数据表，第19次写入成功
2022-07-10 13:22:12:496  vt_info数据表，第20次写入成功
2022-07-10 13:22:12:498  vt_info数据表，第21次写入成功
2022-07-10 13:22:12:501  vt_info数据表，第22次写入成功
2022-07-10 13:22:12:518  vt_info数据表，第23次写入成功
2022-07-10 13:22:12:521  vt_info数据表，第24次写入成功
2022-07-10 13:22:12:523  vt_info数据表，第25次写入成功
2022-07-10 13:22:12:525  vt_info数据表，第26次写入成功
2022-07-10 13:22:12:546  vt_info数据表，第27次写入成功
2022-07-10 13:22:12:548  vt_info数据表，第28次写入成功
2022-07-10 13:22:12:550  vt_info数据表，第29次写入成功
2022-07-10 13:22:12:553  vt_info数据表，第30次写入成功
2022-07-10 13:22:12:570  vt_info数据表，第31次写入成功
2022-07-10 13:22:12:572  vt_info数据表，第32次写入成功
2022-07-10 13:22:12:576  vt_info数据表，第33次写入成功
2022-07-10 13:22:12:579  vt_info数据表，第34次写入成功
2022-07-10 13:22:12:582  vt_info数据表，第35次写入成功
2022-07-10 13:22:12:600  vt_info数据表，第36次写入成功
2022-07-10 13:22:12:603  vt_info数据表，第37次写入成功
2022-07-10 13:22:12:605  vt_info数据表，第38次写入成功
2022-07-10 13:22:12:607  vt_info数据表，第39次写入成功
2022-07-10 13:22:12:609  vt_info数据表，第40次写入成功
2022-07-10 13:22:12:625  vt_info数据表，第41次写入成功
2022-07-10 13:22:12:628  vt_info数据表，第42次写入成功
2022-07-10 13:22:12:630  vt_info数据表，第43次写入成功
2022-07-10 13:22:12:649  vt_info数据表，第44次写入成功
2022-07-10 13:22:12:652  vt_info数据表，第45次写入成功
2022-07-10 13:22:12:654  vt_info数据表，第46次写入成功
2022-07-10 13:22:12:656  vt_info数据表，第47次写入成功
2022-07-10 13:22:12:672  motor_info数据表，第0次写入成功
2022-07-10 13:22:12:679  motor_info数据表，第1次写入成功
2022-07-10 13:22:12:681  motor_info数据表，第2次写入成功
2022-07-10 13:22:12:684  motor_info数据表，第3次写入成功
2022-07-10 13:22:12:702  motor_info数据表，第4次写入成功
2022-07-10 13:22:12:704  motor_info数据表，第5次写入成功
2022-07-10 13:22:12:706  motor_info数据表，第6次写入成功
2022-07-10 13:22:12:708  motor_info数据表，第7次写入成功
2022-07-10 13:22:12:710  motor_info数据表，第8次写入成功
2022-07-10 13:22:12:730  motor_info数据表，第9次写入成功
2022-07-10 13:22:12:732  motor_info数据表，第10次写入成功
2022-07-10 13:22:12:735  motor_info数据表，第11次写入成功
2022-07-10 13:22:12:739  motor_info数据表，第12次写入成功
2022-07-10 13:22:12:742  motor_info数据表，第13次写入成功
2022-07-10 13:22:12:763  motor_info数据表，第14次写入成功
2022-07-10 13:22:12:765  motor_info数据表，第15次写入成功
2022-07-10 13:22:16:847  数据库关闭！
2022-07-10 13:24:48:496  正在读取检测数据...
2022-07-10 13:24:48:547  存在数据为空，请检查数据源
