2020-12-28 18:03:01:025  磁钢信号预处理完成，位置标记：1
2020-12-28 18:03:01:037  温度分轮成功，分轮数尺度为：48
2020-12-28 18:03:01:051  轴承端盖温度特征值计算完成, 位置标记：1
2020-12-28 18:03:01:062  电机温度计算完成, 位置标记：1
2020-12-28 18:03:01:066  电机温度计算完成, 位置标记：1
2020-12-28 18:03:01:070  电机温度计算完成, 位置标记：1
2020-12-28 18:03:01:073  电机温度计算完成, 位置标记：1
2020-12-28 18:03:01:076  电机温度计算完成, 位置标记：1
2020-12-28 18:03:01:080  电机温度计算完成, 位置标记：1
2020-12-28 18:03:01:083  电机温度计算完成, 位置标记：1
2020-12-28 18:03:01:087  电机温度计算完成, 位置标记：1
2020-12-28 18:03:01:088  车速为：67.9245位置标记为：1
2020-12-28 18:03:01:109  振动分轮计算完成, 位置标记：1
2020-12-28 18:03:01:446  振动特征值计算完成, 位置标记：1
2020-12-28 18:03:01:495  磁钢信号预处理完成，位置标记：0
2020-12-28 18:03:01:507  温度分轮成功，分轮数尺度为：48
2020-12-28 18:03:01:521  轴承端盖温度特征值计算完成, 位置标记：0
2020-12-28 18:03:01:531  电机温度计算完成, 位置标记：0
2020-12-28 18:03:01:535  电机温度计算完成, 位置标记：0
2020-12-28 18:03:01:538  电机温度计算完成, 位置标记：0
2020-12-28 18:03:01:542  电机温度计算完成, 位置标记：0
2020-12-28 18:03:01:545  电机温度计算完成, 位置标记：0
2020-12-28 18:03:01:548  电机温度计算完成, 位置标记：0
2020-12-28 18:03:01:552  电机温度计算完成, 位置标记：0
2020-12-28 18:03:01:555  电机温度计算完成, 位置标记：0
2020-12-28 18:03:01:556  车速为：67.9245位置标记为：0
2020-12-28 18:03:01:576  振动分轮计算完成, 位置标记：0
2020-12-28 18:03:01:915  振动特征值计算完成, 位置标记：0
2020-12-28 18:07:13:045  磁钢信号预处理完成，位置标记：1
2020-12-28 18:07:13:056  温度分轮成功，分轮数尺度为：48
2020-12-28 18:07:13:069  轴承端盖温度特征值计算完成, 位置标记：1
2020-12-28 18:07:13:079  电机温度计算完成, 位置标记：1
2020-12-28 18:07:13:082  电机温度计算完成, 位置标记：1
2020-12-28 18:07:13:085  电机温度计算完成, 位置标记：1
2020-12-28 18:07:13:089  电机温度计算完成, 位置标记：1
2020-12-28 18:07:13:092  电机温度计算完成, 位置标记：1
2020-12-28 18:07:13:096  电机温度计算完成, 位置标记：1
2020-12-28 18:07:13:099  电机温度计算完成, 位置标记：1
2020-12-28 18:07:13:103  电机温度计算完成, 位置标记：1
2020-12-28 18:07:13:103  车速为：79.0076位置标记为：1
2020-12-28 18:07:13:124  振动分轮计算完成, 位置标记：1
2020-12-28 18:07:13:441  振动特征值计算完成, 位置标记：1
2020-12-28 18:07:13:487  磁钢信号预处理完成，位置标记：0
2020-12-28 18:07:13:498  温度分轮成功，分轮数尺度为：48
2020-12-28 18:07:13:511  轴承端盖温度特征值计算完成, 位置标记：0
2020-12-28 18:07:13:520  电机温度计算完成, 位置标记：0
2020-12-28 18:07:13:524  电机温度计算完成, 位置标记：0
2020-12-28 18:07:13:527  电机温度计算完成, 位置标记：0
2020-12-28 18:07:13:530  电机温度计算完成, 位置标记：0
2020-12-28 18:07:13:534  电机温度计算完成, 位置标记：0
2020-12-28 18:07:13:537  电机温度计算完成, 位置标记：0
2020-12-28 18:07:13:541  电机温度计算完成, 位置标记：0
2020-12-28 18:07:13:544  电机温度计算完成, 位置标记：0
2020-12-28 18:07:13:545  车速为：79.0076位置标记为：0
2020-12-28 18:07:13:566  振动分轮计算完成, 位置标记：0
2020-12-28 18:07:13:903  振动特征值计算完成, 位置标记：0
2020-12-28 18:14:02:185  磁钢信号预处理完成，位置标记：1
2020-12-28 18:14:02:196  温度分轮成功，分轮数尺度为：48
2020-12-28 18:14:02:210  轴承端盖温度特征值计算完成, 位置标记：1
2020-12-28 18:14:02:220  电机温度计算完成, 位置标记：1
2020-12-28 18:14:02:223  电机温度计算完成, 位置标记：1
2020-12-28 18:14:02:227  电机温度计算完成, 位置标记：1
2020-12-28 18:14:02:230  电机温度计算完成, 位置标记：1
2020-12-28 18:14:02:233  电机温度计算完成, 位置标记：1
2020-12-28 18:14:02:237  电机温度计算完成, 位置标记：1
2020-12-28 18:14:02:240  电机温度计算完成, 位置标记：1
2020-12-28 18:14:02:244  电机温度计算完成, 位置标记：1
2020-12-28 18:14:02:245  车速为：79.2344位置标记为：1
2020-12-28 18:14:02:265  振动分轮计算完成, 位置标记：1
2020-12-28 18:14:02:606  振动特征值计算完成, 位置标记：1
2020-12-28 18:14:02:651  磁钢信号预处理完成，位置标记：0
2020-12-28 18:14:02:663  温度分轮成功，分轮数尺度为：48
2020-12-28 18:14:02:676  轴承端盖温度特征值计算完成, 位置标记：0
2020-12-28 18:14:02:686  电机温度计算完成, 位置标记：0
2020-12-28 18:14:02:689  电机温度计算完成, 位置标记：0
2020-12-28 18:14:02:693  电机温度计算完成, 位置标记：0
2020-12-28 18:14:02:696  电机温度计算完成, 位置标记：0
2020-12-28 18:14:02:700  电机温度计算完成, 位置标记：0
2020-12-28 18:14:02:703  电机温度计算完成, 位置标记：0
2020-12-28 18:14:02:707  电机温度计算完成, 位置标记：0
2020-12-28 18:14:02:710  电机温度计算完成, 位置标记：0
2020-12-28 18:14:02:711  车速为：79.2344位置标记为：0
2020-12-28 18:14:02:732  振动分轮计算完成, 位置标记：0
2020-12-28 18:14:03:068  振动特征值计算完成, 位置标记：0
2020-12-28 18:22:10:744  磁钢信号预处理完成，位置标记：1
2020-12-28 18:22:10:756  温度分轮成功，分轮数尺度为：48
2020-12-28 18:22:10:769  轴承端盖温度特征值计算完成, 位置标记：1
2020-12-28 18:22:10:778  电机温度计算完成, 位置标记：1
2020-12-28 18:22:10:782  电机温度计算完成, 位置标记：1
2020-12-28 18:22:10:785  电机温度计算完成, 位置标记：1
2020-12-28 18:22:10:789  电机温度计算完成, 位置标记：1
2020-12-28 18:22:10:793  电机温度计算完成, 位置标记：1
2020-12-28 18:22:10:796  电机温度计算完成, 位置标记：1
2020-12-28 18:22:10:800  电机温度计算完成, 位置标记：1
2020-12-28 18:22:10:803  电机温度计算完成, 位置标记：1
2020-12-28 18:22:10:804  车速为：79.4626位置标记为：1
2020-12-28 18:22:10:825  振动分轮计算完成, 位置标记：1
2020-12-28 18:22:11:157  振动特征值计算完成, 位置标记：1
2020-12-28 18:22:11:204  磁钢信号预处理完成，位置标记：0
2020-12-28 18:22:11:215  温度分轮成功，分轮数尺度为：48
2020-12-28 18:22:11:228  轴承端盖温度特征值计算完成, 位置标记：0
2020-12-28 18:22:11:238  电机温度计算完成, 位置标记：0
2020-12-28 18:22:11:241  电机温度计算完成, 位置标记：0
2020-12-28 18:22:11:244  电机温度计算完成, 位置标记：0
2020-12-28 18:22:11:248  电机温度计算完成, 位置标记：0
2020-12-28 18:22:11:251  电机温度计算完成, 位置标记：0
2020-12-28 18:22:11:255  电机温度计算完成, 位置标记：0
2020-12-28 18:22:11:258  电机温度计算完成, 位置标记：0
2020-12-28 18:22:11:261  电机温度计算完成, 位置标记：0
2020-12-28 18:22:11:262  车速为：79.4626位置标记为：0
2020-12-28 18:22:11:282  振动分轮计算完成, 位置标记：0
2020-12-28 18:22:11:621  振动特征值计算完成, 位置标记：0
2020-12-28 18:30:31:092  磁钢信号预处理完成，位置标记：1
2020-12-28 18:30:31:103  温度分轮成功，分轮数尺度为：48
2020-12-28 18:30:31:116  轴承端盖温度特征值计算完成, 位置标记：1
2020-12-28 18:30:31:125  电机温度计算完成, 位置标记：1
2020-12-28 18:30:31:129  电机温度计算完成, 位置标记：1
2020-12-28 18:30:31:133  电机温度计算完成, 位置标记：1
2020-12-28 18:30:31:136  电机温度计算完成, 位置标记：1
2020-12-28 18:30:31:140  电机温度计算完成, 位置标记：1
2020-12-28 18:30:31:143  电机温度计算完成, 位置标记：1
2020-12-28 18:30:31:147  电机温度计算完成, 位置标记：1
2020-12-28 18:30:31:151  电机温度计算完成, 位置标记：1
2020-12-28 18:30:31:151  车速为：79.4626位置标记为：1
2020-12-28 18:30:31:172  振动分轮计算完成, 位置标记：1
2020-12-28 18:30:31:485  振动特征值计算完成, 位置标记：1
2020-12-28 18:30:31:525  磁钢信号预处理完成，位置标记：0
2020-12-28 18:30:31:534  温度分轮成功，分轮数尺度为：48
2020-12-28 18:30:31:545  轴承端盖温度特征值计算完成, 位置标记：0
2020-12-28 18:30:31:554  电机温度计算完成, 位置标记：0
2020-12-28 18:30:31:557  电机温度计算完成, 位置标记：0
2020-12-28 18:30:31:561  电机温度计算完成, 位置标记：0
2020-12-28 18:30:31:564  电机温度计算完成, 位置标记：0
2020-12-28 18:30:31:567  电机温度计算完成, 位置标记：0
2020-12-28 18:30:31:571  电机温度计算完成, 位置标记：0
2020-12-28 18:30:31:574  电机温度计算完成, 位置标记：0
2020-12-28 18:30:31:578  电机温度计算完成, 位置标记：0
2020-12-28 18:30:31:579  车速为：79.4626位置标记为：0
2020-12-28 18:30:31:599  振动分轮计算完成, 位置标记：0
2020-12-28 18:30:31:941  振动特征值计算完成, 位置标记：0
2020-12-28 18:36:06:089  磁钢信号预处理完成，位置标记：1
2020-12-28 18:36:06:100  温度分轮成功，分轮数尺度为：48
2020-12-28 18:36:06:115  轴承端盖温度特征值计算完成, 位置标记：1
2020-12-28 18:36:06:126  电机温度计算完成, 位置标记：1
2020-12-28 18:36:06:129  电机温度计算完成, 位置标记：1
2020-12-28 18:36:06:133  电机温度计算完成, 位置标记：1
2020-12-28 18:36:06:137  电机温度计算完成, 位置标记：1
2020-12-28 18:36:06:140  电机温度计算完成, 位置标记：1
2020-12-28 18:36:06:143  电机温度计算完成, 位置标记：1
2020-12-28 18:36:06:147  电机温度计算完成, 位置标记：1
2020-12-28 18:36:06:150  电机温度计算完成, 位置标记：1
2020-12-28 18:36:06:151  车速为：69.8145位置标记为：1
2020-12-28 18:36:06:172  振动分轮计算完成, 位置标记：1
2020-12-28 18:36:06:486  振动特征值计算完成, 位置标记：1
2020-12-28 18:36:06:529  磁钢信号预处理完成，位置标记：0
2020-12-28 18:36:06:540  温度分轮成功，分轮数尺度为：48
2020-12-28 18:36:06:554  轴承端盖温度特征值计算完成, 位置标记：0
2020-12-28 18:36:06:565  电机温度计算完成, 位置标记：0
2020-12-28 18:36:06:568  电机温度计算完成, 位置标记：0
2020-12-28 18:36:06:572  电机温度计算完成, 位置标记：0
2020-12-28 18:36:06:575  电机温度计算完成, 位置标记：0
2020-12-28 18:36:06:578  电机温度计算完成, 位置标记：0
2020-12-28 18:36:06:582  电机温度计算完成, 位置标记：0
2020-12-28 18:36:06:585  电机温度计算完成, 位置标记：0
2020-12-28 18:36:06:588  电机温度计算完成, 位置标记：0
2020-12-28 18:36:06:589  车速为：69.8145位置标记为：0
2020-12-28 18:36:06:610  振动分轮计算完成, 位置标记：0
2020-12-28 18:36:06:935  振动特征值计算完成, 位置标记：0
2020-12-28 18:40:28:457  磁钢信号预处理完成，位置标记：1
2020-12-28 18:40:28:468  温度分轮成功，分轮数尺度为：48
2020-12-28 18:40:28:480  轴承端盖温度特征值计算完成, 位置标记：1
2020-12-28 18:40:28:489  电机温度计算完成, 位置标记：1
2020-12-28 18:40:28:493  电机温度计算完成, 位置标记：1
2020-12-28 18:40:28:496  电机温度计算完成, 位置标记：1
2020-12-28 18:40:28:499  电机温度计算完成, 位置标记：1
2020-12-28 18:40:28:503  电机温度计算完成, 位置标记：1
2020-12-28 18:40:28:506  电机温度计算完成, 位置标记：1
2020-12-28 18:40:28:510  电机温度计算完成, 位置标记：1
2020-12-28 18:40:28:513  电机温度计算完成, 位置标记：1
2020-12-28 18:40:28:514  车速为：79.4626位置标记为：1
2020-12-28 18:40:28:534  振动分轮计算完成, 位置标记：1
2020-12-28 18:40:28:869  振动特征值计算完成, 位置标记：1
2020-12-28 18:40:28:916  磁钢信号预处理完成，位置标记：0
2020-12-28 18:40:28:927  温度分轮成功，分轮数尺度为：48
2020-12-28 18:40:28:940  轴承端盖温度特征值计算完成, 位置标记：0
2020-12-28 18:40:28:949  电机温度计算完成, 位置标记：0
2020-12-28 18:40:28:952  电机温度计算完成, 位置标记：0
2020-12-28 18:40:28:955  电机温度计算完成, 位置标记：0
2020-12-28 18:40:28:959  电机温度计算完成, 位置标记：0
2020-12-28 18:40:28:962  电机温度计算完成, 位置标记：0
2020-12-28 18:40:28:966  电机温度计算完成, 位置标记：0
2020-12-28 18:40:28:969  电机温度计算完成, 位置标记：0
2020-12-28 18:40:28:973  电机温度计算完成, 位置标记：0
2020-12-28 18:40:28:973  车速为：79.4626位置标记为：0
2020-12-28 18:40:28:994  振动分轮计算完成, 位置标记：0
2020-12-28 18:40:29:329  振动特征值计算完成, 位置标记：0
2020-12-28 18:46:34:040  磁钢信号预处理完成，位置标记：1
2020-12-28 18:46:34:051  温度分轮成功，分轮数尺度为：48
2020-12-28 18:46:34:066  轴承端盖温度特征值计算完成, 位置标记：1
2020-12-28 18:46:34:075  电机温度计算完成, 位置标记：1
2020-12-28 18:46:34:079  电机温度计算完成, 位置标记：1
2020-12-28 18:46:34:082  电机温度计算完成, 位置标记：1
2020-12-28 18:46:34:085  电机温度计算完成, 位置标记：1
2020-12-28 18:46:34:089  电机温度计算完成, 位置标记：1
2020-12-28 18:46:34:092  电机温度计算完成, 位置标记：1
2020-12-28 18:46:34:096  电机温度计算完成, 位置标记：1
2020-12-28 18:46:34:099  电机温度计算完成, 位置标记：1
2020-12-28 18:46:34:100  车速为：79.3864位置标记为：1
2020-12-28 18:46:34:121  振动分轮计算完成, 位置标记：1
2020-12-28 18:46:34:455  振动特征值计算完成, 位置标记：1
2020-12-28 18:46:34:501  磁钢信号预处理完成，位置标记：0
2020-12-28 18:46:34:512  温度分轮成功，分轮数尺度为：48
2020-12-28 18:46:34:525  轴承端盖温度特征值计算完成, 位置标记：0
2020-12-28 18:46:34:534  电机温度计算完成, 位置标记：0
2020-12-28 18:46:34:538  电机温度计算完成, 位置标记：0
2020-12-28 18:46:34:541  电机温度计算完成, 位置标记：0
2020-12-28 18:46:34:545  电机温度计算完成, 位置标记：0
2020-12-28 18:46:34:549  电机温度计算完成, 位置标记：0
2020-12-28 18:46:34:552  电机温度计算完成, 位置标记：0
2020-12-28 18:46:34:556  电机温度计算完成, 位置标记：0
2020-12-28 18:46:34:559  电机温度计算完成, 位置标记：0
2020-12-28 18:46:34:560  车速为：79.3864位置标记为：0
2020-12-28 18:46:34:581  振动分轮计算完成, 位置标记：0
2020-12-28 18:46:34:917  振动特征值计算完成, 位置标记：0
2020-12-28 18:55:34:259  磁钢信号预处理完成，位置标记：1
2020-12-28 18:55:34:271  温度分轮成功，分轮数尺度为：48
2020-12-28 18:55:34:285  轴承端盖温度特征值计算完成, 位置标记：1
2020-12-28 18:55:34:294  电机温度计算完成, 位置标记：1
2020-12-28 18:55:34:298  电机温度计算完成, 位置标记：1
2020-12-28 18:55:34:301  电机温度计算完成, 位置标记：1
2020-12-28 18:55:34:305  电机温度计算完成, 位置标记：1
2020-12-28 18:55:34:309  电机温度计算完成, 位置标记：1
2020-12-28 18:55:34:312  电机温度计算完成, 位置标记：1
2020-12-28 18:55:34:316  电机温度计算完成, 位置标记：1
2020-12-28 18:55:34:319  电机温度计算完成, 位置标记：1
2020-12-28 18:55:34:320  车速为：79.1587位置标记为：1
2020-12-28 18:55:34:341  振动分轮计算完成, 位置标记：1
2020-12-28 18:55:34:675  振动特征值计算完成, 位置标记：1
2020-12-28 18:55:34:720  磁钢信号预处理完成，位置标记：0
2020-12-28 18:55:34:732  温度分轮成功，分轮数尺度为：48
2020-12-28 18:55:34:745  轴承端盖温度特征值计算完成, 位置标记：0
2020-12-28 18:55:34:754  电机温度计算完成, 位置标记：0
2020-12-28 18:55:34:758  电机温度计算完成, 位置标记：0
2020-12-28 18:55:34:762  电机温度计算完成, 位置标记：0
2020-12-28 18:55:34:765  电机温度计算完成, 位置标记：0
2020-12-28 18:55:34:769  电机温度计算完成, 位置标记：0
2020-12-28 18:55:34:772  电机温度计算完成, 位置标记：0
2020-12-28 18:55:34:776  电机温度计算完成, 位置标记：0
2020-12-28 18:55:34:779  电机温度计算完成, 位置标记：0
2020-12-28 18:55:34:781  车速为：79.1587位置标记为：0
2020-12-28 18:55:34:802  振动分轮计算完成, 位置标记：0
2020-12-28 18:55:35:141  振动特征值计算完成, 位置标记：0
