2020-12-27 09:15:59:884  磁钢信号预处理完成，位置标记：1
2020-12-27 09:15:59:898  温度分轮成功，分轮数尺度为：48
2020-12-27 09:15:59:900  轴承端盖温度特征值计算完成, 位置标记：1
2020-12-27 09:15:59:904  电机温度计算完成, 位置标记：1
2020-12-27 09:15:59:906  电机温度计算完成, 位置标记：1
2020-12-27 09:15:59:908  电机温度计算完成, 位置标记：1
2020-12-27 09:15:59:910  电机温度计算完成, 位置标记：1
2020-12-27 09:15:59:912  电机温度计算完成, 位置标记：1
2020-12-27 09:15:59:914  电机温度计算完成, 位置标记：1
2020-12-27 09:15:59:916  电机温度计算完成, 位置标记：1
2020-12-27 09:15:59:918  电机温度计算完成, 位置标记：1
2020-12-27 09:15:59:918  车速为：36.6859位置标记为：1
2020-12-27 09:15:59:944  振动分轮计算完成, 位置标记：1
2020-12-27 09:16:00:166  振动特征值计算完成, 位置标记：1
2020-12-27 09:16:00:244  磁钢信号预处理完成，位置标记：0
2020-12-27 09:16:00:259  温度分轮成功，分轮数尺度为：48
2020-12-27 09:16:00:261  轴承端盖温度特征值计算完成, 位置标记：0
2020-12-27 09:16:00:263  电机温度计算完成, 位置标记：0
2020-12-27 09:16:00:267  电机温度计算完成, 位置标记：0
2020-12-27 09:16:00:269  电机温度计算完成, 位置标记：0
2020-12-27 09:16:00:271  电机温度计算完成, 位置标记：0
2020-12-27 09:16:00:272  电机温度计算完成, 位置标记：0
2020-12-27 09:16:00:275  电机温度计算完成, 位置标记：0
2020-12-27 09:16:00:277  电机温度计算完成, 位置标记：0
2020-12-27 09:16:00:277  电机温度计算完成, 位置标记：0
2020-12-27 09:16:00:279  车速为：36.6859位置标记为：0
2020-12-27 09:16:00:305  振动分轮计算完成, 位置标记：0
2020-12-27 09:16:00:473  振动特征值计算完成, 位置标记：0
2020-12-27 09:29:12:372  磁钢信号预处理完成，位置标记：1
2020-12-27 09:29:12:386  温度分轮成功，分轮数尺度为：48
2020-12-27 09:29:12:400  轴承端盖温度特征值计算完成, 位置标记：1
2020-12-27 09:29:12:412  电机温度计算完成, 位置标记：1
2020-12-27 09:29:12:414  电机温度计算完成, 位置标记：1
2020-12-27 09:29:12:416  电机温度计算完成, 位置标记：1
2020-12-27 09:29:12:416  电机温度计算完成, 位置标记：1
2020-12-27 09:29:12:418  电机温度计算完成, 位置标记：1
2020-12-27 09:29:12:420  电机温度计算完成, 位置标记：1
2020-12-27 09:29:12:422  电机温度计算完成, 位置标记：1
2020-12-27 09:29:12:424  电机温度计算完成, 位置标记：1
2020-12-27 09:29:12:424  车速为：43.8559位置标记为：1
2020-12-27 09:29:12:450  振动分轮计算完成, 位置标记：1
2020-12-27 09:29:12:594  振动特征值计算完成, 位置标记：1
2020-12-27 09:29:12:656  磁钢信号预处理完成，位置标记：0
2020-12-27 09:29:12:672  温度分轮成功，分轮数尺度为：48
2020-12-27 09:29:12:684  轴承端盖温度特征值计算完成, 位置标记：0
2020-12-27 09:29:12:696  电机温度计算完成, 位置标记：0
2020-12-27 09:29:12:698  电机温度计算完成, 位置标记：0
2020-12-27 09:29:12:701  电机温度计算完成, 位置标记：0
2020-12-27 09:29:12:703  电机温度计算完成, 位置标记：0
2020-12-27 09:29:12:705  电机温度计算完成, 位置标记：0
2020-12-27 09:29:12:707  电机温度计算完成, 位置标记：0
2020-12-27 09:29:12:709  电机温度计算完成, 位置标记：0
2020-12-27 09:29:12:713  电机温度计算完成, 位置标记：0
2020-12-27 09:29:12:713  车速为：43.8559位置标记为：0
2020-12-27 09:29:12:751  振动分轮计算完成, 位置标记：0
2020-12-27 09:29:12:958  振动特征值计算完成, 位置标记：0
2020-12-27 09:35:57:623  磁钢信号预处理完成，位置标记：1
2020-12-27 09:35:57:643  温度分轮成功，分轮数尺度为：48
2020-12-27 09:35:57:666  轴承端盖温度特征值计算完成, 位置标记：1
2020-12-27 09:35:57:687  电机温度计算完成, 位置标记：1
2020-12-27 09:35:57:690  电机温度计算完成, 位置标记：1
2020-12-27 09:35:57:693  电机温度计算完成, 位置标记：1
2020-12-27 09:35:57:696  电机温度计算完成, 位置标记：1
2020-12-27 09:35:57:699  电机温度计算完成, 位置标记：1
2020-12-27 09:35:57:701  电机温度计算完成, 位置标记：1
2020-12-27 09:35:57:704  电机温度计算完成, 位置标记：1
2020-12-27 09:35:57:706  电机温度计算完成, 位置标记：1
2020-12-27 09:35:57:708  车速为：36.7673位置标记为：1
2020-12-27 09:35:57:744  振动分轮计算完成, 位置标记：1
2020-12-27 09:35:57:956  振动特征值计算完成, 位置标记：1
2020-12-27 09:35:58:034  磁钢信号预处理完成，位置标记：0
2020-12-27 09:35:58:054  温度分轮成功，分轮数尺度为：48
2020-12-27 09:35:58:076  轴承端盖温度特征值计算完成, 位置标记：0
2020-12-27 09:35:58:096  电机温度计算完成, 位置标记：0
2020-12-27 09:35:58:100  电机温度计算完成, 位置标记：0
2020-12-27 09:35:58:102  电机温度计算完成, 位置标记：0
2020-12-27 09:35:58:106  电机温度计算完成, 位置标记：0
2020-12-27 09:35:58:108  电机温度计算完成, 位置标记：0
2020-12-27 09:35:58:110  电机温度计算完成, 位置标记：0
2020-12-27 09:35:58:114  电机温度计算完成, 位置标记：0
2020-12-27 09:35:58:116  电机温度计算完成, 位置标记：0
2020-12-27 09:35:58:118  车速为：36.7673位置标记为：0
2020-12-27 09:35:58:154  振动分轮计算完成, 位置标记：0
2020-12-27 09:35:58:372  振动特征值计算完成, 位置标记：0
2020-12-27 09:47:37:764  磁钢信号预处理完成，位置标记：1
2020-12-27 09:47:37:772  温度分轮成功，分轮数尺度为：48
2020-12-27 09:47:37:790  轴承端盖温度特征值计算完成, 位置标记：1
2020-12-27 09:47:37:806  电机温度计算完成, 位置标记：1
2020-12-27 09:47:37:808  电机温度计算完成, 位置标记：1
2020-12-27 09:47:37:812  电机温度计算完成, 位置标记：1
2020-12-27 09:47:37:814  电机温度计算完成, 位置标记：1
2020-12-27 09:47:37:816  电机温度计算完成, 位置标记：1
2020-12-27 09:47:37:818  电机温度计算完成, 位置标记：1
2020-12-27 09:47:37:820  电机温度计算完成, 位置标记：1
2020-12-27 09:47:37:822  电机温度计算完成, 位置标记：1
2020-12-27 09:47:37:822  车速为：43.8792位置标记为：1
2020-12-27 09:47:37:834  振动分轮计算完成, 位置标记：1
2020-12-27 09:47:38:026  振动特征值计算完成, 位置标记：1
2020-12-27 09:47:38:060  磁钢信号预处理完成，位置标记：0
2020-12-27 09:47:38:066  温度分轮成功，分轮数尺度为：48
2020-12-27 09:47:38:082  轴承端盖温度特征值计算完成, 位置标记：0
2020-12-27 09:47:38:100  电机温度计算完成, 位置标记：0
2020-12-27 09:47:38:102  电机温度计算完成, 位置标记：0
2020-12-27 09:47:38:106  电机温度计算完成, 位置标记：0
2020-12-27 09:47:38:108  电机温度计算完成, 位置标记：0
2020-12-27 09:47:38:110  电机温度计算完成, 位置标记：0
2020-12-27 09:47:38:112  电机温度计算完成, 位置标记：0
2020-12-27 09:47:38:112  电机温度计算完成, 位置标记：0
2020-12-27 09:47:38:114  电机温度计算完成, 位置标记：0
2020-12-27 09:47:38:116  车速为：43.8792位置标记为：0
2020-12-27 09:47:38:126  振动分轮计算完成, 位置标记：0
2020-12-27 09:47:38:270  振动特征值计算完成, 位置标记：0
