2022-07-21 23:05:40:950  本地IP：127.0.0.1
2022-07-21 23:05:40:963  本地端口号：4500
2022-07-21 23:05:41:004  通讯模块设置成功
2022-07-21 23:05:41:017  综合数据盒连接IP：192.168.1.198
2022-07-21 23:05:41:019  正在打开设备...
2022-07-21 23:06:02:038  创建连接出现异常，错误代码为：-6
2022-07-21 23:06:02:040  同步采集仪设置异常
2022-07-21 23:06:02:043  采集仪增益设置异常
2022-07-21 23:09:28:180  正在读取检测数据...
2022-07-21 23:09:28:205  存在数据为空，请检查数据源
2022-07-21 23:09:33:933  正在读取检测数据...
2022-07-21 23:09:38:944  开始处理数据
2022-07-21 23:09:39:255  右侧计算完成
2022-07-21 23:09:39:485  左侧计算完成
2022-07-21 23:09:39:486  检查结果数据
2022-07-21 23:09:39:488  通知桌面显示数据
2022-07-21 23:09:39:525  开始写入数据库
2022-07-21 23:09:39:826  预警及报警参数加载完成
2022-07-21 23:09:39:829  数据库打开成功
2022-07-21 23:09:39:834  train_info数据表写入成功
2022-07-21 23:09:39:836  train_onlyid读取成功
2022-07-21 23:09:39:838  train_data数据表写入成功
2022-07-21 23:09:39:840  train_fault数据表写入1、1成功
2022-07-21 23:09:39:842  vt_info数据表，第0次写入成功
2022-07-21 23:09:39:845  vt_info数据表，第1次写入成功
2022-07-21 23:09:39:847  vt_info数据表，第2次写入成功
2022-07-21 23:09:39:849  vt_info数据表，第3次写入成功
2022-07-21 23:09:39:851  vt_info数据表，第4次写入成功
2022-07-21 23:09:39:852  vt_info数据表，第5次写入成功
2022-07-21 23:09:39:854  vt_info数据表，第6次写入成功
2022-07-21 23:09:39:856  vt_info数据表，第7次写入成功
2022-07-21 23:09:39:857  vt_info数据表，第8次写入成功
2022-07-21 23:09:39:859  vt_info数据表，第9次写入成功
2022-07-21 23:09:39:861  vt_info数据表，第10次写入成功
2022-07-21 23:09:39:863  vt_info数据表，第11次写入成功
2022-07-21 23:09:39:866  vt_info数据表，第12次写入成功
2022-07-21 23:09:39:870  vt_info数据表，第13次写入成功
2022-07-21 23:09:39:872  vt_info数据表，第14次写入成功
2022-07-21 23:09:39:874  vt_info数据表，第15次写入成功
2022-07-21 23:09:39:991  vt_info数据表，第16次写入成功
2022-07-21 23:09:39:994  vt_info数据表，第17次写入成功
2022-07-21 23:09:39:996  vt_info数据表，第18次写入成功
2022-07-21 23:09:39:998  vt_info数据表，第19次写入成功
2022-07-21 23:09:40:000  vt_info数据表，第20次写入成功
2022-07-21 23:09:40:003  vt_info数据表，第21次写入成功
2022-07-21 23:09:40:005  vt_info数据表，第22次写入成功
2022-07-21 23:09:40:007  vt_info数据表，第23次写入成功
2022-07-21 23:09:40:009  vt_info数据表，第24次写入成功
2022-07-21 23:09:40:013  vt_info数据表，第25次写入成功
2022-07-21 23:09:40:015  vt_info数据表，第26次写入成功
2022-07-21 23:09:40:017  vt_info数据表，第27次写入成功
2022-07-21 23:09:40:022  vt_info数据表，第28次写入成功
2022-07-21 23:09:40:025  vt_info数据表，第29次写入成功
2022-07-21 23:09:40:028  vt_info数据表，第30次写入成功
2022-07-21 23:09:40:031  vt_info数据表，第31次写入成功
2022-07-21 23:09:40:034  vt_info数据表，第32次写入成功
2022-07-21 23:09:40:036  vt_info数据表，第33次写入成功
2022-07-21 23:09:40:039  vt_info数据表，第34次写入成功
2022-07-21 23:09:40:042  vt_info数据表，第35次写入成功
2022-07-21 23:09:40:048  vt_info数据表，第36次写入成功
2022-07-21 23:09:40:050  vt_info数据表，第37次写入成功
2022-07-21 23:09:40:052  vt_info数据表，第38次写入成功
2022-07-21 23:09:40:057  vt_info数据表，第39次写入成功
2022-07-21 23:09:40:061  vt_info数据表，第40次写入成功
2022-07-21 23:09:40:071  vt_info数据表，第41次写入成功
2022-07-21 23:09:40:074  vt_info数据表，第42次写入成功
2022-07-21 23:09:40:082  vt_info数据表，第43次写入成功
2022-07-21 23:09:40:122  vt_info数据表，第44次写入成功
2022-07-21 23:09:40:126  vt_info数据表，第45次写入成功
2022-07-21 23:09:40:131  vt_info数据表，第46次写入成功
2022-07-21 23:09:40:134  vt_info数据表，第47次写入成功
2022-07-21 23:09:40:137  motor_info数据表，第0次写入成功
2022-07-21 23:09:40:144  motor_info数据表，第1次写入成功
2022-07-21 23:09:40:150  motor_info数据表，第2次写入成功
2022-07-21 23:09:40:153  motor_info数据表，第3次写入成功
2022-07-21 23:09:40:161  motor_info数据表，第4次写入成功
2022-07-21 23:09:40:168  motor_info数据表，第5次写入成功
2022-07-21 23:09:40:177  motor_info数据表，第6次写入成功
2022-07-21 23:09:40:196  motor_info数据表，第7次写入成功
2022-07-21 23:09:40:206  motor_info数据表，第8次写入成功
2022-07-21 23:09:40:210  motor_info数据表，第9次写入成功
2022-07-21 23:09:40:212  motor_info数据表，第10次写入成功
2022-07-21 23:09:40:215  motor_info数据表，第11次写入成功
2022-07-21 23:09:40:357  motor_info数据表，第12次写入成功
2022-07-21 23:09:40:359  motor_info数据表，第13次写入成功
2022-07-21 23:09:40:378  motor_info数据表，第14次写入成功
2022-07-21 23:09:40:380  motor_info数据表，第15次写入成功
2022-07-21 23:09:40:398  数据库关闭！
2022-07-21 23:10:24:168  正在读取检测数据...
2022-07-21 23:10:24:208  存在数据为空，请检查数据源
2022-07-21 23:11:05:661  正在读取检测数据...
2022-07-21 23:11:11:171  开始处理数据
2022-07-21 23:11:11:576  右侧计算完成
2022-07-21 23:11:11:847  左侧计算完成
2022-07-21 23:11:11:850  检查结果数据
2022-07-21 23:11:11:853  通知桌面显示数据
2022-07-21 23:11:11:866  开始写入数据库
2022-07-21 23:11:12:019  预警及报警参数加载完成
2022-07-21 23:11:12:022  数据库打开成功
2022-07-21 23:11:12:045  train_info数据表写入成功
2022-07-21 23:11:12:047  train_onlyid读取成功
2022-07-21 23:11:12:049  train_data数据表写入成功
2022-07-21 23:11:12:082  train_fault数据表写入1、1成功
2022-07-21 23:11:12:084  vt_info数据表，第0次写入成功
2022-07-21 23:11:12:086  vt_info数据表，第1次写入成功
2022-07-21 23:11:12:088  vt_info数据表，第2次写入成功
2022-07-21 23:11:12:088  vt_info数据表，第3次写入成功
2022-07-21 23:11:12:090  vt_info数据表，第4次写入成功
2022-07-21 23:11:12:116  vt_info数据表，第5次写入成功
2022-07-21 23:11:12:118  vt_info数据表，第6次写入成功
2022-07-21 23:11:12:121  vt_info数据表，第7次写入成功
2022-07-21 23:11:12:123  vt_info数据表，第8次写入成功
2022-07-21 23:11:12:139  vt_info数据表，第9次写入成功
2022-07-21 23:11:12:141  vt_info数据表，第10次写入成功
2022-07-21 23:11:12:145  vt_info数据表，第11次写入成功
2022-07-21 23:11:12:147  vt_info数据表，第12次写入成功
2022-07-21 23:11:12:149  vt_info数据表，第13次写入成功
2022-07-21 23:11:12:172  vt_info数据表，第14次写入成功
2022-07-21 23:11:12:174  vt_info数据表，第15次写入成功
2022-07-21 23:11:12:177  vt_info数据表，第16次写入成功
2022-07-21 23:11:12:180  vt_info数据表，第17次写入成功
2022-07-21 23:11:12:182  vt_info数据表，第18次写入成功
2022-07-21 23:11:12:196  vt_info数据表，第19次写入成功
2022-07-21 23:11:12:199  vt_info数据表，第20次写入成功
2022-07-21 23:11:12:202  vt_info数据表，第21次写入成功
2022-07-21 23:11:12:206  vt_info数据表，第22次写入成功
2022-07-21 23:11:12:229  vt_info数据表，第23次写入成功
2022-07-21 23:11:12:231  vt_info数据表，第24次写入成功
2022-07-21 23:11:12:233  vt_info数据表，第25次写入成功
2022-07-21 23:11:12:234  vt_info数据表，第26次写入成功
2022-07-21 23:11:12:252  vt_info数据表，第27次写入成功
2022-07-21 23:11:12:255  vt_info数据表，第28次写入成功
2022-07-21 23:11:12:258  vt_info数据表，第29次写入成功
2022-07-21 23:11:12:261  vt_info数据表，第30次写入成功
2022-07-21 23:11:12:282  vt_info数据表，第31次写入成功
2022-07-21 23:11:12:285  vt_info数据表，第32次写入成功
2022-07-21 23:11:12:287  vt_info数据表，第33次写入成功
2022-07-21 23:11:12:289  vt_info数据表，第34次写入成功
2022-07-21 23:11:12:291  vt_info数据表，第35次写入成功
2022-07-21 23:11:12:310  vt_info数据表，第36次写入成功
2022-07-21 23:11:12:322  vt_info数据表，第37次写入成功
2022-07-21 23:11:12:325  vt_info数据表，第38次写入成功
2022-07-21 23:11:12:329  vt_info数据表，第39次写入成功
2022-07-21 23:11:12:331  vt_info数据表，第40次写入成功
2022-07-21 23:11:12:347  vt_info数据表，第41次写入成功
2022-07-21 23:11:12:349  vt_info数据表，第42次写入成功
2022-07-21 23:11:12:354  vt_info数据表，第43次写入成功
2022-07-21 23:11:12:356  vt_info数据表，第44次写入成功
2022-07-21 23:11:12:358  vt_info数据表，第45次写入成功
2022-07-21 23:11:12:365  vt_info数据表，第46次写入成功
2022-07-21 23:11:12:383  vt_info数据表，第47次写入成功
2022-07-21 23:11:12:385  motor_info数据表，第0次写入成功
2022-07-21 23:11:12:388  motor_info数据表，第1次写入成功
2022-07-21 23:11:12:390  motor_info数据表，第2次写入成功
2022-07-21 23:11:12:392  motor_info数据表，第3次写入成功
2022-07-21 23:11:12:395  motor_info数据表，第4次写入成功
2022-07-21 23:11:12:422  motor_info数据表，第5次写入成功
2022-07-21 23:11:12:424  motor_info数据表，第6次写入成功
2022-07-21 23:11:12:427  motor_info数据表，第7次写入成功
2022-07-21 23:11:12:430  motor_info数据表，第8次写入成功
2022-07-21 23:11:12:431  motor_info数据表，第9次写入成功
2022-07-21 23:11:12:433  motor_info数据表，第10次写入成功
2022-07-21 23:11:12:449  motor_info数据表，第11次写入成功
2022-07-21 23:11:12:454  motor_info数据表，第12次写入成功
2022-07-21 23:11:12:457  motor_info数据表，第13次写入成功
2022-07-21 23:11:12:460  motor_info数据表，第14次写入成功
2022-07-21 23:11:12:463  motor_info数据表，第15次写入成功
2022-07-21 23:11:12:465  数据库关闭！
2022-07-21 23:11:27:982  本地IP：127.0.0.1
2022-07-21 23:11:27:992  本地端口号：4500
2022-07-21 23:11:28:029  通讯模块设置成功
2022-07-21 23:11:28:042  综合数据盒连接IP：192.168.1.198
2022-07-21 23:11:28:044  正在打开设备...
2022-07-21 23:11:41:386  正在读取检测数据...
2022-07-21 23:11:47:080  开始处理数据
2022-07-21 23:11:47:373  右侧计算完成
2022-07-21 23:11:47:596  左侧计算完成
2022-07-21 23:11:47:597  检查结果数据
2022-07-21 23:11:47:601  通知桌面显示数据
2022-07-21 23:11:47:678  开始写入数据库
2022-07-21 23:11:47:964  预警及报警参数加载完成
2022-07-21 23:11:47:966  数据库打开成功
2022-07-21 23:11:47:969  train_info数据表写入成功
2022-07-21 23:11:47:971  train_onlyid读取成功
2022-07-21 23:11:47:973  train_data数据表写入成功
2022-07-21 23:11:47:975  train_fault数据表写入1、1成功
2022-07-21 23:11:47:978  train_fault数据表写入3、1成功
2022-07-21 23:11:47:982  vt_info数据表，第0次写入成功
2022-07-21 23:11:47:983  vt_info数据表，第1次写入成功
2022-07-21 23:11:47:987  vt_info数据表，第2次写入成功
2022-07-21 23:11:47:991  vt_info数据表，第3次写入成功
2022-07-21 23:11:47:996  vt_info数据表，第4次写入成功
2022-07-21 23:11:47:999  vt_info数据表，第5次写入成功
2022-07-21 23:11:48:002  vt_info数据表，第6次写入成功
2022-07-21 23:11:48:020  vt_info数据表，第7次写入成功
2022-07-21 23:11:48:023  vt_info数据表，第8次写入成功
2022-07-21 23:11:48:025  vt_info数据表，第9次写入成功
2022-07-21 23:11:48:029  vt_info数据表，第10次写入成功
2022-07-21 23:11:48:034  vt_info数据表，第11次写入成功
2022-07-21 23:11:48:204  vt_info数据表，第12次写入成功
2022-07-21 23:11:48:207  vt_info数据表，第13次写入成功
2022-07-21 23:11:48:209  vt_info数据表，第14次写入成功
2022-07-21 23:11:48:212  vt_info数据表，第15次写入成功
2022-07-21 23:11:48:215  vt_info数据表，第16次写入成功
2022-07-21 23:11:48:217  vt_info数据表，第17次写入成功
2022-07-21 23:11:48:219  vt_info数据表，第18次写入成功
2022-07-21 23:11:48:221  vt_info数据表，第19次写入成功
2022-07-21 23:11:48:223  vt_info数据表，第20次写入成功
2022-07-21 23:11:48:225  vt_info数据表，第21次写入成功
2022-07-21 23:11:48:228  vt_info数据表，第22次写入成功
2022-07-21 23:11:48:231  vt_info数据表，第23次写入成功
2022-07-21 23:11:48:235  vt_info数据表，第24次写入成功
2022-07-21 23:11:48:239  vt_info数据表，第25次写入成功
2022-07-21 23:11:48:246  vt_info数据表，第26次写入成功
2022-07-21 23:11:48:250  vt_info数据表，第27次写入成功
2022-07-21 23:11:48:254  vt_info数据表，第28次写入成功
2022-07-21 23:11:48:259  vt_info数据表，第29次写入成功
2022-07-21 23:11:48:261  vt_info数据表，第30次写入成功
2022-07-21 23:11:48:264  vt_info数据表，第31次写入成功
2022-07-21 23:11:48:268  vt_info数据表，第32次写入成功
2022-07-21 23:11:48:270  vt_info数据表，第33次写入成功
2022-07-21 23:11:48:272  vt_info数据表，第34次写入成功
2022-07-21 23:11:48:277  vt_info数据表，第35次写入成功
2022-07-21 23:11:48:279  vt_info数据表，第36次写入成功
2022-07-21 23:11:48:307  vt_info数据表，第37次写入成功
2022-07-21 23:11:48:309  vt_info数据表，第38次写入成功
2022-07-21 23:11:48:311  vt_info数据表，第39次写入成功
2022-07-21 23:11:48:313  vt_info数据表，第40次写入成功
2022-07-21 23:11:48:315  vt_info数据表，第41次写入成功
2022-07-21 23:11:48:316  vt_info数据表，第42次写入成功
2022-07-21 23:11:48:318  vt_info数据表，第43次写入成功
2022-07-21 23:11:48:320  vt_info数据表，第44次写入成功
2022-07-21 23:11:48:322  vt_info数据表，第45次写入成功
2022-07-21 23:11:48:323  vt_info数据表，第46次写入成功
2022-07-21 23:11:48:325  vt_info数据表，第47次写入成功
2022-07-21 23:11:48:348  motor_info数据表，第0次写入成功
2022-07-21 23:11:48:350  motor_info数据表，第1次写入成功
2022-07-21 23:11:48:352  motor_info数据表，第2次写入成功
2022-07-21 23:11:48:369  motor_info数据表，第3次写入成功
2022-07-21 23:11:48:371  motor_info数据表，第4次写入成功
2022-07-21 23:11:48:374  motor_info数据表，第5次写入成功
2022-07-21 23:11:48:377  motor_info数据表，第6次写入成功
2022-07-21 23:11:48:395  motor_info数据表，第7次写入成功
2022-07-21 23:11:48:398  motor_info数据表，第8次写入成功
2022-07-21 23:11:48:400  motor_info数据表，第9次写入成功
2022-07-21 23:11:48:403  motor_info数据表，第10次写入成功
2022-07-21 23:11:48:419  motor_info数据表，第11次写入成功
2022-07-21 23:11:48:425  motor_info数据表，第12次写入成功
2022-07-21 23:11:48:428  motor_info数据表，第13次写入成功
2022-07-21 23:11:48:429  motor_info数据表，第14次写入成功
2022-07-21 23:11:48:431  motor_info数据表，第15次写入成功
2022-07-21 23:11:48:433  数据库关闭！
2022-07-21 23:11:49:079  创建连接出现异常，错误代码为：-6
2022-07-21 23:11:49:102  同步采集仪设置异常
2022-07-21 23:11:49:119  采集仪增益设置异常
2022-07-21 23:22:20:598  本地IP：127.0.0.1
2022-07-21 23:22:20:608  本地端口号：4500
2022-07-21 23:22:20:646  通讯模块设置成功
2022-07-21 23:22:20:658  综合数据盒连接IP：192.168.1.198
2022-07-21 23:22:20:660  正在打开设备...
2022-07-21 23:22:41:686  创建连接出现异常，错误代码为：-6
2022-07-21 23:22:41:688  同步采集仪设置异常
2022-07-21 23:22:41:691  采集仪增益设置异常
2022-07-21 23:23:12:884  正在读取检测数据...
2022-07-21 23:23:12:907  存在数据为空，请检查数据源
2022-07-21 23:24:54:001  正在读取检测数据...
2022-07-21 23:24:54:046  存在数据为空，请检查数据源
2022-07-21 23:25:09:429  正在读取检测数据...
2022-07-21 23:25:14:725  开始处理数据
2022-07-21 23:25:15:040  右侧计算完成
2022-07-21 23:25:15:246  左侧计算完成
2022-07-21 23:25:15:249  检查结果数据
2022-07-21 23:25:15:251  通知桌面显示数据
2022-07-21 23:25:15:326  开始写入数据库
2022-07-21 23:25:15:615  预警及报警参数加载完成
2022-07-21 23:25:15:617  数据库打开成功
2022-07-21 23:25:15:619  train_info数据表写入成功
2022-07-21 23:25:15:621  train_onlyid读取成功
2022-07-21 23:25:15:622  train_data数据表写入成功
2022-07-21 23:25:15:624  train_fault数据表写入1、1成功
2022-07-21 23:25:15:626  train_fault数据表写入3、1成功
2022-07-21 23:25:15:628  vt_info数据表，第0次写入成功
2022-07-21 23:25:15:630  vt_info数据表，第1次写入成功
2022-07-21 23:25:15:632  vt_info数据表，第2次写入成功
2022-07-21 23:25:15:634  vt_info数据表，第3次写入成功
2022-07-21 23:25:15:637  vt_info数据表，第4次写入成功
2022-07-21 23:25:15:639  vt_info数据表，第5次写入成功
2022-07-21 23:25:15:641  vt_info数据表，第6次写入成功
2022-07-21 23:25:15:643  vt_info数据表，第7次写入成功
2022-07-21 23:25:15:646  vt_info数据表，第8次写入成功
2022-07-21 23:25:15:647  vt_info数据表，第9次写入成功
2022-07-21 23:25:15:649  vt_info数据表，第10次写入成功
2022-07-21 23:25:15:653  vt_info数据表，第11次写入成功
2022-07-21 23:25:15:655  vt_info数据表，第12次写入成功
2022-07-21 23:25:15:657  vt_info数据表，第13次写入成功
2022-07-21 23:25:15:801  vt_info数据表，第14次写入成功
2022-07-21 23:25:15:803  vt_info数据表，第15次写入成功
2022-07-21 23:25:15:805  vt_info数据表，第16次写入成功
2022-07-21 23:25:15:807  vt_info数据表，第17次写入成功
2022-07-21 23:25:15:811  vt_info数据表，第18次写入成功
2022-07-21 23:25:15:813  vt_info数据表，第19次写入成功
2022-07-21 23:25:15:821  vt_info数据表，第20次写入成功
2022-07-21 23:25:15:824  vt_info数据表，第21次写入成功
2022-07-21 23:25:15:826  vt_info数据表，第22次写入成功
2022-07-21 23:25:15:830  vt_info数据表，第23次写入成功
2022-07-21 23:25:15:832  vt_info数据表，第24次写入成功
2022-07-21 23:25:15:834  vt_info数据表，第25次写入成功
2022-07-21 23:25:15:839  vt_info数据表，第26次写入成功
2022-07-21 23:25:15:842  vt_info数据表，第27次写入成功
2022-07-21 23:25:15:844  vt_info数据表，第28次写入成功
2022-07-21 23:25:15:848  vt_info数据表，第29次写入成功
2022-07-21 23:25:15:851  vt_info数据表，第30次写入成功
2022-07-21 23:25:15:853  vt_info数据表，第31次写入成功
2022-07-21 23:25:15:856  vt_info数据表，第32次写入成功
2022-07-21 23:25:15:858  vt_info数据表，第33次写入成功
2022-07-21 23:25:15:860  vt_info数据表，第34次写入成功
2022-07-21 23:25:15:863  vt_info数据表，第35次写入成功
2022-07-21 23:25:15:865  vt_info数据表，第36次写入成功
2022-07-21 23:25:15:867  vt_info数据表，第37次写入成功
2022-07-21 23:25:15:870  vt_info数据表，第38次写入成功
2022-07-21 23:25:15:872  vt_info数据表，第39次写入成功
2022-07-21 23:25:15:874  vt_info数据表，第40次写入成功
2022-07-21 23:25:15:896  vt_info数据表，第41次写入成功
2022-07-21 23:25:15:899  vt_info数据表，第42次写入成功
2022-07-21 23:25:15:902  vt_info数据表，第43次写入成功
2022-07-21 23:25:15:904  vt_info数据表，第44次写入成功
2022-07-21 23:25:15:907  vt_info数据表，第45次写入成功
2022-07-21 23:25:15:908  vt_info数据表，第46次写入成功
2022-07-21 23:25:15:911  vt_info数据表，第47次写入成功
2022-07-21 23:25:15:913  motor_info数据表，第0次写入成功
2022-07-21 23:25:15:916  motor_info数据表，第1次写入成功
2022-07-21 23:25:15:918  motor_info数据表，第2次写入成功
2022-07-21 23:25:15:920  motor_info数据表，第3次写入成功
2022-07-21 23:25:15:922  motor_info数据表，第4次写入成功
2022-07-21 23:25:15:923  motor_info数据表，第5次写入成功
2022-07-21 23:25:15:963  motor_info数据表，第6次写入成功
2022-07-21 23:25:15:965  motor_info数据表，第7次写入成功
2022-07-21 23:25:15:966  motor_info数据表，第8次写入成功
2022-07-21 23:25:15:969  motor_info数据表，第9次写入成功
2022-07-21 23:25:15:971  motor_info数据表，第10次写入成功
2022-07-21 23:25:15:973  motor_info数据表，第11次写入成功
2022-07-21 23:25:15:974  motor_info数据表，第12次写入成功
2022-07-21 23:25:15:976  motor_info数据表，第13次写入成功
2022-07-21 23:25:15:979  motor_info数据表，第14次写入成功
2022-07-21 23:25:15:981  motor_info数据表，第15次写入成功
2022-07-21 23:25:15:983  数据库关闭！
