2022-06-27 13:00:42:003  本地IP：127.0.0.1
2022-06-27 13:00:42:018  本地端口号：4500
2022-06-27 13:00:42:047  通讯模块设置成功
2022-06-27 13:00:42:057  综合数据盒连接IP：192.168.1.198
2022-06-27 13:00:42:059  正在打开设备...
2022-06-27 13:00:45:670  正在读取检测数据...
2022-06-27 13:00:51:070  开始处理数据
2022-06-27 13:00:51:326  右侧计算完成
2022-06-27 13:00:51:521  左侧计算完成
2022-06-27 13:00:51:524  检查结果数据
2022-06-27 13:00:51:528  通知桌面显示数据
2022-06-27 13:00:51:571  开始写入数据库
2022-06-27 13:00:51:803  预警及报警参数加载完成
2022-06-27 13:00:51:807  数据库打开成功
2022-06-27 13:00:51:810  train_info数据表写入成功
2022-06-27 13:00:51:812  train_onlyid读取成功
2022-06-27 13:00:51:814  train_data数据表写入成功
2022-06-27 13:00:51:817  train_fault数据表写入1、1成功
2022-06-27 13:00:51:819  train_fault数据表写入3、1成功
2022-06-27 13:00:51:821  vt_info数据表，第0次写入成功
2022-06-27 13:00:51:827  vt_info数据表，第1次写入成功
2022-06-27 13:00:51:830  vt_info数据表，第2次写入成功
2022-06-27 13:00:51:832  vt_info数据表，第3次写入成功
2022-06-27 13:00:51:834  vt_info数据表，第4次写入成功
2022-06-27 13:00:51:836  vt_info数据表，第5次写入成功
2022-06-27 13:00:51:838  vt_info数据表，第6次写入成功
2022-06-27 13:00:51:988  vt_info数据表，第7次写入成功
2022-06-27 13:00:51:993  vt_info数据表，第8次写入成功
2022-06-27 13:00:51:995  vt_info数据表，第9次写入成功
2022-06-27 13:00:51:997  vt_info数据表，第10次写入成功
2022-06-27 13:00:52:002  vt_info数据表，第11次写入成功
2022-06-27 13:00:52:004  vt_info数据表，第12次写入成功
2022-06-27 13:00:52:007  vt_info数据表，第13次写入成功
2022-06-27 13:00:52:012  vt_info数据表，第14次写入成功
2022-06-27 13:00:52:014  vt_info数据表，第15次写入成功
2022-06-27 13:00:52:015  vt_info数据表，第16次写入成功
2022-06-27 13:00:52:017  vt_info数据表，第17次写入成功
2022-06-27 13:00:52:020  vt_info数据表，第18次写入成功
2022-06-27 13:00:52:022  vt_info数据表，第19次写入成功
2022-06-27 13:00:52:027  vt_info数据表，第20次写入成功
2022-06-27 13:00:52:034  vt_info数据表，第21次写入成功
2022-06-27 13:00:52:038  vt_info数据表，第22次写入成功
2022-06-27 13:00:52:045  vt_info数据表，第23次写入成功
2022-06-27 13:00:52:049  vt_info数据表，第24次写入成功
2022-06-27 13:00:52:054  vt_info数据表，第25次写入成功
2022-06-27 13:00:52:059  vt_info数据表，第26次写入成功
2022-06-27 13:00:52:065  vt_info数据表，第27次写入成功
2022-06-27 13:00:52:086  vt_info数据表，第28次写入成功
2022-06-27 13:00:52:089  vt_info数据表，第29次写入成功
2022-06-27 13:00:52:093  vt_info数据表，第30次写入成功
2022-06-27 13:00:52:095  vt_info数据表，第31次写入成功
2022-06-27 13:00:52:098  vt_info数据表，第32次写入成功
2022-06-27 13:00:52:100  vt_info数据表，第33次写入成功
2022-06-27 13:00:52:104  vt_info数据表，第34次写入成功
2022-06-27 13:00:52:106  vt_info数据表，第35次写入成功
2022-06-27 13:00:52:127  vt_info数据表，第36次写入成功
2022-06-27 13:00:52:129  vt_info数据表，第37次写入成功
2022-06-27 13:00:52:131  vt_info数据表，第38次写入成功
2022-06-27 13:00:52:134  vt_info数据表，第39次写入成功
2022-06-27 13:00:52:136  vt_info数据表，第40次写入成功
2022-06-27 13:00:52:156  vt_info数据表，第41次写入成功
2022-06-27 13:00:52:158  vt_info数据表，第42次写入成功
2022-06-27 13:00:52:160  vt_info数据表，第43次写入成功
2022-06-27 13:00:52:162  vt_info数据表，第44次写入成功
2022-06-27 13:00:52:182  vt_info数据表，第45次写入成功
2022-06-27 13:00:52:184  vt_info数据表，第46次写入成功
2022-06-27 13:00:52:185  vt_info数据表，第47次写入成功
2022-06-27 13:00:52:202  motor_info数据表，第0次写入成功
2022-06-27 13:00:52:203  motor_info数据表，第1次写入成功
2022-06-27 13:00:52:207  motor_info数据表，第2次写入成功
2022-06-27 13:00:52:209  motor_info数据表，第3次写入成功
2022-06-27 13:00:52:226  motor_info数据表，第4次写入成功
2022-06-27 13:00:52:228  motor_info数据表，第5次写入成功
2022-06-27 13:00:52:230  motor_info数据表，第6次写入成功
2022-06-27 13:00:52:248  motor_info数据表，第7次写入成功
2022-06-27 13:00:52:250  motor_info数据表，第8次写入成功
2022-06-27 13:00:52:252  motor_info数据表，第9次写入成功
2022-06-27 13:00:52:256  motor_info数据表，第10次写入成功
2022-06-27 13:00:52:275  motor_info数据表，第11次写入成功
2022-06-27 13:00:52:277  motor_info数据表，第12次写入成功
2022-06-27 13:00:52:278  motor_info数据表，第13次写入成功
2022-06-27 13:00:56:121  motor_info数据表，第14次写入成功
2022-06-27 13:00:56:128  motor_info数据表，第15次写入成功
2022-06-27 13:26:27:904  本地IP：127.0.0.1
2022-06-27 13:26:27:915  本地端口号：4500
2022-06-27 13:26:27:945  通讯模块设置成功
2022-06-27 13:26:27:958  综合数据盒连接IP：192.168.1.198
2022-06-27 13:26:27:959  正在打开设备...
2022-06-27 13:26:31:581  正在读取检测数据...
2022-06-27 13:26:31:599  存在数据为空，请检查数据源
2022-06-27 13:26:34:541  正在读取检测数据...
2022-06-27 13:26:51:137  本地IP：127.0.0.1
2022-06-27 13:26:51:148  本地端口号：4500
2022-06-27 13:26:51:186  通讯模块设置成功
2022-06-27 13:26:51:198  综合数据盒连接IP：192.168.1.198
2022-06-27 13:26:51:200  正在打开设备...
2022-06-27 13:26:54:949  正在读取检测数据...
2022-06-27 13:27:00:245  开始处理数据
2022-06-27 13:27:00:498  右侧计算完成
2022-06-27 13:27:00:687  左侧计算完成
2022-06-27 13:27:00:689  检查结果数据
2022-06-27 13:27:00:695  通知桌面显示数据
2022-06-27 13:27:00:738  开始写入数据库
2022-06-27 13:27:00:922  预警及报警参数加载完成
2022-06-27 13:27:00:924  数据库打开成功
2022-06-27 13:27:00:926  train_info数据表写入成功
2022-06-27 13:27:00:928  train_onlyid读取成功
2022-06-27 13:27:00:929  train_data数据表写入成功
2022-06-27 13:27:00:931  train_fault数据表写入1、1成功
2022-06-27 13:27:00:933  train_fault数据表写入3、1成功
2022-06-27 13:27:00:935  vt_info数据表，第0次写入成功
2022-06-27 13:27:00:937  vt_info数据表，第1次写入成功
2022-06-27 13:27:00:940  vt_info数据表，第2次写入成功
2022-06-27 13:27:00:942  vt_info数据表，第3次写入成功
2022-06-27 13:27:00:944  vt_info数据表，第4次写入成功
2022-06-27 13:27:00:946  vt_info数据表，第5次写入成功
2022-06-27 13:27:01:031  vt_info数据表，第6次写入成功
2022-06-27 13:27:01:033  vt_info数据表，第7次写入成功
2022-06-27 13:27:01:035  vt_info数据表，第8次写入成功
2022-06-27 13:27:01:038  vt_info数据表，第9次写入成功
2022-06-27 13:27:01:040  vt_info数据表，第10次写入成功
2022-06-27 13:27:01:042  vt_info数据表，第11次写入成功
2022-06-27 13:27:01:044  vt_info数据表，第12次写入成功
2022-06-27 13:27:01:046  vt_info数据表，第13次写入成功
2022-06-27 13:27:01:047  vt_info数据表，第14次写入成功
2022-06-27 13:27:01:049  vt_info数据表，第15次写入成功
2022-06-27 13:27:01:051  vt_info数据表，第16次写入成功
2022-06-27 13:27:01:053  vt_info数据表，第17次写入成功
2022-06-27 13:27:01:056  vt_info数据表，第18次写入成功
2022-06-27 13:27:01:058  vt_info数据表，第19次写入成功
2022-06-27 13:27:01:060  vt_info数据表，第20次写入成功
2022-06-27 13:27:01:062  vt_info数据表，第21次写入成功
2022-06-27 13:27:01:064  vt_info数据表，第22次写入成功
2022-06-27 13:27:01:066  vt_info数据表，第23次写入成功
2022-06-27 13:27:01:080  vt_info数据表，第24次写入成功
2022-06-27 13:27:01:082  vt_info数据表，第25次写入成功
2022-06-27 13:27:01:085  vt_info数据表，第26次写入成功
2022-06-27 13:27:01:088  vt_info数据表，第27次写入成功
2022-06-27 13:27:01:090  vt_info数据表，第28次写入成功
2022-06-27 13:27:01:092  vt_info数据表，第29次写入成功
2022-06-27 13:27:01:108  vt_info数据表，第30次写入成功
2022-06-27 13:27:01:110  vt_info数据表，第31次写入成功
2022-06-27 13:27:01:112  vt_info数据表，第32次写入成功
2022-06-27 13:27:01:114  vt_info数据表，第33次写入成功
2022-06-27 13:27:01:137  vt_info数据表，第34次写入成功
2022-06-27 13:27:01:140  vt_info数据表，第35次写入成功
2022-06-27 13:27:01:144  vt_info数据表，第36次写入成功
2022-06-27 13:27:01:171  vt_info数据表，第37次写入成功
2022-06-27 13:27:01:174  vt_info数据表，第38次写入成功
2022-06-27 13:27:01:176  vt_info数据表，第39次写入成功
2022-06-27 13:27:01:178  vt_info数据表，第40次写入成功
2022-06-27 13:27:01:211  vt_info数据表，第41次写入成功
2022-06-27 13:27:01:213  vt_info数据表，第42次写入成功
2022-06-27 13:27:01:215  vt_info数据表，第43次写入成功
2022-06-27 13:27:01:220  vt_info数据表，第44次写入成功
2022-06-27 13:27:01:243  vt_info数据表，第45次写入成功
2022-06-27 13:27:01:245  vt_info数据表，第46次写入成功
2022-06-27 13:27:01:247  vt_info数据表，第47次写入成功
2022-06-27 13:27:01:250  motor_info数据表，第0次写入成功
2022-06-27 13:27:01:268  motor_info数据表，第1次写入成功
2022-06-27 13:27:01:271  motor_info数据表，第2次写入成功
2022-06-27 13:27:01:273  motor_info数据表，第3次写入成功
2022-06-27 13:27:01:276  motor_info数据表，第4次写入成功
2022-06-27 13:27:01:295  motor_info数据表，第5次写入成功
2022-06-27 13:27:01:299  motor_info数据表，第6次写入成功
2022-06-27 13:27:01:301  motor_info数据表，第7次写入成功
2022-06-27 13:27:01:304  motor_info数据表，第8次写入成功
2022-06-27 13:27:01:332  motor_info数据表，第9次写入成功
2022-06-27 13:27:01:362  motor_info数据表，第10次写入成功
2022-06-27 13:27:01:364  motor_info数据表，第11次写入成功
2022-06-27 13:27:01:366  motor_info数据表，第12次写入成功
2022-06-27 13:27:01:387  motor_info数据表，第13次写入成功
2022-06-27 13:27:01:406  motor_info数据表，第14次写入成功
2022-06-27 13:27:01:449  motor_info数据表，第15次写入成功
2022-06-27 13:27:04:173  数据库关闭！
2022-06-27 13:27:12:231  创建连接出现异常，错误代码为：-6
2022-06-27 13:27:12:243  同步采集仪设置异常
2022-06-27 13:27:12:256  采集仪增益设置异常
2022-06-27 13:27:31:713  本地IP：127.0.0.1
2022-06-27 13:27:31:724  本地端口号：4500
2022-06-27 13:27:31:750  通讯模块设置成功
2022-06-27 13:27:31:761  综合数据盒连接IP：192.168.1.198
2022-06-27 13:27:31:763  正在打开设备...
2022-06-27 13:27:35:405  正在读取检测数据...
2022-06-27 13:27:42:818  开始处理数据
2022-06-27 13:27:43:045  右侧计算完成
2022-06-27 13:27:43:234  左侧计算完成
2022-06-27 13:27:43:236  检查结果数据
2022-06-27 13:27:43:241  通知桌面显示数据
2022-06-27 13:27:43:315  开始写入数据库
2022-06-27 13:27:43:496  预警及报警参数加载完成
2022-06-27 13:27:43:498  数据库打开成功
2022-06-27 13:27:43:500  train_info数据表写入成功
2022-06-27 13:27:43:503  train_onlyid读取成功
2022-06-27 13:27:43:507  train_data数据表写入成功
2022-06-27 13:27:43:509  train_fault数据表写入1、1成功
2022-06-27 13:27:43:511  train_fault数据表写入3、1成功
2022-06-27 13:27:43:518  vt_info数据表，第0次写入成功
2022-06-27 13:27:43:523  vt_info数据表，第1次写入成功
2022-06-27 13:27:43:525  vt_info数据表，第2次写入成功
2022-06-27 13:27:43:528  vt_info数据表，第3次写入成功
2022-06-27 13:27:43:538  vt_info数据表，第4次写入成功
2022-06-27 13:27:43:542  vt_info数据表，第5次写入成功
2022-06-27 13:27:43:760  vt_info数据表，第6次写入成功
2022-06-27 13:27:43:763  vt_info数据表，第7次写入成功
2022-06-27 13:27:43:767  vt_info数据表，第8次写入成功
2022-06-27 13:27:43:773  vt_info数据表，第9次写入成功
2022-06-27 13:27:43:775  vt_info数据表，第10次写入成功
2022-06-27 13:27:43:780  vt_info数据表，第11次写入成功
2022-06-27 13:27:43:787  vt_info数据表，第12次写入成功
2022-06-27 13:27:43:790  vt_info数据表，第13次写入成功
2022-06-27 13:27:43:792  vt_info数据表，第14次写入成功
2022-06-27 13:27:43:796  vt_info数据表，第15次写入成功
2022-06-27 13:27:43:804  vt_info数据表，第16次写入成功
2022-06-27 13:27:43:806  vt_info数据表，第17次写入成功
2022-06-27 13:27:43:808  vt_info数据表，第18次写入成功
2022-06-27 13:27:43:810  vt_info数据表，第19次写入成功
2022-06-27 13:27:43:814  vt_info数据表，第20次写入成功
2022-06-27 13:27:43:819  vt_info数据表，第21次写入成功
2022-06-27 13:27:43:822  vt_info数据表，第22次写入成功
2022-06-27 13:27:43:824  vt_info数据表，第23次写入成功
2022-06-27 13:27:43:826  vt_info数据表，第24次写入成功
2022-06-27 13:27:43:833  vt_info数据表，第25次写入成功
2022-06-27 13:27:43:835  vt_info数据表，第26次写入成功
2022-06-27 13:27:43:865  vt_info数据表，第27次写入成功
2022-06-27 13:27:43:867  vt_info数据表，第28次写入成功
2022-06-27 13:27:43:870  vt_info数据表，第29次写入成功
2022-06-27 13:27:43:875  vt_info数据表，第30次写入成功
2022-06-27 13:27:43:878  vt_info数据表，第31次写入成功
2022-06-27 13:27:43:880  vt_info数据表，第32次写入成功
2022-06-27 13:27:43:883  vt_info数据表，第33次写入成功
2022-06-27 13:27:43:885  vt_info数据表，第34次写入成功
2022-06-27 13:27:43:920  vt_info数据表，第35次写入成功
2022-06-27 13:27:43:925  vt_info数据表，第36次写入成功
2022-06-27 13:27:43:930  vt_info数据表，第37次写入成功
2022-06-27 13:27:43:932  vt_info数据表，第38次写入成功
2022-06-27 13:27:43:942  vt_info数据表，第39次写入成功
2022-06-27 13:27:43:964  vt_info数据表，第40次写入成功
2022-06-27 13:27:43:967  vt_info数据表，第41次写入成功
2022-06-27 13:27:43:969  vt_info数据表，第42次写入成功
2022-06-27 13:27:43:971  vt_info数据表，第43次写入成功
2022-06-27 13:27:43:992  vt_info数据表，第44次写入成功
2022-06-27 13:27:43:994  vt_info数据表，第45次写入成功
2022-06-27 13:27:43:997  vt_info数据表，第46次写入成功
2022-06-27 13:27:43:999  vt_info数据表，第47次写入成功
2022-06-27 13:27:44:030  motor_info数据表，第0次写入成功
2022-06-27 13:27:44:032  motor_info数据表，第1次写入成功
2022-06-27 13:27:44:038  motor_info数据表，第2次写入成功
2022-06-27 13:27:44:041  motor_info数据表，第3次写入成功
2022-06-27 13:27:44:042  motor_info数据表，第4次写入成功
2022-06-27 13:27:44:074  motor_info数据表，第5次写入成功
2022-06-27 13:27:44:076  motor_info数据表，第6次写入成功
2022-06-27 13:27:44:081  motor_info数据表，第7次写入成功
2022-06-27 13:27:44:085  motor_info数据表，第8次写入成功
2022-06-27 13:27:44:087  motor_info数据表，第9次写入成功
2022-06-27 13:27:44:109  motor_info数据表，第10次写入成功
2022-06-27 13:27:44:112  motor_info数据表，第11次写入成功
2022-06-27 13:27:44:116  motor_info数据表，第12次写入成功
2022-06-27 13:27:44:118  motor_info数据表，第13次写入成功
2022-06-27 13:27:47:548  motor_info数据表，第14次写入成功
2022-06-27 13:27:47:550  motor_info数据表，第15次写入成功
