2020-12-17 19:02:00:724  收到来车信号，流水号：20201217190200，所有设备开始采集
2020-12-17 19:02:00:792  开启A/D采集
2020-12-17 19:02:22:219  收到离车信号，流水号：20201217190200，线号：14，车号：025026，主控端：1，所有设备停止采集
2020-12-17 19:02:22:253  收到停止采集命令，开始停止采集
2020-12-17 19:02:22:291  停止采集数据
2020-12-17 19:02:22:293  采集连接已断开
2020-12-17 19:02:22:294  开始数据分析和落盘
2020-12-17 19:02:27:040  vibration1完成落盘
2020-12-17 19:02:31:313  vibration2完成落盘
2020-12-17 19:02:35:562  vibration3完成落盘
2020-12-17 19:02:39:809  vibration4完成落盘
2020-12-17 19:02:44:051  vibration5完成落盘
2020-12-17 19:02:48:299  vibration6完成落盘
2020-12-17 19:02:52:460  vibration7完成落盘
2020-12-17 19:02:56:683  vibration8完成落盘
2020-12-17 19:03:00:968  magnetic1完成落盘
2020-12-17 19:03:05:170  magnetic2完成落盘
2020-12-17 19:03:09:421  magnetic3完成落盘
2020-12-17 19:03:13:504  magnetic4完成落盘
2020-12-17 19:03:17:535  temperate1完成落盘
2020-12-17 19:03:21:563  temperate2完成落盘
2020-12-17 19:03:25:509  temperate3完成落盘
2020-12-17 19:03:29:536  temperate4完成落盘
2020-12-17 19:03:29:543  开始处理数据
2020-12-17 19:03:30:109  右侧计算完成
2020-12-17 19:03:30:563  左侧计算完成
2020-12-17 19:03:30:564  检查结果数据
2020-12-17 19:03:30:566  通知桌面显示数据
2020-12-17 19:03:30:583  开始写入数据库
2020-12-17 19:03:30:611  预警及报警参数加载完成
2020-12-17 19:03:30:613  数据库打开成功
2020-12-17 19:03:30:614  train_info数据表写入成功
2020-12-17 19:03:30:793  train_onlyid读取成功
2020-12-17 19:03:30:794  train_data数据表写入成功
2020-12-17 19:03:30:796  vt_info数据表，第0次写入成功
2020-12-17 19:03:30:797  vt_info数据表，第1次写入成功
2020-12-17 19:03:30:799  vt_info数据表，第2次写入成功
2020-12-17 19:03:30:801  vt_info数据表，第3次写入成功
2020-12-17 19:03:30:802  vt_info数据表，第4次写入成功
2020-12-17 19:03:30:804  vt_info数据表，第5次写入成功
2020-12-17 19:03:30:805  vt_info数据表，第6次写入成功
2020-12-17 19:03:30:807  vt_info数据表，第7次写入成功
2020-12-17 19:03:30:808  vt_info数据表，第8次写入成功
2020-12-17 19:03:30:810  vt_info数据表，第9次写入成功
2020-12-17 19:03:30:811  vt_info数据表，第10次写入成功
2020-12-17 19:03:30:813  vt_info数据表，第11次写入成功
2020-12-17 19:03:30:815  vt_info数据表，第12次写入成功
2020-12-17 19:03:30:816  vt_info数据表，第13次写入成功
2020-12-17 19:03:30:817  vt_info数据表，第14次写入成功
2020-12-17 19:03:30:849  vt_info数据表，第15次写入成功
2020-12-17 19:03:30:851  vt_info数据表，第16次写入成功
2020-12-17 19:03:30:853  vt_info数据表，第17次写入成功
2020-12-17 19:03:30:854  vt_info数据表，第18次写入成功
2020-12-17 19:03:30:856  vt_info数据表，第19次写入成功
2020-12-17 19:03:30:857  vt_info数据表，第20次写入成功
2020-12-17 19:03:30:859  vt_info数据表，第21次写入成功
2020-12-17 19:03:30:861  vt_info数据表，第22次写入成功
2020-12-17 19:03:30:862  vt_info数据表，第23次写入成功
2020-12-17 19:03:30:864  vt_info数据表，第24次写入成功
2020-12-17 19:03:30:866  vt_info数据表，第25次写入成功
2020-12-17 19:03:30:868  vt_info数据表，第26次写入成功
2020-12-17 19:03:30:869  vt_info数据表，第27次写入成功
2020-12-17 19:03:30:871  vt_info数据表，第28次写入成功
2020-12-17 19:03:30:872  vt_info数据表，第29次写入成功
2020-12-17 19:03:30:905  vt_info数据表，第30次写入成功
2020-12-17 19:03:30:907  vt_info数据表，第31次写入成功
2020-12-17 19:03:30:908  vt_info数据表，第32次写入成功
2020-12-17 19:03:30:910  vt_info数据表，第33次写入成功
2020-12-17 19:03:30:912  vt_info数据表，第34次写入成功
2020-12-17 19:03:30:913  vt_info数据表，第35次写入成功
2020-12-17 19:03:30:915  vt_info数据表，第36次写入成功
2020-12-17 19:03:30:917  vt_info数据表，第37次写入成功
2020-12-17 19:03:30:918  vt_info数据表，第38次写入成功
2020-12-17 19:03:30:920  vt_info数据表，第39次写入成功
2020-12-17 19:03:30:921  vt_info数据表，第40次写入成功
2020-12-17 19:03:30:923  vt_info数据表，第41次写入成功
2020-12-17 19:03:30:925  vt_info数据表，第42次写入成功
2020-12-17 19:03:30:926  vt_info数据表，第43次写入成功
2020-12-17 19:03:30:928  vt_info数据表，第44次写入成功
2020-12-17 19:03:30:969  vt_info数据表，第45次写入成功
2020-12-17 19:03:30:971  vt_info数据表，第46次写入成功
2020-12-17 19:03:30:973  vt_info数据表，第47次写入成功
2020-12-17 19:03:30:975  motor_info数据表，第0次写入成功
2020-12-17 19:03:30:976  motor_info数据表，第1次写入成功
2020-12-17 19:03:30:978  motor_info数据表，第2次写入成功
2020-12-17 19:03:30:979  motor_info数据表，第3次写入成功
2020-12-17 19:03:30:981  motor_info数据表，第4次写入成功
2020-12-17 19:03:30:982  motor_info数据表，第5次写入成功
2020-12-17 19:03:30:984  motor_info数据表，第6次写入成功
2020-12-17 19:03:30:985  motor_info数据表，第7次写入成功
2020-12-17 19:03:30:987  motor_info数据表，第8次写入成功
2020-12-17 19:03:30:988  motor_info数据表，第9次写入成功
2020-12-17 19:03:30:990  motor_info数据表，第10次写入成功
2020-12-17 19:03:30:991  motor_info数据表，第11次写入成功
2020-12-17 19:03:30:993  motor_info数据表，第12次写入成功
2020-12-17 19:03:30:994  motor_info数据表，第13次写入成功
2020-12-17 19:03:30:996  motor_info数据表，第14次写入成功
2020-12-17 19:03:30:997  motor_info数据表，第15次写入成功
2020-12-17 19:03:30:999  数据库关闭！
2020-12-17 19:08:14:400  收到来车信号，流水号：20201217190814，所有设备开始采集
2020-12-17 19:08:14:468  开启A/D采集
2020-12-17 19:08:35:724  收到离车信号，流水号：20201217190814，线号：14，车号：047048，主控端：1，所有设备停止采集
2020-12-17 19:08:35:758  收到停止采集命令，开始停止采集
2020-12-17 19:08:35:796  停止采集数据
2020-12-17 19:08:35:797  采集连接已断开
2020-12-17 19:08:35:799  开始数据分析和落盘
2020-12-17 19:08:40:573  vibration1完成落盘
2020-12-17 19:08:44:776  vibration2完成落盘
2020-12-17 19:08:48:886  vibration3完成落盘
2020-12-17 19:08:52:931  vibration4完成落盘
2020-12-17 19:08:56:877  vibration5完成落盘
2020-12-17 19:09:01:071  vibration6完成落盘
2020-12-17 19:09:05:267  vibration7完成落盘
2020-12-17 19:09:09:315  vibration8完成落盘
2020-12-17 19:09:13:442  magnetic1完成落盘
2020-12-17 19:09:17:540  magnetic2完成落盘
2020-12-17 19:09:21:661  magnetic3完成落盘
2020-12-17 19:09:25:852  magnetic4完成落盘
2020-12-17 19:09:29:869  temperate1完成落盘
2020-12-17 19:09:33:884  temperate2完成落盘
2020-12-17 19:09:37:863  temperate3完成落盘
2020-12-17 19:09:41:873  temperate4完成落盘
2020-12-17 19:09:41:881  开始处理数据
2020-12-17 19:09:42:435  右侧计算完成
2020-12-17 19:09:42:888  左侧计算完成
2020-12-17 19:09:42:890  检查结果数据
2020-12-17 19:09:42:891  通知桌面显示数据
2020-12-17 19:09:42:908  开始写入数据库
2020-12-17 19:09:42:936  预警及报警参数加载完成
2020-12-17 19:09:42:938  数据库打开成功
2020-12-17 19:09:42:939  train_info数据表写入成功
2020-12-17 19:09:43:120  train_onlyid读取成功
2020-12-17 19:09:43:121  train_data数据表写入成功
2020-12-17 19:09:43:123  vt_info数据表，第0次写入成功
2020-12-17 19:09:43:124  vt_info数据表，第1次写入成功
2020-12-17 19:09:43:126  vt_info数据表，第2次写入成功
2020-12-17 19:09:43:128  vt_info数据表，第3次写入成功
2020-12-17 19:09:43:129  vt_info数据表，第4次写入成功
2020-12-17 19:09:43:131  vt_info数据表，第5次写入成功
2020-12-17 19:09:43:132  vt_info数据表，第6次写入成功
2020-12-17 19:09:43:134  vt_info数据表，第7次写入成功
2020-12-17 19:09:43:135  vt_info数据表，第8次写入成功
2020-12-17 19:09:43:137  vt_info数据表，第9次写入成功
2020-12-17 19:09:43:139  vt_info数据表，第10次写入成功
2020-12-17 19:09:43:140  vt_info数据表，第11次写入成功
2020-12-17 19:09:43:142  vt_info数据表，第12次写入成功
2020-12-17 19:09:43:143  vt_info数据表，第13次写入成功
2020-12-17 19:09:43:145  vt_info数据表，第14次写入成功
2020-12-17 19:09:43:146  vt_info数据表，第15次写入成功
2020-12-17 19:09:43:179  vt_info数据表，第16次写入成功
2020-12-17 19:09:43:181  vt_info数据表，第17次写入成功
2020-12-17 19:09:43:182  vt_info数据表，第18次写入成功
2020-12-17 19:09:43:184  vt_info数据表，第19次写入成功
2020-12-17 19:09:43:185  vt_info数据表，第20次写入成功
2020-12-17 19:09:43:187  vt_info数据表，第21次写入成功
2020-12-17 19:09:43:188  vt_info数据表，第22次写入成功
2020-12-17 19:09:43:190  vt_info数据表，第23次写入成功
2020-12-17 19:09:43:192  vt_info数据表，第24次写入成功
2020-12-17 19:09:43:194  vt_info数据表，第25次写入成功
2020-12-17 19:09:43:195  vt_info数据表，第26次写入成功
2020-12-17 19:09:43:197  vt_info数据表，第27次写入成功
2020-12-17 19:09:43:199  vt_info数据表，第28次写入成功
2020-12-17 19:09:43:200  vt_info数据表，第29次写入成功
2020-12-17 19:09:43:202  vt_info数据表，第30次写入成功
2020-12-17 19:09:43:203  vt_info数据表，第31次写入成功
2020-12-17 19:09:43:236  vt_info数据表，第32次写入成功
2020-12-17 19:09:43:238  vt_info数据表，第33次写入成功
2020-12-17 19:09:43:239  vt_info数据表，第34次写入成功
2020-12-17 19:09:43:241  vt_info数据表，第35次写入成功
2020-12-17 19:09:43:242  vt_info数据表，第36次写入成功
2020-12-17 19:09:43:244  vt_info数据表，第37次写入成功
2020-12-17 19:09:43:246  vt_info数据表，第38次写入成功
2020-12-17 19:09:43:247  vt_info数据表，第39次写入成功
2020-12-17 19:09:43:249  vt_info数据表，第40次写入成功
2020-12-17 19:09:43:251  vt_info数据表，第41次写入成功
2020-12-17 19:09:43:252  vt_info数据表，第42次写入成功
2020-12-17 19:09:43:254  vt_info数据表，第43次写入成功
2020-12-17 19:09:43:255  vt_info数据表，第44次写入成功
2020-12-17 19:09:43:257  vt_info数据表，第45次写入成功
2020-12-17 19:09:43:258  vt_info数据表，第46次写入成功
2020-12-17 19:09:43:260  vt_info数据表，第47次写入成功
2020-12-17 19:09:43:303  motor_info数据表，第0次写入成功
2020-12-17 19:09:43:305  motor_info数据表，第1次写入成功
2020-12-17 19:09:43:307  motor_info数据表，第2次写入成功
2020-12-17 19:09:43:308  motor_info数据表，第3次写入成功
2020-12-17 19:09:43:310  motor_info数据表，第4次写入成功
2020-12-17 19:09:43:312  motor_info数据表，第5次写入成功
2020-12-17 19:09:43:313  motor_info数据表，第6次写入成功
2020-12-17 19:09:43:315  motor_info数据表，第7次写入成功
2020-12-17 19:09:43:316  motor_info数据表，第8次写入成功
2020-12-17 19:09:43:318  motor_info数据表，第9次写入成功
2020-12-17 19:09:43:319  motor_info数据表，第10次写入成功
2020-12-17 19:09:43:321  motor_info数据表，第11次写入成功
2020-12-17 19:09:43:323  motor_info数据表，第12次写入成功
2020-12-17 19:09:43:324  motor_info数据表，第13次写入成功
2020-12-17 19:09:43:326  motor_info数据表，第14次写入成功
2020-12-17 19:09:43:327  motor_info数据表，第15次写入成功
2020-12-17 19:09:43:329  数据库关闭！
2020-12-17 19:11:44:825  收到来车信号，流水号：20201217191144，所有设备开始采集
2020-12-17 19:11:44:919  开启A/D采集
2020-12-17 19:12:06:117  收到离车信号，流水号：20201217191144，线号：14，车号：033034，主控端：1，所有设备停止采集
2020-12-17 19:12:06:152  收到停止采集命令，开始停止采集
2020-12-17 19:12:06:216  停止采集数据
2020-12-17 19:12:06:218  采集连接已断开
2020-12-17 19:12:06:219  开始数据分析和落盘
2020-12-17 19:12:10:492  vibration1完成落盘
2020-12-17 19:12:13:876  vibration2完成落盘
2020-12-17 19:12:17:298  vibration3完成落盘
2020-12-17 19:12:20:770  vibration4完成落盘
2020-12-17 19:12:24:182  vibration5完成落盘
2020-12-17 19:12:27:529  vibration6完成落盘
2020-12-17 19:12:30:959  vibration7完成落盘
2020-12-17 19:12:34:038  vibration8完成落盘
2020-12-17 19:12:37:245  magnetic1完成落盘
2020-12-17 19:12:40:908  magnetic2完成落盘
2020-12-17 19:12:44:821  magnetic3完成落盘
2020-12-17 19:12:48:083  magnetic4完成落盘
2020-12-17 19:12:51:340  temperate1完成落盘
2020-12-17 19:12:54:838  temperate2完成落盘
2020-12-17 19:12:58:034  temperate3完成落盘
2020-12-17 19:13:01:407  temperate4完成落盘
2020-12-17 19:13:01:413  开始处理数据
2020-12-17 19:13:01:959  右侧计算完成
2020-12-17 19:13:02:315  左侧计算完成
2020-12-17 19:13:02:317  检查结果数据
2020-12-17 19:13:02:318  通知桌面显示数据
2020-12-17 19:13:02:335  开始写入数据库
2020-12-17 19:13:02:361  预警及报警参数加载完成
2020-12-17 19:13:02:362  数据库打开成功
2020-12-17 19:13:02:364  train_info数据表写入成功
2020-12-17 19:13:02:533  train_onlyid读取成功
2020-12-17 19:13:02:535  train_data数据表写入成功
2020-12-17 19:13:02:536  vt_info数据表，第0次写入成功
2020-12-17 19:13:02:537  vt_info数据表，第1次写入成功
2020-12-17 19:13:02:539  vt_info数据表，第2次写入成功
2020-12-17 19:13:02:540  vt_info数据表，第3次写入成功
2020-12-17 19:13:02:541  vt_info数据表，第4次写入成功
2020-12-17 19:13:02:542  vt_info数据表，第5次写入成功
2020-12-17 19:13:02:544  vt_info数据表，第6次写入成功
2020-12-17 19:13:02:545  vt_info数据表，第7次写入成功
2020-12-17 19:13:02:546  vt_info数据表，第8次写入成功
2020-12-17 19:13:02:547  vt_info数据表，第9次写入成功
2020-12-17 19:13:02:549  vt_info数据表，第10次写入成功
2020-12-17 19:13:02:610  vt_info数据表，第11次写入成功
2020-12-17 19:13:02:611  vt_info数据表，第12次写入成功
2020-12-17 19:13:02:612  vt_info数据表，第13次写入成功
2020-12-17 19:13:02:614  vt_info数据表，第14次写入成功
2020-12-17 19:13:02:615  vt_info数据表，第15次写入成功
2020-12-17 19:13:02:616  vt_info数据表，第16次写入成功
2020-12-17 19:13:02:617  vt_info数据表，第17次写入成功
2020-12-17 19:13:02:619  vt_info数据表，第18次写入成功
2020-12-17 19:13:02:620  vt_info数据表，第19次写入成功
2020-12-17 19:13:02:622  vt_info数据表，第20次写入成功
2020-12-17 19:13:02:623  vt_info数据表，第21次写入成功
2020-12-17 19:13:02:625  vt_info数据表，第22次写入成功
2020-12-17 19:13:02:667  vt_info数据表，第23次写入成功
2020-12-17 19:13:02:668  vt_info数据表，第24次写入成功
2020-12-17 19:13:02:670  vt_info数据表，第25次写入成功
2020-12-17 19:13:02:671  vt_info数据表，第26次写入成功
2020-12-17 19:13:02:673  vt_info数据表，第27次写入成功
2020-12-17 19:13:02:674  vt_info数据表，第28次写入成功
2020-12-17 19:13:02:676  vt_info数据表，第29次写入成功
2020-12-17 19:13:02:677  vt_info数据表，第30次写入成功
2020-12-17 19:13:02:679  vt_info数据表，第31次写入成功
2020-12-17 19:13:02:680  vt_info数据表，第32次写入成功
2020-12-17 19:13:02:682  vt_info数据表，第33次写入成功
2020-12-17 19:13:02:683  vt_info数据表，第34次写入成功
2020-12-17 19:13:02:685  vt_info数据表，第35次写入成功
2020-12-17 19:13:02:727  vt_info数据表，第36次写入成功
2020-12-17 19:13:02:728  vt_info数据表，第37次写入成功
2020-12-17 19:13:02:730  vt_info数据表，第38次写入成功
2020-12-17 19:13:02:731  vt_info数据表，第39次写入成功
2020-12-17 19:13:02:733  vt_info数据表，第40次写入成功
2020-12-17 19:13:02:734  vt_info数据表，第41次写入成功
2020-12-17 19:13:02:736  vt_info数据表，第42次写入成功
2020-12-17 19:13:02:738  vt_info数据表，第43次写入成功
2020-12-17 19:13:02:739  vt_info数据表，第44次写入成功
2020-12-17 19:13:02:741  vt_info数据表，第45次写入成功
2020-12-17 19:13:02:743  vt_info数据表，第46次写入成功
2020-12-17 19:13:02:744  vt_info数据表，第47次写入成功
2020-12-17 19:13:02:746  motor_info数据表，第0次写入成功
2020-12-17 19:13:02:748  motor_info数据表，第1次写入成功
2020-12-17 19:13:02:750  motor_info数据表，第2次写入成功
2020-12-17 19:13:02:751  motor_info数据表，第3次写入成功
2020-12-17 19:13:02:802  motor_info数据表，第4次写入成功
2020-12-17 19:13:02:804  motor_info数据表，第5次写入成功
2020-12-17 19:13:02:806  motor_info数据表，第6次写入成功
2020-12-17 19:13:02:807  motor_info数据表，第7次写入成功
2020-12-17 19:13:02:809  motor_info数据表，第8次写入成功
2020-12-17 19:13:02:811  motor_info数据表，第9次写入成功
2020-12-17 19:13:02:812  motor_info数据表，第10次写入成功
2020-12-17 19:13:02:814  motor_info数据表，第11次写入成功
2020-12-17 19:13:02:815  motor_info数据表，第12次写入成功
2020-12-17 19:13:02:817  motor_info数据表，第13次写入成功
2020-12-17 19:13:02:818  motor_info数据表，第14次写入成功
2020-12-17 19:13:02:820  motor_info数据表，第15次写入成功
2020-12-17 19:13:02:821  数据库关闭！
2020-12-17 19:18:31:516  收到来车信号，流水号：20201217191831，所有设备开始采集
2020-12-17 19:18:31:613  开启A/D采集
2020-12-17 19:18:52:904  收到离车信号，流水号：20201217191831，线号：14，车号：045046，主控端：0，所有设备停止采集
2020-12-17 19:18:52:938  收到停止采集命令，开始停止采集
2020-12-17 19:18:52:999  停止采集数据
2020-12-17 19:18:53:001  采集连接已断开
2020-12-17 19:18:53:002  开始数据分析和落盘
2020-12-17 19:18:57:366  vibration1完成落盘
2020-12-17 19:19:00:682  vibration2完成落盘
2020-12-17 19:19:04:051  vibration3完成落盘
2020-12-17 19:19:07:313  vibration4完成落盘
2020-12-17 19:19:10:870  vibration5完成落盘
2020-12-17 19:19:14:957  vibration6完成落盘
2020-12-17 19:19:18:869  vibration7完成落盘
2020-12-17 19:19:22:097  vibration8完成落盘
2020-12-17 19:19:25:386  magnetic1完成落盘
2020-12-17 19:19:28:762  magnetic2完成落盘
2020-12-17 19:19:32:396  magnetic3完成落盘
2020-12-17 19:19:36:257  magnetic4完成落盘
2020-12-17 19:19:39:630  temperate1完成落盘
2020-12-17 19:19:42:773  temperate2完成落盘
2020-12-17 19:19:45:920  temperate3完成落盘
2020-12-17 19:19:49:830  temperate4完成落盘
2020-12-17 19:19:49:838  开始处理数据
2020-12-17 19:19:50:409  右侧计算完成
2020-12-17 19:19:50:877  左侧计算完成
2020-12-17 19:19:50:879  检查结果数据
2020-12-17 19:19:50:880  通知桌面显示数据
2020-12-17 19:19:50:897  开始写入数据库
2020-12-17 19:19:50:925  预警及报警参数加载完成
2020-12-17 19:19:50:927  数据库打开成功
2020-12-17 19:19:50:928  train_info数据表写入成功
2020-12-17 19:19:51:124  train_onlyid读取成功
2020-12-17 19:19:51:126  train_data数据表写入成功
2020-12-17 19:19:51:127  vt_info数据表，第0次写入成功
2020-12-17 19:19:51:129  vt_info数据表，第1次写入成功
2020-12-17 19:19:51:131  vt_info数据表，第2次写入成功
2020-12-17 19:19:51:132  vt_info数据表，第3次写入成功
2020-12-17 19:19:51:134  vt_info数据表，第4次写入成功
2020-12-17 19:19:51:135  vt_info数据表，第5次写入成功
2020-12-17 19:19:51:137  vt_info数据表，第6次写入成功
2020-12-17 19:19:51:138  vt_info数据表，第7次写入成功
2020-12-17 19:19:51:140  vt_info数据表，第8次写入成功
2020-12-17 19:19:51:141  vt_info数据表，第9次写入成功
2020-12-17 19:19:51:143  vt_info数据表，第10次写入成功
2020-12-17 19:19:51:145  vt_info数据表，第11次写入成功
2020-12-17 19:19:51:148  vt_info数据表，第12次写入成功
2020-12-17 19:19:51:149  vt_info数据表，第13次写入成功
2020-12-17 19:19:51:151  vt_info数据表，第14次写入成功
2020-12-17 19:19:51:153  vt_info数据表，第15次写入成功
2020-12-17 19:19:51:154  vt_info数据表，第16次写入成功
2020-12-17 19:19:51:156  vt_info数据表，第17次写入成功
2020-12-17 19:19:51:158  vt_info数据表，第18次写入成功
2020-12-17 19:19:51:222  vt_info数据表，第19次写入成功
2020-12-17 19:19:51:224  vt_info数据表，第20次写入成功
2020-12-17 19:19:51:225  vt_info数据表，第21次写入成功
2020-12-17 19:19:51:227  vt_info数据表，第22次写入成功
2020-12-17 19:19:51:229  vt_info数据表，第23次写入成功
2020-12-17 19:19:51:230  vt_info数据表，第24次写入成功
2020-12-17 19:19:51:232  vt_info数据表，第25次写入成功
2020-12-17 19:19:51:234  vt_info数据表，第26次写入成功
2020-12-17 19:19:51:235  vt_info数据表，第27次写入成功
2020-12-17 19:19:51:237  vt_info数据表，第28次写入成功
2020-12-17 19:19:51:238  vt_info数据表，第29次写入成功
2020-12-17 19:19:51:240  vt_info数据表，第30次写入成功
2020-12-17 19:19:51:242  vt_info数据表，第31次写入成功
2020-12-17 19:19:51:244  vt_info数据表，第32次写入成功
2020-12-17 19:19:51:245  vt_info数据表，第33次写入成功
2020-12-17 19:19:51:247  vt_info数据表，第34次写入成功
2020-12-17 19:19:51:248  vt_info数据表，第35次写入成功
2020-12-17 19:19:51:291  vt_info数据表，第36次写入成功
2020-12-17 19:19:51:292  vt_info数据表，第37次写入成功
2020-12-17 19:19:51:294  vt_info数据表，第38次写入成功
2020-12-17 19:19:51:296  vt_info数据表，第39次写入成功
2020-12-17 19:19:51:297  vt_info数据表，第40次写入成功
2020-12-17 19:19:51:299  vt_info数据表，第41次写入成功
2020-12-17 19:19:51:301  vt_info数据表，第42次写入成功
2020-12-17 19:19:51:302  vt_info数据表，第43次写入成功
2020-12-17 19:19:51:304  vt_info数据表，第44次写入成功
2020-12-17 19:19:51:306  vt_info数据表，第45次写入成功
2020-12-17 19:19:51:308  vt_info数据表，第46次写入成功
2020-12-17 19:19:51:309  vt_info数据表，第47次写入成功
2020-12-17 19:19:51:311  motor_info数据表，第0次写入成功
2020-12-17 19:19:51:312  motor_info数据表，第1次写入成功
2020-12-17 19:19:51:314  motor_info数据表，第2次写入成功
2020-12-17 19:19:51:334  motor_info数据表，第3次写入成功
2020-12-17 19:19:51:336  motor_info数据表，第4次写入成功
2020-12-17 19:19:51:337  motor_info数据表，第5次写入成功
2020-12-17 19:19:51:339  motor_info数据表，第6次写入成功
2020-12-17 19:19:51:371  motor_info数据表，第7次写入成功
2020-12-17 19:19:51:373  motor_info数据表，第8次写入成功
2020-12-17 19:19:51:374  motor_info数据表，第9次写入成功
2020-12-17 19:19:51:376  motor_info数据表，第10次写入成功
2020-12-17 19:19:51:377  motor_info数据表，第11次写入成功
2020-12-17 19:19:51:379  motor_info数据表，第12次写入成功
2020-12-17 19:19:51:381  motor_info数据表，第13次写入成功
2020-12-17 19:19:51:382  motor_info数据表，第14次写入成功
2020-12-17 19:19:51:384  motor_info数据表，第15次写入成功
2020-12-17 19:19:51:385  数据库关闭！
2020-12-17 19:26:45:724  收到来车信号，流水号：20201217192645，所有设备开始采集
2020-12-17 19:26:45:791  开启A/D采集
2020-12-17 19:27:07:121  收到离车信号，流水号：20201217192645，线号：21，车号：031032，主控端：1，所有设备停止采集
2020-12-17 19:27:07:154  收到停止采集命令，开始停止采集
2020-12-17 19:27:07:190  停止采集数据
2020-12-17 19:27:07:192  采集连接已断开
2020-12-17 19:27:07:194  开始数据分析和落盘
2020-12-17 19:27:11:964  vibration1完成落盘
2020-12-17 19:27:16:152  vibration2完成落盘
2020-12-17 19:27:20:357  vibration3完成落盘
2020-12-17 19:27:24:319  vibration4完成落盘
2020-12-17 19:27:28:515  vibration5完成落盘
2020-12-17 19:27:32:704  vibration6完成落盘
2020-12-17 19:27:36:875  vibration7完成落盘
2020-12-17 19:27:41:061  vibration8完成落盘
2020-12-17 19:27:45:308  magnetic1完成落盘
2020-12-17 19:27:49:511  magnetic2完成落盘
2020-12-17 19:27:53:705  magnetic3完成落盘
2020-12-17 19:27:57:899  magnetic4完成落盘
2020-12-17 19:28:01:902  temperate1完成落盘
2020-12-17 19:28:05:908  temperate2完成落盘
2020-12-17 19:28:09:917  temperate3完成落盘
2020-12-17 19:28:13:930  temperate4完成落盘
2020-12-17 19:28:13:938  开始处理数据
2020-12-17 19:28:14:495  右侧计算完成
2020-12-17 19:28:14:954  左侧计算完成
2020-12-17 19:28:14:956  检查结果数据
2020-12-17 19:28:14:958  通知桌面显示数据
2020-12-17 19:28:14:975  开始写入数据库
2020-12-17 19:28:15:002  预警及报警参数加载完成
2020-12-17 19:28:15:004  数据库打开成功
2020-12-17 19:28:15:005  train_info数据表写入成功
2020-12-17 19:28:15:188  train_onlyid读取成功
2020-12-17 19:28:15:189  train_data数据表写入成功
2020-12-17 19:28:15:191  vt_info数据表，第0次写入成功
2020-12-17 19:28:15:192  vt_info数据表，第1次写入成功
2020-12-17 19:28:15:194  vt_info数据表，第2次写入成功
2020-12-17 19:28:15:195  vt_info数据表，第3次写入成功
2020-12-17 19:28:15:197  vt_info数据表，第4次写入成功
2020-12-17 19:28:15:198  vt_info数据表，第5次写入成功
2020-12-17 19:28:15:200  vt_info数据表，第6次写入成功
2020-12-17 19:28:15:202  vt_info数据表，第7次写入成功
2020-12-17 19:28:15:203  vt_info数据表，第8次写入成功
2020-12-17 19:28:15:205  vt_info数据表，第9次写入成功
2020-12-17 19:28:15:207  vt_info数据表，第10次写入成功
2020-12-17 19:28:15:208  vt_info数据表，第11次写入成功
2020-12-17 19:28:15:210  vt_info数据表，第12次写入成功
2020-12-17 19:28:15:211  vt_info数据表，第13次写入成功
2020-12-17 19:28:15:213  vt_info数据表，第14次写入成功
2020-12-17 19:28:15:215  vt_info数据表，第15次写入成功
2020-12-17 19:28:15:248  vt_info数据表，第16次写入成功
2020-12-17 19:28:15:249  vt_info数据表，第17次写入成功
2020-12-17 19:28:15:251  vt_info数据表，第18次写入成功
2020-12-17 19:28:15:252  vt_info数据表，第19次写入成功
2020-12-17 19:28:15:254  vt_info数据表，第20次写入成功
2020-12-17 19:28:15:256  vt_info数据表，第21次写入成功
2020-12-17 19:28:15:257  vt_info数据表，第22次写入成功
2020-12-17 19:28:15:259  vt_info数据表，第23次写入成功
2020-12-17 19:28:15:260  vt_info数据表，第24次写入成功
2020-12-17 19:28:15:262  vt_info数据表，第25次写入成功
2020-12-17 19:28:15:264  vt_info数据表，第26次写入成功
2020-12-17 19:28:15:265  vt_info数据表，第27次写入成功
2020-12-17 19:28:15:267  vt_info数据表，第28次写入成功
2020-12-17 19:28:15:268  vt_info数据表，第29次写入成功
2020-12-17 19:28:15:270  vt_info数据表，第30次写入成功
2020-12-17 19:28:15:271  vt_info数据表，第31次写入成功
2020-12-17 19:28:15:304  vt_info数据表，第32次写入成功
2020-12-17 19:28:15:306  vt_info数据表，第33次写入成功
2020-12-17 19:28:15:307  vt_info数据表，第34次写入成功
2020-12-17 19:28:15:309  vt_info数据表，第35次写入成功
2020-12-17 19:28:15:310  vt_info数据表，第36次写入成功
2020-12-17 19:28:15:312  vt_info数据表，第37次写入成功
2020-12-17 19:28:15:314  vt_info数据表，第38次写入成功
2020-12-17 19:28:15:315  vt_info数据表，第39次写入成功
2020-12-17 19:28:15:317  vt_info数据表，第40次写入成功
2020-12-17 19:28:15:318  vt_info数据表，第41次写入成功
2020-12-17 19:28:15:320  vt_info数据表，第42次写入成功
2020-12-17 19:28:15:322  vt_info数据表，第43次写入成功
2020-12-17 19:28:15:323  vt_info数据表，第44次写入成功
2020-12-17 19:28:15:325  vt_info数据表，第45次写入成功
2020-12-17 19:28:15:327  vt_info数据表，第46次写入成功
2020-12-17 19:28:15:328  vt_info数据表，第47次写入成功
2020-12-17 19:28:15:371  motor_info数据表，第0次写入成功
2020-12-17 19:28:15:373  motor_info数据表，第1次写入成功
2020-12-17 19:28:15:375  motor_info数据表，第2次写入成功
2020-12-17 19:28:15:376  motor_info数据表，第3次写入成功
2020-12-17 19:28:15:378  motor_info数据表，第4次写入成功
2020-12-17 19:28:15:379  motor_info数据表，第5次写入成功
2020-12-17 19:28:15:381  motor_info数据表，第6次写入成功
2020-12-17 19:28:15:382  motor_info数据表，第7次写入成功
2020-12-17 19:28:15:384  motor_info数据表，第8次写入成功
2020-12-17 19:28:15:386  motor_info数据表，第9次写入成功
2020-12-17 19:28:15:387  motor_info数据表，第10次写入成功
2020-12-17 19:28:15:389  motor_info数据表，第11次写入成功
2020-12-17 19:28:15:390  motor_info数据表，第12次写入成功
2020-12-17 19:28:15:392  motor_info数据表，第13次写入成功
2020-12-17 19:28:15:393  motor_info数据表，第14次写入成功
2020-12-17 19:28:15:395  motor_info数据表，第15次写入成功
2020-12-17 19:28:15:396  数据库关闭！
2020-12-17 19:35:10:123  收到来车信号，流水号：20201217193510，所有设备开始采集
2020-12-17 19:35:10:190  开启A/D采集
2020-12-17 19:35:31:516  收到离车信号，流水号：20201217193510，线号：14，车号：039040，主控端：0，所有设备停止采集
2020-12-17 19:35:31:550  收到停止采集命令，开始停止采集
2020-12-17 19:35:31:588  停止采集数据
2020-12-17 19:35:31:590  采集连接已断开
2020-12-17 19:35:31:592  开始数据分析和落盘
2020-12-17 19:35:36:207  vibration1完成落盘
2020-12-17 19:35:40:423  vibration2完成落盘
2020-12-17 19:35:44:614  vibration3完成落盘
2020-12-17 19:35:48:809  vibration4完成落盘
2020-12-17 19:35:53:006  vibration5完成落盘
2020-12-17 19:35:57:216  vibration6完成落盘
2020-12-17 19:36:01:426  vibration7完成落盘
2020-12-17 19:36:05:628  vibration8完成落盘
2020-12-17 19:36:09:853  magnetic1完成落盘
2020-12-17 19:36:14:085  magnetic2完成落盘
2020-12-17 19:36:18:219  magnetic3完成落盘
2020-12-17 19:36:22:406  magnetic4完成落盘
2020-12-17 19:36:26:356  temperate1完成落盘
2020-12-17 19:36:30:384  temperate2完成落盘
2020-12-17 19:36:34:245  temperate3完成落盘
2020-12-17 19:36:38:285  temperate4完成落盘
2020-12-17 19:36:38:291  开始处理数据
2020-12-17 19:36:38:850  右侧计算完成
2020-12-17 19:36:39:303  左侧计算完成
2020-12-17 19:36:39:305  检查结果数据
2020-12-17 19:36:39:306  通知桌面显示数据
2020-12-17 19:36:39:323  开始写入数据库
2020-12-17 19:36:39:351  预警及报警参数加载完成
2020-12-17 19:36:39:353  数据库打开成功
2020-12-17 19:36:39:354  train_info数据表写入成功
2020-12-17 19:36:39:533  train_onlyid读取成功
2020-12-17 19:36:39:535  train_data数据表写入成功
2020-12-17 19:36:39:536  vt_info数据表，第0次写入成功
2020-12-17 19:36:39:538  vt_info数据表，第1次写入成功
2020-12-17 19:36:39:540  vt_info数据表，第2次写入成功
2020-12-17 19:36:39:541  vt_info数据表，第3次写入成功
2020-12-17 19:36:39:543  vt_info数据表，第4次写入成功
2020-12-17 19:36:39:544  vt_info数据表，第5次写入成功
2020-12-17 19:36:39:546  vt_info数据表，第6次写入成功
2020-12-17 19:36:39:547  vt_info数据表，第7次写入成功
2020-12-17 19:36:39:549  vt_info数据表，第8次写入成功
2020-12-17 19:36:39:551  vt_info数据表，第9次写入成功
2020-12-17 19:36:39:552  vt_info数据表，第10次写入成功
2020-12-17 19:36:39:554  vt_info数据表，第11次写入成功
2020-12-17 19:36:39:556  vt_info数据表，第12次写入成功
2020-12-17 19:36:39:557  vt_info数据表，第13次写入成功
2020-12-17 19:36:39:559  vt_info数据表，第14次写入成功
2020-12-17 19:36:39:591  vt_info数据表，第15次写入成功
2020-12-17 19:36:39:593  vt_info数据表，第16次写入成功
2020-12-17 19:36:39:595  vt_info数据表，第17次写入成功
2020-12-17 19:36:39:596  vt_info数据表，第18次写入成功
2020-12-17 19:36:39:598  vt_info数据表，第19次写入成功
2020-12-17 19:36:39:599  vt_info数据表，第20次写入成功
2020-12-17 19:36:39:601  vt_info数据表，第21次写入成功
2020-12-17 19:36:39:603  vt_info数据表，第22次写入成功
2020-12-17 19:36:39:604  vt_info数据表，第23次写入成功
2020-12-17 19:36:39:606  vt_info数据表，第24次写入成功
2020-12-17 19:36:39:608  vt_info数据表，第25次写入成功
2020-12-17 19:36:39:609  vt_info数据表，第26次写入成功
2020-12-17 19:36:39:611  vt_info数据表，第27次写入成功
2020-12-17 19:36:39:612  vt_info数据表，第28次写入成功
2020-12-17 19:36:39:614  vt_info数据表，第29次写入成功
2020-12-17 19:36:39:616  vt_info数据表，第30次写入成功
2020-12-17 19:36:39:648  vt_info数据表，第31次写入成功
2020-12-17 19:36:39:650  vt_info数据表，第32次写入成功
2020-12-17 19:36:39:652  vt_info数据表，第33次写入成功
2020-12-17 19:36:39:653  vt_info数据表，第34次写入成功
2020-12-17 19:36:39:655  vt_info数据表，第35次写入成功
2020-12-17 19:36:39:657  vt_info数据表，第36次写入成功
2020-12-17 19:36:39:658  vt_info数据表，第37次写入成功
2020-12-17 19:36:39:660  vt_info数据表，第38次写入成功
2020-12-17 19:36:39:661  vt_info数据表，第39次写入成功
2020-12-17 19:36:39:663  vt_info数据表，第40次写入成功
2020-12-17 19:36:39:665  vt_info数据表，第41次写入成功
2020-12-17 19:36:39:666  vt_info数据表，第42次写入成功
2020-12-17 19:36:39:668  vt_info数据表，第43次写入成功
2020-12-17 19:36:39:670  vt_info数据表，第44次写入成功
2020-12-17 19:36:39:671  vt_info数据表，第45次写入成功
2020-12-17 19:36:39:673  vt_info数据表，第46次写入成功
2020-12-17 19:36:39:714  vt_info数据表，第47次写入成功
2020-12-17 19:36:39:716  motor_info数据表，第0次写入成功
2020-12-17 19:36:39:717  motor_info数据表，第1次写入成功
2020-12-17 19:36:39:719  motor_info数据表，第2次写入成功
2020-12-17 19:36:39:720  motor_info数据表，第3次写入成功
2020-12-17 19:36:39:722  motor_info数据表，第4次写入成功
2020-12-17 19:36:39:723  motor_info数据表，第5次写入成功
2020-12-17 19:36:39:725  motor_info数据表，第6次写入成功
2020-12-17 19:36:39:726  motor_info数据表，第7次写入成功
2020-12-17 19:36:39:728  motor_info数据表，第8次写入成功
2020-12-17 19:36:39:730  motor_info数据表，第9次写入成功
2020-12-17 19:36:39:731  motor_info数据表，第10次写入成功
2020-12-17 19:36:39:733  motor_info数据表，第11次写入成功
2020-12-17 19:36:39:734  motor_info数据表，第12次写入成功
2020-12-17 19:36:39:736  motor_info数据表，第13次写入成功
2020-12-17 19:36:39:737  motor_info数据表，第14次写入成功
2020-12-17 19:36:39:739  motor_info数据表，第15次写入成功
2020-12-17 19:36:39:740  数据库关闭！
2020-12-17 19:40:49:020  收到来车信号，流水号：20201217194048，所有设备开始采集
2020-12-17 19:40:49:087  开启A/D采集
2020-12-17 19:41:10:376  收到离车信号，流水号：20201217194048，线号：14，车号：001002，主控端：1，所有设备停止采集
2020-12-17 19:41:10:409  收到停止采集命令，开始停止采集
2020-12-17 19:41:10:446  停止采集数据
2020-12-17 19:41:10:448  采集连接已断开
2020-12-17 19:41:10:449  开始数据分析和落盘
2020-12-17 19:41:15:283  vibration1完成落盘
2020-12-17 19:41:19:496  vibration2完成落盘
2020-12-17 19:41:23:654  vibration3完成落盘
2020-12-17 19:41:27:850  vibration4完成落盘
2020-12-17 19:41:32:057  vibration5完成落盘
2020-12-17 19:41:36:254  vibration6完成落盘
2020-12-17 19:41:40:440  vibration7完成落盘
2020-12-17 19:41:44:648  vibration8完成落盘
2020-12-17 19:41:48:907  magnetic1完成落盘
2020-12-17 19:41:53:099  magnetic2完成落盘
2020-12-17 19:41:57:302  magnetic3完成落盘
2020-12-17 19:42:01:491  magnetic4完成落盘
2020-12-17 19:42:05:482  temperate1完成落盘
2020-12-17 19:42:09:502  temperate2完成落盘
2020-12-17 19:42:13:517  temperate3完成落盘
2020-12-17 19:42:17:544  temperate4完成落盘
2020-12-17 19:42:17:551  开始处理数据
2020-12-17 19:42:18:107  右侧计算完成
2020-12-17 19:42:18:556  左侧计算完成
2020-12-17 19:42:18:558  检查结果数据
2020-12-17 19:42:18:560  通知桌面显示数据
2020-12-17 19:42:18:577  开始写入数据库
2020-12-17 19:42:18:605  预警及报警参数加载完成
2020-12-17 19:42:18:607  数据库打开成功
2020-12-17 19:42:18:609  train_info数据表写入成功
2020-12-17 19:42:18:787  train_onlyid读取成功
2020-12-17 19:42:18:788  train_data数据表写入成功
2020-12-17 19:42:18:790  vt_info数据表，第0次写入成功
2020-12-17 19:42:18:791  vt_info数据表，第1次写入成功
2020-12-17 19:42:18:793  vt_info数据表，第2次写入成功
2020-12-17 19:42:18:794  vt_info数据表，第3次写入成功
2020-12-17 19:42:18:796  vt_info数据表，第4次写入成功
2020-12-17 19:42:18:797  vt_info数据表，第5次写入成功
2020-12-17 19:42:18:799  vt_info数据表，第6次写入成功
2020-12-17 19:42:18:800  vt_info数据表，第7次写入成功
2020-12-17 19:42:18:802  vt_info数据表，第8次写入成功
2020-12-17 19:42:18:803  vt_info数据表，第9次写入成功
2020-12-17 19:42:18:805  vt_info数据表，第10次写入成功
2020-12-17 19:42:18:806  vt_info数据表，第11次写入成功
2020-12-17 19:42:18:808  vt_info数据表，第12次写入成功
2020-12-17 19:42:18:809  vt_info数据表，第13次写入成功
2020-12-17 19:42:18:811  vt_info数据表，第14次写入成功
2020-12-17 19:42:18:842  vt_info数据表，第15次写入成功
2020-12-17 19:42:18:844  vt_info数据表，第16次写入成功
2020-12-17 19:42:18:845  vt_info数据表，第17次写入成功
2020-12-17 19:42:18:847  vt_info数据表，第18次写入成功
2020-12-17 19:42:18:849  vt_info数据表，第19次写入成功
2020-12-17 19:42:18:850  vt_info数据表，第20次写入成功
2020-12-17 19:42:18:852  vt_info数据表，第21次写入成功
2020-12-17 19:42:18:854  vt_info数据表，第22次写入成功
2020-12-17 19:42:18:855  vt_info数据表，第23次写入成功
2020-12-17 19:42:18:857  vt_info数据表，第24次写入成功
2020-12-17 19:42:18:858  vt_info数据表，第25次写入成功
2020-12-17 19:42:18:860  vt_info数据表，第26次写入成功
2020-12-17 19:42:18:862  vt_info数据表，第27次写入成功
2020-12-17 19:42:18:863  vt_info数据表，第28次写入成功
2020-12-17 19:42:18:865  vt_info数据表，第29次写入成功
2020-12-17 19:42:18:897  vt_info数据表，第30次写入成功
2020-12-17 19:42:18:899  vt_info数据表，第31次写入成功
2020-12-17 19:42:18:900  vt_info数据表，第32次写入成功
2020-12-17 19:42:18:902  vt_info数据表，第33次写入成功
2020-12-17 19:42:18:903  vt_info数据表，第34次写入成功
2020-12-17 19:42:18:905  vt_info数据表，第35次写入成功
2020-12-17 19:42:18:907  vt_info数据表，第36次写入成功
2020-12-17 19:42:18:908  vt_info数据表，第37次写入成功
2020-12-17 19:42:18:910  vt_info数据表，第38次写入成功
2020-12-17 19:42:18:911  vt_info数据表，第39次写入成功
2020-12-17 19:42:18:913  vt_info数据表，第40次写入成功
2020-12-17 19:42:18:914  vt_info数据表，第41次写入成功
2020-12-17 19:42:18:916  vt_info数据表，第42次写入成功
2020-12-17 19:42:18:918  vt_info数据表，第43次写入成功
2020-12-17 19:42:18:920  vt_info数据表，第44次写入成功
2020-12-17 19:42:18:960  vt_info数据表，第45次写入成功
2020-12-17 19:42:18:962  vt_info数据表，第46次写入成功
2020-12-17 19:42:18:964  vt_info数据表，第47次写入成功
2020-12-17 19:42:18:965  motor_info数据表，第0次写入成功
2020-12-17 19:42:18:967  motor_info数据表，第1次写入成功
2020-12-17 19:42:18:968  motor_info数据表，第2次写入成功
2020-12-17 19:42:18:970  motor_info数据表，第3次写入成功
2020-12-17 19:42:18:971  motor_info数据表，第4次写入成功
2020-12-17 19:42:18:972  motor_info数据表，第5次写入成功
2020-12-17 19:42:18:974  motor_info数据表，第6次写入成功
2020-12-17 19:42:18:975  motor_info数据表，第7次写入成功
2020-12-17 19:42:18:977  motor_info数据表，第8次写入成功
2020-12-17 19:42:18:978  motor_info数据表，第9次写入成功
2020-12-17 19:42:18:980  motor_info数据表，第10次写入成功
2020-12-17 19:42:18:982  motor_info数据表，第11次写入成功
2020-12-17 19:42:18:983  motor_info数据表，第12次写入成功
2020-12-17 19:42:18:984  motor_info数据表，第13次写入成功
2020-12-17 19:42:18:986  motor_info数据表，第14次写入成功
2020-12-17 19:42:18:988  motor_info数据表，第15次写入成功
2020-12-17 19:42:18:989  数据库关闭！
2020-12-17 19:44:40:823  收到来车信号，流水号：20201217194440，所有设备开始采集
2020-12-17 19:44:40:892  开启A/D采集
2020-12-17 19:45:02:321  收到离车信号，流水号：20201217194440，线号：14，车号：049050，主控端：0，所有设备停止采集
2020-12-17 19:45:02:356  收到停止采集命令，开始停止采集
2020-12-17 19:45:02:394  停止采集数据
2020-12-17 19:45:02:395  采集连接已断开
2020-12-17 19:45:02:397  开始数据分析和落盘
2020-12-17 19:45:07:150  vibration1完成落盘
2020-12-17 19:45:11:392  vibration2完成落盘
2020-12-17 19:45:15:620  vibration3完成落盘
2020-12-17 19:45:19:888  vibration4完成落盘
2020-12-17 19:45:23:820  vibration5完成落盘
2020-12-17 19:45:28:043  vibration6完成落盘
2020-12-17 19:45:32:175  vibration7完成落盘
2020-12-17 19:45:36:391  vibration8完成落盘
2020-12-17 19:45:40:701  magnetic1完成落盘
2020-12-17 19:45:44:942  magnetic2完成落盘
2020-12-17 19:45:49:139  magnetic3完成落盘
2020-12-17 19:45:53:293  magnetic4完成落盘
2020-12-17 19:45:57:295  temperate1完成落盘
2020-12-17 19:46:01:320  temperate2完成落盘
2020-12-17 19:46:05:364  temperate3完成落盘
2020-12-17 19:46:09:424  temperate4完成落盘
2020-12-17 19:46:09:432  开始处理数据
2020-12-17 19:46:10:038  右侧计算完成
2020-12-17 19:46:10:544  左侧计算完成
2020-12-17 19:46:10:545  检查结果数据
2020-12-17 19:46:10:547  通知桌面显示数据
2020-12-17 19:46:10:564  开始写入数据库
2020-12-17 19:46:10:593  预警及报警参数加载完成
2020-12-17 19:46:10:594  数据库打开成功
2020-12-17 19:46:10:596  train_info数据表写入成功
2020-12-17 19:46:10:778  train_onlyid读取成功
2020-12-17 19:46:10:779  train_data数据表写入成功
2020-12-17 19:46:10:781  vt_info数据表，第0次写入成功
2020-12-17 19:46:10:782  vt_info数据表，第1次写入成功
2020-12-17 19:46:10:784  vt_info数据表，第2次写入成功
2020-12-17 19:46:10:785  vt_info数据表，第3次写入成功
2020-12-17 19:46:10:787  vt_info数据表，第4次写入成功
2020-12-17 19:46:10:788  vt_info数据表，第5次写入成功
2020-12-17 19:46:10:790  vt_info数据表，第6次写入成功
2020-12-17 19:46:10:792  vt_info数据表，第7次写入成功
2020-12-17 19:46:10:793  vt_info数据表，第8次写入成功
2020-12-17 19:46:10:795  vt_info数据表，第9次写入成功
2020-12-17 19:46:10:796  vt_info数据表，第10次写入成功
2020-12-17 19:46:10:798  vt_info数据表，第11次写入成功
2020-12-17 19:46:10:799  vt_info数据表，第12次写入成功
2020-12-17 19:46:10:801  vt_info数据表，第13次写入成功
2020-12-17 19:46:10:802  vt_info数据表，第14次写入成功
2020-12-17 19:46:10:804  vt_info数据表，第15次写入成功
2020-12-17 19:46:10:836  vt_info数据表，第16次写入成功
2020-12-17 19:46:10:838  vt_info数据表，第17次写入成功
2020-12-17 19:46:10:840  vt_info数据表，第18次写入成功
2020-12-17 19:46:10:841  vt_info数据表，第19次写入成功
2020-12-17 19:46:10:843  vt_info数据表，第20次写入成功
2020-12-17 19:46:10:844  vt_info数据表，第21次写入成功
2020-12-17 19:46:10:846  vt_info数据表，第22次写入成功
2020-12-17 19:46:10:848  vt_info数据表，第23次写入成功
2020-12-17 19:46:10:849  vt_info数据表，第24次写入成功
2020-12-17 19:46:10:851  vt_info数据表，第25次写入成功
2020-12-17 19:46:10:853  vt_info数据表，第26次写入成功
2020-12-17 19:46:10:854  vt_info数据表，第27次写入成功
2020-12-17 19:46:10:856  vt_info数据表，第28次写入成功
2020-12-17 19:46:10:857  vt_info数据表，第29次写入成功
2020-12-17 19:46:10:859  vt_info数据表，第30次写入成功
2020-12-17 19:46:10:861  vt_info数据表，第31次写入成功
2020-12-17 19:46:10:862  vt_info数据表，第32次写入成功
2020-12-17 19:46:10:895  vt_info数据表，第33次写入成功
2020-12-17 19:46:10:897  vt_info数据表，第34次写入成功
2020-12-17 19:46:10:898  vt_info数据表，第35次写入成功
2020-12-17 19:46:10:900  vt_info数据表，第36次写入成功
2020-12-17 19:46:10:901  vt_info数据表，第37次写入成功
2020-12-17 19:46:10:903  vt_info数据表，第38次写入成功
2020-12-17 19:46:10:905  vt_info数据表，第39次写入成功
2020-12-17 19:46:10:906  vt_info数据表，第40次写入成功
2020-12-17 19:46:10:908  vt_info数据表，第41次写入成功
2020-12-17 19:46:10:910  vt_info数据表，第42次写入成功
2020-12-17 19:46:10:911  vt_info数据表，第43次写入成功
2020-12-17 19:46:10:913  vt_info数据表，第44次写入成功
2020-12-17 19:46:10:915  vt_info数据表，第45次写入成功
2020-12-17 19:46:10:916  vt_info数据表，第46次写入成功
2020-12-17 19:46:10:918  vt_info数据表，第47次写入成功
2020-12-17 19:46:10:919  motor_info数据表，第0次写入成功
2020-12-17 19:46:10:921  motor_info数据表，第1次写入成功
2020-12-17 19:46:10:923  motor_info数据表，第2次写入成功
2020-12-17 19:46:10:965  motor_info数据表，第3次写入成功
2020-12-17 19:46:10:966  motor_info数据表，第4次写入成功
2020-12-17 19:46:10:968  motor_info数据表，第5次写入成功
2020-12-17 19:46:10:970  motor_info数据表，第6次写入成功
2020-12-17 19:46:10:971  motor_info数据表，第7次写入成功
2020-12-17 19:46:10:973  motor_info数据表，第8次写入成功
2020-12-17 19:46:10:974  motor_info数据表，第9次写入成功
2020-12-17 19:46:10:976  motor_info数据表，第10次写入成功
2020-12-17 19:46:10:978  motor_info数据表，第11次写入成功
2020-12-17 19:46:10:979  motor_info数据表，第12次写入成功
2020-12-17 19:46:10:981  motor_info数据表，第13次写入成功
2020-12-17 19:46:10:982  motor_info数据表，第14次写入成功
2020-12-17 19:46:10:984  motor_info数据表，第15次写入成功
2020-12-17 19:46:10:985  数据库关闭！
2020-12-17 19:51:49:624  收到来车信号，流水号：20201217195149，所有设备开始采集
2020-12-17 19:51:49:690  开启A/D采集
2020-12-17 19:52:11:118  收到离车信号，流水号：20201217195149，线号：14，车号：009010，主控端：1，所有设备停止采集
2020-12-17 19:52:11:152  收到停止采集命令，开始停止采集
2020-12-17 19:52:11:188  停止采集数据
2020-12-17 19:52:11:190  采集连接已断开
2020-12-17 19:52:11:191  开始数据分析和落盘
2020-12-17 19:52:15:978  vibration1完成落盘
2020-12-17 19:52:20:203  vibration2完成落盘
2020-12-17 19:52:24:334  vibration3完成落盘
2020-12-17 19:52:28:557  vibration4完成落盘
2020-12-17 19:52:32:728  vibration5完成落盘
2020-12-17 19:52:36:960  vibration6完成落盘
2020-12-17 19:52:41:110  vibration7完成落盘
2020-12-17 19:52:45:293  vibration8完成落盘
2020-12-17 19:52:49:494  magnetic1完成落盘
2020-12-17 19:52:53:712  magnetic2完成落盘
2020-12-17 19:52:57:647  magnetic3完成落盘
2020-12-17 19:53:01:861  magnetic4完成落盘
2020-12-17 19:53:05:856  temperate1完成落盘
2020-12-17 19:53:09:932  temperate2完成落盘
2020-12-17 19:53:13:993  temperate3完成落盘
2020-12-17 19:53:18:051  temperate4完成落盘
2020-12-17 19:53:18:057  开始处理数据
2020-12-17 19:53:18:619  右侧计算完成
2020-12-17 19:53:19:081  左侧计算完成
2020-12-17 19:53:19:083  检查结果数据
2020-12-17 19:53:19:084  通知桌面显示数据
2020-12-17 19:53:19:101  开始写入数据库
2020-12-17 19:53:19:129  预警及报警参数加载完成
2020-12-17 19:53:19:131  数据库打开成功
2020-12-17 19:53:19:132  train_info数据表写入成功
2020-12-17 19:53:19:312  train_onlyid读取成功
2020-12-17 19:53:19:313  train_data数据表写入成功
2020-12-17 19:53:19:315  vt_info数据表，第0次写入成功
2020-12-17 19:53:19:317  vt_info数据表，第1次写入成功
2020-12-17 19:53:19:318  vt_info数据表，第2次写入成功
2020-12-17 19:53:19:320  vt_info数据表，第3次写入成功
2020-12-17 19:53:19:321  vt_info数据表，第4次写入成功
2020-12-17 19:53:19:323  vt_info数据表，第5次写入成功
2020-12-17 19:53:19:324  vt_info数据表，第6次写入成功
2020-12-17 19:53:19:326  vt_info数据表，第7次写入成功
2020-12-17 19:53:19:327  vt_info数据表，第8次写入成功
2020-12-17 19:53:19:329  vt_info数据表，第9次写入成功
2020-12-17 19:53:19:331  vt_info数据表，第10次写入成功
2020-12-17 19:53:19:332  vt_info数据表，第11次写入成功
2020-12-17 19:53:19:334  vt_info数据表，第12次写入成功
2020-12-17 19:53:19:335  vt_info数据表，第13次写入成功
2020-12-17 19:53:19:337  vt_info数据表，第14次写入成功
2020-12-17 19:53:19:370  vt_info数据表，第15次写入成功
2020-12-17 19:53:19:371  vt_info数据表，第16次写入成功
2020-12-17 19:53:19:373  vt_info数据表，第17次写入成功
2020-12-17 19:53:19:374  vt_info数据表，第18次写入成功
2020-12-17 19:53:19:376  vt_info数据表，第19次写入成功
2020-12-17 19:53:19:378  vt_info数据表，第20次写入成功
2020-12-17 19:53:19:379  vt_info数据表，第21次写入成功
2020-12-17 19:53:19:381  vt_info数据表，第22次写入成功
2020-12-17 19:53:19:383  vt_info数据表，第23次写入成功
2020-12-17 19:53:19:384  vt_info数据表，第24次写入成功
2020-12-17 19:53:19:386  vt_info数据表，第25次写入成功
2020-12-17 19:53:19:387  vt_info数据表，第26次写入成功
2020-12-17 19:53:19:389  vt_info数据表，第27次写入成功
2020-12-17 19:53:19:390  vt_info数据表，第28次写入成功
2020-12-17 19:53:19:392  vt_info数据表，第29次写入成功
2020-12-17 19:53:19:394  vt_info数据表，第30次写入成功
2020-12-17 19:53:19:426  vt_info数据表，第31次写入成功
2020-12-17 19:53:19:428  vt_info数据表，第32次写入成功
2020-12-17 19:53:19:430  vt_info数据表，第33次写入成功
2020-12-17 19:53:19:432  vt_info数据表，第34次写入成功
2020-12-17 19:53:19:433  vt_info数据表，第35次写入成功
2020-12-17 19:53:19:435  vt_info数据表，第36次写入成功
2020-12-17 19:53:19:436  vt_info数据表，第37次写入成功
2020-12-17 19:53:19:438  vt_info数据表，第38次写入成功
2020-12-17 19:53:19:440  vt_info数据表，第39次写入成功
2020-12-17 19:53:19:441  vt_info数据表，第40次写入成功
2020-12-17 19:53:19:443  vt_info数据表，第41次写入成功
2020-12-17 19:53:19:444  vt_info数据表，第42次写入成功
2020-12-17 19:53:19:446  vt_info数据表，第43次写入成功
2020-12-17 19:53:19:448  vt_info数据表，第44次写入成功
2020-12-17 19:53:19:449  vt_info数据表，第45次写入成功
2020-12-17 19:53:19:451  vt_info数据表，第46次写入成功
2020-12-17 19:53:19:492  vt_info数据表，第47次写入成功
2020-12-17 19:53:19:494  motor_info数据表，第0次写入成功
2020-12-17 19:53:19:495  motor_info数据表，第1次写入成功
2020-12-17 19:53:19:497  motor_info数据表，第2次写入成功
2020-12-17 19:53:19:498  motor_info数据表，第3次写入成功
2020-12-17 19:53:19:500  motor_info数据表，第4次写入成功
2020-12-17 19:53:19:502  motor_info数据表，第5次写入成功
2020-12-17 19:53:19:503  motor_info数据表，第6次写入成功
2020-12-17 19:53:19:505  motor_info数据表，第7次写入成功
2020-12-17 19:53:19:506  motor_info数据表，第8次写入成功
2020-12-17 19:53:19:508  motor_info数据表，第9次写入成功
2020-12-17 19:53:19:509  motor_info数据表，第10次写入成功
2020-12-17 19:53:19:511  motor_info数据表，第11次写入成功
2020-12-17 19:53:19:512  motor_info数据表，第12次写入成功
2020-12-17 19:53:19:514  motor_info数据表，第13次写入成功
2020-12-17 19:53:19:515  motor_info数据表，第14次写入成功
2020-12-17 19:53:19:517  motor_info数据表，第15次写入成功
2020-12-17 19:53:19:518  数据库关闭！
