2022-06-27 12:39:42:948  本地IP：127.0.0.1
2022-06-27 12:39:42:962  本地端口号：4500
2022-06-27 12:39:43:000  通讯模块设置成功
2022-06-27 12:39:43:013  综合数据盒连接IP：192.168.1.198
2022-06-27 12:39:43:015  正在打开设备...
2022-06-27 12:39:46:992  正在读取检测数据...
2022-06-27 12:39:52:521  开始处理数据
2022-06-27 12:39:52:762  右侧计算完成
2022-06-27 12:39:52:949  左侧计算完成
2022-06-27 12:39:52:950  检查结果数据
2022-06-27 12:39:52:954  通知桌面显示数据
2022-06-27 12:39:53:021  开始写入数据库
2022-06-27 12:45:13:155  本地IP：127.0.0.1
2022-06-27 12:45:13:165  本地端口号：4500
2022-06-27 12:45:13:194  通讯模块设置成功
2022-06-27 12:45:13:208  综合数据盒连接IP：192.168.1.198
2022-06-27 12:45:13:210  正在打开设备...
2022-06-27 12:45:16:815  正在读取检测数据...
2022-06-27 12:45:22:052  开始处理数据
2022-06-27 12:45:22:277  右侧计算完成
2022-06-27 12:45:22:453  左侧计算完成
2022-06-27 12:45:22:455  检查结果数据
2022-06-27 12:45:22:458  通知桌面显示数据
2022-06-27 12:45:22:511  开始写入数据库
2022-06-27 12:45:22:653  预警及报警参数加载完成
2022-06-27 12:45:22:655  数据库打开成功
2022-06-27 12:45:22:658  train_info数据表写入成功
2022-06-27 12:45:22:660  train_onlyid读取成功
2022-06-27 12:45:22:662  train_data数据表写入成功
2022-06-27 12:45:22:663  vt_info数据表，第0次写入成功
2022-06-27 12:45:22:665  vt_info数据表，第1次写入成功
2022-06-27 12:45:22:666  vt_info数据表，第2次写入成功
2022-06-27 12:45:22:668  vt_info数据表，第3次写入成功
2022-06-27 12:45:22:670  vt_info数据表，第4次写入成功
2022-06-27 12:45:22:671  vt_info数据表，第5次写入成功
2022-06-27 12:45:22:756  vt_info数据表，第6次写入成功
2022-06-27 12:45:22:758  vt_info数据表，第7次写入成功
2022-06-27 12:45:22:760  vt_info数据表，第8次写入成功
2022-06-27 12:45:22:762  vt_info数据表，第9次写入成功
2022-06-27 12:45:22:764  vt_info数据表，第10次写入成功
2022-06-27 12:45:22:766  vt_info数据表，第11次写入成功
2022-06-27 12:45:22:768  vt_info数据表，第12次写入成功
2022-06-27 12:45:22:769  vt_info数据表，第13次写入成功
2022-06-27 12:45:22:771  vt_info数据表，第14次写入成功
2022-06-27 12:45:22:774  vt_info数据表，第15次写入成功
2022-06-27 12:45:22:776  vt_info数据表，第16次写入成功
2022-06-27 12:45:22:778  vt_info数据表，第17次写入成功
2022-06-27 12:45:22:780  vt_info数据表，第18次写入成功
2022-06-27 12:45:22:782  vt_info数据表，第19次写入成功
2022-06-27 12:45:22:783  vt_info数据表，第20次写入成功
2022-06-27 12:45:22:785  vt_info数据表，第21次写入成功
2022-06-27 12:45:22:802  vt_info数据表，第22次写入成功
2022-06-27 12:45:22:804  vt_info数据表，第23次写入成功
2022-06-27 12:45:22:807  vt_info数据表，第24次写入成功
2022-06-27 12:45:22:809  vt_info数据表，第25次写入成功
2022-06-27 12:45:22:811  vt_info数据表，第26次写入成功
2022-06-27 12:45:22:812  vt_info数据表，第27次写入成功
2022-06-27 12:45:22:814  vt_info数据表，第28次写入成功
2022-06-27 12:45:22:829  vt_info数据表，第29次写入成功
2022-06-27 12:45:22:831  vt_info数据表，第30次写入成功
2022-06-27 12:45:22:832  vt_info数据表，第31次写入成功
2022-06-27 12:45:22:847  vt_info数据表，第32次写入成功
2022-06-27 12:45:22:849  vt_info数据表，第33次写入成功
2022-06-27 12:45:22:851  vt_info数据表，第34次写入成功
2022-06-27 12:45:22:869  vt_info数据表，第35次写入成功
2022-06-27 12:45:22:871  vt_info数据表，第36次写入成功
2022-06-27 12:45:22:873  vt_info数据表，第37次写入成功
2022-06-27 12:45:22:888  vt_info数据表，第38次写入成功
2022-06-27 12:45:22:891  vt_info数据表，第39次写入成功
2022-06-27 12:45:22:892  vt_info数据表，第40次写入成功
2022-06-27 12:45:22:908  vt_info数据表，第41次写入成功
2022-06-27 12:45:22:910  vt_info数据表，第42次写入成功
2022-06-27 12:45:22:924  vt_info数据表，第43次写入成功
2022-06-27 12:45:22:926  vt_info数据表，第44次写入成功
2022-06-27 12:45:22:927  vt_info数据表，第45次写入成功
2022-06-27 12:45:22:942  vt_info数据表，第46次写入成功
2022-06-27 12:45:22:944  vt_info数据表，第47次写入成功
2022-06-27 12:45:22:945  motor_info数据表，第0次写入成功
2022-06-27 12:45:22:963  motor_info数据表，第1次写入成功
2022-06-27 12:45:22:965  motor_info数据表，第2次写入成功
2022-06-27 12:45:22:966  motor_info数据表，第3次写入成功
2022-06-27 12:45:22:969  motor_info数据表，第4次写入成功
2022-06-27 12:45:22:984  motor_info数据表，第5次写入成功
2022-06-27 12:45:22:986  motor_info数据表，第6次写入成功
2022-06-27 12:45:22:987  motor_info数据表，第7次写入成功
2022-06-27 12:45:23:004  motor_info数据表，第8次写入成功
2022-06-27 12:45:23:006  motor_info数据表，第9次写入成功
2022-06-27 12:45:23:009  motor_info数据表，第10次写入成功
2022-06-27 12:45:23:024  motor_info数据表，第11次写入成功
2022-06-27 12:45:23:026  motor_info数据表，第12次写入成功
2022-06-27 12:45:23:027  motor_info数据表，第13次写入成功
2022-06-27 12:47:30:501  本地IP：127.0.0.1
2022-06-27 12:47:30:513  本地端口号：4500
2022-06-27 12:47:30:549  通讯模块设置成功
2022-06-27 12:47:30:562  综合数据盒连接IP：192.168.1.198
2022-06-27 12:47:30:563  正在打开设备...
2022-06-27 12:47:33:942  正在读取检测数据...
2022-06-27 12:47:39:045  开始处理数据
2022-06-27 12:47:39:269  右侧计算完成
2022-06-27 12:47:39:451  左侧计算完成
2022-06-27 12:47:39:452  检查结果数据
2022-06-27 12:47:39:456  通知桌面显示数据
2022-06-27 12:47:39:503  开始写入数据库
2022-06-27 12:47:39:666  预警及报警参数加载完成
2022-06-27 12:47:39:668  数据库打开成功
2022-06-27 12:47:39:669  train_info数据表写入成功
2022-06-27 12:47:39:671  train_onlyid读取成功
2022-06-27 12:47:39:674  train_data数据表写入成功
2022-06-27 12:47:39:676  train_fault数据表写入1、2成功
2022-06-27 12:47:39:678  train_fault数据表写入3、2成功
2022-06-27 12:47:39:680  vt_info数据表，第0次写入成功
2022-06-27 12:47:39:682  vt_info数据表，第1次写入成功
2022-06-27 12:47:39:684  vt_info数据表，第2次写入成功
2022-06-27 12:47:39:685  vt_info数据表，第3次写入成功
2022-06-27 12:47:39:688  vt_info数据表，第4次写入成功
2022-06-27 12:47:39:691  vt_info数据表，第5次写入成功
2022-06-27 12:47:39:833  vt_info数据表，第6次写入成功
2022-06-27 12:47:39:835  vt_info数据表，第7次写入成功
2022-06-27 12:47:39:837  vt_info数据表，第8次写入成功
2022-06-27 12:47:39:841  vt_info数据表，第9次写入成功
2022-06-27 12:47:39:843  vt_info数据表，第10次写入成功
2022-06-27 12:47:39:845  vt_info数据表，第11次写入成功
2022-06-27 12:47:39:851  vt_info数据表，第12次写入成功
2022-06-27 12:47:39:853  vt_info数据表，第13次写入成功
2022-06-27 12:47:39:854  vt_info数据表，第14次写入成功
2022-06-27 12:47:39:860  vt_info数据表，第15次写入成功
2022-06-27 12:47:39:865  vt_info数据表，第16次写入成功
2022-06-27 12:47:39:867  vt_info数据表，第17次写入成功
2022-06-27 12:47:39:869  vt_info数据表，第18次写入成功
2022-06-27 12:47:39:874  vt_info数据表，第19次写入成功
2022-06-27 12:47:39:879  vt_info数据表，第20次写入成功
2022-06-27 12:47:39:881  vt_info数据表，第21次写入成功
2022-06-27 12:47:39:883  vt_info数据表，第22次写入成功
2022-06-27 12:47:39:888  vt_info数据表，第23次写入成功
2022-06-27 12:47:39:890  vt_info数据表，第24次写入成功
2022-06-27 12:47:39:915  vt_info数据表，第25次写入成功
2022-06-27 12:47:39:917  vt_info数据表，第26次写入成功
2022-06-27 12:47:39:919  vt_info数据表，第27次写入成功
2022-06-27 12:47:39:921  vt_info数据表，第28次写入成功
2022-06-27 12:47:39:925  vt_info数据表，第29次写入成功
2022-06-27 12:47:39:927  vt_info数据表，第30次写入成功
2022-06-27 12:47:39:929  vt_info数据表，第31次写入成功
2022-06-27 12:47:39:932  vt_info数据表，第32次写入成功
2022-06-27 12:47:39:950  vt_info数据表，第33次写入成功
2022-06-27 12:47:39:953  vt_info数据表，第34次写入成功
2022-06-27 12:47:39:959  vt_info数据表，第35次写入成功
2022-06-27 12:47:39:965  vt_info数据表，第36次写入成功
2022-06-27 12:47:40:000  vt_info数据表，第37次写入成功
2022-06-27 12:47:40:002  vt_info数据表，第38次写入成功
2022-06-27 12:47:40:004  vt_info数据表，第39次写入成功
2022-06-27 12:47:40:020  vt_info数据表，第40次写入成功
2022-06-27 12:47:40:023  vt_info数据表，第41次写入成功
2022-06-27 12:47:40:025  vt_info数据表，第42次写入成功
2022-06-27 12:47:40:041  vt_info数据表，第43次写入成功
2022-06-27 12:47:40:043  vt_info数据表，第44次写入成功
2022-06-27 12:47:40:044  vt_info数据表，第45次写入成功
2022-06-27 12:47:40:061  vt_info数据表，第46次写入成功
2022-06-27 12:47:40:063  vt_info数据表，第47次写入成功
2022-06-27 12:47:40:065  motor_info数据表，第0次写入成功
2022-06-27 12:47:40:067  motor_info数据表，第1次写入成功
2022-06-27 12:47:40:083  motor_info数据表，第2次写入成功
2022-06-27 12:47:40:085  motor_info数据表，第3次写入成功
2022-06-27 12:47:40:087  motor_info数据表，第4次写入成功
2022-06-27 12:47:40:103  motor_info数据表，第5次写入成功
2022-06-27 12:47:40:105  motor_info数据表，第6次写入成功
2022-06-27 12:47:40:108  motor_info数据表，第7次写入成功
2022-06-27 12:47:40:138  motor_info数据表，第8次写入成功
2022-06-27 12:47:40:141  motor_info数据表，第9次写入成功
2022-06-27 12:47:40:143  motor_info数据表，第10次写入成功
2022-06-27 12:47:40:145  motor_info数据表，第11次写入成功
2022-06-27 12:49:24:586  motor_info数据表，第12次写入成功
2022-06-27 12:49:24:592  motor_info数据表，第13次写入成功
2022-06-27 12:49:24:610  motor_info数据表，第14次写入成功
2022-06-27 12:49:24:620  motor_info数据表，第15次写入成功
2022-06-27 12:49:24:649  创建连接出现异常，错误代码为：-6
2022-06-27 12:49:24:665  同步采集仪设置异常
2022-06-27 12:49:24:680  采集仪增益设置异常
