2020-12-26 17:03:38:589  磁钢信号预处理完成，位置标记：1
2020-12-26 17:03:38:611  温度分轮成功，分轮数尺度为：48
2020-12-26 17:03:38:629  轴承端盖温度特征值计算完成, 位置标记：1
2020-12-26 17:03:38:647  电机温度计算完成, 位置标记：1
2020-12-26 17:03:38:649  电机温度计算完成, 位置标记：1
2020-12-26 17:03:38:653  电机温度计算完成, 位置标记：1
2020-12-26 17:03:38:655  电机温度计算完成, 位置标记：1
2020-12-26 17:03:38:657  电机温度计算完成, 位置标记：1
2020-12-26 17:03:38:659  电机温度计算完成, 位置标记：1
2020-12-26 17:03:38:663  电机温度计算完成, 位置标记：1
2020-12-26 17:03:38:665  电机温度计算完成, 位置标记：1
2020-12-26 17:03:38:665  车速为：43.8792位置标记为：1
2020-12-26 17:03:38:681  振动分轮计算完成, 位置标记：1
2020-12-26 17:03:38:879  振动特征值计算完成, 位置标记：1
2020-12-26 17:03:38:909  磁钢信号预处理完成，位置标记：0
2020-12-26 17:03:38:919  温度分轮成功，分轮数尺度为：48
2020-12-26 17:03:38:935  轴承端盖温度特征值计算完成, 位置标记：0
2020-12-26 17:03:38:953  电机温度计算完成, 位置标记：0
2020-12-26 17:03:38:957  电机温度计算完成, 位置标记：0
2020-12-26 17:03:38:960  电机温度计算完成, 位置标记：0
2020-12-26 17:03:38:963  电机温度计算完成, 位置标记：0
2020-12-26 17:03:38:965  电机温度计算完成, 位置标记：0
2020-12-26 17:03:38:968  电机温度计算完成, 位置标记：0
2020-12-26 17:03:38:970  电机温度计算完成, 位置标记：0
2020-12-26 17:03:38:973  电机温度计算完成, 位置标记：0
2020-12-26 17:03:38:974  车速为：43.8792位置标记为：0
2020-12-26 17:03:38:988  振动分轮计算完成, 位置标记：0
2020-12-26 17:03:39:182  振动特征值计算完成, 位置标记：0
2020-12-26 17:30:40:492  磁钢信号预处理完成，位置标记：1
2020-12-26 17:30:40:498  温度分轮成功，分轮数尺度为：44
2020-12-26 17:30:40:498  m_nAxleMarkG2数据异常，位置标记：1
2020-12-26 17:30:40:500  m_nAxleMarkG2数据不是48个，数据异常，位置标记：1
2020-12-26 17:30:40:500  车速为：36.7184位置标记为：1
2020-12-26 17:30:40:506  振动有效标记位计算异常，位置标记为：1
2020-12-26 17:30:40:526  磁钢信号预处理完成，位置标记：0
2020-12-26 17:30:40:530  温度分轮成功，分轮数尺度为：44
2020-12-26 17:30:40:532  m_nAxleMarkG2数据异常，位置标记：0
2020-12-26 17:30:40:532  m_nAxleMarkG2数据不是48个，数据异常，位置标记：0
2020-12-26 17:30:40:532  车速为：36.7184位置标记为：0
2020-12-26 17:30:40:538  振动有效标记位计算异常，位置标记为：0
2020-12-26 17:37:50:583  磁钢信号预处理完成，位置标记：1
2020-12-26 17:37:50:603  温度分轮成功，分轮数尺度为：48
2020-12-26 17:37:50:617  轴承端盖温度特征值计算完成, 位置标记：1
2020-12-26 17:37:50:631  电机温度计算完成, 位置标记：1
2020-12-26 17:37:50:633  电机温度计算完成, 位置标记：1
2020-12-26 17:37:50:635  电机温度计算完成, 位置标记：1
2020-12-26 17:37:50:637  电机温度计算完成, 位置标记：1
2020-12-26 17:37:50:639  电机温度计算完成, 位置标记：1
2020-12-26 17:37:50:641  电机温度计算完成, 位置标记：1
2020-12-26 17:37:50:643  电机温度计算完成, 位置标记：1
2020-12-26 17:37:50:645  电机温度计算完成, 位置标记：1
2020-12-26 17:37:50:645  车速为：43.717位置标记为：1
2020-12-26 17:37:50:677  振动分轮计算完成, 位置标记：1
2020-12-26 17:37:50:821  振动特征值计算完成, 位置标记：1
2020-12-26 17:37:50:901  磁钢信号预处理完成，位置标记：0
2020-12-26 17:37:50:917  温度分轮成功，分轮数尺度为：48
2020-12-26 17:37:50:929  轴承端盖温度特征值计算完成, 位置标记：0
2020-12-26 17:37:50:941  电机温度计算完成, 位置标记：0
2020-12-26 17:37:50:944  电机温度计算完成, 位置标记：0
2020-12-26 17:37:50:946  电机温度计算完成, 位置标记：0
2020-12-26 17:37:50:948  电机温度计算完成, 位置标记：0
2020-12-26 17:37:50:949  电机温度计算完成, 位置标记：0
2020-12-26 17:37:50:951  电机温度计算完成, 位置标记：0
2020-12-26 17:37:50:953  电机温度计算完成, 位置标记：0
2020-12-26 17:37:50:955  电机温度计算完成, 位置标记：0
2020-12-26 17:37:50:957  车速为：43.717位置标记为：0
2020-12-26 17:37:50:983  振动分轮计算完成, 位置标记：0
2020-12-26 17:37:51:133  振动特征值计算完成, 位置标记：0
2020-12-26 17:43:25:533  磁钢信号预处理完成，位置标记：1
2020-12-26 17:43:25:553  温度分轮成功，分轮数尺度为：48
2020-12-26 17:43:25:573  轴承端盖温度特征值计算完成, 位置标记：1
2020-12-26 17:43:25:593  电机温度计算完成, 位置标记：1
2020-12-26 17:43:25:595  电机温度计算完成, 位置标记：1
2020-12-26 17:43:25:599  电机温度计算完成, 位置标记：1
2020-12-26 17:43:25:601  电机温度计算完成, 位置标记：1
2020-12-26 17:43:25:605  电机温度计算完成, 位置标记：1
2020-12-26 17:43:25:607  电机温度计算完成, 位置标记：1
2020-12-26 17:43:25:611  电机温度计算完成, 位置标记：1
2020-12-26 17:43:25:613  电机温度计算完成, 位置标记：1
2020-12-26 17:43:25:613  车速为：36.4597位置标记为：1
2020-12-26 17:43:25:649  振动分轮计算完成, 位置标记：1
2020-12-26 17:43:25:859  振动特征值计算完成, 位置标记：1
2020-12-26 17:43:25:935  磁钢信号预处理完成，位置标记：0
2020-12-26 17:43:25:953  温度分轮成功，分轮数尺度为：48
2020-12-26 17:43:25:973  轴承端盖温度特征值计算完成, 位置标记：0
2020-12-26 17:43:25:991  电机温度计算完成, 位置标记：0
2020-12-26 17:43:25:995  电机温度计算完成, 位置标记：0
2020-12-26 17:43:25:998  电机温度计算完成, 位置标记：0
2020-12-26 17:43:26:001  电机温度计算完成, 位置标记：0
2020-12-26 17:43:26:003  电机温度计算完成, 位置标记：0
2020-12-26 17:43:26:007  电机温度计算完成, 位置标记：0
2020-12-26 17:43:26:009  电机温度计算完成, 位置标记：0
2020-12-26 17:43:26:011  电机温度计算完成, 位置标记：0
2020-12-26 17:43:26:013  车速为：36.4597位置标记为：0
2020-12-26 17:43:26:051  振动分轮计算完成, 位置标记：0
2020-12-26 17:43:26:286  振动特征值计算完成, 位置标记：0
2020-12-26 17:48:49:537  磁钢信号预处理完成，位置标记：1
2020-12-26 17:48:49:553  温度分轮成功，分轮数尺度为：48
2020-12-26 17:48:49:555  轴承端盖温度特征值计算完成, 位置标记：1
2020-12-26 17:48:49:559  电机温度计算完成, 位置标记：1
2020-12-26 17:48:49:561  电机温度计算完成, 位置标记：1
2020-12-26 17:48:49:563  电机温度计算完成, 位置标记：1
2020-12-26 17:48:49:565  电机温度计算完成, 位置标记：1
2020-12-26 17:48:49:567  电机温度计算完成, 位置标记：1
2020-12-26 17:48:49:569  电机温度计算完成, 位置标记：1
2020-12-26 17:48:49:571  电机温度计算完成, 位置标记：1
2020-12-26 17:48:49:575  电机温度计算完成, 位置标记：1
2020-12-26 17:48:49:575  车速为：36.751位置标记为：1
2020-12-26 17:48:49:603  振动分轮计算完成, 位置标记：1
2020-12-26 17:48:49:825  振动特征值计算完成, 位置标记：1
2020-12-26 17:48:49:891  磁钢信号预处理完成，位置标记：0
2020-12-26 17:48:49:907  温度分轮成功，分轮数尺度为：48
2020-12-26 17:48:49:909  轴承端盖温度特征值计算完成, 位置标记：0
2020-12-26 17:48:49:911  电机温度计算完成, 位置标记：0
2020-12-26 17:48:49:913  电机温度计算完成, 位置标记：0
2020-12-26 17:48:49:915  电机温度计算完成, 位置标记：0
2020-12-26 17:48:49:917  电机温度计算完成, 位置标记：0
2020-12-26 17:48:49:919  电机温度计算完成, 位置标记：0
2020-12-26 17:48:49:921  电机温度计算完成, 位置标记：0
2020-12-26 17:48:49:923  电机温度计算完成, 位置标记：0
2020-12-26 17:48:49:925  电机温度计算完成, 位置标记：0
2020-12-26 17:48:49:927  车速为：36.751位置标记为：0
2020-12-26 17:48:49:954  振动分轮计算完成, 位置标记：0
2020-12-26 17:48:50:122  振动特征值计算完成, 位置标记：0
2020-12-26 17:54:06:622  磁钢信号预处理完成，位置标记：1
2020-12-26 17:54:06:642  温度分轮成功，分轮数尺度为：48
2020-12-26 17:54:06:664  轴承端盖温度特征值计算完成, 位置标记：1
2020-12-26 17:54:06:684  电机温度计算完成, 位置标记：1
2020-12-26 17:54:06:688  电机温度计算完成, 位置标记：1
2020-12-26 17:54:06:690  电机温度计算完成, 位置标记：1
2020-12-26 17:54:06:694  电机温度计算完成, 位置标记：1
2020-12-26 17:54:06:696  电机温度计算完成, 位置标记：1
2020-12-26 17:54:06:698  电机温度计算完成, 位置标记：1
2020-12-26 17:54:06:702  电机温度计算完成, 位置标记：1
2020-12-26 17:54:06:704  电机温度计算完成, 位置标记：1
2020-12-26 17:54:06:706  车速为：36.7837位置标记为：1
2020-12-26 17:54:06:742  振动分轮计算完成, 位置标记：1
2020-12-26 17:54:06:960  振动特征值计算完成, 位置标记：1
2020-12-26 17:54:07:028  磁钢信号预处理完成，位置标记：0
2020-12-26 17:54:07:046  温度分轮成功，分轮数尺度为：48
2020-12-26 17:54:07:068  轴承端盖温度特征值计算完成, 位置标记：0
2020-12-26 17:54:07:088  电机温度计算完成, 位置标记：0
2020-12-26 17:54:07:092  电机温度计算完成, 位置标记：0
2020-12-26 17:54:07:094  电机温度计算完成, 位置标记：0
2020-12-26 17:54:07:098  电机温度计算完成, 位置标记：0
2020-12-26 17:54:07:100  电机温度计算完成, 位置标记：0
2020-12-26 17:54:07:102  电机温度计算完成, 位置标记：0
2020-12-26 17:54:07:106  电机温度计算完成, 位置标记：0
2020-12-26 17:54:07:108  电机温度计算完成, 位置标记：0
2020-12-26 17:54:07:110  车速为：36.7837位置标记为：0
2020-12-26 17:54:07:146  振动分轮计算完成, 位置标记：0
2020-12-26 17:54:07:380  振动特征值计算完成, 位置标记：0
2020-12-26 17:59:47:768  磁钢信号预处理完成，位置标记：1
2020-12-26 17:59:47:786  温度分轮成功，分轮数尺度为：48
2020-12-26 17:59:47:804  轴承端盖温度特征值计算完成, 位置标记：1
2020-12-26 17:59:47:822  电机温度计算完成, 位置标记：1
2020-12-26 17:59:47:824  电机温度计算完成, 位置标记：1
2020-12-26 17:59:47:828  电机温度计算完成, 位置标记：1
2020-12-26 17:59:47:830  电机温度计算完成, 位置标记：1
2020-12-26 17:59:47:834  电机温度计算完成, 位置标记：1
2020-12-26 17:59:47:836  电机温度计算完成, 位置标记：1
2020-12-26 17:59:47:840  电机温度计算完成, 位置标记：1
2020-12-26 17:59:47:842  电机温度计算完成, 位置标记：1
2020-12-26 17:59:47:842  车速为：36.7184位置标记为：1
2020-12-26 17:59:47:880  振动分轮计算完成, 位置标记：1
2020-12-26 17:59:48:083  振动特征值计算完成, 位置标记：1
2020-12-26 17:59:48:147  磁钢信号预处理完成，位置标记：0
2020-12-26 17:59:48:165  温度分轮成功，分轮数尺度为：48
2020-12-26 17:59:48:183  轴承端盖温度特征值计算完成, 位置标记：0
2020-12-26 17:59:48:203  电机温度计算完成, 位置标记：0
2020-12-26 17:59:48:205  电机温度计算完成, 位置标记：0
2020-12-26 17:59:48:207  电机温度计算完成, 位置标记：0
2020-12-26 17:59:48:211  电机温度计算完成, 位置标记：0
2020-12-26 17:59:48:213  电机温度计算完成, 位置标记：0
2020-12-26 17:59:48:215  电机温度计算完成, 位置标记：0
2020-12-26 17:59:48:219  电机温度计算完成, 位置标记：0
2020-12-26 17:59:48:221  电机温度计算完成, 位置标记：0
2020-12-26 17:59:48:221  车速为：36.7184位置标记为：0
2020-12-26 17:59:48:257  振动分轮计算完成, 位置标记：0
2020-12-26 17:59:48:483  振动特征值计算完成, 位置标记：0
