2020-12-27 07:07:14:892  收到来车信号，流水号：20201227070714，所有设备开始采集
2020-12-27 07:07:14:940  开启A/D采集
2020-12-27 07:07:36:256  收到离车信号，流水号：20201227070714，线号：14，车号：019020，主控端：1，所有设备停止采集
2020-12-27 07:07:36:258  收到停止采集命令，开始停止采集
2020-12-27 07:07:36:263  停止采集数据
2020-12-27 07:07:36:265  采集连接已断开
2020-12-27 07:07:36:267  开始数据分析和落盘
2020-12-27 07:07:40:131  vibration1完成落盘
2020-12-27 07:07:43:351  vibration2完成落盘
2020-12-27 07:07:46:182  vibration3完成落盘
2020-12-27 07:07:49:252  vibration4完成落盘
2020-12-27 07:07:52:234  vibration5完成落盘
2020-12-27 07:07:55:654  vibration6完成落盘
2020-12-27 07:07:58:474  vibration7完成落盘
2020-12-27 07:08:01:830  vibration8完成落盘
2020-12-27 07:08:05:065  magnetic1完成落盘
2020-12-27 07:08:08:160  magnetic2完成落盘
2020-12-27 07:08:10:918  magnetic3完成落盘
2020-12-27 07:08:14:085  magnetic4完成落盘
2020-12-27 07:08:17:394  temperate1完成落盘
2020-12-27 07:08:20:657  temperate2完成落盘
2020-12-27 07:08:24:100  temperate3完成落盘
2020-12-27 07:08:27:457  temperate4完成落盘
2020-12-27 07:08:27:467  开始处理数据
2020-12-27 07:08:28:026  右侧计算完成
2020-12-27 07:08:28:474  左侧计算完成
2020-12-27 07:08:28:476  检查结果数据
2020-12-27 07:08:28:478  通知桌面显示数据
2020-12-27 07:08:28:495  开始写入数据库
2020-12-27 07:08:28:516  预警及报警参数加载完成
2020-12-27 07:08:28:518  数据库打开成功
2020-12-27 07:08:28:520  train_info数据表写入成功
2020-12-27 07:08:28:649  train_onlyid读取成功
2020-12-27 07:08:28:653  train_data数据表写入成功
2020-12-27 07:08:28:657  vt_info数据表，第0次写入成功
2020-12-27 07:08:28:661  vt_info数据表，第1次写入成功
2020-12-27 07:08:28:665  vt_info数据表，第2次写入成功
2020-12-27 07:08:28:668  vt_info数据表，第3次写入成功
2020-12-27 07:08:28:672  vt_info数据表，第4次写入成功
2020-12-27 07:08:28:676  vt_info数据表，第5次写入成功
2020-12-27 07:08:28:679  vt_info数据表，第6次写入成功
2020-12-27 07:08:28:683  vt_info数据表，第7次写入成功
2020-12-27 07:08:28:687  vt_info数据表，第8次写入成功
2020-12-27 07:08:28:690  vt_info数据表，第9次写入成功
2020-12-27 07:08:28:694  vt_info数据表，第10次写入成功
2020-12-27 07:08:28:698  vt_info数据表，第11次写入成功
2020-12-27 07:08:28:702  vt_info数据表，第12次写入成功
2020-12-27 07:08:28:706  vt_info数据表，第13次写入成功
2020-12-27 07:08:28:709  vt_info数据表，第14次写入成功
2020-12-27 07:08:28:713  vt_info数据表，第15次写入成功
2020-12-27 07:08:28:717  vt_info数据表，第16次写入成功
2020-12-27 07:08:28:720  vt_info数据表，第17次写入成功
2020-12-27 07:08:28:724  vt_info数据表，第18次写入成功
2020-12-27 07:08:28:728  vt_info数据表，第19次写入成功
2020-12-27 07:08:28:731  vt_info数据表，第20次写入成功
2020-12-27 07:08:28:735  vt_info数据表，第21次写入成功
2020-12-27 07:08:28:739  vt_info数据表，第22次写入成功
2020-12-27 07:08:28:742  vt_info数据表，第23次写入成功
2020-12-27 07:08:28:746  vt_info数据表，第24次写入成功
2020-12-27 07:08:28:750  vt_info数据表，第25次写入成功
2020-12-27 07:08:28:753  vt_info数据表，第26次写入成功
2020-12-27 07:08:28:757  vt_info数据表，第27次写入成功
2020-12-27 07:08:28:761  vt_info数据表，第28次写入成功
2020-12-27 07:08:28:764  vt_info数据表，第29次写入成功
2020-12-27 07:08:28:768  vt_info数据表，第30次写入成功
2020-12-27 07:08:28:772  vt_info数据表，第31次写入成功
2020-12-27 07:08:28:775  vt_info数据表，第32次写入成功
2020-12-27 07:08:28:779  vt_info数据表，第33次写入成功
2020-12-27 07:08:28:783  vt_info数据表，第34次写入成功
2020-12-27 07:08:28:786  vt_info数据表，第35次写入成功
2020-12-27 07:08:28:790  vt_info数据表，第36次写入成功
2020-12-27 07:08:28:794  vt_info数据表，第37次写入成功
2020-12-27 07:08:28:797  vt_info数据表，第38次写入成功
2020-12-27 07:08:28:801  vt_info数据表，第39次写入成功
2020-12-27 07:08:28:805  vt_info数据表，第40次写入成功
2020-12-27 07:08:28:808  vt_info数据表，第41次写入成功
2020-12-27 07:08:28:812  vt_info数据表，第42次写入成功
2020-12-27 07:08:28:816  vt_info数据表，第43次写入成功
2020-12-27 07:08:28:819  vt_info数据表，第44次写入成功
2020-12-27 07:08:28:823  vt_info数据表，第45次写入成功
2020-12-27 07:08:28:827  vt_info数据表，第46次写入成功
2020-12-27 07:08:28:830  vt_info数据表，第47次写入成功
2020-12-27 07:08:28:833  motor_info数据表，第0次写入成功
2020-12-27 07:08:28:836  motor_info数据表，第1次写入成功
2020-12-27 07:08:28:838  motor_info数据表，第2次写入成功
2020-12-27 07:08:28:841  motor_info数据表，第3次写入成功
2020-12-27 07:08:28:844  motor_info数据表，第4次写入成功
2020-12-27 07:08:28:847  motor_info数据表，第5次写入成功
2020-12-27 07:08:28:850  motor_info数据表，第6次写入成功
2020-12-27 07:08:28:852  motor_info数据表，第7次写入成功
2020-12-27 07:08:28:855  motor_info数据表，第8次写入成功
2020-12-27 07:08:28:858  motor_info数据表，第9次写入成功
2020-12-27 07:08:28:861  motor_info数据表，第10次写入成功
2020-12-27 07:08:28:863  motor_info数据表，第11次写入成功
2020-12-27 07:08:28:866  motor_info数据表，第12次写入成功
2020-12-27 07:08:28:869  motor_info数据表，第13次写入成功
2020-12-27 07:08:28:872  motor_info数据表，第14次写入成功
2020-12-27 07:08:28:884  motor_info数据表，第15次写入成功
2020-12-27 07:08:28:886  数据库关闭！
2020-12-27 07:14:55:203  收到来车信号，流水号：20201227071455，所有设备开始采集
2020-12-27 07:14:55:249  开启A/D采集
2020-12-27 07:15:16:593  收到离车信号，流水号：20201227071455，线号：14，车号：049050，主控端：0，所有设备停止采集
2020-12-27 07:15:16:595  收到停止采集命令，开始停止采集
2020-12-27 07:15:16:599  停止采集数据
2020-12-27 07:15:16:601  采集连接已断开
2020-12-27 07:15:16:603  开始数据分析和落盘
2020-12-27 07:15:20:392  vibration1完成落盘
2020-12-27 07:15:24:192  vibration2完成落盘
2020-12-27 07:15:27:845  vibration3完成落盘
2020-12-27 07:15:30:711  vibration4完成落盘
2020-12-27 07:15:34:156  vibration5完成落盘
2020-12-27 07:15:36:980  vibration6完成落盘
2020-12-27 07:15:40:506  vibration7完成落盘
2020-12-27 07:15:43:631  vibration8完成落盘
2020-12-27 07:15:46:873  magnetic1完成落盘
2020-12-27 07:15:50:093  magnetic2完成落盘
2020-12-27 07:15:53:551  magnetic3完成落盘
2020-12-27 07:15:56:491  magnetic4完成落盘
2020-12-27 07:15:59:883  temperate1完成落盘
2020-12-27 07:16:03:475  temperate2完成落盘
2020-12-27 07:16:06:811  temperate3完成落盘
2020-12-27 07:16:10:374  temperate4完成落盘
2020-12-27 07:16:10:382  开始处理数据
2020-12-27 07:16:10:920  右侧计算完成
2020-12-27 07:16:11:363  左侧计算完成
2020-12-27 07:16:11:365  检查结果数据
2020-12-27 07:16:11:367  通知桌面显示数据
2020-12-27 07:16:11:383  开始写入数据库
2020-12-27 07:16:11:405  预警及报警参数加载完成
2020-12-27 07:16:11:406  数据库打开成功
2020-12-27 07:16:11:409  train_info数据表写入成功
2020-12-27 07:16:11:538  train_onlyid读取成功
2020-12-27 07:16:11:542  train_data数据表写入成功
2020-12-27 07:16:11:546  vt_info数据表，第0次写入成功
2020-12-27 07:16:11:549  vt_info数据表，第1次写入成功
2020-12-27 07:16:11:553  vt_info数据表，第2次写入成功
2020-12-27 07:16:11:556  vt_info数据表，第3次写入成功
2020-12-27 07:16:11:560  vt_info数据表，第4次写入成功
2020-12-27 07:16:11:563  vt_info数据表，第5次写入成功
2020-12-27 07:16:11:567  vt_info数据表，第6次写入成功
2020-12-27 07:16:11:570  vt_info数据表，第7次写入成功
2020-12-27 07:16:11:574  vt_info数据表，第8次写入成功
2020-12-27 07:16:11:577  vt_info数据表，第9次写入成功
2020-12-27 07:16:11:581  vt_info数据表，第10次写入成功
2020-12-27 07:16:11:584  vt_info数据表，第11次写入成功
2020-12-27 07:16:11:588  vt_info数据表，第12次写入成功
2020-12-27 07:16:11:591  vt_info数据表，第13次写入成功
2020-12-27 07:16:11:595  vt_info数据表，第14次写入成功
2020-12-27 07:16:11:599  vt_info数据表，第15次写入成功
2020-12-27 07:16:11:602  vt_info数据表，第16次写入成功
2020-12-27 07:16:11:606  vt_info数据表，第17次写入成功
2020-12-27 07:16:11:610  vt_info数据表，第18次写入成功
2020-12-27 07:16:11:613  vt_info数据表，第19次写入成功
2020-12-27 07:16:11:617  vt_info数据表，第20次写入成功
2020-12-27 07:16:11:621  vt_info数据表，第21次写入成功
2020-12-27 07:16:11:624  vt_info数据表，第22次写入成功
2020-12-27 07:16:11:628  vt_info数据表，第23次写入成功
2020-12-27 07:16:11:632  vt_info数据表，第24次写入成功
2020-12-27 07:16:11:635  vt_info数据表，第25次写入成功
2020-12-27 07:16:11:639  vt_info数据表，第26次写入成功
2020-12-27 07:16:11:642  vt_info数据表，第27次写入成功
2020-12-27 07:16:11:646  vt_info数据表，第28次写入成功
2020-12-27 07:16:11:650  vt_info数据表，第29次写入成功
2020-12-27 07:16:11:653  vt_info数据表，第30次写入成功
2020-12-27 07:16:11:657  vt_info数据表，第31次写入成功
2020-12-27 07:16:11:661  vt_info数据表，第32次写入成功
2020-12-27 07:16:11:664  vt_info数据表，第33次写入成功
2020-12-27 07:16:11:668  vt_info数据表，第34次写入成功
2020-12-27 07:16:11:671  vt_info数据表，第35次写入成功
2020-12-27 07:16:11:675  vt_info数据表，第36次写入成功
2020-12-27 07:16:11:679  vt_info数据表，第37次写入成功
2020-12-27 07:16:11:683  vt_info数据表，第38次写入成功
2020-12-27 07:16:11:686  vt_info数据表，第39次写入成功
2020-12-27 07:16:11:690  vt_info数据表，第40次写入成功
2020-12-27 07:16:11:694  vt_info数据表，第41次写入成功
2020-12-27 07:16:11:697  vt_info数据表，第42次写入成功
2020-12-27 07:16:11:701  vt_info数据表，第43次写入成功
2020-12-27 07:16:11:705  vt_info数据表，第44次写入成功
2020-12-27 07:16:11:708  vt_info数据表，第45次写入成功
2020-12-27 07:16:11:712  vt_info数据表，第46次写入成功
2020-12-27 07:16:11:716  vt_info数据表，第47次写入成功
2020-12-27 07:16:11:718  motor_info数据表，第0次写入成功
2020-12-27 07:16:11:721  motor_info数据表，第1次写入成功
2020-12-27 07:16:11:724  motor_info数据表，第2次写入成功
2020-12-27 07:16:11:726  motor_info数据表，第3次写入成功
2020-12-27 07:16:11:729  motor_info数据表，第4次写入成功
2020-12-27 07:16:11:732  motor_info数据表，第5次写入成功
2020-12-27 07:16:11:734  motor_info数据表，第6次写入成功
2020-12-27 07:16:11:737  motor_info数据表，第7次写入成功
2020-12-27 07:16:11:740  motor_info数据表，第8次写入成功
2020-12-27 07:16:11:743  motor_info数据表，第9次写入成功
2020-12-27 07:16:11:745  motor_info数据表，第10次写入成功
2020-12-27 07:16:11:748  motor_info数据表，第11次写入成功
2020-12-27 07:16:11:751  motor_info数据表，第12次写入成功
2020-12-27 07:16:11:753  motor_info数据表，第13次写入成功
2020-12-27 07:16:11:756  motor_info数据表，第14次写入成功
2020-12-27 07:16:11:768  motor_info数据表，第15次写入成功
2020-12-27 07:16:11:770  数据库关闭！
2020-12-27 07:18:56:492  收到来车信号，流水号：20201227071856，所有设备开始采集
2020-12-27 07:18:56:538  开启A/D采集
2020-12-27 07:19:17:892  收到离车信号，流水号：20201227071856，线号：14，车号：055056，主控端：1，所有设备停止采集
2020-12-27 07:19:17:894  收到停止采集命令，开始停止采集
2020-12-27 07:19:17:897  停止采集数据
2020-12-27 07:19:17:900  采集连接已断开
2020-12-27 07:19:17:901  开始数据分析和落盘
2020-12-27 07:19:22:201  vibration1完成落盘
2020-12-27 07:19:26:037  vibration2完成落盘
2020-12-27 07:19:29:307  vibration3完成落盘
2020-12-27 07:19:32:193  vibration4完成落盘
2020-12-27 07:19:35:833  vibration5完成落盘
2020-12-27 07:19:39:278  vibration6完成落盘
2020-12-27 07:19:42:869  vibration7完成落盘
2020-12-27 07:19:46:690  vibration8完成落盘
2020-12-27 07:19:50:472  magnetic1完成落盘
2020-12-27 07:19:53:940  magnetic2完成落盘
2020-12-27 07:19:57:480  magnetic3完成落盘
2020-12-27 07:20:01:084  magnetic4完成落盘
2020-12-27 07:20:04:431  temperate1完成落盘
2020-12-27 07:20:07:969  temperate2完成落盘
2020-12-27 07:20:11:524  temperate3完成落盘
2020-12-27 07:20:15:008  temperate4完成落盘
2020-12-27 07:20:15:019  开始处理数据
2020-12-27 07:20:15:575  右侧计算完成
2020-12-27 07:20:15:988  左侧计算完成
2020-12-27 07:20:15:990  检查结果数据
2020-12-27 07:20:15:992  通知桌面显示数据
2020-12-27 07:20:16:009  开始写入数据库
2020-12-27 07:20:16:025  预警及报警参数加载完成
2020-12-27 07:20:16:027  数据库打开成功
2020-12-27 07:20:16:029  train_info数据表写入成功
2020-12-27 07:20:16:160  train_onlyid读取成功
2020-12-27 07:20:16:165  train_data数据表写入成功
2020-12-27 07:20:16:168  vt_info数据表，第0次写入成功
2020-12-27 07:20:16:172  vt_info数据表，第1次写入成功
2020-12-27 07:20:16:176  vt_info数据表，第2次写入成功
2020-12-27 07:20:16:180  vt_info数据表，第3次写入成功
2020-12-27 07:20:16:183  vt_info数据表，第4次写入成功
2020-12-27 07:20:16:187  vt_info数据表，第5次写入成功
2020-12-27 07:20:16:191  vt_info数据表，第6次写入成功
2020-12-27 07:20:16:195  vt_info数据表，第7次写入成功
2020-12-27 07:20:16:198  vt_info数据表，第8次写入成功
2020-12-27 07:20:16:202  vt_info数据表，第9次写入成功
2020-12-27 07:20:16:206  vt_info数据表，第10次写入成功
2020-12-27 07:20:16:209  vt_info数据表，第11次写入成功
2020-12-27 07:20:16:213  vt_info数据表，第12次写入成功
2020-12-27 07:20:16:217  vt_info数据表，第13次写入成功
2020-12-27 07:20:16:220  vt_info数据表，第14次写入成功
2020-12-27 07:20:16:224  vt_info数据表，第15次写入成功
2020-12-27 07:20:16:228  vt_info数据表，第16次写入成功
2020-12-27 07:20:16:232  vt_info数据表，第17次写入成功
2020-12-27 07:20:16:235  vt_info数据表，第18次写入成功
2020-12-27 07:20:16:239  vt_info数据表，第19次写入成功
2020-12-27 07:20:16:243  vt_info数据表，第20次写入成功
2020-12-27 07:20:16:246  vt_info数据表，第21次写入成功
2020-12-27 07:20:16:250  vt_info数据表，第22次写入成功
2020-12-27 07:20:16:254  vt_info数据表，第23次写入成功
2020-12-27 07:20:16:258  vt_info数据表，第24次写入成功
2020-12-27 07:20:16:261  vt_info数据表，第25次写入成功
2020-12-27 07:20:16:265  vt_info数据表，第26次写入成功
2020-12-27 07:20:16:269  vt_info数据表，第27次写入成功
2020-12-27 07:20:16:273  vt_info数据表，第28次写入成功
2020-12-27 07:20:16:276  vt_info数据表，第29次写入成功
2020-12-27 07:20:16:280  vt_info数据表，第30次写入成功
2020-12-27 07:20:16:284  vt_info数据表，第31次写入成功
2020-12-27 07:20:16:289  vt_info数据表，第32次写入成功
2020-12-27 07:20:16:292  vt_info数据表，第33次写入成功
2020-12-27 07:20:16:296  vt_info数据表，第34次写入成功
2020-12-27 07:20:16:300  vt_info数据表，第35次写入成功
2020-12-27 07:20:16:304  vt_info数据表，第36次写入成功
2020-12-27 07:20:16:308  vt_info数据表，第37次写入成功
2020-12-27 07:20:16:311  vt_info数据表，第38次写入成功
2020-12-27 07:20:16:315  vt_info数据表，第39次写入成功
2020-12-27 07:20:16:319  vt_info数据表，第40次写入成功
2020-12-27 07:20:16:323  vt_info数据表，第41次写入成功
2020-12-27 07:20:16:326  vt_info数据表，第42次写入成功
2020-12-27 07:20:16:330  vt_info数据表，第43次写入成功
2020-12-27 07:20:16:334  vt_info数据表，第44次写入成功
2020-12-27 07:20:16:338  vt_info数据表，第45次写入成功
2020-12-27 07:20:16:341  vt_info数据表，第46次写入成功
2020-12-27 07:20:16:345  vt_info数据表，第47次写入成功
2020-12-27 07:20:16:347  motor_info数据表，第0次写入成功
2020-12-27 07:20:16:350  motor_info数据表，第1次写入成功
2020-12-27 07:20:16:353  motor_info数据表，第2次写入成功
2020-12-27 07:20:16:356  motor_info数据表，第3次写入成功
2020-12-27 07:20:16:358  motor_info数据表，第4次写入成功
2020-12-27 07:20:16:361  motor_info数据表，第5次写入成功
2020-12-27 07:20:16:364  motor_info数据表，第6次写入成功
2020-12-27 07:20:16:366  motor_info数据表，第7次写入成功
2020-12-27 07:20:16:369  motor_info数据表，第8次写入成功
2020-12-27 07:20:16:372  motor_info数据表，第9次写入成功
2020-12-27 07:20:16:374  motor_info数据表，第10次写入成功
2020-12-27 07:20:16:377  motor_info数据表，第11次写入成功
2020-12-27 07:20:16:380  motor_info数据表，第12次写入成功
2020-12-27 07:20:16:383  motor_info数据表，第13次写入成功
2020-12-27 07:20:16:385  motor_info数据表，第14次写入成功
2020-12-27 07:20:16:398  motor_info数据表，第15次写入成功
2020-12-27 07:20:16:400  数据库关闭！
2020-12-27 07:27:22:207  收到来车信号，流水号：20201227072722，所有设备开始采集
2020-12-27 07:27:22:253  开启A/D采集
2020-12-27 07:27:43:694  收到离车信号，流水号：20201227072722，线号：14，车号：057058，主控端：0，所有设备停止采集
2020-12-27 07:27:43:696  收到停止采集命令，开始停止采集
2020-12-27 07:27:43:702  停止采集数据
2020-12-27 07:27:43:704  采集连接已断开
2020-12-27 07:27:43:706  开始数据分析和落盘
2020-12-27 07:27:47:343  vibration1完成落盘
2020-12-27 07:27:50:581  vibration2完成落盘
2020-12-27 07:27:53:537  vibration3完成落盘
2020-12-27 07:27:56:664  vibration4完成落盘
2020-12-27 07:27:59:742  vibration5完成落盘
2020-12-27 07:28:02:851  vibration6完成落盘
2020-12-27 07:28:06:360  vibration7完成落盘
2020-12-27 07:28:09:480  vibration8完成落盘
2020-12-27 07:28:12:751  magnetic1完成落盘
2020-12-27 07:28:15:740  magnetic2完成落盘
2020-12-27 07:28:19:011  magnetic3完成落盘
2020-12-27 07:28:22:743  magnetic4完成落盘
2020-12-27 07:28:26:006  temperate1完成落盘
2020-12-27 07:28:29:433  temperate2完成落盘
2020-12-27 07:28:32:622  temperate3完成落盘
2020-12-27 07:28:35:925  temperate4完成落盘
2020-12-27 07:28:35:934  开始处理数据
2020-12-27 07:28:36:475  右侧计算完成
2020-12-27 07:28:36:936  左侧计算完成
2020-12-27 07:28:36:938  检查结果数据
2020-12-27 07:28:36:940  通知桌面显示数据
2020-12-27 07:28:36:956  开始写入数据库
2020-12-27 07:28:36:978  预警及报警参数加载完成
2020-12-27 07:28:36:980  数据库打开成功
2020-12-27 07:28:36:982  train_info数据表写入成功
2020-12-27 07:28:37:111  train_onlyid读取成功
2020-12-27 07:28:37:116  train_data数据表写入成功
2020-12-27 07:28:37:119  vt_info数据表，第0次写入成功
2020-12-27 07:28:37:123  vt_info数据表，第1次写入成功
2020-12-27 07:28:37:126  vt_info数据表，第2次写入成功
2020-12-27 07:28:37:130  vt_info数据表，第3次写入成功
2020-12-27 07:28:37:133  vt_info数据表，第4次写入成功
2020-12-27 07:28:37:137  vt_info数据表，第5次写入成功
2020-12-27 07:28:37:140  vt_info数据表，第6次写入成功
2020-12-27 07:28:37:144  vt_info数据表，第7次写入成功
2020-12-27 07:28:37:147  vt_info数据表，第8次写入成功
2020-12-27 07:28:37:150  vt_info数据表，第9次写入成功
2020-12-27 07:28:37:154  vt_info数据表，第10次写入成功
2020-12-27 07:28:37:158  vt_info数据表，第11次写入成功
2020-12-27 07:28:37:161  vt_info数据表，第12次写入成功
2020-12-27 07:28:37:165  vt_info数据表，第13次写入成功
2020-12-27 07:28:37:169  vt_info数据表，第14次写入成功
2020-12-27 07:28:37:172  vt_info数据表，第15次写入成功
2020-12-27 07:28:37:176  vt_info数据表，第16次写入成功
2020-12-27 07:28:37:180  vt_info数据表，第17次写入成功
2020-12-27 07:28:37:183  vt_info数据表，第18次写入成功
2020-12-27 07:28:37:187  vt_info数据表，第19次写入成功
2020-12-27 07:28:37:191  vt_info数据表，第20次写入成功
2020-12-27 07:28:37:194  vt_info数据表，第21次写入成功
2020-12-27 07:28:37:198  vt_info数据表，第22次写入成功
2020-12-27 07:28:37:201  vt_info数据表，第23次写入成功
2020-12-27 07:28:37:205  vt_info数据表，第24次写入成功
2020-12-27 07:28:37:209  vt_info数据表，第25次写入成功
2020-12-27 07:28:37:213  vt_info数据表，第26次写入成功
2020-12-27 07:28:37:216  vt_info数据表，第27次写入成功
2020-12-27 07:28:37:220  vt_info数据表，第28次写入成功
2020-12-27 07:28:37:224  vt_info数据表，第29次写入成功
2020-12-27 07:28:37:227  vt_info数据表，第30次写入成功
2020-12-27 07:28:37:231  vt_info数据表，第31次写入成功
2020-12-27 07:28:37:234  vt_info数据表，第32次写入成功
2020-12-27 07:28:37:238  vt_info数据表，第33次写入成功
2020-12-27 07:28:37:242  vt_info数据表，第34次写入成功
2020-12-27 07:28:37:245  vt_info数据表，第35次写入成功
2020-12-27 07:28:37:249  vt_info数据表，第36次写入成功
2020-12-27 07:28:37:253  vt_info数据表，第37次写入成功
2020-12-27 07:28:37:256  vt_info数据表，第38次写入成功
2020-12-27 07:28:37:260  vt_info数据表，第39次写入成功
2020-12-27 07:28:37:263  vt_info数据表，第40次写入成功
2020-12-27 07:28:37:267  vt_info数据表，第41次写入成功
2020-12-27 07:28:37:271  vt_info数据表，第42次写入成功
2020-12-27 07:28:37:274  vt_info数据表，第43次写入成功
2020-12-27 07:28:37:278  vt_info数据表，第44次写入成功
2020-12-27 07:28:37:282  vt_info数据表，第45次写入成功
2020-12-27 07:28:37:285  vt_info数据表，第46次写入成功
2020-12-27 07:28:37:289  vt_info数据表，第47次写入成功
2020-12-27 07:28:37:292  motor_info数据表，第0次写入成功
2020-12-27 07:28:37:294  motor_info数据表，第1次写入成功
2020-12-27 07:28:37:297  motor_info数据表，第2次写入成功
2020-12-27 07:28:37:300  motor_info数据表，第3次写入成功
2020-12-27 07:28:37:302  motor_info数据表，第4次写入成功
2020-12-27 07:28:37:305  motor_info数据表，第5次写入成功
2020-12-27 07:28:37:308  motor_info数据表，第6次写入成功
2020-12-27 07:28:37:311  motor_info数据表，第7次写入成功
2020-12-27 07:28:37:313  motor_info数据表，第8次写入成功
2020-12-27 07:28:37:316  motor_info数据表，第9次写入成功
2020-12-27 07:28:37:319  motor_info数据表，第10次写入成功
2020-12-27 07:28:37:322  motor_info数据表，第11次写入成功
2020-12-27 07:28:37:324  motor_info数据表，第12次写入成功
2020-12-27 07:28:37:327  motor_info数据表，第13次写入成功
2020-12-27 07:28:37:330  motor_info数据表，第14次写入成功
2020-12-27 07:28:37:342  motor_info数据表，第15次写入成功
2020-12-27 07:28:37:344  数据库关闭！
2020-12-27 07:37:08:233  收到来车信号，流水号：20201227073708，所有设备开始采集
2020-12-27 07:37:08:280  开启A/D采集
2020-12-27 07:37:29:694  收到离车信号，流水号：20201227073708，线号：14，车号：009010，主控端：1，所有设备停止采集
2020-12-27 07:37:29:696  收到停止采集命令，开始停止采集
2020-12-27 07:37:29:701  停止采集数据
2020-12-27 07:37:29:704  采集连接已断开
2020-12-27 07:37:29:706  开始数据分析和落盘
2020-12-27 07:37:33:408  vibration1完成落盘
2020-12-27 07:37:36:877  vibration2完成落盘
2020-12-27 07:37:39:840  vibration3完成落盘
2020-12-27 07:37:43:394  vibration4完成落盘
2020-12-27 07:37:46:840  vibration5完成落盘
2020-12-27 07:37:49:848  vibration6完成落盘
2020-12-27 07:37:52:667  vibration7完成落盘
2020-12-27 07:37:55:738  vibration8完成落盘
2020-12-27 07:37:58:903  magnetic1完成落盘
2020-12-27 07:38:01:779  magnetic2完成落盘
2020-12-27 07:38:04:591  magnetic3完成落盘
2020-12-27 07:38:07:942  magnetic4完成落盘
2020-12-27 07:38:11:253  temperate1完成落盘
2020-12-27 07:38:14:497  temperate2完成落盘
2020-12-27 07:38:18:042  temperate3完成落盘
2020-12-27 07:38:21:106  temperate4完成落盘
2020-12-27 07:38:21:114  开始处理数据
2020-12-27 07:38:21:635  右侧计算完成
2020-12-27 07:38:22:073  左侧计算完成
2020-12-27 07:38:22:075  检查结果数据
2020-12-27 07:38:22:077  通知桌面显示数据
2020-12-27 07:38:22:094  开始写入数据库
2020-12-27 07:38:22:112  预警及报警参数加载完成
2020-12-27 07:38:22:114  数据库打开成功
2020-12-27 07:38:22:116  train_info数据表写入成功
2020-12-27 07:38:22:248  train_onlyid读取成功
2020-12-27 07:38:22:252  train_data数据表写入成功
2020-12-27 07:38:22:256  vt_info数据表，第0次写入成功
2020-12-27 07:38:22:260  vt_info数据表，第1次写入成功
2020-12-27 07:38:22:263  vt_info数据表，第2次写入成功
2020-12-27 07:38:22:266  vt_info数据表，第3次写入成功
2020-12-27 07:38:22:270  vt_info数据表，第4次写入成功
2020-12-27 07:38:22:273  vt_info数据表，第5次写入成功
2020-12-27 07:38:22:277  vt_info数据表，第6次写入成功
2020-12-27 07:38:22:280  vt_info数据表，第7次写入成功
2020-12-27 07:38:22:284  vt_info数据表，第8次写入成功
2020-12-27 07:38:22:288  vt_info数据表，第9次写入成功
2020-12-27 07:38:22:291  vt_info数据表，第10次写入成功
2020-12-27 07:38:22:294  vt_info数据表，第11次写入成功
2020-12-27 07:38:22:298  vt_info数据表，第12次写入成功
2020-12-27 07:38:22:302  vt_info数据表，第13次写入成功
2020-12-27 07:38:22:305  vt_info数据表，第14次写入成功
2020-12-27 07:38:22:309  vt_info数据表，第15次写入成功
2020-12-27 07:38:22:313  vt_info数据表，第16次写入成功
2020-12-27 07:38:22:316  vt_info数据表，第17次写入成功
2020-12-27 07:38:22:320  vt_info数据表，第18次写入成功
2020-12-27 07:38:22:323  vt_info数据表，第19次写入成功
2020-12-27 07:38:22:327  vt_info数据表，第20次写入成功
2020-12-27 07:38:22:331  vt_info数据表，第21次写入成功
2020-12-27 07:38:22:335  vt_info数据表，第22次写入成功
2020-12-27 07:38:22:338  vt_info数据表，第23次写入成功
2020-12-27 07:38:22:342  vt_info数据表，第24次写入成功
2020-12-27 07:38:22:345  vt_info数据表，第25次写入成功
2020-12-27 07:38:22:349  vt_info数据表，第26次写入成功
2020-12-27 07:38:22:353  vt_info数据表，第27次写入成功
2020-12-27 07:38:22:356  vt_info数据表，第28次写入成功
2020-12-27 07:38:22:360  vt_info数据表，第29次写入成功
2020-12-27 07:38:22:364  vt_info数据表，第30次写入成功
2020-12-27 07:38:22:367  vt_info数据表，第31次写入成功
2020-12-27 07:38:22:371  vt_info数据表，第32次写入成功
2020-12-27 07:38:22:375  vt_info数据表，第33次写入成功
2020-12-27 07:38:22:378  vt_info数据表，第34次写入成功
2020-12-27 07:38:22:382  vt_info数据表，第35次写入成功
2020-12-27 07:38:22:386  vt_info数据表，第36次写入成功
2020-12-27 07:38:22:390  vt_info数据表，第37次写入成功
2020-12-27 07:38:22:393  vt_info数据表，第38次写入成功
2020-12-27 07:38:22:397  vt_info数据表，第39次写入成功
2020-12-27 07:38:22:401  vt_info数据表，第40次写入成功
2020-12-27 07:38:22:404  vt_info数据表，第41次写入成功
2020-12-27 07:38:22:408  vt_info数据表，第42次写入成功
2020-12-27 07:38:22:412  vt_info数据表，第43次写入成功
2020-12-27 07:38:22:415  vt_info数据表，第44次写入成功
2020-12-27 07:38:22:419  vt_info数据表，第45次写入成功
2020-12-27 07:38:22:422  vt_info数据表，第46次写入成功
2020-12-27 07:38:22:426  vt_info数据表，第47次写入成功
2020-12-27 07:38:22:429  motor_info数据表，第0次写入成功
2020-12-27 07:38:22:432  motor_info数据表，第1次写入成功
2020-12-27 07:38:22:434  motor_info数据表，第2次写入成功
2020-12-27 07:38:22:437  motor_info数据表，第3次写入成功
2020-12-27 07:38:22:440  motor_info数据表，第4次写入成功
2020-12-27 07:38:22:442  motor_info数据表，第5次写入成功
2020-12-27 07:38:22:445  motor_info数据表，第6次写入成功
2020-12-27 07:38:22:448  motor_info数据表，第7次写入成功
2020-12-27 07:38:22:450  motor_info数据表，第8次写入成功
2020-12-27 07:38:22:453  motor_info数据表，第9次写入成功
2020-12-27 07:38:22:456  motor_info数据表，第10次写入成功
2020-12-27 07:38:22:459  motor_info数据表，第11次写入成功
2020-12-27 07:38:22:461  motor_info数据表，第12次写入成功
2020-12-27 07:38:22:464  motor_info数据表，第13次写入成功
2020-12-27 07:38:22:467  motor_info数据表，第14次写入成功
2020-12-27 07:38:22:479  motor_info数据表，第15次写入成功
2020-12-27 07:38:22:480  数据库关闭！
2020-12-27 07:43:57:284  收到来车信号，流水号：20201227074357，所有设备开始采集
2020-12-27 07:43:57:331  开启A/D采集
2020-12-27 07:44:18:594  收到离车信号，流水号：20201227074357，线号：21，车号：031032，主控端：1，所有设备停止采集
2020-12-27 07:44:18:596  收到停止采集命令，开始停止采集
2020-12-27 07:44:18:600  停止采集数据
2020-12-27 07:44:18:602  采集连接已断开
2020-12-27 07:44:18:604  开始数据分析和落盘
2020-12-27 07:44:22:891  vibration1完成落盘
2020-12-27 07:44:26:523  vibration2完成落盘
2020-12-27 07:44:30:025  vibration3完成落盘
2020-12-27 07:44:33:478  vibration4完成落盘
2020-12-27 07:44:36:608  vibration5完成落盘
2020-12-27 07:44:40:446  vibration6完成落盘
2020-12-27 07:44:43:664  vibration7完成落盘
2020-12-27 07:44:47:050  vibration8完成落盘
2020-12-27 07:44:50:727  magnetic1完成落盘
2020-12-27 07:44:54:095  magnetic2完成落盘
2020-12-27 07:44:57:057  magnetic3完成落盘
2020-12-27 07:45:00:874  magnetic4完成落盘
2020-12-27 07:45:03:918  temperate1完成落盘
2020-12-27 07:45:07:306  temperate2完成落盘
2020-12-27 07:45:10:447  temperate3完成落盘
2020-12-27 07:45:13:983  temperate4完成落盘
2020-12-27 07:45:13:992  开始处理数据
2020-12-27 07:45:14:536  右侧计算完成
2020-12-27 07:45:14:954  左侧计算完成
2020-12-27 07:45:14:955  检查结果数据
2020-12-27 07:45:14:958  通知桌面显示数据
2020-12-27 07:45:14:974  开始写入数据库
2020-12-27 07:45:14:996  预警及报警参数加载完成
2020-12-27 07:45:14:998  数据库打开成功
2020-12-27 07:45:15:000  train_info数据表写入成功
2020-12-27 07:45:15:132  train_onlyid读取成功
2020-12-27 07:45:15:137  train_data数据表写入成功
2020-12-27 07:45:15:140  vt_info数据表，第0次写入成功
2020-12-27 07:45:15:144  vt_info数据表，第1次写入成功
2020-12-27 07:45:15:148  vt_info数据表，第2次写入成功
2020-12-27 07:45:15:152  vt_info数据表，第3次写入成功
2020-12-27 07:45:15:155  vt_info数据表，第4次写入成功
2020-12-27 07:45:15:159  vt_info数据表，第5次写入成功
2020-12-27 07:45:15:162  vt_info数据表，第6次写入成功
2020-12-27 07:45:15:166  vt_info数据表，第7次写入成功
2020-12-27 07:45:15:170  vt_info数据表，第8次写入成功
2020-12-27 07:45:15:174  vt_info数据表，第9次写入成功
2020-12-27 07:45:15:177  vt_info数据表，第10次写入成功
2020-12-27 07:45:15:181  vt_info数据表，第11次写入成功
2020-12-27 07:45:15:184  vt_info数据表，第12次写入成功
2020-12-27 07:45:15:188  vt_info数据表，第13次写入成功
2020-12-27 07:45:15:192  vt_info数据表，第14次写入成功
2020-12-27 07:45:15:196  vt_info数据表，第15次写入成功
2020-12-27 07:45:15:199  vt_info数据表，第16次写入成功
2020-12-27 07:45:15:203  vt_info数据表，第17次写入成功
2020-12-27 07:45:15:207  vt_info数据表，第18次写入成功
2020-12-27 07:45:15:211  vt_info数据表，第19次写入成功
2020-12-27 07:45:15:214  vt_info数据表，第20次写入成功
2020-12-27 07:45:15:218  vt_info数据表，第21次写入成功
2020-12-27 07:45:15:222  vt_info数据表，第22次写入成功
2020-12-27 07:45:15:226  vt_info数据表，第23次写入成功
2020-12-27 07:45:15:229  vt_info数据表，第24次写入成功
2020-12-27 07:45:15:233  vt_info数据表，第25次写入成功
2020-12-27 07:45:15:237  vt_info数据表，第26次写入成功
2020-12-27 07:45:15:240  vt_info数据表，第27次写入成功
2020-12-27 07:45:15:244  vt_info数据表，第28次写入成功
2020-12-27 07:45:15:248  vt_info数据表，第29次写入成功
2020-12-27 07:45:15:251  vt_info数据表，第30次写入成功
2020-12-27 07:45:15:255  vt_info数据表，第31次写入成功
2020-12-27 07:45:15:259  vt_info数据表，第32次写入成功
2020-12-27 07:45:15:263  vt_info数据表，第33次写入成功
2020-12-27 07:45:15:266  vt_info数据表，第34次写入成功
2020-12-27 07:45:15:270  vt_info数据表，第35次写入成功
2020-12-27 07:45:15:273  vt_info数据表，第36次写入成功
2020-12-27 07:45:15:277  vt_info数据表，第37次写入成功
2020-12-27 07:45:15:281  vt_info数据表，第38次写入成功
2020-12-27 07:45:15:285  vt_info数据表，第39次写入成功
2020-12-27 07:45:15:289  vt_info数据表，第40次写入成功
2020-12-27 07:45:15:292  vt_info数据表，第41次写入成功
2020-12-27 07:45:15:296  vt_info数据表，第42次写入成功
2020-12-27 07:45:15:300  vt_info数据表，第43次写入成功
2020-12-27 07:45:15:303  vt_info数据表，第44次写入成功
2020-12-27 07:45:15:307  vt_info数据表，第45次写入成功
2020-12-27 07:45:15:311  vt_info数据表，第46次写入成功
2020-12-27 07:45:15:314  vt_info数据表，第47次写入成功
2020-12-27 07:45:15:317  motor_info数据表，第0次写入成功
2020-12-27 07:45:15:320  motor_info数据表，第1次写入成功
2020-12-27 07:45:15:323  motor_info数据表，第2次写入成功
2020-12-27 07:45:15:326  motor_info数据表，第3次写入成功
2020-12-27 07:45:15:329  motor_info数据表，第4次写入成功
2020-12-27 07:45:15:331  motor_info数据表，第5次写入成功
2020-12-27 07:45:15:334  motor_info数据表，第6次写入成功
2020-12-27 07:45:15:337  motor_info数据表，第7次写入成功
2020-12-27 07:45:15:340  motor_info数据表，第8次写入成功
2020-12-27 07:45:15:343  motor_info数据表，第9次写入成功
2020-12-27 07:45:15:345  motor_info数据表，第10次写入成功
2020-12-27 07:45:15:348  motor_info数据表，第11次写入成功
2020-12-27 07:45:15:351  motor_info数据表，第12次写入成功
2020-12-27 07:45:15:354  motor_info数据表，第13次写入成功
2020-12-27 07:45:15:356  motor_info数据表，第14次写入成功
2020-12-27 07:45:15:369  motor_info数据表，第15次写入成功
2020-12-27 07:45:15:370  数据库关闭！
2020-12-27 07:47:50:788  收到来车信号，流水号：20201227074750，所有设备开始采集
2020-12-27 07:47:50:835  开启A/D采集
2020-12-27 07:48:12:199  收到离车信号，流水号：20201227074750，线号：14，车号：025026，主控端：0，所有设备停止采集
2020-12-27 07:48:12:201  收到停止采集命令，开始停止采集
2020-12-27 07:48:12:207  停止采集数据
2020-12-27 07:48:12:209  采集连接已断开
2020-12-27 07:48:12:211  开始数据分析和落盘
2020-12-27 07:48:16:345  vibration1完成落盘
2020-12-27 07:48:19:765  vibration2完成落盘
2020-12-27 07:48:23:401  vibration3完成落盘
2020-12-27 07:48:26:496  vibration4完成落盘
2020-12-27 07:48:29:622  vibration5完成落盘
2020-12-27 07:48:33:011  vibration6完成落盘
2020-12-27 07:48:36:746  vibration7完成落盘
2020-12-27 07:48:39:907  vibration8完成落盘
2020-12-27 07:48:43:680  magnetic1完成落盘
2020-12-27 07:48:47:285  magnetic2完成落盘
2020-12-27 07:48:50:519  magnetic3完成落盘
2020-12-27 07:48:53:938  magnetic4完成落盘
2020-12-27 07:48:57:259  temperate1完成落盘
2020-12-27 07:49:00:239  temperate2完成落盘
2020-12-27 07:49:03:784  temperate3完成落盘
2020-12-27 07:49:07:194  temperate4完成落盘
2020-12-27 07:49:07:204  开始处理数据
2020-12-27 07:49:07:751  右侧计算完成
2020-12-27 07:49:08:106  左侧计算完成
2020-12-27 07:49:08:108  检查结果数据
2020-12-27 07:49:08:110  通知桌面显示数据
2020-12-27 07:49:08:126  开始写入数据库
2020-12-27 07:49:08:147  预警及报警参数加载完成
2020-12-27 07:49:08:149  数据库打开成功
2020-12-27 07:49:08:151  train_info数据表写入成功
2020-12-27 07:49:08:279  train_onlyid读取成功
2020-12-27 07:49:08:283  train_data数据表写入成功
2020-12-27 07:49:08:287  vt_info数据表，第0次写入成功
2020-12-27 07:49:08:290  vt_info数据表，第1次写入成功
2020-12-27 07:49:08:294  vt_info数据表，第2次写入成功
2020-12-27 07:49:08:298  vt_info数据表，第3次写入成功
2020-12-27 07:49:08:301  vt_info数据表，第4次写入成功
2020-12-27 07:49:08:305  vt_info数据表，第5次写入成功
2020-12-27 07:49:08:309  vt_info数据表，第6次写入成功
2020-12-27 07:49:08:312  vt_info数据表，第7次写入成功
2020-12-27 07:49:08:316  vt_info数据表，第8次写入成功
2020-12-27 07:49:08:319  vt_info数据表，第9次写入成功
2020-12-27 07:49:08:323  vt_info数据表，第10次写入成功
2020-12-27 07:49:08:327  vt_info数据表，第11次写入成功
2020-12-27 07:49:08:330  vt_info数据表，第12次写入成功
2020-12-27 07:49:08:334  vt_info数据表，第13次写入成功
2020-12-27 07:49:08:338  vt_info数据表，第14次写入成功
2020-12-27 07:49:08:341  vt_info数据表，第15次写入成功
2020-12-27 07:49:08:345  vt_info数据表，第16次写入成功
2020-12-27 07:49:08:349  vt_info数据表，第17次写入成功
2020-12-27 07:49:08:353  vt_info数据表，第18次写入成功
2020-12-27 07:49:08:357  vt_info数据表，第19次写入成功
2020-12-27 07:49:08:360  vt_info数据表，第20次写入成功
2020-12-27 07:49:08:364  vt_info数据表，第21次写入成功
2020-12-27 07:49:08:368  vt_info数据表，第22次写入成功
2020-12-27 07:49:08:371  vt_info数据表，第23次写入成功
2020-12-27 07:49:08:375  vt_info数据表，第24次写入成功
2020-12-27 07:49:08:379  vt_info数据表，第25次写入成功
2020-12-27 07:49:08:382  vt_info数据表，第26次写入成功
2020-12-27 07:49:08:386  vt_info数据表，第27次写入成功
2020-12-27 07:49:08:390  vt_info数据表，第28次写入成功
2020-12-27 07:49:08:394  vt_info数据表，第29次写入成功
2020-12-27 07:49:08:397  vt_info数据表，第30次写入成功
2020-12-27 07:49:08:401  vt_info数据表，第31次写入成功
2020-12-27 07:49:08:405  vt_info数据表，第32次写入成功
2020-12-27 07:49:08:408  vt_info数据表，第33次写入成功
2020-12-27 07:49:08:412  vt_info数据表，第34次写入成功
2020-12-27 07:49:08:416  vt_info数据表，第35次写入成功
2020-12-27 07:49:08:420  vt_info数据表，第36次写入成功
2020-12-27 07:49:08:424  vt_info数据表，第37次写入成功
2020-12-27 07:49:08:427  vt_info数据表，第38次写入成功
2020-12-27 07:49:08:431  vt_info数据表，第39次写入成功
2020-12-27 07:49:08:435  vt_info数据表，第40次写入成功
2020-12-27 07:49:08:438  vt_info数据表，第41次写入成功
2020-12-27 07:49:08:442  vt_info数据表，第42次写入成功
2020-12-27 07:49:08:446  vt_info数据表，第43次写入成功
2020-12-27 07:49:08:450  vt_info数据表，第44次写入成功
2020-12-27 07:49:08:453  vt_info数据表，第45次写入成功
2020-12-27 07:49:08:457  vt_info数据表，第46次写入成功
2020-12-27 07:49:08:461  vt_info数据表，第47次写入成功
2020-12-27 07:49:08:463  motor_info数据表，第0次写入成功
2020-12-27 07:49:08:466  motor_info数据表，第1次写入成功
2020-12-27 07:49:08:469  motor_info数据表，第2次写入成功
2020-12-27 07:49:08:472  motor_info数据表，第3次写入成功
2020-12-27 07:49:08:474  motor_info数据表，第4次写入成功
2020-12-27 07:49:08:477  motor_info数据表，第5次写入成功
2020-12-27 07:49:08:480  motor_info数据表，第6次写入成功
2020-12-27 07:49:08:483  motor_info数据表，第7次写入成功
2020-12-27 07:49:08:485  motor_info数据表，第8次写入成功
2020-12-27 07:49:08:488  motor_info数据表，第9次写入成功
2020-12-27 07:49:08:491  motor_info数据表，第10次写入成功
2020-12-27 07:49:08:493  motor_info数据表，第11次写入成功
2020-12-27 07:49:08:496  motor_info数据表，第12次写入成功
2020-12-27 07:49:08:499  motor_info数据表，第13次写入成功
2020-12-27 07:49:08:501  motor_info数据表，第14次写入成功
2020-12-27 07:49:08:513  motor_info数据表，第15次写入成功
2020-12-27 07:49:08:515  数据库关闭！
2020-12-27 07:56:34:202  收到来车信号，流水号：20201227075634，所有设备开始采集
2020-12-27 07:56:34:249  开启A/D采集
2020-12-27 07:56:55:593  收到离车信号，流水号：20201227075634，线号：14，车号：003004，主控端：1，所有设备停止采集
2020-12-27 07:56:55:595  收到停止采集命令，开始停止采集
2020-12-27 07:56:55:599  停止采集数据
2020-12-27 07:56:55:601  采集连接已断开
2020-12-27 07:56:55:603  开始数据分析和落盘
2020-12-27 07:56:59:966  vibration1完成落盘
2020-12-27 07:57:03:797  vibration2完成落盘
2020-12-27 07:57:07:609  vibration3完成落盘
2020-12-27 07:57:11:484  vibration4完成落盘
2020-12-27 07:57:15:359  vibration5完成落盘
2020-12-27 07:57:19:231  vibration6完成落盘
2020-12-27 07:57:23:069  vibration7完成落盘
2020-12-27 07:57:26:840  vibration8完成落盘
2020-12-27 07:57:30:706  magnetic1完成落盘
2020-12-27 07:57:34:406  magnetic2完成落盘
2020-12-27 07:57:38:183  magnetic3完成落盘
2020-12-27 07:57:42:010  magnetic4完成落盘
2020-12-27 07:57:45:418  temperate1完成落盘
2020-12-27 07:57:48:913  temperate2完成落盘
2020-12-27 07:57:52:579  temperate3完成落盘
2020-12-27 07:57:55:902  temperate4完成落盘
2020-12-27 07:57:55:911  开始处理数据
2020-12-27 07:57:56:471  右侧计算完成
2020-12-27 07:57:56:927  左侧计算完成
2020-12-27 07:57:56:929  检查结果数据
2020-12-27 07:57:56:931  通知桌面显示数据
2020-12-27 07:57:56:947  开始写入数据库
2020-12-27 07:57:56:969  预警及报警参数加载完成
2020-12-27 07:57:56:971  数据库打开成功
2020-12-27 07:57:56:973  train_info数据表写入成功
2020-12-27 07:57:57:103  train_onlyid读取成功
2020-12-27 07:57:57:108  train_data数据表写入成功
2020-12-27 07:57:57:112  vt_info数据表，第0次写入成功
2020-12-27 07:57:57:115  vt_info数据表，第1次写入成功
2020-12-27 07:57:57:118  vt_info数据表，第2次写入成功
2020-12-27 07:57:57:122  vt_info数据表，第3次写入成功
2020-12-27 07:57:57:125  vt_info数据表，第4次写入成功
2020-12-27 07:57:57:129  vt_info数据表，第5次写入成功
2020-12-27 07:57:57:132  vt_info数据表，第6次写入成功
2020-12-27 07:57:57:136  vt_info数据表，第7次写入成功
2020-12-27 07:57:57:139  vt_info数据表，第8次写入成功
2020-12-27 07:57:57:143  vt_info数据表，第9次写入成功
2020-12-27 07:57:57:146  vt_info数据表，第10次写入成功
2020-12-27 07:57:57:150  vt_info数据表，第11次写入成功
2020-12-27 07:57:57:153  vt_info数据表，第12次写入成功
2020-12-27 07:57:57:157  vt_info数据表，第13次写入成功
2020-12-27 07:57:57:161  vt_info数据表，第14次写入成功
2020-12-27 07:57:57:164  vt_info数据表，第15次写入成功
2020-12-27 07:57:57:168  vt_info数据表，第16次写入成功
2020-12-27 07:57:57:172  vt_info数据表，第17次写入成功
2020-12-27 07:57:57:175  vt_info数据表，第18次写入成功
2020-12-27 07:57:57:179  vt_info数据表，第19次写入成功
2020-12-27 07:57:57:183  vt_info数据表，第20次写入成功
2020-12-27 07:57:57:186  vt_info数据表，第21次写入成功
2020-12-27 07:57:57:190  vt_info数据表，第22次写入成功
2020-12-27 07:57:57:195  vt_info数据表，第23次写入成功
2020-12-27 07:57:57:199  vt_info数据表，第24次写入成功
2020-12-27 07:57:57:202  vt_info数据表，第25次写入成功
2020-12-27 07:57:57:206  vt_info数据表，第26次写入成功
2020-12-27 07:57:57:210  vt_info数据表，第27次写入成功
2020-12-27 07:57:57:213  vt_info数据表，第28次写入成功
2020-12-27 07:57:57:217  vt_info数据表，第29次写入成功
2020-12-27 07:57:57:221  vt_info数据表，第30次写入成功
2020-12-27 07:57:57:224  vt_info数据表，第31次写入成功
2020-12-27 07:57:57:228  vt_info数据表，第32次写入成功
2020-12-27 07:57:57:232  vt_info数据表，第33次写入成功
2020-12-27 07:57:57:235  vt_info数据表，第34次写入成功
2020-12-27 07:57:57:239  vt_info数据表，第35次写入成功
2020-12-27 07:57:57:243  vt_info数据表，第36次写入成功
2020-12-27 07:57:57:246  vt_info数据表，第37次写入成功
2020-12-27 07:57:57:250  vt_info数据表，第38次写入成功
2020-12-27 07:57:57:253  vt_info数据表，第39次写入成功
2020-12-27 07:57:57:257  vt_info数据表，第40次写入成功
2020-12-27 07:57:57:261  vt_info数据表，第41次写入成功
2020-12-27 07:57:57:265  vt_info数据表，第42次写入成功
2020-12-27 07:57:57:268  vt_info数据表，第43次写入成功
2020-12-27 07:57:57:272  vt_info数据表，第44次写入成功
2020-12-27 07:57:57:276  vt_info数据表，第45次写入成功
2020-12-27 07:57:57:279  vt_info数据表，第46次写入成功
2020-12-27 07:57:57:283  vt_info数据表，第47次写入成功
2020-12-27 07:57:57:286  motor_info数据表，第0次写入成功
2020-12-27 07:57:57:288  motor_info数据表，第1次写入成功
2020-12-27 07:57:57:291  motor_info数据表，第2次写入成功
2020-12-27 07:57:57:294  motor_info数据表，第3次写入成功
2020-12-27 07:57:57:297  motor_info数据表，第4次写入成功
2020-12-27 07:57:57:299  motor_info数据表，第5次写入成功
2020-12-27 07:57:57:302  motor_info数据表，第6次写入成功
2020-12-27 07:57:57:305  motor_info数据表，第7次写入成功
2020-12-27 07:57:57:307  motor_info数据表，第8次写入成功
2020-12-27 07:57:57:310  motor_info数据表，第9次写入成功
2020-12-27 07:57:57:312  motor_info数据表，第10次写入成功
2020-12-27 07:57:57:315  motor_info数据表，第11次写入成功
2020-12-27 07:57:57:318  motor_info数据表，第12次写入成功
2020-12-27 07:57:57:320  motor_info数据表，第13次写入成功
2020-12-27 07:57:57:323  motor_info数据表，第14次写入成功
2020-12-27 07:57:57:335  motor_info数据表，第15次写入成功
2020-12-27 07:57:57:337  数据库关闭！
