2020-12-14 12:03:50:923  磁钢信号预处理完成，位置标记：1
2020-12-14 12:03:50:939  温度分轮成功，分轮数尺度为：48
2020-12-14 12:03:51:001  轴承端盖温度特征值计算完成, 位置标记：1
2020-12-14 12:03:51:064  电机温度计算完成, 位置标记：1
2020-12-14 12:03:51:064  电机温度计算完成, 位置标记：1
2020-12-14 12:03:51:079  电机温度计算完成, 位置标记：1
2020-12-14 12:03:51:079  电机温度计算完成, 位置标记：1
2020-12-14 12:03:51:079  电机温度计算完成, 位置标记：1
2020-12-14 12:03:51:079  电机温度计算完成, 位置标记：1
2020-12-14 12:03:51:079  电机温度计算完成, 位置标记：1
2020-12-14 12:03:51:095  电机温度计算完成, 位置标记：1
2020-12-14 12:03:51:095  车速为：36.6696位置标记为：1
2020-12-14 12:03:51:111  振动分轮计算完成, 位置标记：1
2020-12-14 12:03:51:392  振动特征值计算完成, 位置标记：1
2020-12-14 12:03:51:454  磁钢信号预处理完成，位置标记：0
2020-12-14 12:03:51:470  温度分轮成功，分轮数尺度为：48
2020-12-14 12:03:51:532  轴承端盖温度特征值计算完成, 位置标记：0
2020-12-14 12:03:51:595  电机温度计算完成, 位置标记：0
2020-12-14 12:03:51:595  电机温度计算完成, 位置标记：0
2020-12-14 12:03:51:595  电机温度计算完成, 位置标记：0
2020-12-14 12:03:51:611  电机温度计算完成, 位置标记：0
2020-12-14 12:03:51:611  电机温度计算完成, 位置标记：0
2020-12-14 12:03:51:611  电机温度计算完成, 位置标记：0
2020-12-14 12:03:51:611  电机温度计算完成, 位置标记：0
2020-12-14 12:03:51:611  电机温度计算完成, 位置标记：0
2020-12-14 12:03:51:611  车速为：36.6696位置标记为：0
2020-12-14 12:03:51:642  振动分轮计算完成, 位置标记：0
2020-12-14 12:03:51:923  振动特征值计算完成, 位置标记：0
2020-12-14 12:13:32:642  磁钢信号预处理完成，位置标记：1
2020-12-14 12:13:32:658  温度分轮成功，分轮数尺度为：48
2020-12-14 12:13:32:721  轴承端盖温度特征值计算完成, 位置标记：1
2020-12-14 12:13:32:783  电机温度计算完成, 位置标记：1
2020-12-14 12:13:32:783  电机温度计算完成, 位置标记：1
2020-12-14 12:13:32:783  电机温度计算完成, 位置标记：1
2020-12-14 12:13:32:799  电机温度计算完成, 位置标记：1
2020-12-14 12:13:32:799  电机温度计算完成, 位置标记：1
2020-12-14 12:13:32:799  电机温度计算完成, 位置标记：1
2020-12-14 12:13:32:799  电机温度计算完成, 位置标记：1
2020-12-14 12:13:32:799  电机温度计算完成, 位置标记：1
2020-12-14 12:13:32:799  车速为：36.8位置标记为：1
2020-12-14 12:13:32:830  振动分轮计算完成, 位置标记：1
2020-12-14 12:13:33:111  振动特征值计算完成, 位置标记：1
2020-12-14 12:13:33:174  磁钢信号预处理完成，位置标记：0
2020-12-14 12:13:33:174  温度分轮成功，分轮数尺度为：48
2020-12-14 12:13:33:252  轴承端盖温度特征值计算完成, 位置标记：0
2020-12-14 12:13:33:299  电机温度计算完成, 位置标记：0
2020-12-14 12:13:33:314  电机温度计算完成, 位置标记：0
2020-12-14 12:13:33:314  电机温度计算完成, 位置标记：0
2020-12-14 12:13:33:314  电机温度计算完成, 位置标记：0
2020-12-14 12:13:33:314  电机温度计算完成, 位置标记：0
2020-12-14 12:13:33:314  电机温度计算完成, 位置标记：0
2020-12-14 12:13:33:330  电机温度计算完成, 位置标记：0
2020-12-14 12:13:33:330  电机温度计算完成, 位置标记：0
2020-12-14 12:13:33:330  车速为：36.8位置标记为：0
2020-12-14 12:13:33:346  振动分轮计算完成, 位置标记：0
2020-12-14 12:13:33:642  振动特征值计算完成, 位置标记：0
2020-12-14 12:23:38:443  磁钢信号预处理完成，位置标记：1
2020-12-14 12:23:38:459  温度分轮成功，分轮数尺度为：48
2020-12-14 12:23:38:521  轴承端盖温度特征值计算完成, 位置标记：1
2020-12-14 12:23:38:584  电机温度计算完成, 位置标记：1
2020-12-14 12:23:38:584  电机温度计算完成, 位置标记：1
2020-12-14 12:23:38:584  电机温度计算完成, 位置标记：1
2020-12-14 12:23:38:584  电机温度计算完成, 位置标记：1
2020-12-14 12:23:38:599  电机温度计算完成, 位置标记：1
2020-12-14 12:23:38:599  电机温度计算完成, 位置标记：1
2020-12-14 12:23:38:599  电机温度计算完成, 位置标记：1
2020-12-14 12:23:38:599  电机温度计算完成, 位置标记：1
2020-12-14 12:23:38:599  车速为：36.7347位置标记为：1
2020-12-14 12:23:38:630  振动分轮计算完成, 位置标记：1
2020-12-14 12:23:38:912  振动特征值计算完成, 位置标记：1
2020-12-14 12:23:38:974  磁钢信号预处理完成，位置标记：0
2020-12-14 12:23:38:974  温度分轮成功，分轮数尺度为：48
2020-12-14 12:23:39:052  轴承端盖温度特征值计算完成, 位置标记：0
2020-12-14 12:23:39:115  电机温度计算完成, 位置标记：0
2020-12-14 12:23:39:115  电机温度计算完成, 位置标记：0
2020-12-14 12:23:39:115  电机温度计算完成, 位置标记：0
2020-12-14 12:23:39:115  电机温度计算完成, 位置标记：0
2020-12-14 12:23:39:115  电机温度计算完成, 位置标记：0
2020-12-14 12:23:39:130  电机温度计算完成, 位置标记：0
2020-12-14 12:23:39:130  电机温度计算完成, 位置标记：0
2020-12-14 12:23:39:130  电机温度计算完成, 位置标记：0
2020-12-14 12:23:39:130  车速为：36.7347位置标记为：0
2020-12-14 12:23:39:146  振动分轮计算完成, 位置标记：0
2020-12-14 12:23:39:443  振动特征值计算完成, 位置标记：0
2020-12-14 12:33:34:432  磁钢信号预处理完成，位置标记：1
2020-12-14 12:33:34:448  温度分轮成功，分轮数尺度为：48
2020-12-14 12:33:34:511  轴承端盖温度特征值计算完成, 位置标记：1
2020-12-14 12:33:34:573  电机温度计算完成, 位置标记：1
2020-12-14 12:33:34:573  电机温度计算完成, 位置标记：1
2020-12-14 12:33:34:573  电机温度计算完成, 位置标记：1
2020-12-14 12:33:34:589  电机温度计算完成, 位置标记：1
2020-12-14 12:33:34:589  电机温度计算完成, 位置标记：1
2020-12-14 12:33:34:589  电机温度计算完成, 位置标记：1
2020-12-14 12:33:34:589  电机温度计算完成, 位置标记：1
2020-12-14 12:33:34:589  电机温度计算完成, 位置标记：1
2020-12-14 12:33:34:589  车速为：36.5402位置标记为：1
2020-12-14 12:33:34:620  振动分轮计算完成, 位置标记：1
2020-12-14 12:33:34:870  振动特征值计算完成, 位置标记：1
2020-12-14 12:33:34:932  磁钢信号预处理完成，位置标记：0
2020-12-14 12:33:34:932  温度分轮成功，分轮数尺度为：48
2020-12-14 12:33:35:011  轴承端盖温度特征值计算完成, 位置标记：0
2020-12-14 12:33:35:073  电机温度计算完成, 位置标记：0
2020-12-14 12:33:35:073  电机温度计算完成, 位置标记：0
2020-12-14 12:33:35:073  电机温度计算完成, 位置标记：0
2020-12-14 12:33:35:073  电机温度计算完成, 位置标记：0
2020-12-14 12:33:35:089  电机温度计算完成, 位置标记：0
2020-12-14 12:33:35:089  电机温度计算完成, 位置标记：0
2020-12-14 12:33:35:089  电机温度计算完成, 位置标记：0
2020-12-14 12:33:35:089  电机温度计算完成, 位置标记：0
2020-12-14 12:33:35:089  车速为：36.5402位置标记为：0
2020-12-14 12:33:35:120  振动分轮计算完成, 位置标记：0
2020-12-14 12:33:35:401  振动特征值计算完成, 位置标记：0
2020-12-14 12:43:35:460  磁钢信号预处理完成，位置标记：1
2020-12-14 12:43:35:476  温度分轮成功，分轮数尺度为：48
2020-12-14 12:43:35:538  轴承端盖温度特征值计算完成, 位置标记：1
2020-12-14 12:43:35:601  电机温度计算完成, 位置标记：1
2020-12-14 12:43:35:601  电机温度计算完成, 位置标记：1
2020-12-14 12:43:35:601  电机温度计算完成, 位置标记：1
2020-12-14 12:43:35:616  电机温度计算完成, 位置标记：1
2020-12-14 12:43:35:616  电机温度计算完成, 位置标记：1
2020-12-14 12:43:35:616  电机温度计算完成, 位置标记：1
2020-12-14 12:43:35:616  电机温度计算完成, 位置标记：1
2020-12-14 12:43:35:616  电机温度计算完成, 位置标记：1
2020-12-14 12:43:35:616  车速为：36.7021位置标记为：1
2020-12-14 12:43:35:647  振动有效标记位计算异常，位置标记为：1
2020-12-14 12:43:35:694  磁钢信号预处理完成，位置标记：0
2020-12-14 12:43:35:710  温度分轮成功，分轮数尺度为：48
2020-12-14 12:43:35:772  轴承端盖温度特征值计算完成, 位置标记：0
2020-12-14 12:43:35:819  电机温度计算完成, 位置标记：0
2020-12-14 12:43:35:819  电机温度计算完成, 位置标记：0
2020-12-14 12:43:35:835  电机温度计算完成, 位置标记：0
2020-12-14 12:43:35:835  电机温度计算完成, 位置标记：0
2020-12-14 12:43:35:835  电机温度计算完成, 位置标记：0
2020-12-14 12:43:35:835  电机温度计算完成, 位置标记：0
2020-12-14 12:43:35:835  电机温度计算完成, 位置标记：0
2020-12-14 12:43:35:835  电机温度计算完成, 位置标记：0
2020-12-14 12:43:35:835  车速为：36.7021位置标记为：0
2020-12-14 12:43:35:866  振动有效标记位计算异常，位置标记为：0
2020-12-14 12:53:37:682  磁钢信号预处理完成，位置标记：1
2020-12-14 12:53:37:698  温度分轮成功，分轮数尺度为：48
2020-12-14 12:53:37:760  轴承端盖温度特征值计算完成, 位置标记：1
2020-12-14 12:53:37:823  电机温度计算完成, 位置标记：1
2020-12-14 12:53:37:823  电机温度计算完成, 位置标记：1
2020-12-14 12:53:37:823  电机温度计算完成, 位置标记：1
2020-12-14 12:53:37:839  电机温度计算完成, 位置标记：1
2020-12-14 12:53:37:839  电机温度计算完成, 位置标记：1
2020-12-14 12:53:37:839  电机温度计算完成, 位置标记：1
2020-12-14 12:53:37:839  电机温度计算完成, 位置标记：1
2020-12-14 12:53:37:839  电机温度计算完成, 位置标记：1
2020-12-14 12:53:37:839  车速为：36.8164位置标记为：1
2020-12-14 12:53:37:870  振动分轮计算完成, 位置标记：1
2020-12-14 12:53:38:151  振动特征值计算完成, 位置标记：1
2020-12-14 12:53:38:214  磁钢信号预处理完成，位置标记：0
2020-12-14 12:53:38:214  温度分轮成功，分轮数尺度为：48
2020-12-14 12:53:38:276  轴承端盖温度特征值计算完成, 位置标记：0
2020-12-14 12:53:38:339  电机温度计算完成, 位置标记：0
2020-12-14 12:53:38:339  电机温度计算完成, 位置标记：0
2020-12-14 12:53:38:354  电机温度计算完成, 位置标记：0
2020-12-14 12:53:38:354  电机温度计算完成, 位置标记：0
2020-12-14 12:53:38:354  电机温度计算完成, 位置标记：0
2020-12-14 12:53:38:354  电机温度计算完成, 位置标记：0
2020-12-14 12:53:38:354  电机温度计算完成, 位置标记：0
2020-12-14 12:53:38:354  电机温度计算完成, 位置标记：0
2020-12-14 12:53:38:370  车速为：36.8164位置标记为：0
2020-12-14 12:53:38:385  振动分轮计算完成, 位置标记：0
2020-12-14 12:53:38:667  振动特征值计算完成, 位置标记：0
