2020-12-21 19:01:54:398  收到来车信号，流水号：20201221190154，所有设备开始采集
2020-12-21 19:01:54:466  开启A/D采集
2020-12-21 19:02:15:870  收到离车信号，流水号：20201221190154，线号：14，车号：047048，主控端：1，所有设备停止采集
2020-12-21 19:02:15:905  收到停止采集命令，开始停止采集
2020-12-21 19:02:15:942  停止采集数据
2020-12-21 19:02:15:944  采集连接已断开
2020-12-21 19:02:15:945  开始数据分析和落盘
2020-12-21 19:02:20:784  vibration1完成落盘
2020-12-21 19:02:24:994  vibration2完成落盘
2020-12-21 19:02:29:234  vibration3完成落盘
2020-12-21 19:02:33:463  vibration4完成落盘
2020-12-21 19:02:37:662  vibration5完成落盘
2020-12-21 19:02:41:767  vibration6完成落盘
2020-12-21 19:02:45:978  vibration7完成落盘
2020-12-21 19:02:50:196  vibration8完成落盘
2020-12-21 19:02:54:487  magnetic1完成落盘
2020-12-21 19:02:58:721  magnetic2完成落盘
2020-12-21 19:03:02:945  magnetic3完成落盘
2020-12-21 19:03:07:164  magnetic4完成落盘
2020-12-21 19:03:11:213  temperate1完成落盘
2020-12-21 19:03:15:222  temperate2完成落盘
2020-12-21 19:03:19:237  temperate3完成落盘
2020-12-21 19:03:23:222  temperate4完成落盘
2020-12-21 19:03:23:233  开始处理数据
2020-12-21 19:03:23:802  右侧计算完成
2020-12-21 19:03:24:261  左侧计算完成
2020-12-21 19:03:24:263  检查结果数据
2020-12-21 19:03:24:264  通知桌面显示数据
2020-12-21 19:03:24:281  开始写入数据库
2020-12-21 19:03:24:310  预警及报警参数加载完成
2020-12-21 19:03:24:312  数据库打开成功
2020-12-21 19:03:24:313  train_info数据表写入成功
2020-12-21 19:03:24:497  train_onlyid读取成功
2020-12-21 19:03:24:498  train_data数据表写入成功
2020-12-21 19:03:24:500  vt_info数据表，第0次写入成功
2020-12-21 19:03:24:502  vt_info数据表，第1次写入成功
2020-12-21 19:03:24:503  vt_info数据表，第2次写入成功
2020-12-21 19:03:24:505  vt_info数据表，第3次写入成功
2020-12-21 19:03:24:506  vt_info数据表，第4次写入成功
2020-12-21 19:03:24:508  vt_info数据表，第5次写入成功
2020-12-21 19:03:24:510  vt_info数据表，第6次写入成功
2020-12-21 19:03:24:511  vt_info数据表，第7次写入成功
2020-12-21 19:03:24:513  vt_info数据表，第8次写入成功
2020-12-21 19:03:24:514  vt_info数据表，第9次写入成功
2020-12-21 19:03:24:516  vt_info数据表，第10次写入成功
2020-12-21 19:03:24:517  vt_info数据表，第11次写入成功
2020-12-21 19:03:24:519  vt_info数据表，第12次写入成功
2020-12-21 19:03:24:520  vt_info数据表，第13次写入成功
2020-12-21 19:03:24:522  vt_info数据表，第14次写入成功
2020-12-21 19:03:24:523  vt_info数据表，第15次写入成功
2020-12-21 19:03:24:556  vt_info数据表，第16次写入成功
2020-12-21 19:03:24:558  vt_info数据表，第17次写入成功
2020-12-21 19:03:24:560  vt_info数据表，第18次写入成功
2020-12-21 19:03:24:561  vt_info数据表，第19次写入成功
2020-12-21 19:03:24:563  vt_info数据表，第20次写入成功
2020-12-21 19:03:24:564  vt_info数据表，第21次写入成功
2020-12-21 19:03:24:566  vt_info数据表，第22次写入成功
2020-12-21 19:03:24:567  vt_info数据表，第23次写入成功
2020-12-21 19:03:24:569  vt_info数据表，第24次写入成功
2020-12-21 19:03:24:570  vt_info数据表，第25次写入成功
2020-12-21 19:03:24:572  vt_info数据表，第26次写入成功
2020-12-21 19:03:24:574  vt_info数据表，第27次写入成功
2020-12-21 19:03:24:575  vt_info数据表，第28次写入成功
2020-12-21 19:03:24:577  vt_info数据表，第29次写入成功
2020-12-21 19:03:24:579  vt_info数据表，第30次写入成功
2020-12-21 19:03:24:580  vt_info数据表，第31次写入成功
2020-12-21 19:03:24:613  vt_info数据表，第32次写入成功
2020-12-21 19:03:24:614  vt_info数据表，第33次写入成功
2020-12-21 19:03:24:616  vt_info数据表，第34次写入成功
2020-12-21 19:03:24:618  vt_info数据表，第35次写入成功
2020-12-21 19:03:24:620  vt_info数据表，第36次写入成功
2020-12-21 19:03:24:621  vt_info数据表，第37次写入成功
2020-12-21 19:03:24:623  vt_info数据表，第38次写入成功
2020-12-21 19:03:24:624  vt_info数据表，第39次写入成功
2020-12-21 19:03:24:626  vt_info数据表，第40次写入成功
2020-12-21 19:03:24:627  vt_info数据表，第41次写入成功
2020-12-21 19:03:24:629  vt_info数据表，第42次写入成功
2020-12-21 19:03:24:631  vt_info数据表，第43次写入成功
2020-12-21 19:03:24:632  vt_info数据表，第44次写入成功
2020-12-21 19:03:24:634  vt_info数据表，第45次写入成功
2020-12-21 19:03:24:635  vt_info数据表，第46次写入成功
2020-12-21 19:03:24:677  vt_info数据表，第47次写入成功
2020-12-21 19:03:24:679  motor_info数据表，第0次写入成功
2020-12-21 19:03:24:681  motor_info数据表，第1次写入成功
2020-12-21 19:03:24:682  motor_info数据表，第2次写入成功
2020-12-21 19:03:24:684  motor_info数据表，第3次写入成功
2020-12-21 19:03:24:685  motor_info数据表，第4次写入成功
2020-12-21 19:03:24:687  motor_info数据表，第5次写入成功
2020-12-21 19:03:24:688  motor_info数据表，第6次写入成功
2020-12-21 19:03:24:690  motor_info数据表，第7次写入成功
2020-12-21 19:03:24:691  motor_info数据表，第8次写入成功
2020-12-21 19:03:24:693  motor_info数据表，第9次写入成功
2020-12-21 19:03:24:694  motor_info数据表，第10次写入成功
2020-12-21 19:03:24:696  motor_info数据表，第11次写入成功
2020-12-21 19:03:24:697  motor_info数据表，第12次写入成功
2020-12-21 19:03:24:699  motor_info数据表，第13次写入成功
2020-12-21 19:03:24:700  motor_info数据表，第14次写入成功
2020-12-21 19:03:24:702  motor_info数据表，第15次写入成功
2020-12-21 19:03:24:704  数据库关闭！
2020-12-21 19:07:51:919  收到来车信号，流水号：20201221190751，所有设备开始采集
2020-12-21 19:07:51:987  开启A/D采集
2020-12-21 19:08:13:070  收到离车信号，流水号：20201221190751，线号：14，车号：041042，主控端：0，所有设备停止采集
2020-12-21 19:08:13:104  收到停止采集命令，开始停止采集
2020-12-21 19:08:13:143  停止采集数据
2020-12-21 19:08:13:144  采集连接已断开
2020-12-21 19:08:13:146  开始数据分析和落盘
2020-12-21 19:08:17:864  vibration1完成落盘
2020-12-21 19:08:21:970  vibration2完成落盘
2020-12-21 19:08:26:121  vibration3完成落盘
2020-12-21 19:08:30:276  vibration4完成落盘
2020-12-21 19:08:34:401  vibration5完成落盘
2020-12-21 19:08:38:537  vibration6完成落盘
2020-12-21 19:08:42:628  vibration7完成落盘
2020-12-21 19:08:46:772  vibration8完成落盘
2020-12-21 19:08:50:965  magnetic1完成落盘
2020-12-21 19:08:55:108  magnetic2完成落盘
2020-12-21 19:08:59:240  magnetic3完成落盘
2020-12-21 19:09:03:387  magnetic4完成落盘
2020-12-21 19:09:07:286  temperate1完成落盘
2020-12-21 19:09:11:219  temperate2完成落盘
2020-12-21 19:09:15:181  temperate3完成落盘
2020-12-21 19:09:19:134  temperate4完成落盘
2020-12-21 19:09:19:142  开始处理数据
2020-12-21 19:09:19:694  右侧计算完成
2020-12-21 19:09:20:142  左侧计算完成
2020-12-21 19:09:20:144  检查结果数据
2020-12-21 19:09:20:145  通知桌面显示数据
2020-12-21 19:09:20:162  开始写入数据库
2020-12-21 19:09:20:191  预警及报警参数加载完成
2020-12-21 19:09:20:193  数据库打开成功
2020-12-21 19:09:20:194  train_info数据表写入成功
2020-12-21 19:09:20:378  train_onlyid读取成功
2020-12-21 19:09:20:379  train_data数据表写入成功
2020-12-21 19:09:20:381  vt_info数据表，第0次写入成功
2020-12-21 19:09:20:382  vt_info数据表，第1次写入成功
2020-12-21 19:09:20:384  vt_info数据表，第2次写入成功
2020-12-21 19:09:20:385  vt_info数据表，第3次写入成功
2020-12-21 19:09:20:387  vt_info数据表，第4次写入成功
2020-12-21 19:09:20:388  vt_info数据表，第5次写入成功
2020-12-21 19:09:20:390  vt_info数据表，第6次写入成功
2020-12-21 19:09:20:392  vt_info数据表，第7次写入成功
2020-12-21 19:09:20:393  vt_info数据表，第8次写入成功
2020-12-21 19:09:20:395  vt_info数据表，第9次写入成功
2020-12-21 19:09:20:396  vt_info数据表，第10次写入成功
2020-12-21 19:09:20:398  vt_info数据表，第11次写入成功
2020-12-21 19:09:20:399  vt_info数据表，第12次写入成功
2020-12-21 19:09:20:401  vt_info数据表，第13次写入成功
2020-12-21 19:09:20:402  vt_info数据表，第14次写入成功
2020-12-21 19:09:20:404  vt_info数据表，第15次写入成功
2020-12-21 19:09:20:436  vt_info数据表，第16次写入成功
2020-12-21 19:09:20:438  vt_info数据表，第17次写入成功
2020-12-21 19:09:20:439  vt_info数据表，第18次写入成功
2020-12-21 19:09:20:441  vt_info数据表，第19次写入成功
2020-12-21 19:09:20:442  vt_info数据表，第20次写入成功
2020-12-21 19:09:20:444  vt_info数据表，第21次写入成功
2020-12-21 19:09:20:446  vt_info数据表，第22次写入成功
2020-12-21 19:09:20:447  vt_info数据表，第23次写入成功
2020-12-21 19:09:20:449  vt_info数据表，第24次写入成功
2020-12-21 19:09:20:451  vt_info数据表，第25次写入成功
2020-12-21 19:09:20:452  vt_info数据表，第26次写入成功
2020-12-21 19:09:20:454  vt_info数据表，第27次写入成功
2020-12-21 19:09:20:455  vt_info数据表，第28次写入成功
2020-12-21 19:09:20:457  vt_info数据表，第29次写入成功
2020-12-21 19:09:20:459  vt_info数据表，第30次写入成功
2020-12-21 19:09:20:460  vt_info数据表，第31次写入成功
2020-12-21 19:09:20:493  vt_info数据表，第32次写入成功
2020-12-21 19:09:20:495  vt_info数据表，第33次写入成功
2020-12-21 19:09:20:496  vt_info数据表，第34次写入成功
2020-12-21 19:09:20:498  vt_info数据表，第35次写入成功
2020-12-21 19:09:20:500  vt_info数据表，第36次写入成功
2020-12-21 19:09:20:501  vt_info数据表，第37次写入成功
2020-12-21 19:09:20:503  vt_info数据表，第38次写入成功
2020-12-21 19:09:20:504  vt_info数据表，第39次写入成功
2020-12-21 19:09:20:506  vt_info数据表，第40次写入成功
2020-12-21 19:09:20:508  vt_info数据表，第41次写入成功
2020-12-21 19:09:20:509  vt_info数据表，第42次写入成功
2020-12-21 19:09:20:511  vt_info数据表，第43次写入成功
2020-12-21 19:09:20:513  vt_info数据表，第44次写入成功
2020-12-21 19:09:20:514  vt_info数据表，第45次写入成功
2020-12-21 19:09:20:516  vt_info数据表，第46次写入成功
2020-12-21 19:09:20:517  vt_info数据表，第47次写入成功
2020-12-21 19:09:20:519  motor_info数据表，第0次写入成功
2020-12-21 19:09:20:560  motor_info数据表，第1次写入成功
2020-12-21 19:09:20:562  motor_info数据表，第2次写入成功
2020-12-21 19:09:20:563  motor_info数据表，第3次写入成功
2020-12-21 19:09:20:565  motor_info数据表，第4次写入成功
2020-12-21 19:09:20:566  motor_info数据表，第5次写入成功
2020-12-21 19:09:20:568  motor_info数据表，第6次写入成功
2020-12-21 19:09:20:570  motor_info数据表，第7次写入成功
2020-12-21 19:09:20:571  motor_info数据表，第8次写入成功
2020-12-21 19:09:20:573  motor_info数据表，第9次写入成功
2020-12-21 19:09:20:575  motor_info数据表，第10次写入成功
2020-12-21 19:09:20:576  motor_info数据表，第11次写入成功
2020-12-21 19:09:20:578  motor_info数据表，第12次写入成功
2020-12-21 19:09:20:579  motor_info数据表，第13次写入成功
2020-12-21 19:09:20:581  motor_info数据表，第14次写入成功
2020-12-21 19:09:20:582  motor_info数据表，第15次写入成功
2020-12-21 19:09:20:584  数据库关闭！
2020-12-21 19:11:46:670  收到来车信号，流水号：20201221191146，所有设备开始采集
2020-12-21 19:11:46:740  开启A/D采集
2020-12-21 19:12:08:071  收到离车信号，流水号：20201221191146，线号：14，车号：031032，主控端：1，所有设备停止采集
2020-12-21 19:12:08:105  收到停止采集命令，开始停止采集
2020-12-21 19:12:08:144  停止采集数据
2020-12-21 19:12:08:145  采集连接已断开
2020-12-21 19:12:08:147  开始数据分析和落盘
2020-12-21 19:12:12:943  vibration1完成落盘
2020-12-21 19:12:17:167  vibration2完成落盘
2020-12-21 19:12:21:326  vibration3完成落盘
2020-12-21 19:12:25:535  vibration4完成落盘
2020-12-21 19:12:29:704  vibration5完成落盘
2020-12-21 19:12:33:866  vibration6完成落盘
2020-12-21 19:12:38:019  vibration7完成落盘
2020-12-21 19:12:42:160  vibration8完成落盘
2020-12-21 19:12:46:425  magnetic1完成落盘
2020-12-21 19:12:50:575  magnetic2完成落盘
2020-12-21 19:12:54:762  magnetic3完成落盘
2020-12-21 19:12:58:967  magnetic4完成落盘
2020-12-21 19:13:02:963  temperate1完成落盘
2020-12-21 19:13:07:003  temperate2完成落盘
2020-12-21 19:13:10:852  temperate3完成落盘
2020-12-21 19:13:14:808  temperate4完成落盘
2020-12-21 19:13:14:814  开始处理数据
2020-12-21 19:13:15:370  右侧计算完成
2020-12-21 19:13:15:826  左侧计算完成
2020-12-21 19:13:15:828  检查结果数据
2020-12-21 19:13:15:830  通知桌面显示数据
2020-12-21 19:13:15:846  开始写入数据库
2020-12-21 19:13:15:875  预警及报警参数加载完成
2020-12-21 19:13:15:876  数据库打开成功
2020-12-21 19:13:15:878  train_info数据表写入成功
2020-12-21 19:13:16:061  train_onlyid读取成功
2020-12-21 19:13:16:063  train_data数据表写入成功
2020-12-21 19:13:16:064  vt_info数据表，第0次写入成功
2020-12-21 19:13:16:066  vt_info数据表，第1次写入成功
2020-12-21 19:13:16:068  vt_info数据表，第2次写入成功
2020-12-21 19:13:16:069  vt_info数据表，第3次写入成功
2020-12-21 19:13:16:071  vt_info数据表，第4次写入成功
2020-12-21 19:13:16:072  vt_info数据表，第5次写入成功
2020-12-21 19:13:16:074  vt_info数据表，第6次写入成功
2020-12-21 19:13:16:075  vt_info数据表，第7次写入成功
2020-12-21 19:13:16:077  vt_info数据表，第8次写入成功
2020-12-21 19:13:16:079  vt_info数据表，第9次写入成功
2020-12-21 19:13:16:080  vt_info数据表，第10次写入成功
2020-12-21 19:13:16:082  vt_info数据表，第11次写入成功
2020-12-21 19:13:16:083  vt_info数据表，第12次写入成功
2020-12-21 19:13:16:085  vt_info数据表，第13次写入成功
2020-12-21 19:13:16:086  vt_info数据表，第14次写入成功
2020-12-21 19:13:16:119  vt_info数据表，第15次写入成功
2020-12-21 19:13:16:120  vt_info数据表，第16次写入成功
2020-12-21 19:13:16:122  vt_info数据表，第17次写入成功
2020-12-21 19:13:16:124  vt_info数据表，第18次写入成功
2020-12-21 19:13:16:125  vt_info数据表，第19次写入成功
2020-12-21 19:13:16:127  vt_info数据表，第20次写入成功
2020-12-21 19:13:16:129  vt_info数据表，第21次写入成功
2020-12-21 19:13:16:131  vt_info数据表，第22次写入成功
2020-12-21 19:13:16:132  vt_info数据表，第23次写入成功
2020-12-21 19:13:16:134  vt_info数据表，第24次写入成功
2020-12-21 19:13:16:136  vt_info数据表，第25次写入成功
2020-12-21 19:13:16:137  vt_info数据表，第26次写入成功
2020-12-21 19:13:16:139  vt_info数据表，第27次写入成功
2020-12-21 19:13:16:140  vt_info数据表，第28次写入成功
2020-12-21 19:13:16:142  vt_info数据表，第29次写入成功
2020-12-21 19:13:16:144  vt_info数据表，第30次写入成功
2020-12-21 19:13:16:176  vt_info数据表，第31次写入成功
2020-12-21 19:13:16:178  vt_info数据表，第32次写入成功
2020-12-21 19:13:16:180  vt_info数据表，第33次写入成功
2020-12-21 19:13:16:181  vt_info数据表，第34次写入成功
2020-12-21 19:13:16:183  vt_info数据表，第35次写入成功
2020-12-21 19:13:16:184  vt_info数据表，第36次写入成功
2020-12-21 19:13:16:186  vt_info数据表，第37次写入成功
2020-12-21 19:13:16:187  vt_info数据表，第38次写入成功
2020-12-21 19:13:16:189  vt_info数据表，第39次写入成功
2020-12-21 19:13:16:191  vt_info数据表，第40次写入成功
2020-12-21 19:13:16:193  vt_info数据表，第41次写入成功
2020-12-21 19:13:16:194  vt_info数据表，第42次写入成功
2020-12-21 19:13:16:196  vt_info数据表，第43次写入成功
2020-12-21 19:13:16:197  vt_info数据表，第44次写入成功
2020-12-21 19:13:16:199  vt_info数据表，第45次写入成功
2020-12-21 19:13:16:200  vt_info数据表，第46次写入成功
2020-12-21 19:13:16:242  vt_info数据表，第47次写入成功
2020-12-21 19:13:16:244  motor_info数据表，第0次写入成功
2020-12-21 19:13:16:245  motor_info数据表，第1次写入成功
2020-12-21 19:13:16:248  motor_info数据表，第2次写入成功
2020-12-21 19:13:16:249  motor_info数据表，第3次写入成功
2020-12-21 19:13:16:250  motor_info数据表，第4次写入成功
2020-12-21 19:13:16:252  motor_info数据表，第5次写入成功
2020-12-21 19:13:16:254  motor_info数据表，第6次写入成功
2020-12-21 19:13:16:255  motor_info数据表，第7次写入成功
2020-12-21 19:13:16:257  motor_info数据表，第8次写入成功
2020-12-21 19:13:16:257  motor_info数据表，第9次写入成功
2020-12-21 19:13:16:260  motor_info数据表，第10次写入成功
2020-12-21 19:13:16:261  motor_info数据表，第11次写入成功
2020-12-21 19:13:16:263  motor_info数据表，第12次写入成功
2020-12-21 19:13:16:264  motor_info数据表，第13次写入成功
2020-12-21 19:13:16:266  motor_info数据表，第14次写入成功
2020-12-21 19:13:16:267  motor_info数据表，第15次写入成功
2020-12-21 19:13:16:269  数据库关闭！
2020-12-21 19:18:33:372  收到来车信号，流水号：20201221191833，所有设备开始采集
2020-12-21 19:18:33:440  开启A/D采集
2020-12-21 19:18:54:872  收到离车信号，流水号：20201221191833，线号：14，车号：007008，主控端：0，所有设备停止采集
2020-12-21 19:18:54:906  收到停止采集命令，开始停止采集
2020-12-21 19:18:54:942  停止采集数据
2020-12-21 19:18:54:944  采集连接已断开
2020-12-21 19:18:54:946  开始数据分析和落盘
2020-12-21 19:18:59:728  vibration1完成落盘
2020-12-21 19:19:03:852  vibration2完成落盘
2020-12-21 19:19:08:037  vibration3完成落盘
2020-12-21 19:19:12:208  vibration4完成落盘
2020-12-21 19:19:16:404  vibration5完成落盘
2020-12-21 19:19:20:555  vibration6完成落盘
2020-12-21 19:19:24:745  vibration7完成落盘
2020-12-21 19:19:28:963  vibration8完成落盘
2020-12-21 19:19:33:220  magnetic1完成落盘
2020-12-21 19:19:37:420  magnetic2完成落盘
2020-12-21 19:19:41:645  magnetic3完成落盘
2020-12-21 19:19:45:754  magnetic4完成落盘
2020-12-21 19:19:49:762  temperate1完成落盘
2020-12-21 19:19:53:786  temperate2完成落盘
2020-12-21 19:19:57:793  temperate3完成落盘
2020-12-21 19:20:01:790  temperate4完成落盘
2020-12-21 19:20:01:797  开始处理数据
2020-12-21 19:20:02:359  右侧计算完成
2020-12-21 19:20:02:823  左侧计算完成
2020-12-21 19:20:02:825  检查结果数据
2020-12-21 19:20:02:827  通知桌面显示数据
2020-12-21 19:20:02:843  开始写入数据库
2020-12-21 19:20:02:872  预警及报警参数加载完成
2020-12-21 19:20:02:873  数据库打开成功
2020-12-21 19:20:02:875  train_info数据表写入成功
2020-12-21 19:20:03:055  train_onlyid读取成功
2020-12-21 19:20:03:057  train_data数据表写入成功
2020-12-21 19:20:03:058  vt_info数据表，第0次写入成功
2020-12-21 19:20:03:060  vt_info数据表，第1次写入成功
2020-12-21 19:20:03:061  vt_info数据表，第2次写入成功
2020-12-21 19:20:03:063  vt_info数据表，第3次写入成功
2020-12-21 19:20:03:065  vt_info数据表，第4次写入成功
2020-12-21 19:20:03:066  vt_info数据表，第5次写入成功
2020-12-21 19:20:03:068  vt_info数据表，第6次写入成功
2020-12-21 19:20:03:069  vt_info数据表，第7次写入成功
2020-12-21 19:20:03:071  vt_info数据表，第8次写入成功
2020-12-21 19:20:03:073  vt_info数据表，第9次写入成功
2020-12-21 19:20:03:074  vt_info数据表，第10次写入成功
2020-12-21 19:20:03:076  vt_info数据表，第11次写入成功
2020-12-21 19:20:03:078  vt_info数据表，第12次写入成功
2020-12-21 19:20:03:080  vt_info数据表，第13次写入成功
2020-12-21 19:20:03:081  vt_info数据表，第14次写入成功
2020-12-21 19:20:03:114  vt_info数据表，第15次写入成功
2020-12-21 19:20:03:116  vt_info数据表，第16次写入成功
2020-12-21 19:20:03:117  vt_info数据表，第17次写入成功
2020-12-21 19:20:03:119  vt_info数据表，第18次写入成功
2020-12-21 19:20:03:121  vt_info数据表，第19次写入成功
2020-12-21 19:20:03:122  vt_info数据表，第20次写入成功
2020-12-21 19:20:03:124  vt_info数据表，第21次写入成功
2020-12-21 19:20:03:125  vt_info数据表，第22次写入成功
2020-12-21 19:20:03:127  vt_info数据表，第23次写入成功
2020-12-21 19:20:03:128  vt_info数据表，第24次写入成功
2020-12-21 19:20:03:130  vt_info数据表，第25次写入成功
2020-12-21 19:20:03:131  vt_info数据表，第26次写入成功
2020-12-21 19:20:03:133  vt_info数据表，第27次写入成功
2020-12-21 19:20:03:134  vt_info数据表，第28次写入成功
2020-12-21 19:20:03:136  vt_info数据表，第29次写入成功
2020-12-21 19:20:03:137  vt_info数据表，第30次写入成功
2020-12-21 19:20:03:170  vt_info数据表，第31次写入成功
2020-12-21 19:20:03:171  vt_info数据表，第32次写入成功
2020-12-21 19:20:03:173  vt_info数据表，第33次写入成功
2020-12-21 19:20:03:175  vt_info数据表，第34次写入成功
2020-12-21 19:20:03:176  vt_info数据表，第35次写入成功
2020-12-21 19:20:03:178  vt_info数据表，第36次写入成功
2020-12-21 19:20:03:179  vt_info数据表，第37次写入成功
2020-12-21 19:20:03:181  vt_info数据表，第38次写入成功
2020-12-21 19:20:03:183  vt_info数据表，第39次写入成功
2020-12-21 19:20:03:184  vt_info数据表，第40次写入成功
2020-12-21 19:20:03:186  vt_info数据表，第41次写入成功
2020-12-21 19:20:03:187  vt_info数据表，第42次写入成功
2020-12-21 19:20:03:189  vt_info数据表，第43次写入成功
2020-12-21 19:20:03:190  vt_info数据表，第44次写入成功
2020-12-21 19:20:03:192  vt_info数据表，第45次写入成功
2020-12-21 19:20:03:233  vt_info数据表，第46次写入成功
2020-12-21 19:20:03:234  vt_info数据表，第47次写入成功
2020-12-21 19:20:03:236  motor_info数据表，第0次写入成功
2020-12-21 19:20:03:237  motor_info数据表，第1次写入成功
2020-12-21 19:20:03:239  motor_info数据表，第2次写入成功
2020-12-21 19:20:03:240  motor_info数据表，第3次写入成功
2020-12-21 19:20:03:242  motor_info数据表，第4次写入成功
2020-12-21 19:20:03:243  motor_info数据表，第5次写入成功
2020-12-21 19:20:03:245  motor_info数据表，第6次写入成功
2020-12-21 19:20:03:246  motor_info数据表，第7次写入成功
2020-12-21 19:20:03:248  motor_info数据表，第8次写入成功
2020-12-21 19:20:03:250  motor_info数据表，第9次写入成功
2020-12-21 19:20:03:251  motor_info数据表，第10次写入成功
2020-12-21 19:20:03:253  motor_info数据表，第11次写入成功
2020-12-21 19:20:03:254  motor_info数据表，第12次写入成功
2020-12-21 19:20:03:256  motor_info数据表，第13次写入成功
2020-12-21 19:20:03:258  motor_info数据表，第14次写入成功
2020-12-21 19:20:03:259  motor_info数据表，第15次写入成功
2020-12-21 19:20:03:261  数据库关闭！
2020-12-21 19:26:36:373  收到来车信号，流水号：20201221192636，所有设备开始采集
2020-12-21 19:26:36:442  开启A/D采集
2020-12-21 19:26:57:771  收到离车信号，流水号：20201221192636，线号：14，车号：009010，主控端：1，所有设备停止采集
2020-12-21 19:26:57:805  收到停止采集命令，开始停止采集
2020-12-21 19:26:57:841  停止采集数据
2020-12-21 19:26:57:843  采集连接已断开
2020-12-21 19:26:57:844  开始数据分析和落盘
2020-12-21 19:27:02:301  vibration1完成落盘
2020-12-21 19:27:06:525  vibration2完成落盘
2020-12-21 19:27:10:756  vibration3完成落盘
2020-12-21 19:27:14:949  vibration4完成落盘
2020-12-21 19:27:19:169  vibration5完成落盘
2020-12-21 19:27:23:221  vibration6完成落盘
2020-12-21 19:27:27:335  vibration7完成落盘
2020-12-21 19:27:31:503  vibration8完成落盘
2020-12-21 19:27:35:754  magnetic1完成落盘
2020-12-21 19:27:39:923  magnetic2完成落盘
2020-12-21 19:27:44:023  magnetic3完成落盘
2020-12-21 19:27:48:147  magnetic4完成落盘
2020-12-21 19:27:52:166  temperate1完成落盘
2020-12-21 19:27:56:186  temperate2完成落盘
2020-12-21 19:28:00:143  temperate3完成落盘
2020-12-21 19:28:04:131  temperate4完成落盘
2020-12-21 19:28:04:139  开始处理数据
2020-12-21 19:28:04:691  右侧计算完成
2020-12-21 19:28:05:151  左侧计算完成
2020-12-21 19:28:05:153  检查结果数据
2020-12-21 19:28:05:155  通知桌面显示数据
2020-12-21 19:28:05:171  开始写入数据库
2020-12-21 19:28:05:200  预警及报警参数加载完成
2020-12-21 19:28:05:202  数据库打开成功
2020-12-21 19:28:05:203  train_info数据表写入成功
2020-12-21 19:28:05:383  train_onlyid读取成功
2020-12-21 19:28:05:385  train_data数据表写入成功
2020-12-21 19:28:05:386  vt_info数据表，第0次写入成功
2020-12-21 19:28:05:388  vt_info数据表，第1次写入成功
2020-12-21 19:28:05:390  vt_info数据表，第2次写入成功
2020-12-21 19:28:05:391  vt_info数据表，第3次写入成功
2020-12-21 19:28:05:393  vt_info数据表，第4次写入成功
2020-12-21 19:28:05:394  vt_info数据表，第5次写入成功
2020-12-21 19:28:05:396  vt_info数据表，第6次写入成功
2020-12-21 19:28:05:397  vt_info数据表，第7次写入成功
2020-12-21 19:28:05:399  vt_info数据表，第8次写入成功
2020-12-21 19:28:05:400  vt_info数据表，第9次写入成功
2020-12-21 19:28:05:402  vt_info数据表，第10次写入成功
2020-12-21 19:28:05:403  vt_info数据表，第11次写入成功
2020-12-21 19:28:05:405  vt_info数据表，第12次写入成功
2020-12-21 19:28:05:406  vt_info数据表，第13次写入成功
2020-12-21 19:28:05:408  vt_info数据表，第14次写入成功
2020-12-21 19:28:05:440  vt_info数据表，第15次写入成功
2020-12-21 19:28:05:442  vt_info数据表，第16次写入成功
2020-12-21 19:28:05:444  vt_info数据表，第17次写入成功
2020-12-21 19:28:05:445  vt_info数据表，第18次写入成功
2020-12-21 19:28:05:447  vt_info数据表，第19次写入成功
2020-12-21 19:28:05:448  vt_info数据表，第20次写入成功
2020-12-21 19:28:05:450  vt_info数据表，第21次写入成功
2020-12-21 19:28:05:452  vt_info数据表，第22次写入成功
2020-12-21 19:28:05:454  vt_info数据表，第23次写入成功
2020-12-21 19:28:05:455  vt_info数据表，第24次写入成功
2020-12-21 19:28:05:457  vt_info数据表，第25次写入成功
2020-12-21 19:28:05:459  vt_info数据表，第26次写入成功
2020-12-21 19:28:05:460  vt_info数据表，第27次写入成功
2020-12-21 19:28:05:462  vt_info数据表，第28次写入成功
2020-12-21 19:28:05:463  vt_info数据表，第29次写入成功
2020-12-21 19:28:05:465  vt_info数据表，第30次写入成功
2020-12-21 19:28:05:497  vt_info数据表，第31次写入成功
2020-12-21 19:28:05:499  vt_info数据表，第32次写入成功
2020-12-21 19:28:05:500  vt_info数据表，第33次写入成功
2020-12-21 19:28:05:502  vt_info数据表，第34次写入成功
2020-12-21 19:28:05:504  vt_info数据表，第35次写入成功
2020-12-21 19:28:05:505  vt_info数据表，第36次写入成功
2020-12-21 19:28:05:507  vt_info数据表，第37次写入成功
2020-12-21 19:28:05:508  vt_info数据表，第38次写入成功
2020-12-21 19:28:05:510  vt_info数据表，第39次写入成功
2020-12-21 19:28:05:512  vt_info数据表，第40次写入成功
2020-12-21 19:28:05:514  vt_info数据表，第41次写入成功
2020-12-21 19:28:05:515  vt_info数据表，第42次写入成功
2020-12-21 19:28:05:517  vt_info数据表，第43次写入成功
2020-12-21 19:28:05:519  vt_info数据表，第44次写入成功
2020-12-21 19:28:05:520  vt_info数据表，第45次写入成功
2020-12-21 19:28:05:562  vt_info数据表，第46次写入成功
2020-12-21 19:28:05:564  vt_info数据表，第47次写入成功
2020-12-21 19:28:05:565  motor_info数据表，第0次写入成功
2020-12-21 19:28:05:567  motor_info数据表，第1次写入成功
2020-12-21 19:28:05:568  motor_info数据表，第2次写入成功
2020-12-21 19:28:05:570  motor_info数据表，第3次写入成功
2020-12-21 19:28:05:572  motor_info数据表，第4次写入成功
2020-12-21 19:28:05:573  motor_info数据表，第5次写入成功
2020-12-21 19:28:05:575  motor_info数据表，第6次写入成功
2020-12-21 19:28:05:576  motor_info数据表，第7次写入成功
2020-12-21 19:28:05:578  motor_info数据表，第8次写入成功
2020-12-21 19:28:05:579  motor_info数据表，第9次写入成功
2020-12-21 19:28:05:581  motor_info数据表，第10次写入成功
2020-12-21 19:28:05:582  motor_info数据表，第11次写入成功
2020-12-21 19:28:05:584  motor_info数据表，第12次写入成功
2020-12-21 19:28:05:586  motor_info数据表，第13次写入成功
2020-12-21 19:28:05:587  motor_info数据表，第14次写入成功
2020-12-21 19:28:05:589  motor_info数据表，第15次写入成功
2020-12-21 19:28:05:590  数据库关闭！
2020-12-21 19:34:49:372  收到来车信号，流水号：20201221193449，所有设备开始采集
2020-12-21 19:34:49:440  开启A/D采集
2020-12-21 19:35:10:770  收到离车信号，流水号：20201221193449，线号：14，车号：013014，主控端：0，所有设备停止采集
2020-12-21 19:35:10:804  收到停止采集命令，开始停止采集
2020-12-21 19:35:10:840  停止采集数据
2020-12-21 19:35:10:841  采集连接已断开
2020-12-21 19:35:10:843  开始数据分析和落盘
2020-12-21 19:35:15:656  vibration1完成落盘
2020-12-21 19:35:19:870  vibration2完成落盘
2020-12-21 19:35:24:072  vibration3完成落盘
2020-12-21 19:35:28:293  vibration4完成落盘
2020-12-21 19:35:32:479  vibration5完成落盘
2020-12-21 19:35:36:631  vibration6完成落盘
2020-12-21 19:35:40:856  vibration7完成落盘
2020-12-21 19:35:44:915  vibration8完成落盘
2020-12-21 19:35:49:107  magnetic1完成落盘
2020-12-21 19:35:53:230  magnetic2完成落盘
2020-12-21 19:35:57:412  magnetic3完成落盘
2020-12-21 19:36:01:622  magnetic4完成落盘
2020-12-21 19:36:05:581  temperate1完成落盘
2020-12-21 19:36:09:553  temperate2完成落盘
2020-12-21 19:36:13:591  temperate3完成落盘
2020-12-21 19:36:17:618  temperate4完成落盘
2020-12-21 19:36:17:625  开始处理数据
2020-12-21 19:36:18:184  右侧计算完成
2020-12-21 19:36:18:638  左侧计算完成
2020-12-21 19:36:18:640  检查结果数据
2020-12-21 19:36:18:642  通知桌面显示数据
2020-12-21 19:36:18:658  开始写入数据库
2020-12-21 19:36:18:686  预警及报警参数加载完成
2020-12-21 19:36:18:688  数据库打开成功
2020-12-21 19:36:18:689  train_info数据表写入成功
2020-12-21 19:36:18:872  train_onlyid读取成功
2020-12-21 19:36:18:874  train_data数据表写入成功
2020-12-21 19:36:18:875  vt_info数据表，第0次写入成功
2020-12-21 19:36:18:877  vt_info数据表，第1次写入成功
2020-12-21 19:36:18:878  vt_info数据表，第2次写入成功
2020-12-21 19:36:18:880  vt_info数据表，第3次写入成功
2020-12-21 19:36:18:883  vt_info数据表，第4次写入成功
2020-12-21 19:36:18:884  vt_info数据表，第5次写入成功
2020-12-21 19:36:18:886  vt_info数据表，第6次写入成功
2020-12-21 19:36:18:887  vt_info数据表，第7次写入成功
2020-12-21 19:36:18:889  vt_info数据表，第8次写入成功
2020-12-21 19:36:18:890  vt_info数据表，第9次写入成功
2020-12-21 19:36:18:892  vt_info数据表，第10次写入成功
2020-12-21 19:36:18:894  vt_info数据表，第11次写入成功
2020-12-21 19:36:18:895  vt_info数据表，第12次写入成功
2020-12-21 19:36:18:896  vt_info数据表，第13次写入成功
2020-12-21 19:36:18:898  vt_info数据表，第14次写入成功
2020-12-21 19:36:18:900  vt_info数据表，第15次写入成功
2020-12-21 19:36:18:901  vt_info数据表，第16次写入成功
2020-12-21 19:36:18:933  vt_info数据表，第17次写入成功
2020-12-21 19:36:18:935  vt_info数据表，第18次写入成功
2020-12-21 19:36:18:937  vt_info数据表，第19次写入成功
2020-12-21 19:36:18:938  vt_info数据表，第20次写入成功
2020-12-21 19:36:18:940  vt_info数据表，第21次写入成功
2020-12-21 19:36:18:942  vt_info数据表，第22次写入成功
2020-12-21 19:36:18:943  vt_info数据表，第23次写入成功
2020-12-21 19:36:18:945  vt_info数据表，第24次写入成功
2020-12-21 19:36:18:947  vt_info数据表，第25次写入成功
2020-12-21 19:36:18:948  vt_info数据表，第26次写入成功
2020-12-21 19:36:18:950  vt_info数据表，第27次写入成功
2020-12-21 19:36:18:952  vt_info数据表，第28次写入成功
2020-12-21 19:36:18:953  vt_info数据表，第29次写入成功
2020-12-21 19:36:18:955  vt_info数据表，第30次写入成功
2020-12-21 19:36:18:956  vt_info数据表，第31次写入成功
2020-12-21 19:36:18:958  vt_info数据表，第32次写入成功
2020-12-21 19:36:18:991  vt_info数据表，第33次写入成功
2020-12-21 19:36:18:992  vt_info数据表，第34次写入成功
2020-12-21 19:36:18:994  vt_info数据表，第35次写入成功
2020-12-21 19:36:18:996  vt_info数据表，第36次写入成功
2020-12-21 19:36:18:997  vt_info数据表，第37次写入成功
2020-12-21 19:36:18:999  vt_info数据表，第38次写入成功
2020-12-21 19:36:19:001  vt_info数据表，第39次写入成功
2020-12-21 19:36:19:002  vt_info数据表，第40次写入成功
2020-12-21 19:36:19:004  vt_info数据表，第41次写入成功
2020-12-21 19:36:19:006  vt_info数据表，第42次写入成功
2020-12-21 19:36:19:007  vt_info数据表，第43次写入成功
2020-12-21 19:36:19:009  vt_info数据表，第44次写入成功
2020-12-21 19:36:19:011  vt_info数据表，第45次写入成功
2020-12-21 19:36:19:012  vt_info数据表，第46次写入成功
2020-12-21 19:36:19:014  vt_info数据表，第47次写入成功
2020-12-21 19:36:19:015  motor_info数据表，第0次写入成功
2020-12-21 19:36:19:017  motor_info数据表，第1次写入成功
2020-12-21 19:36:19:059  motor_info数据表，第2次写入成功
2020-12-21 19:36:19:060  motor_info数据表，第3次写入成功
2020-12-21 19:36:19:062  motor_info数据表，第4次写入成功
2020-12-21 19:36:19:063  motor_info数据表，第5次写入成功
2020-12-21 19:36:19:065  motor_info数据表，第6次写入成功
2020-12-21 19:36:19:067  motor_info数据表，第7次写入成功
2020-12-21 19:36:19:068  motor_info数据表，第8次写入成功
2020-12-21 19:36:19:070  motor_info数据表，第9次写入成功
2020-12-21 19:36:19:071  motor_info数据表，第10次写入成功
2020-12-21 19:36:19:073  motor_info数据表，第11次写入成功
2020-12-21 19:36:19:074  motor_info数据表，第12次写入成功
2020-12-21 19:36:19:076  motor_info数据表，第13次写入成功
2020-12-21 19:36:19:077  motor_info数据表，第14次写入成功
2020-12-21 19:36:19:079  motor_info数据表，第15次写入成功
2020-12-21 19:36:19:080  数据库关闭！
2020-12-21 19:40:45:462  收到来车信号，流水号：20201221194045，所有设备开始采集
2020-12-21 19:40:45:530  开启A/D采集
2020-12-21 19:41:06:768  收到离车信号，流水号：20201221194045，线号：14，车号：033034，主控端：1，所有设备停止采集
2020-12-21 19:41:06:802  收到停止采集命令，开始停止采集
2020-12-21 19:41:06:838  停止采集数据
2020-12-21 19:41:06:840  采集连接已断开
2020-12-21 19:41:06:842  开始数据分析和落盘
2020-12-21 19:41:11:595  vibration1完成落盘
2020-12-21 19:41:15:734  vibration2完成落盘
2020-12-21 19:41:19:919  vibration3完成落盘
2020-12-21 19:41:24:078  vibration4完成落盘
2020-12-21 19:41:28:191  vibration5完成落盘
2020-12-21 19:41:32:368  vibration6完成落盘
2020-12-21 19:41:36:558  vibration7完成落盘
2020-12-21 19:41:40:761  vibration8完成落盘
2020-12-21 19:41:44:967  magnetic1完成落盘
2020-12-21 19:41:49:146  magnetic2完成落盘
2020-12-21 19:41:53:291  magnetic3完成落盘
2020-12-21 19:41:57:476  magnetic4完成落盘
2020-12-21 19:42:01:445  temperate1完成落盘
2020-12-21 19:42:05:428  temperate2完成落盘
2020-12-21 19:42:09:417  temperate3完成落盘
2020-12-21 19:42:13:413  temperate4完成落盘
2020-12-21 19:42:13:419  开始处理数据
2020-12-21 19:42:13:968  右侧计算完成
2020-12-21 19:42:14:419  左侧计算完成
2020-12-21 19:42:14:421  检查结果数据
2020-12-21 19:42:14:422  通知桌面显示数据
2020-12-21 19:42:14:439  开始写入数据库
2020-12-21 19:42:14:468  预警及报警参数加载完成
2020-12-21 19:42:14:469  数据库打开成功
2020-12-21 19:42:14:471  train_info数据表写入成功
2020-12-21 19:42:14:655  train_onlyid读取成功
2020-12-21 19:42:14:656  train_data数据表写入成功
2020-12-21 19:42:14:658  vt_info数据表，第0次写入成功
2020-12-21 19:42:14:660  vt_info数据表，第1次写入成功
2020-12-21 19:42:14:661  vt_info数据表，第2次写入成功
2020-12-21 19:42:14:663  vt_info数据表，第3次写入成功
2020-12-21 19:42:14:664  vt_info数据表，第4次写入成功
2020-12-21 19:42:14:666  vt_info数据表，第5次写入成功
2020-12-21 19:42:14:667  vt_info数据表，第6次写入成功
2020-12-21 19:42:14:669  vt_info数据表，第7次写入成功
2020-12-21 19:42:14:670  vt_info数据表，第8次写入成功
2020-12-21 19:42:14:672  vt_info数据表，第9次写入成功
2020-12-21 19:42:14:673  vt_info数据表，第10次写入成功
2020-12-21 19:42:14:675  vt_info数据表，第11次写入成功
2020-12-21 19:42:14:676  vt_info数据表，第12次写入成功
2020-12-21 19:42:14:678  vt_info数据表，第13次写入成功
2020-12-21 19:42:14:680  vt_info数据表，第14次写入成功
2020-12-21 19:42:14:681  vt_info数据表，第15次写入成功
2020-12-21 19:42:14:714  vt_info数据表，第16次写入成功
2020-12-21 19:42:14:715  vt_info数据表，第17次写入成功
2020-12-21 19:42:14:717  vt_info数据表，第18次写入成功
2020-12-21 19:42:14:719  vt_info数据表，第19次写入成功
2020-12-21 19:42:14:720  vt_info数据表，第20次写入成功
2020-12-21 19:42:14:722  vt_info数据表，第21次写入成功
2020-12-21 19:42:14:724  vt_info数据表，第22次写入成功
2020-12-21 19:42:14:725  vt_info数据表，第23次写入成功
2020-12-21 19:42:14:727  vt_info数据表，第24次写入成功
2020-12-21 19:42:14:729  vt_info数据表，第25次写入成功
2020-12-21 19:42:14:730  vt_info数据表，第26次写入成功
2020-12-21 19:42:14:732  vt_info数据表，第27次写入成功
2020-12-21 19:42:14:733  vt_info数据表，第28次写入成功
2020-12-21 19:42:14:735  vt_info数据表，第29次写入成功
2020-12-21 19:42:14:737  vt_info数据表，第30次写入成功
2020-12-21 19:42:14:738  vt_info数据表，第31次写入成功
2020-12-21 19:42:14:740  vt_info数据表，第32次写入成功
2020-12-21 19:42:14:772  vt_info数据表，第33次写入成功
2020-12-21 19:42:14:774  vt_info数据表，第34次写入成功
2020-12-21 19:42:14:776  vt_info数据表，第35次写入成功
2020-12-21 19:42:14:777  vt_info数据表，第36次写入成功
2020-12-21 19:42:14:779  vt_info数据表，第37次写入成功
2020-12-21 19:42:14:780  vt_info数据表，第38次写入成功
2020-12-21 19:42:14:782  vt_info数据表，第39次写入成功
2020-12-21 19:42:14:784  vt_info数据表，第40次写入成功
2020-12-21 19:42:14:785  vt_info数据表，第41次写入成功
2020-12-21 19:42:14:787  vt_info数据表，第42次写入成功
2020-12-21 19:42:14:788  vt_info数据表，第43次写入成功
2020-12-21 19:42:14:790  vt_info数据表，第44次写入成功
2020-12-21 19:42:14:792  vt_info数据表，第45次写入成功
2020-12-21 19:42:14:793  vt_info数据表，第46次写入成功
2020-12-21 19:42:14:795  vt_info数据表，第47次写入成功
2020-12-21 19:42:14:797  motor_info数据表，第0次写入成功
2020-12-21 19:42:14:837  motor_info数据表，第1次写入成功
2020-12-21 19:42:14:838  motor_info数据表，第2次写入成功
2020-12-21 19:42:14:840  motor_info数据表，第3次写入成功
2020-12-21 19:42:14:842  motor_info数据表，第4次写入成功
2020-12-21 19:42:14:843  motor_info数据表，第5次写入成功
2020-12-21 19:42:14:845  motor_info数据表，第6次写入成功
2020-12-21 19:42:14:846  motor_info数据表，第7次写入成功
2020-12-21 19:42:14:848  motor_info数据表，第8次写入成功
2020-12-21 19:42:14:849  motor_info数据表，第9次写入成功
2020-12-21 19:42:14:851  motor_info数据表，第10次写入成功
2020-12-21 19:42:14:853  motor_info数据表，第11次写入成功
2020-12-21 19:42:14:854  motor_info数据表，第12次写入成功
2020-12-21 19:42:14:856  motor_info数据表，第13次写入成功
2020-12-21 19:42:14:857  motor_info数据表，第14次写入成功
2020-12-21 19:42:14:858  motor_info数据表，第15次写入成功
2020-12-21 19:42:14:860  数据库关闭！
2020-12-21 19:44:44:875  收到来车信号，流水号：20201221194444，所有设备开始采集
2020-12-21 19:44:44:943  开启A/D采集
2020-12-21 19:45:06:267  收到离车信号，流水号：20201221194444，线号：14，车号：045046，主控端：0，所有设备停止采集
2020-12-21 19:45:06:303  收到停止采集命令，开始停止采集
2020-12-21 19:45:06:339  停止采集数据
2020-12-21 19:45:06:340  采集连接已断开
2020-12-21 19:45:06:342  开始数据分析和落盘
2020-12-21 19:45:11:150  vibration1完成落盘
2020-12-21 19:45:15:209  vibration2完成落盘
2020-12-21 19:45:19:398  vibration3完成落盘
2020-12-21 19:45:23:577  vibration4完成落盘
2020-12-21 19:45:27:604  vibration5完成落盘
2020-12-21 19:45:31:829  vibration6完成落盘
2020-12-21 19:45:36:011  vibration7完成落盘
2020-12-21 19:45:40:193  vibration8完成落盘
2020-12-21 19:45:44:456  magnetic1完成落盘
2020-12-21 19:45:48:649  magnetic2完成落盘
2020-12-21 19:45:52:716  magnetic3完成落盘
2020-12-21 19:45:56:840  magnetic4完成落盘
2020-12-21 19:46:00:826  temperate1完成落盘
2020-12-21 19:46:04:828  temperate2完成落盘
2020-12-21 19:46:08:865  temperate3完成落盘
2020-12-21 19:46:12:902  temperate4完成落盘
2020-12-21 19:46:12:910  开始处理数据
2020-12-21 19:46:13:473  右侧计算完成
2020-12-21 19:46:13:929  左侧计算完成
2020-12-21 19:46:13:931  检查结果数据
2020-12-21 19:46:13:933  通知桌面显示数据
2020-12-21 19:46:13:948  开始写入数据库
2020-12-21 19:46:13:975  预警及报警参数加载完成
2020-12-21 19:46:13:977  数据库打开成功
2020-12-21 19:46:13:978  train_info数据表写入成功
2020-12-21 19:46:14:158  train_onlyid读取成功
2020-12-21 19:46:14:159  train_data数据表写入成功
2020-12-21 19:46:14:161  vt_info数据表，第0次写入成功
2020-12-21 19:46:14:163  vt_info数据表，第1次写入成功
2020-12-21 19:46:14:164  vt_info数据表，第2次写入成功
2020-12-21 19:46:14:166  vt_info数据表，第3次写入成功
2020-12-21 19:46:14:167  vt_info数据表，第4次写入成功
2020-12-21 19:46:14:169  vt_info数据表，第5次写入成功
2020-12-21 19:46:14:170  vt_info数据表，第6次写入成功
2020-12-21 19:46:14:172  vt_info数据表，第7次写入成功
2020-12-21 19:46:14:173  vt_info数据表，第8次写入成功
2020-12-21 19:46:14:175  vt_info数据表，第9次写入成功
2020-12-21 19:46:14:176  vt_info数据表，第10次写入成功
2020-12-21 19:46:14:178  vt_info数据表，第11次写入成功
2020-12-21 19:46:14:180  vt_info数据表，第12次写入成功
2020-12-21 19:46:14:181  vt_info数据表，第13次写入成功
2020-12-21 19:46:14:214  vt_info数据表，第14次写入成功
2020-12-21 19:46:14:215  vt_info数据表，第15次写入成功
2020-12-21 19:46:14:217  vt_info数据表，第16次写入成功
2020-12-21 19:46:14:218  vt_info数据表，第17次写入成功
2020-12-21 19:46:14:220  vt_info数据表，第18次写入成功
2020-12-21 19:46:14:222  vt_info数据表，第19次写入成功
2020-12-21 19:46:14:223  vt_info数据表，第20次写入成功
2020-12-21 19:46:14:225  vt_info数据表，第21次写入成功
2020-12-21 19:46:14:227  vt_info数据表，第22次写入成功
2020-12-21 19:46:14:228  vt_info数据表，第23次写入成功
2020-12-21 19:46:14:230  vt_info数据表，第24次写入成功
2020-12-21 19:46:14:231  vt_info数据表，第25次写入成功
2020-12-21 19:46:14:233  vt_info数据表，第26次写入成功
2020-12-21 19:46:14:235  vt_info数据表，第27次写入成功
2020-12-21 19:46:14:236  vt_info数据表，第28次写入成功
2020-12-21 19:46:14:238  vt_info数据表，第29次写入成功
2020-12-21 19:46:14:271  vt_info数据表，第30次写入成功
2020-12-21 19:46:14:272  vt_info数据表，第31次写入成功
2020-12-21 19:46:14:274  vt_info数据表，第32次写入成功
2020-12-21 19:46:14:275  vt_info数据表，第33次写入成功
2020-12-21 19:46:14:277  vt_info数据表，第34次写入成功
2020-12-21 19:46:14:278  vt_info数据表，第35次写入成功
2020-12-21 19:46:14:280  vt_info数据表，第36次写入成功
2020-12-21 19:46:14:282  vt_info数据表，第37次写入成功
2020-12-21 19:46:14:283  vt_info数据表，第38次写入成功
2020-12-21 19:46:14:285  vt_info数据表，第39次写入成功
2020-12-21 19:46:14:286  vt_info数据表，第40次写入成功
2020-12-21 19:46:14:288  vt_info数据表，第41次写入成功
2020-12-21 19:46:14:290  vt_info数据表，第42次写入成功
2020-12-21 19:46:14:291  vt_info数据表，第43次写入成功
2020-12-21 19:46:14:293  vt_info数据表，第44次写入成功
2020-12-21 19:46:14:334  vt_info数据表，第45次写入成功
2020-12-21 19:46:14:336  vt_info数据表，第46次写入成功
2020-12-21 19:46:14:337  vt_info数据表，第47次写入成功
2020-12-21 19:46:14:339  motor_info数据表，第0次写入成功
2020-12-21 19:46:14:340  motor_info数据表，第1次写入成功
2020-12-21 19:46:14:342  motor_info数据表，第2次写入成功
2020-12-21 19:46:14:343  motor_info数据表，第3次写入成功
2020-12-21 19:46:14:345  motor_info数据表，第4次写入成功
2020-12-21 19:46:14:346  motor_info数据表，第5次写入成功
2020-12-21 19:46:14:348  motor_info数据表，第6次写入成功
2020-12-21 19:46:14:349  motor_info数据表，第7次写入成功
2020-12-21 19:46:14:351  motor_info数据表，第8次写入成功
2020-12-21 19:46:14:353  motor_info数据表，第9次写入成功
2020-12-21 19:46:14:354  motor_info数据表，第10次写入成功
2020-12-21 19:46:14:356  motor_info数据表，第11次写入成功
2020-12-21 19:46:14:357  motor_info数据表，第12次写入成功
2020-12-21 19:46:14:359  motor_info数据表，第13次写入成功
2020-12-21 19:46:14:360  motor_info数据表，第14次写入成功
2020-12-21 19:46:14:362  motor_info数据表，第15次写入成功
2020-12-21 19:46:14:364  数据库关闭！
2020-12-21 19:51:48:670  收到来车信号，流水号：20201221195148，所有设备开始采集
2020-12-21 19:51:48:737  开启A/D采集
2020-12-21 19:52:10:066  收到离车信号，流水号：20201221195148，线号：14，车号：027028，主控端：0，所有设备停止采集
2020-12-21 19:52:10:100  收到停止采集命令，开始停止采集
2020-12-21 19:52:10:137  停止采集数据
2020-12-21 19:52:10:138  采集连接已断开
2020-12-21 19:52:10:140  开始数据分析和落盘
2020-12-21 19:52:14:383  vibration1完成落盘
2020-12-21 19:52:17:974  vibration2完成落盘
2020-12-21 19:52:21:598  vibration3完成落盘
2020-12-21 19:52:25:380  vibration4完成落盘
2020-12-21 19:52:29:489  vibration5完成落盘
2020-12-21 19:52:33:285  vibration6完成落盘
2020-12-21 19:52:36:781  vibration7完成落盘
2020-12-21 19:52:40:236  vibration8完成落盘
2020-12-21 19:52:43:380  magnetic1完成落盘
2020-12-21 19:52:46:765  magnetic2完成落盘
2020-12-21 19:52:50:690  magnetic3完成落盘
2020-12-21 19:52:54:181  magnetic4完成落盘
2020-12-21 19:52:57:377  temperate1完成落盘
2020-12-21 19:53:00:822  temperate2完成落盘
2020-12-21 19:53:04:600  temperate3完成落盘
2020-12-21 19:53:07:636  temperate4完成落盘
2020-12-21 19:53:07:644  开始处理数据
2020-12-21 19:53:08:194  右侧计算完成
2020-12-21 19:53:08:612  左侧计算完成
2020-12-21 19:53:08:614  检查结果数据
2020-12-21 19:53:08:616  通知桌面显示数据
2020-12-21 19:53:08:629  开始写入数据库
2020-12-21 19:53:08:766  预警及报警参数加载完成
2020-12-21 19:53:08:767  数据库打开成功
2020-12-21 19:53:08:768  train_info数据表写入成功
2020-12-21 19:53:08:789  train_onlyid读取成功
2020-12-21 19:53:08:791  train_data数据表写入成功
2020-12-21 19:53:08:812  vt_info数据表，第0次写入成功
2020-12-21 19:53:08:813  vt_info数据表，第1次写入成功
2020-12-21 19:53:08:814  vt_info数据表，第2次写入成功
2020-12-21 19:53:08:815  vt_info数据表，第3次写入成功
2020-12-21 19:53:08:816  vt_info数据表，第4次写入成功
2020-12-21 19:53:08:818  vt_info数据表，第5次写入成功
2020-12-21 19:53:08:839  vt_info数据表，第6次写入成功
2020-12-21 19:53:08:841  vt_info数据表，第7次写入成功
2020-12-21 19:53:08:842  vt_info数据表，第8次写入成功
2020-12-21 19:53:08:843  vt_info数据表，第9次写入成功
2020-12-21 19:53:08:844  vt_info数据表，第10次写入成功
2020-12-21 19:53:08:845  vt_info数据表，第11次写入成功
2020-12-21 19:53:08:846  vt_info数据表，第12次写入成功
2020-12-21 19:53:08:847  vt_info数据表，第13次写入成功
2020-12-21 19:53:08:870  vt_info数据表，第14次写入成功
2020-12-21 19:53:08:871  vt_info数据表，第15次写入成功
2020-12-21 19:53:08:872  vt_info数据表，第16次写入成功
2020-12-21 19:53:08:873  vt_info数据表，第17次写入成功
2020-12-21 19:53:08:875  vt_info数据表，第18次写入成功
2020-12-21 19:53:08:876  vt_info数据表，第19次写入成功
2020-12-21 19:53:08:877  vt_info数据表，第20次写入成功
2020-12-21 19:53:08:878  vt_info数据表，第21次写入成功
2020-12-21 19:53:08:879  vt_info数据表，第22次写入成功
2020-12-21 19:53:08:902  vt_info数据表，第23次写入成功
2020-12-21 19:53:08:903  vt_info数据表，第24次写入成功
2020-12-21 19:53:08:904  vt_info数据表，第25次写入成功
2020-12-21 19:53:08:905  vt_info数据表，第26次写入成功
2020-12-21 19:53:08:906  vt_info数据表，第27次写入成功
2020-12-21 19:53:08:908  vt_info数据表，第28次写入成功
2020-12-21 19:53:08:909  vt_info数据表，第29次写入成功
2020-12-21 19:53:08:910  vt_info数据表，第30次写入成功
2020-12-21 19:53:08:911  vt_info数据表，第31次写入成功
2020-12-21 19:53:08:935  vt_info数据表，第32次写入成功
2020-12-21 19:53:08:937  vt_info数据表，第33次写入成功
2020-12-21 19:53:08:938  vt_info数据表，第34次写入成功
2020-12-21 19:53:08:939  vt_info数据表，第35次写入成功
2020-12-21 19:53:08:940  vt_info数据表，第36次写入成功
2020-12-21 19:53:08:941  vt_info数据表，第37次写入成功
2020-12-21 19:53:08:942  vt_info数据表，第38次写入成功
2020-12-21 19:53:08:943  vt_info数据表，第39次写入成功
2020-12-21 19:53:08:945  vt_info数据表，第40次写入成功
2020-12-21 19:53:08:967  vt_info数据表，第41次写入成功
2020-12-21 19:53:08:968  vt_info数据表，第42次写入成功
2020-12-21 19:53:08:970  vt_info数据表，第43次写入成功
2020-12-21 19:53:08:971  vt_info数据表，第44次写入成功
2020-12-21 19:53:08:972  vt_info数据表，第45次写入成功
2020-12-21 19:53:08:973  vt_info数据表，第46次写入成功
2020-12-21 19:53:08:974  vt_info数据表，第47次写入成功
2020-12-21 19:53:08:975  motor_info数据表，第0次写入成功
2020-12-21 19:53:08:976  motor_info数据表，第1次写入成功
2020-12-21 19:53:08:977  motor_info数据表，第2次写入成功
2020-12-21 19:53:09:009  motor_info数据表，第3次写入成功
2020-12-21 19:53:09:010  motor_info数据表，第4次写入成功
2020-12-21 19:53:09:011  motor_info数据表，第5次写入成功
2020-12-21 19:53:09:012  motor_info数据表，第6次写入成功
2020-12-21 19:53:09:013  motor_info数据表，第7次写入成功
2020-12-21 19:53:09:014  motor_info数据表，第8次写入成功
2020-12-21 19:53:09:015  motor_info数据表，第9次写入成功
2020-12-21 19:53:09:016  motor_info数据表，第10次写入成功
2020-12-21 19:53:09:017  motor_info数据表，第11次写入成功
2020-12-21 19:53:09:018  motor_info数据表，第12次写入成功
2020-12-21 19:53:09:020  motor_info数据表，第13次写入成功
2020-12-21 19:53:09:021  motor_info数据表，第14次写入成功
2020-12-21 19:53:09:022  motor_info数据表，第15次写入成功
2020-12-21 19:53:09:023  数据库关闭！
