2022-11-29 10:04:11:837  本地IP：127.0.0.1
2022-11-29 10:04:11:942  本地端口号：4500
2022-11-29 10:04:11:960  通讯模块设置成功
2022-11-29 10:04:11:979  综合数据盒连接IP：192.168.1.198
2022-11-29 10:04:11:981  正在打开设备...
2022-11-29 10:04:15:855  正在读取检测数据...
2022-11-29 10:04:19:839  开始处理数据
2022-11-29 10:04:41:424  右侧计算完成
2022-11-29 10:04:41:444  创建连接出现异常，错误代码为：-6
2022-11-29 10:04:41:451  同步采集仪设置异常
2022-11-29 10:04:41:462  采集仪增益设置异常
2022-11-29 10:05:02:431  本地IP：127.0.0.1
2022-11-29 10:05:02:443  本地端口号：4500
2022-11-29 10:05:02:456  通讯模块设置成功
2022-11-29 10:05:02:467  综合数据盒连接IP：192.168.1.198
2022-11-29 10:05:02:469  正在打开设备...
2022-11-29 10:05:06:327  正在读取检测数据...
2022-11-29 10:05:10:164  开始处理数据
2022-11-29 10:05:37:476  右侧计算完成
2022-11-29 10:05:37:496  创建连接出现异常，错误代码为：-6
2022-11-29 10:05:37:500  同步采集仪设置异常
2022-11-29 10:05:37:504  采集仪增益设置异常
