d:\software\vibration\zlb\vibration\vaisp\deallogic\debug\vc120.pdb
d:\software\vibration\zlb\vibration\vaisp\deallogic\generatedfiles\debug\moc_tcp_logic.cpp
d:\software\vibration\zlb\vibration\vaisp\deallogic\generatedfiles\debug\moc_main_logic_tcp.cpp
d:\software\vibration\zlb\vibration\vaisp\exec-win32\deallogic.lib
d:\software\vibration\zlb\vibration\vaisp\exec-win32\deallogic.exp
d:\software\vibration\zlb\vibration\vaisp\exec-win32\deallogic.ilk
d:\software\vibration\zlb\vibration\vaisp\exec-win32\deallogic.dll
d:\software\vibration\zlb\vibration\vaisp\exec-win32\deallogic.pdb
d:\software\vibration\zlb\vaisp\deallogic\debug\import_dll_class.obj
d:\software\vibration\zlb\vaisp\deallogic\debug\main_logic_tcp.obj
d:\software\vibration\zlb\vaisp\deallogic\debug\moc_main_logic_tcp.obj
d:\software\vibration\zlb\vaisp\deallogic\debug\moc_tcp_logic.obj
d:\software\vibration\zlb\vaisp\deallogic\debug\tcp_logic.obj
d:\software\vibration\zlb\vaisp\deallogic\debug\vc120.pdb
d:\software\vibration\zlb\vaisp\deallogic\..\exec-win32\deallogic.dll
d:\software\vibration\zlb\vaisp\deallogic\debug\deallogic.tlog\cl.command.1.tlog
d:\software\vibration\zlb\vaisp\deallogic\debug\deallogic.tlog\cl.read.1.tlog
d:\software\vibration\zlb\vaisp\deallogic\debug\deallogic.tlog\cl.write.1.tlog
d:\software\vibration\zlb\vaisp\deallogic\debug\deallogic.tlog\custombuild.command.1.tlog
d:\software\vibration\zlb\vaisp\deallogic\debug\deallogic.tlog\custombuild.read.1.tlog
d:\software\vibration\zlb\vaisp\deallogic\debug\deallogic.tlog\custombuild.write.1.tlog
d:\software\vibration\zlb\vaisp\deallogic\debug\deallogic.tlog\deallogic.write.1u.tlog
d:\software\vibration\zlb\vaisp\deallogic\debug\deallogic.tlog\link.command.1.tlog
d:\software\vibration\zlb\vaisp\deallogic\debug\deallogic.tlog\link.read.1.tlog
d:\software\vibration\zlb\vaisp\deallogic\debug\deallogic.tlog\link.write.1.tlog
