2020-12-28 07:01:07:086  磁钢信号预处理完成，位置标记：1
2020-12-28 07:01:07:106  温度分轮成功，分轮数尺度为：48
2020-12-28 07:01:07:126  轴承端盖温度特征值计算完成, 位置标记：1
2020-12-28 07:01:07:144  电机温度计算完成, 位置标记：1
2020-12-28 07:01:07:146  电机温度计算完成, 位置标记：1
2020-12-28 07:01:07:150  电机温度计算完成, 位置标记：1
2020-12-28 07:01:07:152  电机温度计算完成, 位置标记：1
2020-12-28 07:01:07:154  电机温度计算完成, 位置标记：1
2020-12-28 07:01:07:156  电机温度计算完成, 位置标记：1
2020-12-28 07:01:07:158  电机温度计算完成, 位置标记：1
2020-12-28 07:01:07:162  电机温度计算完成, 位置标记：1
2020-12-28 07:01:07:162  车速为：36.7184位置标记为：1
2020-12-28 07:01:07:192  振动分轮计算完成, 位置标记：1
2020-12-28 07:01:07:410  振动特征值计算完成, 位置标记：1
2020-12-28 07:01:07:486  磁钢信号预处理完成，位置标记：0
2020-12-28 07:01:07:506  温度分轮成功，分轮数尺度为：48
2020-12-28 07:01:07:524  轴承端盖温度特征值计算完成, 位置标记：0
2020-12-28 07:01:07:542  电机温度计算完成, 位置标记：0
2020-12-28 07:01:07:546  电机温度计算完成, 位置标记：0
2020-12-28 07:01:07:548  电机温度计算完成, 位置标记：0
2020-12-28 07:01:07:550  电机温度计算完成, 位置标记：0
2020-12-28 07:01:07:554  电机温度计算完成, 位置标记：0
2020-12-28 07:01:07:556  电机温度计算完成, 位置标记：0
2020-12-28 07:01:07:558  电机温度计算完成, 位置标记：0
2020-12-28 07:01:07:560  电机温度计算完成, 位置标记：0
2020-12-28 07:01:07:562  车速为：36.7184位置标记为：0
2020-12-28 07:01:07:596  振动分轮计算完成, 位置标记：0
2020-12-28 07:01:07:828  振动特征值计算完成, 位置标记：0
2020-12-28 07:04:28:296  磁钢信号预处理完成，位置标记：1
2020-12-28 07:04:28:318  温度分轮成功，分轮数尺度为：48
2020-12-28 07:04:28:334  轴承端盖温度特征值计算完成, 位置标记：1
2020-12-28 07:04:28:350  电机温度计算完成, 位置标记：1
2020-12-28 07:04:28:354  电机温度计算完成, 位置标记：1
2020-12-28 07:04:28:356  电机温度计算完成, 位置标记：1
2020-12-28 07:04:28:358  电机温度计算完成, 位置标记：1
2020-12-28 07:04:28:362  电机温度计算完成, 位置标记：1
2020-12-28 07:04:28:364  电机温度计算完成, 位置标记：1
2020-12-28 07:04:28:366  电机温度计算完成, 位置标记：1
2020-12-28 07:04:28:368  电机温度计算完成, 位置标记：1
2020-12-28 07:04:28:370  车速为：43.7864位置标记为：1
2020-12-28 07:04:28:408  振动分轮计算完成, 位置标记：1
2020-12-28 07:04:28:606  振动特征值计算完成, 位置标记：1
2020-12-28 07:04:28:683  磁钢信号预处理完成，位置标记：0
2020-12-28 07:04:28:701  温度分轮成功，分轮数尺度为：48
2020-12-28 07:04:28:719  轴承端盖温度特征值计算完成, 位置标记：0
2020-12-28 07:04:28:735  电机温度计算完成, 位置标记：0
2020-12-28 07:04:28:737  电机温度计算完成, 位置标记：0
2020-12-28 07:04:28:741  电机温度计算完成, 位置标记：0
2020-12-28 07:04:28:743  电机温度计算完成, 位置标记：0
2020-12-28 07:04:28:745  电机温度计算完成, 位置标记：0
2020-12-28 07:04:28:747  电机温度计算完成, 位置标记：0
2020-12-28 07:04:28:751  电机温度计算完成, 位置标记：0
2020-12-28 07:04:28:753  电机温度计算完成, 位置标记：0
2020-12-28 07:04:28:753  车速为：43.7864位置标记为：0
2020-12-28 07:04:28:791  振动分轮计算完成, 位置标记：0
2020-12-28 07:04:28:993  振动特征值计算完成, 位置标记：0
2020-12-28 07:07:31:539  磁钢信号预处理完成，位置标记：1
2020-12-28 07:07:31:561  温度分轮成功，分轮数尺度为：48
2020-12-28 07:07:31:577  轴承端盖温度特征值计算完成, 位置标记：1
2020-12-28 07:07:31:595  电机温度计算完成, 位置标记：1
2020-12-28 07:07:31:597  电机温度计算完成, 位置标记：1
2020-12-28 07:07:31:599  电机温度计算完成, 位置标记：1
2020-12-28 07:07:31:603  电机温度计算完成, 位置标记：1
2020-12-28 07:07:31:605  电机温度计算完成, 位置标记：1
2020-12-28 07:07:31:607  电机温度计算完成, 位置标记：1
2020-12-28 07:07:31:611  电机温度计算完成, 位置标记：1
2020-12-28 07:07:31:613  电机温度计算完成, 位置标记：1
2020-12-28 07:07:31:613  车速为：43.9024位置标记为：1
2020-12-28 07:07:31:652  振动分轮计算完成, 位置标记：1
2020-12-28 07:07:31:853  振动特征值计算完成, 位置标记：1
2020-12-28 07:07:31:919  磁钢信号预处理完成，位置标记：0
2020-12-28 07:07:31:935  温度分轮成功，分轮数尺度为：48
2020-12-28 07:07:31:947  轴承端盖温度特征值计算完成, 位置标记：0
2020-12-28 07:07:31:961  电机温度计算完成, 位置标记：0
2020-12-28 07:07:31:963  电机温度计算完成, 位置标记：0
2020-12-28 07:07:31:967  电机温度计算完成, 位置标记：0
2020-12-28 07:07:31:969  电机温度计算完成, 位置标记：0
2020-12-28 07:07:31:973  电机温度计算完成, 位置标记：0
2020-12-28 07:07:31:975  电机温度计算完成, 位置标记：0
2020-12-28 07:07:31:977  电机温度计算完成, 位置标记：0
2020-12-28 07:07:31:979  电机温度计算完成, 位置标记：0
2020-12-28 07:07:31:979  车速为：43.9024位置标记为：0
2020-12-28 07:07:32:011  振动分轮计算完成, 位置标记：0
2020-12-28 07:07:32:187  振动特征值计算完成, 位置标记：0
2020-12-28 07:22:44:669  磁钢信号预处理完成，位置标记：1
2020-12-28 07:22:44:675  温度分轮成功，分轮数尺度为：48
2020-12-28 07:22:44:689  轴承端盖温度特征值计算完成, 位置标记：1
2020-12-28 07:22:44:704  电机温度计算完成, 位置标记：1
2020-12-28 07:22:44:706  电机温度计算完成, 位置标记：1
2020-12-28 07:22:44:708  电机温度计算完成, 位置标记：1
2020-12-28 07:22:44:710  电机温度计算完成, 位置标记：1
2020-12-28 07:22:44:712  电机温度计算完成, 位置标记：1
2020-12-28 07:22:44:714  电机温度计算完成, 位置标记：1
2020-12-28 07:22:44:718  电机温度计算完成, 位置标记：1
2020-12-28 07:22:44:720  电机温度计算完成, 位置标记：1
2020-12-28 07:22:44:720  车速为：43.4418位置标记为：1
2020-12-28 07:22:44:732  振动分轮计算完成, 位置标记：1
2020-12-28 07:22:44:928  振动特征值计算完成, 位置标记：1
2020-12-28 07:22:44:960  磁钢信号预处理完成，位置标记：0
2020-12-28 07:22:44:968  温度分轮成功，分轮数尺度为：48
2020-12-28 07:22:44:984  轴承端盖温度特征值计算完成, 位置标记：0
2020-12-28 07:22:44:998  电机温度计算完成, 位置标记：0
2020-12-28 07:22:45:000  电机温度计算完成, 位置标记：0
2020-12-28 07:22:45:002  电机温度计算完成, 位置标记：0
2020-12-28 07:22:45:006  电机温度计算完成, 位置标记：0
2020-12-28 07:22:45:008  电机温度计算完成, 位置标记：0
2020-12-28 07:22:45:010  电机温度计算完成, 位置标记：0
2020-12-28 07:22:45:012  电机温度计算完成, 位置标记：0
2020-12-28 07:22:45:014  电机温度计算完成, 位置标记：0
2020-12-28 07:22:45:014  车速为：43.4418位置标记为：0
2020-12-28 07:22:45:028  振动分轮计算完成, 位置标记：0
2020-12-28 07:22:45:212  振动特征值计算完成, 位置标记：0
2020-12-28 07:30:53:948  磁钢信号预处理完成，位置标记：1
2020-12-28 07:30:53:968  温度分轮成功，分轮数尺度为：48
2020-12-28 07:30:53:970  轴承端盖温度特征值计算完成, 位置标记：1
2020-12-28 07:30:53:974  电机温度计算完成, 位置标记：1
2020-12-28 07:30:53:976  电机温度计算完成, 位置标记：1
2020-12-28 07:30:53:978  电机温度计算完成, 位置标记：1
2020-12-28 07:30:53:982  电机温度计算完成, 位置标记：1
2020-12-28 07:30:53:984  电机温度计算完成, 位置标记：1
2020-12-28 07:30:53:986  电机温度计算完成, 位置标记：1
2020-12-28 07:30:53:990  电机温度计算完成, 位置标记：1
2020-12-28 07:30:53:992  电机温度计算完成, 位置标记：1
2020-12-28 07:30:53:992  车速为：44.4206位置标记为：1
2020-12-28 07:30:54:030  振动分轮计算完成, 位置标记：1
2020-12-28 07:30:54:228  振动特征值计算完成, 位置标记：1
2020-12-28 07:30:54:302  磁钢信号预处理完成，位置标记：0
2020-12-28 07:30:54:318  温度分轮成功，分轮数尺度为：48
2020-12-28 07:30:54:320  轴承端盖温度特征值计算完成, 位置标记：0
2020-12-28 07:30:54:324  电机温度计算完成, 位置标记：0
2020-12-28 07:30:54:326  电机温度计算完成, 位置标记：0
2020-12-28 07:30:54:328  电机温度计算完成, 位置标记：0
2020-12-28 07:30:54:330  电机温度计算完成, 位置标记：0
2020-12-28 07:30:54:332  电机温度计算完成, 位置标记：0
2020-12-28 07:30:54:334  电机温度计算完成, 位置标记：0
2020-12-28 07:30:54:336  电机温度计算完成, 位置标记：0
2020-12-28 07:30:54:338  电机温度计算完成, 位置标记：0
2020-12-28 07:30:54:338  车速为：44.4206位置标记为：0
2020-12-28 07:30:54:370  振动分轮计算完成, 位置标记：0
2020-12-28 07:30:54:552  振动特征值计算完成, 位置标记：0
2020-12-28 07:34:23:203  磁钢信号预处理完成，位置标记：1
2020-12-28 07:34:23:219  温度分轮成功，分轮数尺度为：48
2020-12-28 07:34:23:235  轴承端盖温度特征值计算完成, 位置标记：1
2020-12-28 07:34:23:251  电机温度计算完成, 位置标记：1
2020-12-28 07:34:23:255  电机温度计算完成, 位置标记：1
2020-12-28 07:34:23:257  电机温度计算完成, 位置标记：1
2020-12-28 07:34:23:259  电机温度计算完成, 位置标记：1
2020-12-28 07:34:23:261  电机温度计算完成, 位置标记：1
2020-12-28 07:34:23:265  电机温度计算完成, 位置标记：1
2020-12-28 07:34:23:267  电机温度计算完成, 位置标记：1
2020-12-28 07:34:23:269  电机温度计算完成, 位置标记：1
2020-12-28 07:34:23:269  车速为：43.9257位置标记为：1
2020-12-28 07:34:23:307  振动分轮计算完成, 位置标记：1
2020-12-28 07:34:23:495  振动特征值计算完成, 位置标记：1
2020-12-28 07:34:23:571  磁钢信号预处理完成，位置标记：0
2020-12-28 07:34:23:589  温度分轮成功，分轮数尺度为：48
2020-12-28 07:34:23:605  轴承端盖温度特征值计算完成, 位置标记：0
2020-12-28 07:34:23:619  电机温度计算完成, 位置标记：0
2020-12-28 07:34:23:623  电机温度计算完成, 位置标记：0
2020-12-28 07:34:23:625  电机温度计算完成, 位置标记：0
2020-12-28 07:34:23:627  电机温度计算完成, 位置标记：0
2020-12-28 07:34:23:631  电机温度计算完成, 位置标记：0
2020-12-28 07:34:23:633  电机温度计算完成, 位置标记：0
2020-12-28 07:34:23:635  电机温度计算完成, 位置标记：0
2020-12-28 07:34:23:637  电机温度计算完成, 位置标记：0
2020-12-28 07:34:23:639  车速为：43.9257位置标记为：0
2020-12-28 07:34:23:678  振动分轮计算完成, 位置标记：0
2020-12-28 07:34:23:877  振动特征值计算完成, 位置标记：0
2020-12-28 07:37:34:276  磁钢信号预处理完成，位置标记：1
2020-12-28 07:37:34:298  温度分轮成功，分轮数尺度为：48
2020-12-28 07:37:34:318  轴承端盖温度特征值计算完成, 位置标记：1
2020-12-28 07:37:34:338  电机温度计算完成, 位置标记：1
2020-12-28 07:37:34:342  电机温度计算完成, 位置标记：1
2020-12-28 07:37:34:344  电机温度计算完成, 位置标记：1
2020-12-28 07:37:34:348  电机温度计算完成, 位置标记：1
2020-12-28 07:37:34:350  电机温度计算完成, 位置标记：1
2020-12-28 07:37:34:354  电机温度计算完成, 位置标记：1
2020-12-28 07:37:34:356  电机温度计算完成, 位置标记：1
2020-12-28 07:37:34:358  电机温度计算完成, 位置标记：1
2020-12-28 07:37:34:360  车速为：36.9148位置标记为：1
2020-12-28 07:37:34:398  振动分轮计算完成, 位置标记：1
2020-12-28 07:37:34:632  振动特征值计算完成, 位置标记：1
2020-12-28 07:37:34:711  磁钢信号预处理完成，位置标记：0
2020-12-28 07:37:34:731  温度分轮成功，分轮数尺度为：48
2020-12-28 07:37:34:749  轴承端盖温度特征值计算完成, 位置标记：0
2020-12-28 07:37:34:769  电机温度计算完成, 位置标记：0
2020-12-28 07:37:34:773  电机温度计算完成, 位置标记：0
2020-12-28 07:37:34:775  电机温度计算完成, 位置标记：0
2020-12-28 07:37:34:779  电机温度计算完成, 位置标记：0
2020-12-28 07:37:34:781  电机温度计算完成, 位置标记：0
2020-12-28 07:37:34:785  电机温度计算完成, 位置标记：0
2020-12-28 07:37:34:787  电机温度计算完成, 位置标记：0
2020-12-28 07:37:34:789  电机温度计算完成, 位置标记：0
2020-12-28 07:37:34:791  车速为：36.9148位置标记为：0
2020-12-28 07:37:34:829  振动分轮计算完成, 位置标记：0
2020-12-28 07:37:35:067  振动特征值计算完成, 位置标记：0
2020-12-28 07:56:12:438  磁钢信号预处理完成，位置标记：1
2020-12-28 07:56:12:448  温度分轮成功，分轮数尺度为：46
2020-12-28 07:56:12:448  m_nAxleMarkG2数据异常，位置标记：1
2020-12-28 07:56:12:448  m_nAxleMarkG2数据不是48个，数据异常，位置标记：1
2020-12-28 07:56:12:450  车速为：220.8位置标记为：1
2020-12-28 07:56:12:464  振动分轮计算完成, 位置标记：1
2020-12-28 07:56:12:708  振动特征值计算完成, 位置标记：1
2020-12-28 07:56:12:742  磁钢信号预处理完成，位置标记：0
2020-12-28 07:56:12:750  温度分轮成功，分轮数尺度为：46
2020-12-28 07:56:12:752  m_nAxleMarkG2数据异常，位置标记：0
2020-12-28 07:56:12:752  m_nAxleMarkG2数据不是48个，数据异常，位置标记：0
2020-12-28 07:56:12:752  车速为：220.8位置标记为：0
2020-12-28 07:56:12:768  振动分轮计算完成, 位置标记：0
2020-12-28 07:56:12:972  振动特征值计算完成, 位置标记：0
