2020-12-14 21:06:08:005  磁钢信号预处理完成，位置标记：1
2020-12-14 21:06:08:021  温度分轮成功，分轮数尺度为：48
2020-12-14 21:06:08:083  轴承端盖温度特征值计算完成, 位置标记：1
2020-12-14 21:06:08:146  电机温度计算完成, 位置标记：1
2020-12-14 21:06:08:146  电机温度计算完成, 位置标记：1
2020-12-14 21:06:08:146  电机温度计算完成, 位置标记：1
2020-12-14 21:06:08:146  电机温度计算完成, 位置标记：1
2020-12-14 21:06:08:162  电机温度计算完成, 位置标记：1
2020-12-14 21:06:08:162  电机温度计算完成, 位置标记：1
2020-12-14 21:06:08:162  电机温度计算完成, 位置标记：1
2020-12-14 21:06:08:162  电机温度计算完成, 位置标记：1
2020-12-14 21:06:08:162  车速为：36.7347位置标记为：1
2020-12-14 21:06:08:193  振动分轮计算完成, 位置标记：1
2020-12-14 21:06:08:474  振动特征值计算完成, 位置标记：1
2020-12-14 21:06:08:537  磁钢信号预处理完成，位置标记：0
2020-12-14 21:06:08:537  温度分轮成功，分轮数尺度为：48
2020-12-14 21:06:08:615  轴承端盖温度特征值计算完成, 位置标记：0
2020-12-14 21:06:08:677  电机温度计算完成, 位置标记：0
2020-12-14 21:06:08:677  电机温度计算完成, 位置标记：0
2020-12-14 21:06:08:677  电机温度计算完成, 位置标记：0
2020-12-14 21:06:08:677  电机温度计算完成, 位置标记：0
2020-12-14 21:06:08:693  电机温度计算完成, 位置标记：0
2020-12-14 21:06:08:693  电机温度计算完成, 位置标记：0
2020-12-14 21:06:08:693  电机温度计算完成, 位置标记：0
2020-12-14 21:06:08:693  电机温度计算完成, 位置标记：0
2020-12-14 21:06:08:693  车速为：36.7347位置标记为：0
2020-12-14 21:06:08:724  振动分轮计算完成, 位置标记：0
2020-12-14 21:06:09:005  振动特征值计算完成, 位置标记：0
2020-12-14 21:17:45:009  磁钢信号预处理完成，位置标记：1
2020-12-14 21:17:45:025  温度分轮成功，分轮数尺度为：48
2020-12-14 21:17:45:088  轴承端盖温度特征值计算完成, 位置标记：1
2020-12-14 21:17:45:150  电机温度计算完成, 位置标记：1
2020-12-14 21:17:45:150  电机温度计算完成, 位置标记：1
2020-12-14 21:17:45:150  电机温度计算完成, 位置标记：1
2020-12-14 21:17:45:150  电机温度计算完成, 位置标记：1
2020-12-14 21:17:45:166  电机温度计算完成, 位置标记：1
2020-12-14 21:17:45:166  电机温度计算完成, 位置标记：1
2020-12-14 21:17:45:166  电机温度计算完成, 位置标记：1
2020-12-14 21:17:45:166  电机温度计算完成, 位置标记：1
2020-12-14 21:17:45:166  车速为：36.882位置标记为：1
2020-12-14 21:17:45:197  振动分轮计算完成, 位置标记：1
2020-12-14 21:17:45:478  振动特征值计算完成, 位置标记：1
2020-12-14 21:17:45:525  磁钢信号预处理完成，位置标记：0
2020-12-14 21:17:45:541  温度分轮成功，分轮数尺度为：48
2020-12-14 21:17:45:603  轴承端盖温度特征值计算完成, 位置标记：0
2020-12-14 21:17:45:650  电机温度计算完成, 位置标记：0
2020-12-14 21:17:45:650  电机温度计算完成, 位置标记：0
2020-12-14 21:17:45:666  电机温度计算完成, 位置标记：0
2020-12-14 21:17:45:666  电机温度计算完成, 位置标记：0
2020-12-14 21:17:45:666  电机温度计算完成, 位置标记：0
2020-12-14 21:17:45:666  电机温度计算完成, 位置标记：0
2020-12-14 21:17:45:666  电机温度计算完成, 位置标记：0
2020-12-14 21:17:45:681  电机温度计算完成, 位置标记：0
2020-12-14 21:17:45:681  车速为：36.882位置标记为：0
2020-12-14 21:17:45:697  振动分轮计算完成, 位置标记：0
2020-12-14 21:17:45:978  振动特征值计算完成, 位置标记：0
2020-12-14 21:29:09:670  磁钢信号预处理完成，位置标记：1
2020-12-14 21:29:09:686  温度分轮成功，分轮数尺度为：48
2020-12-14 21:29:09:748  轴承端盖温度特征值计算完成, 位置标记：1
2020-12-14 21:29:09:810  电机温度计算完成, 位置标记：1
2020-12-14 21:29:09:826  电机温度计算完成, 位置标记：1
2020-12-14 21:29:09:826  电机温度计算完成, 位置标记：1
2020-12-14 21:29:09:826  电机温度计算完成, 位置标记：1
2020-12-14 21:29:09:826  电机温度计算完成, 位置标记：1
2020-12-14 21:29:09:826  电机温度计算完成, 位置标记：1
2020-12-14 21:29:09:826  电机温度计算完成, 位置标记：1
2020-12-14 21:29:09:842  电机温度计算完成, 位置标记：1
2020-12-14 21:29:09:842  车速为：36.6534位置标记为：1
2020-12-14 21:29:09:857  振动分轮计算完成, 位置标记：1
2020-12-14 21:29:10:139  振动特征值计算完成, 位置标记：1
2020-12-14 21:29:10:201  磁钢信号预处理完成，位置标记：0
2020-12-14 21:29:10:201  温度分轮成功，分轮数尺度为：48
2020-12-14 21:29:10:279  轴承端盖温度特征值计算完成, 位置标记：0
2020-12-14 21:29:10:342  电机温度计算完成, 位置标记：0
2020-12-14 21:29:10:342  电机温度计算完成, 位置标记：0
2020-12-14 21:29:10:342  电机温度计算完成, 位置标记：0
2020-12-14 21:29:10:342  电机温度计算完成, 位置标记：0
2020-12-14 21:29:10:357  电机温度计算完成, 位置标记：0
2020-12-14 21:29:10:357  电机温度计算完成, 位置标记：0
2020-12-14 21:29:10:357  电机温度计算完成, 位置标记：0
2020-12-14 21:29:10:357  电机温度计算完成, 位置标记：0
2020-12-14 21:29:10:357  车速为：36.6534位置标记为：0
2020-12-14 21:29:10:389  振动分轮计算完成, 位置标记：0
2020-12-14 21:29:10:670  振动特征值计算完成, 位置标记：0
2020-12-14 21:41:19:581  磁钢信号预处理完成，位置标记：1
2020-12-14 21:41:19:581  温度分轮成功，分轮数尺度为：48
2020-12-14 21:41:19:643  轴承端盖温度特征值计算完成, 位置标记：1
2020-12-14 21:41:19:706  电机温度计算完成, 位置标记：1
2020-12-14 21:41:19:721  电机温度计算完成, 位置标记：1
2020-12-14 21:41:19:721  电机温度计算完成, 位置标记：1
2020-12-14 21:41:19:721  电机温度计算完成, 位置标记：1
2020-12-14 21:41:19:721  电机温度计算完成, 位置标记：1
2020-12-14 21:41:19:721  电机温度计算完成, 位置标记：1
2020-12-14 21:41:19:737  电机温度计算完成, 位置标记：1
2020-12-14 21:41:19:737  电机温度计算完成, 位置标记：1
2020-12-14 21:41:19:737  车速为：36.8164位置标记为：1
2020-12-14 21:41:19:752  振动有效标记位计算异常，位置标记为：1
2020-12-14 21:41:19:799  磁钢信号预处理完成，位置标记：0
2020-12-14 21:41:19:815  温度分轮成功，分轮数尺度为：48
2020-12-14 21:41:19:877  轴承端盖温度特征值计算完成, 位置标记：0
2020-12-14 21:41:19:940  电机温度计算完成, 位置标记：0
2020-12-14 21:41:19:940  电机温度计算完成, 位置标记：0
2020-12-14 21:41:19:940  电机温度计算完成, 位置标记：0
2020-12-14 21:41:19:940  电机温度计算完成, 位置标记：0
2020-12-14 21:41:19:956  电机温度计算完成, 位置标记：0
2020-12-14 21:41:19:956  电机温度计算完成, 位置标记：0
2020-12-14 21:41:19:956  电机温度计算完成, 位置标记：0
2020-12-14 21:41:19:956  电机温度计算完成, 位置标记：0
2020-12-14 21:41:19:956  车速为：36.8164位置标记为：0
2020-12-14 21:41:19:987  振动有效标记位计算异常，位置标记为：0
2020-12-14 21:53:02:413  磁钢信号预处理完成，位置标记：1
2020-12-14 21:53:02:413  温度分轮成功，分轮数尺度为：48
2020-12-14 21:53:02:491  轴承端盖温度特征值计算完成, 位置标记：1
2020-12-14 21:53:02:554  电机温度计算完成, 位置标记：1
2020-12-14 21:53:02:554  电机温度计算完成, 位置标记：1
2020-12-14 21:53:02:554  电机温度计算完成, 位置标记：1
2020-12-14 21:53:02:554  电机温度计算完成, 位置标记：1
2020-12-14 21:53:02:569  电机温度计算完成, 位置标记：1
2020-12-14 21:53:02:569  电机温度计算完成, 位置标记：1
2020-12-14 21:53:02:569  电机温度计算完成, 位置标记：1
2020-12-14 21:53:02:569  电机温度计算完成, 位置标记：1
2020-12-14 21:53:02:569  车速为：36.6534位置标记为：1
2020-12-14 21:53:02:600  振动分轮计算完成, 位置标记：1
2020-12-14 21:53:02:866  振动特征值计算完成, 位置标记：1
2020-12-14 21:53:02:913  磁钢信号预处理完成，位置标记：0
2020-12-14 21:53:02:929  温度分轮成功，分轮数尺度为：48
2020-12-14 21:53:02:991  轴承端盖温度特征值计算完成, 位置标记：0
2020-12-14 21:53:03:054  电机温度计算完成, 位置标记：0
2020-12-14 21:53:03:054  电机温度计算完成, 位置标记：0
2020-12-14 21:53:03:069  电机温度计算完成, 位置标记：0
2020-12-14 21:53:03:069  电机温度计算完成, 位置标记：0
2020-12-14 21:53:03:069  电机温度计算完成, 位置标记：0
2020-12-14 21:53:03:069  电机温度计算完成, 位置标记：0
2020-12-14 21:53:03:069  电机温度计算完成, 位置标记：0
2020-12-14 21:53:03:085  电机温度计算完成, 位置标记：0
2020-12-14 21:53:03:085  车速为：36.6534位置标记为：0
2020-12-14 21:53:03:100  振动分轮计算完成, 位置标记：0
2020-12-14 21:53:03:382  振动特征值计算完成, 位置标记：0
