2020-12-26 08:08:00:331  磁钢信号预处理完成，位置标记：1
2020-12-26 08:08:00:343  温度分轮成功，分轮数尺度为：48
2020-12-26 08:08:00:356  轴承端盖温度特征值计算完成, 位置标记：1
2020-12-26 08:08:00:365  电机温度计算完成, 位置标记：1
2020-12-26 08:08:00:368  电机温度计算完成, 位置标记：1
2020-12-26 08:08:00:372  电机温度计算完成, 位置标记：1
2020-12-26 08:08:00:375  电机温度计算完成, 位置标记：1
2020-12-26 08:08:00:379  电机温度计算完成, 位置标记：1
2020-12-26 08:08:00:382  电机温度计算完成, 位置标记：1
2020-12-26 08:08:00:386  电机温度计算完成, 位置标记：1
2020-12-26 08:08:00:390  电机温度计算完成, 位置标记：1
2020-12-26 08:08:00:390  车速为：79.4626位置标记为：1
2020-12-26 08:08:00:411  振动分轮计算完成, 位置标记：1
2020-12-26 08:08:00:737  振动特征值计算完成, 位置标记：1
2020-12-26 08:08:00:784  磁钢信号预处理完成，位置标记：0
2020-12-26 08:08:00:796  温度分轮成功，分轮数尺度为：48
2020-12-26 08:08:00:809  轴承端盖温度特征值计算完成, 位置标记：0
2020-12-26 08:08:00:817  电机温度计算完成, 位置标记：0
2020-12-26 08:08:00:821  电机温度计算完成, 位置标记：0
2020-12-26 08:08:00:824  电机温度计算完成, 位置标记：0
2020-12-26 08:08:00:828  电机温度计算完成, 位置标记：0
2020-12-26 08:08:00:831  电机温度计算完成, 位置标记：0
2020-12-26 08:08:00:835  电机温度计算完成, 位置标记：0
2020-12-26 08:08:00:838  电机温度计算完成, 位置标记：0
2020-12-26 08:08:00:842  电机温度计算完成, 位置标记：0
2020-12-26 08:08:00:843  车速为：79.4626位置标记为：0
2020-12-26 08:08:00:863  振动分轮计算完成, 位置标记：0
2020-12-26 08:08:01:197  振动特征值计算完成, 位置标记：0
2020-12-26 08:17:34:743  磁钢信号预处理完成，位置标记：1
2020-12-26 08:17:34:754  温度分轮成功，分轮数尺度为：48
2020-12-26 08:17:34:768  轴承端盖温度特征值计算完成, 位置标记：1
2020-12-26 08:17:34:777  电机温度计算完成, 位置标记：1
2020-12-26 08:17:34:780  电机温度计算完成, 位置标记：1
2020-12-26 08:17:34:784  电机温度计算完成, 位置标记：1
2020-12-26 08:17:34:787  电机温度计算完成, 位置标记：1
2020-12-26 08:17:34:791  电机温度计算完成, 位置标记：1
2020-12-26 08:17:34:794  电机温度计算完成, 位置标记：1
2020-12-26 08:17:34:798  电机温度计算完成, 位置标记：1
2020-12-26 08:17:34:801  电机温度计算完成, 位置标记：1
2020-12-26 08:17:34:802  车速为：78.9323位置标记为：1
2020-12-26 08:17:34:823  振动分轮计算完成, 位置标记：1
2020-12-26 08:17:35:147  振动特征值计算完成, 位置标记：1
2020-12-26 08:17:35:194  磁钢信号预处理完成，位置标记：0
2020-12-26 08:17:35:205  温度分轮成功，分轮数尺度为：48
2020-12-26 08:17:35:218  轴承端盖温度特征值计算完成, 位置标记：0
2020-12-26 08:17:35:227  电机温度计算完成, 位置标记：0
2020-12-26 08:17:35:230  电机温度计算完成, 位置标记：0
2020-12-26 08:17:35:233  电机温度计算完成, 位置标记：0
2020-12-26 08:17:35:236  电机温度计算完成, 位置标记：0
2020-12-26 08:17:35:239  电机温度计算完成, 位置标记：0
2020-12-26 08:17:35:242  电机温度计算完成, 位置标记：0
2020-12-26 08:17:35:245  电机温度计算完成, 位置标记：0
2020-12-26 08:17:35:249  电机温度计算完成, 位置标记：0
2020-12-26 08:17:35:249  车速为：78.9323位置标记为：0
2020-12-26 08:17:35:270  振动分轮计算完成, 位置标记：0
2020-12-26 08:17:35:609  振动特征值计算完成, 位置标记：0
2020-12-26 08:24:15:890  磁钢信号预处理完成，位置标记：1
2020-12-26 08:24:15:901  温度分轮成功，分轮数尺度为：48
2020-12-26 08:24:15:918  轴承端盖温度特征值计算完成, 位置标记：1
2020-12-26 08:24:15:929  电机温度计算完成, 位置标记：1
2020-12-26 08:24:15:932  电机温度计算完成, 位置标记：1
2020-12-26 08:24:15:935  电机温度计算完成, 位置标记：1
2020-12-26 08:24:15:939  电机温度计算完成, 位置标记：1
2020-12-26 08:24:15:942  电机温度计算完成, 位置标记：1
2020-12-26 08:24:15:945  电机温度计算完成, 位置标记：1
2020-12-26 08:24:15:949  电机温度计算完成, 位置标记：1
2020-12-26 08:24:15:952  电机温度计算完成, 位置标记：1
2020-12-26 08:24:15:953  车速为：66.9361位置标记为：1
2020-12-26 08:24:15:974  振动分轮计算完成, 位置标记：1
2020-12-26 08:24:16:308  振动特征值计算完成, 位置标记：1
2020-12-26 08:24:16:351  磁钢信号预处理完成，位置标记：0
2020-12-26 08:24:16:359  温度分轮成功，分轮数尺度为：48
2020-12-26 08:24:16:373  轴承端盖温度特征值计算完成, 位置标记：0
2020-12-26 08:24:16:384  电机温度计算完成, 位置标记：0
2020-12-26 08:24:16:387  电机温度计算完成, 位置标记：0
2020-12-26 08:24:16:390  电机温度计算完成, 位置标记：0
2020-12-26 08:24:16:394  电机温度计算完成, 位置标记：0
2020-12-26 08:24:16:397  电机温度计算完成, 位置标记：0
2020-12-26 08:24:16:401  电机温度计算完成, 位置标记：0
2020-12-26 08:24:16:404  电机温度计算完成, 位置标记：0
2020-12-26 08:24:16:407  电机温度计算完成, 位置标记：0
2020-12-26 08:24:16:408  车速为：66.9361位置标记为：0
2020-12-26 08:24:16:430  振动分轮计算完成, 位置标记：0
2020-12-26 08:24:16:756  振动特征值计算完成, 位置标记：0
2020-12-26 08:28:12:167  磁钢信号预处理完成，位置标记：1
2020-12-26 08:28:12:178  温度分轮成功，分轮数尺度为：48
2020-12-26 08:28:12:191  轴承端盖温度特征值计算完成, 位置标记：1
2020-12-26 08:28:12:201  电机温度计算完成, 位置标记：1
2020-12-26 08:28:12:204  电机温度计算完成, 位置标记：1
2020-12-26 08:28:12:208  电机温度计算完成, 位置标记：1
2020-12-26 08:28:12:211  电机温度计算完成, 位置标记：1
2020-12-26 08:28:12:215  电机温度计算完成, 位置标记：1
2020-12-26 08:28:12:218  电机温度计算完成, 位置标记：1
2020-12-26 08:28:12:222  电机温度计算完成, 位置标记：1
2020-12-26 08:28:12:226  电机温度计算完成, 位置标记：1
2020-12-26 08:28:12:226  车速为：79.5389位置标记为：1
2020-12-26 08:28:12:247  振动分轮计算完成, 位置标记：1
2020-12-26 08:28:12:588  振动特征值计算完成, 位置标记：1
2020-12-26 08:28:12:636  磁钢信号预处理完成，位置标记：0
2020-12-26 08:28:12:647  温度分轮成功，分轮数尺度为：48
2020-12-26 08:28:12:661  轴承端盖温度特征值计算完成, 位置标记：0
2020-12-26 08:28:12:669  电机温度计算完成, 位置标记：0
2020-12-26 08:28:12:673  电机温度计算完成, 位置标记：0
2020-12-26 08:28:12:677  电机温度计算完成, 位置标记：0
2020-12-26 08:28:12:680  电机温度计算完成, 位置标记：0
2020-12-26 08:28:12:684  电机温度计算完成, 位置标记：0
2020-12-26 08:28:12:688  电机温度计算完成, 位置标记：0
2020-12-26 08:28:12:691  电机温度计算完成, 位置标记：0
2020-12-26 08:28:12:695  电机温度计算完成, 位置标记：0
2020-12-26 08:28:12:696  车速为：79.5389位置标记为：0
2020-12-26 08:28:12:716  振动分轮计算完成, 位置标记：0
2020-12-26 08:28:13:054  振动特征值计算完成, 位置标记：0
2020-12-26 08:37:01:120  磁钢信号预处理完成，位置标记：1
2020-12-26 08:37:01:131  温度分轮成功，分轮数尺度为：48
2020-12-26 08:37:01:144  轴承端盖温度特征值计算完成, 位置标记：1
2020-12-26 08:37:01:153  电机温度计算完成, 位置标记：1
2020-12-26 08:37:01:156  电机温度计算完成, 位置标记：1
2020-12-26 08:37:01:160  电机温度计算完成, 位置标记：1
2020-12-26 08:37:01:164  电机温度计算完成, 位置标记：1
2020-12-26 08:37:01:168  电机温度计算完成, 位置标记：1
2020-12-26 08:37:01:171  电机温度计算完成, 位置标记：1
2020-12-26 08:37:01:175  电机温度计算完成, 位置标记：1
2020-12-26 08:37:01:178  电机温度计算完成, 位置标记：1
2020-12-26 08:37:01:179  车速为：80.2326位置标记为：1
2020-12-26 08:37:01:200  振动分轮计算完成, 位置标记：1
2020-12-26 08:37:01:534  振动特征值计算完成, 位置标记：1
2020-12-26 08:37:01:580  磁钢信号预处理完成，位置标记：0
2020-12-26 08:37:01:590  温度分轮成功，分轮数尺度为：48
2020-12-26 08:37:01:602  轴承端盖温度特征值计算完成, 位置标记：0
2020-12-26 08:37:01:610  电机温度计算完成, 位置标记：0
2020-12-26 08:37:01:613  电机温度计算完成, 位置标记：0
2020-12-26 08:37:01:616  电机温度计算完成, 位置标记：0
2020-12-26 08:37:01:620  电机温度计算完成, 位置标记：0
2020-12-26 08:37:01:623  电机温度计算完成, 位置标记：0
2020-12-26 08:37:01:626  电机温度计算完成, 位置标记：0
2020-12-26 08:37:01:629  电机温度计算完成, 位置标记：0
2020-12-26 08:37:01:632  电机温度计算完成, 位置标记：0
2020-12-26 08:37:01:633  车速为：80.2326位置标记为：0
2020-12-26 08:37:01:653  振动分轮计算完成, 位置标记：0
2020-12-26 08:37:01:990  振动特征值计算完成, 位置标记：0
2020-12-26 08:46:54:811  磁钢信号预处理完成，位置标记：1
2020-12-26 08:46:54:823  温度分轮成功，分轮数尺度为：48
2020-12-26 08:46:54:837  轴承端盖温度特征值计算完成, 位置标记：1
2020-12-26 08:46:54:847  电机温度计算完成, 位置标记：1
2020-12-26 08:46:54:850  电机温度计算完成, 位置标记：1
2020-12-26 08:46:54:854  电机温度计算完成, 位置标记：1
2020-12-26 08:46:54:857  电机温度计算完成, 位置标记：1
2020-12-26 08:46:54:861  电机温度计算完成, 位置标记：1
2020-12-26 08:46:54:864  电机温度计算完成, 位置标记：1
2020-12-26 08:46:54:868  电机温度计算完成, 位置标记：1
2020-12-26 08:46:54:871  电机温度计算完成, 位置标记：1
2020-12-26 08:46:54:872  车速为：79.5389位置标记为：1
2020-12-26 08:46:54:893  振动分轮计算完成, 位置标记：1
2020-12-26 08:46:55:208  振动特征值计算完成, 位置标记：1
2020-12-26 08:46:55:250  磁钢信号预处理完成，位置标记：0
2020-12-26 08:46:55:259  温度分轮成功，分轮数尺度为：48
2020-12-26 08:46:55:270  轴承端盖温度特征值计算完成, 位置标记：0
2020-12-26 08:46:55:278  电机温度计算完成, 位置标记：0
2020-12-26 08:46:55:281  电机温度计算完成, 位置标记：0
2020-12-26 08:46:55:283  电机温度计算完成, 位置标记：0
2020-12-26 08:46:55:286  电机温度计算完成, 位置标记：0
2020-12-26 08:46:55:291  电机温度计算完成, 位置标记：0
2020-12-26 08:46:55:294  电机温度计算完成, 位置标记：0
2020-12-26 08:46:55:298  电机温度计算完成, 位置标记：0
2020-12-26 08:46:55:301  电机温度计算完成, 位置标记：0
2020-12-26 08:46:55:302  车速为：79.5389位置标记为：0
2020-12-26 08:46:55:323  振动分轮计算完成, 位置标记：0
2020-12-26 08:46:55:660  振动特征值计算完成, 位置标记：0
2020-12-26 08:56:29:957  磁钢信号预处理完成，位置标记：1
2020-12-26 08:56:29:968  温度分轮成功，分轮数尺度为：48
2020-12-26 08:56:29:982  轴承端盖温度特征值计算完成, 位置标记：1
2020-12-26 08:56:29:991  电机温度计算完成, 位置标记：1
2020-12-26 08:56:29:994  电机温度计算完成, 位置标记：1
2020-12-26 08:56:29:998  电机温度计算完成, 位置标记：1
2020-12-26 08:56:30:001  电机温度计算完成, 位置标记：1
2020-12-26 08:56:30:004  电机温度计算完成, 位置标记：1
2020-12-26 08:56:30:008  电机温度计算完成, 位置标记：1
2020-12-26 08:56:30:011  电机温度计算完成, 位置标记：1
2020-12-26 08:56:30:015  电机温度计算完成, 位置标记：1
2020-12-26 08:56:30:016  车速为：79.3864位置标记为：1
2020-12-26 08:56:30:037  振动分轮计算完成, 位置标记：1
2020-12-26 08:56:30:370  振动特征值计算完成, 位置标记：1
2020-12-26 08:56:30:414  磁钢信号预处理完成，位置标记：0
2020-12-26 08:56:30:423  温度分轮成功，分轮数尺度为：48
2020-12-26 08:56:30:433  轴承端盖温度特征值计算完成, 位置标记：0
2020-12-26 08:56:30:441  电机温度计算完成, 位置标记：0
2020-12-26 08:56:30:444  电机温度计算完成, 位置标记：0
2020-12-26 08:56:30:446  电机温度计算完成, 位置标记：0
2020-12-26 08:56:30:449  电机温度计算完成, 位置标记：0
2020-12-26 08:56:30:452  电机温度计算完成, 位置标记：0
2020-12-26 08:56:30:455  电机温度计算完成, 位置标记：0
2020-12-26 08:56:30:458  电机温度计算完成, 位置标记：0
2020-12-26 08:56:30:461  电机温度计算完成, 位置标记：0
2020-12-26 08:56:30:461  车速为：79.3864位置标记为：0
2020-12-26 08:56:30:478  振动分轮计算完成, 位置标记：0
2020-12-26 08:56:30:735  振动特征值计算完成, 位置标记：0
