2020-12-30 05:07:56:623  收到来车信号，流水号：20201230050756，所有设备开始采集
2020-12-30 05:07:56:711  开启A/D采集
2020-12-30 05:08:21:121  收到离车信号，流水号：20201230050756，线号：0，车号：0，主控端：0，所有设备停止采集
2020-12-30 05:08:21:153  收到停止采集命令，开始停止采集
2020-12-30 05:08:21:185  停止采集数据
2020-12-30 05:08:21:185  采集连接已断开
2020-12-30 05:08:21:187  开始数据分析和落盘
2020-12-30 05:08:25:720  vibration1完成落盘
2020-12-30 05:08:29:742  vibration2完成落盘
2020-12-30 05:08:33:813  vibration3完成落盘
2020-12-30 05:08:37:480  vibration4完成落盘
2020-12-30 05:08:40:793  vibration5完成落盘
2020-12-30 05:08:44:527  vibration6完成落盘
2020-12-30 05:08:48:192  vibration7完成落盘
2020-12-30 05:08:51:866  vibration8完成落盘
2020-12-30 05:08:55:837  magnetic1完成落盘
2020-12-30 05:08:59:630  magnetic2完成落盘
2020-12-30 05:09:03:165  magnetic3完成落盘
2020-12-30 05:09:06:915  magnetic4完成落盘
2020-12-30 05:09:11:054  temperate1完成落盘
2020-12-30 05:09:14:459  temperate2完成落盘
2020-12-30 05:09:18:372  temperate3完成落盘
2020-12-30 05:09:21:720  temperate4完成落盘
2020-12-30 05:09:21:730  开始处理数据
2020-12-30 05:09:22:284  右侧计算完成
2020-12-30 05:09:22:766  左侧计算完成
2020-12-30 05:09:22:768  检查结果数据
2020-12-30 05:09:22:770  通知桌面显示数据
2020-12-30 05:09:22:786  开始写入数据库
2020-12-30 05:09:22:812  预警及报警参数加载完成
2020-12-30 05:09:22:814  数据库打开成功
2020-12-30 05:09:22:816  train_info数据表写入成功
2020-12-30 05:09:22:818  train_onlyid读取成功
2020-12-30 05:09:22:984  train_data数据表写入成功
2020-12-30 05:09:22:986  train_fault数据表写入1、1成功
2020-12-30 05:09:22:988  train_fault数据表写入2、1成功
2020-12-30 05:09:22:990  train_fault数据表写入3、1成功
2020-12-30 05:09:22:990  vt_info数据表，第0次写入成功
2020-12-30 05:09:22:992  vt_info数据表，第1次写入成功
2020-12-30 05:09:22:996  vt_info数据表，第2次写入成功
2020-12-30 05:09:22:998  vt_info数据表，第3次写入成功
2020-12-30 05:09:23:000  vt_info数据表，第4次写入成功
2020-12-30 05:09:23:002  vt_info数据表，第5次写入成功
2020-12-30 05:09:23:004  vt_info数据表，第6次写入成功
2020-12-30 05:09:23:006  vt_info数据表，第7次写入成功
2020-12-30 05:09:23:008  vt_info数据表，第8次写入成功
2020-12-30 05:09:23:010  vt_info数据表，第9次写入成功
2020-12-30 05:09:23:012  vt_info数据表，第10次写入成功
2020-12-30 05:09:23:014  vt_info数据表，第11次写入成功
2020-12-30 05:09:23:014  vt_info数据表，第12次写入成功
2020-12-30 05:09:23:016  vt_info数据表，第13次写入成功
2020-12-30 05:09:23:018  vt_info数据表，第14次写入成功
2020-12-30 05:09:23:020  vt_info数据表，第15次写入成功
2020-12-30 05:09:23:022  vt_info数据表，第16次写入成功
2020-12-30 05:09:23:024  vt_info数据表，第17次写入成功
2020-12-30 05:09:23:026  vt_info数据表，第18次写入成功
2020-12-30 05:09:23:028  vt_info数据表，第19次写入成功
2020-12-30 05:09:23:030  vt_info数据表，第20次写入成功
2020-12-30 05:09:23:032  vt_info数据表，第21次写入成功
2020-12-30 05:09:23:034  vt_info数据表，第22次写入成功
2020-12-30 05:09:23:036  vt_info数据表，第23次写入成功
2020-12-30 05:09:23:038  vt_info数据表，第24次写入成功
2020-12-30 05:09:23:040  vt_info数据表，第25次写入成功
2020-12-30 05:09:23:042  vt_info数据表，第26次写入成功
2020-12-30 05:09:23:054  vt_info数据表，第27次写入成功
2020-12-30 05:09:23:056  vt_info数据表，第28次写入成功
2020-12-30 05:09:23:058  vt_info数据表，第29次写入成功
2020-12-30 05:09:23:060  vt_info数据表，第30次写入成功
2020-12-30 05:09:23:062  vt_info数据表，第31次写入成功
2020-12-30 05:09:23:064  vt_info数据表，第32次写入成功
2020-12-30 05:09:23:066  vt_info数据表，第33次写入成功
2020-12-30 05:09:23:068  vt_info数据表，第34次写入成功
2020-12-30 05:09:23:070  vt_info数据表，第35次写入成功
2020-12-30 05:09:23:072  vt_info数据表，第36次写入成功
2020-12-30 05:09:23:074  vt_info数据表，第37次写入成功
2020-12-30 05:09:23:076  vt_info数据表，第38次写入成功
2020-12-30 05:09:23:078  vt_info数据表，第39次写入成功
2020-12-30 05:09:23:078  vt_info数据表，第40次写入成功
2020-12-30 05:09:23:080  vt_info数据表，第41次写入成功
2020-12-30 05:09:23:082  vt_info数据表，第42次写入成功
2020-12-30 05:09:23:084  vt_info数据表，第43次写入成功
2020-12-30 05:09:23:114  vt_info数据表，第44次写入成功
2020-12-30 05:09:23:116  vt_info数据表，第45次写入成功
2020-12-30 05:09:23:118  vt_info数据表，第46次写入成功
2020-12-30 05:09:23:120  vt_info数据表，第47次写入成功
2020-12-30 05:09:23:122  motor_info数据表，第0次写入成功
2020-12-30 05:09:23:124  motor_info数据表，第1次写入成功
2020-12-30 05:09:23:126  motor_info数据表，第2次写入成功
2020-12-30 05:09:23:126  motor_info数据表，第3次写入成功
2020-12-30 05:09:23:128  motor_info数据表，第4次写入成功
2020-12-30 05:09:23:130  motor_info数据表，第5次写入成功
2020-12-30 05:09:23:132  motor_info数据表，第6次写入成功
2020-12-30 05:09:23:134  motor_info数据表，第7次写入成功
2020-12-30 05:09:23:136  motor_info数据表，第8次写入成功
2020-12-30 05:09:23:138  motor_info数据表，第9次写入成功
2020-12-30 05:09:23:140  motor_info数据表，第10次写入成功
2020-12-30 05:09:23:142  motor_info数据表，第11次写入成功
2020-12-30 05:09:23:144  motor_info数据表，第12次写入成功
2020-12-30 05:09:23:146  motor_info数据表，第13次写入成功
2020-12-30 05:09:23:148  motor_info数据表，第14次写入成功
2020-12-30 05:09:23:150  motor_info数据表，第15次写入成功
2020-12-30 05:09:23:152  数据库关闭！
2020-12-30 05:16:26:408  收到来车信号，流水号：20201230051626，所有设备开始采集
2020-12-30 05:16:26:478  开启A/D采集
2020-12-30 05:16:36:245  收到离车信号，流水号：20201230051626，线号：0，车号：0，主控端：0，所有设备停止采集
2020-12-30 05:16:36:277  收到停止采集命令，开始停止采集
2020-12-30 05:16:36:311  停止采集数据
2020-12-30 05:16:36:313  采集连接已断开
2020-12-30 05:16:36:315  开始数据分析和落盘
2020-12-30 05:16:38:280  vibration1完成落盘
2020-12-30 05:16:39:954  vibration2完成落盘
2020-12-30 05:16:41:488  vibration3完成落盘
2020-12-30 05:16:42:802  vibration4完成落盘
2020-12-30 05:16:44:417  vibration5完成落盘
2020-12-30 05:16:45:941  vibration6完成落盘
2020-12-30 05:16:47:365  vibration7完成落盘
2020-12-30 05:16:48:920  vibration8完成落盘
2020-12-30 05:16:50:357  magnetic1完成落盘
2020-12-30 05:16:51:877  magnetic2完成落盘
2020-12-30 05:16:53:491  magnetic3完成落盘
2020-12-30 05:16:55:212  magnetic4完成落盘
2020-12-30 05:16:56:746  temperate1完成落盘
2020-12-30 05:16:58:212  temperate2完成落盘
2020-12-30 05:16:59:542  temperate3完成落盘
2020-12-30 05:17:00:737  temperate4完成落盘
2020-12-30 05:17:00:747  开始处理数据
2020-12-30 05:17:00:989  右侧计算完成
2020-12-30 05:17:01:193  左侧计算完成
2020-12-30 05:17:01:195  检查结果数据
2020-12-30 05:17:01:197  通知桌面显示数据
2020-12-30 05:17:01:211  开始写入数据库
2020-12-30 05:17:01:231  预警及报警参数加载完成
2020-12-30 05:17:01:233  数据库打开成功
2020-12-30 05:17:01:235  train_info数据表写入成功
2020-12-30 05:17:01:237  train_onlyid读取成功
2020-12-30 05:17:01:385  train_data数据表写入成功
2020-12-30 05:17:01:387  train_fault数据表写入1、1成功
2020-12-30 05:17:01:389  train_fault数据表写入2、1成功
2020-12-30 05:17:01:391  train_fault数据表写入3、1成功
2020-12-30 05:17:01:393  vt_info数据表，第0次写入成功
2020-12-30 05:17:01:393  vt_info数据表，第1次写入成功
2020-12-30 05:17:01:395  vt_info数据表，第2次写入成功
2020-12-30 05:17:01:397  vt_info数据表，第3次写入成功
2020-12-30 05:17:01:399  vt_info数据表，第4次写入成功
2020-12-30 05:17:01:401  vt_info数据表，第5次写入成功
2020-12-30 05:17:01:403  vt_info数据表，第6次写入成功
2020-12-30 05:17:01:405  vt_info数据表，第7次写入成功
2020-12-30 05:17:01:407  vt_info数据表，第8次写入成功
2020-12-30 05:17:01:409  vt_info数据表，第9次写入成功
2020-12-30 05:17:01:411  vt_info数据表，第10次写入成功
2020-12-30 05:17:01:411  vt_info数据表，第11次写入成功
2020-12-30 05:17:01:413  vt_info数据表，第12次写入成功
2020-12-30 05:17:01:415  vt_info数据表，第13次写入成功
2020-12-30 05:17:01:417  vt_info数据表，第14次写入成功
2020-12-30 05:17:01:419  vt_info数据表，第15次写入成功
2020-12-30 05:17:01:421  vt_info数据表，第16次写入成功
2020-12-30 05:17:01:423  vt_info数据表，第17次写入成功
2020-12-30 05:17:01:425  vt_info数据表，第18次写入成功
2020-12-30 05:17:01:427  vt_info数据表，第19次写入成功
2020-12-30 05:17:01:429  vt_info数据表，第20次写入成功
2020-12-30 05:17:01:431  vt_info数据表，第21次写入成功
2020-12-30 05:17:01:433  vt_info数据表，第22次写入成功
2020-12-30 05:17:01:435  vt_info数据表，第23次写入成功
2020-12-30 05:17:01:437  vt_info数据表，第24次写入成功
2020-12-30 05:17:01:439  vt_info数据表，第25次写入成功
2020-12-30 05:17:01:441  vt_info数据表，第26次写入成功
2020-12-30 05:17:01:443  vt_info数据表，第27次写入成功
2020-12-30 05:17:01:445  vt_info数据表，第28次写入成功
2020-12-30 05:17:01:447  vt_info数据表，第29次写入成功
2020-12-30 05:17:01:449  vt_info数据表，第30次写入成功
2020-12-30 05:17:01:451  vt_info数据表，第31次写入成功
2020-12-30 05:17:01:453  vt_info数据表，第32次写入成功
2020-12-30 05:17:01:459  vt_info数据表，第33次写入成功
2020-12-30 05:17:01:461  vt_info数据表，第34次写入成功
2020-12-30 05:17:01:463  vt_info数据表，第35次写入成功
2020-12-30 05:17:01:465  vt_info数据表，第36次写入成功
2020-12-30 05:17:01:467  vt_info数据表，第37次写入成功
2020-12-30 05:17:01:469  vt_info数据表，第38次写入成功
2020-12-30 05:17:01:471  vt_info数据表，第39次写入成功
2020-12-30 05:17:01:473  vt_info数据表，第40次写入成功
2020-12-30 05:17:01:501  vt_info数据表，第41次写入成功
2020-12-30 05:17:01:503  vt_info数据表，第42次写入成功
2020-12-30 05:17:01:505  vt_info数据表，第43次写入成功
2020-12-30 05:17:01:507  vt_info数据表，第44次写入成功
2020-12-30 05:17:01:509  vt_info数据表，第45次写入成功
2020-12-30 05:17:01:511  vt_info数据表，第46次写入成功
2020-12-30 05:17:01:513  vt_info数据表，第47次写入成功
2020-12-30 05:17:01:515  motor_info数据表，第0次写入成功
2020-12-30 05:17:01:517  motor_info数据表，第1次写入成功
2020-12-30 05:17:01:519  motor_info数据表，第2次写入成功
2020-12-30 05:17:01:521  motor_info数据表，第3次写入成功
2020-12-30 05:17:01:523  motor_info数据表，第4次写入成功
2020-12-30 05:17:01:525  motor_info数据表，第5次写入成功
2020-12-30 05:17:01:527  motor_info数据表，第6次写入成功
2020-12-30 05:17:01:529  motor_info数据表，第7次写入成功
2020-12-30 05:17:01:531  motor_info数据表，第8次写入成功
2020-12-30 05:17:01:533  motor_info数据表，第9次写入成功
2020-12-30 05:17:01:535  motor_info数据表，第10次写入成功
2020-12-30 05:17:01:537  motor_info数据表，第11次写入成功
2020-12-30 05:17:01:539  motor_info数据表，第12次写入成功
2020-12-30 05:17:01:541  motor_info数据表，第13次写入成功
2020-12-30 05:17:01:543  motor_info数据表，第14次写入成功
2020-12-30 05:17:01:543  motor_info数据表，第15次写入成功
2020-12-30 05:17:01:545  数据库关闭！
2020-12-30 05:26:17:053  收到来车信号，流水号：20201230052616，所有设备开始采集
2020-12-30 05:26:17:109  开启A/D采集
2020-12-30 05:26:26:874  收到离车信号，流水号：20201230052616，线号：0，车号：0，主控端：0，所有设备停止采集
2020-12-30 05:26:26:906  收到停止采集命令，开始停止采集
2020-12-30 05:26:26:938  停止采集数据
2020-12-30 05:26:26:940  采集连接已断开
2020-12-30 05:26:26:942  开始数据分析和落盘
2020-12-30 05:26:28:772  vibration1完成落盘
2020-12-30 05:26:30:445  vibration2完成落盘
2020-12-30 05:26:32:007  vibration3完成落盘
2020-12-30 05:26:33:563  vibration4完成落盘
2020-12-30 05:26:35:084  vibration5完成落盘
2020-12-30 05:26:36:756  vibration6完成落盘
2020-12-30 05:26:38:440  vibration7完成落盘
2020-12-30 05:26:39:921  vibration8完成落盘
2020-12-30 05:26:41:603  magnetic1完成落盘
2020-12-30 05:26:43:237  magnetic2完成落盘
2020-12-30 05:26:44:759  magnetic3完成落盘
2020-12-30 05:26:46:150  magnetic4完成落盘
2020-12-30 05:26:47:828  temperate1完成落盘
2020-12-30 05:26:49:329  temperate2完成落盘
2020-12-30 05:26:50:801  temperate3完成落盘
2020-12-30 05:26:52:013  temperate4完成落盘
2020-12-30 05:26:52:023  开始处理数据
2020-12-30 05:26:52:247  右侧计算完成
2020-12-30 05:26:52:450  左侧计算完成
2020-12-30 05:26:52:452  检查结果数据
2020-12-30 05:26:52:454  通知桌面显示数据
2020-12-30 05:26:52:470  开始写入数据库
2020-12-30 05:26:52:494  预警及报警参数加载完成
2020-12-30 05:26:52:496  数据库打开成功
2020-12-30 05:26:52:498  train_info数据表写入成功
2020-12-30 05:26:52:500  train_onlyid读取成功
2020-12-30 05:26:52:502  train_data数据表写入成功
2020-12-30 05:26:52:504  train_fault数据表写入1、1成功
2020-12-30 05:26:52:506  train_fault数据表写入2、1成功
2020-12-30 05:26:52:508  train_fault数据表写入3、1成功
2020-12-30 05:26:52:674  vt_info数据表，第0次写入成功
2020-12-30 05:26:52:676  vt_info数据表，第1次写入成功
2020-12-30 05:26:52:678  vt_info数据表，第2次写入成功
2020-12-30 05:26:52:680  vt_info数据表，第3次写入成功
2020-12-30 05:26:52:682  vt_info数据表，第4次写入成功
2020-12-30 05:26:52:684  vt_info数据表，第5次写入成功
2020-12-30 05:26:52:686  vt_info数据表，第6次写入成功
2020-12-30 05:26:52:688  vt_info数据表，第7次写入成功
2020-12-30 05:26:52:690  vt_info数据表，第8次写入成功
2020-12-30 05:26:52:692  vt_info数据表，第9次写入成功
2020-12-30 05:26:52:694  vt_info数据表，第10次写入成功
2020-12-30 05:26:52:696  vt_info数据表，第11次写入成功
2020-12-30 05:26:52:698  vt_info数据表，第12次写入成功
2020-12-30 05:26:52:700  vt_info数据表，第13次写入成功
2020-12-30 05:26:52:702  vt_info数据表，第14次写入成功
2020-12-30 05:26:52:704  vt_info数据表，第15次写入成功
2020-12-30 05:26:52:706  vt_info数据表，第16次写入成功
2020-12-30 05:26:52:708  vt_info数据表，第17次写入成功
2020-12-30 05:26:52:710  vt_info数据表，第18次写入成功
2020-12-30 05:26:52:716  vt_info数据表，第19次写入成功
2020-12-30 05:26:52:718  vt_info数据表，第20次写入成功
2020-12-30 05:26:52:720  vt_info数据表，第21次写入成功
2020-12-30 05:26:52:722  vt_info数据表，第22次写入成功
2020-12-30 05:26:52:724  vt_info数据表，第23次写入成功
2020-12-30 05:26:52:724  vt_info数据表，第24次写入成功
2020-12-30 05:26:52:726  vt_info数据表，第25次写入成功
2020-12-30 05:26:52:728  vt_info数据表，第26次写入成功
2020-12-30 05:26:52:730  vt_info数据表，第27次写入成功
2020-12-30 05:26:52:732  vt_info数据表，第28次写入成功
2020-12-30 05:26:52:734  vt_info数据表，第29次写入成功
2020-12-30 05:26:52:736  vt_info数据表，第30次写入成功
2020-12-30 05:26:52:738  vt_info数据表，第31次写入成功
2020-12-30 05:26:52:740  vt_info数据表，第32次写入成功
2020-12-30 05:26:52:742  vt_info数据表，第33次写入成功
2020-12-30 05:26:52:742  vt_info数据表，第34次写入成功
2020-12-30 05:26:52:744  vt_info数据表，第35次写入成功
2020-12-30 05:26:52:746  vt_info数据表，第36次写入成功
2020-12-30 05:26:52:748  vt_info数据表，第37次写入成功
2020-12-30 05:26:52:750  vt_info数据表，第38次写入成功
2020-12-30 05:26:52:752  vt_info数据表，第39次写入成功
2020-12-30 05:26:52:754  vt_info数据表，第40次写入成功
2020-12-30 05:26:52:756  vt_info数据表，第41次写入成功
2020-12-30 05:26:52:758  vt_info数据表，第42次写入成功
2020-12-30 05:26:52:758  vt_info数据表，第43次写入成功
2020-12-30 05:26:52:760  vt_info数据表，第44次写入成功
2020-12-30 05:26:52:762  vt_info数据表，第45次写入成功
2020-12-30 05:26:52:764  vt_info数据表，第46次写入成功
2020-12-30 05:26:52:766  vt_info数据表，第47次写入成功
2020-12-30 05:26:52:768  motor_info数据表，第0次写入成功
2020-12-30 05:26:52:770  motor_info数据表，第1次写入成功
2020-12-30 05:26:52:772  motor_info数据表，第2次写入成功
2020-12-30 05:26:52:800  motor_info数据表，第3次写入成功
2020-12-30 05:26:52:802  motor_info数据表，第4次写入成功
2020-12-30 05:26:52:804  motor_info数据表，第5次写入成功
2020-12-30 05:26:52:806  motor_info数据表，第6次写入成功
2020-12-30 05:26:52:808  motor_info数据表，第7次写入成功
2020-12-30 05:26:52:808  motor_info数据表，第8次写入成功
2020-12-30 05:26:52:810  motor_info数据表，第9次写入成功
2020-12-30 05:26:52:812  motor_info数据表，第10次写入成功
2020-12-30 05:26:52:814  motor_info数据表，第11次写入成功
2020-12-30 05:26:52:816  motor_info数据表，第12次写入成功
2020-12-30 05:26:52:818  motor_info数据表，第13次写入成功
2020-12-30 05:26:52:820  motor_info数据表，第14次写入成功
2020-12-30 05:26:52:822  motor_info数据表，第15次写入成功
2020-12-30 05:26:52:824  数据库关闭！
2020-12-30 05:32:48:551  收到来车信号，流水号：20201230053248，所有设备开始采集
2020-12-30 05:32:48:607  开启A/D采集
2020-12-30 05:33:28:394  收到离车信号，流水号：20201230053248，线号：0，车号：0，主控端：0，所有设备停止采集
2020-12-30 05:33:28:426  收到停止采集命令，开始停止采集
2020-12-30 05:33:28:460  停止采集数据
2020-12-30 05:33:28:462  采集连接已断开
2020-12-30 05:33:28:464  开始数据分析和落盘
2020-12-30 05:33:36:343  vibration1完成落盘
2020-12-30 05:33:42:307  vibration2完成落盘
2020-12-30 05:33:48:536  vibration3完成落盘
2020-12-30 05:33:54:444  vibration4完成落盘
2020-12-30 05:34:00:459  vibration5完成落盘
2020-12-30 05:34:06:294  vibration6完成落盘
2020-12-30 05:34:12:072  vibration7完成落盘
2020-12-30 05:34:18:191  vibration8完成落盘
2020-12-30 05:34:23:978  magnetic1完成落盘
2020-12-30 05:34:29:451  magnetic2完成落盘
2020-12-30 05:34:35:663  magnetic3完成落盘
2020-12-30 05:34:41:888  magnetic4完成落盘
2020-12-30 05:34:47:777  temperate1完成落盘
2020-12-30 05:34:53:234  temperate2完成落盘
2020-12-30 05:34:59:183  temperate3完成落盘
2020-12-30 05:35:05:434  temperate4完成落盘
2020-12-30 05:35:05:446  开始处理数据
2020-12-30 05:35:05:974  右侧计算完成
2020-12-30 05:35:06:358  左侧计算完成
2020-12-30 05:35:06:360  检查结果数据
2020-12-30 05:35:06:362  通知桌面显示数据
2020-12-30 05:35:06:378  开始写入数据库
2020-12-30 05:35:06:404  预警及报警参数加载完成
2020-12-30 05:35:06:406  数据库打开成功
2020-12-30 05:35:06:408  train_info数据表写入成功
2020-12-30 05:35:06:410  train_onlyid读取成功
2020-12-30 05:35:06:412  train_data数据表写入成功
2020-12-30 05:35:06:584  train_fault数据表写入1、1成功
2020-12-30 05:35:06:586  train_fault数据表写入2、1成功
2020-12-30 05:35:06:588  train_fault数据表写入3、1成功
2020-12-30 05:35:06:590  vt_info数据表，第0次写入成功
2020-12-30 05:35:06:590  vt_info数据表，第1次写入成功
2020-12-30 05:35:06:594  vt_info数据表，第2次写入成功
2020-12-30 05:35:06:594  vt_info数据表，第3次写入成功
2020-12-30 05:35:06:596  vt_info数据表，第4次写入成功
2020-12-30 05:35:06:598  vt_info数据表，第5次写入成功
2020-12-30 05:35:06:600  vt_info数据表，第6次写入成功
2020-12-30 05:35:06:602  vt_info数据表，第7次写入成功
2020-12-30 05:35:06:604  vt_info数据表，第8次写入成功
2020-12-30 05:35:06:606  vt_info数据表，第9次写入成功
2020-12-30 05:35:06:608  vt_info数据表，第10次写入成功
2020-12-30 05:35:06:610  vt_info数据表，第11次写入成功
2020-12-30 05:35:06:612  vt_info数据表，第12次写入成功
2020-12-30 05:35:06:614  vt_info数据表，第13次写入成功
2020-12-30 05:35:06:616  vt_info数据表，第14次写入成功
2020-12-30 05:35:06:618  vt_info数据表，第15次写入成功
2020-12-30 05:35:06:620  vt_info数据表，第16次写入成功
2020-12-30 05:35:06:622  vt_info数据表，第17次写入成功
2020-12-30 05:35:06:624  vt_info数据表，第18次写入成功
2020-12-30 05:35:06:626  vt_info数据表，第19次写入成功
2020-12-30 05:35:06:628  vt_info数据表，第20次写入成功
2020-12-30 05:35:06:630  vt_info数据表，第21次写入成功
2020-12-30 05:35:06:632  vt_info数据表，第22次写入成功
2020-12-30 05:35:06:650  vt_info数据表，第23次写入成功
2020-12-30 05:35:06:652  vt_info数据表，第24次写入成功
2020-12-30 05:35:06:654  vt_info数据表，第25次写入成功
2020-12-30 05:35:06:656  vt_info数据表，第26次写入成功
2020-12-30 05:35:06:658  vt_info数据表，第27次写入成功
2020-12-30 05:35:06:660  vt_info数据表，第28次写入成功
2020-12-30 05:35:06:662  vt_info数据表，第29次写入成功
2020-12-30 05:35:06:664  vt_info数据表，第30次写入成功
2020-12-30 05:35:06:666  vt_info数据表，第31次写入成功
2020-12-30 05:35:06:668  vt_info数据表，第32次写入成功
2020-12-30 05:35:06:670  vt_info数据表，第33次写入成功
2020-12-30 05:35:06:672  vt_info数据表，第34次写入成功
2020-12-30 05:35:06:674  vt_info数据表，第35次写入成功
2020-12-30 05:35:06:674  vt_info数据表，第36次写入成功
2020-12-30 05:35:06:676  vt_info数据表，第37次写入成功
2020-12-30 05:35:06:678  vt_info数据表，第38次写入成功
2020-12-30 05:35:06:680  vt_info数据表，第39次写入成功
2020-12-30 05:35:06:682  vt_info数据表，第40次写入成功
2020-12-30 05:35:06:684  vt_info数据表，第41次写入成功
2020-12-30 05:35:06:686  vt_info数据表，第42次写入成功
2020-12-30 05:35:06:688  vt_info数据表，第43次写入成功
2020-12-30 05:35:06:690  vt_info数据表，第44次写入成功
2020-12-30 05:35:06:692  vt_info数据表，第45次写入成功
2020-12-30 05:35:06:720  vt_info数据表，第46次写入成功
2020-12-30 05:35:06:722  vt_info数据表，第47次写入成功
2020-12-30 05:35:06:724  motor_info数据表，第0次写入成功
2020-12-30 05:35:06:726  motor_info数据表，第1次写入成功
2020-12-30 05:35:06:728  motor_info数据表，第2次写入成功
2020-12-30 05:35:06:730  motor_info数据表，第3次写入成功
2020-12-30 05:35:06:732  motor_info数据表，第4次写入成功
2020-12-30 05:35:06:734  motor_info数据表，第5次写入成功
2020-12-30 05:35:06:736  motor_info数据表，第6次写入成功
2020-12-30 05:35:06:738  motor_info数据表，第7次写入成功
2020-12-30 05:35:06:740  motor_info数据表，第8次写入成功
2020-12-30 05:35:06:742  motor_info数据表，第9次写入成功
2020-12-30 05:35:06:744  motor_info数据表，第10次写入成功
2020-12-30 05:35:06:746  motor_info数据表，第11次写入成功
2020-12-30 05:35:06:746  motor_info数据表，第12次写入成功
2020-12-30 05:35:06:748  motor_info数据表，第13次写入成功
2020-12-30 05:35:06:750  motor_info数据表，第14次写入成功
2020-12-30 05:35:06:752  motor_info数据表，第15次写入成功
2020-12-30 05:35:06:754  数据库关闭！
2020-12-30 05:36:38:248  收到来车信号，流水号：20201230053638，所有设备开始采集
2020-12-30 05:36:38:334  开启A/D采集
2020-12-30 05:37:18:102  收到离车信号，流水号：20201230053638，线号：0，车号：0，主控端：0，所有设备停止采集
2020-12-30 05:37:18:134  收到停止采集命令，开始停止采集
2020-12-30 05:37:18:170  停止采集数据
2020-12-30 05:37:18:172  采集连接已断开
2020-12-30 05:37:18:174  开始数据分析和落盘
2020-12-30 05:37:25:849  vibration1完成落盘
2020-12-30 05:37:32:597  vibration2完成落盘
2020-12-30 05:37:39:138  vibration3完成落盘
2020-12-30 05:37:44:951  vibration4完成落盘
2020-12-30 05:37:51:039  vibration5完成落盘
2020-12-30 05:37:57:308  vibration6完成落盘
2020-12-30 05:38:03:672  vibration7完成落盘
2020-12-30 05:38:09:535  vibration8完成落盘
2020-12-30 05:38:16:070  magnetic1完成落盘
2020-12-30 05:38:22:076  magnetic2完成落盘
2020-12-30 05:38:28:877  magnetic3完成落盘
2020-12-30 05:38:34:619  magnetic4完成落盘
2020-12-30 05:38:40:467  temperate1完成落盘
2020-12-30 05:38:46:395  temperate2完成落盘
2020-12-30 05:38:52:592  temperate3完成落盘
2020-12-30 05:38:58:253  temperate4完成落盘
2020-12-30 05:38:58:261  开始处理数据
2020-12-30 05:38:58:786  右侧计算完成
2020-12-30 05:38:59:114  左侧计算完成
2020-12-30 05:38:59:116  检查结果数据
2020-12-30 05:38:59:118  通知桌面显示数据
2020-12-30 05:38:59:136  开始写入数据库
2020-12-30 05:38:59:164  预警及报警参数加载完成
2020-12-30 05:38:59:166  数据库打开成功
2020-12-30 05:38:59:168  train_info数据表写入成功
2020-12-30 05:38:59:168  train_onlyid读取成功
2020-12-30 05:38:59:170  train_data数据表写入成功
2020-12-30 05:38:59:336  train_fault数据表写入1、1成功
2020-12-30 05:38:59:338  train_fault数据表写入2、1成功
2020-12-30 05:38:59:340  train_fault数据表写入3、1成功
2020-12-30 05:38:59:342  vt_info数据表，第0次写入成功
2020-12-30 05:38:59:342  vt_info数据表，第1次写入成功
2020-12-30 05:38:59:344  vt_info数据表，第2次写入成功
2020-12-30 05:38:59:346  vt_info数据表，第3次写入成功
2020-12-30 05:38:59:348  vt_info数据表，第4次写入成功
2020-12-30 05:38:59:350  vt_info数据表，第5次写入成功
2020-12-30 05:38:59:352  vt_info数据表，第6次写入成功
2020-12-30 05:38:59:354  vt_info数据表，第7次写入成功
2020-12-30 05:38:59:356  vt_info数据表，第8次写入成功
2020-12-30 05:38:59:358  vt_info数据表，第9次写入成功
2020-12-30 05:38:59:360  vt_info数据表，第10次写入成功
2020-12-30 05:38:59:362  vt_info数据表，第11次写入成功
2020-12-30 05:38:59:364  vt_info数据表，第12次写入成功
2020-12-30 05:38:59:366  vt_info数据表，第13次写入成功
2020-12-30 05:38:59:368  vt_info数据表，第14次写入成功
2020-12-30 05:38:59:370  vt_info数据表，第15次写入成功
2020-12-30 05:38:59:372  vt_info数据表，第16次写入成功
2020-12-30 05:38:59:374  vt_info数据表，第17次写入成功
2020-12-30 05:38:59:376  vt_info数据表，第18次写入成功
2020-12-30 05:38:59:378  vt_info数据表，第19次写入成功
2020-12-30 05:38:59:380  vt_info数据表，第20次写入成功
2020-12-30 05:38:59:382  vt_info数据表，第21次写入成功
2020-12-30 05:38:59:384  vt_info数据表，第22次写入成功
2020-12-30 05:38:59:386  vt_info数据表，第23次写入成功
2020-12-30 05:38:59:388  vt_info数据表，第24次写入成功
2020-12-30 05:38:59:390  vt_info数据表，第25次写入成功
2020-12-30 05:38:59:390  vt_info数据表，第26次写入成功
2020-12-30 05:38:59:410  vt_info数据表，第27次写入成功
2020-12-30 05:38:59:412  vt_info数据表，第28次写入成功
2020-12-30 05:38:59:414  vt_info数据表，第29次写入成功
2020-12-30 05:38:59:416  vt_info数据表，第30次写入成功
2020-12-30 05:38:59:418  vt_info数据表，第31次写入成功
2020-12-30 05:38:59:420  vt_info数据表，第32次写入成功
2020-12-30 05:38:59:420  vt_info数据表，第33次写入成功
2020-12-30 05:38:59:422  vt_info数据表，第34次写入成功
2020-12-30 05:38:59:424  vt_info数据表，第35次写入成功
2020-12-30 05:38:59:426  vt_info数据表，第36次写入成功
2020-12-30 05:38:59:428  vt_info数据表，第37次写入成功
2020-12-30 05:38:59:430  vt_info数据表，第38次写入成功
2020-12-30 05:38:59:432  vt_info数据表，第39次写入成功
2020-12-30 05:38:59:434  vt_info数据表，第40次写入成功
2020-12-30 05:38:59:436  vt_info数据表，第41次写入成功
2020-12-30 05:38:59:438  vt_info数据表，第42次写入成功
2020-12-30 05:38:59:440  vt_info数据表，第43次写入成功
2020-12-30 05:38:59:468  vt_info数据表，第44次写入成功
2020-12-30 05:38:59:470  vt_info数据表，第45次写入成功
2020-12-30 05:38:59:472  vt_info数据表，第46次写入成功
2020-12-30 05:38:59:474  vt_info数据表，第47次写入成功
2020-12-30 05:38:59:476  motor_info数据表，第0次写入成功
2020-12-30 05:38:59:478  motor_info数据表，第1次写入成功
2020-12-30 05:38:59:480  motor_info数据表，第2次写入成功
2020-12-30 05:38:59:482  motor_info数据表，第3次写入成功
2020-12-30 05:38:59:484  motor_info数据表，第4次写入成功
2020-12-30 05:38:59:486  motor_info数据表，第5次写入成功
2020-12-30 05:38:59:488  motor_info数据表，第6次写入成功
2020-12-30 05:38:59:490  motor_info数据表，第7次写入成功
2020-12-30 05:38:59:492  motor_info数据表，第8次写入成功
2020-12-30 05:38:59:494  motor_info数据表，第9次写入成功
2020-12-30 05:38:59:496  motor_info数据表，第10次写入成功
2020-12-30 05:38:59:498  motor_info数据表，第11次写入成功
2020-12-30 05:38:59:500  motor_info数据表，第12次写入成功
2020-12-30 05:38:59:502  motor_info数据表，第13次写入成功
2020-12-30 05:38:59:504  motor_info数据表，第14次写入成功
2020-12-30 05:38:59:506  motor_info数据表，第15次写入成功
2020-12-30 05:38:59:506  数据库关闭！
2020-12-30 05:54:17:572  收到来车信号，流水号：20201230055417，所有设备开始采集
2020-12-30 05:54:17:656  开启A/D采集
2020-12-30 05:54:57:453  收到离车信号，流水号：20201230055417，线号：0，车号：0，主控端：0，所有设备停止采集
2020-12-30 05:54:57:485  收到停止采集命令，开始停止采集
2020-12-30 05:54:57:519  停止采集数据
2020-12-30 05:54:57:521  采集连接已断开
2020-12-30 05:54:57:523  开始数据分析和落盘
2020-12-30 05:55:04:872  vibration1完成落盘
2020-12-30 05:55:11:154  vibration2完成落盘
2020-12-30 05:55:17:695  vibration3完成落盘
2020-12-30 05:55:24:118  vibration4完成落盘
2020-12-30 05:55:30:585  vibration5完成落盘
2020-12-30 05:55:36:514  vibration6完成落盘
2020-12-30 05:55:42:521  vibration7完成落盘
2020-12-30 05:55:48:543  vibration8完成落盘
2020-12-30 05:55:55:070  magnetic1完成落盘
2020-12-30 05:56:01:261  magnetic2完成落盘
2020-12-30 05:56:07:591  magnetic3完成落盘
2020-12-30 05:56:13:376  magnetic4完成落盘
2020-12-30 05:56:19:443  temperate1完成落盘
2020-12-30 05:56:25:192  temperate2完成落盘
2020-12-30 05:56:30:969  temperate3完成落盘
2020-12-30 05:56:37:234  temperate4完成落盘
2020-12-30 05:56:37:244  开始处理数据
2020-12-30 05:56:37:834  右侧计算完成
2020-12-30 05:56:38:258  左侧计算完成
2020-12-30 05:56:38:260  检查结果数据
2020-12-30 05:56:38:262  通知桌面显示数据
2020-12-30 05:56:38:278  开始写入数据库
2020-12-30 05:56:38:304  预警及报警参数加载完成
2020-12-30 05:56:38:306  数据库打开成功
2020-12-30 05:56:38:308  train_info数据表写入成功
2020-12-30 05:56:38:308  train_onlyid读取成功
2020-12-30 05:56:38:478  train_data数据表写入成功
2020-12-30 05:56:38:480  train_fault数据表写入1、1成功
2020-12-30 05:56:38:482  train_fault数据表写入2、1成功
2020-12-30 05:56:38:484  train_fault数据表写入3、1成功
2020-12-30 05:56:38:486  vt_info数据表，第0次写入成功
2020-12-30 05:56:38:488  vt_info数据表，第1次写入成功
2020-12-30 05:56:38:490  vt_info数据表，第2次写入成功
2020-12-30 05:56:38:492  vt_info数据表，第3次写入成功
2020-12-30 05:56:38:494  vt_info数据表，第4次写入成功
2020-12-30 05:56:38:496  vt_info数据表，第5次写入成功
2020-12-30 05:56:38:498  vt_info数据表，第6次写入成功
2020-12-30 05:56:38:498  vt_info数据表，第7次写入成功
2020-12-30 05:56:38:500  vt_info数据表，第8次写入成功
2020-12-30 05:56:38:502  vt_info数据表，第9次写入成功
2020-12-30 05:56:38:504  vt_info数据表，第10次写入成功
2020-12-30 05:56:38:506  vt_info数据表，第11次写入成功
2020-12-30 05:56:38:508  vt_info数据表，第12次写入成功
2020-12-30 05:56:38:510  vt_info数据表，第13次写入成功
2020-12-30 05:56:38:512  vt_info数据表，第14次写入成功
2020-12-30 05:56:38:514  vt_info数据表，第15次写入成功
2020-12-30 05:56:38:516  vt_info数据表，第16次写入成功
2020-12-30 05:56:38:518  vt_info数据表，第17次写入成功
2020-12-30 05:56:38:520  vt_info数据表，第18次写入成功
2020-12-30 05:56:38:522  vt_info数据表，第19次写入成功
2020-12-30 05:56:38:524  vt_info数据表，第20次写入成功
2020-12-30 05:56:38:526  vt_info数据表，第21次写入成功
2020-12-30 05:56:38:528  vt_info数据表，第22次写入成功
2020-12-30 05:56:38:546  vt_info数据表，第23次写入成功
2020-12-30 05:56:38:548  vt_info数据表，第24次写入成功
2020-12-30 05:56:38:550  vt_info数据表，第25次写入成功
2020-12-30 05:56:38:552  vt_info数据表，第26次写入成功
2020-12-30 05:56:38:554  vt_info数据表，第27次写入成功
2020-12-30 05:56:38:556  vt_info数据表，第28次写入成功
2020-12-30 05:56:38:558  vt_info数据表，第29次写入成功
2020-12-30 05:56:38:560  vt_info数据表，第30次写入成功
2020-12-30 05:56:38:562  vt_info数据表，第31次写入成功
2020-12-30 05:56:38:564  vt_info数据表，第32次写入成功
2020-12-30 05:56:38:566  vt_info数据表，第33次写入成功
2020-12-30 05:56:38:568  vt_info数据表，第34次写入成功
2020-12-30 05:56:38:570  vt_info数据表，第35次写入成功
2020-12-30 05:56:38:572  vt_info数据表，第36次写入成功
2020-12-30 05:56:38:574  vt_info数据表，第37次写入成功
2020-12-30 05:56:38:576  vt_info数据表，第38次写入成功
2020-12-30 05:56:38:578  vt_info数据表，第39次写入成功
2020-12-30 05:56:38:578  vt_info数据表，第40次写入成功
2020-12-30 05:56:38:580  vt_info数据表，第41次写入成功
2020-12-30 05:56:38:582  vt_info数据表，第42次写入成功
2020-12-30 05:56:38:584  vt_info数据表，第43次写入成功
2020-12-30 05:56:38:586  vt_info数据表，第44次写入成功
2020-12-30 05:56:38:588  vt_info数据表，第45次写入成功
2020-12-30 05:56:38:618  vt_info数据表，第46次写入成功
2020-12-30 05:56:38:620  vt_info数据表，第47次写入成功
2020-12-30 05:56:38:622  motor_info数据表，第0次写入成功
2020-12-30 05:56:38:624  motor_info数据表，第1次写入成功
2020-12-30 05:56:38:626  motor_info数据表，第2次写入成功
2020-12-30 05:56:38:628  motor_info数据表，第3次写入成功
2020-12-30 05:56:38:628  motor_info数据表，第4次写入成功
2020-12-30 05:56:38:630  motor_info数据表，第5次写入成功
2020-12-30 05:56:38:632  motor_info数据表，第6次写入成功
2020-12-30 05:56:38:634  motor_info数据表，第7次写入成功
2020-12-30 05:56:38:636  motor_info数据表，第8次写入成功
2020-12-30 05:56:38:638  motor_info数据表，第9次写入成功
2020-12-30 05:56:38:640  motor_info数据表，第10次写入成功
2020-12-30 05:56:38:642  motor_info数据表，第11次写入成功
2020-12-30 05:56:38:644  motor_info数据表，第12次写入成功
2020-12-30 05:56:38:646  motor_info数据表，第13次写入成功
2020-12-30 05:56:38:648  motor_info数据表，第14次写入成功
2020-12-30 05:56:38:650  motor_info数据表，第15次写入成功
2020-12-30 05:56:38:652  数据库关闭！
