2020-12-17 21:00:38:614  磁钢信号预处理完成，位置标记：1
2020-12-17 21:00:38:625  温度分轮成功，分轮数尺度为：48
2020-12-17 21:00:38:638  轴承端盖温度特征值计算完成, 位置标记：1
2020-12-17 21:00:38:647  电机温度计算完成, 位置标记：1
2020-12-17 21:00:38:650  电机温度计算完成, 位置标记：1
2020-12-17 21:00:38:654  电机温度计算完成, 位置标记：1
2020-12-17 21:00:38:657  电机温度计算完成, 位置标记：1
2020-12-17 21:00:38:661  电机温度计算完成, 位置标记：1
2020-12-17 21:00:38:665  电机温度计算完成, 位置标记：1
2020-12-17 21:00:38:668  电机温度计算完成, 位置标记：1
2020-12-17 21:00:38:672  电机温度计算完成, 位置标记：1
2020-12-17 21:00:38:673  车速为：79.4626位置标记为：1
2020-12-17 21:00:38:694  振动分轮计算完成, 位置标记：1
2020-12-17 21:00:39:031  振动特征值计算完成, 位置标记：1
2020-12-17 21:00:39:077  磁钢信号预处理完成，位置标记：0
2020-12-17 21:00:39:089  温度分轮成功，分轮数尺度为：48
2020-12-17 21:00:39:102  轴承端盖温度特征值计算完成, 位置标记：0
2020-12-17 21:00:39:111  电机温度计算完成, 位置标记：0
2020-12-17 21:00:39:114  电机温度计算完成, 位置标记：0
2020-12-17 21:00:39:117  电机温度计算完成, 位置标记：0
2020-12-17 21:00:39:121  电机温度计算完成, 位置标记：0
2020-12-17 21:00:39:124  电机温度计算完成, 位置标记：0
2020-12-17 21:00:39:128  电机温度计算完成, 位置标记：0
2020-12-17 21:00:39:131  电机温度计算完成, 位置标记：0
2020-12-17 21:00:39:135  电机温度计算完成, 位置标记：0
2020-12-17 21:00:39:136  车速为：79.4626位置标记为：0
2020-12-17 21:00:39:156  振动分轮计算完成, 位置标记：0
2020-12-17 21:00:39:490  振动特征值计算完成, 位置标记：0
2020-12-17 21:09:35:044  磁钢信号预处理完成，位置标记：1
2020-12-17 21:09:35:055  温度分轮成功，分轮数尺度为：48
2020-12-17 21:09:35:067  轴承端盖温度特征值计算完成, 位置标记：1
2020-12-17 21:09:35:074  电机温度计算完成, 位置标记：1
2020-12-17 21:09:35:089  电机温度计算完成, 位置标记：1
2020-12-17 21:09:35:092  电机温度计算完成, 位置标记：1
2020-12-17 21:09:35:096  电机温度计算完成, 位置标记：1
2020-12-17 21:09:35:099  电机温度计算完成, 位置标记：1
2020-12-17 21:09:35:103  电机温度计算完成, 位置标记：1
2020-12-17 21:09:35:107  电机温度计算完成, 位置标记：1
2020-12-17 21:09:35:110  电机温度计算完成, 位置标记：1
2020-12-17 21:09:35:111  车速为：79.3103位置标记为：1
2020-12-17 21:09:35:132  振动分轮计算完成, 位置标记：1
2020-12-17 21:09:35:469  振动特征值计算完成, 位置标记：1
2020-12-17 21:09:35:516  磁钢信号预处理完成，位置标记：0
2020-12-17 21:09:35:527  温度分轮成功，分轮数尺度为：48
2020-12-17 21:09:35:539  轴承端盖温度特征值计算完成, 位置标记：0
2020-12-17 21:09:35:547  电机温度计算完成, 位置标记：0
2020-12-17 21:09:35:550  电机温度计算完成, 位置标记：0
2020-12-17 21:09:35:553  电机温度计算完成, 位置标记：0
2020-12-17 21:09:35:560  电机温度计算完成, 位置标记：0
2020-12-17 21:09:35:568  电机温度计算完成, 位置标记：0
2020-12-17 21:09:35:572  电机温度计算完成, 位置标记：0
2020-12-17 21:09:35:576  电机温度计算完成, 位置标记：0
2020-12-17 21:09:35:579  电机温度计算完成, 位置标记：0
2020-12-17 21:09:35:580  车速为：79.3103位置标记为：0
2020-12-17 21:09:35:601  振动分轮计算完成, 位置标记：0
2020-12-17 21:09:35:934  振动特征值计算完成, 位置标记：0
2020-12-17 21:19:25:134  磁钢信号预处理完成，位置标记：1
2020-12-17 21:19:25:145  温度分轮成功，分轮数尺度为：48
2020-12-17 21:19:25:157  轴承端盖温度特征值计算完成, 位置标记：1
2020-12-17 21:19:25:166  电机温度计算完成, 位置标记：1
2020-12-17 21:19:25:169  电机温度计算完成, 位置标记：1
2020-12-17 21:19:25:173  电机温度计算完成, 位置标记：1
2020-12-17 21:19:25:176  电机温度计算完成, 位置标记：1
2020-12-17 21:19:25:180  电机温度计算完成, 位置标记：1
2020-12-17 21:19:25:183  电机温度计算完成, 位置标记：1
2020-12-17 21:19:25:186  电机温度计算完成, 位置标记：1
2020-12-17 21:19:25:190  电机温度计算完成, 位置标记：1
2020-12-17 21:19:25:191  车速为：79.6154位置标记为：1
2020-12-17 21:19:25:212  振动分轮计算完成, 位置标记：1
2020-12-17 21:19:25:529  振动特征值计算完成, 位置标记：1
2020-12-17 21:19:25:576  磁钢信号预处理完成，位置标记：0
2020-12-17 21:19:25:587  温度分轮成功，分轮数尺度为：48
2020-12-17 21:19:25:600  轴承端盖温度特征值计算完成, 位置标记：0
2020-12-17 21:19:25:609  电机温度计算完成, 位置标记：0
2020-12-17 21:19:25:612  电机温度计算完成, 位置标记：0
2020-12-17 21:19:25:616  电机温度计算完成, 位置标记：0
2020-12-17 21:19:25:619  电机温度计算完成, 位置标记：0
2020-12-17 21:19:25:623  电机温度计算完成, 位置标记：0
2020-12-17 21:19:25:627  电机温度计算完成, 位置标记：0
2020-12-17 21:19:25:630  电机温度计算完成, 位置标记：0
2020-12-17 21:19:25:634  电机温度计算完成, 位置标记：0
2020-12-17 21:19:25:634  车速为：79.6154位置标记为：0
2020-12-17 21:19:25:655  振动分轮计算完成, 位置标记：0
2020-12-17 21:19:25:995  振动特征值计算完成, 位置标记：0
2020-12-17 21:29:19:776  磁钢信号预处理完成，位置标记：1
2020-12-17 21:29:19:787  温度分轮成功，分轮数尺度为：48
2020-12-17 21:29:19:800  轴承端盖温度特征值计算完成, 位置标记：1
2020-12-17 21:29:19:808  电机温度计算完成, 位置标记：1
2020-12-17 21:29:19:812  电机温度计算完成, 位置标记：1
2020-12-17 21:29:19:815  电机温度计算完成, 位置标记：1
2020-12-17 21:29:19:819  电机温度计算完成, 位置标记：1
2020-12-17 21:29:19:823  电机温度计算完成, 位置标记：1
2020-12-17 21:29:19:826  电机温度计算完成, 位置标记：1
2020-12-17 21:29:19:830  电机温度计算完成, 位置标记：1
2020-12-17 21:29:19:833  电机温度计算完成, 位置标记：1
2020-12-17 21:29:19:834  车速为：79.4626位置标记为：1
2020-12-17 21:29:19:855  振动分轮计算完成, 位置标记：1
2020-12-17 21:29:20:191  振动特征值计算完成, 位置标记：1
2020-12-17 21:29:20:238  磁钢信号预处理完成，位置标记：0
2020-12-17 21:29:20:250  温度分轮成功，分轮数尺度为：48
2020-12-17 21:29:20:262  轴承端盖温度特征值计算完成, 位置标记：0
2020-12-17 21:29:20:271  电机温度计算完成, 位置标记：0
2020-12-17 21:29:20:274  电机温度计算完成, 位置标记：0
2020-12-17 21:29:20:278  电机温度计算完成, 位置标记：0
2020-12-17 21:29:20:281  电机温度计算完成, 位置标记：0
2020-12-17 21:29:20:285  电机温度计算完成, 位置标记：0
2020-12-17 21:29:20:288  电机温度计算完成, 位置标记：0
2020-12-17 21:29:20:292  电机温度计算完成, 位置标记：0
2020-12-17 21:29:20:295  电机温度计算完成, 位置标记：0
2020-12-17 21:29:20:296  车速为：79.4626位置标记为：0
2020-12-17 21:29:20:317  振动分轮计算完成, 位置标记：0
2020-12-17 21:29:20:654  振动特征值计算完成, 位置标记：0
2020-12-17 21:36:05:885  磁钢信号预处理完成，位置标记：1
2020-12-17 21:36:05:896  温度分轮成功，分轮数尺度为：48
2020-12-17 21:36:05:910  轴承端盖温度特征值计算完成, 位置标记：1
2020-12-17 21:36:05:920  电机温度计算完成, 位置标记：1
2020-12-17 21:36:05:923  电机温度计算完成, 位置标记：1
2020-12-17 21:36:05:927  电机温度计算完成, 位置标记：1
2020-12-17 21:36:05:930  电机温度计算完成, 位置标记：1
2020-12-17 21:36:05:934  电机温度计算完成, 位置标记：1
2020-12-17 21:36:05:937  电机温度计算完成, 位置标记：1
2020-12-17 21:36:05:941  电机温度计算完成, 位置标记：1
2020-12-17 21:36:05:944  电机温度计算完成, 位置标记：1
2020-12-17 21:36:05:945  车速为：67.4267位置标记为：1
2020-12-17 21:36:05:965  振动分轮计算完成, 位置标记：1
2020-12-17 21:36:06:300  振动特征值计算完成, 位置标记：1
2020-12-17 21:36:06:346  磁钢信号预处理完成，位置标记：0
2020-12-17 21:36:06:357  温度分轮成功，分轮数尺度为：48
2020-12-17 21:36:06:371  轴承端盖温度特征值计算完成, 位置标记：0
2020-12-17 21:36:06:381  电机温度计算完成, 位置标记：0
2020-12-17 21:36:06:384  电机温度计算完成, 位置标记：0
2020-12-17 21:36:06:388  电机温度计算完成, 位置标记：0
2020-12-17 21:36:06:391  电机温度计算完成, 位置标记：0
2020-12-17 21:36:06:395  电机温度计算完成, 位置标记：0
2020-12-17 21:36:06:398  电机温度计算完成, 位置标记：0
2020-12-17 21:36:06:401  电机温度计算完成, 位置标记：0
2020-12-17 21:36:06:405  电机温度计算完成, 位置标记：0
2020-12-17 21:36:06:405  车速为：67.4267位置标记为：0
2020-12-17 21:36:06:426  振动分轮计算完成, 位置标记：0
2020-12-17 21:36:06:761  振动特征值计算完成, 位置标记：0
2020-12-17 21:39:34:841  磁钢信号预处理完成，位置标记：1
2020-12-17 21:39:34:853  温度分轮成功，分轮数尺度为：48
2020-12-17 21:39:34:865  轴承端盖温度特征值计算完成, 位置标记：1
2020-12-17 21:39:34:873  电机温度计算完成, 位置标记：1
2020-12-17 21:39:34:877  电机温度计算完成, 位置标记：1
2020-12-17 21:39:34:880  电机温度计算完成, 位置标记：1
2020-12-17 21:39:34:884  电机温度计算完成, 位置标记：1
2020-12-17 21:39:34:888  电机温度计算完成, 位置标记：1
2020-12-17 21:39:34:891  电机温度计算完成, 位置标记：1
2020-12-17 21:39:34:895  电机温度计算完成, 位置标记：1
2020-12-17 21:39:34:899  电机温度计算完成, 位置标记：1
2020-12-17 21:39:34:899  车速为：79.0076位置标记为：1
2020-12-17 21:39:34:920  振动分轮计算完成, 位置标记：1
2020-12-17 21:39:35:254  振动特征值计算完成, 位置标记：1
2020-12-17 21:39:35:297  磁钢信号预处理完成，位置标记：0
2020-12-17 21:39:35:309  温度分轮成功，分轮数尺度为：48
2020-12-17 21:39:35:321  轴承端盖温度特征值计算完成, 位置标记：0
2020-12-17 21:39:35:329  电机温度计算完成, 位置标记：0
2020-12-17 21:39:35:333  电机温度计算完成, 位置标记：0
2020-12-17 21:39:35:336  电机温度计算完成, 位置标记：0
2020-12-17 21:39:35:339  电机温度计算完成, 位置标记：0
2020-12-17 21:39:35:343  电机温度计算完成, 位置标记：0
2020-12-17 21:39:35:346  电机温度计算完成, 位置标记：0
2020-12-17 21:39:35:350  电机温度计算完成, 位置标记：0
2020-12-17 21:39:35:353  电机温度计算完成, 位置标记：0
2020-12-17 21:39:35:354  车速为：79.0076位置标记为：0
2020-12-17 21:39:35:374  振动分轮计算完成, 位置标记：0
2020-12-17 21:39:35:708  振动特征值计算完成, 位置标记：0
2020-12-17 21:48:28:738  磁钢信号预处理完成，位置标记：1
2020-12-17 21:48:28:750  温度分轮成功，分轮数尺度为：48
2020-12-17 21:48:28:762  轴承端盖温度特征值计算完成, 位置标记：1
2020-12-17 21:48:28:771  电机温度计算完成, 位置标记：1
2020-12-17 21:48:28:775  电机温度计算完成, 位置标记：1
2020-12-17 21:48:28:778  电机温度计算完成, 位置标记：1
2020-12-17 21:48:28:782  电机温度计算完成, 位置标记：1
2020-12-17 21:48:28:785  电机温度计算完成, 位置标记：1
2020-12-17 21:48:28:789  电机温度计算完成, 位置标记：1
2020-12-17 21:48:28:792  电机温度计算完成, 位置标记：1
2020-12-17 21:48:28:797  电机温度计算完成, 位置标记：1
2020-12-17 21:48:28:798  车速为：79.3864位置标记为：1
2020-12-17 21:48:28:819  振动分轮计算完成, 位置标记：1
2020-12-17 21:48:29:142  振动特征值计算完成, 位置标记：1
2020-12-17 21:48:29:189  磁钢信号预处理完成，位置标记：0
2020-12-17 21:48:29:200  温度分轮成功，分轮数尺度为：48
2020-12-17 21:48:29:213  轴承端盖温度特征值计算完成, 位置标记：0
2020-12-17 21:48:29:221  电机温度计算完成, 位置标记：0
2020-12-17 21:48:29:225  电机温度计算完成, 位置标记：0
2020-12-17 21:48:29:228  电机温度计算完成, 位置标记：0
2020-12-17 21:48:29:232  电机温度计算完成, 位置标记：0
2020-12-17 21:48:29:235  电机温度计算完成, 位置标记：0
2020-12-17 21:48:29:239  电机温度计算完成, 位置标记：0
2020-12-17 21:48:29:243  电机温度计算完成, 位置标记：0
2020-12-17 21:48:29:246  电机温度计算完成, 位置标记：0
2020-12-17 21:48:29:247  车速为：79.3864位置标记为：0
2020-12-17 21:48:29:266  振动分轮计算完成, 位置标记：0
2020-12-17 21:48:29:588  振动特征值计算完成, 位置标记：0
2020-12-17 21:58:39:107  磁钢信号预处理完成，位置标记：1
2020-12-17 21:58:39:118  温度分轮成功，分轮数尺度为：48
2020-12-17 21:58:39:130  轴承端盖温度特征值计算完成, 位置标记：1
2020-12-17 21:58:39:138  电机温度计算完成, 位置标记：1
2020-12-17 21:58:39:141  电机温度计算完成, 位置标记：1
2020-12-17 21:58:39:145  电机温度计算完成, 位置标记：1
2020-12-17 21:58:39:148  电机温度计算完成, 位置标记：1
2020-12-17 21:58:39:152  电机温度计算完成, 位置标记：1
2020-12-17 21:58:39:155  电机温度计算完成, 位置标记：1
2020-12-17 21:58:39:159  电机温度计算完成, 位置标记：1
2020-12-17 21:58:39:162  电机温度计算完成, 位置标记：1
2020-12-17 21:58:39:163  车速为：79.3864位置标记为：1
2020-12-17 21:58:39:183  振动分轮计算完成, 位置标记：1
2020-12-17 21:58:39:523  振动特征值计算完成, 位置标记：1
2020-12-17 21:58:39:570  磁钢信号预处理完成，位置标记：0
2020-12-17 21:58:39:582  温度分轮成功，分轮数尺度为：48
2020-12-17 21:58:39:594  轴承端盖温度特征值计算完成, 位置标记：0
2020-12-17 21:58:39:601  电机温度计算完成, 位置标记：0
2020-12-17 21:58:39:605  电机温度计算完成, 位置标记：0
2020-12-17 21:58:39:608  电机温度计算完成, 位置标记：0
2020-12-17 21:58:39:611  电机温度计算完成, 位置标记：0
2020-12-17 21:58:39:614  电机温度计算完成, 位置标记：0
2020-12-17 21:58:39:617  电机温度计算完成, 位置标记：0
2020-12-17 21:58:39:621  电机温度计算完成, 位置标记：0
2020-12-17 21:58:39:624  电机温度计算完成, 位置标记：0
2020-12-17 21:58:39:625  车速为：79.3864位置标记为：0
2020-12-17 21:58:39:644  振动分轮计算完成, 位置标记：0
2020-12-17 21:58:39:927  振动特征值计算完成, 位置标记：0
