2020-11-23 09:08:00:372  本地IP：127.0.0.1
2020-11-23 09:08:00:382  本地端口号：4500
2020-11-23 09:08:00:391  通讯模块设置成功
2020-11-23 09:08:00:396  综合数据盒连接IP：192.168.1.198
2020-11-23 09:08:00:397  正在打开设备...
2020-11-23 09:08:21:424  创建连接出现异常，错误代码为：-6
2020-11-23 09:08:21:428  同步采集仪设置异常
2020-11-23 09:08:21:432  采集仪增益设置异常
2020-11-23 09:10:29:108  本地IP：127.0.0.1
2020-11-23 09:10:29:117  本地端口号：4500
2020-11-23 09:10:29:125  通讯模块设置成功
2020-11-23 09:10:29:130  综合数据盒连接IP：192.168.1.198
2020-11-23 09:10:29:132  正在打开设备...
2020-11-23 09:54:45:359  本地IP：127.0.0.1
2020-11-23 09:54:45:365  本地端口号：4500
2020-11-23 09:54:45:371  通讯模块设置成功
2020-11-23 09:54:45:373  综合数据盒连接IP：192.168.1.198
2020-11-23 09:54:45:375  正在打开设备...
2020-11-23 09:54:52:025  存在数据为空，请检查数据源
2020-11-23 09:54:52:039  D:\Vabrition\Resources\\simulate\20201121125815\VAIS\vibration6.txt文件数据读取失败
2020-11-23 09:54:52:041  D:\Vabrition\Resources\\simulate\20201121125815\VAIS\vibration5.txt文件数据读取失败
2020-11-23 09:54:52:043  D:\Vabrition\Resources\\simulate\20201121125815\VAIS\vibration1.txt文件数据读取失败
2020-11-23 09:54:52:045  D:\Vabrition\Resources\\simulate\20201121125815\VAIS\vibration4.txt文件数据读取失败
2020-11-23 09:54:52:049  D:\Vabrition\Resources\\simulate\20201121125815\VAIS\vibration2.txt文件数据读取失败
2020-11-23 09:54:52:052  D:\Vabrition\Resources\\simulate\20201121125815\VAIS\vibration3.txt文件数据读取失败
2020-11-23 09:54:52:055  D:\Vabrition\Resources\\simulate\20201121125815\VAIS\vibration7.txt文件数据读取失败
2020-11-23 09:54:52:057  D:\Vabrition\Resources\\simulate\20201121125815\VAIS\vibration8.txt文件数据读取失败
2020-11-23 09:54:52:060  D:\Vabrition\Resources\\simulate\20201121125815\VAIS\magnetic1.txt文件数据读取失败
2020-11-23 09:54:52:063  D:\Vabrition\Resources\\simulate\20201121125815\VAIS\magnetic2.txt文件数据读取失败
2020-11-23 09:54:52:066  D:\Vabrition\Resources\\simulate\20201121125815\VAIS\magnetic3.txt文件数据读取失败
2020-11-23 09:54:52:069  D:\Vabrition\Resources\\simulate\20201121125815\VAIS\magnetic4.txt文件数据读取失败
2020-11-23 09:54:52:072  D:\Vabrition\Resources\\simulate\20201121125815\VAIS\temperate1.txt文件数据读取失败
2020-11-23 09:54:52:075  D:\Vabrition\Resources\\simulate\20201121125815\VAIS\temperate2.txt文件数据读取失败
2020-11-23 09:54:52:079  D:\Vabrition\Resources\\simulate\20201121125815\VAIS\temperate3.txt文件数据读取失败
2020-11-23 09:54:52:082  D:\Vabrition\Resources\\simulate\20201121125815\VAIS\temperate4.txt文件数据读取失败
2020-11-23 09:55:06:390  创建连接出现异常，错误代码为：-6
2020-11-23 09:55:06:394  同步采集仪设置异常
2020-11-23 09:55:06:398  采集仪增益设置异常
2020-11-23 09:57:11:416  本地IP：127.0.0.1
2020-11-23 09:57:11:429  本地端口号：4500
2020-11-23 09:57:11:437  通讯模块设置成功
2020-11-23 09:57:11:443  综合数据盒连接IP：192.168.1.198
2020-11-23 09:57:11:444  正在打开设备...
2020-11-23 09:57:14:963  存在数据为空，请检查数据源
2020-11-23 09:57:14:971  D:\Vabrition\Resources\simulate\20201121125815\VAIS\vibration1.txt文件数据读取失败
2020-11-23 09:57:14:978  D:\Vabrition\Resources\simulate\20201121125815\VAIS\vibration2.txt文件数据读取失败
2020-11-23 09:57:14:982  D:\Vabrition\Resources\simulate\20201121125815\VAIS\vibration3.txt文件数据读取失败
2020-11-23 09:57:14:986  D:\Vabrition\Resources\simulate\20201121125815\VAIS\vibration5.txt文件数据读取失败
2020-11-23 09:57:14:991  D:\Vabrition\Resources\simulate\20201121125815\VAIS\vibration4.txt文件数据读取失败
2020-11-23 09:57:14:996  D:\Vabrition\Resources\simulate\20201121125815\VAIS\vibration6.txt文件数据读取失败
2020-11-23 09:57:15:003  D:\Vabrition\Resources\simulate\20201121125815\VAIS\vibration7.txt文件数据读取失败
2020-11-23 09:57:15:009  D:\Vabrition\Resources\simulate\20201121125815\VAIS\vibration8.txt文件数据读取失败
2020-11-23 09:57:15:015  D:\Vabrition\Resources\simulate\20201121125815\VAIS\magnetic1.txt文件数据读取失败
2020-11-23 09:57:15:019  D:\Vabrition\Resources\simulate\20201121125815\VAIS\magnetic2.txt文件数据读取失败
2020-11-23 09:57:15:025  D:\Vabrition\Resources\simulate\20201121125815\VAIS\magnetic3.txt文件数据读取失败
2020-11-23 09:57:15:031  D:\Vabrition\Resources\simulate\20201121125815\VAIS\magnetic4.txt文件数据读取失败
2020-11-23 09:57:15:036  D:\Vabrition\Resources\simulate\20201121125815\VAIS\temperate1.txt文件数据读取失败
2020-11-23 09:57:15:043  D:\Vabrition\Resources\simulate\20201121125815\VAIS\temperate2.txt文件数据读取失败
2020-11-23 09:57:15:048  D:\Vabrition\Resources\simulate\20201121125815\VAIS\temperate3.txt文件数据读取失败
2020-11-23 09:57:15:053  D:\Vabrition\Resources\simulate\20201121125815\VAIS\temperate4.txt文件数据读取失败
2020-11-23 09:57:32:461  创建连接出现异常，错误代码为：-6
2020-11-23 09:57:32:466  同步采集仪设置异常
2020-11-23 09:57:32:470  采集仪增益设置异常
