2020-12-27 15:04:50:295  磁钢信号预处理完成，位置标记：1
2020-12-27 15:04:50:313  温度分轮成功，分轮数尺度为：48
2020-12-27 15:04:50:329  轴承端盖温度特征值计算完成, 位置标记：1
2020-12-27 15:04:50:345  电机温度计算完成, 位置标记：1
2020-12-27 15:04:50:349  电机温度计算完成, 位置标记：1
2020-12-27 15:04:50:351  电机温度计算完成, 位置标记：1
2020-12-27 15:04:50:353  电机温度计算完成, 位置标记：1
2020-12-27 15:04:50:355  电机温度计算完成, 位置标记：1
2020-12-27 15:04:50:359  电机温度计算完成, 位置标记：1
2020-12-27 15:04:50:361  电机温度计算完成, 位置标记：1
2020-12-27 15:04:50:363  电机温度计算完成, 位置标记：1
2020-12-27 15:04:50:363  车速为：43.7864位置标记为：1
2020-12-27 15:04:50:401  振动分轮计算完成, 位置标记：1
2020-12-27 15:04:50:585  振动特征值计算完成, 位置标记：1
2020-12-27 15:04:50:663  磁钢信号预处理完成，位置标记：0
2020-12-27 15:04:50:677  温度分轮成功，分轮数尺度为：48
2020-12-27 15:04:50:691  轴承端盖温度特征值计算完成, 位置标记：0
2020-12-27 15:04:50:705  电机温度计算完成, 位置标记：0
2020-12-27 15:04:50:709  电机温度计算完成, 位置标记：0
2020-12-27 15:04:50:711  电机温度计算完成, 位置标记：0
2020-12-27 15:04:50:713  电机温度计算完成, 位置标记：0
2020-12-27 15:04:50:715  电机温度计算完成, 位置标记：0
2020-12-27 15:04:50:717  电机温度计算完成, 位置标记：0
2020-12-27 15:04:50:719  电机温度计算完成, 位置标记：0
2020-12-27 15:04:50:721  电机温度计算完成, 位置标记：0
2020-12-27 15:04:50:721  车速为：43.7864位置标记为：0
2020-12-27 15:04:50:753  振动分轮计算完成, 位置标记：0
2020-12-27 15:04:50:935  振动特征值计算完成, 位置标记：0
2020-12-27 15:15:35:532  磁钢信号预处理完成，位置标记：1
2020-12-27 15:15:35:546  温度分轮成功，分轮数尺度为：48
2020-12-27 15:15:35:558  轴承端盖温度特征值计算完成, 位置标记：1
2020-12-27 15:15:35:572  电机温度计算完成, 位置标记：1
2020-12-27 15:15:35:574  电机温度计算完成, 位置标记：1
2020-12-27 15:15:35:574  电机温度计算完成, 位置标记：1
2020-12-27 15:15:35:576  电机温度计算完成, 位置标记：1
2020-12-27 15:15:35:578  电机温度计算完成, 位置标记：1
2020-12-27 15:15:35:580  电机温度计算完成, 位置标记：1
2020-12-27 15:15:35:582  电机温度计算完成, 位置标记：1
2020-12-27 15:15:35:584  电机温度计算完成, 位置标记：1
2020-12-27 15:15:35:584  车速为：43.6939位置标记为：1
2020-12-27 15:15:35:610  振动分轮计算完成, 位置标记：1
2020-12-27 15:15:35:779  振动特征值计算完成, 位置标记：1
2020-12-27 15:15:35:843  磁钢信号预处理完成，位置标记：0
2020-12-27 15:15:35:857  温度分轮成功，分轮数尺度为：48
2020-12-27 15:15:35:869  轴承端盖温度特征值计算完成, 位置标记：0
2020-12-27 15:15:35:883  电机温度计算完成, 位置标记：0
2020-12-27 15:15:35:885  电机温度计算完成, 位置标记：0
2020-12-27 15:15:35:885  电机温度计算完成, 位置标记：0
2020-12-27 15:15:35:887  电机温度计算完成, 位置标记：0
2020-12-27 15:15:35:889  电机温度计算完成, 位置标记：0
2020-12-27 15:15:35:891  电机温度计算完成, 位置标记：0
2020-12-27 15:15:35:893  电机温度计算完成, 位置标记：0
2020-12-27 15:15:35:895  电机温度计算完成, 位置标记：0
2020-12-27 15:15:35:895  车速为：43.6939位置标记为：0
2020-12-27 15:15:35:927  振动分轮计算完成, 位置标记：0
2020-12-27 15:15:36:077  振动特征值计算完成, 位置标记：0
2020-12-27 15:26:38:576  磁钢信号预处理完成，位置标记：1
2020-12-27 15:26:38:592  温度分轮成功，分轮数尺度为：48
2020-12-27 15:26:38:610  轴承端盖温度特征值计算完成, 位置标记：1
2020-12-27 15:26:38:628  电机温度计算完成, 位置标记：1
2020-12-27 15:26:38:630  电机温度计算完成, 位置标记：1
2020-12-27 15:26:38:632  电机温度计算完成, 位置标记：1
2020-12-27 15:26:38:634  电机温度计算完成, 位置标记：1
2020-12-27 15:26:38:636  电机温度计算完成, 位置标记：1
2020-12-27 15:26:38:638  电机温度计算完成, 位置标记：1
2020-12-27 15:26:38:640  电机温度计算完成, 位置标记：1
2020-12-27 15:26:38:642  电机温度计算完成, 位置标记：1
2020-12-27 15:26:38:644  车速为：36.751位置标记为：1
2020-12-27 15:26:38:680  振动分轮计算完成, 位置标记：1
2020-12-27 15:26:38:880  振动特征值计算完成, 位置标记：1
2020-12-27 15:26:38:942  磁钢信号预处理完成，位置标记：0
2020-12-27 15:26:38:956  温度分轮成功，分轮数尺度为：48
2020-12-27 15:26:38:972  轴承端盖温度特征值计算完成, 位置标记：0
2020-12-27 15:26:38:986  电机温度计算完成, 位置标记：0
2020-12-27 15:26:38:988  电机温度计算完成, 位置标记：0
2020-12-27 15:26:38:990  电机温度计算完成, 位置标记：0
2020-12-27 15:26:38:992  电机温度计算完成, 位置标记：0
2020-12-27 15:26:38:994  电机温度计算完成, 位置标记：0
2020-12-27 15:26:38:996  电机温度计算完成, 位置标记：0
2020-12-27 15:26:38:998  电机温度计算完成, 位置标记：0
2020-12-27 15:26:39:000  电机温度计算完成, 位置标记：0
2020-12-27 15:26:39:000  车速为：36.751位置标记为：0
2020-12-27 15:26:39:032  振动分轮计算完成, 位置标记：0
2020-12-27 15:26:39:214  振动特征值计算完成, 位置标记：0
2020-12-27 15:32:04:959  磁钢信号预处理完成，位置标记：1
2020-12-27 15:32:04:977  温度分轮成功，分轮数尺度为：48
2020-12-27 15:32:04:981  轴承端盖温度特征值计算完成, 位置标记：1
2020-12-27 15:32:04:985  电机温度计算完成, 位置标记：1
2020-12-27 15:32:04:987  电机温度计算完成, 位置标记：1
2020-12-27 15:32:04:991  电机温度计算完成, 位置标记：1
2020-12-27 15:32:04:993  电机温度计算完成, 位置标记：1
2020-12-27 15:32:04:995  电机温度计算完成, 位置标记：1
2020-12-27 15:32:04:997  电机温度计算完成, 位置标记：1
2020-12-27 15:32:05:001  电机温度计算完成, 位置标记：1
2020-12-27 15:32:05:003  电机温度计算完成, 位置标记：1
2020-12-27 15:32:05:003  车速为：36.7673位置标记为：1
2020-12-27 15:32:05:039  振动分轮计算完成, 位置标记：1
2020-12-27 15:32:05:245  振动特征值计算完成, 位置标记：1
2020-12-27 15:32:05:325  磁钢信号预处理完成，位置标记：0
2020-12-27 15:32:05:343  温度分轮成功，分轮数尺度为：48
2020-12-27 15:32:05:345  轴承端盖温度特征值计算完成, 位置标记：0
2020-12-27 15:32:05:349  电机温度计算完成, 位置标记：0
2020-12-27 15:32:05:351  电机温度计算完成, 位置标记：0
2020-12-27 15:32:05:353  电机温度计算完成, 位置标记：0
2020-12-27 15:32:05:357  电机温度计算完成, 位置标记：0
2020-12-27 15:32:05:359  电机温度计算完成, 位置标记：0
2020-12-27 15:32:05:361  电机温度计算完成, 位置标记：0
2020-12-27 15:32:05:363  电机温度计算完成, 位置标记：0
2020-12-27 15:32:05:365  电机温度计算完成, 位置标记：0
2020-12-27 15:32:05:365  车速为：36.7673位置标记为：0
2020-12-27 15:32:05:395  振动分轮计算完成, 位置标记：0
2020-12-27 15:32:05:577  振动特征值计算完成, 位置标记：0
2020-12-27 15:43:13:894  磁钢信号预处理完成，位置标记：1
2020-12-27 15:43:13:914  温度分轮成功，分轮数尺度为：48
2020-12-27 15:43:13:934  轴承端盖温度特征值计算完成, 位置标记：1
2020-12-27 15:43:13:954  电机温度计算完成, 位置标记：1
2020-12-27 15:43:13:958  电机温度计算完成, 位置标记：1
2020-12-27 15:43:13:960  电机温度计算完成, 位置标记：1
2020-12-27 15:43:13:962  电机温度计算完成, 位置标记：1
2020-12-27 15:43:13:966  电机温度计算完成, 位置标记：1
2020-12-27 15:43:13:968  电机温度计算完成, 位置标记：1
2020-12-27 15:43:13:972  电机温度计算完成, 位置标记：1
2020-12-27 15:43:13:974  电机温度计算完成, 位置标记：1
2020-12-27 15:43:13:976  车速为：36.4437位置标记为：1
2020-12-27 15:43:14:014  振动分轮计算完成, 位置标记：1
2020-12-27 15:43:14:256  振动特征值计算完成, 位置标记：1
2020-12-27 15:43:14:338  磁钢信号预处理完成，位置标记：0
2020-12-27 15:43:14:360  温度分轮成功，分轮数尺度为：48
2020-12-27 15:43:14:388  轴承端盖温度特征值计算完成, 位置标记：0
2020-12-27 15:43:14:408  电机温度计算完成, 位置标记：0
2020-12-27 15:43:14:412  电机温度计算完成, 位置标记：0
2020-12-27 15:43:14:414  电机温度计算完成, 位置标记：0
2020-12-27 15:43:14:418  电机温度计算完成, 位置标记：0
2020-12-27 15:43:14:420  电机温度计算完成, 位置标记：0
2020-12-27 15:43:14:424  电机温度计算完成, 位置标记：0
2020-12-27 15:43:14:426  电机温度计算完成, 位置标记：0
2020-12-27 15:43:14:428  电机温度计算完成, 位置标记：0
2020-12-27 15:43:14:430  车速为：36.4437位置标记为：0
2020-12-27 15:43:14:468  振动分轮计算完成, 位置标记：0
2020-12-27 15:43:14:702  振动特征值计算完成, 位置标记：0
2020-12-27 15:48:29:705  磁钢信号预处理完成，位置标记：1
2020-12-27 15:48:29:719  温度分轮成功，分轮数尺度为：48
2020-12-27 15:48:29:731  轴承端盖温度特征值计算完成, 位置标记：1
2020-12-27 15:48:29:747  电机温度计算完成, 位置标记：1
2020-12-27 15:48:29:749  电机温度计算完成, 位置标记：1
2020-12-27 15:48:29:753  电机温度计算完成, 位置标记：1
2020-12-27 15:48:29:755  电机温度计算完成, 位置标记：1
2020-12-27 15:48:29:757  电机温度计算完成, 位置标记：1
2020-12-27 15:48:29:759  电机温度计算完成, 位置标记：1
2020-12-27 15:48:29:761  电机温度计算完成, 位置标记：1
2020-12-27 15:48:29:765  电机温度计算完成, 位置标记：1
2020-12-27 15:48:29:765  车速为：43.8327位置标记为：1
2020-12-27 15:48:29:803  振动分轮计算完成, 位置标记：1
2020-12-27 15:48:29:985  振动特征值计算完成, 位置标记：1
2020-12-27 15:48:30:061  磁钢信号预处理完成，位置标记：0
2020-12-27 15:48:30:081  温度分轮成功，分轮数尺度为：48
2020-12-27 15:48:30:101  轴承端盖温度特征值计算完成, 位置标记：0
2020-12-27 15:48:30:117  电机温度计算完成, 位置标记：0
2020-12-27 15:48:30:119  电机温度计算完成, 位置标记：0
2020-12-27 15:48:30:121  电机温度计算完成, 位置标记：0
2020-12-27 15:48:30:125  电机温度计算完成, 位置标记：0
2020-12-27 15:48:30:127  电机温度计算完成, 位置标记：0
2020-12-27 15:48:30:129  电机温度计算完成, 位置标记：0
2020-12-27 15:48:30:131  电机温度计算完成, 位置标记：0
2020-12-27 15:48:30:133  电机温度计算完成, 位置标记：0
2020-12-27 15:48:30:135  车速为：43.8327位置标记为：0
2020-12-27 15:48:30:173  振动分轮计算完成, 位置标记：0
2020-12-27 15:48:30:375  振动特征值计算完成, 位置标记：0
2020-12-27 15:54:03:907  磁钢信号预处理完成，位置标记：1
2020-12-27 15:54:03:929  温度分轮成功，分轮数尺度为：48
2020-12-27 15:54:03:949  轴承端盖温度特征值计算完成, 位置标记：1
2020-12-27 15:54:03:969  电机温度计算完成, 位置标记：1
2020-12-27 15:54:03:973  电机温度计算完成, 位置标记：1
2020-12-27 15:54:03:975  电机温度计算完成, 位置标记：1
2020-12-27 15:54:03:977  电机温度计算完成, 位置标记：1
2020-12-27 15:54:03:981  电机温度计算完成, 位置标记：1
2020-12-27 15:54:03:983  电机温度计算完成, 位置标记：1
2020-12-27 15:54:03:987  电机温度计算完成, 位置标记：1
2020-12-27 15:54:03:989  电机温度计算完成, 位置标记：1
2020-12-27 15:54:03:991  车速为：36.3477位置标记为：1
2020-12-27 15:54:04:029  振动分轮计算完成, 位置标记：1
2020-12-27 15:54:04:223  振动特征值计算完成, 位置标记：1
2020-12-27 15:54:04:289  磁钢信号预处理完成，位置标记：0
2020-12-27 15:54:04:305  温度分轮成功，分轮数尺度为：48
2020-12-27 15:54:04:321  轴承端盖温度特征值计算完成, 位置标记：0
2020-12-27 15:54:04:337  电机温度计算完成, 位置标记：0
2020-12-27 15:54:04:339  电机温度计算完成, 位置标记：0
2020-12-27 15:54:04:343  电机温度计算完成, 位置标记：0
2020-12-27 15:54:04:345  电机温度计算完成, 位置标记：0
2020-12-27 15:54:04:347  电机温度计算完成, 位置标记：0
2020-12-27 15:54:04:349  电机温度计算完成, 位置标记：0
2020-12-27 15:54:04:351  电机温度计算完成, 位置标记：0
2020-12-27 15:54:04:353  电机温度计算完成, 位置标记：0
2020-12-27 15:54:04:353  车速为：36.3477位置标记为：0
2020-12-27 15:54:04:383  振动分轮计算完成, 位置标记：0
2020-12-27 15:54:04:563  振动特征值计算完成, 位置标记：0
2020-12-27 15:59:32:978  磁钢信号预处理完成，位置标记：1
2020-12-27 15:59:32:996  温度分轮成功，分轮数尺度为：48
2020-12-27 15:59:33:010  轴承端盖温度特征值计算完成, 位置标记：1
2020-12-27 15:59:33:022  电机温度计算完成, 位置标记：1
2020-12-27 15:59:33:024  电机温度计算完成, 位置标记：1
2020-12-27 15:59:33:026  电机温度计算完成, 位置标记：1
2020-12-27 15:59:33:030  电机温度计算完成, 位置标记：1
2020-12-27 15:59:33:032  电机温度计算完成, 位置标记：1
2020-12-27 15:59:33:034  电机温度计算完成, 位置标记：1
2020-12-27 15:59:33:038  电机温度计算完成, 位置标记：1
2020-12-27 15:59:33:040  电机温度计算完成, 位置标记：1
2020-12-27 15:59:33:042  车速为：36.4276位置标记为：1
2020-12-27 15:59:33:074  振动分轮计算完成, 位置标记：1
2020-12-27 15:59:33:262  振动特征值计算完成, 位置标记：1
2020-12-27 15:59:33:339  磁钢信号预处理完成，位置标记：0
2020-12-27 15:59:33:354  温度分轮成功，分轮数尺度为：48
2020-12-27 15:59:33:368  轴承端盖温度特征值计算完成, 位置标记：0
2020-12-27 15:59:33:387  电机温度计算完成, 位置标记：0
2020-12-27 15:59:33:391  电机温度计算完成, 位置标记：0
2020-12-27 15:59:33:393  电机温度计算完成, 位置标记：0
2020-12-27 15:59:33:395  电机温度计算完成, 位置标记：0
2020-12-27 15:59:33:397  电机温度计算完成, 位置标记：0
2020-12-27 15:59:33:401  电机温度计算完成, 位置标记：0
2020-12-27 15:59:33:403  电机温度计算完成, 位置标记：0
2020-12-27 15:59:33:405  电机温度计算完成, 位置标记：0
2020-12-27 15:59:33:407  车速为：36.4276位置标记为：0
2020-12-27 15:59:33:443  振动分轮计算完成, 位置标记：0
2020-12-27 15:59:33:685  振动特征值计算完成, 位置标记：0
