2020-12-27 15:02:26:449  收到来车信号，流水号：20201227150226，所有设备开始采集
2020-12-27 15:02:26:507  开启A/D采集
2020-12-27 15:03:06:332  收到离车信号，流水号：20201227150226，线号：0，车号：0，主控端：0，所有设备停止采集
2020-12-27 15:03:06:334  收到停止采集命令，开始停止采集
2020-12-27 15:03:06:342  停止采集数据
2020-12-27 15:03:06:344  采集连接已断开
2020-12-27 15:03:06:346  开始数据分析和落盘
2020-12-27 15:03:14:153  vibration1完成落盘
2020-12-27 15:03:20:342  vibration2完成落盘
2020-12-27 15:03:26:766  vibration3完成落盘
2020-12-27 15:03:33:359  vibration4完成落盘
2020-12-27 15:03:39:802  vibration5完成落盘
2020-12-27 15:03:46:482  vibration6完成落盘
2020-12-27 15:03:52:842  vibration7完成落盘
2020-12-27 15:03:59:950  vibration8完成落盘
2020-12-27 15:04:06:362  magnetic1完成落盘
2020-12-27 15:04:13:039  magnetic2完成落盘
2020-12-27 15:04:20:089  magnetic3完成落盘
2020-12-27 15:04:26:888  magnetic4完成落盘
2020-12-27 15:04:32:287  temperate1完成落盘
2020-12-27 15:04:37:805  temperate2完成落盘
2020-12-27 15:04:43:643  temperate3完成落盘
2020-12-27 15:04:50:039  temperate4完成落盘
2020-12-27 15:04:50:049  开始处理数据
2020-12-27 15:04:50:593  右侧计算完成
2020-12-27 15:04:50:937  左侧计算完成
2020-12-27 15:04:50:939  检查结果数据
2020-12-27 15:04:50:941  通知桌面显示数据
2020-12-27 15:04:50:957  开始写入数据库
2020-12-27 15:04:50:973  预警及报警参数加载完成
2020-12-27 15:04:50:975  数据库打开成功
2020-12-27 15:04:50:977  train_info数据表写入成功
2020-12-27 15:04:50:979  train_onlyid读取成功
2020-12-27 15:04:50:983  train_data数据表写入成功
2020-12-27 15:04:50:987  train_fault数据表写入1、1成功
2020-12-27 15:04:50:989  train_fault数据表写入2、1成功
2020-12-27 15:04:50:991  train_fault数据表写入3、1成功
2020-12-27 15:04:50:995  vt_info数据表，第0次写入成功
2020-12-27 15:04:50:999  vt_info数据表，第1次写入成功
2020-12-27 15:04:51:003  vt_info数据表，第2次写入成功
2020-12-27 15:04:51:007  vt_info数据表，第3次写入成功
2020-12-27 15:04:51:009  vt_info数据表，第4次写入成功
2020-12-27 15:04:51:013  vt_info数据表，第5次写入成功
2020-12-27 15:04:51:017  vt_info数据表，第6次写入成功
2020-12-27 15:04:51:021  vt_info数据表，第7次写入成功
2020-12-27 15:04:51:025  vt_info数据表，第8次写入成功
2020-12-27 15:04:51:027  vt_info数据表，第9次写入成功
2020-12-27 15:04:51:031  vt_info数据表，第10次写入成功
2020-12-27 15:04:51:035  vt_info数据表，第11次写入成功
2020-12-27 15:04:51:039  vt_info数据表，第12次写入成功
2020-12-27 15:04:51:043  vt_info数据表，第13次写入成功
2020-12-27 15:04:51:045  vt_info数据表，第14次写入成功
2020-12-27 15:04:51:049  vt_info数据表，第15次写入成功
2020-12-27 15:04:51:053  vt_info数据表，第16次写入成功
2020-12-27 15:04:51:057  vt_info数据表，第17次写入成功
2020-12-27 15:04:51:061  vt_info数据表，第18次写入成功
2020-12-27 15:04:51:063  vt_info数据表，第19次写入成功
2020-12-27 15:04:51:067  vt_info数据表，第20次写入成功
2020-12-27 15:04:51:071  vt_info数据表，第21次写入成功
2020-12-27 15:04:51:075  vt_info数据表，第22次写入成功
2020-12-27 15:04:51:079  vt_info数据表，第23次写入成功
2020-12-27 15:04:51:083  vt_info数据表，第24次写入成功
2020-12-27 15:04:51:087  vt_info数据表，第25次写入成功
2020-12-27 15:04:51:089  vt_info数据表，第26次写入成功
2020-12-27 15:04:51:093  vt_info数据表，第27次写入成功
2020-12-27 15:04:51:097  vt_info数据表，第28次写入成功
2020-12-27 15:04:51:101  vt_info数据表，第29次写入成功
2020-12-27 15:04:51:105  vt_info数据表，第30次写入成功
2020-12-27 15:04:51:107  vt_info数据表，第31次写入成功
2020-12-27 15:04:51:111  vt_info数据表，第32次写入成功
2020-12-27 15:04:51:115  vt_info数据表，第33次写入成功
2020-12-27 15:04:51:119  vt_info数据表，第34次写入成功
2020-12-27 15:04:51:123  vt_info数据表，第35次写入成功
2020-12-27 15:04:51:125  vt_info数据表，第36次写入成功
2020-12-27 15:04:51:129  vt_info数据表，第37次写入成功
2020-12-27 15:04:51:133  vt_info数据表，第38次写入成功
2020-12-27 15:04:51:137  vt_info数据表，第39次写入成功
2020-12-27 15:04:51:141  vt_info数据表，第40次写入成功
2020-12-27 15:04:51:145  vt_info数据表，第41次写入成功
2020-12-27 15:04:51:149  vt_info数据表，第42次写入成功
2020-12-27 15:04:51:151  vt_info数据表，第43次写入成功
2020-12-27 15:04:51:155  vt_info数据表，第44次写入成功
2020-12-27 15:04:51:159  vt_info数据表，第45次写入成功
2020-12-27 15:04:51:163  vt_info数据表，第46次写入成功
2020-12-27 15:04:51:167  vt_info数据表，第47次写入成功
2020-12-27 15:04:51:169  motor_info数据表，第0次写入成功
2020-12-27 15:04:51:171  motor_info数据表，第1次写入成功
2020-12-27 15:04:51:175  motor_info数据表，第2次写入成功
2020-12-27 15:04:51:177  motor_info数据表，第3次写入成功
2020-12-27 15:04:51:179  motor_info数据表，第4次写入成功
2020-12-27 15:04:51:183  motor_info数据表，第5次写入成功
2020-12-27 15:04:51:185  motor_info数据表，第6次写入成功
2020-12-27 15:04:51:187  motor_info数据表，第7次写入成功
2020-12-27 15:04:51:191  motor_info数据表，第8次写入成功
2020-12-27 15:04:51:193  motor_info数据表，第9次写入成功
2020-12-27 15:04:51:195  motor_info数据表，第10次写入成功
2020-12-27 15:04:51:199  motor_info数据表，第11次写入成功
2020-12-27 15:04:51:201  motor_info数据表，第12次写入成功
2020-12-27 15:04:51:203  motor_info数据表，第13次写入成功
2020-12-27 15:04:51:207  motor_info数据表，第14次写入成功
2020-12-27 15:04:51:225  motor_info数据表，第15次写入成功
2020-12-27 15:04:51:227  数据库关闭！
2020-12-27 15:13:21:040  收到来车信号，流水号：20201227151321，所有设备开始采集
2020-12-27 15:13:21:098  开启A/D采集
2020-12-27 15:14:00:862  收到离车信号，流水号：20201227151321，线号：0，车号：0，主控端：0，所有设备停止采集
2020-12-27 15:14:00:864  收到停止采集命令，开始停止采集
2020-12-27 15:14:00:870  停止采集数据
2020-12-27 15:14:00:872  采集连接已断开
2020-12-27 15:14:00:874  开始数据分析和落盘
2020-12-27 15:14:08:027  vibration1完成落盘
2020-12-27 15:14:13:757  vibration2完成落盘
2020-12-27 15:14:19:763  vibration3完成落盘
2020-12-27 15:14:25:999  vibration4完成落盘
2020-12-27 15:14:31:766  vibration5完成落盘
2020-12-27 15:14:37:665  vibration6完成落盘
2020-12-27 15:14:43:466  vibration7完成落盘
2020-12-27 15:14:49:085  vibration8完成落盘
2020-12-27 15:14:55:072  magnetic1完成落盘
2020-12-27 15:15:00:620  magnetic2完成落盘
2020-12-27 15:15:06:350  magnetic3完成落盘
2020-12-27 15:15:12:204  magnetic4完成落盘
2020-12-27 15:15:18:254  temperate1完成落盘
2020-12-27 15:15:23:896  temperate2完成落盘
2020-12-27 15:15:29:793  temperate3完成落盘
2020-12-27 15:15:35:316  temperate4完成落盘
2020-12-27 15:15:35:324  开始处理数据
2020-12-27 15:15:35:789  右侧计算完成
2020-12-27 15:15:36:081  左侧计算完成
2020-12-27 15:15:36:083  检查结果数据
2020-12-27 15:15:36:085  通知桌面显示数据
2020-12-27 15:15:36:099  开始写入数据库
2020-12-27 15:15:36:113  预警及报警参数加载完成
2020-12-27 15:15:36:115  数据库打开成功
2020-12-27 15:15:36:117  train_info数据表写入成功
2020-12-27 15:15:36:119  train_onlyid读取成功
2020-12-27 15:15:36:123  train_data数据表写入成功
2020-12-27 15:15:36:125  train_fault数据表写入1、1成功
2020-12-27 15:15:36:127  train_fault数据表写入2、1成功
2020-12-27 15:15:36:129  train_fault数据表写入3、1成功
2020-12-27 15:15:36:133  vt_info数据表，第0次写入成功
2020-12-27 15:15:36:137  vt_info数据表，第1次写入成功
2020-12-27 15:15:36:141  vt_info数据表，第2次写入成功
2020-12-27 15:15:36:145  vt_info数据表，第3次写入成功
2020-12-27 15:15:36:147  vt_info数据表，第4次写入成功
2020-12-27 15:15:36:151  vt_info数据表，第5次写入成功
2020-12-27 15:15:36:155  vt_info数据表，第6次写入成功
2020-12-27 15:15:36:159  vt_info数据表，第7次写入成功
2020-12-27 15:15:36:163  vt_info数据表，第8次写入成功
2020-12-27 15:15:36:165  vt_info数据表，第9次写入成功
2020-12-27 15:15:36:169  vt_info数据表，第10次写入成功
2020-12-27 15:15:36:173  vt_info数据表，第11次写入成功
2020-12-27 15:15:36:177  vt_info数据表，第12次写入成功
2020-12-27 15:15:36:181  vt_info数据表，第13次写入成功
2020-12-27 15:15:36:185  vt_info数据表，第14次写入成功
2020-12-27 15:15:36:189  vt_info数据表，第15次写入成功
2020-12-27 15:15:36:191  vt_info数据表，第16次写入成功
2020-12-27 15:15:36:195  vt_info数据表，第17次写入成功
2020-12-27 15:15:36:199  vt_info数据表，第18次写入成功
2020-12-27 15:15:36:203  vt_info数据表，第19次写入成功
2020-12-27 15:15:36:207  vt_info数据表，第20次写入成功
2020-12-27 15:15:36:211  vt_info数据表，第21次写入成功
2020-12-27 15:15:36:213  vt_info数据表，第22次写入成功
2020-12-27 15:15:36:217  vt_info数据表，第23次写入成功
2020-12-27 15:15:36:221  vt_info数据表，第24次写入成功
2020-12-27 15:15:36:225  vt_info数据表，第25次写入成功
2020-12-27 15:15:36:229  vt_info数据表，第26次写入成功
2020-12-27 15:15:36:231  vt_info数据表，第27次写入成功
2020-12-27 15:15:36:235  vt_info数据表，第28次写入成功
2020-12-27 15:15:36:239  vt_info数据表，第29次写入成功
2020-12-27 15:15:36:243  vt_info数据表，第30次写入成功
2020-12-27 15:15:36:247  vt_info数据表，第31次写入成功
2020-12-27 15:15:36:249  vt_info数据表，第32次写入成功
2020-12-27 15:15:36:253  vt_info数据表，第33次写入成功
2020-12-27 15:15:36:257  vt_info数据表，第34次写入成功
2020-12-27 15:15:36:261  vt_info数据表，第35次写入成功
2020-12-27 15:15:36:265  vt_info数据表，第36次写入成功
2020-12-27 15:15:36:269  vt_info数据表，第37次写入成功
2020-12-27 15:15:36:273  vt_info数据表，第38次写入成功
2020-12-27 15:15:36:275  vt_info数据表，第39次写入成功
2020-12-27 15:15:36:279  vt_info数据表，第40次写入成功
2020-12-27 15:15:36:283  vt_info数据表，第41次写入成功
2020-12-27 15:15:36:287  vt_info数据表，第42次写入成功
2020-12-27 15:15:36:291  vt_info数据表，第43次写入成功
2020-12-27 15:15:36:295  vt_info数据表，第44次写入成功
2020-12-27 15:15:36:297  vt_info数据表，第45次写入成功
2020-12-27 15:15:36:301  vt_info数据表，第46次写入成功
2020-12-27 15:15:36:305  vt_info数据表，第47次写入成功
2020-12-27 15:15:36:307  motor_info数据表，第0次写入成功
2020-12-27 15:15:36:311  motor_info数据表，第1次写入成功
2020-12-27 15:15:36:313  motor_info数据表，第2次写入成功
2020-12-27 15:15:36:317  motor_info数据表，第3次写入成功
2020-12-27 15:15:36:319  motor_info数据表，第4次写入成功
2020-12-27 15:15:36:321  motor_info数据表，第5次写入成功
2020-12-27 15:15:36:325  motor_info数据表，第6次写入成功
2020-12-27 15:15:36:327  motor_info数据表，第7次写入成功
2020-12-27 15:15:36:329  motor_info数据表，第8次写入成功
2020-12-27 15:15:36:333  motor_info数据表，第9次写入成功
2020-12-27 15:15:36:335  motor_info数据表，第10次写入成功
2020-12-27 15:15:36:339  motor_info数据表，第11次写入成功
2020-12-27 15:15:36:341  motor_info数据表，第12次写入成功
2020-12-27 15:15:36:343  motor_info数据表，第13次写入成功
2020-12-27 15:15:36:347  motor_info数据表，第14次写入成功
2020-12-27 15:15:36:367  motor_info数据表，第15次写入成功
2020-12-27 15:15:36:369  数据库关闭！
2020-12-27 15:24:16:251  收到来车信号，流水号：20201227152416，所有设备开始采集
2020-12-27 15:24:16:307  开启A/D采集
2020-12-27 15:24:56:191  收到离车信号，流水号：20201227152416，线号：0，车号：0，主控端：0，所有设备停止采集
2020-12-27 15:24:56:193  收到停止采集命令，开始停止采集
2020-12-27 15:24:56:197  停止采集数据
2020-12-27 15:24:56:199  采集连接已断开
2020-12-27 15:24:56:201  开始数据分析和落盘
2020-12-27 15:25:03:954  vibration1完成落盘
2020-12-27 15:25:10:395  vibration2完成落盘
2020-12-27 15:25:16:486  vibration3完成落盘
2020-12-27 15:25:23:024  vibration4完成落盘
2020-12-27 15:25:29:624  vibration5完成落盘
2020-12-27 15:25:36:120  vibration6完成落盘
2020-12-27 15:25:42:318  vibration7完成落盘
2020-12-27 15:25:48:166  vibration8完成落盘
2020-12-27 15:25:54:517  magnetic1完成落盘
2020-12-27 15:26:01:239  magnetic2完成落盘
2020-12-27 15:26:07:502  magnetic3完成落盘
2020-12-27 15:26:13:832  magnetic4完成落盘
2020-12-27 15:26:19:991  temperate1完成落盘
2020-12-27 15:26:25:964  temperate2完成落盘
2020-12-27 15:26:32:028  temperate3完成落盘
2020-12-27 15:26:38:322  temperate4完成落盘
2020-12-27 15:26:38:332  开始处理数据
2020-12-27 15:26:38:886  右侧计算完成
2020-12-27 15:26:39:216  左侧计算完成
2020-12-27 15:26:39:218  检查结果数据
2020-12-27 15:26:39:220  通知桌面显示数据
2020-12-27 15:26:39:232  开始写入数据库
2020-12-27 15:26:39:252  预警及报警参数加载完成
2020-12-27 15:26:39:254  数据库打开成功
2020-12-27 15:26:39:254  train_info数据表写入成功
2020-12-27 15:26:39:258  train_onlyid读取成功
2020-12-27 15:26:39:262  train_data数据表写入成功
2020-12-27 15:26:39:264  train_fault数据表写入1、1成功
2020-12-27 15:26:39:266  train_fault数据表写入2、1成功
2020-12-27 15:26:39:268  train_fault数据表写入3、1成功
2020-12-27 15:26:39:272  vt_info数据表，第0次写入成功
2020-12-27 15:26:39:276  vt_info数据表，第1次写入成功
2020-12-27 15:26:39:280  vt_info数据表，第2次写入成功
2020-12-27 15:26:39:284  vt_info数据表，第3次写入成功
2020-12-27 15:26:39:286  vt_info数据表，第4次写入成功
2020-12-27 15:26:39:290  vt_info数据表，第5次写入成功
2020-12-27 15:26:39:294  vt_info数据表，第6次写入成功
2020-12-27 15:26:39:298  vt_info数据表，第7次写入成功
2020-12-27 15:26:39:302  vt_info数据表，第8次写入成功
2020-12-27 15:26:39:304  vt_info数据表，第9次写入成功
2020-12-27 15:26:39:308  vt_info数据表，第10次写入成功
2020-12-27 15:26:39:313  vt_info数据表，第11次写入成功
2020-12-27 15:26:39:316  vt_info数据表，第12次写入成功
2020-12-27 15:26:39:320  vt_info数据表，第13次写入成功
2020-12-27 15:26:39:325  vt_info数据表，第14次写入成功
2020-12-27 15:26:39:329  vt_info数据表，第15次写入成功
2020-12-27 15:26:39:330  vt_info数据表，第16次写入成功
2020-12-27 15:26:39:334  vt_info数据表，第17次写入成功
2020-12-27 15:26:39:339  vt_info数据表，第18次写入成功
2020-12-27 15:26:39:343  vt_info数据表，第19次写入成功
2020-12-27 15:26:39:346  vt_info数据表，第20次写入成功
2020-12-27 15:26:39:351  vt_info数据表，第21次写入成功
2020-12-27 15:26:39:355  vt_info数据表，第22次写入成功
2020-12-27 15:26:39:356  vt_info数据表，第23次写入成功
2020-12-27 15:26:39:361  vt_info数据表，第24次写入成功
2020-12-27 15:26:39:365  vt_info数据表，第25次写入成功
2020-12-27 15:26:39:369  vt_info数据表，第26次写入成功
2020-12-27 15:26:39:372  vt_info数据表，第27次写入成功
2020-12-27 15:26:39:377  vt_info数据表，第28次写入成功
2020-12-27 15:26:39:378  vt_info数据表，第29次写入成功
2020-12-27 15:26:39:382  vt_info数据表，第30次写入成功
2020-12-27 15:26:39:386  vt_info数据表，第31次写入成功
2020-12-27 15:26:39:391  vt_info数据表，第32次写入成功
2020-12-27 15:26:39:395  vt_info数据表，第33次写入成功
2020-12-27 15:26:39:399  vt_info数据表，第34次写入成功
2020-12-27 15:26:39:403  vt_info数据表，第35次写入成功
2020-12-27 15:26:39:404  vt_info数据表，第36次写入成功
2020-12-27 15:26:39:408  vt_info数据表，第37次写入成功
2020-12-27 15:26:39:413  vt_info数据表，第38次写入成功
2020-12-27 15:26:39:416  vt_info数据表，第39次写入成功
2020-12-27 15:26:39:421  vt_info数据表，第40次写入成功
2020-12-27 15:26:39:425  vt_info数据表，第41次写入成功
2020-12-27 15:26:39:426  vt_info数据表，第42次写入成功
2020-12-27 15:26:39:430  vt_info数据表，第43次写入成功
2020-12-27 15:26:39:435  vt_info数据表，第44次写入成功
2020-12-27 15:26:39:438  vt_info数据表，第45次写入成功
2020-12-27 15:26:39:443  vt_info数据表，第46次写入成功
2020-12-27 15:26:39:447  vt_info数据表，第47次写入成功
2020-12-27 15:26:39:449  motor_info数据表，第0次写入成功
2020-12-27 15:26:39:450  motor_info数据表，第1次写入成功
2020-12-27 15:26:39:455  motor_info数据表，第2次写入成功
2020-12-27 15:26:39:456  motor_info数据表，第3次写入成功
2020-12-27 15:26:39:459  motor_info数据表，第4次写入成功
2020-12-27 15:26:39:463  motor_info数据表，第5次写入成功
2020-12-27 15:26:39:465  motor_info数据表，第6次写入成功
2020-12-27 15:26:39:467  motor_info数据表，第7次写入成功
2020-12-27 15:26:39:471  motor_info数据表，第8次写入成功
2020-12-27 15:26:39:473  motor_info数据表，第9次写入成功
2020-12-27 15:26:39:477  motor_info数据表，第10次写入成功
2020-12-27 15:26:39:479  motor_info数据表，第11次写入成功
2020-12-27 15:26:39:481  motor_info数据表，第12次写入成功
2020-12-27 15:26:39:485  motor_info数据表，第13次写入成功
2020-12-27 15:26:39:487  motor_info数据表，第14次写入成功
2020-12-27 15:26:39:507  motor_info数据表，第15次写入成功
2020-12-27 15:26:39:509  数据库关闭！
2020-12-27 15:29:43:454  收到来车信号，流水号：20201227152943，所有设备开始采集
2020-12-27 15:29:43:512  开启A/D采集
2020-12-27 15:30:23:308  收到离车信号，流水号：20201227152943，线号：0，车号：0，主控端：0，所有设备停止采集
2020-12-27 15:30:23:310  收到停止采集命令，开始停止采集
2020-12-27 15:30:23:314  停止采集数据
2020-12-27 15:30:23:316  采集连接已断开
2020-12-27 15:30:23:318  开始数据分析和落盘
2020-12-27 15:30:30:960  vibration1完成落盘
2020-12-27 15:30:37:632  vibration2完成落盘
2020-12-27 15:30:43:982  vibration3完成落盘
2020-12-27 15:30:50:458  vibration4完成落盘
2020-12-27 15:30:56:908  vibration5完成落盘
2020-12-27 15:31:02:788  vibration6完成落盘
2020-12-27 15:31:08:901  vibration7完成落盘
2020-12-27 15:31:15:314  vibration8完成落盘
2020-12-27 15:31:21:150  magnetic1完成落盘
2020-12-27 15:31:27:416  magnetic2完成落盘
2020-12-27 15:31:34:016  magnetic3完成落盘
2020-12-27 15:31:40:032  magnetic4完成落盘
2020-12-27 15:31:45:964  temperate1完成落盘
2020-12-27 15:31:52:244  temperate2完成落盘
2020-12-27 15:31:58:487  temperate3完成落盘
2020-12-27 15:32:04:709  temperate4完成落盘
2020-12-27 15:32:04:719  开始处理数据
2020-12-27 15:32:05:255  右侧计算完成
2020-12-27 15:32:05:579  左侧计算完成
2020-12-27 15:32:05:581  检查结果数据
2020-12-27 15:32:05:583  通知桌面显示数据
2020-12-27 15:32:05:597  开始写入数据库
2020-12-27 15:32:05:613  预警及报警参数加载完成
2020-12-27 15:32:05:615  数据库打开成功
2020-12-27 15:32:05:617  train_info数据表写入成功
2020-12-27 15:32:05:619  train_onlyid读取成功
2020-12-27 15:32:05:623  train_data数据表写入成功
2020-12-27 15:32:05:625  train_fault数据表写入1、1成功
2020-12-27 15:32:05:627  train_fault数据表写入2、1成功
2020-12-27 15:32:05:629  train_fault数据表写入3、1成功
2020-12-27 15:32:05:633  vt_info数据表，第0次写入成功
2020-12-27 15:32:05:637  vt_info数据表，第1次写入成功
2020-12-27 15:32:05:641  vt_info数据表，第2次写入成功
2020-12-27 15:32:05:643  vt_info数据表，第3次写入成功
2020-12-27 15:32:05:647  vt_info数据表，第4次写入成功
2020-12-27 15:32:05:652  vt_info数据表，第5次写入成功
2020-12-27 15:32:05:655  vt_info数据表，第6次写入成功
2020-12-27 15:32:05:659  vt_info数据表，第7次写入成功
2020-12-27 15:32:05:663  vt_info数据表，第8次写入成功
2020-12-27 15:32:05:666  vt_info数据表，第9次写入成功
2020-12-27 15:32:05:670  vt_info数据表，第10次写入成功
2020-12-27 15:32:05:674  vt_info数据表，第11次写入成功
2020-12-27 15:32:05:677  vt_info数据表，第12次写入成功
2020-12-27 15:32:05:681  vt_info数据表，第13次写入成功
2020-12-27 15:32:05:685  vt_info数据表，第14次写入成功
2020-12-27 15:32:05:688  vt_info数据表，第15次写入成功
2020-12-27 15:32:05:692  vt_info数据表，第16次写入成功
2020-12-27 15:32:05:696  vt_info数据表，第17次写入成功
2020-12-27 15:32:05:700  vt_info数据表，第18次写入成功
2020-12-27 15:32:05:703  vt_info数据表，第19次写入成功
2020-12-27 15:32:05:707  vt_info数据表，第20次写入成功
2020-12-27 15:32:05:709  vt_info数据表，第21次写入成功
2020-12-27 15:32:05:713  vt_info数据表，第22次写入成功
2020-12-27 15:32:05:717  vt_info数据表，第23次写入成功
2020-12-27 15:32:05:721  vt_info数据表，第24次写入成功
2020-12-27 15:32:05:725  vt_info数据表，第25次写入成功
2020-12-27 15:32:05:729  vt_info数据表，第26次写入成功
2020-12-27 15:32:05:731  vt_info数据表，第27次写入成功
2020-12-27 15:32:05:735  vt_info数据表，第28次写入成功
2020-12-27 15:32:05:739  vt_info数据表，第29次写入成功
2020-12-27 15:32:05:743  vt_info数据表，第30次写入成功
2020-12-27 15:32:05:747  vt_info数据表，第31次写入成功
2020-12-27 15:32:05:751  vt_info数据表，第32次写入成功
2020-12-27 15:32:05:753  vt_info数据表，第33次写入成功
2020-12-27 15:32:05:757  vt_info数据表，第34次写入成功
2020-12-27 15:32:05:761  vt_info数据表，第35次写入成功
2020-12-27 15:32:05:765  vt_info数据表，第36次写入成功
2020-12-27 15:32:05:769  vt_info数据表，第37次写入成功
2020-12-27 15:32:05:773  vt_info数据表，第38次写入成功
2020-12-27 15:32:05:775  vt_info数据表，第39次写入成功
2020-12-27 15:32:05:779  vt_info数据表，第40次写入成功
2020-12-27 15:32:05:783  vt_info数据表，第41次写入成功
2020-12-27 15:32:05:787  vt_info数据表，第42次写入成功
2020-12-27 15:32:05:791  vt_info数据表，第43次写入成功
2020-12-27 15:32:05:795  vt_info数据表，第44次写入成功
2020-12-27 15:32:05:799  vt_info数据表，第45次写入成功
2020-12-27 15:32:05:801  vt_info数据表，第46次写入成功
2020-12-27 15:32:05:805  vt_info数据表，第47次写入成功
2020-12-27 15:32:05:809  motor_info数据表，第0次写入成功
2020-12-27 15:32:05:811  motor_info数据表，第1次写入成功
2020-12-27 15:32:05:815  motor_info数据表，第2次写入成功
2020-12-27 15:32:05:817  motor_info数据表，第3次写入成功
2020-12-27 15:32:05:819  motor_info数据表，第4次写入成功
2020-12-27 15:32:05:821  motor_info数据表，第5次写入成功
2020-12-27 15:32:05:825  motor_info数据表，第6次写入成功
2020-12-27 15:32:05:827  motor_info数据表，第7次写入成功
2020-12-27 15:32:05:829  motor_info数据表，第8次写入成功
2020-12-27 15:32:05:833  motor_info数据表，第9次写入成功
2020-12-27 15:32:05:835  motor_info数据表，第10次写入成功
2020-12-27 15:32:05:839  motor_info数据表，第11次写入成功
2020-12-27 15:32:05:841  motor_info数据表，第12次写入成功
2020-12-27 15:32:05:843  motor_info数据表，第13次写入成功
2020-12-27 15:32:05:847  motor_info数据表，第14次写入成功
2020-12-27 15:32:05:867  motor_info数据表，第15次写入成功
2020-12-27 15:32:05:869  数据库关闭！
2020-12-27 15:40:42:698  收到来车信号，流水号：20201227154042，所有设备开始采集
2020-12-27 15:40:42:754  开启A/D采集
2020-12-27 15:41:22:437  收到离车信号，流水号：20201227154042，线号：0，车号：0，主控端：0，所有设备停止采集
2020-12-27 15:41:22:439  收到停止采集命令，开始停止采集
2020-12-27 15:41:22:447  停止采集数据
2020-12-27 15:41:22:449  采集连接已断开
2020-12-27 15:41:22:451  开始数据分析和落盘
2020-12-27 15:41:30:437  vibration1完成落盘
2020-12-27 15:41:37:929  vibration2完成落盘
2020-12-27 15:41:44:871  vibration3完成落盘
2020-12-27 15:41:51:769  vibration4完成落盘
2020-12-27 15:41:58:716  vibration5完成落盘
2020-12-27 15:42:05:418  vibration6完成落盘
2020-12-27 15:42:12:301  vibration7完成落盘
2020-12-27 15:42:19:243  vibration8完成落盘
2020-12-27 15:42:26:249  magnetic1完成落盘
2020-12-27 15:42:33:333  magnetic2完成落盘
2020-12-27 15:42:40:117  magnetic3完成落盘
2020-12-27 15:42:46:833  magnetic4完成落盘
2020-12-27 15:42:53:629  temperate1完成落盘
2020-12-27 15:42:59:986  temperate2完成落盘
2020-12-27 15:43:06:806  temperate3完成落盘
2020-12-27 15:43:13:596  temperate4完成落盘
2020-12-27 15:43:13:608  开始处理数据
2020-12-27 15:43:14:266  右侧计算完成
2020-12-27 15:43:14:705  左侧计算完成
2020-12-27 15:43:14:707  检查结果数据
2020-12-27 15:43:14:709  通知桌面显示数据
2020-12-27 15:43:14:725  开始写入数据库
2020-12-27 15:43:14:753  预警及报警参数加载完成
2020-12-27 15:43:14:755  数据库打开成功
2020-12-27 15:43:14:757  train_info数据表写入成功
2020-12-27 15:43:14:759  train_onlyid读取成功
2020-12-27 15:43:14:761  train_data数据表写入成功
2020-12-27 15:43:14:937  train_fault数据表写入1、1成功
2020-12-27 15:43:14:939  train_fault数据表写入2、1成功
2020-12-27 15:43:14:941  train_fault数据表写入3、1成功
2020-12-27 15:43:14:943  vt_info数据表，第0次写入成功
2020-12-27 15:43:14:945  vt_info数据表，第1次写入成功
2020-12-27 15:43:14:947  vt_info数据表，第2次写入成功
2020-12-27 15:43:14:949  vt_info数据表，第3次写入成功
2020-12-27 15:43:14:951  vt_info数据表，第4次写入成功
2020-12-27 15:43:14:953  vt_info数据表，第5次写入成功
2020-12-27 15:43:14:955  vt_info数据表，第6次写入成功
2020-12-27 15:43:14:957  vt_info数据表，第7次写入成功
2020-12-27 15:43:14:959  vt_info数据表，第8次写入成功
2020-12-27 15:43:14:961  vt_info数据表，第9次写入成功
2020-12-27 15:43:14:963  vt_info数据表，第10次写入成功
2020-12-27 15:43:14:969  vt_info数据表，第11次写入成功
2020-12-27 15:43:14:971  vt_info数据表，第12次写入成功
2020-12-27 15:43:14:973  vt_info数据表，第13次写入成功
2020-12-27 15:43:14:975  vt_info数据表，第14次写入成功
2020-12-27 15:43:14:977  vt_info数据表，第15次写入成功
2020-12-27 15:43:14:979  vt_info数据表，第16次写入成功
2020-12-27 15:43:14:981  vt_info数据表，第17次写入成功
2020-12-27 15:43:14:983  vt_info数据表，第18次写入成功
2020-12-27 15:43:15:017  vt_info数据表，第19次写入成功
2020-12-27 15:43:15:019  vt_info数据表，第20次写入成功
2020-12-27 15:43:15:021  vt_info数据表，第21次写入成功
2020-12-27 15:43:15:039  vt_info数据表，第22次写入成功
2020-12-27 15:43:15:041  vt_info数据表，第23次写入成功
2020-12-27 15:43:15:043  vt_info数据表，第24次写入成功
2020-12-27 15:43:15:045  vt_info数据表，第25次写入成功
2020-12-27 15:43:15:047  vt_info数据表，第26次写入成功
2020-12-27 15:43:15:049  vt_info数据表，第27次写入成功
2020-12-27 15:43:15:051  vt_info数据表，第28次写入成功
2020-12-27 15:43:15:053  vt_info数据表，第29次写入成功
2020-12-27 15:43:15:055  vt_info数据表，第30次写入成功
2020-12-27 15:43:15:057  vt_info数据表，第31次写入成功
2020-12-27 15:43:15:059  vt_info数据表，第32次写入成功
2020-12-27 15:43:15:061  vt_info数据表，第33次写入成功
2020-12-27 15:43:15:063  vt_info数据表，第34次写入成功
2020-12-27 15:43:15:065  vt_info数据表，第35次写入成功
2020-12-27 15:43:15:067  vt_info数据表，第36次写入成功
2020-12-27 15:43:15:069  vt_info数据表，第37次写入成功
2020-12-27 15:43:15:071  vt_info数据表，第38次写入成功
2020-12-27 15:43:15:073  vt_info数据表，第39次写入成功
2020-12-27 15:43:15:075  vt_info数据表，第40次写入成功
2020-12-27 15:43:15:077  vt_info数据表，第41次写入成功
2020-12-27 15:43:15:079  vt_info数据表，第42次写入成功
2020-12-27 15:43:15:081  vt_info数据表，第43次写入成功
2020-12-27 15:43:15:083  vt_info数据表，第44次写入成功
2020-12-27 15:43:15:085  vt_info数据表，第45次写入成功
2020-12-27 15:43:15:115  vt_info数据表，第46次写入成功
2020-12-27 15:43:15:117  vt_info数据表，第47次写入成功
2020-12-27 15:43:15:119  motor_info数据表，第0次写入成功
2020-12-27 15:43:15:121  motor_info数据表，第1次写入成功
2020-12-27 15:43:15:123  motor_info数据表，第2次写入成功
2020-12-27 15:43:15:125  motor_info数据表，第3次写入成功
2020-12-27 15:43:15:127  motor_info数据表，第4次写入成功
2020-12-27 15:43:15:129  motor_info数据表，第5次写入成功
2020-12-27 15:43:15:131  motor_info数据表，第6次写入成功
2020-12-27 15:43:15:133  motor_info数据表，第7次写入成功
2020-12-27 15:43:15:135  motor_info数据表，第8次写入成功
2020-12-27 15:43:15:137  motor_info数据表，第9次写入成功
2020-12-27 15:43:15:139  motor_info数据表，第10次写入成功
2020-12-27 15:43:15:141  motor_info数据表，第11次写入成功
2020-12-27 15:43:15:145  motor_info数据表，第12次写入成功
2020-12-27 15:43:15:147  motor_info数据表，第13次写入成功
2020-12-27 15:43:15:149  motor_info数据表，第14次写入成功
2020-12-27 15:43:15:151  motor_info数据表，第15次写入成功
2020-12-27 15:43:15:153  数据库关闭！
2020-12-27 15:46:02:286  收到来车信号，流水号：20201227154602，所有设备开始采集
2020-12-27 15:46:02:408  开启A/D采集
2020-12-27 15:46:42:099  收到离车信号，流水号：20201227154602，线号：0，车号：0，主控端：0，所有设备停止采集
2020-12-27 15:46:42:131  收到停止采集命令，开始停止采集
2020-12-27 15:46:42:195  停止采集数据
2020-12-27 15:46:42:197  采集连接已断开
2020-12-27 15:46:42:199  开始数据分析和落盘
2020-12-27 15:46:49:993  vibration1完成落盘
2020-12-27 15:46:56:398  vibration2完成落盘
2020-12-27 15:47:02:970  vibration3完成落盘
2020-12-27 15:47:09:840  vibration4完成落盘
2020-12-27 15:47:16:646  vibration5完成落盘
2020-12-27 15:47:23:396  vibration6完成落盘
2020-12-27 15:47:30:448  vibration7完成落盘
2020-12-27 15:47:37:492  vibration8完成落盘
2020-12-27 15:47:44:150  magnetic1完成落盘
2020-12-27 15:47:50:981  magnetic2完成落盘
2020-12-27 15:47:57:447  magnetic3完成落盘
2020-12-27 15:48:04:181  magnetic4完成落盘
2020-12-27 15:48:10:879  temperate1完成落盘
2020-12-27 15:48:16:900  temperate2完成落盘
2020-12-27 15:48:23:233  temperate3完成落盘
2020-12-27 15:48:29:454  temperate4完成落盘
2020-12-27 15:48:29:466  开始处理数据
2020-12-27 15:48:29:993  右侧计算完成
2020-12-27 15:48:30:379  左侧计算完成
2020-12-27 15:48:30:383  检查结果数据
2020-12-27 15:48:30:385  通知桌面显示数据
2020-12-27 15:48:30:399  开始写入数据库
2020-12-27 15:48:30:427  预警及报警参数加载完成
2020-12-27 15:48:30:429  数据库打开成功
2020-12-27 15:48:30:431  train_info数据表写入成功
2020-12-27 15:48:30:433  train_onlyid读取成功
2020-12-27 15:48:30:609  train_data数据表写入成功
2020-12-27 15:48:30:611  train_fault数据表写入1、1成功
2020-12-27 15:48:30:613  train_fault数据表写入2、1成功
2020-12-27 15:48:30:615  train_fault数据表写入3、1成功
2020-12-27 15:48:30:617  vt_info数据表，第0次写入成功
2020-12-27 15:48:30:619  vt_info数据表，第1次写入成功
2020-12-27 15:48:30:621  vt_info数据表，第2次写入成功
2020-12-27 15:48:30:623  vt_info数据表，第3次写入成功
2020-12-27 15:48:30:625  vt_info数据表，第4次写入成功
2020-12-27 15:48:30:627  vt_info数据表，第5次写入成功
2020-12-27 15:48:30:629  vt_info数据表，第6次写入成功
2020-12-27 15:48:30:633  vt_info数据表，第7次写入成功
2020-12-27 15:48:30:635  vt_info数据表，第8次写入成功
2020-12-27 15:48:30:639  vt_info数据表，第9次写入成功
2020-12-27 15:48:30:641  vt_info数据表，第10次写入成功
2020-12-27 15:48:30:643  vt_info数据表，第11次写入成功
2020-12-27 15:48:30:643  vt_info数据表，第12次写入成功
2020-12-27 15:48:30:645  vt_info数据表，第13次写入成功
2020-12-27 15:48:30:649  vt_info数据表，第14次写入成功
2020-12-27 15:48:30:651  vt_info数据表，第15次写入成功
2020-12-27 15:48:30:682  vt_info数据表，第16次写入成功
2020-12-27 15:48:30:683  vt_info数据表，第17次写入成功
2020-12-27 15:48:30:686  vt_info数据表，第18次写入成功
2020-12-27 15:48:30:687  vt_info数据表，第19次写入成功
2020-12-27 15:48:30:689  vt_info数据表，第20次写入成功
2020-12-27 15:48:30:691  vt_info数据表，第21次写入成功
2020-12-27 15:48:30:694  vt_info数据表，第22次写入成功
2020-12-27 15:48:30:695  vt_info数据表，第23次写入成功
2020-12-27 15:48:30:715  vt_info数据表，第24次写入成功
2020-12-27 15:48:30:718  vt_info数据表，第25次写入成功
2020-12-27 15:48:30:720  vt_info数据表，第26次写入成功
2020-12-27 15:48:30:721  vt_info数据表，第27次写入成功
2020-12-27 15:48:30:724  vt_info数据表，第28次写入成功
2020-12-27 15:48:30:726  vt_info数据表，第29次写入成功
2020-12-27 15:48:30:728  vt_info数据表，第30次写入成功
2020-12-27 15:48:30:730  vt_info数据表，第31次写入成功
2020-12-27 15:48:30:732  vt_info数据表，第32次写入成功
2020-12-27 15:48:30:734  vt_info数据表，第33次写入成功
2020-12-27 15:48:30:734  vt_info数据表，第34次写入成功
2020-12-27 15:48:30:736  vt_info数据表，第35次写入成功
2020-12-27 15:48:30:738  vt_info数据表，第36次写入成功
2020-12-27 15:48:30:740  vt_info数据表，第37次写入成功
2020-12-27 15:48:30:742  vt_info数据表，第38次写入成功
2020-12-27 15:48:30:744  vt_info数据表，第39次写入成功
2020-12-27 15:48:30:746  vt_info数据表，第40次写入成功
2020-12-27 15:48:30:748  vt_info数据表，第41次写入成功
2020-12-27 15:48:30:750  vt_info数据表，第42次写入成功
2020-12-27 15:48:30:752  vt_info数据表，第43次写入成功
2020-12-27 15:48:30:754  vt_info数据表，第44次写入成功
2020-12-27 15:48:30:784  vt_info数据表，第45次写入成功
2020-12-27 15:48:30:786  vt_info数据表，第46次写入成功
2020-12-27 15:48:30:788  vt_info数据表，第47次写入成功
2020-12-27 15:48:30:790  motor_info数据表，第0次写入成功
2020-12-27 15:48:30:792  motor_info数据表，第1次写入成功
2020-12-27 15:48:30:794  motor_info数据表，第2次写入成功
2020-12-27 15:48:30:796  motor_info数据表，第3次写入成功
2020-12-27 15:48:30:798  motor_info数据表，第4次写入成功
2020-12-27 15:48:30:800  motor_info数据表，第5次写入成功
2020-12-27 15:48:30:802  motor_info数据表，第6次写入成功
2020-12-27 15:48:30:804  motor_info数据表，第7次写入成功
2020-12-27 15:48:30:806  motor_info数据表，第8次写入成功
2020-12-27 15:48:30:810  motor_info数据表，第9次写入成功
2020-12-27 15:48:30:812  motor_info数据表，第10次写入成功
2020-12-27 15:48:30:814  motor_info数据表，第11次写入成功
2020-12-27 15:48:30:816  motor_info数据表，第12次写入成功
2020-12-27 15:48:30:818  motor_info数据表，第13次写入成功
2020-12-27 15:48:30:820  motor_info数据表，第14次写入成功
2020-12-27 15:48:30:822  motor_info数据表，第15次写入成功
2020-12-27 15:48:30:832  数据库关闭！
2020-12-27 15:51:38:092  收到来车信号，流水号：20201227155138，所有设备开始采集
2020-12-27 15:51:38:212  开启A/D采集
2020-12-27 15:52:17:914  收到离车信号，流水号：20201227155138，线号：0，车号：0，主控端：0，所有设备停止采集
2020-12-27 15:52:17:948  收到停止采集命令，开始停止采集
2020-12-27 15:52:17:984  停止采集数据
2020-12-27 15:52:17:986  采集连接已断开
2020-12-27 15:52:17:988  开始数据分析和落盘
2020-12-27 15:52:26:123  vibration1完成落盘
2020-12-27 15:52:32:926  vibration2完成落盘
2020-12-27 15:52:39:422  vibration3完成落盘
2020-12-27 15:52:46:315  vibration4完成落盘
2020-12-27 15:52:52:924  vibration5完成落盘
2020-12-27 15:52:59:561  vibration6完成落盘
2020-12-27 15:53:05:742  vibration7完成落盘
2020-12-27 15:53:12:601  vibration8完成落盘
2020-12-27 15:53:19:187  magnetic1完成落盘
2020-12-27 15:53:25:646  magnetic2完成落盘
2020-12-27 15:53:32:465  magnetic3完成落盘
2020-12-27 15:53:38:733  magnetic4完成落盘
2020-12-27 15:53:45:043  temperate1完成落盘
2020-12-27 15:53:51:071  temperate2完成落盘
2020-12-27 15:53:57:445  temperate3完成落盘
2020-12-27 15:54:03:654  temperate4完成落盘
2020-12-27 15:54:03:662  开始处理数据
2020-12-27 15:54:04:229  右侧计算完成
2020-12-27 15:54:04:567  左侧计算完成
2020-12-27 15:54:04:569  检查结果数据
2020-12-27 15:54:04:571  通知桌面显示数据
2020-12-27 15:54:04:587  开始写入数据库
2020-12-27 15:54:04:615  预警及报警参数加载完成
2020-12-27 15:54:04:617  数据库打开成功
2020-12-27 15:54:04:619  train_info数据表写入成功
2020-12-27 15:54:04:621  train_onlyid读取成功
2020-12-27 15:54:04:623  train_data数据表写入成功
2020-12-27 15:54:04:625  train_fault数据表写入1、1成功
2020-12-27 15:54:04:627  train_fault数据表写入2、1成功
2020-12-27 15:54:04:629  train_fault数据表写入3、1成功
2020-12-27 15:54:04:796  vt_info数据表，第0次写入成功
2020-12-27 15:54:04:798  vt_info数据表，第1次写入成功
2020-12-27 15:54:04:800  vt_info数据表，第2次写入成功
2020-12-27 15:54:04:802  vt_info数据表，第3次写入成功
2020-12-27 15:54:04:804  vt_info数据表，第4次写入成功
2020-12-27 15:54:04:806  vt_info数据表，第5次写入成功
2020-12-27 15:54:04:808  vt_info数据表，第6次写入成功
2020-12-27 15:54:04:810  vt_info数据表，第7次写入成功
2020-12-27 15:54:04:812  vt_info数据表，第8次写入成功
2020-12-27 15:54:04:814  vt_info数据表，第9次写入成功
2020-12-27 15:54:04:816  vt_info数据表，第10次写入成功
2020-12-27 15:54:04:818  vt_info数据表，第11次写入成功
2020-12-27 15:54:04:822  vt_info数据表，第12次写入成功
2020-12-27 15:54:04:824  vt_info数据表，第13次写入成功
2020-12-27 15:54:04:826  vt_info数据表，第14次写入成功
2020-12-27 15:54:04:828  vt_info数据表，第15次写入成功
2020-12-27 15:54:04:830  vt_info数据表，第16次写入成功
2020-12-27 15:54:04:832  vt_info数据表，第17次写入成功
2020-12-27 15:54:04:834  vt_info数据表，第18次写入成功
2020-12-27 15:54:04:836  vt_info数据表，第19次写入成功
2020-12-27 15:54:04:856  vt_info数据表，第20次写入成功
2020-12-27 15:54:04:858  vt_info数据表，第21次写入成功
2020-12-27 15:54:04:860  vt_info数据表，第22次写入成功
2020-12-27 15:54:04:862  vt_info数据表，第23次写入成功
2020-12-27 15:54:04:864  vt_info数据表，第24次写入成功
2020-12-27 15:54:04:866  vt_info数据表，第25次写入成功
2020-12-27 15:54:04:868  vt_info数据表，第26次写入成功
2020-12-27 15:54:04:870  vt_info数据表，第27次写入成功
2020-12-27 15:54:04:872  vt_info数据表，第28次写入成功
2020-12-27 15:54:04:874  vt_info数据表，第29次写入成功
2020-12-27 15:54:04:876  vt_info数据表，第30次写入成功
2020-12-27 15:54:04:876  vt_info数据表，第31次写入成功
2020-12-27 15:54:04:880  vt_info数据表，第32次写入成功
2020-12-27 15:54:04:882  vt_info数据表，第33次写入成功
2020-12-27 15:54:04:884  vt_info数据表，第34次写入成功
2020-12-27 15:54:04:886  vt_info数据表，第35次写入成功
2020-12-27 15:54:04:888  vt_info数据表，第36次写入成功
2020-12-27 15:54:04:888  vt_info数据表，第37次写入成功
2020-12-27 15:54:04:890  vt_info数据表，第38次写入成功
2020-12-27 15:54:04:892  vt_info数据表，第39次写入成功
2020-12-27 15:54:04:896  vt_info数据表，第40次写入成功
2020-12-27 15:54:04:898  vt_info数据表，第41次写入成功
2020-12-27 15:54:04:900  vt_info数据表，第42次写入成功
2020-12-27 15:54:04:902  vt_info数据表，第43次写入成功
2020-12-27 15:54:04:904  vt_info数据表，第44次写入成功
2020-12-27 15:54:04:906  vt_info数据表，第45次写入成功
2020-12-27 15:54:04:908  vt_info数据表，第46次写入成功
2020-12-27 15:54:04:910  vt_info数据表，第47次写入成功
2020-12-27 15:54:04:912  motor_info数据表，第0次写入成功
2020-12-27 15:54:04:914  motor_info数据表，第1次写入成功
2020-12-27 15:54:04:944  motor_info数据表，第2次写入成功
2020-12-27 15:54:04:946  motor_info数据表，第3次写入成功
2020-12-27 15:54:04:948  motor_info数据表，第4次写入成功
2020-12-27 15:54:04:950  motor_info数据表，第5次写入成功
2020-12-27 15:54:04:952  motor_info数据表，第6次写入成功
2020-12-27 15:54:04:954  motor_info数据表，第7次写入成功
2020-12-27 15:54:04:956  motor_info数据表，第8次写入成功
2020-12-27 15:54:04:958  motor_info数据表，第9次写入成功
2020-12-27 15:54:04:960  motor_info数据表，第10次写入成功
2020-12-27 15:54:04:962  motor_info数据表，第11次写入成功
2020-12-27 15:54:04:964  motor_info数据表，第12次写入成功
2020-12-27 15:54:04:966  motor_info数据表，第13次写入成功
2020-12-27 15:54:04:968  motor_info数据表，第14次写入成功
2020-12-27 15:54:04:970  motor_info数据表，第15次写入成功
2020-12-27 15:54:04:972  数据库关闭！
2020-12-27 15:57:03:477  收到来车信号，流水号：20201227155703，所有设备开始采集
2020-12-27 15:57:03:571  开启A/D采集
2020-12-27 15:57:43:331  收到离车信号，流水号：20201227155703，线号：0，车号：0，主控端：0，所有设备停止采集
2020-12-27 15:57:43:363  收到停止采集命令，开始停止采集
2020-12-27 15:57:43:399  停止采集数据
2020-12-27 15:57:43:401  采集连接已断开
2020-12-27 15:57:43:403  开始数据分析和落盘
2020-12-27 15:57:51:142  vibration1完成落盘
2020-12-27 15:57:58:006  vibration2完成落盘
2020-12-27 15:58:05:040  vibration3完成落盘
2020-12-27 15:58:11:822  vibration4完成落盘
2020-12-27 15:58:18:663  vibration5完成落盘
2020-12-27 15:58:25:137  vibration6完成落盘
2020-12-27 15:58:31:991  vibration7完成落盘
2020-12-27 15:58:38:580  vibration8完成落盘
2020-12-27 15:58:45:610  magnetic1完成落盘
2020-12-27 15:58:52:728  magnetic2完成落盘
2020-12-27 15:58:59:456  magnetic3完成落盘
2020-12-27 15:59:06:304  magnetic4完成落盘
2020-12-27 15:59:12:657  temperate1完成落盘
2020-12-27 15:59:19:449  temperate2完成落盘
2020-12-27 15:59:26:030  temperate3完成落盘
2020-12-27 15:59:32:722  temperate4完成落盘
2020-12-27 15:59:32:732  开始处理数据
2020-12-27 15:59:33:273  右侧计算完成
2020-12-27 15:59:33:687  左侧计算完成
2020-12-27 15:59:33:689  检查结果数据
2020-12-27 15:59:33:691  通知桌面显示数据
2020-12-27 15:59:33:706  开始写入数据库
2020-12-27 15:59:33:734  预警及报警参数加载完成
2020-12-27 15:59:33:736  数据库打开成功
2020-12-27 15:59:33:738  train_info数据表写入成功
2020-12-27 15:59:33:740  train_onlyid读取成功
2020-12-27 15:59:33:900  train_data数据表写入成功
2020-12-27 15:59:33:902  train_fault数据表写入1、1成功
2020-12-27 15:59:33:904  train_fault数据表写入2、1成功
2020-12-27 15:59:33:906  train_fault数据表写入3、1成功
2020-12-27 15:59:33:908  vt_info数据表，第0次写入成功
2020-12-27 15:59:33:910  vt_info数据表，第1次写入成功
2020-12-27 15:59:33:912  vt_info数据表，第2次写入成功
2020-12-27 15:59:33:914  vt_info数据表，第3次写入成功
2020-12-27 15:59:33:916  vt_info数据表，第4次写入成功
2020-12-27 15:59:33:918  vt_info数据表，第5次写入成功
2020-12-27 15:59:33:920  vt_info数据表，第6次写入成功
2020-12-27 15:59:33:922  vt_info数据表，第7次写入成功
2020-12-27 15:59:33:924  vt_info数据表，第8次写入成功
2020-12-27 15:59:33:926  vt_info数据表，第9次写入成功
2020-12-27 15:59:33:928  vt_info数据表，第10次写入成功
2020-12-27 15:59:33:930  vt_info数据表，第11次写入成功
2020-12-27 15:59:33:934  vt_info数据表，第12次写入成功
2020-12-27 15:59:33:936  vt_info数据表，第13次写入成功
2020-12-27 15:59:33:938  vt_info数据表，第14次写入成功
2020-12-27 15:59:33:940  vt_info数据表，第15次写入成功
2020-12-27 15:59:33:942  vt_info数据表，第16次写入成功
2020-12-27 15:59:33:944  vt_info数据表，第17次写入成功
2020-12-27 15:59:33:946  vt_info数据表，第18次写入成功
2020-12-27 15:59:33:948  vt_info数据表，第19次写入成功
2020-12-27 15:59:33:950  vt_info数据表，第20次写入成功
2020-12-27 15:59:33:952  vt_info数据表，第21次写入成功
2020-12-27 15:59:33:954  vt_info数据表，第22次写入成功
2020-12-27 15:59:33:956  vt_info数据表，第23次写入成功
2020-12-27 15:59:33:958  vt_info数据表，第24次写入成功
2020-12-27 15:59:33:960  vt_info数据表，第25次写入成功
2020-12-27 15:59:33:962  vt_info数据表，第26次写入成功
2020-12-27 15:59:33:964  vt_info数据表，第27次写入成功
2020-12-27 15:59:33:982  vt_info数据表，第28次写入成功
2020-12-27 15:59:33:984  vt_info数据表，第29次写入成功
2020-12-27 15:59:33:986  vt_info数据表，第30次写入成功
2020-12-27 15:59:33:988  vt_info数据表，第31次写入成功
2020-12-27 15:59:33:990  vt_info数据表，第32次写入成功
2020-12-27 15:59:33:992  vt_info数据表，第33次写入成功
2020-12-27 15:59:33:994  vt_info数据表，第34次写入成功
2020-12-27 15:59:33:996  vt_info数据表，第35次写入成功
2020-12-27 15:59:33:998  vt_info数据表，第36次写入成功
2020-12-27 15:59:34:000  vt_info数据表，第37次写入成功
2020-12-27 15:59:34:002  vt_info数据表，第38次写入成功
2020-12-27 15:59:34:004  vt_info数据表，第39次写入成功
2020-12-27 15:59:34:006  vt_info数据表，第40次写入成功
2020-12-27 15:59:34:008  vt_info数据表，第41次写入成功
2020-12-27 15:59:34:012  vt_info数据表，第42次写入成功
2020-12-27 15:59:34:040  vt_info数据表，第43次写入成功
2020-12-27 15:59:34:042  vt_info数据表，第44次写入成功
2020-12-27 15:59:34:044  vt_info数据表，第45次写入成功
2020-12-27 15:59:34:046  vt_info数据表，第46次写入成功
2020-12-27 15:59:34:048  vt_info数据表，第47次写入成功
2020-12-27 15:59:34:050  motor_info数据表，第0次写入成功
2020-12-27 15:59:34:052  motor_info数据表，第1次写入成功
2020-12-27 15:59:34:054  motor_info数据表，第2次写入成功
2020-12-27 15:59:34:056  motor_info数据表，第3次写入成功
2020-12-27 15:59:34:058  motor_info数据表，第4次写入成功
2020-12-27 15:59:34:060  motor_info数据表，第5次写入成功
2020-12-27 15:59:34:062  motor_info数据表，第6次写入成功
2020-12-27 15:59:34:064  motor_info数据表，第7次写入成功
2020-12-27 15:59:34:066  motor_info数据表，第8次写入成功
2020-12-27 15:59:34:070  motor_info数据表，第9次写入成功
2020-12-27 15:59:34:070  motor_info数据表，第10次写入成功
2020-12-27 15:59:34:074  motor_info数据表，第11次写入成功
2020-12-27 15:59:34:076  motor_info数据表，第12次写入成功
2020-12-27 15:59:34:078  motor_info数据表，第13次写入成功
2020-12-27 15:59:34:080  motor_info数据表，第14次写入成功
2020-12-27 15:59:34:082  motor_info数据表，第15次写入成功
2020-12-27 15:59:34:084  数据库关闭！
