2020-12-27 08:06:30:190  磁钢信号预处理完成，位置标记：1
2020-12-27 08:06:30:203  温度分轮成功，分轮数尺度为：48
2020-12-27 08:06:30:267  轴承端盖温度特征值计算完成, 位置标记：1
2020-12-27 08:06:30:328  电机温度计算完成, 位置标记：1
2020-12-27 08:06:30:331  电机温度计算完成, 位置标记：1
2020-12-27 08:06:30:334  电机温度计算完成, 位置标记：1
2020-12-27 08:06:30:337  电机温度计算完成, 位置标记：1
2020-12-27 08:06:30:340  电机温度计算完成, 位置标记：1
2020-12-27 08:06:30:343  电机温度计算完成, 位置标记：1
2020-12-27 08:06:30:346  电机温度计算完成, 位置标记：1
2020-12-27 08:06:30:349  电机温度计算完成, 位置标记：1
2020-12-27 08:06:30:350  车速为：36.9313位置标记为：1
2020-12-27 08:06:30:373  振动分轮计算完成, 位置标记：1
2020-12-27 08:06:30:630  振动特征值计算完成, 位置标记：1
2020-12-27 08:06:30:676  磁钢信号预处理完成，位置标记：0
2020-12-27 08:06:30:686  温度分轮成功，分轮数尺度为：48
2020-12-27 08:06:30:736  轴承端盖温度特征值计算完成, 位置标记：0
2020-12-27 08:06:30:783  电机温度计算完成, 位置标记：0
2020-12-27 08:06:30:786  电机温度计算完成, 位置标记：0
2020-12-27 08:06:30:789  电机温度计算完成, 位置标记：0
2020-12-27 08:06:30:791  电机温度计算完成, 位置标记：0
2020-12-27 08:06:30:793  电机温度计算完成, 位置标记：0
2020-12-27 08:06:30:795  电机温度计算完成, 位置标记：0
2020-12-27 08:06:30:797  电机温度计算完成, 位置标记：0
2020-12-27 08:06:30:799  电机温度计算完成, 位置标记：0
2020-12-27 08:06:30:801  车速为：36.9313位置标记为：0
2020-12-27 08:06:30:819  振动分轮计算完成, 位置标记：0
2020-12-27 08:06:31:023  振动特征值计算完成, 位置标记：0
2020-12-27 08:18:03:322  磁钢信号预处理完成，位置标记：1
2020-12-27 08:18:03:334  温度分轮成功，分轮数尺度为：48
2020-12-27 08:18:03:401  轴承端盖温度特征值计算完成, 位置标记：1
2020-12-27 08:18:03:465  电机温度计算完成, 位置标记：1
2020-12-27 08:18:03:469  电机温度计算完成, 位置标记：1
2020-12-27 08:18:03:472  电机温度计算完成, 位置标记：1
2020-12-27 08:18:03:475  电机温度计算完成, 位置标记：1
2020-12-27 08:18:03:478  电机温度计算完成, 位置标记：1
2020-12-27 08:18:03:480  电机温度计算完成, 位置标记：1
2020-12-27 08:18:03:483  电机温度计算完成, 位置标记：1
2020-12-27 08:18:03:485  电机温度计算完成, 位置标记：1
2020-12-27 08:18:03:487  车速为：36.5724位置标记为：1
2020-12-27 08:18:03:510  振动分轮计算完成, 位置标记：1
2020-12-27 08:18:03:747  振动特征值计算完成, 位置标记：1
2020-12-27 08:18:03:791  磁钢信号预处理完成，位置标记：0
2020-12-27 08:18:03:801  温度分轮成功，分轮数尺度为：48
2020-12-27 08:18:03:854  轴承端盖温度特征值计算完成, 位置标记：0
2020-12-27 08:18:03:916  电机温度计算完成, 位置标记：0
2020-12-27 08:18:03:920  电机温度计算完成, 位置标记：0
2020-12-27 08:18:03:923  电机温度计算完成, 位置标记：0
2020-12-27 08:18:03:926  电机温度计算完成, 位置标记：0
2020-12-27 08:18:03:929  电机温度计算完成, 位置标记：0
2020-12-27 08:18:03:931  电机温度计算完成, 位置标记：0
2020-12-27 08:18:03:934  电机温度计算完成, 位置标记：0
2020-12-27 08:18:03:937  电机温度计算完成, 位置标记：0
2020-12-27 08:18:03:938  车速为：36.5724位置标记为：0
2020-12-27 08:18:03:961  振动分轮计算完成, 位置标记：0
2020-12-27 08:18:04:224  振动特征值计算完成, 位置标记：0
2020-12-27 08:29:48:732  磁钢信号预处理完成，位置标记：1
2020-12-27 08:29:48:744  温度分轮成功，分轮数尺度为：48
2020-12-27 08:29:48:809  轴承端盖温度特征值计算完成, 位置标记：1
2020-12-27 08:29:48:871  电机温度计算完成, 位置标记：1
2020-12-27 08:29:48:874  电机温度计算完成, 位置标记：1
2020-12-27 08:29:48:877  电机温度计算完成, 位置标记：1
2020-12-27 08:29:48:880  电机温度计算完成, 位置标记：1
2020-12-27 08:29:48:882  电机温度计算完成, 位置标记：1
2020-12-27 08:29:48:885  电机温度计算完成, 位置标记：1
2020-12-27 08:29:48:887  电机温度计算完成, 位置标记：1
2020-12-27 08:29:48:889  电机温度计算完成, 位置标记：1
2020-12-27 08:29:48:891  车速为：36.7184位置标记为：1
2020-12-27 08:29:48:909  振动分轮计算完成, 位置标记：1
2020-12-27 08:29:49:120  振动特征值计算完成, 位置标记：1
2020-12-27 08:29:49:161  磁钢信号预处理完成，位置标记：0
2020-12-27 08:29:49:170  温度分轮成功，分轮数尺度为：48
2020-12-27 08:29:49:215  轴承端盖温度特征值计算完成, 位置标记：0
2020-12-27 08:29:49:259  电机温度计算完成, 位置标记：0
2020-12-27 08:29:49:261  电机温度计算完成, 位置标记：0
2020-12-27 08:29:49:263  电机温度计算完成, 位置标记：0
2020-12-27 08:29:49:266  电机温度计算完成, 位置标记：0
2020-12-27 08:29:49:268  电机温度计算完成, 位置标记：0
2020-12-27 08:29:49:269  电机温度计算完成, 位置标记：0
2020-12-27 08:29:49:272  电机温度计算完成, 位置标记：0
2020-12-27 08:29:49:273  电机温度计算完成, 位置标记：0
2020-12-27 08:29:49:275  车速为：36.7184位置标记为：0
2020-12-27 08:29:49:291  振动分轮计算完成, 位置标记：0
2020-12-27 08:29:49:491  振动特征值计算完成, 位置标记：0
2020-12-27 08:41:39:002  磁钢信号预处理完成，位置标记：1
2020-12-27 08:41:39:014  温度分轮成功，分轮数尺度为：48
2020-12-27 08:41:39:078  轴承端盖温度特征值计算完成, 位置标记：1
2020-12-27 08:41:39:140  电机温度计算完成, 位置标记：1
2020-12-27 08:41:39:144  电机温度计算完成, 位置标记：1
2020-12-27 08:41:39:147  电机温度计算完成, 位置标记：1
2020-12-27 08:41:39:150  电机温度计算完成, 位置标记：1
2020-12-27 08:41:39:153  电机温度计算完成, 位置标记：1
2020-12-27 08:41:39:156  电机温度计算完成, 位置标记：1
2020-12-27 08:41:39:158  电机温度计算完成, 位置标记：1
2020-12-27 08:41:39:161  电机温度计算完成, 位置标记：1
2020-12-27 08:41:39:163  车速为：36.8491位置标记为：1
2020-12-27 08:41:39:186  振动分轮计算完成, 位置标记：1
2020-12-27 08:41:39:466  振动特征值计算完成, 位置标记：1
2020-12-27 08:41:39:517  磁钢信号预处理完成，位置标记：0
2020-12-27 08:41:39:529  温度分轮成功，分轮数尺度为：48
2020-12-27 08:41:39:595  轴承端盖温度特征值计算完成, 位置标记：0
2020-12-27 08:41:39:658  电机温度计算完成, 位置标记：0
2020-12-27 08:41:39:662  电机温度计算完成, 位置标记：0
2020-12-27 08:41:39:665  电机温度计算完成, 位置标记：0
2020-12-27 08:41:39:668  电机温度计算完成, 位置标记：0
2020-12-27 08:41:39:671  电机温度计算完成, 位置标记：0
2020-12-27 08:41:39:674  电机温度计算完成, 位置标记：0
2020-12-27 08:41:39:677  电机温度计算完成, 位置标记：0
2020-12-27 08:41:39:679  电机温度计算完成, 位置标记：0
2020-12-27 08:41:39:681  车速为：36.8491位置标记为：0
2020-12-27 08:41:39:704  振动分轮计算完成, 位置标记：0
2020-12-27 08:41:39:992  振动特征值计算完成, 位置标记：0
2020-12-27 08:53:15:998  磁钢信号预处理完成，位置标记：1
2020-12-27 08:53:16:011  温度分轮成功，分轮数尺度为：48
2020-12-27 08:53:16:073  轴承端盖温度特征值计算完成, 位置标记：1
2020-12-27 08:53:16:131  电机温度计算完成, 位置标记：1
2020-12-27 08:53:16:134  电机温度计算完成, 位置标记：1
2020-12-27 08:53:16:137  电机温度计算完成, 位置标记：1
2020-12-27 08:53:16:140  电机温度计算完成, 位置标记：1
2020-12-27 08:53:16:142  电机温度计算完成, 位置标记：1
2020-12-27 08:53:16:144  电机温度计算完成, 位置标记：1
2020-12-27 08:53:16:147  电机温度计算完成, 位置标记：1
2020-12-27 08:53:16:149  电机温度计算完成, 位置标记：1
2020-12-27 08:53:16:150  车速为：36.8327位置标记为：1
2020-12-27 08:53:16:170  振动分轮计算完成, 位置标记：1
2020-12-27 08:53:16:397  振动特征值计算完成, 位置标记：1
2020-12-27 08:53:16:438  磁钢信号预处理完成，位置标记：0
2020-12-27 08:53:16:447  温度分轮成功，分轮数尺度为：48
2020-12-27 08:53:16:494  轴承端盖温度特征值计算完成, 位置标记：0
2020-12-27 08:53:16:538  电机温度计算完成, 位置标记：0
2020-12-27 08:53:16:541  电机温度计算完成, 位置标记：0
2020-12-27 08:53:16:543  电机温度计算完成, 位置标记：0
2020-12-27 08:53:16:545  电机温度计算完成, 位置标记：0
2020-12-27 08:53:16:547  电机温度计算完成, 位置标记：0
2020-12-27 08:53:16:550  电机温度计算完成, 位置标记：0
2020-12-27 08:53:16:552  电机温度计算完成, 位置标记：0
2020-12-27 08:53:16:555  电机温度计算完成, 位置标记：0
2020-12-27 08:53:16:556  车速为：36.8327位置标记为：0
2020-12-27 08:53:16:573  振动分轮计算完成, 位置标记：0
2020-12-27 08:53:16:845  振动特征值计算完成, 位置标记：0
