2020-12-13 10:03:52:971  磁钢信号预处理完成，位置标记：1
2020-12-13 10:03:52:987  温度分轮成功，分轮数尺度为：48
2020-12-13 10:03:53:049  轴承端盖温度特征值计算完成, 位置标记：1
2020-12-13 10:03:53:128  电机温度计算完成, 位置标记：1
2020-12-13 10:03:53:128  电机温度计算完成, 位置标记：1
2020-12-13 10:03:53:128  电机温度计算完成, 位置标记：1
2020-12-13 10:03:53:128  电机温度计算完成, 位置标记：1
2020-12-13 10:03:53:128  电机温度计算完成, 位置标记：1
2020-12-13 10:03:53:143  电机温度计算完成, 位置标记：1
2020-12-13 10:03:53:143  电机温度计算完成, 位置标记：1
2020-12-13 10:03:53:143  电机温度计算完成, 位置标记：1
2020-12-13 10:03:53:143  车速为：36.6534位置标记为：1
2020-12-13 10:03:53:174  振动分轮计算完成, 位置标记：1
2020-12-13 10:03:53:440  振动特征值计算完成, 位置标记：1
2020-12-13 10:03:53:471  磁钢信号预处理完成，位置标记：0
2020-12-13 10:03:53:487  温度分轮成功，分轮数尺度为：48
2020-12-13 10:03:53:534  轴承端盖温度特征值计算完成, 位置标记：0
2020-12-13 10:03:53:596  电机温度计算完成, 位置标记：0
2020-12-13 10:03:53:596  电机温度计算完成, 位置标记：0
2020-12-13 10:03:53:596  电机温度计算完成, 位置标记：0
2020-12-13 10:03:53:596  电机温度计算完成, 位置标记：0
2020-12-13 10:03:53:596  电机温度计算完成, 位置标记：0
2020-12-13 10:03:53:596  电机温度计算完成, 位置标记：0
2020-12-13 10:03:53:596  电机温度计算完成, 位置标记：0
2020-12-13 10:03:53:612  电机温度计算完成, 位置标记：0
2020-12-13 10:03:53:612  车速为：36.6534位置标记为：0
2020-12-13 10:03:53:628  振动分轮计算完成, 位置标记：0
2020-12-13 10:03:53:831  振动特征值计算完成, 位置标记：0
2020-12-13 10:15:38:711  磁钢信号预处理完成，位置标记：1
2020-12-13 10:15:38:726  温度分轮成功，分轮数尺度为：48
2020-12-13 10:15:38:789  轴承端盖温度特征值计算完成, 位置标记：1
2020-12-13 10:15:38:851  电机温度计算完成, 位置标记：1
2020-12-13 10:15:38:851  电机温度计算完成, 位置标记：1
2020-12-13 10:15:38:851  电机温度计算完成, 位置标记：1
2020-12-13 10:15:38:867  电机温度计算完成, 位置标记：1
2020-12-13 10:15:38:867  电机温度计算完成, 位置标记：1
2020-12-13 10:15:38:867  电机温度计算完成, 位置标记：1
2020-12-13 10:15:38:867  电机温度计算完成, 位置标记：1
2020-12-13 10:15:38:867  电机温度计算完成, 位置标记：1
2020-12-13 10:15:38:867  车速为：36.7184位置标记为：1
2020-12-13 10:15:38:898  振动分轮计算完成, 位置标记：1
2020-12-13 10:15:39:179  振动特征值计算完成, 位置标记：1
2020-12-13 10:15:39:226  磁钢信号预处理完成，位置标记：0
2020-12-13 10:15:39:242  温度分轮成功，分轮数尺度为：48
2020-12-13 10:15:39:304  轴承端盖温度特征值计算完成, 位置标记：0
2020-12-13 10:15:39:367  电机温度计算完成, 位置标记：0
2020-12-13 10:15:39:367  电机温度计算完成, 位置标记：0
2020-12-13 10:15:39:382  电机温度计算完成, 位置标记：0
2020-12-13 10:15:39:382  电机温度计算完成, 位置标记：0
2020-12-13 10:15:39:382  电机温度计算完成, 位置标记：0
2020-12-13 10:15:39:382  电机温度计算完成, 位置标记：0
2020-12-13 10:15:39:382  电机温度计算完成, 位置标记：0
2020-12-13 10:15:39:382  电机温度计算完成, 位置标记：0
2020-12-13 10:15:39:398  车速为：36.7184位置标记为：0
2020-12-13 10:15:39:414  振动分轮计算完成, 位置标记：0
2020-12-13 10:15:39:695  振动特征值计算完成, 位置标记：0
2020-12-13 10:27:30:449  磁钢信号预处理完成，位置标记：1
2020-12-13 10:27:30:465  温度分轮成功，分轮数尺度为：48
2020-12-13 10:27:30:527  轴承端盖温度特征值计算完成, 位置标记：1
2020-12-13 10:27:30:590  电机温度计算完成, 位置标记：1
2020-12-13 10:27:30:590  电机温度计算完成, 位置标记：1
2020-12-13 10:27:30:590  电机温度计算完成, 位置标记：1
2020-12-13 10:27:30:590  电机温度计算完成, 位置标记：1
2020-12-13 10:27:30:590  电机温度计算完成, 位置标记：1
2020-12-13 10:27:30:605  电机温度计算完成, 位置标记：1
2020-12-13 10:27:30:605  电机温度计算完成, 位置标记：1
2020-12-13 10:27:30:605  电机温度计算完成, 位置标记：1
2020-12-13 10:27:30:605  车速为：36.5724位置标记为：1
2020-12-13 10:27:30:621  振动有效标记位计算异常，位置标记为：1
2020-12-13 10:27:30:684  磁钢信号预处理完成，位置标记：0
2020-12-13 10:27:30:684  温度分轮成功，分轮数尺度为：48
2020-12-13 10:27:30:746  轴承端盖温度特征值计算完成, 位置标记：0
2020-12-13 10:27:30:793  电机温度计算完成, 位置标记：0
2020-12-13 10:27:30:793  电机温度计算完成, 位置标记：0
2020-12-13 10:27:30:809  电机温度计算完成, 位置标记：0
2020-12-13 10:27:30:809  电机温度计算完成, 位置标记：0
2020-12-13 10:27:30:809  电机温度计算完成, 位置标记：0
2020-12-13 10:27:30:809  电机温度计算完成, 位置标记：0
2020-12-13 10:27:30:809  电机温度计算完成, 位置标记：0
2020-12-13 10:27:30:809  电机温度计算完成, 位置标记：0
2020-12-13 10:27:30:809  车速为：36.5724位置标记为：0
2020-12-13 10:27:30:840  振动有效标记位计算异常，位置标记为：0
2020-12-13 10:37:34:578  磁钢信号预处理完成，位置标记：1
2020-12-13 10:37:34:593  温度分轮成功，分轮数尺度为：48
2020-12-13 10:37:34:656  轴承端盖温度特征值计算完成, 位置标记：1
2020-12-13 10:37:34:718  电机温度计算完成, 位置标记：1
2020-12-13 10:37:34:718  电机温度计算完成, 位置标记：1
2020-12-13 10:37:34:718  电机温度计算完成, 位置标记：1
2020-12-13 10:37:34:718  电机温度计算完成, 位置标记：1
2020-12-13 10:37:34:718  电机温度计算完成, 位置标记：1
2020-12-13 10:37:34:734  电机温度计算完成, 位置标记：1
2020-12-13 10:37:34:734  电机温度计算完成, 位置标记：1
2020-12-13 10:37:34:734  电机温度计算完成, 位置标记：1
2020-12-13 10:37:34:734  车速为：36.7673位置标记为：1
2020-12-13 10:37:34:750  振动分轮计算完成, 位置标记：1
2020-12-13 10:37:35:047  振动特征值计算完成, 位置标记：1
2020-12-13 10:37:35:093  磁钢信号预处理完成，位置标记：0
2020-12-13 10:37:35:109  温度分轮成功，分轮数尺度为：48
2020-12-13 10:37:35:172  轴承端盖温度特征值计算完成, 位置标记：0
2020-12-13 10:37:35:234  电机温度计算完成, 位置标记：0
2020-12-13 10:37:35:234  电机温度计算完成, 位置标记：0
2020-12-13 10:37:35:234  电机温度计算完成, 位置标记：0
2020-12-13 10:37:35:234  电机温度计算完成, 位置标记：0
2020-12-13 10:37:35:250  电机温度计算完成, 位置标记：0
2020-12-13 10:37:35:250  电机温度计算完成, 位置标记：0
2020-12-13 10:37:35:250  电机温度计算完成, 位置标记：0
2020-12-13 10:37:35:250  电机温度计算完成, 位置标记：0
2020-12-13 10:37:35:250  车速为：36.7673位置标记为：0
2020-12-13 10:37:35:281  振动分轮计算完成, 位置标记：0
2020-12-13 10:37:35:531  振动特征值计算完成, 位置标记：0
2020-12-13 10:47:27:291  磁钢信号预处理完成，位置标记：1
2020-12-13 10:47:27:307  温度分轮成功，分轮数尺度为：48
2020-12-13 10:47:27:369  轴承端盖温度特征值计算完成, 位置标记：1
2020-12-13 10:47:27:432  电机温度计算完成, 位置标记：1
2020-12-13 10:47:27:432  电机温度计算完成, 位置标记：1
2020-12-13 10:47:27:432  电机温度计算完成, 位置标记：1
2020-12-13 10:47:27:432  电机温度计算完成, 位置标记：1
2020-12-13 10:47:27:447  电机温度计算完成, 位置标记：1
2020-12-13 10:47:27:447  电机温度计算完成, 位置标记：1
2020-12-13 10:47:27:447  电机温度计算完成, 位置标记：1
2020-12-13 10:47:27:447  电机温度计算完成, 位置标记：1
2020-12-13 10:47:27:447  车速为：36.9478位置标记为：1
2020-12-13 10:47:27:478  振动分轮计算完成, 位置标记：1
2020-12-13 10:47:27:760  振动特征值计算完成, 位置标记：1
2020-12-13 10:47:27:807  磁钢信号预处理完成，位置标记：0
2020-12-13 10:47:27:822  温度分轮成功，分轮数尺度为：48
2020-12-13 10:47:27:885  轴承端盖温度特征值计算完成, 位置标记：0
2020-12-13 10:47:27:932  电机温度计算完成, 位置标记：0
2020-12-13 10:47:27:947  电机温度计算完成, 位置标记：0
2020-12-13 10:47:27:947  电机温度计算完成, 位置标记：0
2020-12-13 10:47:27:947  电机温度计算完成, 位置标记：0
2020-12-13 10:47:27:947  电机温度计算完成, 位置标记：0
2020-12-13 10:47:27:947  电机温度计算完成, 位置标记：0
2020-12-13 10:47:27:963  电机温度计算完成, 位置标记：0
2020-12-13 10:47:27:963  电机温度计算完成, 位置标记：0
2020-12-13 10:47:27:963  车速为：36.9478位置标记为：0
2020-12-13 10:47:27:978  振动分轮计算完成, 位置标记：0
2020-12-13 10:47:28:228  振动特征值计算完成, 位置标记：0
2020-12-13 10:57:22:810  磁钢信号预处理完成，位置标记：1
2020-12-13 10:57:22:826  温度分轮成功，分轮数尺度为：48
2020-12-13 10:57:22:888  轴承端盖温度特征值计算完成, 位置标记：1
2020-12-13 10:57:22:935  电机温度计算完成, 位置标记：1
2020-12-13 10:57:22:951  电机温度计算完成, 位置标记：1
2020-12-13 10:57:22:951  电机温度计算完成, 位置标记：1
2020-12-13 10:57:22:951  电机温度计算完成, 位置标记：1
2020-12-13 10:57:22:951  电机温度计算完成, 位置标记：1
2020-12-13 10:57:22:951  电机温度计算完成, 位置标记：1
2020-12-13 10:57:22:951  电机温度计算完成, 位置标记：1
2020-12-13 10:57:22:966  电机温度计算完成, 位置标记：1
2020-12-13 10:57:22:966  车速为：36.5563位置标记为：1
2020-12-13 10:57:22:982  振动分轮计算完成, 位置标记：1
2020-12-13 10:57:23:263  振动特征值计算完成, 位置标记：1
2020-12-13 10:57:23:326  磁钢信号预处理完成，位置标记：0
2020-12-13 10:57:23:326  温度分轮成功，分轮数尺度为：48
2020-12-13 10:57:23:404  轴承端盖温度特征值计算完成, 位置标记：0
2020-12-13 10:57:23:466  电机温度计算完成, 位置标记：0
2020-12-13 10:57:23:466  电机温度计算完成, 位置标记：0
2020-12-13 10:57:23:466  电机温度计算完成, 位置标记：0
2020-12-13 10:57:23:466  电机温度计算完成, 位置标记：0
2020-12-13 10:57:23:482  电机温度计算完成, 位置标记：0
2020-12-13 10:57:23:482  电机温度计算完成, 位置标记：0
2020-12-13 10:57:23:482  电机温度计算完成, 位置标记：0
2020-12-13 10:57:23:482  电机温度计算完成, 位置标记：0
2020-12-13 10:57:23:482  车速为：36.5563位置标记为：0
2020-12-13 10:57:23:513  振动分轮计算完成, 位置标记：0
2020-12-13 10:57:23:795  振动特征值计算完成, 位置标记：0
