2020-12-10 21:05:57:026  磁钢信号预处理完成，位置标记：1
2020-12-10 21:05:57:026  温度分轮成功，分轮数尺度为：48
2020-12-10 21:05:57:089  轴承端盖温度特征值计算完成, 位置标记：1
2020-12-10 21:05:57:167  电机温度计算完成, 位置标记：1
2020-12-10 21:05:57:167  电机温度计算完成, 位置标记：1
2020-12-10 21:05:57:167  电机温度计算完成, 位置标记：1
2020-12-10 21:05:57:167  电机温度计算完成, 位置标记：1
2020-12-10 21:05:57:167  电机温度计算完成, 位置标记：1
2020-12-10 21:05:57:182  电机温度计算完成, 位置标记：1
2020-12-10 21:05:57:182  电机温度计算完成, 位置标记：1
2020-12-10 21:05:57:182  电机温度计算完成, 位置标记：1
2020-12-10 21:05:57:182  车速为：36.7021位置标记为：1
2020-12-10 21:05:57:214  振动分轮计算完成, 位置标记：1
2020-12-10 21:05:57:495  振动特征值计算完成, 位置标记：1
2020-12-10 21:05:57:557  磁钢信号预处理完成，位置标记：0
2020-12-10 21:05:57:573  温度分轮成功，分轮数尺度为：48
2020-12-10 21:05:57:636  轴承端盖温度特征值计算完成, 位置标记：0
2020-12-10 21:05:57:714  电机温度计算完成, 位置标记：0
2020-12-10 21:05:57:714  电机温度计算完成, 位置标记：0
2020-12-10 21:05:57:714  电机温度计算完成, 位置标记：0
2020-12-10 21:05:57:714  电机温度计算完成, 位置标记：0
2020-12-10 21:05:57:714  电机温度计算完成, 位置标记：0
2020-12-10 21:05:57:714  电机温度计算完成, 位置标记：0
2020-12-10 21:05:57:729  电机温度计算完成, 位置标记：0
2020-12-10 21:05:57:729  电机温度计算完成, 位置标记：0
2020-12-10 21:05:57:729  车速为：36.7021位置标记为：0
2020-12-10 21:05:57:761  振动分轮计算完成, 位置标记：0
2020-12-10 21:05:58:042  振动特征值计算完成, 位置标记：0
2020-12-10 21:17:42:249  磁钢信号预处理完成，位置标记：1
2020-12-10 21:17:42:265  温度分轮成功，分轮数尺度为：48
2020-12-10 21:17:42:327  轴承端盖温度特征值计算完成, 位置标记：1
2020-12-10 21:17:42:390  电机温度计算完成, 位置标记：1
2020-12-10 21:17:42:390  电机温度计算完成, 位置标记：1
2020-12-10 21:17:42:390  电机温度计算完成, 位置标记：1
2020-12-10 21:17:42:405  电机温度计算完成, 位置标记：1
2020-12-10 21:17:42:405  电机温度计算完成, 位置标记：1
2020-12-10 21:17:42:405  电机温度计算完成, 位置标记：1
2020-12-10 21:17:42:405  电机温度计算完成, 位置标记：1
2020-12-10 21:17:42:405  电机温度计算完成, 位置标记：1
2020-12-10 21:17:42:405  车速为：36.6696位置标记为：1
2020-12-10 21:17:42:437  振动分轮计算完成, 位置标记：1
2020-12-10 21:17:42:718  振动特征值计算完成, 位置标记：1
2020-12-10 21:17:42:796  磁钢信号预处理完成，位置标记：0
2020-12-10 21:17:42:812  温度分轮成功，分轮数尺度为：48
2020-12-10 21:17:42:874  轴承端盖温度特征值计算完成, 位置标记：0
2020-12-10 21:17:42:937  电机温度计算完成, 位置标记：0
2020-12-10 21:17:42:937  电机温度计算完成, 位置标记：0
2020-12-10 21:17:42:952  电机温度计算完成, 位置标记：0
2020-12-10 21:17:42:952  电机温度计算完成, 位置标记：0
2020-12-10 21:17:42:952  电机温度计算完成, 位置标记：0
2020-12-10 21:17:42:952  电机温度计算完成, 位置标记：0
2020-12-10 21:17:42:952  电机温度计算完成, 位置标记：0
2020-12-10 21:17:42:952  电机温度计算完成, 位置标记：0
2020-12-10 21:17:42:968  车速为：36.6696位置标记为：0
2020-12-10 21:17:42:983  振动分轮计算完成, 位置标记：0
2020-12-10 21:17:43:218  振动特征值计算完成, 位置标记：0
2020-12-10 21:29:02:140  磁钢信号预处理完成，位置标记：1
2020-12-10 21:29:02:171  温度分轮成功，分轮数尺度为：48
2020-12-10 21:29:02:233  轴承端盖温度特征值计算完成, 位置标记：1
2020-12-10 21:29:02:296  电机温度计算完成, 位置标记：1
2020-12-10 21:29:02:296  电机温度计算完成, 位置标记：1
2020-12-10 21:29:02:311  电机温度计算完成, 位置标记：1
2020-12-10 21:29:02:311  电机温度计算完成, 位置标记：1
2020-12-10 21:29:02:311  电机温度计算完成, 位置标记：1
2020-12-10 21:29:02:311  电机温度计算完成, 位置标记：1
2020-12-10 21:29:02:311  电机温度计算完成, 位置标记：1
2020-12-10 21:29:02:311  电机温度计算完成, 位置标记：1
2020-12-10 21:29:02:327  车速为：36.6696位置标记为：1
2020-12-10 21:29:02:343  振动分轮计算完成, 位置标记：1
2020-12-10 21:29:02:624  振动特征值计算完成, 位置标记：1
2020-12-10 21:29:02:686  磁钢信号预处理完成，位置标记：0
2020-12-10 21:29:02:686  温度分轮成功，分轮数尺度为：48
2020-12-10 21:29:02:749  轴承端盖温度特征值计算完成, 位置标记：0
2020-12-10 21:29:02:796  电机温度计算完成, 位置标记：0
2020-12-10 21:29:02:811  电机温度计算完成, 位置标记：0
2020-12-10 21:29:02:811  电机温度计算完成, 位置标记：0
2020-12-10 21:29:02:811  电机温度计算完成, 位置标记：0
2020-12-10 21:29:02:811  电机温度计算完成, 位置标记：0
2020-12-10 21:29:02:811  电机温度计算完成, 位置标记：0
2020-12-10 21:29:02:811  电机温度计算完成, 位置标记：0
2020-12-10 21:29:02:811  电机温度计算完成, 位置标记：0
2020-12-10 21:29:02:811  车速为：36.6696位置标记为：0
2020-12-10 21:29:02:843  振动分轮计算完成, 位置标记：0
2020-12-10 21:29:03:046  振动特征值计算完成, 位置标记：0
2020-12-10 21:41:10:070  磁钢信号预处理完成，位置标记：1
2020-12-10 21:41:10:086  温度分轮成功，分轮数尺度为：48
2020-12-10 21:41:10:148  轴承端盖温度特征值计算完成, 位置标记：1
2020-12-10 21:41:10:195  电机温度计算完成, 位置标记：1
2020-12-10 21:41:10:195  电机温度计算完成, 位置标记：1
2020-12-10 21:41:10:195  电机温度计算完成, 位置标记：1
2020-12-10 21:41:10:211  电机温度计算完成, 位置标记：1
2020-12-10 21:41:10:211  电机温度计算完成, 位置标记：1
2020-12-10 21:41:10:211  电机温度计算完成, 位置标记：1
2020-12-10 21:41:10:211  电机温度计算完成, 位置标记：1
2020-12-10 21:41:10:211  电机温度计算完成, 位置标记：1
2020-12-10 21:41:10:211  车速为：36.7184位置标记为：1
2020-12-10 21:41:10:242  振动分轮计算完成, 位置标记：1
2020-12-10 21:41:10:461  振动特征值计算完成, 位置标记：1
2020-12-10 21:41:10:508  磁钢信号预处理完成，位置标记：0
2020-12-10 21:41:10:523  温度分轮成功，分轮数尺度为：48
2020-12-10 21:41:10:586  轴承端盖温度特征值计算完成, 位置标记：0
2020-12-10 21:41:10:648  电机温度计算完成, 位置标记：0
2020-12-10 21:41:10:648  电机温度计算完成, 位置标记：0
2020-12-10 21:41:10:648  电机温度计算完成, 位置标记：0
2020-12-10 21:41:10:664  电机温度计算完成, 位置标记：0
2020-12-10 21:41:10:664  电机温度计算完成, 位置标记：0
2020-12-10 21:41:10:664  电机温度计算完成, 位置标记：0
2020-12-10 21:41:10:664  电机温度计算完成, 位置标记：0
2020-12-10 21:41:10:664  电机温度计算完成, 位置标记：0
2020-12-10 21:41:10:664  车速为：36.7184位置标记为：0
2020-12-10 21:41:10:695  振动分轮计算完成, 位置标记：0
2020-12-10 21:41:10:961  振动特征值计算完成, 位置标记：0
2020-12-10 21:52:51:357  磁钢信号预处理完成，位置标记：1
2020-12-10 21:52:51:372  温度分轮成功，分轮数尺度为：48
2020-12-10 21:52:51:435  轴承端盖温度特征值计算完成, 位置标记：1
2020-12-10 21:52:51:513  电机温度计算完成, 位置标记：1
2020-12-10 21:52:51:513  电机温度计算完成, 位置标记：1
2020-12-10 21:52:51:513  电机温度计算完成, 位置标记：1
2020-12-10 21:52:51:513  电机温度计算完成, 位置标记：1
2020-12-10 21:52:51:513  电机温度计算完成, 位置标记：1
2020-12-10 21:52:51:513  电机温度计算完成, 位置标记：1
2020-12-10 21:52:51:529  电机温度计算完成, 位置标记：1
2020-12-10 21:52:51:529  电机温度计算完成, 位置标记：1
2020-12-10 21:52:51:529  车速为：36.6696位置标记为：1
2020-12-10 21:52:51:560  振动分轮计算完成, 位置标记：1
2020-12-10 21:52:51:825  振动特征值计算完成, 位置标记：1
2020-12-10 21:52:51:888  磁钢信号预处理完成，位置标记：0
2020-12-10 21:52:51:904  温度分轮成功，分轮数尺度为：48
2020-12-10 21:52:51:966  轴承端盖温度特征值计算完成, 位置标记：0
2020-12-10 21:52:52:029  电机温度计算完成, 位置标记：0
2020-12-10 21:52:52:044  电机温度计算完成, 位置标记：0
2020-12-10 21:52:52:044  电机温度计算完成, 位置标记：0
2020-12-10 21:52:52:044  电机温度计算完成, 位置标记：0
2020-12-10 21:52:52:044  电机温度计算完成, 位置标记：0
2020-12-10 21:52:52:044  电机温度计算完成, 位置标记：0
2020-12-10 21:52:52:060  电机温度计算完成, 位置标记：0
2020-12-10 21:52:52:060  电机温度计算完成, 位置标记：0
2020-12-10 21:52:52:060  车速为：36.6696位置标记为：0
2020-12-10 21:52:52:075  振动分轮计算完成, 位置标记：0
2020-12-10 21:52:52:372  振动特征值计算完成, 位置标记：0
