2020-12-22 06:02:11:383  收到来车信号，流水号：20201222060211，所有设备开始采集
2020-12-22 06:02:11:450  开启A/D采集
2020-12-22 06:02:32:876  收到离车信号，流水号：20201222060211，线号：14，车号：029030，主控端：0，所有设备停止采集
2020-12-22 06:02:32:910  收到停止采集命令，开始停止采集
2020-12-22 06:02:32:949  停止采集数据
2020-12-22 06:02:32:950  采集连接已断开
2020-12-22 06:02:32:952  开始数据分析和落盘
2020-12-22 06:02:37:784  vibration1完成落盘
2020-12-22 06:02:42:013  vibration2完成落盘
2020-12-22 06:02:46:181  vibration3完成落盘
2020-12-22 06:02:50:453  vibration4完成落盘
2020-12-22 06:02:54:686  vibration5完成落盘
2020-12-22 06:02:58:878  vibration6完成落盘
2020-12-22 06:03:03:083  vibration7完成落盘
2020-12-22 06:03:07:329  vibration8完成落盘
2020-12-22 06:03:11:627  magnetic1完成落盘
2020-12-22 06:03:15:648  magnetic2完成落盘
2020-12-22 06:03:19:894  magnetic3完成落盘
2020-12-22 06:03:24:099  magnetic4完成落盘
2020-12-22 06:03:28:158  temperate1完成落盘
2020-12-22 06:03:32:118  temperate2完成落盘
2020-12-22 06:03:36:097  temperate3完成落盘
2020-12-22 06:03:40:142  temperate4完成落盘
2020-12-22 06:03:40:151  开始处理数据
2020-12-22 06:03:40:713  右侧计算完成
2020-12-22 06:03:41:172  左侧计算完成
2020-12-22 06:03:41:173  检查结果数据
2020-12-22 06:03:41:175  通知桌面显示数据
2020-12-22 06:03:41:192  开始写入数据库
2020-12-22 06:03:41:221  预警及报警参数加载完成
2020-12-22 06:03:41:222  数据库打开成功
2020-12-22 06:03:41:224  train_info数据表写入成功
2020-12-22 06:03:41:404  train_onlyid读取成功
2020-12-22 06:03:41:406  train_data数据表写入成功
2020-12-22 06:03:41:407  vt_info数据表，第0次写入成功
2020-12-22 06:03:41:409  vt_info数据表，第1次写入成功
2020-12-22 06:03:41:410  vt_info数据表，第2次写入成功
2020-12-22 06:03:41:412  vt_info数据表，第3次写入成功
2020-12-22 06:03:41:413  vt_info数据表，第4次写入成功
2020-12-22 06:03:41:415  vt_info数据表，第5次写入成功
2020-12-22 06:03:41:416  vt_info数据表，第6次写入成功
2020-12-22 06:03:41:418  vt_info数据表，第7次写入成功
2020-12-22 06:03:41:419  vt_info数据表，第8次写入成功
2020-12-22 06:03:41:421  vt_info数据表，第9次写入成功
2020-12-22 06:03:41:423  vt_info数据表，第10次写入成功
2020-12-22 06:03:41:424  vt_info数据表，第11次写入成功
2020-12-22 06:03:41:426  vt_info数据表，第12次写入成功
2020-12-22 06:03:41:427  vt_info数据表，第13次写入成功
2020-12-22 06:03:41:460  vt_info数据表，第14次写入成功
2020-12-22 06:03:41:461  vt_info数据表，第15次写入成功
2020-12-22 06:03:41:463  vt_info数据表，第16次写入成功
2020-12-22 06:03:41:465  vt_info数据表，第17次写入成功
2020-12-22 06:03:41:466  vt_info数据表，第18次写入成功
2020-12-22 06:03:41:468  vt_info数据表，第19次写入成功
2020-12-22 06:03:41:469  vt_info数据表，第20次写入成功
2020-12-22 06:03:41:471  vt_info数据表，第21次写入成功
2020-12-22 06:03:41:472  vt_info数据表，第22次写入成功
2020-12-22 06:03:41:474  vt_info数据表，第23次写入成功
2020-12-22 06:03:41:476  vt_info数据表，第24次写入成功
2020-12-22 06:03:41:477  vt_info数据表，第25次写入成功
2020-12-22 06:03:41:479  vt_info数据表，第26次写入成功
2020-12-22 06:03:41:481  vt_info数据表，第27次写入成功
2020-12-22 06:03:41:482  vt_info数据表，第28次写入成功
2020-12-22 06:03:41:484  vt_info数据表，第29次写入成功
2020-12-22 06:03:41:516  vt_info数据表，第30次写入成功
2020-12-22 06:03:41:518  vt_info数据表，第31次写入成功
2020-12-22 06:03:41:520  vt_info数据表，第32次写入成功
2020-12-22 06:03:41:522  vt_info数据表，第33次写入成功
2020-12-22 06:03:41:523  vt_info数据表，第34次写入成功
2020-12-22 06:03:41:525  vt_info数据表，第35次写入成功
2020-12-22 06:03:41:526  vt_info数据表，第36次写入成功
2020-12-22 06:03:41:528  vt_info数据表，第37次写入成功
2020-12-22 06:03:41:530  vt_info数据表，第38次写入成功
2020-12-22 06:03:41:531  vt_info数据表，第39次写入成功
2020-12-22 06:03:41:533  vt_info数据表，第40次写入成功
2020-12-22 06:03:41:534  vt_info数据表，第41次写入成功
2020-12-22 06:03:41:536  vt_info数据表，第42次写入成功
2020-12-22 06:03:41:538  vt_info数据表，第43次写入成功
2020-12-22 06:03:41:539  vt_info数据表，第44次写入成功
2020-12-22 06:03:41:571  vt_info数据表，第45次写入成功
2020-12-22 06:03:41:573  vt_info数据表，第46次写入成功
2020-12-22 06:03:41:574  vt_info数据表，第47次写入成功
2020-12-22 06:03:41:576  motor_info数据表，第0次写入成功
2020-12-22 06:03:41:578  motor_info数据表，第1次写入成功
2020-12-22 06:03:41:579  motor_info数据表，第2次写入成功
2020-12-22 06:03:41:581  motor_info数据表，第3次写入成功
2020-12-22 06:03:41:583  motor_info数据表，第4次写入成功
2020-12-22 06:03:41:584  motor_info数据表，第5次写入成功
2020-12-22 06:03:41:586  motor_info数据表，第6次写入成功
2020-12-22 06:03:41:587  motor_info数据表，第7次写入成功
2020-12-22 06:03:41:589  motor_info数据表，第8次写入成功
2020-12-22 06:03:41:591  motor_info数据表，第9次写入成功
2020-12-22 06:03:41:633  motor_info数据表，第10次写入成功
2020-12-22 06:03:41:635  motor_info数据表，第11次写入成功
2020-12-22 06:03:41:636  motor_info数据表，第12次写入成功
2020-12-22 06:03:41:638  motor_info数据表，第13次写入成功
2020-12-22 06:03:41:639  motor_info数据表，第14次写入成功
2020-12-22 06:03:41:641  motor_info数据表，第15次写入成功
2020-12-22 06:03:41:642  数据库关闭！
2020-12-22 06:10:35:881  收到来车信号，流水号：20201222061035，所有设备开始采集
2020-12-22 06:10:35:950  开启A/D采集
2020-12-22 06:10:57:270  收到离车信号，流水号：20201222061035，线号：14，车号：025026，主控端：0，所有设备停止采集
2020-12-22 06:10:57:304  收到停止采集命令，开始停止采集
2020-12-22 06:10:57:344  停止采集数据
2020-12-22 06:10:57:346  采集连接已断开
2020-12-22 06:10:57:347  开始数据分析和落盘
2020-12-22 06:11:01:254  vibration1完成落盘
2020-12-22 06:11:04:332  vibration2完成落盘
2020-12-22 06:11:07:725  vibration3完成落盘
2020-12-22 06:11:11:024  vibration4完成落盘
2020-12-22 06:11:14:332  vibration5完成落盘
2020-12-22 06:11:17:889  vibration6完成落盘
2020-12-22 06:11:21:420  vibration7完成落盘
2020-12-22 06:11:24:617  vibration8完成落盘
2020-12-22 06:11:27:699  magnetic1完成落盘
2020-12-22 06:11:31:929  magnetic2完成落盘
2020-12-22 06:11:35:356  magnetic3完成落盘
2020-12-22 06:11:38:754  magnetic4完成落盘
2020-12-22 06:11:41:815  temperate1完成落盘
2020-12-22 06:11:45:240  temperate2完成落盘
2020-12-22 06:11:48:338  temperate3完成落盘
2020-12-22 06:11:51:673  temperate4完成落盘
2020-12-22 06:11:51:678  开始处理数据
2020-12-22 06:11:52:216  右侧计算完成
2020-12-22 06:11:52:565  左侧计算完成
2020-12-22 06:11:52:566  检查结果数据
2020-12-22 06:11:52:568  通知桌面显示数据
2020-12-22 06:11:52:580  开始写入数据库
2020-12-22 06:11:52:707  预警及报警参数加载完成
2020-12-22 06:11:52:708  数据库打开成功
2020-12-22 06:11:52:710  train_info数据表写入成功
2020-12-22 06:11:52:736  train_onlyid读取成功
2020-12-22 06:11:52:763  train_data数据表写入成功
2020-12-22 06:11:52:764  vt_info数据表，第0次写入成功
2020-12-22 06:11:52:766  vt_info数据表，第1次写入成功
2020-12-22 06:11:52:767  vt_info数据表，第2次写入成功
2020-12-22 06:11:52:769  vt_info数据表，第3次写入成功
2020-12-22 06:11:52:771  vt_info数据表，第4次写入成功
2020-12-22 06:11:52:772  vt_info数据表，第5次写入成功
2020-12-22 06:11:52:774  vt_info数据表，第6次写入成功
2020-12-22 06:11:52:775  vt_info数据表，第7次写入成功
2020-12-22 06:11:52:806  vt_info数据表，第8次写入成功
2020-12-22 06:11:52:808  vt_info数据表，第9次写入成功
2020-12-22 06:11:52:809  vt_info数据表，第10次写入成功
2020-12-22 06:11:52:811  vt_info数据表，第11次写入成功
2020-12-22 06:11:52:813  vt_info数据表，第12次写入成功
2020-12-22 06:11:52:814  vt_info数据表，第13次写入成功
2020-12-22 06:11:52:816  vt_info数据表，第14次写入成功
2020-12-22 06:11:52:817  vt_info数据表，第15次写入成功
2020-12-22 06:11:52:819  vt_info数据表，第16次写入成功
2020-12-22 06:11:52:820  vt_info数据表，第17次写入成功
2020-12-22 06:11:52:822  vt_info数据表，第18次写入成功
2020-12-22 06:11:52:823  vt_info数据表，第19次写入成功
2020-12-22 06:11:52:825  vt_info数据表，第20次写入成功
2020-12-22 06:11:52:858  vt_info数据表，第21次写入成功
2020-12-22 06:11:52:859  vt_info数据表，第22次写入成功
2020-12-22 06:11:52:861  vt_info数据表，第23次写入成功
2020-12-22 06:11:52:862  vt_info数据表，第24次写入成功
2020-12-22 06:11:52:864  vt_info数据表，第25次写入成功
2020-12-22 06:11:52:866  vt_info数据表，第26次写入成功
2020-12-22 06:11:52:867  vt_info数据表，第27次写入成功
2020-12-22 06:11:52:869  vt_info数据表，第28次写入成功
2020-12-22 06:11:52:870  vt_info数据表，第29次写入成功
2020-12-22 06:11:52:872  vt_info数据表，第30次写入成功
2020-12-22 06:11:52:874  vt_info数据表，第31次写入成功
2020-12-22 06:11:52:875  vt_info数据表，第32次写入成功
2020-12-22 06:11:52:877  vt_info数据表，第33次写入成功
2020-12-22 06:11:52:878  vt_info数据表，第34次写入成功
2020-12-22 06:11:52:911  vt_info数据表，第35次写入成功
2020-12-22 06:11:52:913  vt_info数据表，第36次写入成功
2020-12-22 06:11:52:914  vt_info数据表，第37次写入成功
2020-12-22 06:11:52:916  vt_info数据表，第38次写入成功
2020-12-22 06:11:52:917  vt_info数据表，第39次写入成功
2020-12-22 06:11:52:919  vt_info数据表，第40次写入成功
2020-12-22 06:11:52:921  vt_info数据表，第41次写入成功
2020-12-22 06:11:52:922  vt_info数据表，第42次写入成功
2020-12-22 06:11:52:924  vt_info数据表，第43次写入成功
2020-12-22 06:11:52:925  vt_info数据表，第44次写入成功
2020-12-22 06:11:52:927  vt_info数据表，第45次写入成功
2020-12-22 06:11:52:929  vt_info数据表，第46次写入成功
2020-12-22 06:11:52:930  vt_info数据表，第47次写入成功
2020-12-22 06:11:52:932  motor_info数据表，第0次写入成功
2020-12-22 06:11:52:933  motor_info数据表，第1次写入成功
2020-12-22 06:11:52:977  motor_info数据表，第2次写入成功
2020-12-22 06:11:52:978  motor_info数据表，第3次写入成功
2020-12-22 06:11:52:980  motor_info数据表，第4次写入成功
2020-12-22 06:11:52:981  motor_info数据表，第5次写入成功
2020-12-22 06:11:52:983  motor_info数据表，第6次写入成功
2020-12-22 06:11:52:984  motor_info数据表，第7次写入成功
2020-12-22 06:11:52:986  motor_info数据表，第8次写入成功
2020-12-22 06:11:52:987  motor_info数据表，第9次写入成功
2020-12-22 06:11:52:989  motor_info数据表，第10次写入成功
2020-12-22 06:11:52:990  motor_info数据表，第11次写入成功
2020-12-22 06:11:52:992  motor_info数据表，第12次写入成功
2020-12-22 06:11:52:994  motor_info数据表，第13次写入成功
2020-12-22 06:11:52:995  motor_info数据表，第14次写入成功
2020-12-22 06:11:52:997  motor_info数据表，第15次写入成功
2020-12-22 06:11:52:998  数据库关闭！
2020-12-22 06:19:24:570  收到来车信号，流水号：20201222061924，所有设备开始采集
2020-12-22 06:19:24:638  开启A/D采集
2020-12-22 06:19:45:953  收到离车信号，流水号：20201222061924，线号：14，车号：057058，主控端：0，所有设备停止采集
2020-12-22 06:19:45:987  收到停止采集命令，开始停止采集
2020-12-22 06:19:46:024  停止采集数据
2020-12-22 06:19:46:026  采集连接已断开
2020-12-22 06:19:46:027  开始数据分析和落盘
2020-12-22 06:19:50:841  vibration1完成落盘
2020-12-22 06:19:55:083  vibration2完成落盘
2020-12-22 06:19:59:332  vibration3完成落盘
2020-12-22 06:20:03:550  vibration4完成落盘
2020-12-22 06:20:07:748  vibration5完成落盘
2020-12-22 06:20:11:965  vibration6完成落盘
2020-12-22 06:20:16:195  vibration7完成落盘
2020-12-22 06:20:20:403  vibration8完成落盘
2020-12-22 06:20:24:614  magnetic1完成落盘
2020-12-22 06:20:28:794  magnetic2完成落盘
2020-12-22 06:20:33:020  magnetic3完成落盘
2020-12-22 06:20:37:159  magnetic4完成落盘
2020-12-22 06:20:41:181  temperate1完成落盘
2020-12-22 06:20:45:207  temperate2完成落盘
2020-12-22 06:20:49:172  temperate3完成落盘
2020-12-22 06:20:53:203  temperate4完成落盘
2020-12-22 06:20:53:210  开始处理数据
2020-12-22 06:20:53:768  右侧计算完成
2020-12-22 06:20:54:231  左侧计算完成
2020-12-22 06:20:54:232  检查结果数据
2020-12-22 06:20:54:234  通知桌面显示数据
2020-12-22 06:20:54:251  开始写入数据库
2020-12-22 06:20:54:279  预警及报警参数加载完成
2020-12-22 06:20:54:281  数据库打开成功
2020-12-22 06:20:54:282  train_info数据表写入成功
2020-12-22 06:20:54:466  train_onlyid读取成功
2020-12-22 06:20:54:468  train_data数据表写入成功
2020-12-22 06:20:54:469  vt_info数据表，第0次写入成功
2020-12-22 06:20:54:471  vt_info数据表，第1次写入成功
2020-12-22 06:20:54:473  vt_info数据表，第2次写入成功
2020-12-22 06:20:54:474  vt_info数据表，第3次写入成功
2020-12-22 06:20:54:476  vt_info数据表，第4次写入成功
2020-12-22 06:20:54:478  vt_info数据表，第5次写入成功
2020-12-22 06:20:54:479  vt_info数据表，第6次写入成功
2020-12-22 06:20:54:480  vt_info数据表，第7次写入成功
2020-12-22 06:20:54:482  vt_info数据表，第8次写入成功
2020-12-22 06:20:54:483  vt_info数据表，第9次写入成功
2020-12-22 06:20:54:485  vt_info数据表，第10次写入成功
2020-12-22 06:20:54:486  vt_info数据表，第11次写入成功
2020-12-22 06:20:54:488  vt_info数据表，第12次写入成功
2020-12-22 06:20:54:489  vt_info数据表，第13次写入成功
2020-12-22 06:20:54:491  vt_info数据表，第14次写入成功
2020-12-22 06:20:54:523  vt_info数据表，第15次写入成功
2020-12-22 06:20:54:525  vt_info数据表，第16次写入成功
2020-12-22 06:20:54:527  vt_info数据表，第17次写入成功
2020-12-22 06:20:54:528  vt_info数据表，第18次写入成功
2020-12-22 06:20:54:530  vt_info数据表，第19次写入成功
2020-12-22 06:20:54:531  vt_info数据表，第20次写入成功
2020-12-22 06:20:54:533  vt_info数据表，第21次写入成功
2020-12-22 06:20:54:534  vt_info数据表，第22次写入成功
2020-12-22 06:20:54:536  vt_info数据表，第23次写入成功
2020-12-22 06:20:54:538  vt_info数据表，第24次写入成功
2020-12-22 06:20:54:539  vt_info数据表，第25次写入成功
2020-12-22 06:20:54:541  vt_info数据表，第26次写入成功
2020-12-22 06:20:54:542  vt_info数据表，第27次写入成功
2020-12-22 06:20:54:544  vt_info数据表，第28次写入成功
2020-12-22 06:20:54:545  vt_info数据表，第29次写入成功
2020-12-22 06:20:54:547  vt_info数据表，第30次写入成功
2020-12-22 06:20:54:579  vt_info数据表，第31次写入成功
2020-12-22 06:20:54:581  vt_info数据表，第32次写入成功
2020-12-22 06:20:54:582  vt_info数据表，第33次写入成功
2020-12-22 06:20:54:584  vt_info数据表，第34次写入成功
2020-12-22 06:20:54:585  vt_info数据表，第35次写入成功
2020-12-22 06:20:54:587  vt_info数据表，第36次写入成功
2020-12-22 06:20:54:589  vt_info数据表，第37次写入成功
2020-12-22 06:20:54:591  vt_info数据表，第38次写入成功
2020-12-22 06:20:54:592  vt_info数据表，第39次写入成功
2020-12-22 06:20:54:594  vt_info数据表，第40次写入成功
2020-12-22 06:20:54:595  vt_info数据表，第41次写入成功
2020-12-22 06:20:54:597  vt_info数据表，第42次写入成功
2020-12-22 06:20:54:599  vt_info数据表，第43次写入成功
2020-12-22 06:20:54:600  vt_info数据表，第44次写入成功
2020-12-22 06:20:54:642  vt_info数据表，第45次写入成功
2020-12-22 06:20:54:643  vt_info数据表，第46次写入成功
2020-12-22 06:20:54:645  vt_info数据表，第47次写入成功
2020-12-22 06:20:54:647  motor_info数据表，第0次写入成功
2020-12-22 06:20:54:648  motor_info数据表，第1次写入成功
2020-12-22 06:20:54:650  motor_info数据表，第2次写入成功
2020-12-22 06:20:54:652  motor_info数据表，第3次写入成功
2020-12-22 06:20:54:653  motor_info数据表，第4次写入成功
2020-12-22 06:20:54:655  motor_info数据表，第5次写入成功
2020-12-22 06:20:54:656  motor_info数据表，第6次写入成功
2020-12-22 06:20:54:658  motor_info数据表，第7次写入成功
2020-12-22 06:20:54:659  motor_info数据表，第8次写入成功
2020-12-22 06:20:54:661  motor_info数据表，第9次写入成功
2020-12-22 06:20:54:662  motor_info数据表，第10次写入成功
2020-12-22 06:20:54:664  motor_info数据表，第11次写入成功
2020-12-22 06:20:54:665  motor_info数据表，第12次写入成功
2020-12-22 06:20:54:667  motor_info数据表，第13次写入成功
2020-12-22 06:20:54:668  motor_info数据表，第14次写入成功
2020-12-22 06:20:54:670  motor_info数据表，第15次写入成功
2020-12-22 06:20:54:671  数据库关闭！
2020-12-22 06:29:52:881  收到来车信号，流水号：20201222062952，所有设备开始采集
2020-12-22 06:29:52:948  开启A/D采集
2020-12-22 06:30:14:369  收到离车信号，流水号：20201222062952，线号：14，车号：043044，主控端：1，所有设备停止采集
2020-12-22 06:30:14:403  收到停止采集命令，开始停止采集
2020-12-22 06:30:14:441  停止采集数据
2020-12-22 06:30:14:443  采集连接已断开
2020-12-22 06:30:14:445  开始数据分析和落盘
2020-12-22 06:30:18:764  vibration1完成落盘
2020-12-22 06:30:22:417  vibration2完成落盘
2020-12-22 06:30:26:037  vibration3完成落盘
2020-12-22 06:30:29:371  vibration4完成落盘
2020-12-22 06:30:32:889  vibration5完成落盘
2020-12-22 06:30:36:267  vibration6完成落盘
2020-12-22 06:30:39:384  vibration7完成落盘
2020-12-22 06:30:42:613  vibration8完成落盘
2020-12-22 06:30:46:488  magnetic1完成落盘
2020-12-22 06:30:50:375  magnetic2完成落盘
2020-12-22 06:30:53:965  magnetic3完成落盘
2020-12-22 06:30:57:083  magnetic4完成落盘
2020-12-22 06:31:00:197  temperate1完成落盘
2020-12-22 06:31:03:607  temperate2完成落盘
2020-12-22 06:31:07:081  temperate3完成落盘
2020-12-22 06:31:10:061  temperate4完成落盘
2020-12-22 06:31:10:069  开始处理数据
2020-12-22 06:31:10:576  右侧计算完成
2020-12-22 06:31:10:914  左侧计算完成
2020-12-22 06:31:10:915  检查结果数据
2020-12-22 06:31:10:916  通知桌面显示数据
2020-12-22 06:31:10:928  开始写入数据库
2020-12-22 06:31:11:061  预警及报警参数加载完成
2020-12-22 06:31:11:062  数据库打开成功
2020-12-22 06:31:11:064  train_info数据表写入成功
2020-12-22 06:31:11:091  train_onlyid读取成功
2020-12-22 06:31:11:093  train_data数据表写入成功
2020-12-22 06:31:11:120  vt_info数据表，第0次写入成功
2020-12-22 06:31:11:122  vt_info数据表，第1次写入成功
2020-12-22 06:31:11:123  vt_info数据表，第2次写入成功
2020-12-22 06:31:11:125  vt_info数据表，第3次写入成功
2020-12-22 06:31:11:127  vt_info数据表，第4次写入成功
2020-12-22 06:31:11:128  vt_info数据表，第5次写入成功
2020-12-22 06:31:11:130  vt_info数据表，第6次写入成功
2020-12-22 06:31:11:131  vt_info数据表，第7次写入成功
2020-12-22 06:31:11:163  vt_info数据表，第8次写入成功
2020-12-22 06:31:11:164  vt_info数据表，第9次写入成功
2020-12-22 06:31:11:166  vt_info数据表，第10次写入成功
2020-12-22 06:31:11:168  vt_info数据表，第11次写入成功
2020-12-22 06:31:11:169  vt_info数据表，第12次写入成功
2020-12-22 06:31:11:171  vt_info数据表，第13次写入成功
2020-12-22 06:31:11:172  vt_info数据表，第14次写入成功
2020-12-22 06:31:11:174  vt_info数据表，第15次写入成功
2020-12-22 06:31:11:175  vt_info数据表，第16次写入成功
2020-12-22 06:31:11:177  vt_info数据表，第17次写入成功
2020-12-22 06:31:11:179  vt_info数据表，第18次写入成功
2020-12-22 06:31:11:181  vt_info数据表，第19次写入成功
2020-12-22 06:31:11:213  vt_info数据表，第20次写入成功
2020-12-22 06:31:11:215  vt_info数据表，第21次写入成功
2020-12-22 06:31:11:216  vt_info数据表，第22次写入成功
2020-12-22 06:31:11:218  vt_info数据表，第23次写入成功
2020-12-22 06:31:11:220  vt_info数据表，第24次写入成功
2020-12-22 06:31:11:221  vt_info数据表，第25次写入成功
2020-12-22 06:31:11:223  vt_info数据表，第26次写入成功
2020-12-22 06:31:11:225  vt_info数据表，第27次写入成功
2020-12-22 06:31:11:226  vt_info数据表，第28次写入成功
2020-12-22 06:31:11:228  vt_info数据表，第29次写入成功
2020-12-22 06:31:11:229  vt_info数据表，第30次写入成功
2020-12-22 06:31:11:231  vt_info数据表，第31次写入成功
2020-12-22 06:31:11:232  vt_info数据表，第32次写入成功
2020-12-22 06:31:11:234  vt_info数据表，第33次写入成功
2020-12-22 06:31:11:267  vt_info数据表，第34次写入成功
2020-12-22 06:31:11:268  vt_info数据表，第35次写入成功
2020-12-22 06:31:11:270  vt_info数据表，第36次写入成功
2020-12-22 06:31:11:272  vt_info数据表，第37次写入成功
2020-12-22 06:31:11:273  vt_info数据表，第38次写入成功
2020-12-22 06:31:11:276  vt_info数据表，第39次写入成功
2020-12-22 06:31:11:277  vt_info数据表，第40次写入成功
2020-12-22 06:31:11:279  vt_info数据表，第41次写入成功
2020-12-22 06:31:11:281  vt_info数据表，第42次写入成功
2020-12-22 06:31:11:282  vt_info数据表，第43次写入成功
2020-12-22 06:31:11:284  vt_info数据表，第44次写入成功
2020-12-22 06:31:11:286  vt_info数据表，第45次写入成功
2020-12-22 06:31:11:287  vt_info数据表，第46次写入成功
2020-12-22 06:31:11:289  vt_info数据表，第47次写入成功
2020-12-22 06:31:11:331  motor_info数据表，第0次写入成功
2020-12-22 06:31:11:333  motor_info数据表，第1次写入成功
2020-12-22 06:31:11:335  motor_info数据表，第2次写入成功
2020-12-22 06:31:11:336  motor_info数据表，第3次写入成功
2020-12-22 06:31:11:338  motor_info数据表，第4次写入成功
2020-12-22 06:31:11:339  motor_info数据表，第5次写入成功
2020-12-22 06:31:11:341  motor_info数据表，第6次写入成功
2020-12-22 06:31:11:343  motor_info数据表，第7次写入成功
2020-12-22 06:31:11:344  motor_info数据表，第8次写入成功
2020-12-22 06:31:11:346  motor_info数据表，第9次写入成功
2020-12-22 06:31:11:347  motor_info数据表，第10次写入成功
2020-12-22 06:31:11:349  motor_info数据表，第11次写入成功
2020-12-22 06:31:11:350  motor_info数据表，第12次写入成功
2020-12-22 06:31:11:352  motor_info数据表，第13次写入成功
2020-12-22 06:31:11:353  motor_info数据表，第14次写入成功
2020-12-22 06:31:11:355  motor_info数据表，第15次写入成功
2020-12-22 06:31:11:356  数据库关闭！
2020-12-22 06:38:36:909  收到来车信号，流水号：20201222063836，所有设备开始采集
2020-12-22 06:38:36:975  开启A/D采集
2020-12-22 06:38:58:426  收到离车信号，流水号：20201222063836，线号：14，车号：041042，主控端：0，所有设备停止采集
2020-12-22 06:38:58:461  收到停止采集命令，开始停止采集
2020-12-22 06:38:58:496  停止采集数据
2020-12-22 06:38:58:498  采集连接已断开
2020-12-22 06:38:58:499  开始数据分析和落盘
2020-12-22 06:39:02:521  vibration1完成落盘
2020-12-22 06:39:05:592  vibration2完成落盘
2020-12-22 06:39:08:612  vibration3完成落盘
2020-12-22 06:39:11:887  vibration4完成落盘
2020-12-22 06:39:15:121  vibration5完成落盘
2020-12-22 06:39:18:138  vibration6完成落盘
2020-12-22 06:39:21:645  vibration7完成落盘
2020-12-22 06:39:25:576  vibration8完成落盘
2020-12-22 06:39:29:417  magnetic1完成落盘
2020-12-22 06:39:33:449  magnetic2完成落盘
2020-12-22 06:39:36:771  magnetic3完成落盘
2020-12-22 06:39:40:324  magnetic4完成落盘
2020-12-22 06:39:43:618  temperate1完成落盘
2020-12-22 06:39:46:736  temperate2完成落盘
2020-12-22 06:39:49:819  temperate3完成落盘
2020-12-22 06:39:52:750  temperate4完成落盘
2020-12-22 06:39:52:758  开始处理数据
2020-12-22 06:39:53:280  右侧计算完成
2020-12-22 06:39:53:651  左侧计算完成
2020-12-22 06:39:53:653  检查结果数据
2020-12-22 06:39:53:654  通知桌面显示数据
2020-12-22 06:39:53:670  开始写入数据库
2020-12-22 06:39:53:693  预警及报警参数加载完成
2020-12-22 06:39:53:694  数据库打开成功
2020-12-22 06:39:53:855  train_info数据表写入成功
2020-12-22 06:39:53:857  train_onlyid读取成功
2020-12-22 06:39:53:858  train_data数据表写入成功
2020-12-22 06:39:53:860  vt_info数据表，第0次写入成功
2020-12-22 06:39:53:861  vt_info数据表，第1次写入成功
2020-12-22 06:39:53:862  vt_info数据表，第2次写入成功
2020-12-22 06:39:53:864  vt_info数据表，第3次写入成功
2020-12-22 06:39:53:865  vt_info数据表，第4次写入成功
2020-12-22 06:39:53:866  vt_info数据表，第5次写入成功
2020-12-22 06:39:53:868  vt_info数据表，第6次写入成功
2020-12-22 06:39:53:869  vt_info数据表，第7次写入成功
2020-12-22 06:39:53:871  vt_info数据表，第8次写入成功
2020-12-22 06:39:53:896  vt_info数据表，第9次写入成功
2020-12-22 06:39:53:897  vt_info数据表，第10次写入成功
2020-12-22 06:39:53:899  vt_info数据表，第11次写入成功
2020-12-22 06:39:53:900  vt_info数据表，第12次写入成功
2020-12-22 06:39:53:901  vt_info数据表，第13次写入成功
2020-12-22 06:39:53:903  vt_info数据表，第14次写入成功
2020-12-22 06:39:53:904  vt_info数据表，第15次写入成功
2020-12-22 06:39:53:905  vt_info数据表，第16次写入成功
2020-12-22 06:39:53:906  vt_info数据表，第17次写入成功
2020-12-22 06:39:53:908  vt_info数据表，第18次写入成功
2020-12-22 06:39:53:909  vt_info数据表，第19次写入成功
2020-12-22 06:39:53:935  vt_info数据表，第20次写入成功
2020-12-22 06:39:53:936  vt_info数据表，第21次写入成功
2020-12-22 06:39:53:938  vt_info数据表，第22次写入成功
2020-12-22 06:39:53:939  vt_info数据表，第23次写入成功
2020-12-22 06:39:53:940  vt_info数据表，第24次写入成功
2020-12-22 06:39:53:942  vt_info数据表，第25次写入成功
2020-12-22 06:39:53:943  vt_info数据表，第26次写入成功
2020-12-22 06:39:53:944  vt_info数据表，第27次写入成功
2020-12-22 06:39:53:946  vt_info数据表，第28次写入成功
2020-12-22 06:39:53:947  vt_info数据表，第29次写入成功
2020-12-22 06:39:53:948  vt_info数据表，第30次写入成功
2020-12-22 06:39:53:974  vt_info数据表，第31次写入成功
2020-12-22 06:39:53:975  vt_info数据表，第32次写入成功
2020-12-22 06:39:53:976  vt_info数据表，第33次写入成功
2020-12-22 06:39:53:977  vt_info数据表，第34次写入成功
2020-12-22 06:39:53:979  vt_info数据表，第35次写入成功
2020-12-22 06:39:53:980  vt_info数据表，第36次写入成功
2020-12-22 06:39:53:981  vt_info数据表，第37次写入成功
2020-12-22 06:39:53:982  vt_info数据表，第38次写入成功
2020-12-22 06:39:53:983  vt_info数据表，第39次写入成功
2020-12-22 06:39:53:985  vt_info数据表，第40次写入成功
2020-12-22 06:39:53:986  vt_info数据表，第41次写入成功
2020-12-22 06:39:54:010  vt_info数据表，第42次写入成功
2020-12-22 06:39:54:011  vt_info数据表，第43次写入成功
2020-12-22 06:39:54:013  vt_info数据表，第44次写入成功
2020-12-22 06:39:54:014  vt_info数据表，第45次写入成功
2020-12-22 06:39:54:015  vt_info数据表，第46次写入成功
2020-12-22 06:39:54:016  vt_info数据表，第47次写入成功
2020-12-22 06:39:54:018  motor_info数据表，第0次写入成功
2020-12-22 06:39:54:019  motor_info数据表，第1次写入成功
2020-12-22 06:39:54:020  motor_info数据表，第2次写入成功
2020-12-22 06:39:54:021  motor_info数据表，第3次写入成功
2020-12-22 06:39:54:023  motor_info数据表，第4次写入成功
2020-12-22 06:39:54:024  motor_info数据表，第5次写入成功
2020-12-22 06:39:54:057  motor_info数据表，第6次写入成功
2020-12-22 06:39:54:058  motor_info数据表，第7次写入成功
2020-12-22 06:39:54:059  motor_info数据表，第8次写入成功
2020-12-22 06:39:54:060  motor_info数据表，第9次写入成功
2020-12-22 06:39:54:061  motor_info数据表，第10次写入成功
2020-12-22 06:39:54:063  motor_info数据表，第11次写入成功
2020-12-22 06:39:54:064  motor_info数据表，第12次写入成功
2020-12-22 06:39:54:065  motor_info数据表，第13次写入成功
2020-12-22 06:39:54:066  motor_info数据表，第14次写入成功
2020-12-22 06:39:54:067  motor_info数据表，第15次写入成功
2020-12-22 06:39:54:068  数据库关闭！
2020-12-22 06:44:29:889  收到来车信号，流水号：20201222064429，所有设备开始采集
2020-12-22 06:44:29:956  开启A/D采集
2020-12-22 06:44:51:370  收到离车信号，流水号：20201222064429，线号：14，车号：055056，主控端：1，所有设备停止采集
2020-12-22 06:44:51:404  收到停止采集命令，开始停止采集
2020-12-22 06:44:51:441  停止采集数据
2020-12-22 06:44:51:443  采集连接已断开
2020-12-22 06:44:51:445  开始数据分析和落盘
2020-12-22 06:44:55:698  vibration1完成落盘
2020-12-22 06:44:59:459  vibration2完成落盘
2020-12-22 06:45:03:345  vibration3完成落盘
2020-12-22 06:45:07:180  vibration4完成落盘
2020-12-22 06:45:11:165  vibration5完成落盘
2020-12-22 06:45:14:587  vibration6完成落盘
2020-12-22 06:45:18:081  vibration7完成落盘
2020-12-22 06:45:21:329  vibration8完成落盘
2020-12-22 06:45:25:382  magnetic1完成落盘
2020-12-22 06:45:28:522  magnetic2完成落盘
2020-12-22 06:45:31:593  magnetic3完成落盘
2020-12-22 06:45:34:853  magnetic4完成落盘
2020-12-22 06:45:38:187  temperate1完成落盘
2020-12-22 06:45:41:863  temperate2完成落盘
2020-12-22 06:45:45:190  temperate3完成落盘
2020-12-22 06:45:48:390  temperate4完成落盘
2020-12-22 06:45:48:396  开始处理数据
2020-12-22 06:45:48:927  右侧计算完成
2020-12-22 06:45:49:383  左侧计算完成
2020-12-22 06:45:49:385  检查结果数据
2020-12-22 06:45:49:386  通知桌面显示数据
2020-12-22 06:45:49:403  开始写入数据库
2020-12-22 06:45:49:432  预警及报警参数加载完成
2020-12-22 06:45:49:433  数据库打开成功
2020-12-22 06:45:49:435  train_info数据表写入成功
2020-12-22 06:45:49:617  train_onlyid读取成功
2020-12-22 06:45:49:618  train_data数据表写入成功
2020-12-22 06:45:49:620  vt_info数据表，第0次写入成功
2020-12-22 06:45:49:621  vt_info数据表，第1次写入成功
2020-12-22 06:45:49:623  vt_info数据表，第2次写入成功
2020-12-22 06:45:49:624  vt_info数据表，第3次写入成功
2020-12-22 06:45:49:626  vt_info数据表，第4次写入成功
2020-12-22 06:45:49:627  vt_info数据表，第5次写入成功
2020-12-22 06:45:49:629  vt_info数据表，第6次写入成功
2020-12-22 06:45:49:631  vt_info数据表，第7次写入成功
2020-12-22 06:45:49:632  vt_info数据表，第8次写入成功
2020-12-22 06:45:49:634  vt_info数据表，第9次写入成功
2020-12-22 06:45:49:635  vt_info数据表，第10次写入成功
2020-12-22 06:45:49:637  vt_info数据表，第11次写入成功
2020-12-22 06:45:49:638  vt_info数据表，第12次写入成功
2020-12-22 06:45:49:640  vt_info数据表，第13次写入成功
2020-12-22 06:45:49:642  vt_info数据表，第14次写入成功
2020-12-22 06:45:49:674  vt_info数据表，第15次写入成功
2020-12-22 06:45:49:676  vt_info数据表，第16次写入成功
2020-12-22 06:45:49:677  vt_info数据表，第17次写入成功
2020-12-22 06:45:49:679  vt_info数据表，第18次写入成功
2020-12-22 06:45:49:681  vt_info数据表，第19次写入成功
2020-12-22 06:45:49:682  vt_info数据表，第20次写入成功
2020-12-22 06:45:49:684  vt_info数据表，第21次写入成功
2020-12-22 06:45:49:685  vt_info数据表，第22次写入成功
2020-12-22 06:45:49:687  vt_info数据表，第23次写入成功
2020-12-22 06:45:49:689  vt_info数据表，第24次写入成功
2020-12-22 06:45:49:690  vt_info数据表，第25次写入成功
2020-12-22 06:45:49:692  vt_info数据表，第26次写入成功
2020-12-22 06:45:49:693  vt_info数据表，第27次写入成功
2020-12-22 06:45:49:695  vt_info数据表，第28次写入成功
2020-12-22 06:45:49:697  vt_info数据表，第29次写入成功
2020-12-22 06:45:49:698  vt_info数据表，第30次写入成功
2020-12-22 06:45:49:732  vt_info数据表，第31次写入成功
2020-12-22 06:45:49:733  vt_info数据表，第32次写入成功
2020-12-22 06:45:49:735  vt_info数据表，第33次写入成功
2020-12-22 06:45:49:736  vt_info数据表，第34次写入成功
2020-12-22 06:45:49:738  vt_info数据表，第35次写入成功
2020-12-22 06:45:49:739  vt_info数据表，第36次写入成功
2020-12-22 06:45:49:741  vt_info数据表，第37次写入成功
2020-12-22 06:45:49:742  vt_info数据表，第38次写入成功
2020-12-22 06:45:49:743  vt_info数据表，第39次写入成功
2020-12-22 06:45:49:745  vt_info数据表，第40次写入成功
2020-12-22 06:45:49:746  vt_info数据表，第41次写入成功
2020-12-22 06:45:49:748  vt_info数据表，第42次写入成功
2020-12-22 06:45:49:749  vt_info数据表，第43次写入成功
2020-12-22 06:45:49:751  vt_info数据表，第44次写入成功
2020-12-22 06:45:49:752  vt_info数据表，第45次写入成功
2020-12-22 06:45:49:791  vt_info数据表，第46次写入成功
2020-12-22 06:45:49:793  vt_info数据表，第47次写入成功
2020-12-22 06:45:49:794  motor_info数据表，第0次写入成功
2020-12-22 06:45:49:796  motor_info数据表，第1次写入成功
2020-12-22 06:45:49:797  motor_info数据表，第2次写入成功
2020-12-22 06:45:49:798  motor_info数据表，第3次写入成功
2020-12-22 06:45:49:800  motor_info数据表，第4次写入成功
2020-12-22 06:45:49:801  motor_info数据表，第5次写入成功
2020-12-22 06:45:49:803  motor_info数据表，第6次写入成功
2020-12-22 06:45:49:804  motor_info数据表，第7次写入成功
2020-12-22 06:45:49:806  motor_info数据表，第8次写入成功
2020-12-22 06:45:49:807  motor_info数据表，第9次写入成功
2020-12-22 06:45:49:808  motor_info数据表，第10次写入成功
2020-12-22 06:45:49:810  motor_info数据表，第11次写入成功
2020-12-22 06:45:49:811  motor_info数据表，第12次写入成功
2020-12-22 06:45:49:813  motor_info数据表，第13次写入成功
2020-12-22 06:45:49:814  motor_info数据表，第14次写入成功
2020-12-22 06:45:49:815  motor_info数据表，第15次写入成功
2020-12-22 06:45:49:817  数据库关闭！
2020-12-22 06:48:30:674  收到来车信号，流水号：20201222064830，所有设备开始采集
2020-12-22 06:48:30:742  开启A/D采集
2020-12-22 06:48:52:170  收到离车信号，流水号：20201222064830，线号：14，车号：027028，主控端：0，所有设备停止采集
2020-12-22 06:48:52:204  收到停止采集命令，开始停止采集
2020-12-22 06:48:52:241  停止采集数据
2020-12-22 06:48:52:242  采集连接已断开
2020-12-22 06:48:52:244  开始数据分析和落盘
2020-12-22 06:48:56:803  vibration1完成落盘
2020-12-22 06:49:00:671  vibration2完成落盘
2020-12-22 06:49:03:678  vibration3完成落盘
2020-12-22 06:49:07:595  vibration4完成落盘
2020-12-22 06:49:11:393  vibration5完成落盘
2020-12-22 06:49:15:172  vibration6完成落盘
2020-12-22 06:49:18:668  vibration7完成落盘
2020-12-22 06:49:22:287  vibration8完成落盘
2020-12-22 06:49:25:820  magnetic1完成落盘
2020-12-22 06:49:29:513  magnetic2完成落盘
2020-12-22 06:49:32:772  magnetic3完成落盘
2020-12-22 06:49:36:046  magnetic4完成落盘
2020-12-22 06:49:39:107  temperate1完成落盘
2020-12-22 06:49:42:824  temperate2完成落盘
2020-12-22 06:49:46:028  temperate3完成落盘
2020-12-22 06:49:49:027  temperate4完成落盘
2020-12-22 06:49:49:031  开始处理数据
2020-12-22 06:49:49:594  右侧计算完成
2020-12-22 06:49:50:054  左侧计算完成
2020-12-22 06:49:50:056  检查结果数据
2020-12-22 06:49:50:058  通知桌面显示数据
2020-12-22 06:49:50:074  开始写入数据库
2020-12-22 06:49:50:102  预警及报警参数加载完成
2020-12-22 06:49:50:104  数据库打开成功
2020-12-22 06:49:50:105  train_info数据表写入成功
2020-12-22 06:49:50:283  train_onlyid读取成功
2020-12-22 06:49:50:285  train_data数据表写入成功
2020-12-22 06:49:50:286  vt_info数据表，第0次写入成功
2020-12-22 06:49:50:288  vt_info数据表，第1次写入成功
2020-12-22 06:49:50:290  vt_info数据表，第2次写入成功
2020-12-22 06:49:50:291  vt_info数据表，第3次写入成功
2020-12-22 06:49:50:293  vt_info数据表，第4次写入成功
2020-12-22 06:49:50:294  vt_info数据表，第5次写入成功
2020-12-22 06:49:50:296  vt_info数据表，第6次写入成功
2020-12-22 06:49:50:297  vt_info数据表，第7次写入成功
2020-12-22 06:49:50:299  vt_info数据表，第8次写入成功
2020-12-22 06:49:50:301  vt_info数据表，第9次写入成功
2020-12-22 06:49:50:302  vt_info数据表，第10次写入成功
2020-12-22 06:49:50:304  vt_info数据表，第11次写入成功
2020-12-22 06:49:50:306  vt_info数据表，第12次写入成功
2020-12-22 06:49:50:307  vt_info数据表，第13次写入成功
2020-12-22 06:49:50:341  vt_info数据表，第14次写入成功
2020-12-22 06:49:50:342  vt_info数据表，第15次写入成功
2020-12-22 06:49:50:344  vt_info数据表，第16次写入成功
2020-12-22 06:49:50:346  vt_info数据表，第17次写入成功
2020-12-22 06:49:50:347  vt_info数据表，第18次写入成功
2020-12-22 06:49:50:349  vt_info数据表，第19次写入成功
2020-12-22 06:49:50:350  vt_info数据表，第20次写入成功
2020-12-22 06:49:50:352  vt_info数据表，第21次写入成功
2020-12-22 06:49:50:354  vt_info数据表，第22次写入成功
2020-12-22 06:49:50:355  vt_info数据表，第23次写入成功
2020-12-22 06:49:50:357  vt_info数据表，第24次写入成功
2020-12-22 06:49:50:358  vt_info数据表，第25次写入成功
2020-12-22 06:49:50:360  vt_info数据表，第26次写入成功
2020-12-22 06:49:50:362  vt_info数据表，第27次写入成功
2020-12-22 06:49:50:363  vt_info数据表，第28次写入成功
2020-12-22 06:49:50:365  vt_info数据表，第29次写入成功
2020-12-22 06:49:50:398  vt_info数据表，第30次写入成功
2020-12-22 06:49:50:400  vt_info数据表，第31次写入成功
2020-12-22 06:49:50:402  vt_info数据表，第32次写入成功
2020-12-22 06:49:50:403  vt_info数据表，第33次写入成功
2020-12-22 06:49:50:405  vt_info数据表，第34次写入成功
2020-12-22 06:49:50:407  vt_info数据表，第35次写入成功
2020-12-22 06:49:50:408  vt_info数据表，第36次写入成功
2020-12-22 06:49:50:410  vt_info数据表，第37次写入成功
2020-12-22 06:49:50:411  vt_info数据表，第38次写入成功
2020-12-22 06:49:50:413  vt_info数据表，第39次写入成功
2020-12-22 06:49:50:415  vt_info数据表，第40次写入成功
2020-12-22 06:49:50:416  vt_info数据表，第41次写入成功
2020-12-22 06:49:50:418  vt_info数据表，第42次写入成功
2020-12-22 06:49:50:420  vt_info数据表，第43次写入成功
2020-12-22 06:49:50:421  vt_info数据表，第44次写入成功
2020-12-22 06:49:50:423  vt_info数据表，第45次写入成功
2020-12-22 06:49:50:466  vt_info数据表，第46次写入成功
2020-12-22 06:49:50:467  vt_info数据表，第47次写入成功
2020-12-22 06:49:50:469  motor_info数据表，第0次写入成功
2020-12-22 06:49:50:470  motor_info数据表，第1次写入成功
2020-12-22 06:49:50:472  motor_info数据表，第2次写入成功
2020-12-22 06:49:50:473  motor_info数据表，第3次写入成功
2020-12-22 06:49:50:475  motor_info数据表，第4次写入成功
2020-12-22 06:49:50:476  motor_info数据表，第5次写入成功
2020-12-22 06:49:50:478  motor_info数据表，第6次写入成功
2020-12-22 06:49:50:480  motor_info数据表，第7次写入成功
2020-12-22 06:49:50:481  motor_info数据表，第8次写入成功
2020-12-22 06:49:50:483  motor_info数据表，第9次写入成功
2020-12-22 06:49:50:484  motor_info数据表，第10次写入成功
2020-12-22 06:49:50:486  motor_info数据表，第11次写入成功
2020-12-22 06:49:50:487  motor_info数据表，第12次写入成功
2020-12-22 06:49:50:489  motor_info数据表，第13次写入成功
2020-12-22 06:49:50:490  motor_info数据表，第14次写入成功
2020-12-22 06:49:50:492  motor_info数据表，第15次写入成功
2020-12-22 06:49:50:494  数据库关闭！
2020-12-22 06:55:43:894  收到来车信号，流水号：20201222065543，所有设备开始采集
2020-12-22 06:55:43:963  开启A/D采集
2020-12-22 06:56:05:371  收到离车信号，流水号：20201222065543，线号：14，车号：017018，主控端：1，所有设备停止采集
2020-12-22 06:56:05:406  收到停止采集命令，开始停止采集
2020-12-22 06:56:05:444  停止采集数据
2020-12-22 06:56:05:445  采集连接已断开
2020-12-22 06:56:05:447  开始数据分析和落盘
2020-12-22 06:56:10:302  vibration1完成落盘
2020-12-22 06:56:14:309  vibration2完成落盘
2020-12-22 06:56:18:465  vibration3完成落盘
2020-12-22 06:56:22:517  vibration4完成落盘
2020-12-22 06:56:26:708  vibration5完成落盘
2020-12-22 06:56:30:938  vibration6完成落盘
2020-12-22 06:56:35:133  vibration7完成落盘
2020-12-22 06:56:39:322  vibration8完成落盘
2020-12-22 06:56:43:554  magnetic1完成落盘
2020-12-22 06:56:47:773  magnetic2完成落盘
2020-12-22 06:56:51:958  magnetic3完成落盘
2020-12-22 06:56:56:148  magnetic4完成落盘
2020-12-22 06:57:00:171  temperate1完成落盘
2020-12-22 06:57:04:156  temperate2完成落盘
2020-12-22 06:57:08:062  temperate3完成落盘
2020-12-22 06:57:12:060  temperate4完成落盘
2020-12-22 06:57:12:066  开始处理数据
2020-12-22 06:57:12:625  右侧计算完成
2020-12-22 06:57:13:082  左侧计算完成
2020-12-22 06:57:13:084  检查结果数据
2020-12-22 06:57:13:085  通知桌面显示数据
2020-12-22 06:57:13:102  开始写入数据库
2020-12-22 06:57:13:131  预警及报警参数加载完成
2020-12-22 06:57:13:133  数据库打开成功
2020-12-22 06:57:13:134  train_info数据表写入成功
2020-12-22 06:57:13:314  train_onlyid读取成功
2020-12-22 06:57:13:316  train_data数据表写入成功
2020-12-22 06:57:13:318  vt_info数据表，第0次写入成功
2020-12-22 06:57:13:320  vt_info数据表，第1次写入成功
2020-12-22 06:57:13:321  vt_info数据表，第2次写入成功
2020-12-22 06:57:13:323  vt_info数据表，第3次写入成功
2020-12-22 06:57:13:325  vt_info数据表，第4次写入成功
2020-12-22 06:57:13:326  vt_info数据表，第5次写入成功
2020-12-22 06:57:13:328  vt_info数据表，第6次写入成功
2020-12-22 06:57:13:330  vt_info数据表，第7次写入成功
2020-12-22 06:57:13:331  vt_info数据表，第8次写入成功
2020-12-22 06:57:13:333  vt_info数据表，第9次写入成功
2020-12-22 06:57:13:335  vt_info数据表，第10次写入成功
2020-12-22 06:57:13:336  vt_info数据表，第11次写入成功
2020-12-22 06:57:13:338  vt_info数据表，第12次写入成功
2020-12-22 06:57:13:339  vt_info数据表，第13次写入成功
2020-12-22 06:57:13:341  vt_info数据表，第14次写入成功
2020-12-22 06:57:13:343  vt_info数据表，第15次写入成功
2020-12-22 06:57:13:374  vt_info数据表，第16次写入成功
2020-12-22 06:57:13:376  vt_info数据表，第17次写入成功
2020-12-22 06:57:13:378  vt_info数据表，第18次写入成功
2020-12-22 06:57:13:379  vt_info数据表，第19次写入成功
2020-12-22 06:57:13:381  vt_info数据表，第20次写入成功
2020-12-22 06:57:13:383  vt_info数据表，第21次写入成功
2020-12-22 06:57:13:384  vt_info数据表，第22次写入成功
2020-12-22 06:57:13:386  vt_info数据表，第23次写入成功
2020-12-22 06:57:13:387  vt_info数据表，第24次写入成功
2020-12-22 06:57:13:389  vt_info数据表，第25次写入成功
2020-12-22 06:57:13:391  vt_info数据表，第26次写入成功
2020-12-22 06:57:13:393  vt_info数据表，第27次写入成功
2020-12-22 06:57:13:394  vt_info数据表，第28次写入成功
2020-12-22 06:57:13:396  vt_info数据表，第29次写入成功
2020-12-22 06:57:13:397  vt_info数据表，第30次写入成功
2020-12-22 06:57:13:399  vt_info数据表，第31次写入成功
2020-12-22 06:57:13:401  vt_info数据表，第32次写入成功
2020-12-22 06:57:13:434  vt_info数据表，第33次写入成功
2020-12-22 06:57:13:435  vt_info数据表，第34次写入成功
2020-12-22 06:57:13:437  vt_info数据表，第35次写入成功
2020-12-22 06:57:13:439  vt_info数据表，第36次写入成功
2020-12-22 06:57:13:440  vt_info数据表，第37次写入成功
2020-12-22 06:57:13:442  vt_info数据表，第38次写入成功
2020-12-22 06:57:13:443  vt_info数据表，第39次写入成功
2020-12-22 06:57:13:445  vt_info数据表，第40次写入成功
2020-12-22 06:57:13:447  vt_info数据表，第41次写入成功
2020-12-22 06:57:13:448  vt_info数据表，第42次写入成功
2020-12-22 06:57:13:450  vt_info数据表，第43次写入成功
2020-12-22 06:57:13:451  vt_info数据表，第44次写入成功
2020-12-22 06:57:13:453  vt_info数据表，第45次写入成功
2020-12-22 06:57:13:454  vt_info数据表，第46次写入成功
2020-12-22 06:57:13:456  vt_info数据表，第47次写入成功
2020-12-22 06:57:13:458  motor_info数据表，第0次写入成功
2020-12-22 06:57:13:459  motor_info数据表，第1次写入成功
2020-12-22 06:57:13:502  motor_info数据表，第2次写入成功
2020-12-22 06:57:13:504  motor_info数据表，第3次写入成功
2020-12-22 06:57:13:505  motor_info数据表，第4次写入成功
2020-12-22 06:57:13:507  motor_info数据表，第5次写入成功
2020-12-22 06:57:13:508  motor_info数据表，第6次写入成功
2020-12-22 06:57:13:510  motor_info数据表，第7次写入成功
2020-12-22 06:57:13:512  motor_info数据表，第8次写入成功
2020-12-22 06:57:13:513  motor_info数据表，第9次写入成功
2020-12-22 06:57:13:515  motor_info数据表，第10次写入成功
2020-12-22 06:57:13:516  motor_info数据表，第11次写入成功
2020-12-22 06:57:13:518  motor_info数据表，第12次写入成功
2020-12-22 06:57:13:519  motor_info数据表，第13次写入成功
2020-12-22 06:57:13:521  motor_info数据表，第14次写入成功
2020-12-22 06:57:13:523  motor_info数据表，第15次写入成功
2020-12-22 06:57:13:524  数据库关闭！
