2022-06-26 22:02:07:049  preprocess:磁钢信号预处理完成，位置标记：1
2022-06-26 22:02:07:054  temperatureCalculate：G2分轮完成，分轮数尺度为：48
2022-06-26 22:02:07:061  temperatureCalculate：轴承端盖温度特征值计算完成, 位置标记：1
2022-06-26 22:02:07:066  electricalTemperatureCalculate:电机温度计算完成, 位置标记：1
2022-06-26 22:02:07:067  electricalTemperatureCalculate:电机温度计算完成, 位置标记：1
2022-06-26 22:02:07:072  electricalTemperatureCalculate:电机温度计算完成, 位置标记：1
2022-06-26 22:02:07:074  electricalTemperatureCalculate:电机温度计算完成, 位置标记：1
2022-06-26 22:02:07:077  electricalTemperatureCalculate:电机温度计算完成, 位置标记：1
2022-06-26 22:02:07:082  electricalTemperatureCalculate:电机温度计算完成, 位置标记：1
2022-06-26 22:02:07:083  electricalTemperatureCalculate:电机温度计算完成, 位置标记：1
2022-06-26 22:02:07:085  electricalTemperatureCalculate:电机温度计算完成, 位置标记：1
2022-06-26 22:02:07:086  车速为：22.0154位置标记为：1
2022-06-26 22:02:07:095  vibrationCalculate:计算完成, 位置标记：1
2022-06-26 22:02:07:179  vibrationCalculate:振动特征值计算完成, 位置标记：1
2022-06-26 22:02:07:223  preprocess:磁钢信号预处理完成，位置标记：0
2022-06-26 22:02:07:228  temperatureCalculate：G2分轮完成，分轮数尺度为：48
2022-06-26 22:02:07:234  temperatureCalculate：轴承端盖温度特征值计算完成, 位置标记：0
2022-06-26 22:02:07:239  electricalTemperatureCalculate:电机温度计算完成, 位置标记：0
2022-06-26 22:02:07:241  electricalTemperatureCalculate:电机温度计算完成, 位置标记：0
2022-06-26 22:02:07:242  electricalTemperatureCalculate:电机温度计算完成, 位置标记：0
2022-06-26 22:02:07:244  electricalTemperatureCalculate:电机温度计算完成, 位置标记：0
2022-06-26 22:02:07:245  electricalTemperatureCalculate:电机温度计算完成, 位置标记：0
2022-06-26 22:02:07:247  electricalTemperatureCalculate:电机温度计算完成, 位置标记：0
2022-06-26 22:02:07:249  electricalTemperatureCalculate:电机温度计算完成, 位置标记：0
2022-06-26 22:02:07:250  electricalTemperatureCalculate:电机温度计算完成, 位置标记：0
2022-06-26 22:02:07:250  车速为：22.0154位置标记为：0
2022-06-26 22:02:07:260  vibrationCalculate:计算完成, 位置标记：0
2022-06-26 22:02:07:343  vibrationCalculate:振动特征值计算完成, 位置标记：0
2022-06-26 22:09:35:801  preprocess:磁钢信号预处理完成，位置标记：1
2022-06-26 22:09:35:807  temperatureCalculate：G2分轮完成，分轮数尺度为：48
2022-06-26 22:09:35:816  temperatureCalculate：轴承端盖温度特征值计算完成, 位置标记：1
2022-06-26 22:09:35:822  electricalTemperatureCalculate:电机温度计算完成, 位置标记：1
2022-06-26 22:09:35:823  electricalTemperatureCalculate:电机温度计算完成, 位置标记：1
2022-06-26 22:09:35:824  electricalTemperatureCalculate:电机温度计算完成, 位置标记：1
2022-06-26 22:09:35:825  electricalTemperatureCalculate:电机温度计算完成, 位置标记：1
2022-06-26 22:09:35:827  electricalTemperatureCalculate:电机温度计算完成, 位置标记：1
2022-06-26 22:09:35:828  electricalTemperatureCalculate:电机温度计算完成, 位置标记：1
2022-06-26 22:09:35:829  electricalTemperatureCalculate:电机温度计算完成, 位置标记：1
2022-06-26 22:09:35:831  electricalTemperatureCalculate:电机温度计算完成, 位置标记：1
2022-06-26 22:09:35:831  车速为：22.0154位置标记为：1
2022-06-26 22:09:35:840  vibrationCalculate:计算完成, 位置标记：1
2022-06-26 22:09:35:927  vibrationCalculate:振动特征值计算完成, 位置标记：1
2022-06-26 22:09:35:971  preprocess:磁钢信号预处理完成，位置标记：0
2022-06-26 22:09:35:979  temperatureCalculate：G2分轮完成，分轮数尺度为：48
2022-06-26 22:09:35:986  temperatureCalculate：轴承端盖温度特征值计算完成, 位置标记：0
2022-06-26 22:09:35:991  electricalTemperatureCalculate:电机温度计算完成, 位置标记：0
2022-06-26 22:09:35:993  electricalTemperatureCalculate:电机温度计算完成, 位置标记：0
2022-06-26 22:09:35:994  electricalTemperatureCalculate:电机温度计算完成, 位置标记：0
2022-06-26 22:09:35:996  electricalTemperatureCalculate:电机温度计算完成, 位置标记：0
2022-06-26 22:09:35:997  electricalTemperatureCalculate:电机温度计算完成, 位置标记：0
2022-06-26 22:09:35:998  electricalTemperatureCalculate:电机温度计算完成, 位置标记：0
2022-06-26 22:09:36:000  electricalTemperatureCalculate:电机温度计算完成, 位置标记：0
2022-06-26 22:09:36:001  electricalTemperatureCalculate:电机温度计算完成, 位置标记：0
2022-06-26 22:09:36:002  车速为：22.0154位置标记为：0
2022-06-26 22:09:36:013  vibrationCalculate:计算完成, 位置标记：0
2022-06-26 22:09:36:097  vibrationCalculate:振动特征值计算完成, 位置标记：0
2022-06-26 22:10:41:137  preprocess:磁钢信号预处理完成，位置标记：1
2022-06-26 22:10:41:142  temperatureCalculate：G2分轮完成，分轮数尺度为：48
2022-06-26 22:10:41:148  temperatureCalculate：轴承端盖温度特征值计算完成, 位置标记：1
2022-06-26 22:10:41:159  electricalTemperatureCalculate:电机温度计算完成, 位置标记：1
2022-06-26 22:10:41:162  electricalTemperatureCalculate:电机温度计算完成, 位置标记：1
2022-06-26 22:10:41:167  electricalTemperatureCalculate:电机温度计算完成, 位置标记：1
2022-06-26 22:10:41:169  electricalTemperatureCalculate:电机温度计算完成, 位置标记：1
2022-06-26 22:10:41:171  electricalTemperatureCalculate:电机温度计算完成, 位置标记：1
2022-06-26 22:10:41:171  electricalTemperatureCalculate:电机温度计算完成, 位置标记：1
2022-06-26 22:10:41:173  electricalTemperatureCalculate:电机温度计算完成, 位置标记：1
2022-06-26 22:10:41:174  electricalTemperatureCalculate:电机温度计算完成, 位置标记：1
2022-06-26 22:10:41:174  车速为：22.0154位置标记为：1
2022-06-26 22:10:41:184  vibrationCalculate:计算完成, 位置标记：1
2022-06-26 22:10:41:270  vibrationCalculate:振动特征值计算完成, 位置标记：1
2022-06-26 22:10:41:314  preprocess:磁钢信号预处理完成，位置标记：0
2022-06-26 22:10:41:320  temperatureCalculate：G2分轮完成，分轮数尺度为：48
2022-06-26 22:10:41:327  temperatureCalculate：轴承端盖温度特征值计算完成, 位置标记：0
2022-06-26 22:10:41:332  electricalTemperatureCalculate:电机温度计算完成, 位置标记：0
2022-06-26 22:10:41:334  electricalTemperatureCalculate:电机温度计算完成, 位置标记：0
2022-06-26 22:10:41:335  electricalTemperatureCalculate:电机温度计算完成, 位置标记：0
2022-06-26 22:10:41:337  electricalTemperatureCalculate:电机温度计算完成, 位置标记：0
2022-06-26 22:10:41:338  electricalTemperatureCalculate:电机温度计算完成, 位置标记：0
2022-06-26 22:10:41:339  electricalTemperatureCalculate:电机温度计算完成, 位置标记：0
2022-06-26 22:10:41:341  electricalTemperatureCalculate:电机温度计算完成, 位置标记：0
2022-06-26 22:10:41:342  electricalTemperatureCalculate:电机温度计算完成, 位置标记：0
2022-06-26 22:10:41:342  车速为：22.0154位置标记为：0
2022-06-26 22:10:41:352  vibrationCalculate:计算完成, 位置标记：0
2022-06-26 22:10:41:442  vibrationCalculate:振动特征值计算完成, 位置标记：0
2022-06-26 22:11:34:106  preprocess:磁钢信号预处理完成，位置标记：1
2022-06-26 22:11:34:111  temperatureCalculate：G2分轮完成，分轮数尺度为：48
2022-06-26 22:11:34:118  temperatureCalculate：轴承端盖温度特征值计算完成, 位置标记：1
2022-06-26 22:11:34:124  electricalTemperatureCalculate:电机温度计算完成, 位置标记：1
2022-06-26 22:11:34:125  electricalTemperatureCalculate:电机温度计算完成, 位置标记：1
2022-06-26 22:11:34:127  electricalTemperatureCalculate:电机温度计算完成, 位置标记：1
2022-06-26 22:11:34:128  electricalTemperatureCalculate:电机温度计算完成, 位置标记：1
2022-06-26 22:11:34:129  electricalTemperatureCalculate:电机温度计算完成, 位置标记：1
2022-06-26 22:11:34:131  electricalTemperatureCalculate:电机温度计算完成, 位置标记：1
2022-06-26 22:11:34:132  electricalTemperatureCalculate:电机温度计算完成, 位置标记：1
2022-06-26 22:11:34:133  electricalTemperatureCalculate:电机温度计算完成, 位置标记：1
2022-06-26 22:11:34:134  车速为：22.0154位置标记为：1
2022-06-26 22:11:34:143  vibrationCalculate:计算完成, 位置标记：1
2022-06-26 22:11:34:225  vibrationCalculate:振动特征值计算完成, 位置标记：1
2022-06-26 22:11:34:271  preprocess:磁钢信号预处理完成，位置标记：0
2022-06-26 22:11:34:277  temperatureCalculate：G2分轮完成，分轮数尺度为：48
2022-06-26 22:11:34:285  temperatureCalculate：轴承端盖温度特征值计算完成, 位置标记：0
2022-06-26 22:11:34:291  electricalTemperatureCalculate:电机温度计算完成, 位置标记：0
2022-06-26 22:11:34:293  electricalTemperatureCalculate:电机温度计算完成, 位置标记：0
2022-06-26 22:11:34:294  electricalTemperatureCalculate:电机温度计算完成, 位置标记：0
2022-06-26 22:11:34:296  electricalTemperatureCalculate:电机温度计算完成, 位置标记：0
2022-06-26 22:11:34:297  electricalTemperatureCalculate:电机温度计算完成, 位置标记：0
2022-06-26 22:11:34:299  electricalTemperatureCalculate:电机温度计算完成, 位置标记：0
2022-06-26 22:11:34:300  electricalTemperatureCalculate:电机温度计算完成, 位置标记：0
2022-06-26 22:11:34:301  electricalTemperatureCalculate:电机温度计算完成, 位置标记：0
2022-06-26 22:11:34:302  车速为：22.0154位置标记为：0
2022-06-26 22:11:34:311  vibrationCalculate:计算完成, 位置标记：0
2022-06-26 22:11:34:395  vibrationCalculate:振动特征值计算完成, 位置标记：0
2022-06-26 22:12:44:038  preprocess:磁钢信号预处理完成，位置标记：1
2022-06-26 22:12:44:044  temperatureCalculate：G2分轮完成，分轮数尺度为：48
2022-06-26 22:12:44:052  temperatureCalculate：轴承端盖温度特征值计算完成, 位置标记：1
2022-06-26 22:12:44:058  electricalTemperatureCalculate:电机温度计算完成, 位置标记：1
2022-06-26 22:12:44:060  electricalTemperatureCalculate:电机温度计算完成, 位置标记：1
2022-06-26 22:12:44:062  electricalTemperatureCalculate:电机温度计算完成, 位置标记：1
2022-06-26 22:12:44:063  electricalTemperatureCalculate:电机温度计算完成, 位置标记：1
2022-06-26 22:12:44:064  electricalTemperatureCalculate:电机温度计算完成, 位置标记：1
2022-06-26 22:12:44:066  electricalTemperatureCalculate:电机温度计算完成, 位置标记：1
2022-06-26 22:12:44:067  electricalTemperatureCalculate:电机温度计算完成, 位置标记：1
2022-06-26 22:12:44:069  electricalTemperatureCalculate:电机温度计算完成, 位置标记：1
2022-06-26 22:12:44:069  车速为：22.0154位置标记为：1
2022-06-26 22:12:44:079  vibrationCalculate:计算完成, 位置标记：1
2022-06-26 22:12:44:163  vibrationCalculate:振动特征值计算完成, 位置标记：1
2022-06-26 22:12:44:211  preprocess:磁钢信号预处理完成，位置标记：0
2022-06-26 22:12:44:218  temperatureCalculate：G2分轮完成，分轮数尺度为：48
2022-06-26 22:12:44:225  temperatureCalculate：轴承端盖温度特征值计算完成, 位置标记：0
2022-06-26 22:12:44:231  electricalTemperatureCalculate:电机温度计算完成, 位置标记：0
2022-06-26 22:12:44:232  electricalTemperatureCalculate:电机温度计算完成, 位置标记：0
2022-06-26 22:12:44:233  electricalTemperatureCalculate:电机温度计算完成, 位置标记：0
2022-06-26 22:12:44:235  electricalTemperatureCalculate:电机温度计算完成, 位置标记：0
2022-06-26 22:12:44:236  electricalTemperatureCalculate:电机温度计算完成, 位置标记：0
2022-06-26 22:12:44:237  electricalTemperatureCalculate:电机温度计算完成, 位置标记：0
2022-06-26 22:12:44:238  electricalTemperatureCalculate:电机温度计算完成, 位置标记：0
2022-06-26 22:12:44:239  electricalTemperatureCalculate:电机温度计算完成, 位置标记：0
2022-06-26 22:12:44:240  车速为：22.0154位置标记为：0
2022-06-26 22:12:44:249  vibrationCalculate:计算完成, 位置标记：0
2022-06-26 22:12:44:335  vibrationCalculate:振动特征值计算完成, 位置标记：0
2022-06-26 22:14:23:121  preprocess:磁钢信号预处理完成，位置标记：1
2022-06-26 22:14:23:126  temperatureCalculate：G2分轮完成，分轮数尺度为：48
2022-06-26 22:14:23:133  temperatureCalculate：轴承端盖温度特征值计算完成, 位置标记：1
2022-06-26 22:14:23:138  electricalTemperatureCalculate:电机温度计算完成, 位置标记：1
2022-06-26 22:14:23:140  electricalTemperatureCalculate:电机温度计算完成, 位置标记：1
2022-06-26 22:14:23:141  electricalTemperatureCalculate:电机温度计算完成, 位置标记：1
2022-06-26 22:14:23:142  electricalTemperatureCalculate:电机温度计算完成, 位置标记：1
2022-06-26 22:14:23:143  electricalTemperatureCalculate:电机温度计算完成, 位置标记：1
2022-06-26 22:14:23:144  electricalTemperatureCalculate:电机温度计算完成, 位置标记：1
2022-06-26 22:14:23:146  electricalTemperatureCalculate:电机温度计算完成, 位置标记：1
2022-06-26 22:14:23:147  electricalTemperatureCalculate:电机温度计算完成, 位置标记：1
2022-06-26 22:14:23:148  车速为：22.0154位置标记为：1
2022-06-26 22:14:23:157  vibrationCalculate:计算完成, 位置标记：1
2022-06-26 22:14:23:248  vibrationCalculate:振动特征值计算完成, 位置标记：1
2022-06-26 22:14:23:307  preprocess:磁钢信号预处理完成，位置标记：0
2022-06-26 22:14:23:313  temperatureCalculate：G2分轮完成，分轮数尺度为：48
2022-06-26 22:14:23:320  temperatureCalculate：轴承端盖温度特征值计算完成, 位置标记：0
2022-06-26 22:14:23:325  electricalTemperatureCalculate:电机温度计算完成, 位置标记：0
2022-06-26 22:14:23:327  electricalTemperatureCalculate:电机温度计算完成, 位置标记：0
2022-06-26 22:14:23:328  electricalTemperatureCalculate:电机温度计算完成, 位置标记：0
2022-06-26 22:14:23:329  electricalTemperatureCalculate:电机温度计算完成, 位置标记：0
2022-06-26 22:14:23:331  electricalTemperatureCalculate:电机温度计算完成, 位置标记：0
2022-06-26 22:14:23:332  electricalTemperatureCalculate:电机温度计算完成, 位置标记：0
2022-06-26 22:14:23:333  electricalTemperatureCalculate:电机温度计算完成, 位置标记：0
2022-06-26 22:14:23:335  electricalTemperatureCalculate:电机温度计算完成, 位置标记：0
2022-06-26 22:14:23:336  车速为：22.0154位置标记为：0
2022-06-26 22:14:23:346  vibrationCalculate:计算完成, 位置标记：0
2022-06-26 22:14:23:428  vibrationCalculate:振动特征值计算完成, 位置标记：0
2022-06-26 22:18:21:307  preprocess:磁钢信号预处理完成，位置标记：1
2022-06-26 22:18:21:312  temperatureCalculate：G2分轮完成，分轮数尺度为：48
2022-06-26 22:18:21:318  temperatureCalculate：轴承端盖温度特征值计算完成, 位置标记：1
2022-06-26 22:18:21:323  electricalTemperatureCalculate:电机温度计算完成, 位置标记：1
2022-06-26 22:18:21:324  electricalTemperatureCalculate:电机温度计算完成, 位置标记：1
2022-06-26 22:18:21:325  electricalTemperatureCalculate:电机温度计算完成, 位置标记：1
2022-06-26 22:18:21:327  electricalTemperatureCalculate:电机温度计算完成, 位置标记：1
2022-06-26 22:18:21:328  electricalTemperatureCalculate:电机温度计算完成, 位置标记：1
2022-06-26 22:18:21:329  electricalTemperatureCalculate:电机温度计算完成, 位置标记：1
2022-06-26 22:18:21:330  electricalTemperatureCalculate:电机温度计算完成, 位置标记：1
2022-06-26 22:18:21:331  electricalTemperatureCalculate:电机温度计算完成, 位置标记：1
2022-06-26 22:18:21:332  车速为：22.0154位置标记为：1
2022-06-26 22:18:21:341  vibrationCalculate:计算完成, 位置标记：1
2022-06-26 22:18:21:426  vibrationCalculate:振动特征值计算完成, 位置标记：1
2022-06-26 22:18:21:482  preprocess:磁钢信号预处理完成，位置标记：0
2022-06-26 22:18:21:488  temperatureCalculate：G2分轮完成，分轮数尺度为：48
2022-06-26 22:18:21:494  temperatureCalculate：轴承端盖温度特征值计算完成, 位置标记：0
2022-06-26 22:18:21:499  electricalTemperatureCalculate:电机温度计算完成, 位置标记：0
2022-06-26 22:18:21:500  electricalTemperatureCalculate:电机温度计算完成, 位置标记：0
2022-06-26 22:18:21:502  electricalTemperatureCalculate:电机温度计算完成, 位置标记：0
2022-06-26 22:18:21:503  electricalTemperatureCalculate:电机温度计算完成, 位置标记：0
2022-06-26 22:18:21:504  electricalTemperatureCalculate:电机温度计算完成, 位置标记：0
2022-06-26 22:18:21:505  electricalTemperatureCalculate:电机温度计算完成, 位置标记：0
2022-06-26 22:18:21:507  electricalTemperatureCalculate:电机温度计算完成, 位置标记：0
2022-06-26 22:18:21:508  electricalTemperatureCalculate:电机温度计算完成, 位置标记：0
2022-06-26 22:18:21:509  车速为：22.0154位置标记为：0
2022-06-26 22:18:21:518  vibrationCalculate:计算完成, 位置标记：0
2022-06-26 22:18:21:601  vibrationCalculate:振动特征值计算完成, 位置标记：0
2022-06-26 22:21:13:897  preprocess:磁钢信号预处理完成，位置标记：1
2022-06-26 22:21:13:904  temperatureCalculate：G2分轮完成，分轮数尺度为：48
2022-06-26 22:21:13:912  temperatureCalculate：轴承端盖温度特征值计算完成, 位置标记：1
2022-06-26 22:21:13:921  electricalTemperatureCalculate:电机温度计算完成, 位置标记：1
2022-06-26 22:21:13:924  electricalTemperatureCalculate:电机温度计算完成, 位置标记：1
2022-06-26 22:21:13:926  electricalTemperatureCalculate:电机温度计算完成, 位置标记：1
2022-06-26 22:21:13:928  electricalTemperatureCalculate:电机温度计算完成, 位置标记：1
2022-06-26 22:21:13:929  electricalTemperatureCalculate:电机温度计算完成, 位置标记：1
2022-06-26 22:21:13:931  electricalTemperatureCalculate:电机温度计算完成, 位置标记：1
2022-06-26 22:21:13:932  electricalTemperatureCalculate:电机温度计算完成, 位置标记：1
2022-06-26 22:21:13:934  electricalTemperatureCalculate:电机温度计算完成, 位置标记：1
2022-06-26 22:21:13:935  车速为：22.0154位置标记为：1
2022-06-26 22:21:13:944  vibrationCalculate:计算完成, 位置标记：1
2022-06-26 22:21:14:032  vibrationCalculate:振动特征值计算完成, 位置标记：1
2022-06-26 22:21:14:083  preprocess:磁钢信号预处理完成，位置标记：0
2022-06-26 22:21:14:092  temperatureCalculate：G2分轮完成，分轮数尺度为：48
2022-06-26 22:21:14:100  temperatureCalculate：轴承端盖温度特征值计算完成, 位置标记：0
2022-06-26 22:21:14:106  electricalTemperatureCalculate:电机温度计算完成, 位置标记：0
2022-06-26 22:21:14:107  electricalTemperatureCalculate:电机温度计算完成, 位置标记：0
2022-06-26 22:21:14:108  electricalTemperatureCalculate:电机温度计算完成, 位置标记：0
2022-06-26 22:21:14:110  electricalTemperatureCalculate:电机温度计算完成, 位置标记：0
2022-06-26 22:21:14:111  electricalTemperatureCalculate:电机温度计算完成, 位置标记：0
2022-06-26 22:21:14:112  electricalTemperatureCalculate:电机温度计算完成, 位置标记：0
2022-06-26 22:21:14:113  electricalTemperatureCalculate:电机温度计算完成, 位置标记：0
2022-06-26 22:21:14:114  electricalTemperatureCalculate:电机温度计算完成, 位置标记：0
2022-06-26 22:21:14:115  车速为：22.0154位置标记为：0
2022-06-26 22:21:14:127  vibrationCalculate:计算完成, 位置标记：0
2022-06-26 22:21:14:210  vibrationCalculate:振动特征值计算完成, 位置标记：0
2022-06-26 22:23:29:480  preprocess:磁钢信号预处理完成，位置标记：1
2022-06-26 22:23:29:486  temperatureCalculate：G2分轮完成，分轮数尺度为：48
2022-06-26 22:23:29:491  temperatureCalculate：轴承端盖温度特征值计算完成, 位置标记：1
2022-06-26 22:23:29:497  electricalTemperatureCalculate:电机温度计算完成, 位置标记：1
2022-06-26 22:23:29:498  electricalTemperatureCalculate:电机温度计算完成, 位置标记：1
2022-06-26 22:23:29:499  electricalTemperatureCalculate:电机温度计算完成, 位置标记：1
2022-06-26 22:23:29:501  electricalTemperatureCalculate:电机温度计算完成, 位置标记：1
2022-06-26 22:23:29:504  electricalTemperatureCalculate:电机温度计算完成, 位置标记：1
2022-06-26 22:23:29:505  electricalTemperatureCalculate:电机温度计算完成, 位置标记：1
2022-06-26 22:23:29:506  electricalTemperatureCalculate:电机温度计算完成, 位置标记：1
2022-06-26 22:23:29:508  electricalTemperatureCalculate:电机温度计算完成, 位置标记：1
2022-06-26 22:23:29:509  车速为：22.0154位置标记为：1
2022-06-26 22:23:29:518  vibrationCalculate:计算完成, 位置标记：1
2022-06-26 22:23:29:604  vibrationCalculate:振动特征值计算完成, 位置标记：1
2022-06-26 22:23:29:646  preprocess:磁钢信号预处理完成，位置标记：0
2022-06-26 22:23:29:652  temperatureCalculate：G2分轮完成，分轮数尺度为：48
2022-06-26 22:23:29:660  temperatureCalculate：轴承端盖温度特征值计算完成, 位置标记：0
2022-06-26 22:23:29:666  electricalTemperatureCalculate:电机温度计算完成, 位置标记：0
2022-06-26 22:23:29:669  electricalTemperatureCalculate:电机温度计算完成, 位置标记：0
2022-06-26 22:23:29:671  electricalTemperatureCalculate:电机温度计算完成, 位置标记：0
2022-06-26 22:23:29:673  electricalTemperatureCalculate:电机温度计算完成, 位置标记：0
2022-06-26 22:23:29:676  electricalTemperatureCalculate:电机温度计算完成, 位置标记：0
2022-06-26 22:23:29:677  electricalTemperatureCalculate:电机温度计算完成, 位置标记：0
2022-06-26 22:23:29:679  electricalTemperatureCalculate:电机温度计算完成, 位置标记：0
2022-06-26 22:23:29:680  electricalTemperatureCalculate:电机温度计算完成, 位置标记：0
2022-06-26 22:23:29:681  车速为：22.0154位置标记为：0
2022-06-26 22:23:29:690  vibrationCalculate:计算完成, 位置标记：0
2022-06-26 22:23:29:771  vibrationCalculate:振动特征值计算完成, 位置标记：0
2022-06-26 22:24:21:355  preprocess:磁钢信号预处理完成，位置标记：1
2022-06-26 22:24:21:361  temperatureCalculate：G2分轮完成，分轮数尺度为：48
2022-06-26 22:24:21:369  temperatureCalculate：轴承端盖温度特征值计算完成, 位置标记：1
2022-06-26 22:24:21:379  electricalTemperatureCalculate:电机温度计算完成, 位置标记：1
2022-06-26 22:24:21:380  electricalTemperatureCalculate:电机温度计算完成, 位置标记：1
2022-06-26 22:24:21:382  electricalTemperatureCalculate:电机温度计算完成, 位置标记：1
2022-06-26 22:24:21:383  electricalTemperatureCalculate:电机温度计算完成, 位置标记：1
2022-06-26 22:24:21:384  electricalTemperatureCalculate:电机温度计算完成, 位置标记：1
2022-06-26 22:24:21:386  electricalTemperatureCalculate:电机温度计算完成, 位置标记：1
2022-06-26 22:24:21:388  electricalTemperatureCalculate:电机温度计算完成, 位置标记：1
2022-06-26 22:24:21:389  electricalTemperatureCalculate:电机温度计算完成, 位置标记：1
2022-06-26 22:24:21:390  车速为：22.0154位置标记为：1
2022-06-26 22:24:21:399  vibrationCalculate:计算完成, 位置标记：1
2022-06-26 22:24:21:480  vibrationCalculate:振动特征值计算完成, 位置标记：1
2022-06-26 22:24:21:521  preprocess:磁钢信号预处理完成，位置标记：0
2022-06-26 22:24:21:527  temperatureCalculate：G2分轮完成，分轮数尺度为：48
2022-06-26 22:24:21:536  temperatureCalculate：轴承端盖温度特征值计算完成, 位置标记：0
2022-06-26 22:24:21:542  electricalTemperatureCalculate:电机温度计算完成, 位置标记：0
2022-06-26 22:24:21:543  electricalTemperatureCalculate:电机温度计算完成, 位置标记：0
2022-06-26 22:24:21:545  electricalTemperatureCalculate:电机温度计算完成, 位置标记：0
2022-06-26 22:24:21:546  electricalTemperatureCalculate:电机温度计算完成, 位置标记：0
2022-06-26 22:24:21:548  electricalTemperatureCalculate:电机温度计算完成, 位置标记：0
2022-06-26 22:24:21:550  electricalTemperatureCalculate:电机温度计算完成, 位置标记：0
2022-06-26 22:24:21:552  electricalTemperatureCalculate:电机温度计算完成, 位置标记：0
2022-06-26 22:24:21:553  electricalTemperatureCalculate:电机温度计算完成, 位置标记：0
2022-06-26 22:24:21:554  车速为：22.0154位置标记为：0
2022-06-26 22:24:21:563  vibrationCalculate:计算完成, 位置标记：0
2022-06-26 22:24:21:647  vibrationCalculate:振动特征值计算完成, 位置标记：0
2022-06-26 22:30:04:797  preprocess:磁钢信号预处理完成，位置标记：1
2022-06-26 22:30:04:802  temperatureCalculate：G2分轮完成，分轮数尺度为：48
2022-06-26 22:30:04:809  temperatureCalculate：轴承端盖温度特征值计算完成, 位置标记：1
2022-06-26 22:30:04:815  electricalTemperatureCalculate:电机温度计算完成, 位置标记：1
2022-06-26 22:30:04:816  electricalTemperatureCalculate:电机温度计算完成, 位置标记：1
2022-06-26 22:30:04:817  electricalTemperatureCalculate:电机温度计算完成, 位置标记：1
2022-06-26 22:30:04:819  electricalTemperatureCalculate:电机温度计算完成, 位置标记：1
2022-06-26 22:30:04:820  electricalTemperatureCalculate:电机温度计算完成, 位置标记：1
2022-06-26 22:30:04:821  electricalTemperatureCalculate:电机温度计算完成, 位置标记：1
2022-06-26 22:30:04:823  electricalTemperatureCalculate:电机温度计算完成, 位置标记：1
2022-06-26 22:30:04:824  electricalTemperatureCalculate:电机温度计算完成, 位置标记：1
2022-06-26 22:30:04:824  车速为：22.0154位置标记为：1
2022-06-26 22:30:04:835  vibrationCalculate:计算完成, 位置标记：1
2022-06-26 22:30:04:925  vibrationCalculate:振动特征值计算完成, 位置标记：1
2022-06-26 22:30:04:977  preprocess:磁钢信号预处理完成，位置标记：0
2022-06-26 22:30:04:985  temperatureCalculate：G2分轮完成，分轮数尺度为：48
2022-06-26 22:30:04:993  temperatureCalculate：轴承端盖温度特征值计算完成, 位置标记：0
2022-06-26 22:30:04:998  electricalTemperatureCalculate:电机温度计算完成, 位置标记：0
2022-06-26 22:30:05:000  electricalTemperatureCalculate:电机温度计算完成, 位置标记：0
2022-06-26 22:30:05:002  electricalTemperatureCalculate:电机温度计算完成, 位置标记：0
2022-06-26 22:30:05:004  electricalTemperatureCalculate:电机温度计算完成, 位置标记：0
2022-06-26 22:30:05:006  electricalTemperatureCalculate:电机温度计算完成, 位置标记：0
2022-06-26 22:30:05:007  electricalTemperatureCalculate:电机温度计算完成, 位置标记：0
2022-06-26 22:30:05:008  electricalTemperatureCalculate:电机温度计算完成, 位置标记：0
2022-06-26 22:30:05:010  electricalTemperatureCalculate:电机温度计算完成, 位置标记：0
2022-06-26 22:30:05:011  车速为：22.0154位置标记为：0
2022-06-26 22:30:05:021  vibrationCalculate:计算完成, 位置标记：0
2022-06-26 22:30:05:111  vibrationCalculate:振动特征值计算完成, 位置标记：0
2022-06-26 22:54:14:501  preprocess:磁钢信号预处理完成，位置标记：1
2022-06-26 22:54:14:507  temperatureCalculate：G2分轮完成，分轮数尺度为：48
2022-06-26 22:54:14:515  temperatureCalculate：轴承端盖温度特征值计算完成, 位置标记：1
2022-06-26 22:54:14:520  electricalTemperatureCalculate:电机温度计算完成, 位置标记：1
2022-06-26 22:54:14:522  electricalTemperatureCalculate:电机温度计算完成, 位置标记：1
2022-06-26 22:54:14:523  electricalTemperatureCalculate:电机温度计算完成, 位置标记：1
2022-06-26 22:54:14:524  electricalTemperatureCalculate:电机温度计算完成, 位置标记：1
2022-06-26 22:54:14:525  electricalTemperatureCalculate:电机温度计算完成, 位置标记：1
2022-06-26 22:54:14:526  electricalTemperatureCalculate:电机温度计算完成, 位置标记：1
2022-06-26 22:54:14:528  electricalTemperatureCalculate:电机温度计算完成, 位置标记：1
2022-06-26 22:54:14:529  electricalTemperatureCalculate:电机温度计算完成, 位置标记：1
2022-06-26 22:54:14:530  车速为：22.0154位置标记为：1
2022-06-26 22:54:14:539  vibrationCalculate:计算完成, 位置标记：1
2022-06-26 22:54:14:624  vibrationCalculate:振动特征值计算完成, 位置标记：1
2022-06-26 22:54:14:666  preprocess:磁钢信号预处理完成，位置标记：0
2022-06-26 22:54:14:671  temperatureCalculate：G2分轮完成，分轮数尺度为：48
2022-06-26 22:54:14:677  temperatureCalculate：轴承端盖温度特征值计算完成, 位置标记：0
2022-06-26 22:54:14:682  electricalTemperatureCalculate:电机温度计算完成, 位置标记：0
2022-06-26 22:54:14:684  electricalTemperatureCalculate:电机温度计算完成, 位置标记：0
2022-06-26 22:54:14:686  electricalTemperatureCalculate:电机温度计算完成, 位置标记：0
2022-06-26 22:54:14:687  electricalTemperatureCalculate:电机温度计算完成, 位置标记：0
2022-06-26 22:54:14:689  electricalTemperatureCalculate:电机温度计算完成, 位置标记：0
2022-06-26 22:54:14:694  electricalTemperatureCalculate:电机温度计算完成, 位置标记：0
2022-06-26 22:54:14:696  electricalTemperatureCalculate:电机温度计算完成, 位置标记：0
2022-06-26 22:54:14:697  electricalTemperatureCalculate:电机温度计算完成, 位置标记：0
2022-06-26 22:54:14:699  车速为：22.0154位置标记为：0
2022-06-26 22:54:14:709  vibrationCalculate:计算完成, 位置标记：0
2022-06-26 22:54:14:800  vibrationCalculate:振动特征值计算完成, 位置标记：0
2022-06-26 22:57:51:870  preprocess:磁钢信号预处理完成，位置标记：1
2022-06-26 22:57:51:876  temperatureCalculate：G2分轮完成，分轮数尺度为：48
2022-06-26 22:57:51:883  temperatureCalculate：轴承端盖温度特征值计算完成, 位置标记：1
2022-06-26 22:57:51:889  electricalTemperatureCalculate:电机温度计算完成, 位置标记：1
2022-06-26 22:57:51:891  electricalTemperatureCalculate:电机温度计算完成, 位置标记：1
2022-06-26 22:57:51:892  electricalTemperatureCalculate:电机温度计算完成, 位置标记：1
2022-06-26 22:57:51:897  electricalTemperatureCalculate:电机温度计算完成, 位置标记：1
2022-06-26 22:57:51:901  electricalTemperatureCalculate:电机温度计算完成, 位置标记：1
2022-06-26 22:57:51:904  electricalTemperatureCalculate:电机温度计算完成, 位置标记：1
2022-06-26 22:57:51:906  electricalTemperatureCalculate:电机温度计算完成, 位置标记：1
2022-06-26 22:57:51:908  electricalTemperatureCalculate:电机温度计算完成, 位置标记：1
2022-06-26 22:57:51:909  车速为：22.0154位置标记为：1
2022-06-26 22:57:51:919  vibrationCalculate:计算完成, 位置标记：1
2022-06-26 22:57:52:008  vibrationCalculate:振动特征值计算完成, 位置标记：1
2022-06-26 22:57:52:057  preprocess:磁钢信号预处理完成，位置标记：0
2022-06-26 22:57:52:064  temperatureCalculate：G2分轮完成，分轮数尺度为：48
2022-06-26 22:57:52:072  temperatureCalculate：轴承端盖温度特征值计算完成, 位置标记：0
2022-06-26 22:57:52:077  electricalTemperatureCalculate:电机温度计算完成, 位置标记：0
2022-06-26 22:57:52:078  electricalTemperatureCalculate:电机温度计算完成, 位置标记：0
2022-06-26 22:57:52:079  electricalTemperatureCalculate:电机温度计算完成, 位置标记：0
2022-06-26 22:57:52:081  electricalTemperatureCalculate:电机温度计算完成, 位置标记：0
2022-06-26 22:57:52:084  electricalTemperatureCalculate:电机温度计算完成, 位置标记：0
2022-06-26 22:57:52:086  electricalTemperatureCalculate:电机温度计算完成, 位置标记：0
2022-06-26 22:57:52:087  electricalTemperatureCalculate:电机温度计算完成, 位置标记：0
2022-06-26 22:57:52:089  electricalTemperatureCalculate:电机温度计算完成, 位置标记：0
2022-06-26 22:57:52:090  车速为：22.0154位置标记为：0
2022-06-26 22:57:52:099  vibrationCalculate:计算完成, 位置标记：0
2022-06-26 22:57:52:186  vibrationCalculate:振动特征值计算完成, 位置标记：0
