2020-12-29 22:08:23:109  磁钢信号预处理完成，位置标记：1
2020-12-29 22:08:23:121  温度分轮成功，分轮数尺度为：48
2020-12-29 22:08:23:134  轴承端盖温度特征值计算完成, 位置标记：1
2020-12-29 22:08:23:143  电机温度计算完成, 位置标记：1
2020-12-29 22:08:23:146  电机温度计算完成, 位置标记：1
2020-12-29 22:08:23:150  电机温度计算完成, 位置标记：1
2020-12-29 22:08:23:153  电机温度计算完成, 位置标记：1
2020-12-29 22:08:23:157  电机温度计算完成, 位置标记：1
2020-12-29 22:08:23:161  电机温度计算完成, 位置标记：1
2020-12-29 22:08:23:164  电机温度计算完成, 位置标记：1
2020-12-29 22:08:23:168  电机温度计算完成, 位置标记：1
2020-12-29 22:08:23:169  车速为：79.3864位置标记为：1
2020-12-29 22:08:23:190  振动分轮计算完成, 位置标记：1
2020-12-29 22:08:23:523  振动特征值计算完成, 位置标记：1
2020-12-29 22:08:23:566  磁钢信号预处理完成，位置标记：0
2020-12-29 22:08:23:576  温度分轮成功，分轮数尺度为：48
2020-12-29 22:08:23:587  轴承端盖温度特征值计算完成, 位置标记：0
2020-12-29 22:08:23:594  电机温度计算完成, 位置标记：0
2020-12-29 22:08:23:597  电机温度计算完成, 位置标记：0
2020-12-29 22:08:23:600  电机温度计算完成, 位置标记：0
2020-12-29 22:08:23:603  电机温度计算完成, 位置标记：0
2020-12-29 22:08:23:607  电机温度计算完成, 位置标记：0
2020-12-29 22:08:23:610  电机温度计算完成, 位置标记：0
2020-12-29 22:08:23:613  电机温度计算完成, 位置标记：0
2020-12-29 22:08:23:616  电机温度计算完成, 位置标记：0
2020-12-29 22:08:23:616  车速为：79.3864位置标记为：0
2020-12-29 22:08:23:634  振动分轮计算完成, 位置标记：0
2020-12-29 22:08:23:889  振动特征值计算完成, 位置标记：0
2020-12-29 22:14:33:092  磁钢信号预处理完成，位置标记：1
2020-12-29 22:14:33:102  温度分轮成功，分轮数尺度为：48
2020-12-29 22:14:33:117  轴承端盖温度特征值计算完成, 位置标记：1
2020-12-29 22:14:33:127  电机温度计算完成, 位置标记：1
2020-12-29 22:14:33:130  电机温度计算完成, 位置标记：1
2020-12-29 22:14:33:134  电机温度计算完成, 位置标记：1
2020-12-29 22:14:33:137  电机温度计算完成, 位置标记：1
2020-12-29 22:14:33:140  电机温度计算完成, 位置标记：1
2020-12-29 22:14:33:144  电机温度计算完成, 位置标记：1
2020-12-29 22:14:33:147  电机温度计算完成, 位置标记：1
2020-12-29 22:14:33:150  电机温度计算完成, 位置标记：1
2020-12-29 22:14:33:151  车速为：67.3718位置标记为：1
2020-12-29 22:14:33:172  振动分轮计算完成, 位置标记：1
2020-12-29 22:14:33:500  振动特征值计算完成, 位置标记：1
2020-12-29 22:14:33:547  磁钢信号预处理完成，位置标记：0
2020-12-29 22:14:33:559  温度分轮成功，分轮数尺度为：48
2020-12-29 22:14:33:574  轴承端盖温度特征值计算完成, 位置标记：0
2020-12-29 22:14:33:584  电机温度计算完成, 位置标记：0
2020-12-29 22:14:33:588  电机温度计算完成, 位置标记：0
2020-12-29 22:14:33:591  电机温度计算完成, 位置标记：0
2020-12-29 22:14:33:594  电机温度计算完成, 位置标记：0
2020-12-29 22:14:33:598  电机温度计算完成, 位置标记：0
2020-12-29 22:14:33:601  电机温度计算完成, 位置标记：0
2020-12-29 22:14:33:604  电机温度计算完成, 位置标记：0
2020-12-29 22:14:33:608  电机温度计算完成, 位置标记：0
2020-12-29 22:14:33:608  车速为：67.3718位置标记为：0
2020-12-29 22:14:33:629  振动分轮计算完成, 位置标记：0
2020-12-29 22:14:33:963  振动特征值计算完成, 位置标记：0
2020-12-29 22:18:12:820  磁钢信号预处理完成，位置标记：1
2020-12-29 22:18:12:831  温度分轮成功，分轮数尺度为：48
2020-12-29 22:18:12:845  轴承端盖温度特征值计算完成, 位置标记：1
2020-12-29 22:18:12:854  电机温度计算完成, 位置标记：1
2020-12-29 22:18:12:858  电机温度计算完成, 位置标记：1
2020-12-29 22:18:12:861  电机温度计算完成, 位置标记：1
2020-12-29 22:18:12:865  电机温度计算完成, 位置标记：1
2020-12-29 22:18:12:868  电机温度计算完成, 位置标记：1
2020-12-29 22:18:12:872  电机温度计算完成, 位置标记：1
2020-12-29 22:18:12:876  电机温度计算完成, 位置标记：1
2020-12-29 22:18:12:879  电机温度计算完成, 位置标记：1
2020-12-29 22:18:12:880  车速为：79.3103位置标记为：1
2020-12-29 22:18:12:901  振动分轮计算完成, 位置标记：1
2020-12-29 22:18:13:227  振动特征值计算完成, 位置标记：1
2020-12-29 22:18:13:274  磁钢信号预处理完成，位置标记：0
2020-12-29 22:18:13:285  温度分轮成功，分轮数尺度为：48
2020-12-29 22:18:13:298  轴承端盖温度特征值计算完成, 位置标记：0
2020-12-29 22:18:13:307  电机温度计算完成, 位置标记：0
2020-12-29 22:18:13:311  电机温度计算完成, 位置标记：0
2020-12-29 22:18:13:314  电机温度计算完成, 位置标记：0
2020-12-29 22:18:13:318  电机温度计算完成, 位置标记：0
2020-12-29 22:18:13:321  电机温度计算完成, 位置标记：0
2020-12-29 22:18:13:325  电机温度计算完成, 位置标记：0
2020-12-29 22:18:13:329  电机温度计算完成, 位置标记：0
2020-12-29 22:18:13:332  电机温度计算完成, 位置标记：0
2020-12-29 22:18:13:333  车速为：79.3103位置标记为：0
2020-12-29 22:18:13:353  振动分轮计算完成, 位置标记：0
2020-12-29 22:18:13:694  振动特征值计算完成, 位置标记：0
2020-12-29 22:26:31:762  磁钢信号预处理完成，位置标记：1
2020-12-29 22:26:31:773  温度分轮成功，分轮数尺度为：48
2020-12-29 22:26:31:786  轴承端盖温度特征值计算完成, 位置标记：1
2020-12-29 22:26:31:795  电机温度计算完成, 位置标记：1
2020-12-29 22:26:31:798  电机温度计算完成, 位置标记：1
2020-12-29 22:26:31:802  电机温度计算完成, 位置标记：1
2020-12-29 22:26:31:805  电机温度计算完成, 位置标记：1
2020-12-29 22:26:31:809  电机温度计算完成, 位置标记：1
2020-12-29 22:26:31:812  电机温度计算完成, 位置标记：1
2020-12-29 22:26:31:816  电机温度计算完成, 位置标记：1
2020-12-29 22:26:31:819  电机温度计算完成, 位置标记：1
2020-12-29 22:26:31:820  车速为：79.1587位置标记为：1
2020-12-29 22:26:31:841  振动分轮计算完成, 位置标记：1
2020-12-29 22:26:32:176  振动特征值计算完成, 位置标记：1
2020-12-29 22:26:32:221  磁钢信号预处理完成，位置标记：0
2020-12-29 22:26:32:232  温度分轮成功，分轮数尺度为：48
2020-12-29 22:26:32:244  轴承端盖温度特征值计算完成, 位置标记：0
2020-12-29 22:26:32:252  电机温度计算完成, 位置标记：0
2020-12-29 22:26:32:256  电机温度计算完成, 位置标记：0
2020-12-29 22:26:32:259  电机温度计算完成, 位置标记：0
2020-12-29 22:26:32:263  电机温度计算完成, 位置标记：0
2020-12-29 22:26:32:266  电机温度计算完成, 位置标记：0
2020-12-29 22:26:32:270  电机温度计算完成, 位置标记：0
2020-12-29 22:26:32:273  电机温度计算完成, 位置标记：0
2020-12-29 22:26:32:277  电机温度计算完成, 位置标记：0
2020-12-29 22:26:32:277  车速为：79.1587位置标记为：0
2020-12-29 22:26:32:298  振动分轮计算完成, 位置标记：0
2020-12-29 22:26:32:640  振动特征值计算完成, 位置标记：0
2020-12-29 22:36:28:040  磁钢信号预处理完成，位置标记：1
2020-12-29 22:36:28:051  温度分轮成功，分轮数尺度为：48
2020-12-29 22:36:28:064  轴承端盖温度特征值计算完成, 位置标记：1
2020-12-29 22:36:28:073  电机温度计算完成, 位置标记：1
2020-12-29 22:36:28:076  电机温度计算完成, 位置标记：1
2020-12-29 22:36:28:080  电机温度计算完成, 位置标记：1
2020-12-29 22:36:28:083  电机温度计算完成, 位置标记：1
2020-12-29 22:36:28:087  电机温度计算完成, 位置标记：1
2020-12-29 22:36:28:090  电机温度计算完成, 位置标记：1
2020-12-29 22:36:28:094  电机温度计算完成, 位置标记：1
2020-12-29 22:36:28:097  电机温度计算完成, 位置标记：1
2020-12-29 22:36:28:098  车速为：79.7688位置标记为：1
2020-12-29 22:36:28:118  振动分轮计算完成, 位置标记：1
2020-12-29 22:36:28:453  振动特征值计算完成, 位置标记：1
2020-12-29 22:36:28:500  磁钢信号预处理完成，位置标记：0
2020-12-29 22:36:28:511  温度分轮成功，分轮数尺度为：48
2020-12-29 22:36:28:524  轴承端盖温度特征值计算完成, 位置标记：0
2020-12-29 22:36:28:532  电机温度计算完成, 位置标记：0
2020-12-29 22:36:28:536  电机温度计算完成, 位置标记：0
2020-12-29 22:36:28:539  电机温度计算完成, 位置标记：0
2020-12-29 22:36:28:542  电机温度计算完成, 位置标记：0
2020-12-29 22:36:28:546  电机温度计算完成, 位置标记：0
2020-12-29 22:36:28:549  电机温度计算完成, 位置标记：0
2020-12-29 22:36:28:553  电机温度计算完成, 位置标记：0
2020-12-29 22:36:28:556  电机温度计算完成, 位置标记：0
2020-12-29 22:36:28:557  车速为：79.7688位置标记为：0
2020-12-29 22:36:28:577  振动分轮计算完成, 位置标记：0
2020-12-29 22:36:28:913  振动特征值计算完成, 位置标记：0
2020-12-29 22:46:05:774  磁钢信号预处理完成，位置标记：1
2020-12-29 22:46:05:786  温度分轮成功，分轮数尺度为：48
2020-12-29 22:46:05:798  轴承端盖温度特征值计算完成, 位置标记：1
2020-12-29 22:46:05:807  电机温度计算完成, 位置标记：1
2020-12-29 22:46:05:810  电机温度计算完成, 位置标记：1
2020-12-29 22:46:05:814  电机温度计算完成, 位置标记：1
2020-12-29 22:46:05:817  电机温度计算完成, 位置标记：1
2020-12-29 22:46:05:821  电机温度计算完成, 位置标记：1
2020-12-29 22:46:05:825  电机温度计算完成, 位置标记：1
2020-12-29 22:46:05:828  电机温度计算完成, 位置标记：1
2020-12-29 22:46:05:832  电机温度计算完成, 位置标记：1
2020-12-29 22:46:05:833  车速为：79.3864位置标记为：1
2020-12-29 22:46:05:853  振动分轮计算完成, 位置标记：1
2020-12-29 22:46:06:193  振动特征值计算完成, 位置标记：1
2020-12-29 22:46:06:240  磁钢信号预处理完成，位置标记：0
2020-12-29 22:46:06:251  温度分轮成功，分轮数尺度为：48
2020-12-29 22:46:06:264  轴承端盖温度特征值计算完成, 位置标记：0
2020-12-29 22:46:06:273  电机温度计算完成, 位置标记：0
2020-12-29 22:46:06:276  电机温度计算完成, 位置标记：0
2020-12-29 22:46:06:280  电机温度计算完成, 位置标记：0
2020-12-29 22:46:06:283  电机温度计算完成, 位置标记：0
2020-12-29 22:46:06:287  电机温度计算完成, 位置标记：0
2020-12-29 22:46:06:290  电机温度计算完成, 位置标记：0
2020-12-29 22:46:06:294  电机温度计算完成, 位置标记：0
2020-12-29 22:46:06:297  电机温度计算完成, 位置标记：0
2020-12-29 22:46:06:298  车速为：79.3864位置标记为：0
2020-12-29 22:46:06:318  振动分轮计算完成, 位置标记：0
2020-12-29 22:46:06:660  振动特征值计算完成, 位置标记：0
2020-12-29 22:55:37:271  磁钢信号预处理完成，位置标记：1
2020-12-29 22:55:37:282  温度分轮成功，分轮数尺度为：48
2020-12-29 22:55:37:295  轴承端盖温度特征值计算完成, 位置标记：1
2020-12-29 22:55:37:304  电机温度计算完成, 位置标记：1
2020-12-29 22:55:37:308  电机温度计算完成, 位置标记：1
2020-12-29 22:55:37:312  电机温度计算完成, 位置标记：1
2020-12-29 22:55:37:315  电机温度计算完成, 位置标记：1
2020-12-29 22:55:37:319  电机温度计算完成, 位置标记：1
2020-12-29 22:55:37:322  电机温度计算完成, 位置标记：1
2020-12-29 22:55:37:326  电机温度计算完成, 位置标记：1
2020-12-29 22:55:37:329  电机温度计算完成, 位置标记：1
2020-12-29 22:55:37:330  车速为：79.3103位置标记为：1
2020-12-29 22:55:37:350  振动分轮计算完成, 位置标记：1
2020-12-29 22:55:37:669  振动特征值计算完成, 位置标记：1
2020-12-29 22:55:37:714  磁钢信号预处理完成，位置标记：0
2020-12-29 22:55:37:725  温度分轮成功，分轮数尺度为：48
2020-12-29 22:55:37:738  轴承端盖温度特征值计算完成, 位置标记：0
2020-12-29 22:55:37:747  电机温度计算完成, 位置标记：0
2020-12-29 22:55:37:750  电机温度计算完成, 位置标记：0
2020-12-29 22:55:37:754  电机温度计算完成, 位置标记：0
2020-12-29 22:55:37:757  电机温度计算完成, 位置标记：0
2020-12-29 22:55:37:761  电机温度计算完成, 位置标记：0
2020-12-29 22:55:37:764  电机温度计算完成, 位置标记：0
2020-12-29 22:55:37:768  电机温度计算完成, 位置标记：0
2020-12-29 22:55:37:771  电机温度计算完成, 位置标记：0
2020-12-29 22:55:37:772  车速为：79.3103位置标记为：0
2020-12-29 22:55:37:792  振动分轮计算完成, 位置标记：0
2020-12-29 22:55:38:128  振动特征值计算完成, 位置标记：0
