2022-10-09 23:22:48:784  本地IP：127.0.0.1
2022-10-09 23:22:48:799  本地端口号：4500
2022-10-09 23:22:48:862  通讯模块设置成功
2022-10-09 23:22:48:902  综合数据盒连接IP：192.168.1.198
2022-10-09 23:22:48:904  正在打开设备...
2022-10-09 23:23:09:921  创建连接出现异常，错误代码为：-6
2022-10-09 23:23:09:924  同步采集仪设置异常
2022-10-09 23:23:09:927  采集仪增益设置异常
2022-10-09 23:23:13:045  正在读取检测数据...
2022-10-09 23:23:18:627  开始处理数据
2022-10-09 23:23:18:648  正在读取检测数据...
2022-10-09 23:23:24:567  开始处理数据
2022-10-09 23:23:24:754  右侧前一次计算还未结束，请勿重复计算
2022-10-09 23:23:24:918  右侧计算完成
2022-10-09 23:23:25:124  左侧计算完成
2022-10-09 23:23:25:126  检查结果数据
2022-10-09 23:23:25:128  通知桌面显示数据
2022-10-09 23:23:25:167  开始写入数据库
2022-10-09 23:23:25:476  预警及报警参数加载完成
2022-10-09 23:23:25:479  数据库打开成功
2022-10-09 23:23:25:482  train_info数据表写入成功
2022-10-09 23:23:25:484  train_onlyid读取成功
2022-10-09 23:23:25:486  train_data数据表写入成功
2022-10-09 23:23:25:488  vt_info数据表，第0次写入成功
2022-10-09 23:23:25:491  vt_info数据表，第1次写入成功
2022-10-09 23:23:25:493  vt_info数据表，第2次写入成功
2022-10-09 23:23:25:494  vt_info数据表，第3次写入成功
2022-10-09 23:23:25:496  vt_info数据表，第4次写入成功
2022-10-09 23:23:25:499  vt_info数据表，第5次写入成功
2022-10-09 23:23:25:502  vt_info数据表，第6次写入成功
2022-10-09 23:23:25:503  vt_info数据表，第7次写入成功
2022-10-09 23:23:25:506  vt_info数据表，第8次写入成功
2022-10-09 23:23:25:508  vt_info数据表，第9次写入成功
2022-10-09 23:23:25:516  vt_info数据表，第10次写入成功
2022-10-09 23:23:25:518  vt_info数据表，第11次写入成功
2022-10-09 23:23:25:520  vt_info数据表，第12次写入成功
2022-10-09 23:23:25:524  vt_info数据表，第13次写入成功
2022-10-09 23:23:25:527  vt_info数据表，第14次写入成功
2022-10-09 23:23:25:529  vt_info数据表，第15次写入成功
2022-10-09 23:23:25:669  vt_info数据表，第16次写入成功
2022-10-09 23:23:25:672  vt_info数据表，第17次写入成功
2022-10-09 23:23:25:678  vt_info数据表，第18次写入成功
2022-10-09 23:23:25:684  vt_info数据表，第19次写入成功
2022-10-09 23:23:25:688  vt_info数据表，第20次写入成功
2022-10-09 23:23:25:695  vt_info数据表，第21次写入成功
2022-10-09 23:23:25:697  vt_info数据表，第22次写入成功
2022-10-09 23:23:25:698  vt_info数据表，第23次写入成功
2022-10-09 23:23:25:700  vt_info数据表，第24次写入成功
2022-10-09 23:23:25:703  vt_info数据表，第25次写入成功
2022-10-09 23:23:25:705  vt_info数据表，第26次写入成功
2022-10-09 23:23:25:707  vt_info数据表，第27次写入成功
2022-10-09 23:23:25:710  vt_info数据表，第28次写入成功
2022-10-09 23:23:25:714  vt_info数据表，第29次写入成功
2022-10-09 23:23:25:717  vt_info数据表，第30次写入成功
2022-10-09 23:23:25:721  vt_info数据表，第31次写入成功
2022-10-09 23:23:25:724  vt_info数据表，第32次写入成功
2022-10-09 23:23:25:728  vt_info数据表，第33次写入成功
2022-10-09 23:23:25:734  vt_info数据表，第34次写入成功
2022-10-09 23:23:25:736  vt_info数据表，第35次写入成功
2022-10-09 23:23:25:739  vt_info数据表，第36次写入成功
2022-10-09 23:23:25:741  vt_info数据表，第37次写入成功
2022-10-09 23:23:25:743  vt_info数据表，第38次写入成功
2022-10-09 23:23:25:745  vt_info数据表，第39次写入成功
2022-10-09 23:23:25:747  vt_info数据表，第40次写入成功
2022-10-09 23:23:25:748  vt_info数据表，第41次写入成功
2022-10-09 23:23:25:750  vt_info数据表，第42次写入成功
2022-10-09 23:23:25:752  vt_info数据表，第43次写入成功
2022-10-09 23:23:25:754  vt_info数据表，第44次写入成功
2022-10-09 23:23:25:756  vt_info数据表，第45次写入成功
2022-10-09 23:23:25:759  vt_info数据表，第46次写入成功
2022-10-09 23:23:25:761  vt_info数据表，第47次写入成功
2022-10-09 23:23:25:763  motor_info数据表，第0次写入成功
2022-10-09 23:23:25:766  motor_info数据表，第1次写入成功
2022-10-09 23:23:25:768  motor_info数据表，第2次写入成功
2022-10-09 23:23:25:770  motor_info数据表，第3次写入成功
2022-10-09 23:23:25:798  motor_info数据表，第4次写入成功
2022-10-09 23:23:25:800  motor_info数据表，第5次写入成功
2022-10-09 23:23:25:802  motor_info数据表，第6次写入成功
2022-10-09 23:23:25:808  motor_info数据表，第7次写入成功
2022-10-09 23:23:25:810  motor_info数据表，第8次写入成功
2022-10-09 23:23:25:812  motor_info数据表，第9次写入成功
2022-10-09 23:23:25:816  motor_info数据表，第10次写入成功
2022-10-09 23:23:25:820  motor_info数据表，第11次写入成功
2022-10-09 23:23:25:823  motor_info数据表，第12次写入成功
2022-10-09 23:23:25:826  motor_info数据表，第13次写入成功
2022-10-09 23:23:25:829  motor_info数据表，第14次写入成功
2022-10-09 23:23:25:833  motor_info数据表，第15次写入成功
2022-10-09 23:23:25:835  数据库关闭！
2022-10-09 23:32:06:683  本地IP：127.0.0.1
2022-10-09 23:32:06:694  本地端口号：4500
2022-10-09 23:32:06:734  通讯模块设置成功
2022-10-09 23:32:06:751  综合数据盒连接IP：192.168.1.198
2022-10-09 23:32:06:753  正在打开设备...
2022-10-09 23:32:27:776  创建连接出现异常，错误代码为：-6
2022-10-09 23:32:27:779  同步采集仪设置异常
2022-10-09 23:32:27:781  采集仪增益设置异常
2022-10-09 23:32:29:089  正在读取检测数据...
2022-10-09 23:32:34:282  开始处理数据
2022-10-09 23:32:34:571  右侧计算完成
2022-10-09 23:32:34:784  左侧计算完成
2022-10-09 23:32:34:785  检查结果数据
2022-10-09 23:32:34:787  通知桌面显示数据
2022-10-09 23:32:34:831  开始写入数据库
2022-10-09 23:32:35:238  预警及报警参数加载完成
2022-10-09 23:32:35:240  数据库打开成功
2022-10-09 23:32:35:242  train_info数据表写入成功
2022-10-09 23:32:35:245  train_onlyid读取成功
2022-10-09 23:32:35:248  train_data数据表写入成功
2022-10-09 23:32:35:250  vt_info数据表，第0次写入成功
2022-10-09 23:32:35:253  vt_info数据表，第1次写入成功
2022-10-09 23:32:35:255  vt_info数据表，第2次写入成功
2022-10-09 23:32:35:257  vt_info数据表，第3次写入成功
2022-10-09 23:32:35:260  vt_info数据表，第4次写入成功
2022-10-09 23:32:35:263  vt_info数据表，第5次写入成功
2022-10-09 23:32:35:265  vt_info数据表，第6次写入成功
2022-10-09 23:32:35:267  vt_info数据表，第7次写入成功
2022-10-09 23:32:35:271  vt_info数据表，第8次写入成功
2022-10-09 23:32:35:276  vt_info数据表，第9次写入成功
2022-10-09 23:32:35:291  vt_info数据表，第10次写入成功
2022-10-09 23:32:35:298  vt_info数据表，第11次写入成功
2022-10-09 23:32:35:302  vt_info数据表，第12次写入成功
2022-10-09 23:32:35:307  vt_info数据表，第13次写入成功
2022-10-09 23:32:35:311  vt_info数据表，第14次写入成功
2022-10-09 23:32:35:532  vt_info数据表，第15次写入成功
2022-10-09 23:32:35:534  vt_info数据表，第16次写入成功
2022-10-09 23:32:35:536  vt_info数据表，第17次写入成功
2022-10-09 23:32:35:538  vt_info数据表，第18次写入成功
2022-10-09 23:32:35:542  vt_info数据表，第19次写入成功
2022-10-09 23:32:35:544  vt_info数据表，第20次写入成功
2022-10-09 23:32:35:546  vt_info数据表，第21次写入成功
2022-10-09 23:32:35:549  vt_info数据表，第22次写入成功
2022-10-09 23:32:35:551  vt_info数据表，第23次写入成功
2022-10-09 23:32:35:553  vt_info数据表，第24次写入成功
2022-10-09 23:32:35:555  vt_info数据表，第25次写入成功
2022-10-09 23:32:35:561  vt_info数据表，第26次写入成功
2022-10-09 23:32:35:563  vt_info数据表，第27次写入成功
2022-10-09 23:32:35:568  vt_info数据表，第28次写入成功
2022-10-09 23:32:35:573  vt_info数据表，第29次写入成功
2022-10-09 23:32:35:577  vt_info数据表，第30次写入成功
2022-10-09 23:32:35:581  vt_info数据表，第31次写入成功
2022-10-09 23:32:35:585  vt_info数据表，第32次写入成功
2022-10-09 23:32:35:589  vt_info数据表，第33次写入成功
2022-10-09 23:32:35:594  vt_info数据表，第34次写入成功
2022-10-09 23:32:35:599  vt_info数据表，第35次写入成功
2022-10-09 23:32:35:603  vt_info数据表，第36次写入成功
2022-10-09 23:32:35:611  vt_info数据表，第37次写入成功
2022-10-09 23:32:35:635  vt_info数据表，第38次写入成功
2022-10-09 23:32:35:636  vt_info数据表，第39次写入成功
2022-10-09 23:32:35:639  vt_info数据表，第40次写入成功
2022-10-09 23:32:35:641  vt_info数据表，第41次写入成功
2022-10-09 23:32:35:643  vt_info数据表，第42次写入成功
2022-10-09 23:32:35:669  vt_info数据表，第43次写入成功
2022-10-09 23:32:35:672  vt_info数据表，第44次写入成功
2022-10-09 23:32:35:675  vt_info数据表，第45次写入成功
2022-10-09 23:32:35:677  vt_info数据表，第46次写入成功
2022-10-09 23:32:35:679  vt_info数据表，第47次写入成功
2022-10-09 23:32:35:681  motor_info数据表，第0次写入成功
2022-10-09 23:32:35:684  motor_info数据表，第1次写入成功
2022-10-09 23:32:35:716  motor_info数据表，第2次写入成功
2022-10-09 23:32:35:719  motor_info数据表，第3次写入成功
2022-10-09 23:32:35:722  motor_info数据表，第4次写入成功
2022-10-09 23:32:35:725  motor_info数据表，第5次写入成功
2022-10-09 23:32:35:727  motor_info数据表，第6次写入成功
2022-10-09 23:32:35:730  motor_info数据表，第7次写入成功
2022-10-09 23:32:35:732  motor_info数据表，第8次写入成功
2022-10-09 23:32:35:734  motor_info数据表，第9次写入成功
2022-10-09 23:32:35:738  motor_info数据表，第10次写入成功
2022-10-09 23:32:35:743  motor_info数据表，第11次写入成功
2022-10-09 23:32:35:767  motor_info数据表，第12次写入成功
2022-10-09 23:32:35:770  motor_info数据表，第13次写入成功
2022-10-09 23:32:35:779  motor_info数据表，第14次写入成功
2022-10-09 23:32:35:781  motor_info数据表，第15次写入成功
2022-10-09 23:32:35:786  数据库关闭！
2022-10-09 23:35:30:559  本地IP：127.0.0.1
2022-10-09 23:35:30:570  本地端口号：4500
2022-10-09 23:35:30:614  通讯模块设置成功
2022-10-09 23:35:30:628  综合数据盒连接IP：192.168.1.198
2022-10-09 23:35:30:629  正在打开设备...
2022-10-09 23:35:51:650  创建连接出现异常，错误代码为：-6
2022-10-09 23:35:51:653  同步采集仪设置异常
2022-10-09 23:35:51:656  采集仪增益设置异常
2022-10-09 23:36:24:295  正在读取检测数据...
2022-10-09 23:36:29:889  开始处理数据
2022-10-09 23:36:30:220  右侧计算完成
2022-10-09 23:36:30:430  左侧计算完成
2022-10-09 23:36:30:431  检查结果数据
2022-10-09 23:36:30:433  通知桌面显示数据
2022-10-09 23:36:30:510  开始写入数据库
2022-10-09 23:36:30:683  预警及报警参数加载完成
2022-10-09 23:36:30:685  数据库打开成功
2022-10-09 23:36:30:955  train_info数据表写入成功
2022-10-09 23:36:30:959  train_onlyid读取成功
2022-10-09 23:36:30:961  train_data数据表写入成功
2022-10-09 23:36:30:965  vt_info数据表，第0次写入成功
2022-10-09 23:36:30:967  vt_info数据表，第1次写入成功
2022-10-09 23:36:30:969  vt_info数据表，第2次写入成功
2022-10-09 23:36:30:971  vt_info数据表，第3次写入成功
2022-10-09 23:36:30:974  vt_info数据表，第4次写入成功
2022-10-09 23:36:30:975  vt_info数据表，第5次写入成功
2022-10-09 23:36:30:977  vt_info数据表，第6次写入成功
2022-10-09 23:36:30:979  vt_info数据表，第7次写入成功
2022-10-09 23:36:30:980  vt_info数据表，第8次写入成功
2022-10-09 23:36:30:982  vt_info数据表，第9次写入成功
2022-10-09 23:36:30:984  vt_info数据表，第10次写入成功
2022-10-09 23:36:30:986  vt_info数据表，第11次写入成功
2022-10-09 23:36:30:988  vt_info数据表，第12次写入成功
2022-10-09 23:36:30:989  vt_info数据表，第13次写入成功
2022-10-09 23:36:30:992  vt_info数据表，第14次写入成功
2022-10-09 23:36:30:994  vt_info数据表，第15次写入成功
2022-10-09 23:36:30:999  vt_info数据表，第16次写入成功
2022-10-09 23:36:31:006  vt_info数据表，第17次写入成功
2022-10-09 23:36:31:011  vt_info数据表，第18次写入成功
2022-10-09 23:36:31:013  vt_info数据表，第19次写入成功
2022-10-09 23:36:31:016  vt_info数据表，第20次写入成功
2022-10-09 23:36:31:017  vt_info数据表，第21次写入成功
2022-10-09 23:36:31:019  vt_info数据表，第22次写入成功
2022-10-09 23:36:31:021  vt_info数据表，第23次写入成功
2022-10-09 23:36:31:023  vt_info数据表，第24次写入成功
2022-10-09 23:36:31:025  vt_info数据表，第25次写入成功
2022-10-09 23:36:31:027  vt_info数据表，第26次写入成功
2022-10-09 23:36:31:040  vt_info数据表，第27次写入成功
2022-10-09 23:36:31:047  vt_info数据表，第28次写入成功
2022-10-09 23:36:31:050  vt_info数据表，第29次写入成功
2022-10-09 23:36:31:053  vt_info数据表，第30次写入成功
2022-10-09 23:36:31:056  vt_info数据表，第31次写入成功
2022-10-09 23:36:31:060  vt_info数据表，第32次写入成功
2022-10-09 23:36:31:064  vt_info数据表，第33次写入成功
2022-10-09 23:36:31:066  vt_info数据表，第34次写入成功
2022-10-09 23:36:31:068  vt_info数据表，第35次写入成功
2022-10-09 23:36:31:300  vt_info数据表，第36次写入成功
2022-10-09 23:36:31:329  vt_info数据表，第37次写入成功
2022-10-09 23:36:31:365  vt_info数据表，第38次写入成功
2022-10-09 23:36:31:393  vt_info数据表，第39次写入成功
2022-10-09 23:36:31:414  vt_info数据表，第40次写入成功
2022-10-09 23:36:31:440  vt_info数据表，第41次写入成功
2022-10-09 23:36:31:478  vt_info数据表，第42次写入成功
2022-10-09 23:36:31:510  vt_info数据表，第43次写入成功
2022-10-09 23:36:31:549  vt_info数据表，第44次写入成功
2022-10-09 23:36:31:582  vt_info数据表，第45次写入成功
2022-10-09 23:36:31:606  vt_info数据表，第46次写入成功
2022-10-09 23:36:31:641  vt_info数据表，第47次写入成功
2022-10-09 23:36:31:685  motor_info数据表，第0次写入成功
2022-10-09 23:36:31:714  motor_info数据表，第1次写入成功
2022-10-09 23:36:31:754  motor_info数据表，第2次写入成功
2022-10-09 23:36:31:790  motor_info数据表，第3次写入成功
2022-10-09 23:36:31:827  motor_info数据表，第4次写入成功
2022-10-09 23:36:31:865  motor_info数据表，第5次写入成功
2022-10-09 23:36:31:900  motor_info数据表，第6次写入成功
2022-10-09 23:36:31:909  motor_info数据表，第7次写入成功
2022-10-09 23:36:31:938  motor_info数据表，第8次写入成功
2022-10-09 23:36:31:974  motor_info数据表，第9次写入成功
2022-10-09 23:36:32:011  motor_info数据表，第10次写入成功
2022-10-09 23:36:32:040  motor_info数据表，第11次写入成功
2022-10-09 23:36:32:069  motor_info数据表，第12次写入成功
2022-10-09 23:36:32:100  motor_info数据表，第13次写入成功
2022-10-09 23:36:32:114  motor_info数据表，第14次写入成功
2022-10-09 23:36:32:134  motor_info数据表，第15次写入成功
2022-10-09 23:36:32:173  数据库关闭！
2022-10-09 23:45:52:048  本地IP：127.0.0.1
2022-10-09 23:45:52:060  本地端口号：4500
2022-10-09 23:45:52:101  通讯模块设置成功
2022-10-09 23:45:52:119  综合数据盒连接IP：192.168.1.198
2022-10-09 23:45:52:121  正在打开设备...
2022-10-09 23:46:13:142  创建连接出现异常，错误代码为：-6
2022-10-09 23:46:13:144  同步采集仪设置异常
2022-10-09 23:46:13:147  采集仪增益设置异常
2022-10-09 23:47:15:806  正在读取检测数据...
2022-10-09 23:47:21:430  开始处理数据
2022-10-09 23:47:21:869  右侧计算完成
2022-10-09 23:47:22:126  左侧计算完成
2022-10-09 23:47:22:127  检查结果数据
2022-10-09 23:47:22:129  通知桌面显示数据
2022-10-09 23:47:22:174  开始写入数据库
2022-10-09 23:47:22:390  预警及报警参数加载完成
2022-10-09 23:47:22:392  数据库打开成功
2022-10-09 23:47:22:395  train_info数据表写入成功
2022-10-09 23:47:22:398  train_onlyid读取成功
2022-10-09 23:47:22:400  train_data数据表写入成功
2022-10-09 23:47:22:404  vt_info数据表，第0次写入成功
2022-10-09 23:47:22:410  vt_info数据表，第1次写入成功
2022-10-09 23:47:22:412  vt_info数据表，第2次写入成功
2022-10-09 23:47:22:415  vt_info数据表，第3次写入成功
2022-10-09 23:47:22:417  vt_info数据表，第4次写入成功
2022-10-09 23:47:22:419  vt_info数据表，第5次写入成功
2022-10-09 23:47:22:422  vt_info数据表，第6次写入成功
2022-10-09 23:47:22:424  vt_info数据表，第7次写入成功
2022-10-09 23:47:22:427  vt_info数据表，第8次写入成功
2022-10-09 23:47:22:429  vt_info数据表，第9次写入成功
2022-10-09 23:47:22:431  vt_info数据表，第10次写入成功
2022-10-09 23:47:22:560  vt_info数据表，第11次写入成功
2022-10-09 23:47:22:563  vt_info数据表，第12次写入成功
2022-10-09 23:47:22:566  vt_info数据表，第13次写入成功
2022-10-09 23:47:22:568  vt_info数据表，第14次写入成功
2022-10-09 23:47:22:570  vt_info数据表，第15次写入成功
2022-10-09 23:47:22:573  vt_info数据表，第16次写入成功
2022-10-09 23:47:22:575  vt_info数据表，第17次写入成功
2022-10-09 23:47:22:577  vt_info数据表，第18次写入成功
2022-10-09 23:47:22:579  vt_info数据表，第19次写入成功
2022-10-09 23:47:22:581  vt_info数据表，第20次写入成功
2022-10-09 23:47:22:583  vt_info数据表，第21次写入成功
2022-10-09 23:47:22:585  vt_info数据表，第22次写入成功
2022-10-09 23:47:22:587  vt_info数据表，第23次写入成功
2022-10-09 23:47:22:591  vt_info数据表，第24次写入成功
2022-10-09 23:47:22:593  vt_info数据表，第25次写入成功
2022-10-09 23:47:22:595  vt_info数据表，第26次写入成功
2022-10-09 23:47:22:599  vt_info数据表，第27次写入成功
2022-10-09 23:47:22:602  vt_info数据表，第28次写入成功
2022-10-09 23:47:22:606  vt_info数据表，第29次写入成功
2022-10-09 23:47:22:608  vt_info数据表，第30次写入成功
2022-10-09 23:47:22:610  vt_info数据表，第31次写入成功
2022-10-09 23:47:22:614  vt_info数据表，第32次写入成功
2022-10-09 23:47:22:616  vt_info数据表，第33次写入成功
2022-10-09 23:47:22:619  vt_info数据表，第34次写入成功
2022-10-09 23:47:22:624  vt_info数据表，第35次写入成功
2022-10-09 23:47:22:627  vt_info数据表，第36次写入成功
2022-10-09 23:47:22:630  vt_info数据表，第37次写入成功
2022-10-09 23:47:22:632  vt_info数据表，第38次写入成功
2022-10-09 23:47:22:634  vt_info数据表，第39次写入成功
2022-10-09 23:47:22:637  vt_info数据表，第40次写入成功
2022-10-09 23:47:22:640  vt_info数据表，第41次写入成功
2022-10-09 23:47:22:663  vt_info数据表，第42次写入成功
2022-10-09 23:47:22:668  vt_info数据表，第43次写入成功
2022-10-09 23:47:22:671  vt_info数据表，第44次写入成功
2022-10-09 23:47:22:674  vt_info数据表，第45次写入成功
2022-10-09 23:47:22:676  vt_info数据表，第46次写入成功
2022-10-09 23:47:22:677  vt_info数据表，第47次写入成功
2022-10-09 23:47:22:679  motor_info数据表，第0次写入成功
2022-10-09 23:47:22:681  motor_info数据表，第1次写入成功
2022-10-09 23:47:22:682  motor_info数据表，第2次写入成功
2022-10-09 23:47:22:684  motor_info数据表，第3次写入成功
2022-10-09 23:47:22:686  motor_info数据表，第4次写入成功
2022-10-09 23:47:22:690  motor_info数据表，第5次写入成功
2022-10-09 23:47:22:699  motor_info数据表，第6次写入成功
2022-10-09 23:47:22:702  motor_info数据表，第7次写入成功
2022-10-09 23:47:22:710  motor_info数据表，第8次写入成功
2022-10-09 23:47:22:713  motor_info数据表，第9次写入成功
2022-10-09 23:47:22:715  motor_info数据表，第10次写入成功
2022-10-09 23:47:22:717  motor_info数据表，第11次写入成功
2022-10-09 23:47:22:719  motor_info数据表，第12次写入成功
2022-10-09 23:47:22:721  motor_info数据表，第13次写入成功
2022-10-09 23:47:22:724  motor_info数据表，第14次写入成功
2022-10-09 23:47:22:756  motor_info数据表，第15次写入成功
2022-10-09 23:47:22:759  数据库关闭！
2022-10-09 23:51:35:911  本地IP：127.0.0.1
2022-10-09 23:51:35:922  本地端口号：4500
2022-10-09 23:51:35:964  通讯模块设置成功
2022-10-09 23:51:35:977  综合数据盒连接IP：192.168.1.198
2022-10-09 23:51:35:978  正在打开设备...
2022-10-09 23:51:56:998  创建连接出现异常，错误代码为：-6
2022-10-09 23:51:57:001  同步采集仪设置异常
2022-10-09 23:51:57:004  采集仪增益设置异常
2022-10-09 23:53:42:181  正在读取检测数据...
2022-10-09 23:53:42:210  存在数据为空，请检查数据源
2022-10-09 23:54:16:202  正在读取检测数据...
2022-10-09 23:54:22:627  开始处理数据
2022-10-09 23:54:22:928  右侧计算完成
2022-10-09 23:54:23:138  左侧计算完成
2022-10-09 23:54:23:140  检查结果数据
2022-10-09 23:54:23:142  通知桌面显示数据
2022-10-09 23:54:23:175  开始写入数据库
2022-10-09 23:54:23:256  正在读取检测数据...
2022-10-09 23:54:30:207  开始处理数据
2022-10-09 23:54:30:213  预警及报警参数加载完成
2022-10-09 23:54:30:215  数据库打开成功
2022-10-09 23:54:30:218  train_info数据表写入成功
2022-10-09 23:54:30:221  train_onlyid读取成功
2022-10-09 23:54:30:225  train_data数据表写入成功
2022-10-09 23:54:30:226  vt_info数据表，第0次写入成功
2022-10-09 23:54:30:228  vt_info数据表，第1次写入成功
2022-10-09 23:54:30:231  vt_info数据表，第2次写入成功
2022-10-09 23:54:30:234  vt_info数据表，第3次写入成功
2022-10-09 23:54:30:239  vt_info数据表，第4次写入成功
2022-10-09 23:54:30:265  vt_info数据表，第5次写入成功
2022-10-09 23:54:30:267  vt_info数据表，第6次写入成功
2022-10-09 23:54:30:269  vt_info数据表，第7次写入成功
2022-10-09 23:54:30:272  vt_info数据表，第8次写入成功
2022-10-09 23:54:30:278  vt_info数据表，第9次写入成功
2022-10-09 23:54:30:280  vt_info数据表，第10次写入成功
2022-10-09 23:54:30:283  vt_info数据表，第11次写入成功
2022-10-09 23:54:30:285  vt_info数据表，第12次写入成功
2022-10-09 23:54:30:300  vt_info数据表，第13次写入成功
2022-10-09 23:54:30:309  vt_info数据表，第14次写入成功
2022-10-09 23:54:30:313  vt_info数据表，第15次写入成功
2022-10-09 23:54:30:319  vt_info数据表，第16次写入成功
2022-10-09 23:54:30:325  vt_info数据表，第17次写入成功
2022-10-09 23:54:30:330  vt_info数据表，第18次写入成功
2022-10-09 23:54:30:332  vt_info数据表，第19次写入成功
2022-10-09 23:54:30:335  vt_info数据表，第20次写入成功
2022-10-09 23:54:30:348  vt_info数据表，第21次写入成功
2022-10-09 23:54:30:353  vt_info数据表，第22次写入成功
2022-10-09 23:54:30:361  vt_info数据表，第23次写入成功
2022-10-09 23:54:30:363  vt_info数据表，第24次写入成功
2022-10-09 23:54:30:365  vt_info数据表，第25次写入成功
2022-10-09 23:54:30:367  vt_info数据表，第26次写入成功
2022-10-09 23:54:30:370  vt_info数据表，第27次写入成功
2022-10-09 23:54:30:372  vt_info数据表，第28次写入成功
2022-10-09 23:54:30:374  vt_info数据表，第29次写入成功
2022-10-09 23:54:30:375  vt_info数据表，第30次写入成功
2022-10-09 23:54:30:377  vt_info数据表，第31次写入成功
2022-10-09 23:54:30:379  vt_info数据表，第32次写入成功
2022-10-09 23:54:30:380  vt_info数据表，第33次写入成功
2022-10-09 23:54:30:381  vt_info数据表，第34次写入成功
2022-10-09 23:54:30:383  vt_info数据表，第35次写入成功
2022-10-09 23:54:30:385  vt_info数据表，第36次写入成功
2022-10-09 23:54:30:387  vt_info数据表，第37次写入成功
2022-10-09 23:54:30:389  vt_info数据表，第38次写入成功
2022-10-09 23:54:30:391  vt_info数据表，第39次写入成功
2022-10-09 23:54:30:394  vt_info数据表，第40次写入成功
2022-10-09 23:54:30:398  vt_info数据表，第41次写入成功
2022-10-09 23:54:30:400  vt_info数据表，第42次写入成功
2022-10-09 23:54:30:403  vt_info数据表，第43次写入成功
2022-10-09 23:54:30:405  vt_info数据表，第44次写入成功
2022-10-09 23:54:30:424  vt_info数据表，第45次写入成功
2022-10-09 23:54:30:426  vt_info数据表，第46次写入成功
2022-10-09 23:54:30:428  vt_info数据表，第47次写入成功
2022-10-09 23:54:30:430  motor_info数据表，第0次写入成功
2022-10-09 23:54:30:437  motor_info数据表，第1次写入成功
2022-10-09 23:54:30:443  motor_info数据表，第2次写入成功
2022-10-09 23:54:30:449  motor_info数据表，第3次写入成功
2022-10-09 23:54:30:454  motor_info数据表，第4次写入成功
2022-10-09 23:54:30:461  motor_info数据表，第5次写入成功
2022-10-09 23:54:30:464  motor_info数据表，第6次写入成功
2022-10-09 23:54:30:466  motor_info数据表，第7次写入成功
2022-10-09 23:54:30:468  motor_info数据表，第8次写入成功
2022-10-09 23:54:30:469  motor_info数据表，第9次写入成功
2022-10-09 23:54:30:471  motor_info数据表，第10次写入成功
2022-10-09 23:54:30:473  motor_info数据表，第11次写入成功
2022-10-09 23:54:30:474  motor_info数据表，第12次写入成功
2022-10-09 23:54:30:476  motor_info数据表，第13次写入成功
2022-10-09 23:54:30:477  motor_info数据表，第14次写入成功
2022-10-09 23:54:30:479  motor_info数据表，第15次写入成功
2022-10-09 23:54:30:480  数据库关闭！
2022-10-09 23:54:30:635  右侧前一次计算还未结束，请勿重复计算
