2022-07-20 16:21:17:897  正在读取检测数据...
2022-07-20 16:21:18:826  存在数据为空，请检查数据源
2022-07-20 16:23:22:420  正在读取检测数据...
2022-07-20 16:23:22:471  存在数据为空，请检查数据源
2022-07-20 16:57:01:718  本地IP：127.0.0.1
2022-07-20 16:57:01:728  本地端口号：4500
2022-07-20 16:57:01:827  通讯模块设置成功
2022-07-20 16:57:01:856  综合数据盒连接IP：192.168.1.198
2022-07-20 16:57:01:858  正在打开设备...
2022-07-20 16:57:22:883  创建连接出现异常，错误代码为：-6
2022-07-20 16:57:22:886  同步采集仪设置异常
2022-07-20 16:57:22:889  采集仪增益设置异常
2022-07-20 16:57:29:292  正在读取检测数据...
2022-07-20 16:57:34:596  开始处理数据
2022-07-20 16:57:34:880  右侧计算完成
2022-07-20 16:57:35:083  左侧计算完成
2022-07-20 16:57:35:085  检查结果数据
2022-07-20 16:57:35:086  通知桌面显示数据
2022-07-20 16:57:35:129  开始写入数据库
2022-07-20 16:57:35:472  预警及报警参数加载完成
2022-07-20 16:57:35:474  数据库打开成功
2022-07-20 16:57:35:476  train_info数据表写入成功
2022-07-20 16:57:35:478  train_onlyid读取成功
2022-07-20 16:57:35:481  train_data数据表写入成功
2022-07-20 16:57:35:482  train_fault数据表写入1、1成功
2022-07-20 16:57:35:484  train_fault数据表写入3、1成功
2022-07-20 16:57:35:617  vt_info数据表，第0次写入成功
2022-07-20 16:57:35:619  vt_info数据表，第1次写入成功
2022-07-20 16:57:35:621  vt_info数据表，第2次写入成功
2022-07-20 16:57:35:623  vt_info数据表，第3次写入成功
2022-07-20 16:57:35:625  vt_info数据表，第4次写入成功
2022-07-20 16:57:35:627  vt_info数据表，第5次写入成功
2022-07-20 16:57:35:631  vt_info数据表，第6次写入成功
2022-07-20 16:57:35:632  vt_info数据表，第7次写入成功
2022-07-20 16:57:35:634  vt_info数据表，第8次写入成功
2022-07-20 16:57:35:637  vt_info数据表，第9次写入成功
2022-07-20 16:57:35:639  vt_info数据表，第10次写入成功
2022-07-20 16:57:35:640  vt_info数据表，第11次写入成功
2022-07-20 16:57:35:643  vt_info数据表，第12次写入成功
2022-07-20 16:57:35:645  vt_info数据表，第13次写入成功
2022-07-20 16:57:35:648  vt_info数据表，第14次写入成功
2022-07-20 16:57:35:656  vt_info数据表，第15次写入成功
2022-07-20 16:57:35:659  vt_info数据表，第16次写入成功
2022-07-20 16:57:35:663  vt_info数据表，第17次写入成功
2022-07-20 16:57:35:665  vt_info数据表，第18次写入成功
2022-07-20 16:57:35:696  vt_info数据表，第19次写入成功
2022-07-20 16:57:35:698  vt_info数据表，第20次写入成功
2022-07-20 16:57:35:700  vt_info数据表，第21次写入成功
2022-07-20 16:57:35:702  vt_info数据表，第22次写入成功
2022-07-20 16:57:35:705  vt_info数据表，第23次写入成功
2022-07-20 16:57:35:709  vt_info数据表，第24次写入成功
2022-07-20 16:57:35:712  vt_info数据表，第25次写入成功
2022-07-20 16:57:35:714  vt_info数据表，第26次写入成功
2022-07-20 16:57:35:717  vt_info数据表，第27次写入成功
2022-07-20 16:57:35:720  vt_info数据表，第28次写入成功
2022-07-20 16:57:35:722  vt_info数据表，第29次写入成功
2022-07-20 16:57:35:746  vt_info数据表，第30次写入成功
2022-07-20 16:57:35:749  vt_info数据表，第31次写入成功
2022-07-20 16:57:35:751  vt_info数据表，第32次写入成功
2022-07-20 16:57:35:754  vt_info数据表，第33次写入成功
2022-07-20 16:57:35:758  vt_info数据表，第34次写入成功
2022-07-20 16:57:35:763  vt_info数据表，第35次写入成功
2022-07-20 16:57:35:765  vt_info数据表，第36次写入成功
2022-07-20 16:57:35:790  vt_info数据表，第37次写入成功
2022-07-20 16:57:35:792  vt_info数据表，第38次写入成功
2022-07-20 16:57:35:794  vt_info数据表，第39次写入成功
2022-07-20 16:57:35:797  vt_info数据表，第40次写入成功
2022-07-20 16:57:35:800  vt_info数据表，第41次写入成功
2022-07-20 16:57:35:802  vt_info数据表，第42次写入成功
2022-07-20 16:57:35:824  vt_info数据表，第43次写入成功
2022-07-20 16:57:35:827  vt_info数据表，第44次写入成功
2022-07-20 16:57:35:828  vt_info数据表，第45次写入成功
2022-07-20 16:57:35:832  vt_info数据表，第46次写入成功
2022-07-20 16:57:35:847  vt_info数据表，第47次写入成功
2022-07-20 16:57:35:849  motor_info数据表，第0次写入成功
2022-07-20 16:57:35:851  motor_info数据表，第1次写入成功
2022-07-20 16:57:35:854  motor_info数据表，第2次写入成功
2022-07-20 16:57:35:879  motor_info数据表，第3次写入成功
2022-07-20 16:57:35:881  motor_info数据表，第4次写入成功
2022-07-20 16:57:35:883  motor_info数据表，第5次写入成功
2022-07-20 16:57:35:884  motor_info数据表，第6次写入成功
2022-07-20 16:57:35:899  motor_info数据表，第7次写入成功
2022-07-20 16:57:35:901  motor_info数据表，第8次写入成功
2022-07-20 16:57:35:904  motor_info数据表，第9次写入成功
2022-07-20 16:57:35:907  motor_info数据表，第10次写入成功
2022-07-20 16:57:35:926  motor_info数据表，第11次写入成功
2022-07-20 16:57:35:928  motor_info数据表，第12次写入成功
2022-07-20 16:57:35:953  motor_info数据表，第13次写入成功
2022-07-20 16:57:35:971  motor_info数据表，第14次写入成功
2022-07-20 16:57:35:972  motor_info数据表，第15次写入成功
2022-07-20 16:57:35:975  数据库关闭！
