2020-12-27 21:09:43:913  磁钢信号预处理完成，位置标记：1
2020-12-27 21:09:43:931  温度分轮成功，分轮数尺度为：48
2020-12-27 21:09:43:945  轴承端盖温度特征值计算完成, 位置标记：1
2020-12-27 21:09:43:959  电机温度计算完成, 位置标记：1
2020-12-27 21:09:43:961  电机温度计算完成, 位置标记：1
2020-12-27 21:09:43:963  电机温度计算完成, 位置标记：1
2020-12-27 21:09:43:965  电机温度计算完成, 位置标记：1
2020-12-27 21:09:43:967  电机温度计算完成, 位置标记：1
2020-12-27 21:09:43:969  电机温度计算完成, 位置标记：1
2020-12-27 21:09:43:971  电机温度计算完成, 位置标记：1
2020-12-27 21:09:43:973  电机温度计算完成, 位置标记：1
2020-12-27 21:09:43:975  车速为：43.8792位置标记为：1
2020-12-27 21:09:44:007  振动分轮计算完成, 位置标记：1
2020-12-27 21:09:44:165  振动特征值计算完成, 位置标记：1
2020-12-27 21:09:44:245  磁钢信号预处理完成，位置标记：0
2020-12-27 21:09:44:266  温度分轮成功，分轮数尺度为：48
2020-12-27 21:09:44:278  轴承端盖温度特征值计算完成, 位置标记：0
2020-12-27 21:09:44:288  电机温度计算完成, 位置标记：0
2020-12-27 21:09:44:290  电机温度计算完成, 位置标记：0
2020-12-27 21:09:44:292  电机温度计算完成, 位置标记：0
2020-12-27 21:09:44:294  电机温度计算完成, 位置标记：0
2020-12-27 21:09:44:296  电机温度计算完成, 位置标记：0
2020-12-27 21:09:44:298  电机温度计算完成, 位置标记：0
2020-12-27 21:09:44:300  电机温度计算完成, 位置标记：0
2020-12-27 21:09:44:300  电机温度计算完成, 位置标记：0
2020-12-27 21:09:44:302  车速为：43.8792位置标记为：0
2020-12-27 21:09:44:328  振动分轮计算完成, 位置标记：0
2020-12-27 21:09:44:470  振动特征值计算完成, 位置标记：0
2020-12-27 21:16:37:608  磁钢信号预处理完成，位置标记：1
2020-12-27 21:16:37:626  温度分轮成功，分轮数尺度为：48
2020-12-27 21:16:37:640  轴承端盖温度特征值计算完成, 位置标记：1
2020-12-27 21:16:37:655  电机温度计算完成, 位置标记：1
2020-12-27 21:16:37:658  电机温度计算完成, 位置标记：1
2020-12-27 21:16:37:660  电机温度计算完成, 位置标记：1
2020-12-27 21:16:37:662  电机温度计算完成, 位置标记：1
2020-12-27 21:16:37:664  电机温度计算完成, 位置标记：1
2020-12-27 21:16:37:666  电机温度计算完成, 位置标记：1
2020-12-27 21:16:37:669  电机温度计算完成, 位置标记：1
2020-12-27 21:16:37:670  电机温度计算完成, 位置标记：1
2020-12-27 21:16:37:672  车速为：43.8559位置标记为：1
2020-12-27 21:16:37:705  振动分轮计算完成, 位置标记：1
2020-12-27 21:16:37:877  振动特征值计算完成, 位置标记：1
2020-12-27 21:16:37:955  磁钢信号预处理完成，位置标记：0
2020-12-27 21:16:37:973  温度分轮成功，分轮数尺度为：48
2020-12-27 21:16:37:991  轴承端盖温度特征值计算完成, 位置标记：0
2020-12-27 21:16:38:007  电机温度计算完成, 位置标记：0
2020-12-27 21:16:38:009  电机温度计算完成, 位置标记：0
2020-12-27 21:16:38:013  电机温度计算完成, 位置标记：0
2020-12-27 21:16:38:015  电机温度计算完成, 位置标记：0
2020-12-27 21:16:38:017  电机温度计算完成, 位置标记：0
2020-12-27 21:16:38:019  电机温度计算完成, 位置标记：0
2020-12-27 21:16:38:023  电机温度计算完成, 位置标记：0
2020-12-27 21:16:38:025  电机温度计算完成, 位置标记：0
2020-12-27 21:16:38:025  车速为：43.8559位置标记为：0
2020-12-27 21:16:38:063  振动分轮计算完成, 位置标记：0
2020-12-27 21:16:38:267  振动特征值计算完成, 位置标记：0
2020-12-27 21:24:06:819  磁钢信号预处理完成，位置标记：1
2020-12-27 21:24:06:839  温度分轮成功，分轮数尺度为：48
2020-12-27 21:24:06:855  轴承端盖温度特征值计算完成, 位置标记：1
2020-12-27 21:24:06:871  电机温度计算完成, 位置标记：1
2020-12-27 21:24:06:875  电机温度计算完成, 位置标记：1
2020-12-27 21:24:06:877  电机温度计算完成, 位置标记：1
2020-12-27 21:24:06:879  电机温度计算完成, 位置标记：1
2020-12-27 21:24:06:881  电机温度计算完成, 位置标记：1
2020-12-27 21:24:06:883  电机温度计算完成, 位置标记：1
2020-12-27 21:24:06:885  电机温度计算完成, 位置标记：1
2020-12-27 21:24:06:887  电机温度计算完成, 位置标记：1
2020-12-27 21:24:06:889  车速为：43.8095位置标记为：1
2020-12-27 21:24:06:921  振动分轮计算完成, 位置标记：1
2020-12-27 21:24:07:097  振动特征值计算完成, 位置标记：1
2020-12-27 21:24:07:175  磁钢信号预处理完成，位置标记：0
2020-12-27 21:24:07:193  温度分轮成功，分轮数尺度为：48
2020-12-27 21:24:07:207  轴承端盖温度特征值计算完成, 位置标记：0
2020-12-27 21:24:07:219  电机温度计算完成, 位置标记：0
2020-12-27 21:24:07:221  电机温度计算完成, 位置标记：0
2020-12-27 21:24:07:223  电机温度计算完成, 位置标记：0
2020-12-27 21:24:07:225  电机温度计算完成, 位置标记：0
2020-12-27 21:24:07:227  电机温度计算完成, 位置标记：0
2020-12-27 21:24:07:227  电机温度计算完成, 位置标记：0
2020-12-27 21:24:07:231  电机温度计算完成, 位置标记：0
2020-12-27 21:24:07:231  电机温度计算完成, 位置标记：0
2020-12-27 21:24:07:233  车速为：43.8095位置标记为：0
2020-12-27 21:24:07:259  振动分轮计算完成, 位置标记：0
2020-12-27 21:24:07:411  振动特征值计算完成, 位置标记：0
2020-12-27 21:46:05:085  磁钢信号预处理完成，位置标记：1
2020-12-27 21:46:05:095  温度分轮成功，分轮数尺度为：48
2020-12-27 21:46:05:115  轴承端盖温度特征值计算完成, 位置标记：1
2020-12-27 21:46:05:137  电机温度计算完成, 位置标记：1
2020-12-27 21:46:05:139  电机温度计算完成, 位置标记：1
2020-12-27 21:46:05:143  电机温度计算完成, 位置标记：1
2020-12-27 21:46:05:145  电机温度计算完成, 位置标记：1
2020-12-27 21:46:05:147  电机温度计算完成, 位置标记：1
2020-12-27 21:46:05:151  电机温度计算完成, 位置标记：1
2020-12-27 21:46:05:153  电机温度计算完成, 位置标记：1
2020-12-27 21:46:05:155  电机温度计算完成, 位置标记：1
2020-12-27 21:46:05:157  车速为：36.2999位置标记为：1
2020-12-27 21:46:05:173  振动分轮计算完成, 位置标记：1
2020-12-27 21:46:05:413  振动特征值计算完成, 位置标记：1
2020-12-27 21:46:05:451  磁钢信号预处理完成，位置标记：0
2020-12-27 21:46:05:459  温度分轮成功，分轮数尺度为：48
2020-12-27 21:46:05:479  轴承端盖温度特征值计算完成, 位置标记：0
2020-12-27 21:46:05:501  电机温度计算完成, 位置标记：0
2020-12-27 21:46:05:503  电机温度计算完成, 位置标记：0
2020-12-27 21:46:05:507  电机温度计算完成, 位置标记：0
2020-12-27 21:46:05:509  电机温度计算完成, 位置标记：0
2020-12-27 21:46:05:513  电机温度计算完成, 位置标记：0
2020-12-27 21:46:05:515  电机温度计算完成, 位置标记：0
2020-12-27 21:46:05:517  电机温度计算完成, 位置标记：0
2020-12-27 21:46:05:521  电机温度计算完成, 位置标记：0
2020-12-27 21:46:05:521  车速为：36.2999位置标记为：0
2020-12-27 21:46:05:537  振动分轮计算完成, 位置标记：0
2020-12-27 21:46:05:758  振动特征值计算完成, 位置标记：0
