2020-12-31 16:02:49:957  磁钢信号预处理完成，位置标记：1
2020-12-31 16:02:49:968  温度分轮成功，分轮数尺度为：48
2020-12-31 16:02:50:025  轴承端盖温度特征值计算完成, 位置标记：1
2020-12-31 16:02:50:086  电机温度计算完成, 位置标记：1
2020-12-31 16:02:50:089  电机温度计算完成, 位置标记：1
2020-12-31 16:02:50:093  电机温度计算完成, 位置标记：1
2020-12-31 16:02:50:096  电机温度计算完成, 位置标记：1
2020-12-31 16:02:50:099  电机温度计算完成, 位置标记：1
2020-12-31 16:02:50:101  电机温度计算完成, 位置标记：1
2020-12-31 16:02:50:104  电机温度计算完成, 位置标记：1
2020-12-31 16:02:50:107  电机温度计算完成, 位置标记：1
2020-12-31 16:02:50:109  车速为：36.882位置标记为：1
2020-12-31 16:02:50:134  振动分轮计算完成, 位置标记：1
2020-12-31 16:02:50:416  振动特征值计算完成, 位置标记：1
2020-12-31 16:02:50:471  磁钢信号预处理完成，位置标记：0
2020-12-31 16:02:50:484  温度分轮成功，分轮数尺度为：48
2020-12-31 16:02:50:551  轴承端盖温度特征值计算完成, 位置标记：0
2020-12-31 16:02:50:617  电机温度计算完成, 位置标记：0
2020-12-31 16:02:50:620  电机温度计算完成, 位置标记：0
2020-12-31 16:02:50:623  电机温度计算完成, 位置标记：0
2020-12-31 16:02:50:626  电机温度计算完成, 位置标记：0
2020-12-31 16:02:50:629  电机温度计算完成, 位置标记：0
2020-12-31 16:02:50:632  电机温度计算完成, 位置标记：0
2020-12-31 16:02:50:635  电机温度计算完成, 位置标记：0
2020-12-31 16:02:50:637  电机温度计算完成, 位置标记：0
2020-12-31 16:02:50:639  车速为：36.882位置标记为：0
2020-12-31 16:02:50:664  振动分轮计算完成, 位置标记：0
2020-12-31 16:02:50:924  振动特征值计算完成, 位置标记：0
2020-12-31 16:13:09:416  磁钢信号预处理完成，位置标记：1
2020-12-31 16:13:09:429  温度分轮成功，分轮数尺度为：48
2020-12-31 16:13:09:496  轴承端盖温度特征值计算完成, 位置标记：1
2020-12-31 16:13:09:561  电机温度计算完成, 位置标记：1
2020-12-31 16:13:09:565  电机温度计算完成, 位置标记：1
2020-12-31 16:13:09:568  电机温度计算完成, 位置标记：1
2020-12-31 16:13:09:571  电机温度计算完成, 位置标记：1
2020-12-31 16:13:09:574  电机温度计算完成, 位置标记：1
2020-12-31 16:13:09:577  电机温度计算完成, 位置标记：1
2020-12-31 16:13:09:580  电机温度计算完成, 位置标记：1
2020-12-31 16:13:09:582  电机温度计算完成, 位置标记：1
2020-12-31 16:13:09:584  车速为：36.5724位置标记为：1
2020-12-31 16:13:09:609  振动分轮计算完成, 位置标记：1
2020-12-31 16:13:09:893  振动特征值计算完成, 位置标记：1
2020-12-31 16:13:09:948  磁钢信号预处理完成，位置标记：0
2020-12-31 16:13:09:962  温度分轮成功，分轮数尺度为：48
2020-12-31 16:13:10:029  轴承端盖温度特征值计算完成, 位置标记：0
2020-12-31 16:13:10:094  电机温度计算完成, 位置标记：0
2020-12-31 16:13:10:097  电机温度计算完成, 位置标记：0
2020-12-31 16:13:10:101  电机温度计算完成, 位置标记：0
2020-12-31 16:13:10:104  电机温度计算完成, 位置标记：0
2020-12-31 16:13:10:106  电机温度计算完成, 位置标记：0
2020-12-31 16:13:10:109  电机温度计算完成, 位置标记：0
2020-12-31 16:13:10:112  电机温度计算完成, 位置标记：0
2020-12-31 16:13:10:115  电机温度计算完成, 位置标记：0
2020-12-31 16:13:10:116  车速为：36.5724位置标记为：0
2020-12-31 16:13:10:142  振动分轮计算完成, 位置标记：0
2020-12-31 16:13:10:430  振动特征值计算完成, 位置标记：0
2020-12-31 16:22:55:304  磁钢信号预处理完成，位置标记：1
2020-12-31 16:22:55:317  温度分轮成功，分轮数尺度为：48
2020-12-31 16:22:55:382  轴承端盖温度特征值计算完成, 位置标记：1
2020-12-31 16:22:55:445  电机温度计算完成, 位置标记：1
2020-12-31 16:22:55:448  电机温度计算完成, 位置标记：1
2020-12-31 16:22:55:452  电机温度计算完成, 位置标记：1
2020-12-31 16:22:55:455  电机温度计算完成, 位置标记：1
2020-12-31 16:22:55:457  电机温度计算完成, 位置标记：1
2020-12-31 16:22:55:460  电机温度计算完成, 位置标记：1
2020-12-31 16:22:55:463  电机温度计算完成, 位置标记：1
2020-12-31 16:22:55:466  电机温度计算完成, 位置标记：1
2020-12-31 16:22:55:467  车速为：36.8655位置标记为：1
2020-12-31 16:22:55:491  振动分轮计算完成, 位置标记：1
2020-12-31 16:22:55:767  振动特征值计算完成, 位置标记：1
2020-12-31 16:22:55:817  磁钢信号预处理完成，位置标记：0
2020-12-31 16:22:55:829  温度分轮成功，分轮数尺度为：48
2020-12-31 16:22:55:890  轴承端盖温度特征值计算完成, 位置标记：0
2020-12-31 16:22:55:948  电机温度计算完成, 位置标记：0
2020-12-31 16:22:55:951  电机温度计算完成, 位置标记：0
2020-12-31 16:22:55:954  电机温度计算完成, 位置标记：0
2020-12-31 16:22:55:957  电机温度计算完成, 位置标记：0
2020-12-31 16:22:55:959  电机温度计算完成, 位置标记：0
2020-12-31 16:22:55:962  电机温度计算完成, 位置标记：0
2020-12-31 16:22:55:964  电机温度计算完成, 位置标记：0
2020-12-31 16:22:55:966  电机温度计算完成, 位置标记：0
2020-12-31 16:22:55:968  车速为：36.8655位置标记为：0
2020-12-31 16:22:55:989  振动分轮计算完成, 位置标记：0
2020-12-31 16:22:56:215  振动特征值计算完成, 位置标记：0
2020-12-31 16:33:05:749  磁钢信号预处理完成，位置标记：1
2020-12-31 16:33:05:762  温度分轮成功，分轮数尺度为：48
2020-12-31 16:33:05:828  轴承端盖温度特征值计算完成, 位置标记：1
2020-12-31 16:33:05:889  电机温度计算完成, 位置标记：1
2020-12-31 16:33:05:892  电机温度计算完成, 位置标记：1
2020-12-31 16:33:05:895  电机温度计算完成, 位置标记：1
2020-12-31 16:33:05:898  电机温度计算完成, 位置标记：1
2020-12-31 16:33:05:901  电机温度计算完成, 位置标记：1
2020-12-31 16:33:05:903  电机温度计算完成, 位置标记：1
2020-12-31 16:33:05:906  电机温度计算完成, 位置标记：1
2020-12-31 16:33:05:908  电机温度计算完成, 位置标记：1
2020-12-31 16:33:05:910  车速为：36.6696位置标记为：1
2020-12-31 16:33:05:934  振动分轮计算完成, 位置标记：1
2020-12-31 16:33:06:215  振动特征值计算完成, 位置标记：1
2020-12-31 16:33:06:266  磁钢信号预处理完成，位置标记：0
2020-12-31 16:33:06:279  温度分轮成功，分轮数尺度为：48
2020-12-31 16:33:06:346  轴承端盖温度特征值计算完成, 位置标记：0
2020-12-31 16:33:06:411  电机温度计算完成, 位置标记：0
2020-12-31 16:33:06:415  电机温度计算完成, 位置标记：0
2020-12-31 16:33:06:418  电机温度计算完成, 位置标记：0
2020-12-31 16:33:06:421  电机温度计算完成, 位置标记：0
2020-12-31 16:33:06:423  电机温度计算完成, 位置标记：0
2020-12-31 16:33:06:426  电机温度计算完成, 位置标记：0
2020-12-31 16:33:06:429  电机温度计算完成, 位置标记：0
2020-12-31 16:33:06:431  电机温度计算完成, 位置标记：0
2020-12-31 16:33:06:433  车速为：36.6696位置标记为：0
2020-12-31 16:33:06:458  振动分轮计算完成, 位置标记：0
2020-12-31 16:33:06:744  振动特征值计算完成, 位置标记：0
2020-12-31 16:43:33:100  磁钢信号预处理完成，位置标记：1
2020-12-31 16:43:33:113  温度分轮成功，分轮数尺度为：48
2020-12-31 16:43:33:177  轴承端盖温度特征值计算完成, 位置标记：1
2020-12-31 16:43:33:241  电机温度计算完成, 位置标记：1
2020-12-31 16:43:33:245  电机温度计算完成, 位置标记：1
2020-12-31 16:43:33:248  电机温度计算完成, 位置标记：1
2020-12-31 16:43:33:251  电机温度计算完成, 位置标记：1
2020-12-31 16:43:33:254  电机温度计算完成, 位置标记：1
2020-12-31 16:43:33:257  电机温度计算完成, 位置标记：1
2020-12-31 16:43:33:260  电机温度计算完成, 位置标记：1
2020-12-31 16:43:33:262  电机温度计算完成, 位置标记：1
2020-12-31 16:43:33:264  车速为：36.7837位置标记为：1
2020-12-31 16:43:33:289  振动分轮计算完成, 位置标记：1
2020-12-31 16:43:33:569  振动特征值计算完成, 位置标记：1
2020-12-31 16:43:33:617  磁钢信号预处理完成，位置标记：0
2020-12-31 16:43:33:628  温度分轮成功，分轮数尺度为：48
2020-12-31 16:43:33:682  轴承端盖温度特征值计算完成, 位置标记：0
2020-12-31 16:43:33:732  电机温度计算完成, 位置标记：0
2020-12-31 16:43:33:735  电机温度计算完成, 位置标记：0
2020-12-31 16:43:33:737  电机温度计算完成, 位置标记：0
2020-12-31 16:43:33:740  电机温度计算完成, 位置标记：0
2020-12-31 16:43:33:742  电机温度计算完成, 位置标记：0
2020-12-31 16:43:33:744  电机温度计算完成, 位置标记：0
2020-12-31 16:43:33:746  电机温度计算完成, 位置标记：0
2020-12-31 16:43:33:748  电机温度计算完成, 位置标记：0
2020-12-31 16:43:33:750  车速为：36.7837位置标记为：0
2020-12-31 16:43:33:770  振动分轮计算完成, 位置标记：0
2020-12-31 16:43:34:048  振动特征值计算完成, 位置标记：0
2020-12-31 16:54:02:343  磁钢信号预处理完成，位置标记：1
2020-12-31 16:54:02:356  温度分轮成功，分轮数尺度为：48
2020-12-31 16:54:02:416  轴承端盖温度特征值计算完成, 位置标记：1
2020-12-31 16:54:02:473  电机温度计算完成, 位置标记：1
2020-12-31 16:54:02:476  电机温度计算完成, 位置标记：1
2020-12-31 16:54:02:479  电机温度计算完成, 位置标记：1
2020-12-31 16:54:02:481  电机温度计算完成, 位置标记：1
2020-12-31 16:54:02:484  电机温度计算完成, 位置标记：1
2020-12-31 16:54:02:486  电机温度计算完成, 位置标记：1
2020-12-31 16:54:02:488  电机温度计算完成, 位置标记：1
2020-12-31 16:54:02:490  电机温度计算完成, 位置标记：1
2020-12-31 16:54:02:492  车速为：36.7184位置标记为：1
2020-12-31 16:54:02:514  振动分轮计算完成, 位置标记：1
2020-12-31 16:54:02:739  振动特征值计算完成, 位置标记：1
2020-12-31 16:54:02:780  磁钢信号预处理完成，位置标记：0
2020-12-31 16:54:02:789  温度分轮成功，分轮数尺度为：48
2020-12-31 16:54:02:849  轴承端盖温度特征值计算完成, 位置标记：0
2020-12-31 16:54:02:914  电机温度计算完成, 位置标记：0
2020-12-31 16:54:02:918  电机温度计算完成, 位置标记：0
2020-12-31 16:54:02:921  电机温度计算完成, 位置标记：0
2020-12-31 16:54:02:924  电机温度计算完成, 位置标记：0
2020-12-31 16:54:02:927  电机温度计算完成, 位置标记：0
2020-12-31 16:54:02:930  电机温度计算完成, 位置标记：0
2020-12-31 16:54:02:933  电机温度计算完成, 位置标记：0
2020-12-31 16:54:02:935  电机温度计算完成, 位置标记：0
2020-12-31 16:54:02:937  车速为：36.7184位置标记为：0
2020-12-31 16:54:02:962  振动分轮计算完成, 位置标记：0
2020-12-31 16:54:03:247  振动特征值计算完成, 位置标记：0
