2020-12-23 11:04:01:252  磁钢信号预处理完成，位置标记：1
2020-12-23 11:04:01:265  温度分轮成功，分轮数尺度为：48
2020-12-23 11:04:01:330  轴承端盖温度特征值计算完成, 位置标记：1
2020-12-23 11:04:01:393  电机温度计算完成, 位置标记：1
2020-12-23 11:04:01:396  电机温度计算完成, 位置标记：1
2020-12-23 11:04:01:400  电机温度计算完成, 位置标记：1
2020-12-23 11:04:01:402  电机温度计算完成, 位置标记：1
2020-12-23 11:04:01:405  电机温度计算完成, 位置标记：1
2020-12-23 11:04:01:408  电机温度计算完成, 位置标记：1
2020-12-23 11:04:01:411  电机温度计算完成, 位置标记：1
2020-12-23 11:04:01:413  电机温度计算完成, 位置标记：1
2020-12-23 11:04:01:415  车速为：36.7021位置标记为：1
2020-12-23 11:04:01:438  振动分轮计算完成, 位置标记：1
2020-12-23 11:04:01:718  振动特征值计算完成, 位置标记：1
2020-12-23 11:04:01:768  磁钢信号预处理完成，位置标记：0
2020-12-23 11:04:01:779  温度分轮成功，分轮数尺度为：48
2020-12-23 11:04:01:835  轴承端盖温度特征值计算完成, 位置标记：0
2020-12-23 11:04:01:887  电机温度计算完成, 位置标记：0
2020-12-23 11:04:01:891  电机温度计算完成, 位置标记：0
2020-12-23 11:04:01:893  电机温度计算完成, 位置标记：0
2020-12-23 11:04:01:896  电机温度计算完成, 位置标记：0
2020-12-23 11:04:01:898  电机温度计算完成, 位置标记：0
2020-12-23 11:04:01:901  电机温度计算完成, 位置标记：0
2020-12-23 11:04:01:904  电机温度计算完成, 位置标记：0
2020-12-23 11:04:01:906  电机温度计算完成, 位置标记：0
2020-12-23 11:04:01:908  车速为：36.7021位置标记为：0
2020-12-23 11:04:01:926  振动分轮计算完成, 位置标记：0
2020-12-23 11:04:02:144  振动特征值计算完成, 位置标记：0
2020-12-23 11:13:35:375  磁钢信号预处理完成，位置标记：1
2020-12-23 11:13:35:388  温度分轮成功，分轮数尺度为：48
2020-12-23 11:13:35:452  轴承端盖温度特征值计算完成, 位置标记：1
2020-12-23 11:13:35:514  电机温度计算完成, 位置标记：1
2020-12-23 11:13:35:518  电机温度计算完成, 位置标记：1
2020-12-23 11:13:35:521  电机温度计算完成, 位置标记：1
2020-12-23 11:13:35:524  电机温度计算完成, 位置标记：1
2020-12-23 11:13:35:527  电机温度计算完成, 位置标记：1
2020-12-23 11:13:35:530  电机温度计算完成, 位置标记：1
2020-12-23 11:13:35:532  电机温度计算完成, 位置标记：1
2020-12-23 11:13:35:536  电机温度计算完成, 位置标记：1
2020-12-23 11:13:35:537  车速为：36.7184位置标记为：1
2020-12-23 11:13:35:553  振动分轮计算完成, 位置标记：1
2020-12-23 11:13:35:758  振动特征值计算完成, 位置标记：1
2020-12-23 11:13:35:799  磁钢信号预处理完成，位置标记：0
2020-12-23 11:13:35:810  温度分轮成功，分轮数尺度为：48
2020-12-23 11:13:35:859  轴承端盖温度特征值计算完成, 位置标记：0
2020-12-23 11:13:35:910  电机温度计算完成, 位置标记：0
2020-12-23 11:13:35:912  电机温度计算完成, 位置标记：0
2020-12-23 11:13:35:915  电机温度计算完成, 位置标记：0
2020-12-23 11:13:35:917  电机温度计算完成, 位置标记：0
2020-12-23 11:13:35:920  电机温度计算完成, 位置标记：0
2020-12-23 11:13:35:922  电机温度计算完成, 位置标记：0
2020-12-23 11:13:35:925  电机温度计算完成, 位置标记：0
2020-12-23 11:13:35:927  电机温度计算完成, 位置标记：0
2020-12-23 11:13:35:929  车速为：36.7184位置标记为：0
2020-12-23 11:13:35:946  振动分轮计算完成, 位置标记：0
2020-12-23 11:13:36:157  振动特征值计算完成, 位置标记：0
2020-12-23 11:23:41:974  磁钢信号预处理完成，位置标记：1
2020-12-23 11:23:41:985  温度分轮成功，分轮数尺度为：48
2020-12-23 11:23:42:038  轴承端盖温度特征值计算完成, 位置标记：1
2020-12-23 11:23:42:088  电机温度计算完成, 位置标记：1
2020-12-23 11:23:42:091  电机温度计算完成, 位置标记：1
2020-12-23 11:23:42:094  电机温度计算完成, 位置标记：1
2020-12-23 11:23:42:097  电机温度计算完成, 位置标记：1
2020-12-23 11:23:42:100  电机温度计算完成, 位置标记：1
2020-12-23 11:23:42:104  电机温度计算完成, 位置标记：1
2020-12-23 11:23:42:107  电机温度计算完成, 位置标记：1
2020-12-23 11:23:42:109  电机温度计算完成, 位置标记：1
2020-12-23 11:23:42:111  车速为：36.7184位置标记为：1
2020-12-23 11:23:42:135  振动分轮计算完成, 位置标记：1
2020-12-23 11:23:42:646  振动特征值计算完成, 位置标记：1
2020-12-23 11:23:42:712  磁钢信号预处理完成，位置标记：0
2020-12-23 11:23:42:724  温度分轮成功，分轮数尺度为：48
2020-12-23 11:23:42:790  轴承端盖温度特征值计算完成, 位置标记：0
2020-12-23 11:23:42:850  电机温度计算完成, 位置标记：0
2020-12-23 11:23:42:854  电机温度计算完成, 位置标记：0
2020-12-23 11:23:42:856  电机温度计算完成, 位置标记：0
2020-12-23 11:23:42:860  电机温度计算完成, 位置标记：0
2020-12-23 11:23:42:863  电机温度计算完成, 位置标记：0
2020-12-23 11:23:42:866  电机温度计算完成, 位置标记：0
2020-12-23 11:23:42:869  电机温度计算完成, 位置标记：0
2020-12-23 11:23:42:871  电机温度计算完成, 位置标记：0
2020-12-23 11:23:42:873  车速为：36.7184位置标记为：0
2020-12-23 11:23:42:896  振动分轮计算完成, 位置标记：0
2020-12-23 11:23:43:192  振动特征值计算完成, 位置标记：0
2020-12-23 11:33:26:981  磁钢信号预处理完成，位置标记：1
2020-12-23 11:33:26:994  温度分轮成功，分轮数尺度为：48
2020-12-23 11:33:27:059  轴承端盖温度特征值计算完成, 位置标记：1
2020-12-23 11:33:27:123  电机温度计算完成, 位置标记：1
2020-12-23 11:33:27:126  电机温度计算完成, 位置标记：1
2020-12-23 11:33:27:129  电机温度计算完成, 位置标记：1
2020-12-23 11:33:27:133  电机温度计算完成, 位置标记：1
2020-12-23 11:33:27:136  电机温度计算完成, 位置标记：1
2020-12-23 11:33:27:138  电机温度计算完成, 位置标记：1
2020-12-23 11:33:27:141  电机温度计算完成, 位置标记：1
2020-12-23 11:33:27:143  电机温度计算完成, 位置标记：1
2020-12-23 11:33:27:145  车速为：36.5886位置标记为：1
2020-12-23 11:33:27:168  振动分轮计算完成, 位置标记：1
2020-12-23 11:33:27:438  振动特征值计算完成, 位置标记：1
2020-12-23 11:33:27:487  磁钢信号预处理完成，位置标记：0
2020-12-23 11:33:27:499  温度分轮成功，分轮数尺度为：48
2020-12-23 11:33:27:565  轴承端盖温度特征值计算完成, 位置标记：0
2020-12-23 11:33:27:628  电机温度计算完成, 位置标记：0
2020-12-23 11:33:27:632  电机温度计算完成, 位置标记：0
2020-12-23 11:33:27:635  电机温度计算完成, 位置标记：0
2020-12-23 11:33:27:638  电机温度计算完成, 位置标记：0
2020-12-23 11:33:27:641  电机温度计算完成, 位置标记：0
2020-12-23 11:33:27:644  电机温度计算完成, 位置标记：0
2020-12-23 11:33:27:647  电机温度计算完成, 位置标记：0
2020-12-23 11:33:27:649  电机温度计算完成, 位置标记：0
2020-12-23 11:33:27:651  车速为：36.5886位置标记为：0
2020-12-23 11:33:27:674  振动分轮计算完成, 位置标记：0
2020-12-23 11:33:27:953  振动特征值计算完成, 位置标记：0
2020-12-23 11:43:28:585  磁钢信号预处理完成，位置标记：1
2020-12-23 11:43:28:597  温度分轮成功，分轮数尺度为：48
2020-12-23 11:43:28:664  轴承端盖温度特征值计算完成, 位置标记：1
2020-12-23 11:43:28:729  电机温度计算完成, 位置标记：1
2020-12-23 11:43:28:732  电机温度计算完成, 位置标记：1
2020-12-23 11:43:28:735  电机温度计算完成, 位置标记：1
2020-12-23 11:43:28:738  电机温度计算完成, 位置标记：1
2020-12-23 11:43:28:740  电机温度计算完成, 位置标记：1
2020-12-23 11:43:28:744  电机温度计算完成, 位置标记：1
2020-12-23 11:43:28:746  电机温度计算完成, 位置标记：1
2020-12-23 11:43:28:748  电机温度计算完成, 位置标记：1
2020-12-23 11:43:28:749  车速为：36.7021位置标记为：1
2020-12-23 11:43:28:772  振动分轮计算完成, 位置标记：1
2020-12-23 11:43:29:050  振动特征值计算完成, 位置标记：1
2020-12-23 11:43:29:102  磁钢信号预处理完成，位置标记：0
2020-12-23 11:43:29:114  温度分轮成功，分轮数尺度为：48
2020-12-23 11:43:29:173  轴承端盖温度特征值计算完成, 位置标记：0
2020-12-23 11:43:29:228  电机温度计算完成, 位置标记：0
2020-12-23 11:43:29:231  电机温度计算完成, 位置标记：0
2020-12-23 11:43:29:234  电机温度计算完成, 位置标记：0
2020-12-23 11:43:29:237  电机温度计算完成, 位置标记：0
2020-12-23 11:43:29:239  电机温度计算完成, 位置标记：0
2020-12-23 11:43:29:242  电机温度计算完成, 位置标记：0
2020-12-23 11:43:29:244  电机温度计算完成, 位置标记：0
2020-12-23 11:43:29:246  电机温度计算完成, 位置标记：0
2020-12-23 11:43:29:247  车速为：36.7021位置标记为：0
2020-12-23 11:43:29:266  振动分轮计算完成, 位置标记：0
2020-12-23 11:43:29:486  振动特征值计算完成, 位置标记：0
2020-12-23 11:53:29:728  磁钢信号预处理完成，位置标记：1
2020-12-23 11:53:29:740  温度分轮成功，分轮数尺度为：48
2020-12-23 11:53:29:794  轴承端盖温度特征值计算完成, 位置标记：1
2020-12-23 11:53:29:855  电机温度计算完成, 位置标记：1
2020-12-23 11:53:29:858  电机温度计算完成, 位置标记：1
2020-12-23 11:53:29:861  电机温度计算完成, 位置标记：1
2020-12-23 11:53:29:864  电机温度计算完成, 位置标记：1
2020-12-23 11:53:29:867  电机温度计算完成, 位置标记：1
2020-12-23 11:53:29:870  电机温度计算完成, 位置标记：1
2020-12-23 11:53:29:873  电机温度计算完成, 位置标记：1
2020-12-23 11:53:29:875  电机温度计算完成, 位置标记：1
2020-12-23 11:53:29:877  车速为：36.8984位置标记为：1
2020-12-23 11:53:29:899  振动分轮计算完成, 位置标记：1
2020-12-23 11:53:30:161  振动特征值计算完成, 位置标记：1
2020-12-23 11:53:30:213  磁钢信号预处理完成，位置标记：0
2020-12-23 11:53:30:226  温度分轮成功，分轮数尺度为：48
2020-12-23 11:53:30:289  轴承端盖温度特征值计算完成, 位置标记：0
2020-12-23 11:53:30:349  电机温度计算完成, 位置标记：0
2020-12-23 11:53:30:352  电机温度计算完成, 位置标记：0
2020-12-23 11:53:30:356  电机温度计算完成, 位置标记：0
2020-12-23 11:53:30:359  电机温度计算完成, 位置标记：0
2020-12-23 11:53:30:361  电机温度计算完成, 位置标记：0
2020-12-23 11:53:30:364  电机温度计算完成, 位置标记：0
2020-12-23 11:53:30:367  电机温度计算完成, 位置标记：0
2020-12-23 11:53:30:369  电机温度计算完成, 位置标记：0
2020-12-23 11:53:30:371  车速为：36.8984位置标记为：0
2020-12-23 11:53:30:394  振动分轮计算完成, 位置标记：0
2020-12-23 11:53:30:673  振动特征值计算完成, 位置标记：0
