2020-12-12 15:06:56:202  磁钢信号预处理完成，位置标记：1
2020-12-12 15:06:56:218  温度分轮成功，分轮数尺度为：48
2020-12-12 15:06:56:280  轴承端盖温度特征值计算完成, 位置标记：1
2020-12-12 15:06:56:343  电机温度计算完成, 位置标记：1
2020-12-12 15:06:56:343  电机温度计算完成, 位置标记：1
2020-12-12 15:06:56:358  电机温度计算完成, 位置标记：1
2020-12-12 15:06:56:358  电机温度计算完成, 位置标记：1
2020-12-12 15:06:56:358  电机温度计算完成, 位置标记：1
2020-12-12 15:06:56:358  电机温度计算完成, 位置标记：1
2020-12-12 15:06:56:358  电机温度计算完成, 位置标记：1
2020-12-12 15:06:56:374  电机温度计算完成, 位置标记：1
2020-12-12 15:06:56:374  车速为：36.621位置标记为：1
2020-12-12 15:06:56:390  振动分轮计算完成, 位置标记：1
2020-12-12 15:06:56:687  振动特征值计算完成, 位置标记：1
2020-12-12 15:06:56:733  磁钢信号预处理完成，位置标记：0
2020-12-12 15:06:56:749  温度分轮成功，分轮数尺度为：48
2020-12-12 15:06:56:812  轴承端盖温度特征值计算完成, 位置标记：0
2020-12-12 15:06:56:858  电机温度计算完成, 位置标记：0
2020-12-12 15:06:56:858  电机温度计算完成, 位置标记：0
2020-12-12 15:06:56:874  电机温度计算完成, 位置标记：0
2020-12-12 15:06:56:874  电机温度计算完成, 位置标记：0
2020-12-12 15:06:56:874  电机温度计算完成, 位置标记：0
2020-12-12 15:06:56:874  电机温度计算完成, 位置标记：0
2020-12-12 15:06:56:874  电机温度计算完成, 位置标记：0
2020-12-12 15:06:56:874  电机温度计算完成, 位置标记：0
2020-12-12 15:06:56:890  车速为：36.621位置标记为：0
2020-12-12 15:06:56:905  振动分轮计算完成, 位置标记：0
2020-12-12 15:06:57:124  振动特征值计算完成, 位置标记：0
2020-12-12 15:17:04:920  磁钢信号预处理完成，位置标记：1
2020-12-12 15:17:04:936  温度分轮成功，分轮数尺度为：48
2020-12-12 15:17:04:998  轴承端盖温度特征值计算完成, 位置标记：1
2020-12-12 15:17:05:061  电机温度计算完成, 位置标记：1
2020-12-12 15:17:05:061  电机温度计算完成, 位置标记：1
2020-12-12 15:17:05:061  电机温度计算完成, 位置标记：1
2020-12-12 15:17:05:061  电机温度计算完成, 位置标记：1
2020-12-12 15:17:05:061  电机温度计算完成, 位置标记：1
2020-12-12 15:17:05:076  电机温度计算完成, 位置标记：1
2020-12-12 15:17:05:076  电机温度计算完成, 位置标记：1
2020-12-12 15:17:05:076  电机温度计算完成, 位置标记：1
2020-12-12 15:17:05:076  车速为：36.6534位置标记为：1
2020-12-12 15:17:05:092  振动分轮计算完成, 位置标记：1
2020-12-12 15:17:05:326  振动特征值计算完成, 位置标记：1
2020-12-12 15:17:05:373  磁钢信号预处理完成，位置标记：0
2020-12-12 15:17:05:389  温度分轮成功，分轮数尺度为：48
2020-12-12 15:17:05:436  轴承端盖温度特征值计算完成, 位置标记：0
2020-12-12 15:17:05:498  电机温度计算完成, 位置标记：0
2020-12-12 15:17:05:498  电机温度计算完成, 位置标记：0
2020-12-12 15:17:05:498  电机温度计算完成, 位置标记：0
2020-12-12 15:17:05:498  电机温度计算完成, 位置标记：0
2020-12-12 15:17:05:514  电机温度计算完成, 位置标记：0
2020-12-12 15:17:05:514  电机温度计算完成, 位置标记：0
2020-12-12 15:17:05:514  电机温度计算完成, 位置标记：0
2020-12-12 15:17:05:514  电机温度计算完成, 位置标记：0
2020-12-12 15:17:05:514  车速为：36.6534位置标记为：0
2020-12-12 15:17:05:545  振动分轮计算完成, 位置标记：0
2020-12-12 15:17:05:826  振动特征值计算完成, 位置标记：0
2020-12-12 15:26:55:923  磁钢信号预处理完成，位置标记：1
2020-12-12 15:26:55:938  温度分轮成功，分轮数尺度为：48
2020-12-12 15:26:56:001  轴承端盖温度特征值计算完成, 位置标记：1
2020-12-12 15:26:56:063  电机温度计算完成, 位置标记：1
2020-12-12 15:26:56:079  电机温度计算完成, 位置标记：1
2020-12-12 15:26:56:079  电机温度计算完成, 位置标记：1
2020-12-12 15:26:56:079  电机温度计算完成, 位置标记：1
2020-12-12 15:26:56:079  电机温度计算完成, 位置标记：1
2020-12-12 15:26:56:079  电机温度计算完成, 位置标记：1
2020-12-12 15:26:56:095  电机温度计算完成, 位置标记：1
2020-12-12 15:26:56:095  电机温度计算完成, 位置标记：1
2020-12-12 15:26:56:095  车速为：36.6372位置标记为：1
2020-12-12 15:26:56:110  振动分轮计算完成, 位置标记：1
2020-12-12 15:26:56:407  振动特征值计算完成, 位置标记：1
2020-12-12 15:26:56:454  磁钢信号预处理完成，位置标记：0
2020-12-12 15:26:56:470  温度分轮成功，分轮数尺度为：48
2020-12-12 15:26:56:532  轴承端盖温度特征值计算完成, 位置标记：0
2020-12-12 15:26:56:595  电机温度计算完成, 位置标记：0
2020-12-12 15:26:56:610  电机温度计算完成, 位置标记：0
2020-12-12 15:26:56:610  电机温度计算完成, 位置标记：0
2020-12-12 15:26:56:610  电机温度计算完成, 位置标记：0
2020-12-12 15:26:56:610  电机温度计算完成, 位置标记：0
2020-12-12 15:26:56:610  电机温度计算完成, 位置标记：0
2020-12-12 15:26:56:610  电机温度计算完成, 位置标记：0
2020-12-12 15:26:56:626  电机温度计算完成, 位置标记：0
2020-12-12 15:26:56:626  车速为：36.6372位置标记为：0
2020-12-12 15:26:56:642  振动分轮计算完成, 位置标记：0
2020-12-12 15:26:56:907  振动特征值计算完成, 位置标记：0
2020-12-12 15:36:51:803  磁钢信号预处理完成，位置标记：1
2020-12-12 15:36:51:818  温度分轮成功，分轮数尺度为：48
2020-12-12 15:36:51:881  轴承端盖温度特征值计算完成, 位置标记：1
2020-12-12 15:36:51:943  电机温度计算完成, 位置标记：1
2020-12-12 15:36:51:959  电机温度计算完成, 位置标记：1
2020-12-12 15:36:51:959  电机温度计算完成, 位置标记：1
2020-12-12 15:36:51:959  电机温度计算完成, 位置标记：1
2020-12-12 15:36:51:959  电机温度计算完成, 位置标记：1
2020-12-12 15:36:51:959  电机温度计算完成, 位置标记：1
2020-12-12 15:36:51:959  电机温度计算完成, 位置标记：1
2020-12-12 15:36:51:974  电机温度计算完成, 位置标记：1
2020-12-12 15:36:51:974  车速为：36.524位置标记为：1
2020-12-12 15:36:51:990  振动有效标记位计算异常，位置标记为：1
2020-12-12 15:36:52:053  磁钢信号预处理完成，位置标记：0
2020-12-12 15:36:52:053  温度分轮成功，分轮数尺度为：48
2020-12-12 15:36:52:131  轴承端盖温度特征值计算完成, 位置标记：0
2020-12-12 15:36:52:193  电机温度计算完成, 位置标记：0
2020-12-12 15:36:52:193  电机温度计算完成, 位置标记：0
2020-12-12 15:36:52:193  电机温度计算完成, 位置标记：0
2020-12-12 15:36:52:193  电机温度计算完成, 位置标记：0
2020-12-12 15:36:52:209  电机温度计算完成, 位置标记：0
2020-12-12 15:36:52:209  电机温度计算完成, 位置标记：0
2020-12-12 15:36:52:209  电机温度计算完成, 位置标记：0
2020-12-12 15:36:52:209  电机温度计算完成, 位置标记：0
2020-12-12 15:36:52:209  车速为：36.524位置标记为：0
2020-12-12 15:36:52:224  振动有效标记位计算异常，位置标记为：0
2020-12-12 15:46:51:134  磁钢信号预处理完成，位置标记：1
2020-12-12 15:46:51:150  温度分轮成功，分轮数尺度为：48
2020-12-12 15:46:51:213  轴承端盖温度特征值计算完成, 位置标记：1
2020-12-12 15:46:51:275  电机温度计算完成, 位置标记：1
2020-12-12 15:46:51:275  电机温度计算完成, 位置标记：1
2020-12-12 15:46:51:291  电机温度计算完成, 位置标记：1
2020-12-12 15:46:51:291  电机温度计算完成, 位置标记：1
2020-12-12 15:46:51:291  电机温度计算完成, 位置标记：1
2020-12-12 15:46:51:291  电机温度计算完成, 位置标记：1
2020-12-12 15:46:51:291  电机温度计算完成, 位置标记：1
2020-12-12 15:46:51:291  电机温度计算完成, 位置标记：1
2020-12-12 15:46:51:306  车速为：36.7347位置标记为：1
2020-12-12 15:46:51:322  振动分轮计算完成, 位置标记：1
2020-12-12 15:46:51:603  振动特征值计算完成, 位置标记：1
2020-12-12 15:46:51:666  磁钢信号预处理完成，位置标记：0
2020-12-12 15:46:51:681  温度分轮成功，分轮数尺度为：48
2020-12-12 15:46:51:744  轴承端盖温度特征值计算完成, 位置标记：0
2020-12-12 15:46:51:806  电机温度计算完成, 位置标记：0
2020-12-12 15:46:51:806  电机温度计算完成, 位置标记：0
2020-12-12 15:46:51:806  电机温度计算完成, 位置标记：0
2020-12-12 15:46:51:806  电机温度计算完成, 位置标记：0
2020-12-12 15:46:51:822  电机温度计算完成, 位置标记：0
2020-12-12 15:46:51:822  电机温度计算完成, 位置标记：0
2020-12-12 15:46:51:822  电机温度计算完成, 位置标记：0
2020-12-12 15:46:51:822  电机温度计算完成, 位置标记：0
2020-12-12 15:46:51:822  车速为：36.7347位置标记为：0
2020-12-12 15:46:51:853  振动分轮计算完成, 位置标记：0
2020-12-12 15:46:52:134  振动特征值计算完成, 位置标记：0
2020-12-12 15:56:54:169  磁钢信号预处理完成，位置标记：1
2020-12-12 15:56:54:185  温度分轮成功，分轮数尺度为：48
2020-12-12 15:56:54:247  轴承端盖温度特征值计算完成, 位置标记：1
2020-12-12 15:56:54:310  电机温度计算完成, 位置标记：1
2020-12-12 15:56:54:310  电机温度计算完成, 位置标记：1
2020-12-12 15:56:54:326  电机温度计算完成, 位置标记：1
2020-12-12 15:56:54:326  电机温度计算完成, 位置标记：1
2020-12-12 15:56:54:326  电机温度计算完成, 位置标记：1
2020-12-12 15:56:54:326  电机温度计算完成, 位置标记：1
2020-12-12 15:56:54:326  电机温度计算完成, 位置标记：1
2020-12-12 15:56:54:326  电机温度计算完成, 位置标记：1
2020-12-12 15:56:54:341  车速为：36.7184位置标记为：1
2020-12-12 15:56:54:357  振动分轮计算完成, 位置标记：1
2020-12-12 15:56:54:622  振动特征值计算完成, 位置标记：1
2020-12-12 15:56:54:685  磁钢信号预处理完成，位置标记：0
2020-12-12 15:56:54:685  温度分轮成功，分轮数尺度为：48
2020-12-12 15:56:54:763  轴承端盖温度特征值计算完成, 位置标记：0
2020-12-12 15:56:54:826  电机温度计算完成, 位置标记：0
2020-12-12 15:56:54:826  电机温度计算完成, 位置标记：0
2020-12-12 15:56:54:826  电机温度计算完成, 位置标记：0
2020-12-12 15:56:54:826  电机温度计算完成, 位置标记：0
2020-12-12 15:56:54:826  电机温度计算完成, 位置标记：0
2020-12-12 15:56:54:841  电机温度计算完成, 位置标记：0
2020-12-12 15:56:54:841  电机温度计算完成, 位置标记：0
2020-12-12 15:56:54:841  电机温度计算完成, 位置标记：0
2020-12-12 15:56:54:841  车速为：36.7184位置标记为：0
2020-12-12 15:56:54:857  振动分轮计算完成, 位置标记：0
2020-12-12 15:56:55:154  振动特征值计算完成, 位置标记：0
