2020-12-19 23:05:31:346  磁钢信号预处理完成，位置标记：1
2020-12-19 23:05:31:356  温度分轮成功，分轮数尺度为：48
2020-12-19 23:05:31:367  轴承端盖温度特征值计算完成, 位置标记：1
2020-12-19 23:05:31:375  电机温度计算完成, 位置标记：1
2020-12-19 23:05:31:379  电机温度计算完成, 位置标记：1
2020-12-19 23:05:31:382  电机温度计算完成, 位置标记：1
2020-12-19 23:05:31:385  电机温度计算完成, 位置标记：1
2020-12-19 23:05:31:388  电机温度计算完成, 位置标记：1
2020-12-19 23:05:31:391  电机温度计算完成, 位置标记：1
2020-12-19 23:05:31:394  电机温度计算完成, 位置标记：1
2020-12-19 23:05:31:399  电机温度计算完成, 位置标记：1
2020-12-19 23:05:31:401  车速为：79.0076位置标记为：1
2020-12-19 23:05:31:421  振动分轮计算完成, 位置标记：1
2020-12-19 23:05:31:764  振动特征值计算完成, 位置标记：1
2020-12-19 23:05:31:810  磁钢信号预处理完成，位置标记：0
2020-12-19 23:05:31:822  温度分轮成功，分轮数尺度为：48
2020-12-19 23:05:31:835  轴承端盖温度特征值计算完成, 位置标记：0
2020-12-19 23:05:31:842  电机温度计算完成, 位置标记：0
2020-12-19 23:05:31:845  电机温度计算完成, 位置标记：0
2020-12-19 23:05:31:849  电机温度计算完成, 位置标记：0
2020-12-19 23:05:31:852  电机温度计算完成, 位置标记：0
2020-12-19 23:05:31:855  电机温度计算完成, 位置标记：0
2020-12-19 23:05:31:859  电机温度计算完成, 位置标记：0
2020-12-19 23:05:31:862  电机温度计算完成, 位置标记：0
2020-12-19 23:05:31:866  电机温度计算完成, 位置标记：0
2020-12-19 23:05:31:866  车速为：79.0076位置标记为：0
2020-12-19 23:05:31:887  振动分轮计算完成, 位置标记：0
2020-12-19 23:05:32:193  振动特征值计算完成, 位置标记：0
2020-12-19 23:17:27:712  磁钢信号预处理完成，位置标记：1
2020-12-19 23:17:27:723  温度分轮成功，分轮数尺度为：48
2020-12-19 23:17:27:736  轴承端盖温度特征值计算完成, 位置标记：1
2020-12-19 23:17:27:745  电机温度计算完成, 位置标记：1
2020-12-19 23:17:27:749  电机温度计算完成, 位置标记：1
2020-12-19 23:17:27:752  电机温度计算完成, 位置标记：1
2020-12-19 23:17:27:756  电机温度计算完成, 位置标记：1
2020-12-19 23:17:27:759  电机温度计算完成, 位置标记：1
2020-12-19 23:17:27:763  电机温度计算完成, 位置标记：1
2020-12-19 23:17:27:766  电机温度计算完成, 位置标记：1
2020-12-19 23:17:27:770  电机温度计算完成, 位置标记：1
2020-12-19 23:17:27:771  车速为：79.0076位置标记为：1
2020-12-19 23:17:27:791  振动分轮计算完成, 位置标记：1
2020-12-19 23:17:28:129  振动特征值计算完成, 位置标记：1
2020-12-19 23:17:28:176  磁钢信号预处理完成，位置标记：0
2020-12-19 23:17:28:187  温度分轮成功，分轮数尺度为：48
2020-12-19 23:17:28:201  轴承端盖温度特征值计算完成, 位置标记：0
2020-12-19 23:17:28:209  电机温度计算完成, 位置标记：0
2020-12-19 23:17:28:213  电机温度计算完成, 位置标记：0
2020-12-19 23:17:28:216  电机温度计算完成, 位置标记：0
2020-12-19 23:17:28:220  电机温度计算完成, 位置标记：0
2020-12-19 23:17:28:223  电机温度计算完成, 位置标记：0
2020-12-19 23:17:28:227  电机温度计算完成, 位置标记：0
2020-12-19 23:17:28:230  电机温度计算完成, 位置标记：0
2020-12-19 23:17:28:234  电机温度计算完成, 位置标记：0
2020-12-19 23:17:28:235  车速为：79.0076位置标记为：0
2020-12-19 23:17:28:255  振动分轮计算完成, 位置标记：0
2020-12-19 23:17:28:581  振动特征值计算完成, 位置标记：0
