2020-12-24 19:19:22:227  磁钢信号预处理完成，位置标记：1
2020-12-24 19:19:22:247  温度分轮成功，分轮数尺度为：48
2020-12-24 19:19:22:266  轴承端盖温度特征值计算完成, 位置标记：1
2020-12-24 19:19:22:284  电机温度计算完成, 位置标记：1
2020-12-24 19:19:22:285  电机温度计算完成, 位置标记：1
2020-12-24 19:19:22:290  电机温度计算完成, 位置标记：1
2020-12-24 19:19:22:292  电机温度计算完成, 位置标记：1
2020-12-24 19:19:22:293  电机温度计算完成, 位置标记：1
2020-12-24 19:19:22:297  电机温度计算完成, 位置标记：1
2020-12-24 19:19:22:297  电机温度计算完成, 位置标记：1
2020-12-24 19:19:22:299  电机温度计算完成, 位置标记：1
2020-12-24 19:19:22:301  车速为：43.9024位置标记为：1
2020-12-24 19:19:22:331  振动分轮计算完成, 位置标记：1
2020-12-24 19:19:22:486  振动特征值计算完成, 位置标记：1
2020-12-24 19:19:22:548  磁钢信号预处理完成，位置标记：0
2020-12-24 19:19:22:562  温度分轮成功，分轮数尺度为：48
2020-12-24 19:19:22:576  轴承端盖温度特征值计算完成, 位置标记：0
2020-12-24 19:19:22:588  电机温度计算完成, 位置标记：0
2020-12-24 19:19:22:590  电机温度计算完成, 位置标记：0
2020-12-24 19:19:22:590  电机温度计算完成, 位置标记：0
2020-12-24 19:19:22:594  电机温度计算完成, 位置标记：0
2020-12-24 19:19:22:596  电机温度计算完成, 位置标记：0
2020-12-24 19:19:22:598  电机温度计算完成, 位置标记：0
2020-12-24 19:19:22:600  电机温度计算完成, 位置标记：0
2020-12-24 19:19:22:602  电机温度计算完成, 位置标记：0
2020-12-24 19:19:22:604  车速为：43.9024位置标记为：0
2020-12-24 19:19:22:632  振动分轮计算完成, 位置标记：0
2020-12-24 19:19:22:806  振动特征值计算完成, 位置标记：0
2020-12-24 19:39:24:144  磁钢信号预处理完成，位置标记：1
2020-12-24 19:39:24:166  温度分轮成功，分轮数尺度为：48
2020-12-24 19:39:24:184  轴承端盖温度特征值计算完成, 位置标记：1
2020-12-24 19:39:24:198  电机温度计算完成, 位置标记：1
2020-12-24 19:39:24:202  电机温度计算完成, 位置标记：1
2020-12-24 19:39:24:204  电机温度计算完成, 位置标记：1
2020-12-24 19:39:24:206  电机温度计算完成, 位置标记：1
2020-12-24 19:39:24:208  电机温度计算完成, 位置标记：1
2020-12-24 19:39:24:212  电机温度计算完成, 位置标记：1
2020-12-24 19:39:24:214  电机温度计算完成, 位置标记：1
2020-12-24 19:39:24:216  电机温度计算完成, 位置标记：1
2020-12-24 19:39:24:218  车速为：43.9957位置标记为：1
2020-12-24 19:39:24:254  振动分轮计算完成, 位置标记：1
2020-12-24 19:39:24:456  振动特征值计算完成, 位置标记：1
2020-12-24 19:39:24:532  磁钢信号预处理完成，位置标记：0
2020-12-24 19:39:24:550  温度分轮成功，分轮数尺度为：48
2020-12-24 19:39:24:566  轴承端盖温度特征值计算完成, 位置标记：0
2020-12-24 19:39:24:582  电机温度计算完成, 位置标记：0
2020-12-24 19:39:24:584  电机温度计算完成, 位置标记：0
2020-12-24 19:39:24:586  电机温度计算完成, 位置标记：0
2020-12-24 19:39:24:588  电机温度计算完成, 位置标记：0
2020-12-24 19:39:24:590  电机温度计算完成, 位置标记：0
2020-12-24 19:39:24:594  电机温度计算完成, 位置标记：0
2020-12-24 19:39:24:596  电机温度计算完成, 位置标记：0
2020-12-24 19:39:24:598  电机温度计算完成, 位置标记：0
2020-12-24 19:39:24:598  车速为：43.9957位置标记为：0
2020-12-24 19:39:24:636  振动分轮计算完成, 位置标记：0
2020-12-24 19:39:24:840  振动特征值计算完成, 位置标记：0
2020-12-24 19:45:55:782  磁钢信号预处理完成，位置标记：1
2020-12-24 19:45:55:800  温度分轮成功，分轮数尺度为：48
2020-12-24 19:45:55:818  轴承端盖温度特征值计算完成, 位置标记：1
2020-12-24 19:45:55:834  电机温度计算完成, 位置标记：1
2020-12-24 19:45:55:838  电机温度计算完成, 位置标记：1
2020-12-24 19:45:55:840  电机温度计算完成, 位置标记：1
2020-12-24 19:45:55:842  电机温度计算完成, 位置标记：1
2020-12-24 19:45:55:844  电机温度计算完成, 位置标记：1
2020-12-24 19:45:55:846  电机温度计算完成, 位置标记：1
2020-12-24 19:45:55:850  电机温度计算完成, 位置标记：1
2020-12-24 19:45:55:852  电机温度计算完成, 位置标记：1
2020-12-24 19:45:55:852  车速为：43.9257位置标记为：1
2020-12-24 19:45:55:890  振动分轮计算完成, 位置标记：1
2020-12-24 19:45:56:092  振动特征值计算完成, 位置标记：1
2020-12-24 19:45:56:172  磁钢信号预处理完成，位置标记：0
2020-12-24 19:45:56:192  温度分轮成功，分轮数尺度为：48
2020-12-24 19:45:56:210  轴承端盖温度特征值计算完成, 位置标记：0
2020-12-24 19:45:56:228  电机温度计算完成, 位置标记：0
2020-12-24 19:45:56:230  电机温度计算完成, 位置标记：0
2020-12-24 19:45:56:234  电机温度计算完成, 位置标记：0
2020-12-24 19:45:56:236  电机温度计算完成, 位置标记：0
2020-12-24 19:45:56:238  电机温度计算完成, 位置标记：0
2020-12-24 19:45:56:240  电机温度计算完成, 位置标记：0
2020-12-24 19:45:56:244  电机温度计算完成, 位置标记：0
2020-12-24 19:45:56:246  电机温度计算完成, 位置标记：0
2020-12-24 19:45:56:248  车速为：43.9257位置标记为：0
2020-12-24 19:45:56:284  振动分轮计算完成, 位置标记：0
2020-12-24 19:45:56:489  振动特征值计算完成, 位置标记：0
